2020-11-24 14:14:07,097 - beans
2020-11-24 14:14:07,098 - Ignoring file: testVariablesParkerReferenceVnV.json
2020-11-24 14:14:07,098 - Ignoring file: testVariablesParkerVnV.json
2020-11-24 14:14:07,098 - Running application application_simulation_SSO-CHB, with json testVariablesParkerReferenceVnV.json
2020-11-24 14:15:00,349 - ===============Loading Variables From File==================
===============Prepping Sim==================
 -- Loading spice kernels -- 
 -- Creating environment class -- 
B0 for year 2001.3 : 6.97219
 -- Creating Config class -- 
 -- Creating Guidance class -- 
 -- Creating Propbodies class -- 
Using bodies: 
Sun
MEMEMEM: -1
 -- Creating Propsettings class -- 
INITIAL EPHEMERIS YEAR: 1977
INITIAL EPHEMERIS TIME: -7.25825e+08
====================Propagating==========================
Dependent variables being saved, output vectors contain: 
Vector entry, Vector contents
0, Kepler elements of Vehicle w.r.t. Sun
6, Relative distance of Vehicle w.r.t. Sun
7, Single acceleration in inertial frame of type cannonball radiation pressure , acting on Vehicle, exerted by Sun
====================Saving Data==========================
Saving propData
Saving magneticFieldData
Saving ionosphericData
Saving thrustData
Saving currentData
Saving bodyData
Saving dependentVariableData

2020-11-24 14:15:00,349 - Running application application_simulation_SSO-CHB, with json testVariablesParkerVnV.json
2020-11-24 14:15:52,776 - ===============Loading Variables From File==================
===============Prepping Sim==================
 -- Loading spice kernels -- 
 -- Creating environment class -- 
B0 for year 2001.3 : 6.97219
 -- Creating Config class -- 
 -- Creating Guidance class -- 
 -- Creating Propbodies class -- 
Using bodies: 
Sun
MEMEMEM: -1
 -- Creating Propsettings class -- 
INITIAL EPHEMERIS YEAR: 1977
INITIAL EPHEMERIS TIME: -7.25825e+08
====================Propagating==========================
Dependent variables being saved, output vectors contain: 
Vector entry, Vector contents
0, Kepler elements of Vehicle w.r.t. Sun
6, Relative distance of Vehicle w.r.t. Sun
7, Single acceleration in inertial frame of type cannonball radiation pressure , acting on Vehicle, exerted by Sun
====================Saving Data==========================
Saving propData
Saving magneticFieldData
Saving ionosphericData
Saving thrustData
Saving currentData
Saving bodyData
Saving dependentVariableData

