2020-11-24 14:39:56,635 - Ignoring file: testVariablesParkerReferenceVnV.json
2020-11-24 14:39:56,635 - Ignoring file: testVariablesParkerVnV.json
2020-11-24 14:39:56,635 - 

Running application application_simulation_SSO-CHB, with json testVariablesSRPNominalVnV.json

2020-11-24 14:39:56,640 - ===============Loading Variables From File==================
2020-11-24 14:39:56,640 - ===============Prepping Sim==================
2020-11-24 14:39:56,640 -  -- Loading spice kernels -- 
2020-11-24 14:39:56,662 -  -- Creating environment class -- 
2020-11-24 14:39:56,662 - B0 for year 2001.3 : 6.97219
2020-11-24 14:39:56,662 -  -- Creating Config class -- 
2020-11-24 14:39:56,662 -  -- Creating Guidance class -- 
2020-11-24 14:39:56,662 -  -- Creating Propbodies class -- 
2020-11-24 14:39:56,662 - Using bodies: 
2020-11-24 14:39:56,662 - Sun
2020-11-24 14:39:56,662 - MEMEMEM: -1
2020-11-24 14:39:56,662 - Effective SRP radiation coefficient of vehicle: 0.5
2020-11-24 14:39:56,662 - Effective SRP reference area of vehicle       : 2.4
2020-11-24 14:39:56,662 -  -- Creating Propsettings class -- 
2020-11-24 14:39:56,662 - INITIAL EPHEMERIS YEAR: 1977
2020-11-24 14:39:56,662 - INITIAL EPHEMERIS TIME: -7.25825e+08
2020-11-24 14:39:56,662 - ====================Propagating==========================
2020-11-24 14:39:56,662 - Dependent variables being saved, output vectors contain: 
2020-11-24 14:39:56,662 - Vector entry, Vector contents
2020-11-24 14:39:56,662 - 0, Kepler elements of Vehicle w.r.t. Sun
2020-11-24 14:39:56,662 - 6, Relative distance of Vehicle w.r.t. Sun
2020-11-24 14:39:56,662 - 7, Single acceleration in inertial frame of type cannonball radiation pressure , acting on Vehicle, exerted by Sun
2020-11-24 14:40:05,089 - ====================Saving Data==========================
2020-11-24 14:40:05,103 - Saving propData
2020-11-24 14:40:05,367 - Ignoring magneticFieldData
2020-11-24 14:40:05,368 - Ignoring ionosphericData
2020-11-24 14:40:05,368 - Ignoring thrustData
2020-11-24 14:40:05,368 - Ignoring currentData
2020-11-24 14:40:05,368 - Saving bodyData
2020-11-24 14:40:09,352 - Saving dependentVariableData
2020-11-24 14:40:10,265 - 

Running application application_simulation_SSO-CHB, with json testVariablesSRPZeroAreaVnV.json

2020-11-24 14:40:10,269 - ===============Loading Variables From File==================
2020-11-24 14:40:10,269 - ===============Prepping Sim==================
2020-11-24 14:40:10,270 -  -- Loading spice kernels -- 
2020-11-24 14:40:10,291 -  -- Creating environment class -- 
2020-11-24 14:40:10,291 - B0 for year 2001.3 : 6.97219
2020-11-24 14:40:10,291 -  -- Creating Config class -- 
2020-11-24 14:40:10,291 -  -- Creating Guidance class -- 
2020-11-24 14:40:10,291 -  -- Creating Propbodies class -- 
2020-11-24 14:40:10,292 - Using bodies: 
2020-11-24 14:40:10,292 - Sun
2020-11-24 14:40:10,292 - MEMEMEM: -1
2020-11-24 14:40:10,292 - Effective SRP radiation coefficient of vehicle: 0
2020-11-24 14:40:10,292 - Effective SRP reference area of vehicle       : 1.87245e-308
2020-11-24 14:40:10,292 -  -- Creating Propsettings class -- 
2020-11-24 14:40:10,292 - INITIAL EPHEMERIS YEAR: 1977
2020-11-24 14:40:10,292 - INITIAL EPHEMERIS TIME: -7.25825e+08
2020-11-24 14:40:10,292 - ====================Propagating==========================
2020-11-24 14:40:10,292 - Dependent variables being saved, output vectors contain: 
2020-11-24 14:40:10,292 - Vector entry, Vector contents
2020-11-24 14:40:10,292 - 0, Kepler elements of Vehicle w.r.t. Sun
2020-11-24 14:40:10,292 - 6, Relative distance of Vehicle w.r.t. Sun
2020-11-24 14:40:10,292 - 7, Single acceleration in inertial frame of type cannonball radiation pressure , acting on Vehicle, exerted by Sun
2020-11-24 14:40:18,836 - ====================Saving Data==========================
2020-11-24 14:40:18,855 - Saving propData
2020-11-24 14:40:19,112 - Ignoring magneticFieldData
2020-11-24 14:40:19,112 - Ignoring ionosphericData
2020-11-24 14:40:19,112 - Ignoring thrustData
2020-11-24 14:40:19,112 - Ignoring currentData
2020-11-24 14:40:19,112 - Saving bodyData
2020-11-24 14:40:23,050 - Saving dependentVariableData
