2020-11-24 14:27:36,001 - Ignoring file: testVariablesParkerReferenceVnV.json
2020-11-24 14:27:36,002 - Ignoring file: testVariablesParkerVnV.json
2020-11-24 14:27:36,002 - 

Running application application_simulation_SSO-CHB, with json testVariablesParkerReferenceVnV.json

2020-11-24 14:27:36,006 - ===============Loading Variables From File==================
2020-11-24 14:27:36,007 - ===============Prepping Sim==================
2020-11-24 14:27:36,007 -  -- Loading spice kernels -- 
2020-11-24 14:27:36,028 -  -- Creating environment class -- 
2020-11-24 14:27:36,029 - B0 for year 2001.3 : 6.97219
2020-11-24 14:27:36,029 -  -- Creating Config class -- 
2020-11-24 14:27:36,029 -  -- Creating Guidance class -- 
2020-11-24 14:27:36,029 -  -- Creating Propbodies class -- 
2020-11-24 14:27:36,029 - Using bodies: 
2020-11-24 14:27:36,029 - Sun
2020-11-24 14:27:36,029 - MEMEMEM: -1
2020-11-24 14:27:36,029 - Effective SRP radiation coefficient of vehicle: 0.5
2020-11-24 14:27:36,029 - Effective SRP reference area of vehicle       : 2.4
2020-11-24 14:27:36,029 -  -- Creating Propsettings class -- 
2020-11-24 14:27:36,029 - INITIAL EPHEMERIS YEAR: 1977
2020-11-24 14:27:36,029 - INITIAL EPHEMERIS TIME: -7.25825e+08
2020-11-24 14:27:36,029 - ====================Propagating==========================
2020-11-24 14:27:36,029 - Dependent variables being saved, output vectors contain: 
2020-11-24 14:27:36,029 - Vector entry, Vector contents
2020-11-24 14:27:36,029 - 0, Kepler elements of Vehicle w.r.t. Sun
2020-11-24 14:27:36,029 - 6, Relative distance of Vehicle w.r.t. Sun
2020-11-24 14:27:36,029 - 7, Single acceleration in inertial frame of type cannonball radiation pressure , acting on Vehicle, exerted by Sun
