2021-06-19 16:24:33,357 - ========================================
2021-06-19 16:24:33,357 - ===== Simulation data output for VNV Type 1a =====
2021-06-19 16:24:33,357 - ========================================
2021-06-19 16:24:33,357 - ---- Input values ----
2021-06-19 16:24:33,357 - V: [-1.39090863e-09  3.00000000e+04  0.00000000e+00]
2021-06-19 16:24:33,357 - B: [4.782e-09 4.420e-09 0.000e+00]
2021-06-19 16:24:33,357 - l: [0. 0. 1.]
2021-06-19 16:24:33,357 - sigma: 48600000.0
2021-06-19 16:24:33,357 - A: 0.0004704
2021-06-19 16:24:33,357 - Ic: 0.002
2021-06-19 16:24:33,357 - L: 10.0

2021-06-19 16:24:33,358 - ---- Output values ----
2021-06-19 16:24:33,358 - Em: -0.00143460000000003
2021-06-19 16:24:33,358 - I0: -32.7970218240007
2021-06-19 16:24:33,358 - ic: -6.09811467252312e-05
2021-06-19 16:24:33,358 - lambdaA: 0.00245938139203067
2021-06-19 16:24:33,358 - iavg: 6.09770068565443e-05
2021-06-19 16:24:33,358 - Iavg: -0.00199986422463633
2021-06-19 16:24:33,358 - IavgVector: [0.         0.         0.00199986]
2021-06-19 16:24:33,358 - F: [-8.83939987e-11  9.56335072e-11  0.00000000e+00]
2021-06-19 16:24:33,358 - F magnitude: 1.30227749404228e-10
2021-06-19 16:24:33,358 - ========================================
2021-06-19 16:24:33,358 - ===== Reference data output for VNV Type 1a =====
2021-06-19 16:24:33,358 - ========================================
2021-06-19 16:24:33,358 - ---- Input values ----
2021-06-19 16:24:33,358 - V: [    0 30000     0]
2021-06-19 16:24:33,359 - B: [4.782e-09 4.420e-09 0.000e+00]
2021-06-19 16:24:33,359 - l: [0 0 1]
2021-06-19 16:24:33,359 - sigma: 48600000.0
2021-06-19 16:24:33,359 - A: 0.0004704
2021-06-19 16:24:33,359 - Ic: 0.002
2021-06-19 16:24:33,359 - L: 10

2021-06-19 16:24:33,359 - ---- Output values ----
2021-06-19 16:24:33,359 - Em: -0.0014346
2021-06-19 16:24:33,359 - I0: -32.797021824
2021-06-19 16:24:33,359 - ic: -6.0981146725232615e-05
2021-06-19 16:24:33,359 - lambdaA: 0.0024593813920307053
2021-06-19 16:24:33,359 - iavg: 6.097700685654573e-05
2021-06-19 16:24:33,359 - Iavg: -0.001999864224636328
2021-06-19 16:24:33,359 - IavgVector: [0.         0.         0.00199986]
2021-06-19 16:24:33,359 - F: [-8.83939987e-11  9.56335072e-11  0.00000000e+00]
2021-06-19 16:24:33,360 - F magnitude: 1.3022774940422847e-10
2021-06-19 16:24:33,363 - ========================================
2021-06-19 16:24:33,363 - ===== Simulation data output for VNV Type 1b =====
2021-06-19 16:24:33,363 - ========================================
2021-06-19 16:24:33,363 - ---- Input values ----
2021-06-19 16:24:33,363 - V: [-1.39090863e-09  3.00000000e+04  0.00000000e+00]
2021-06-19 16:24:33,363 - B: [4.782e-09 4.420e-09 0.000e+00]
2021-06-19 16:24:33,364 - l: [ 0.  0. -1.]
2021-06-19 16:24:33,364 - sigma: 48600000.0
2021-06-19 16:24:33,364 - A: 0.0004704
2021-06-19 16:24:33,364 - Ic: 0.002
2021-06-19 16:24:33,364 - L: 10.0

2021-06-19 16:24:33,364 - ---- Output values ----
2021-06-19 16:24:33,364 - Em: 0.00143460000000003
2021-06-19 16:24:33,364 - I0: 32.7970218240007
2021-06-19 16:24:33,364 - ic: 6.09811467252312e-05
2021-06-19 16:24:33,364 - lambdaA: 0.00245928141013131
2021-06-19 16:24:33,364 - iavg: 6.09732887659895e-05
2021-06-19 16:24:33,364 - Iavg: 0.00199974228233926
2021-06-19 16:24:33,364 - IavgVector: [ 0.          0.         -0.00199974]
2021-06-19 16:24:33,364 - F: [ 8.83886089e-11 -9.56276759e-11  0.00000000e+00]
2021-06-19 16:24:33,364 - F magnitude: 1.30219808729702e-10
2021-06-19 16:24:33,364 - ========================================
2021-06-19 16:24:33,364 - ===== Reference data output for VNV Type 1b =====
2021-06-19 16:24:33,364 - ========================================
2021-06-19 16:24:33,364 - ---- Input values ----
2021-06-19 16:24:33,365 - V: [    0 30000     0]
2021-06-19 16:24:33,365 - B: [4.782e-09 4.420e-09 0.000e+00]
2021-06-19 16:24:33,365 - l: [ 0  0 -1]
2021-06-19 16:24:33,365 - sigma: 48600000.0
2021-06-19 16:24:33,365 - A: 0.0004704
2021-06-19 16:24:33,365 - Ic: 0.002
2021-06-19 16:24:33,365 - L: 10

2021-06-19 16:24:33,365 - ---- Output values ----
2021-06-19 16:24:33,365 - Em: 0.0014346
2021-06-19 16:24:33,365 - I0: 32.797021824
2021-06-19 16:24:33,365 - ic: 6.0981146725232615e-05
2021-06-19 16:24:33,365 - lambdaA: 0.002459281410131345
2021-06-19 16:24:33,365 - iavg: 6.09732887659909e-05
2021-06-19 16:24:33,365 - Iavg: 0.0019997422823392575
2021-06-19 16:24:33,365 - IavgVector: [ 0.          0.         -0.00199974]
2021-06-19 16:24:33,366 - F: [ 8.83886089e-11 -9.56276759e-11  0.00000000e+00]
2021-06-19 16:24:33,366 - F magnitude: 1.3021980872970217e-10
2021-06-19 16:24:33,369 - ========================================
2021-06-19 16:24:33,369 - ===== Simulation data output for VNV Type 2a =====
2021-06-19 16:24:33,369 - ========================================
2021-06-19 16:24:33,369 - ---- Input values ----
2021-06-19 16:24:33,369 - V: [-3180. 16020. 18690.]
2021-06-19 16:24:33,369 - B: [ 1.413e-09 -1.126e-09 -5.215e-09]
2021-06-19 16:24:33,369 - l: [ 0.176  0.875 -0.45 ]
2021-06-19 16:24:33,370 - sigma: 59520000.0
2021-06-19 16:24:33,370 - A: 0.005
2021-06-19 16:24:33,370 - Ic: 0.0372
2021-06-19 16:24:33,370 - L: 531.0

2021-06-19 16:24:33,370 - ---- Output values ----
2021-06-19 16:24:33,370 - Em: 0.00327745672658802
2021-06-19 16:24:33,370 - I0: 975.371121832595
2021-06-19 16:24:33,370 - ic: 3.81393288844825e-05
2021-06-19 16:24:33,370 - lambdaA: 0.00179858033347858
2021-06-19 16:24:33,370 - iavg: 3.8138549907707e-05
2021-06-19 16:24:33,370 - Iavg: 0.0371992402085486
2021-06-19 16:24:33,370 - IavgVector: [ 0.00654707  0.03254934 -0.01673966]
2021-06-19 16:24:33,370 - F: [-1.00143222e-07  5.57009110e-09 -2.83363940e-08]
2021-06-19 16:24:33,370 - F magnitude: 1.04223999200548e-07
2021-06-19 16:24:33,370 - ========================================
2021-06-19 16:24:33,370 - ===== Reference data output for VNV Type 2a =====
2021-06-19 16:24:33,370 - ========================================
2021-06-19 16:24:33,370 - ---- Input values ----
2021-06-19 16:24:33,371 - V: [-3180 16020 18690]
2021-06-19 16:24:33,371 - B: [ 1.413e-09 -1.126e-09 -5.215e-09]
2021-06-19 16:24:33,371 - l: [ 0.176  0.875 -0.45 ]
2021-06-19 16:24:33,371 - sigma: 59520000.0
2021-06-19 16:24:33,371 - A: 0.005
2021-06-19 16:24:33,371 - Ic: 0.0372
2021-06-19 16:24:33,371 - L: 531

2021-06-19 16:24:33,371 - ---- Output values ----
2021-06-19 16:24:33,371 - Em: 0.0032774567265900045
2021-06-19 16:24:33,371 - I0: 975.3711218331854
2021-06-19 16:24:33,371 - ic: 3.813932888445942e-05
2021-06-19 16:24:33,371 - lambdaA: 0.0017985803334778577
2021-06-19 16:24:33,371 - iavg: 3.8138549907684004e-05
2021-06-19 16:24:33,371 - Iavg: 0.03719924020854867
2021-06-19 16:24:33,371 - IavgVector: [ 0.00654707  0.03254934 -0.01673966]
2021-06-19 16:24:33,372 - F: [-1.00143222e-07  5.57009110e-09 -2.83363940e-08]
2021-06-19 16:24:33,372 - F magnitude: 1.0422399920054806e-07
2021-06-19 16:24:33,372 - ========== whaaaaaaa =================

2021-06-19 16:24:33,372 - ========================================
2021-06-19 16:24:33,372 - ===== Reference data output for VNV Type  =====
2021-06-19 16:24:33,372 - ========================================
2021-06-19 16:24:33,372 - ---- Input values ----
2021-06-19 16:24:33,373 - V: [   0 7350    0]
2021-06-19 16:24:33,373 - B: [ 0.00e+00  0.00e+00 -1.75e-05]
2021-06-19 16:24:33,373 - l: [13100 -2100 24300]
2021-06-19 16:24:33,373 - sigma: 34014000.0
2021-06-19 16:24:33,373 - A: 1.9635e-07
2021-06-19 16:24:33,373 - Ic: 0.015
2021-06-19 16:24:33,373 - L: 500

2021-06-19 16:24:33,373 - ---- Output values ----
2021-06-19 16:24:33,373 - Em: -842493.75
2021-06-19 16:24:33,373 - I0: -5626719.956694375
2021-06-19 16:24:33,373 - ic: -2.6658515290340316e-09
2021-06-19 16:24:33,373 - lambdaA: 3.0519492180529226e-06
2021-06-19 16:24:33,373 - iavg: 2.665851526078582e-09
2021-06-19 16:24:33,373 - Iavg: -0.01499999998337051
2021-06-19 16:24:33,374 - IavgVector: [196.49999978 -31.49999997 364.4999996 ]
2021-06-19 16:24:33,374 - F: [0.275625 1.719375 0.      ]
2021-06-19 16:24:33,374 - F magnitude: 1.741326943605584
