2021-02-12 06:05:10,701 - ========================================
2021-02-12 06:05:10,701 - ===== Simulation data output for VNV Type 1a =====
2021-02-12 06:05:10,701 - ========================================
2021-02-12 06:05:10,701 - ---- Input values ----
2021-02-12 06:05:10,701 - V: [-5.92978276e-23  3.00000000e+04 -5.58744018e-29]
2021-02-12 06:05:10,701 - B: [4.782e-09 4.420e-09 0.000e+00]
2021-02-12 06:05:10,702 - l: [0. 0. 1.]
2021-02-12 06:05:10,702 - sigma: 48600000.0
2021-02-12 06:05:10,702 - A: 0.0004704
2021-02-12 06:05:10,702 - Ic: 0.002
2021-02-12 06:05:10,702 - L: 10.0

2021-02-12 06:05:10,702 - ---- Output values ----
2021-02-12 06:05:10,702 - Em: -0.00014346
2021-02-12 06:05:10,702 - I0: -3.2797021824
2021-02-12 06:05:10,702 - ic: -0.000609811467252326
2021-02-12 06:05:10,702 - lambdaA: 0.0114175254270282
2021-02-12 06:05:10,702 - iavg: 0.000609718815831091
2021-02-12 06:05:10,702 - Iavg: -0.00199969613093157
2021-02-12 06:05:10,702 - IavgVector: [-0.        -0.        -0.0019997]
2021-02-12 06:05:10,703 - F: [ 8.8386569e-12 -9.5625469e-12  0.0000000e+00]
2021-02-12 06:05:10,703 - F magnitude: 1.30216803428702e-11
2021-02-12 06:05:10,703 - ========================================
2021-02-12 06:05:10,703 - ===== Reference data output for VNV Type 1a =====
2021-02-12 06:05:10,703 - ========================================
2021-02-12 06:05:10,703 - ---- Input values ----
2021-02-12 06:05:10,703 - V: [    0 30000     0]
2021-02-12 06:05:10,703 - B: [4.782e-09 4.420e-09 0.000e+00]
2021-02-12 06:05:10,703 - l: [0 0 1]
2021-02-12 06:05:10,704 - sigma: 48600000.0
2021-02-12 06:05:10,704 - A: 0.0004704
2021-02-12 06:05:10,704 - Ic: 0.002
2021-02-12 06:05:10,704 - L: 10

2021-02-12 06:05:10,704 - ---- Output values ----
2021-02-12 06:05:10,704 - Em: -0.00014346
2021-02-12 06:05:10,704 - I0: -3.2797021824000003
2021-02-12 06:05:10,704 - ic: -0.0006098114672523261
2021-02-12 06:05:10,704 - lambdaA: 0.011417525427028206
2021-02-12 06:05:10,704 - iavg: 0.0006097188158310912
2021-02-12 06:05:10,704 - Iavg: -0.0019996961309315738
2021-02-12 06:05:10,704 - IavgVector: [-0.        -0.        -0.0019997]
2021-02-12 06:05:10,704 - F: [ 8.8386569e-12 -9.5625469e-12  0.0000000e+00]
2021-02-12 06:05:10,705 - F magnitude: 1.3021680342870199e-11
2021-02-12 06:05:10,721 - ========================================
2021-02-12 06:05:10,721 - ===== Simulation data output for VNV Type 1b =====
2021-02-12 06:05:10,721 - ========================================
2021-02-12 06:05:10,721 - ---- Input values ----
2021-02-12 06:05:10,722 - V: [-5.92978276e-23  3.00000000e+04 -5.58744018e-29]
2021-02-12 06:05:10,722 - B: [4.782e-09 4.420e-09 0.000e+00]
2021-02-12 06:05:10,722 - l: [0. 0. 1.]
2021-02-12 06:05:10,722 - sigma: 48600000.0
2021-02-12 06:05:10,722 - A: 0.0004704
2021-02-12 06:05:10,722 - Ic: 0.002
2021-02-12 06:05:10,722 - L: 10.0

2021-02-12 06:05:10,722 - ---- Output values ----
2021-02-12 06:05:10,722 - Em: -0.00014346
2021-02-12 06:05:10,723 - I0: -3.2797021824
2021-02-12 06:05:10,723 - ic: -0.000609811467252326
2021-02-12 06:05:10,723 - lambdaA: 0.0114175254270282
2021-02-12 06:05:10,723 - iavg: 0.000609718815831091
2021-02-12 06:05:10,723 - Iavg: -0.00199969613093157
2021-02-12 06:05:10,723 - IavgVector: [-0.        -0.        -0.0019997]
2021-02-12 06:05:10,723 - F: [ 8.8386569e-12 -9.5625469e-12  0.0000000e+00]
2021-02-12 06:05:10,723 - F magnitude: 1.30216803428702e-11
2021-02-12 06:05:10,723 - ========================================
2021-02-12 06:05:10,723 - ===== Reference data output for VNV Type 1b =====
2021-02-12 06:05:10,723 - ========================================
2021-02-12 06:05:10,723 - ---- Input values ----
2021-02-12 06:05:10,724 - V: [    0 30000     0]
2021-02-12 06:05:10,724 - B: [4.782e-09 4.420e-09 0.000e+00]
2021-02-12 06:05:10,724 - l: [ 0  0 -1]
2021-02-12 06:05:10,724 - sigma: 48600000.0
2021-02-12 06:05:10,724 - A: 0.0004704
2021-02-12 06:05:10,724 - Ic: 0.002
2021-02-12 06:05:10,724 - L: 10

2021-02-12 06:05:10,724 - ---- Output values ----
2021-02-12 06:05:10,724 - Em: 0.00014346
2021-02-12 06:05:10,724 - I0: 3.2797021824000003
2021-02-12 06:05:10,724 - ic: 0.0006098114672523261
2021-02-12 06:05:10,724 - lambdaA: 0.011412884678320204
2021-02-12 06:05:10,725 - iavg: 0.0006093472288036737
2021-02-12 06:05:10,725 - Iavg: 0.0019984774361468008
2021-02-12 06:05:10,725 - IavgVector: [ 0.          0.         -0.00199848]
2021-02-12 06:05:10,725 - F: [ 8.83327027e-12 -9.55671910e-12  0.00000000e+00]
2021-02-12 06:05:10,725 - F magnitude: 1.3013744410166543e-11
2021-02-12 06:05:10,741 - ========================================
2021-02-12 06:05:10,742 - ===== Simulation data output for VNV Type 2a =====
2021-02-12 06:05:10,742 - ========================================
2021-02-12 06:05:10,742 - ---- Input values ----
2021-02-12 06:05:10,742 - V: [-3180. 16020. 18690.]
2021-02-12 06:05:10,742 - B: [ 1.41267e-09 -1.12623e-09 -5.21451e-09]
2021-02-12 06:05:10,742 - l: [0. 0. 1.]
2021-02-12 06:05:10,742 - sigma: 59520000.0
2021-02-12 06:05:10,743 - A: 0.005
2021-02-12 06:05:10,743 - Ic: 0.0372
2021-02-12 06:05:10,743 - L: 531.0

2021-02-12 06:05:10,743 - ---- Output values ----
2021-02-12 06:05:10,743 - Em: -1.9049562e-05
2021-02-12 06:05:10,743 - I0: -5.6691496512
2021-02-12 06:05:10,743 - ic: -0.00656183066046348
2021-02-12 06:05:10,743 - lambdaA: 0.0557594365801462
2021-02-12 06:05:10,743 - iavg: 0.00658308294817202
2021-02-12 06:05:10,743 - Iavg: -0.0373204823994501
2021-02-12 06:05:10,743 - IavgVector: [-0.         -0.         -0.03732048]
2021-02-12 06:05:10,743 - F: [-4.20314469e-11 -5.27215259e-11  0.00000000e+00]
2021-02-12 06:05:10,743 - F magnitude: 6.742552794074e-11
2021-02-12 06:05:10,743 - ========================================
2021-02-12 06:05:10,744 - ===== Reference data output for VNV Type 2a =====
2021-02-12 06:05:10,744 - ========================================
2021-02-12 06:05:10,744 - ---- Input values ----
2021-02-12 06:05:10,744 - V: [-3180. 16020. 18690.]
2021-02-12 06:05:10,744 - B: [ 1.41267e-09 -1.12623e-09 -5.21451e-09]
2021-02-12 06:05:10,744 - l: [ 0.17583754  0.87544648 -0.45019399]
2021-02-12 06:05:10,744 - sigma: 59520000.0
2021-02-12 06:05:10,744 - A: 0.005
2021-02-12 06:05:10,744 - Ic: 0.0372
2021-02-12 06:05:10,744 - L: 531

2021-02-12 06:05:10,744 - ---- Output values ----
2021-02-12 06:05:10,744 - Em: 6.18586331905313e-06
2021-02-12 06:05:10,744 - I0: 1.8409129237502115
2021-02-12 06:05:10,744 - ic: 0.020207365334922036
2021-02-12 06:05:10,744 - lambdaA: 0.11697317146946196
2021-02-12 06:05:10,745 - iavg: 0.02000143393870115
2021-02-12 06:05:10,745 - Iavg: 0.03682089823129105
2021-02-12 06:05:10,745 - IavgVector: [ 0.0064745   0.03223473 -0.01657655]
2021-02-12 06:05:10,745 - F: [-1.86757304e-10  1.03441345e-11 -5.28288017e-11]
2021-02-12 06:05:10,745 - F magnitude: 1.943609371283146e-10
2021-02-12 06:05:10,745 - ========== whaaaaaaa =================

2021-02-12 06:05:10,745 - ========================================
2021-02-12 06:05:10,745 - ===== Reference data output for VNV Type  =====
2021-02-12 06:05:10,745 - ========================================
2021-02-12 06:05:10,745 - ---- Input values ----
2021-02-12 06:05:10,745 - V: [   0 7350    0]
2021-02-12 06:05:10,746 - B: [ 0.00e+00  0.00e+00 -1.75e-05]
2021-02-12 06:05:10,746 - l: [-1  0  0]
2021-02-12 06:05:10,746 - sigma: 34014000.0
2021-02-12 06:05:10,746 - A: 1.9635e-07
2021-02-12 06:05:10,746 - Ic: 1
2021-02-12 06:05:10,746 - L: 500

2021-02-12 06:05:10,746 - ---- Output values ----
2021-02-12 06:05:10,746 - Em: 0.128625
2021-02-12 06:05:10,746 - I0: 0.8590412147625001
2021-02-12 06:05:10,746 - ic: 1.1640885010115272
2021-02-12 06:05:10,746 - lambdaA: 0.9819684457059389
2021-02-12 06:05:10,746 - iavg: 0.48615527035397776
2021-02-12 06:05:10,746 - Iavg: 0.4176274140080727
2021-02-12 06:05:10,746 - IavgVector: [-0.41762741  0.          0.        ]
2021-02-12 06:05:10,747 - F: [-0.00000000e+00 -7.30847975e-06 -0.00000000e+00]
2021-02-12 06:05:10,747 - F magnitude: 7.308479745141272e-06
