2021-02-12 06:29:49,569 - ========================================
2021-02-12 06:29:49,569 - ===== Simulation data output for VNV Type 1a =====
2021-02-12 06:29:49,569 - ========================================
2021-02-12 06:29:49,569 - ---- Input values ----
2021-02-12 06:29:49,569 - V: [-5.92978276e-23  3.00000000e+04 -5.58744018e-29]
2021-02-12 06:29:49,569 - B: [4.782e-09 4.420e-09 0.000e+00]
2021-02-12 06:29:49,570 - l: [0. 0. 1.]
2021-02-12 06:29:49,570 - sigma: 48600000.0
2021-02-12 06:29:49,570 - A: 0.0004704
2021-02-12 06:29:49,570 - Ic: 0.002
2021-02-12 06:29:49,570 - L: 10.0

2021-02-12 06:29:49,570 - ---- Output values ----
2021-02-12 06:29:49,570 - Em: -0.00014346
2021-02-12 06:29:49,570 - I0: -3.2797021824
2021-02-12 06:29:49,570 - ic: -0.000609811467252326
2021-02-12 06:29:49,570 - lambdaA: 0.0114175254270282
2021-02-12 06:29:49,570 - iavg: 0.000609718815831091
2021-02-12 06:29:49,570 - Iavg: -0.00199969613093157
2021-02-12 06:29:49,570 - IavgVector: [-0.        -0.        -0.0019997]
2021-02-12 06:29:49,571 - F: [ 8.8386569e-12 -9.5625469e-12  0.0000000e+00]
2021-02-12 06:29:49,571 - F magnitude: 1.30216803428702e-11
