2021-06-19 14:50:42,062 - ========================================
2021-06-19 14:50:42,062 - ===== Simulation data output for VNV Type 1a =====
2021-06-19 14:50:42,062 - ========================================
2021-06-19 14:50:42,062 - ---- Input values ----
2021-06-19 14:50:42,062 - V: [-3.47724194e-10  3.00000000e+04 -9.86785464e-17]
2021-06-19 14:50:42,062 - B: [4.782e-09 4.420e-09 0.000e+00]
2021-06-19 14:50:42,063 - l: [0. 0. 0.]
2021-06-19 14:50:42,063 - sigma: 48600000.0
2021-06-19 14:50:42,063 - A: 0.0004704
2021-06-19 14:50:42,063 - Ic: 0.002
2021-06-19 14:50:42,063 - L: 10.0

2021-06-19 14:50:42,063 - ---- Output values ----
2021-06-19 14:50:42,063 - Em: 0.0
2021-06-19 14:50:42,063 - I0: 0.0
2021-06-19 14:50:42,063 - ic: inf
2021-06-19 14:50:42,063 - lambdaA: nan
2021-06-19 14:50:42,063 - iavg: nan
2021-06-19 14:50:42,063 - Iavg: nan
2021-06-19 14:50:42,063 - IavgVector: [nan nan nan]
2021-06-19 14:50:42,063 - F: [ 0. nan nan]
2021-06-19 14:50:42,064 - F magnitude: 0.0
2021-06-19 14:50:42,064 - ========================================
2021-06-19 14:50:42,064 - ===== Reference data output for VNV Type 1a =====
2021-06-19 14:50:42,064 - ========================================
2021-06-19 14:50:42,064 - ---- Input values ----
2021-06-19 14:50:42,064 - V: [    0 30000     0]
2021-06-19 14:50:42,064 - B: [4.782e-09 4.420e-09 0.000e+00]
2021-06-19 14:50:42,064 - l: [0 0 1]
2021-06-19 14:50:42,064 - sigma: 48600000.0
2021-06-19 14:50:42,064 - A: 0.0004704
2021-06-19 14:50:42,064 - Ic: 0.002
2021-06-19 14:50:42,065 - L: 10

2021-06-19 14:50:42,065 - ---- Output values ----
2021-06-19 14:50:42,065 - Em: -0.00014346
2021-06-19 14:50:42,065 - I0: -3.2797021824000003
2021-06-19 14:50:42,065 - ic: -0.0006098114672523261
2021-06-19 14:50:42,065 - lambdaA: 0.011417525427028206
2021-06-19 14:50:42,065 - iavg: 0.0006097188158310912
2021-06-19 14:50:42,065 - Iavg: -0.0019996961309315738
2021-06-19 14:50:42,065 - IavgVector: [0.        0.        0.0019997]
2021-06-19 14:50:42,065 - F: [-8.8386569e-12  9.5625469e-12  0.0000000e+00]
2021-06-19 14:50:42,065 - F magnitude: 1.30216803428702e-11
2021-06-19 14:50:42,070 - ========================================
2021-06-19 14:50:42,070 - ===== Simulation data output for VNV Type 1b =====
2021-06-19 14:50:42,070 - ========================================
2021-06-19 14:50:42,071 - ---- Input values ----
2021-06-19 14:50:42,071 - V: [-3.47724194e-10  3.00000000e+04 -9.86785464e-17]
2021-06-19 14:50:42,071 - B: [4.782e-09 4.420e-09 0.000e+00]
2021-06-19 14:50:42,071 - l: [0. 0. 0.]
2021-06-19 14:50:42,071 - sigma: 48600000.0
2021-06-19 14:50:42,071 - A: 0.0004704
2021-06-19 14:50:42,071 - Ic: 0.002
2021-06-19 14:50:42,071 - L: 10.0

2021-06-19 14:50:42,071 - ---- Output values ----
2021-06-19 14:50:42,071 - Em: 0.0
2021-06-19 14:50:42,072 - I0: 0.0
2021-06-19 14:50:42,072 - ic: inf
2021-06-19 14:50:42,072 - lambdaA: nan
2021-06-19 14:50:42,072 - iavg: nan
2021-06-19 14:50:42,072 - Iavg: nan
2021-06-19 14:50:42,072 - IavgVector: [nan nan nan]
2021-06-19 14:50:42,072 - F: [ 0. nan nan]
2021-06-19 14:50:42,072 - F magnitude: 0.0
2021-06-19 14:50:42,072 - ========================================
2021-06-19 14:50:42,072 - ===== Reference data output for VNV Type 1b =====
2021-06-19 14:50:42,072 - ========================================
2021-06-19 14:50:42,072 - ---- Input values ----
2021-06-19 14:50:42,073 - V: [    0 30000     0]
2021-06-19 14:50:42,073 - B: [4.782e-09 4.420e-09 0.000e+00]
2021-06-19 14:50:42,073 - l: [ 0  0 -1]
2021-06-19 14:50:42,073 - sigma: 48600000.0
2021-06-19 14:50:42,073 - A: 0.0004704
2021-06-19 14:50:42,073 - Ic: 0.002
2021-06-19 14:50:42,073 - L: 10

2021-06-19 14:50:42,073 - ---- Output values ----
2021-06-19 14:50:42,073 - Em: 0.00014346
2021-06-19 14:50:42,073 - I0: 3.2797021824000003
2021-06-19 14:50:42,073 - ic: 0.0006098114672523261
2021-06-19 14:50:42,073 - lambdaA: 0.011412884678320204
2021-06-19 14:50:42,073 - iavg: 0.0006093472288036737
2021-06-19 14:50:42,073 - Iavg: 0.0019984774361468008
2021-06-19 14:50:42,074 - IavgVector: [ 0.          0.         -0.00199848]
2021-06-19 14:50:42,074 - F: [ 8.83327027e-12 -9.55671910e-12  0.00000000e+00]
2021-06-19 14:50:42,074 - F magnitude: 1.3013744410166541e-11
2021-06-19 14:50:42,079 - ========================================
2021-06-19 14:50:42,079 - ===== Simulation data output for VNV Type 2a =====
2021-06-19 14:50:42,079 - ========================================
2021-06-19 14:50:42,079 - ---- Input values ----
2021-06-19 14:50:42,079 - V: [-3180. 16020. 18690.]
2021-06-19 14:50:42,079 - B: [ 1.413 -1.126 -5.215]
2021-06-19 14:50:42,079 - l: [0. 0. 0.]
2021-06-19 14:50:42,080 - sigma: 59520000.0
2021-06-19 14:50:42,080 - A: 0.005
2021-06-19 14:50:42,080 - Ic: 0.0372
2021-06-19 14:50:42,080 - L: 531.0

2021-06-19 14:50:42,080 - ---- Output values ----
2021-06-19 14:50:42,080 - Em: 0.0
2021-06-19 14:50:42,080 - I0: 0.0
2021-06-19 14:50:42,080 - ic: inf
2021-06-19 14:50:42,080 - lambdaA: nan
2021-06-19 14:50:42,080 - iavg: nan
2021-06-19 14:50:42,080 - Iavg: nan
2021-06-19 14:50:42,080 - IavgVector: [nan nan nan]
2021-06-19 14:50:42,080 - F: [0. 0. 0.]
2021-06-19 14:50:42,080 - F magnitude: 0.0
2021-06-19 14:50:42,081 - ========================================
2021-06-19 14:50:42,081 - ===== Reference data output for VNV Type 2a =====
2021-06-19 14:50:42,081 - ========================================
2021-06-19 14:50:42,081 - ---- Input values ----
2021-06-19 14:50:42,081 - V: [-3180 16020 18690]
2021-06-19 14:50:42,081 - B: [ 1.413 -1.126 -5.215]
2021-06-19 14:50:42,081 - l: [ 0.176  0.875 -0.45 ]
2021-06-19 14:50:42,081 - sigma: 59520000.0
2021-06-19 14:50:42,081 - A: 0.005
2021-06-19 14:50:42,081 - Ic: 0.0372
2021-06-19 14:50:42,081 - L: 531

2021-06-19 14:50:42,081 - ---- Output values ----
2021-06-19 14:50:42,082 - Em: 6172.234890000002
2021-06-19 14:50:42,082 - I0: 1836857103.264001
2021-06-19 14:50:42,082 - ic: 2.025198363764797e-11
2021-06-19 14:50:42,082 - lambdaA: 1.1794106424441946e-07
2021-06-19 14:50:42,082 - iavg: 2.025198363564365e-11
2021-06-19 14:50:42,082 - Iavg: 0.037199999996318345
2021-06-19 14:50:42,082 - IavgVector: [ 0.0065472  0.03255   -0.01674  ]
2021-06-19 14:50:42,082 - F: [-0.18859749  0.01049003 -0.0533653 ]
2021-06-19 14:50:42,082 - F magnitude: 0.19628272684920406
2021-06-19 14:50:42,083 - ========== whaaaaaaa =================

2021-06-19 14:50:42,083 - ========================================
2021-06-19 14:50:42,083 - ===== Reference data output for VNV Type  =====
2021-06-19 14:50:42,083 - ========================================
2021-06-19 14:50:42,083 - ---- Input values ----
2021-06-19 14:50:42,083 - V: [   0 7350    0]
2021-06-19 14:50:42,084 - B: [ 0.00e+00  0.00e+00 -1.75e-05]
2021-06-19 14:50:42,084 - l: [-1  0  0]
2021-06-19 14:50:42,084 - sigma: 34014000.0
2021-06-19 14:50:42,084 - A: 1.9635e-07
2021-06-19 14:50:42,084 - Ic: 0.01
2021-06-19 14:50:42,084 - L: 500

2021-06-19 14:50:42,084 - ---- Output values ----
2021-06-19 14:50:42,084 - Em: 0.128625
2021-06-19 14:50:42,084 - I0: 0.8590412147625001
2021-06-19 14:50:42,084 - ic: 0.011640885010115272
2021-06-19 14:50:42,084 - lambdaA: 0.08121829767790473
2021-06-19 14:50:42,084 - iavg: 0.011572377948277951
2021-06-19 14:50:42,084 - Iavg: 0.009941149610379459
2021-06-19 14:50:42,085 - IavgVector: [-0.00994115  0.          0.        ]
2021-06-19 14:50:42,085 - F: [-0.00000000e+00 -1.73970118e-07 -0.00000000e+00]
2021-06-19 14:50:42,085 - F magnitude: 1.7397011818164052e-07
