2021-06-19 14:51:27,936 - ========================================
2021-06-19 14:51:27,936 - ===== Simulation data output for VNV Type 1a =====
2021-06-19 14:51:27,936 - ========================================
2021-06-19 14:51:27,936 - ---- Input values ----
2021-06-19 14:51:27,936 - V: [-1.39089678e-09  3.00000000e+04 -3.94714186e-16]
2021-06-19 14:51:27,936 - B: [4.782e-09 4.420e-09 0.000e+00]
2021-06-19 14:51:27,936 - l: [0. 0. 1.]
2021-06-19 14:51:27,936 - sigma: 48600000.0
2021-06-19 14:51:27,937 - A: 0.0004704
2021-06-19 14:51:27,937 - Ic: 0.002
2021-06-19 14:51:27,937 - L: 10.0

2021-06-19 14:51:27,937 - ---- Output values ----
2021-06-19 14:51:27,937 - Em: -0.000143460000000003
2021-06-19 14:51:27,937 - I0: -3.27970218240007
2021-06-19 14:51:27,937 - ic: -0.000609811467252312
2021-06-19 14:51:27,937 - lambdaA: 0.011417525427028
2021-06-19 14:51:27,937 - iavg: 0.000609718815831077
2021-06-19 14:51:27,937 - Iavg: -0.00199969613093157
2021-06-19 14:51:27,937 - IavgVector: [0.        0.        0.0019997]
2021-06-19 14:51:27,937 - F: [-8.8386569e-11  9.5625469e-11  0.0000000e+00]
2021-06-19 14:51:27,937 - F magnitude: 1.04173442742961e-10
2021-06-19 14:51:27,937 - ========================================
2021-06-19 14:51:27,937 - ===== Reference data output for VNV Type 1a =====
2021-06-19 14:51:27,938 - ========================================
2021-06-19 14:51:27,938 - ---- Input values ----
2021-06-19 14:51:27,938 - V: [    0 30000     0]
2021-06-19 14:51:27,938 - B: [4.782e-09 4.420e-09 0.000e+00]
2021-06-19 14:51:27,938 - l: [0 0 1]
2021-06-19 14:51:27,938 - sigma: 48600000.0
2021-06-19 14:51:27,938 - A: 0.0004704
2021-06-19 14:51:27,938 - Ic: 0.002
2021-06-19 14:51:27,938 - L: 10

2021-06-19 14:51:27,938 - ---- Output values ----
2021-06-19 14:51:27,938 - Em: -0.00014346
2021-06-19 14:51:27,938 - I0: -3.2797021824000003
2021-06-19 14:51:27,938 - ic: -0.0006098114672523261
2021-06-19 14:51:27,938 - lambdaA: 0.011417525427028206
2021-06-19 14:51:27,938 - iavg: 0.0006097188158310912
2021-06-19 14:51:27,938 - Iavg: -0.0019996961309315738
2021-06-19 14:51:27,939 - IavgVector: [0.        0.        0.0019997]
2021-06-19 14:51:27,939 - F: [-8.8386569e-12  9.5625469e-12  0.0000000e+00]
2021-06-19 14:51:27,939 - F magnitude: 1.30216803428702e-11
2021-06-19 14:51:27,942 - ========================================
2021-06-19 14:51:27,942 - ===== Simulation data output for VNV Type 1b =====
2021-06-19 14:51:27,942 - ========================================
2021-06-19 14:51:27,942 - ---- Input values ----
2021-06-19 14:51:27,943 - V: [-1.39089678e-09  3.00000000e+04 -3.94714186e-16]
2021-06-19 14:51:27,943 - B: [4.782e-09 4.420e-09 0.000e+00]
2021-06-19 14:51:27,943 - l: [0. 0. 1.]
2021-06-19 14:51:27,943 - sigma: 48600000.0
2021-06-19 14:51:27,943 - A: 0.0004704
2021-06-19 14:51:27,943 - Ic: 0.002
2021-06-19 14:51:27,943 - L: 10.0

2021-06-19 14:51:27,943 - ---- Output values ----
2021-06-19 14:51:27,943 - Em: -0.000143460000000003
2021-06-19 14:51:27,943 - I0: -3.27970218240007
2021-06-19 14:51:27,943 - ic: -0.000609811467252312
2021-06-19 14:51:27,943 - lambdaA: 0.011417525427028
2021-06-19 14:51:27,943 - iavg: 0.000609718815831077
2021-06-19 14:51:27,944 - Iavg: -0.00199969613093157
2021-06-19 14:51:27,944 - IavgVector: [0.        0.        0.0019997]
2021-06-19 14:51:27,944 - F: [-8.8386569e-11  9.5625469e-11  0.0000000e+00]
2021-06-19 14:51:27,944 - F magnitude: 1.04173442742961e-10
2021-06-19 14:51:27,944 - ========================================
2021-06-19 14:51:27,944 - ===== Reference data output for VNV Type 1b =====
2021-06-19 14:51:27,944 - ========================================
2021-06-19 14:51:27,944 - ---- Input values ----
2021-06-19 14:51:27,944 - V: [    0 30000     0]
2021-06-19 14:51:27,944 - B: [4.782e-09 4.420e-09 0.000e+00]
2021-06-19 14:51:27,944 - l: [ 0  0 -1]
2021-06-19 14:51:27,944 - sigma: 48600000.0
2021-06-19 14:51:27,945 - A: 0.0004704
2021-06-19 14:51:27,945 - Ic: 0.002
2021-06-19 14:51:27,945 - L: 10

2021-06-19 14:51:27,945 - ---- Output values ----
2021-06-19 14:51:27,945 - Em: 0.00014346
2021-06-19 14:51:27,945 - I0: 3.2797021824000003
2021-06-19 14:51:27,945 - ic: 0.0006098114672523261
2021-06-19 14:51:27,945 - lambdaA: 0.011412884678320204
2021-06-19 14:51:27,945 - iavg: 0.0006093472288036737
2021-06-19 14:51:27,945 - Iavg: 0.0019984774361468008
2021-06-19 14:51:27,945 - IavgVector: [ 0.          0.         -0.00199848]
2021-06-19 14:51:27,945 - F: [ 8.83327027e-12 -9.55671910e-12  0.00000000e+00]
2021-06-19 14:51:27,945 - F magnitude: 1.3013744410166541e-11
2021-06-19 14:51:27,949 - ========================================
2021-06-19 14:51:27,949 - ===== Simulation data output for VNV Type 2a =====
2021-06-19 14:51:27,949 - ========================================
2021-06-19 14:51:27,949 - ---- Input values ----
2021-06-19 14:51:27,949 - V: [-3180.00000001 16020.         18690.        ]
2021-06-19 14:51:27,949 - B: [ 1.413 -1.126 -5.215]
2021-06-19 14:51:27,950 - l: [ 0.17583754  0.87544648 -0.45019399]
2021-06-19 14:51:27,950 - sigma: 59520000.0
2021-06-19 14:51:27,950 - A: 0.005
2021-06-19 14:51:27,950 - Ic: 0.0372
2021-06-19 14:51:27,950 - L: 531.0

2021-06-19 14:51:27,950 - ---- Output values ----
2021-06-19 14:51:27,950 - Em: 6190.47191452285
2021-06-19 14:51:27,950 - I0: 1842284441.762
2021-06-19 14:51:27,950 - ic: 2.01923216397687e-11
2021-06-19 14:51:27,950 - lambdaA: 1.17709315456004e-07
2021-06-19 14:51:27,950 - iavg: 2.01923216377744e-11
2021-06-19 14:51:27,950 - Iavg: 0.0371999999963259
2021-06-19 14:51:27,950 - IavgVector: [ 0.00654116  0.03256661 -0.01674722]
2021-06-19 14:51:27,950 - F: [-100.19557514    5.54805488  -28.34582118]
2021-06-19 14:51:27,950 - F magnitude: 83.420552938175
2021-06-19 14:51:27,951 - ========================================
2021-06-19 14:51:27,951 - ===== Reference data output for VNV Type 2a =====
2021-06-19 14:51:27,951 - ========================================
2021-06-19 14:51:27,951 - ---- Input values ----
2021-06-19 14:51:27,951 - V: [-3180 16020 18690]
2021-06-19 14:51:27,951 - B: [ 1.413 -1.126 -5.215]
2021-06-19 14:51:27,951 - l: [ 0.176  0.875 -0.45 ]
2021-06-19 14:51:27,951 - sigma: 59520000.0
2021-06-19 14:51:27,951 - A: 0.005
2021-06-19 14:51:27,951 - Ic: 0.0372
2021-06-19 14:51:27,951 - L: 531

2021-06-19 14:51:27,951 - ---- Output values ----
2021-06-19 14:51:27,951 - Em: 6172.234890000002
2021-06-19 14:51:27,951 - I0: 1836857103.264001
2021-06-19 14:51:27,951 - ic: 2.025198363764797e-11
2021-06-19 14:51:27,952 - lambdaA: 1.1794106424441946e-07
2021-06-19 14:51:27,952 - iavg: 2.025198363564365e-11
2021-06-19 14:51:27,952 - Iavg: 0.037199999996318345
2021-06-19 14:51:27,952 - IavgVector: [ 0.0065472  0.03255   -0.01674  ]
2021-06-19 14:51:27,952 - F: [-0.18859749  0.01049003 -0.0533653 ]
2021-06-19 14:51:27,952 - F magnitude: 0.19628272684920406
2021-06-19 14:51:27,953 - ========== whaaaaaaa =================

2021-06-19 14:51:27,953 - ========================================
2021-06-19 14:51:27,953 - ===== Reference data output for VNV Type  =====
2021-06-19 14:51:27,953 - ========================================
2021-06-19 14:51:27,953 - ---- Input values ----
2021-06-19 14:51:27,953 - V: [   0 7350    0]
2021-06-19 14:51:27,953 - B: [ 0.00e+00  0.00e+00 -1.75e-05]
2021-06-19 14:51:27,953 - l: [-1  0  0]
2021-06-19 14:51:27,953 - sigma: 34014000.0
2021-06-19 14:51:27,953 - A: 1.9635e-07
2021-06-19 14:51:27,953 - Ic: 0.01
2021-06-19 14:51:27,954 - L: 500

2021-06-19 14:51:27,954 - ---- Output values ----
2021-06-19 14:51:27,954 - Em: 0.128625
2021-06-19 14:51:27,954 - I0: 0.8590412147625001
2021-06-19 14:51:27,954 - ic: 0.011640885010115272
2021-06-19 14:51:27,954 - lambdaA: 0.08121829767790473
2021-06-19 14:51:27,954 - iavg: 0.011572377948277951
2021-06-19 14:51:27,954 - Iavg: 0.009941149610379459
2021-06-19 14:51:27,954 - IavgVector: [-0.00994115  0.          0.        ]
2021-06-19 14:51:27,954 - F: [-0.00000000e+00 -1.73970118e-07 -0.00000000e+00]
2021-06-19 14:51:27,954 - F magnitude: 1.7397011818164052e-07
