2021-02-12 06:44:58,627 - ========================================
2021-02-12 06:44:58,628 - ===== Simulation data output for VNV Type 1a =====
2021-02-12 06:44:58,628 - ========================================
2021-02-12 06:44:58,628 - ---- Input values ----
2021-02-12 06:44:58,628 - V: [-5.92978276e-23  3.00000000e+04 -5.58744018e-29]
2021-02-12 06:44:58,628 - B: [4.782e-09 4.420e-09 0.000e+00]
2021-02-12 06:44:58,628 - l: [0. 0. 1.]
2021-02-12 06:44:58,628 - sigma: 48600000.0
2021-02-12 06:44:58,628 - A: 0.0004704
2021-02-12 06:44:58,629 - Ic: 0.002
2021-02-12 06:44:58,629 - L: 10.0

2021-02-12 06:44:58,629 - ---- Output values ----
2021-02-12 06:44:58,629 - Em: -0.00014346
2021-02-12 06:44:58,629 - I0: -3.2797021824
2021-02-12 06:44:58,629 - ic: -0.000609811467252326
2021-02-12 06:44:58,629 - lambdaA: 0.0114175254270282
2021-02-12 06:44:58,629 - iavg: 0.000609718815831091
2021-02-12 06:44:58,629 - Iavg: -0.00199969613093157
2021-02-12 06:44:58,629 - IavgVector: [-0.        -0.        -0.0019997]
2021-02-12 06:44:58,629 - F: [ 8.8386569e-12 -9.5625469e-12  0.0000000e+00]
2021-02-12 06:44:58,629 - F magnitude: 1.30216803428702e-11
2021-02-12 06:44:58,629 - ========================================
2021-02-12 06:44:58,630 - ===== Reference data output for VNV Type 1a =====
2021-02-12 06:44:58,630 - ========================================
2021-02-12 06:44:58,630 - ---- Input values ----
2021-02-12 06:44:58,630 - V: [    0 30000     0]
2021-02-12 06:44:58,630 - B: [4.782e-09 4.420e-09 0.000e+00]
2021-02-12 06:44:58,630 - l: [0 0 1]
2021-02-12 06:44:58,630 - sigma: 48600000.0
2021-02-12 06:44:58,630 - A: 0.0004704
2021-02-12 06:44:58,630 - Ic: 0.002
2021-02-12 06:44:58,630 - L: 10

2021-02-12 06:44:58,630 - ---- Output values ----
2021-02-12 06:44:58,631 - Em: -0.00014346
2021-02-12 06:44:58,631 - I0: -3.2797021824000003
2021-02-12 06:44:58,631 - ic: -0.0006098114672523261
2021-02-12 06:44:58,631 - lambdaA: 0.011417525427028206
2021-02-12 06:44:58,631 - iavg: 0.0006097188158310912
2021-02-12 06:44:58,631 - Iavg: -0.0019996961309315738
2021-02-12 06:44:58,631 - IavgVector: [-0.        -0.        -0.0019997]
2021-02-12 06:44:58,631 - F: [ 8.8386569e-12 -9.5625469e-12  0.0000000e+00]
2021-02-12 06:44:58,631 - F magnitude: 1.3021680342870199e-11
2021-02-12 06:44:58,648 - ========================================
2021-02-12 06:44:58,648 - ===== Simulation data output for VNV Type 1b =====
2021-02-12 06:44:58,648 - ========================================
2021-02-12 06:44:58,648 - ---- Input values ----
2021-02-12 06:44:58,649 - V: [-5.92978276e-23  3.00000000e+04 -5.58744018e-29]
2021-02-12 06:44:58,649 - B: [4.782e-09 4.420e-09 0.000e+00]
2021-02-12 06:44:58,649 - l: [0. 0. 1.]
2021-02-12 06:44:58,649 - sigma: 48600000.0
2021-02-12 06:44:58,649 - A: 0.0004704
2021-02-12 06:44:58,649 - Ic: 0.002
2021-02-12 06:44:58,649 - L: 10.0

2021-02-12 06:44:58,649 - ---- Output values ----
2021-02-12 06:44:58,649 - Em: -0.00014346
2021-02-12 06:44:58,650 - I0: -3.2797021824
2021-02-12 06:44:58,650 - ic: -0.000609811467252326
2021-02-12 06:44:58,650 - lambdaA: 0.0114175254270282
2021-02-12 06:44:58,650 - iavg: 0.000609718815831091
2021-02-12 06:44:58,650 - Iavg: -0.00199969613093157
2021-02-12 06:44:58,650 - IavgVector: [-0.        -0.        -0.0019997]
2021-02-12 06:44:58,650 - F: [ 8.8386569e-12 -9.5625469e-12  0.0000000e+00]
2021-02-12 06:44:58,650 - F magnitude: 1.30216803428702e-11
2021-02-12 06:44:58,650 - ========================================
2021-02-12 06:44:58,650 - ===== Reference data output for VNV Type 1b =====
2021-02-12 06:44:58,650 - ========================================
2021-02-12 06:44:58,650 - ---- Input values ----
2021-02-12 06:44:58,651 - V: [    0 30000     0]
2021-02-12 06:44:58,651 - B: [4.782e-09 4.420e-09 0.000e+00]
2021-02-12 06:44:58,651 - l: [ 0  0 -1]
2021-02-12 06:44:58,651 - sigma: 48600000.0
2021-02-12 06:44:58,651 - A: 0.0004704
2021-02-12 06:44:58,651 - Ic: 0.002
2021-02-12 06:44:58,651 - L: 10

2021-02-12 06:44:58,651 - ---- Output values ----
2021-02-12 06:44:58,651 - Em: 0.00014346
2021-02-12 06:44:58,651 - I0: 3.2797021824000003
2021-02-12 06:44:58,651 - ic: 0.0006098114672523261
2021-02-12 06:44:58,651 - lambdaA: 0.011412884678320204
2021-02-12 06:44:58,652 - iavg: 0.0006093472288036737
2021-02-12 06:44:58,652 - Iavg: 0.0019984774361468008
2021-02-12 06:44:58,652 - IavgVector: [ 0.          0.         -0.00199848]
2021-02-12 06:44:58,652 - F: [ 8.83327027e-12 -9.55671910e-12  0.00000000e+00]
2021-02-12 06:44:58,652 - F magnitude: 1.3013744410166543e-11
2021-02-12 06:44:58,669 - ========================================
2021-02-12 06:44:58,669 - ===== Simulation data output for VNV Type 2a =====
2021-02-12 06:44:58,669 - ========================================
2021-02-12 06:44:58,669 - ---- Input values ----
2021-02-12 06:44:58,669 - V: [-3180. 16020. 18690.]
2021-02-12 06:44:58,669 - B: [ 1.41267e-09 -1.12623e-09 -5.21451e-09]
2021-02-12 06:44:58,669 - l: [ 0.17583754  0.87544648 -0.45019399]
2021-02-12 06:44:58,670 - sigma: 59520000.0
2021-02-12 06:44:58,670 - A: 0.005
2021-02-12 06:44:58,670 - Ic: 0.0372
2021-02-12 06:44:58,670 - L: 531.0

2021-02-12 06:44:58,670 - ---- Output values ----
2021-02-12 06:44:58,670 - Em: 6.18586343891272e-06
2021-02-12 06:44:58,670 - I0: 1.84091295942042
2021-02-12 06:44:58,670 - ic: 0.0202073649433766
2021-02-12 06:44:58,670 - lambdaA: 0.116973169973874
2021-02-12 06:44:58,670 - iavg: 0.0200014335551242
2021-02-12 06:44:58,670 - Iavg: 0.0368208982386146
2021-02-12 06:44:58,670 - IavgVector: [ 0.0064745   0.03223473 -0.01657655]
2021-02-12 06:44:58,671 - F: [-1.86757304e-10  1.03441342e-11 -5.28288018e-11]
2021-02-12 06:44:58,671 - F magnitude: 1.94360937876862e-10
2021-02-12 06:44:58,671 - ========================================
2021-02-12 06:44:58,671 - ===== Reference data output for VNV Type 2a =====
2021-02-12 06:44:58,671 - ========================================
2021-02-12 06:44:58,671 - ---- Input values ----
2021-02-12 06:44:58,671 - V: [-3180. 16020. 18690.]
2021-02-12 06:44:58,671 - B: [ 1.41267e-09 -1.12623e-09 -5.21451e-09]
2021-02-12 06:44:58,671 - l: [ 0.17583754  0.87544648 -0.45019399]
2021-02-12 06:44:58,671 - sigma: 59520000.0
2021-02-12 06:44:58,671 - A: 0.005
2021-02-12 06:44:58,672 - Ic: 0.0372
2021-02-12 06:44:58,672 - L: 531

2021-02-12 06:44:58,672 - ---- Output values ----
2021-02-12 06:44:58,672 - Em: 6.18586331905313e-06
2021-02-12 06:44:58,672 - I0: 1.8409129237502115
2021-02-12 06:44:58,672 - ic: 0.020207365334922036
2021-02-12 06:44:58,672 - lambdaA: 0.11697317146946196
2021-02-12 06:44:58,672 - iavg: 0.02000143393870115
2021-02-12 06:44:58,672 - Iavg: 0.03682089823129105
2021-02-12 06:44:58,672 - IavgVector: [ 0.0064745   0.03223473 -0.01657655]
2021-02-12 06:44:58,672 - F: [-1.86757304e-10  1.03441345e-11 -5.28288017e-11]
2021-02-12 06:44:58,672 - F magnitude: 1.943609371283146e-10
2021-02-12 06:44:58,683 - ========== whaaaaaaa =================

2021-02-12 06:44:58,683 - ========================================
2021-02-12 06:44:58,683 - ===== Reference data output for VNV Type  =====
2021-02-12 06:44:58,684 - ========================================
2021-02-12 06:44:58,684 - ---- Input values ----
2021-02-12 06:44:58,684 - V: [   0 7350    0]
2021-02-12 06:44:58,684 - B: [ 0.00e+00  0.00e+00 -1.75e-05]
2021-02-12 06:44:58,684 - l: [-1  0  0]
2021-02-12 06:44:58,684 - sigma: 34014000.0
2021-02-12 06:44:58,684 - A: 1.9635e-07
2021-02-12 06:44:58,684 - Ic: 1
2021-02-12 06:44:58,684 - L: 500

2021-02-12 06:44:58,684 - ---- Output values ----
2021-02-12 06:44:58,684 - Em: 0.128625
2021-02-12 06:44:58,684 - I0: 0.8590412147625001
2021-02-12 06:44:58,685 - ic: 1.1640885010115272
2021-02-12 06:44:58,685 - lambdaA: 0.9819684457059389
2021-02-12 06:44:58,685 - iavg: 0.48615527035397776
2021-02-12 06:44:58,685 - Iavg: 0.4176274140080727
2021-02-12 06:44:58,685 - IavgVector: [-0.41762741  0.          0.        ]
2021-02-12 06:44:58,685 - F: [-0.00000000e+00 -7.30847975e-06 -0.00000000e+00]
2021-02-12 06:44:58,685 - F magnitude: 7.308479745141272e-06
