2021-06-19 15:21:38,606 - ========================================
2021-06-19 15:21:38,606 - ===== Simulation data output for VNV Type 1a =====
2021-06-19 15:21:38,606 - ========================================
2021-06-19 15:21:38,606 - ---- Input values ----
2021-06-19 15:21:38,607 - V: [-1.39090863e-09  3.00000000e+04  0.00000000e+00]
2021-06-19 15:21:38,607 - B: [4.782e-09 4.420e-09 0.000e+00]
2021-06-19 15:21:38,607 - l: [0. 0. 1.]
2021-06-19 15:21:38,607 - sigma: 48600000.0
2021-06-19 15:21:38,607 - A: 0.0004704
2021-06-19 15:21:38,607 - Ic: 0.002
2021-06-19 15:21:38,607 - L: 10.0

2021-06-19 15:21:38,607 - ---- Output values ----
2021-06-19 15:21:38,607 - Em: -0.000143460000000003
2021-06-19 15:21:38,607 - I0: -3.27970218240007
2021-06-19 15:21:38,607 - ic: -0.000609811467252312
2021-06-19 15:21:38,607 - lambdaA: 0.011417525427028
2021-06-19 15:21:38,607 - iavg: 0.000609718815831077
2021-06-19 15:21:38,607 - Iavg: -0.00199969613093157
2021-06-19 15:21:38,608 - IavgVector: [0.        0.        0.0019997]
2021-06-19 15:21:38,608 - F: [-8.8386569e-11  9.5625469e-11  0.0000000e+00]
2021-06-19 15:21:38,608 - F magnitude: 1.30216803428702e-10
2021-06-19 15:21:38,608 - ========================================
2021-06-19 15:21:38,608 - ===== Reference data output for VNV Type 1a =====
2021-06-19 15:21:38,608 - ========================================
2021-06-19 15:21:38,608 - ---- Input values ----
2021-06-19 15:21:38,608 - V: [    0 30000     0]
2021-06-19 15:21:38,608 - B: [4.782e-09 4.420e-09 0.000e+00]
2021-06-19 15:21:38,608 - l: [0 0 1]
2021-06-19 15:21:38,609 - sigma: 48600000.0
2021-06-19 15:21:38,609 - A: 0.0004704
2021-06-19 15:21:38,609 - Ic: 0.002
2021-06-19 15:21:38,609 - L: 10

2021-06-19 15:21:38,609 - ---- Output values ----
2021-06-19 15:21:38,609 - Em: -0.00014346
2021-06-19 15:21:38,609 - I0: -3.2797021824000003
2021-06-19 15:21:38,609 - ic: -0.0006098114672523261
2021-06-19 15:21:38,609 - lambdaA: 0.011417525427028206
2021-06-19 15:21:38,609 - iavg: 0.0006097188158310912
2021-06-19 15:21:38,609 - Iavg: -0.0019996961309315738
2021-06-19 15:21:38,609 - IavgVector: [0.        0.        0.0019997]
2021-06-19 15:21:38,609 - F: [-8.8386569e-11  9.5625469e-11  0.0000000e+00]
2021-06-19 15:21:38,609 - F magnitude: 1.30216803428702e-10
2021-06-19 15:21:38,613 - ========================================
2021-06-19 15:21:38,613 - ===== Simulation data output for VNV Type 1b =====
2021-06-19 15:21:38,613 - ========================================
2021-06-19 15:21:38,613 - ---- Input values ----
2021-06-19 15:21:38,613 - V: [-1.39090863e-09  3.00000000e+04  0.00000000e+00]
2021-06-19 15:21:38,614 - B: [4.782e-09 4.420e-09 0.000e+00]
2021-06-19 15:21:38,614 - l: [ 0.  0. -1.]
2021-06-19 15:21:38,614 - sigma: 48600000.0
2021-06-19 15:21:38,614 - A: 0.0004704
2021-06-19 15:21:38,614 - Ic: 0.002
2021-06-19 15:21:38,614 - L: 10.0

2021-06-19 15:21:38,614 - ---- Output values ----
2021-06-19 15:21:38,614 - Em: 0.000143460000000003
2021-06-19 15:21:38,614 - I0: 3.27970218240007
2021-06-19 15:21:38,614 - ic: 0.000609811467252312
2021-06-19 15:21:38,614 - lambdaA: 0.01141288467832
2021-06-19 15:21:38,614 - iavg: 0.00060934722880366
2021-06-19 15:21:38,614 - Iavg: 0.0019984774361468
2021-06-19 15:21:38,614 - IavgVector: [ 0.          0.         -0.00199848]
2021-06-19 15:21:38,614 - F: [ 8.83327027e-11 -9.55671910e-11  0.00000000e+00]
2021-06-19 15:21:38,615 - F magnitude: 1.30137444101665e-10
2021-06-19 15:21:38,615 - ========================================
2021-06-19 15:21:38,615 - ===== Reference data output for VNV Type 1b =====
2021-06-19 15:21:38,615 - ========================================
2021-06-19 15:21:38,615 - ---- Input values ----
2021-06-19 15:21:38,615 - V: [    0 30000     0]
2021-06-19 15:21:38,615 - B: [4.782e-09 4.420e-09 0.000e+00]
2021-06-19 15:21:38,615 - l: [ 0  0 -1]
2021-06-19 15:21:38,615 - sigma: 48600000.0
2021-06-19 15:21:38,615 - A: 0.0004704
2021-06-19 15:21:38,615 - Ic: 0.002
2021-06-19 15:21:38,616 - L: 10

2021-06-19 15:21:38,616 - ---- Output values ----
2021-06-19 15:21:38,616 - Em: 0.00014346
2021-06-19 15:21:38,616 - I0: 3.2797021824000003
2021-06-19 15:21:38,616 - ic: 0.0006098114672523261
2021-06-19 15:21:38,616 - lambdaA: 0.011412884678320204
2021-06-19 15:21:38,616 - iavg: 0.0006093472288036737
2021-06-19 15:21:38,616 - Iavg: 0.0019984774361468008
2021-06-19 15:21:38,616 - IavgVector: [ 0.          0.         -0.00199848]
2021-06-19 15:21:38,616 - F: [ 8.83327027e-11 -9.55671910e-11  0.00000000e+00]
2021-06-19 15:21:38,616 - F magnitude: 1.301374441016654e-10
2021-06-19 15:21:38,620 - ========================================
2021-06-19 15:21:38,620 - ===== Simulation data output for VNV Type 2a =====
2021-06-19 15:21:38,620 - ========================================
2021-06-19 15:21:38,621 - ---- Input values ----
2021-06-19 15:21:38,621 - V: [-3180. 16020. 18690.]
2021-06-19 15:21:38,621 - B: [ 1.413e-09 -1.126e-09 -5.215e-09]
2021-06-19 15:21:38,621 - l: [ 0.17583754  0.87544648 -0.45019399]
2021-06-19 15:21:38,621 - sigma: 59520000.0
2021-06-19 15:21:38,621 - A: 0.005
2021-06-19 15:21:38,621 - Ic: 0.0372
2021-06-19 15:21:38,621 - L: 531.0

2021-06-19 15:21:38,621 - ---- Output values ----
2021-06-19 15:21:38,621 - Em: 6.19047191453567e-06
2021-06-19 15:21:38,621 - I0: 1.84228444176582
2021-06-19 15:21:38,621 - ic: 0.0201923216397269
2021-06-19 15:21:38,621 - lambdaA: 0.116915701497545
2021-06-19 15:21:38,621 - iavg: 0.0199866962879367
2021-06-19 15:21:38,621 - Iavg: 0.0368211796135644
2021-06-19 15:21:38,622 - IavgVector: [ 0.00647455  0.03223497 -0.01657667]
2021-06-19 15:21:38,622 - F: [-9.91752492e-08  5.49155713e-09 -2.80571659e-08]
2021-06-19 15:21:38,622 - F magnitude: 1.03213815977916e-07
2021-06-19 15:21:38,622 - ========================================
2021-06-19 15:21:38,622 - ===== Reference data output for VNV Type 2a =====
2021-06-19 15:21:38,622 - ========================================
2021-06-19 15:21:38,622 - ---- Input values ----
2021-06-19 15:21:38,622 - V: [-3180 16020 18690]
2021-06-19 15:21:38,622 - B: [ 1.413e-09 -1.126e-09 -5.215e-09]
2021-06-19 15:21:38,622 - l: [ 0.176  0.875 -0.45 ]
2021-06-19 15:21:38,622 - sigma: 59520000.0
2021-06-19 15:21:38,623 - A: 0.005
2021-06-19 15:21:38,623 - Ic: 0.0372
2021-06-19 15:21:38,623 - L: 531

2021-06-19 15:21:38,623 - ---- Output values ----
2021-06-19 15:21:38,623 - Em: 6.1722348900000086e-06
2021-06-19 15:21:38,623 - I0: 1.8368571032640026
2021-06-19 15:21:38,623 - ic: 0.020251983637647953
2021-06-19 15:21:38,623 - lambdaA: 0.11714353430866407
2021-06-19 15:21:38,623 - iavg: 0.02004514320296991
2021-06-19 15:21:38,623 - Iavg: 0.03682006367831942
2021-06-19 15:21:38,623 - IavgVector: [ 0.00648033  0.03221756 -0.01656903]
2021-06-19 15:21:38,623 - F: [-9.91224493e-08  5.51331446e-09 -2.80475576e-08]
2021-06-19 15:21:38,623 - F magnitude: 1.03161630878993e-07
2021-06-19 15:21:38,624 - ========== whaaaaaaa =================

2021-06-19 15:21:38,624 - ========================================
2021-06-19 15:21:38,624 - ===== Reference data output for VNV Type  =====
2021-06-19 15:21:38,624 - ========================================
2021-06-19 15:21:38,624 - ---- Input values ----
2021-06-19 15:21:38,624 - V: [   0 7350    0]
2021-06-19 15:21:38,624 - B: [ 0.00e+00  0.00e+00 -1.75e-05]
2021-06-19 15:21:38,624 - l: [-1  0  0]
2021-06-19 15:21:38,624 - sigma: 34014000.0
2021-06-19 15:21:38,624 - A: 1.9635e-07
2021-06-19 15:21:38,624 - Ic: 0.01
2021-06-19 15:21:38,624 - L: 500

2021-06-19 15:21:38,625 - ---- Output values ----
2021-06-19 15:21:38,625 - Em: 0.128625
2021-06-19 15:21:38,625 - I0: 0.8590412147625001
2021-06-19 15:21:38,625 - ic: 0.011640885010115272
2021-06-19 15:21:38,625 - lambdaA: 0.08121829767790473
2021-06-19 15:21:38,625 - iavg: 0.011572377948277951
2021-06-19 15:21:38,625 - Iavg: 0.009941149610379459
2021-06-19 15:21:38,625 - IavgVector: [-0.00994115  0.          0.        ]
2021-06-19 15:21:38,625 - F: [-0.00000000e+00 -8.69850591e-05 -0.00000000e+00]
2021-06-19 15:21:38,625 - F magnitude: 8.698505909082026e-05
