2021-06-19 15:04:20,774 - ========================================
2021-06-19 15:04:20,774 - ===== Simulation data output for VNV Type 1a =====
2021-06-19 15:04:20,774 - ========================================
2021-06-19 15:04:20,775 - ---- Input values ----
2021-06-19 15:04:20,775 - V: [-21718.45790572  20497.19214515      0.        ]
2021-06-19 15:04:20,775 - B: [4.782e-09 4.420e-09 0.000e+00]
2021-06-19 15:04:20,775 - l: [0. 0. 1.]
2021-06-19 15:04:20,775 - sigma: 48600000.0
2021-06-19 15:04:20,775 - A: 0.0004704
2021-06-19 15:04:20,775 - Ic: 0.002
2021-06-19 15:04:20,775 - L: 10.0

2021-06-19 15:04:20,775 - ---- Output values ----
2021-06-19 15:04:20,775 - Em: -0.000194013385979829
2021-06-19 15:04:20,775 - I0: -4.43542538277471
2021-06-19 15:04:20,775 - ic: -0.000450915036868198
2021-06-19 15:04:20,775 - lambdaA: 0.00933573277100532
2021-06-19 15:04:20,775 - iavg: 0.00045084827619833
2021-06-19 15:04:20,776 - Iavg: -0.0019997038880303
2021-06-19 15:04:20,776 - IavgVector: [0.        0.        0.0019997]
2021-06-19 15:04:20,776 - F: [-8.83869119e-11  9.56258399e-11  0.00000000e+00]
2021-06-19 15:04:20,776 - F magnitude: 1.04173846846199e-10
2021-06-19 15:04:20,776 - ========================================
2021-06-19 15:04:20,776 - ===== Reference data output for VNV Type 1a =====
2021-06-19 15:04:20,776 - ========================================
2021-06-19 15:04:20,776 - ---- Input values ----
2021-06-19 15:04:20,778 - V: [    0 30000     0]
2021-06-19 15:04:20,778 - B: [4.782e-09 4.420e-09 0.000e+00]
2021-06-19 15:04:20,778 - l: [0 0 1]
2021-06-19 15:04:20,778 - sigma: 48600000.0
2021-06-19 15:04:20,778 - A: 0.0004704
2021-06-19 15:04:20,778 - Ic: 0.002
2021-06-19 15:04:20,778 - L: 10

2021-06-19 15:04:20,779 - ---- Output values ----
2021-06-19 15:04:20,779 - Em: -0.00014346
2021-06-19 15:04:20,779 - I0: -3.2797021824000003
2021-06-19 15:04:20,779 - ic: -0.0006098114672523261
2021-06-19 15:04:20,779 - lambdaA: 0.011417525427028206
2021-06-19 15:04:20,779 - iavg: 0.0006097188158310912
2021-06-19 15:04:20,779 - Iavg: -0.0019996961309315738
2021-06-19 15:04:20,779 - IavgVector: [0.        0.        0.0019997]
2021-06-19 15:04:20,779 - F: [-8.8386569e-12  9.5625469e-12  0.0000000e+00]
2021-06-19 15:04:20,779 - F magnitude: 1.30216803428702e-11
2021-06-19 15:04:20,783 - ========================================
2021-06-19 15:04:20,783 - ===== Simulation data output for VNV Type 1b =====
2021-06-19 15:04:20,783 - ========================================
2021-06-19 15:04:20,783 - ---- Input values ----
2021-06-19 15:04:20,783 - V: [-21718.45790268  20497.19214217      0.        ]
2021-06-19 15:04:20,783 - B: [4.782e-09 4.420e-09 0.000e+00]
2021-06-19 15:04:20,783 - l: [ 0.  0. -1.]
2021-06-19 15:04:20,783 - sigma: 48600000.0
2021-06-19 15:04:20,783 - A: 0.0004704
2021-06-19 15:04:20,783 - Ic: 0.002
2021-06-19 15:04:20,783 - L: 10.0

2021-06-19 15:04:20,783 - ---- Output values ----
2021-06-19 15:04:20,783 - Em: 0.000194013385952151
2021-06-19 15:04:20,784 - I0: 4.43542538214194
2021-06-19 15:04:20,784 - ic: 0.000450915036932527
2021-06-19 15:04:20,784 - lambdaA: 0.00933292677876342
2021-06-19 15:04:20,784 - iavg: 0.000450645078418565
2021-06-19 15:04:20,784 - Iavg: 0.00199880261915505
2021-06-19 15:04:20,784 - IavgVector: [ 0.         0.        -0.0019988]
2021-06-19 15:04:20,784 - F: [ 8.83470758e-11 -9.55827412e-11  0.00000000e+00]
2021-06-19 15:04:20,784 - F magnitude: 1.04126895571893e-10
2021-06-19 15:04:20,784 - ========================================
2021-06-19 15:04:20,784 - ===== Reference data output for VNV Type 1b =====
2021-06-19 15:04:20,784 - ========================================
2021-06-19 15:04:20,784 - ---- Input values ----
2021-06-19 15:04:20,784 - V: [    0 30000     0]
2021-06-19 15:04:20,784 - B: [4.782e-09 4.420e-09 0.000e+00]
2021-06-19 15:04:20,785 - l: [ 0  0 -1]
2021-06-19 15:04:20,785 - sigma: 48600000.0
2021-06-19 15:04:20,785 - A: 0.0004704
2021-06-19 15:04:20,785 - Ic: 0.002
2021-06-19 15:04:20,785 - L: 10

2021-06-19 15:04:20,785 - ---- Output values ----
2021-06-19 15:04:20,785 - Em: 0.00014346
2021-06-19 15:04:20,785 - I0: 3.2797021824000003
2021-06-19 15:04:20,785 - ic: 0.0006098114672523261
2021-06-19 15:04:20,785 - lambdaA: 0.011412884678320204
2021-06-19 15:04:20,785 - iavg: 0.0006093472288036737
2021-06-19 15:04:20,785 - Iavg: 0.0019984774361468008
2021-06-19 15:04:20,785 - IavgVector: [ 0.          0.         -0.00199848]
2021-06-19 15:04:20,785 - F: [ 8.83327027e-12 -9.55671910e-12  0.00000000e+00]
2021-06-19 15:04:20,785 - F magnitude: 1.3013744410166541e-11
2021-06-19 15:04:20,789 - ========================================
2021-06-19 15:04:20,789 - ===== Simulation data output for VNV Type 2a =====
2021-06-19 15:04:20,789 - ========================================
2021-06-19 15:04:20,789 - ---- Input values ----
2021-06-19 15:04:20,789 - V: [-98316.89232982 -16325.91061666 -20916.0886186 ]
2021-06-19 15:04:20,789 - B: [ 1.413 -1.126 -5.215]
2021-06-19 15:04:20,789 - l: [ 0.17583754  0.87544648 -0.45019399]
2021-06-19 15:04:20,790 - sigma: 59520000.0
2021-06-19 15:04:20,790 - A: 0.005
2021-06-19 15:04:20,790 - Ic: 0.0372
2021-06-19 15:04:20,790 - L: 531.0

2021-06-19 15:04:20,790 - ---- Output values ----
2021-06-19 15:04:20,790 - Em: -524130.34943698
2021-06-19 15:04:20,790 - I0: -155981191992.445
2021-06-19 15:04:20,790 - ic: -2.38490291841094e-13
2021-06-19 15:04:20,790 - lambdaA: 6.10473946107502e-09
2021-06-19 15:04:20,790 - iavg: 2.38490291840026e-13
2021-06-19 15:04:20,790 - Iavg: -0.0371999999998334
2021-06-19 15:04:20,790 - IavgVector: [ 0.00654116  0.03256661 -0.01674722]
2021-06-19 15:04:20,790 - F: [-100.19557515    5.54805488  -28.34582119]
2021-06-19 15:04:20,790 - F magnitude: 83.4205529460404
2021-06-19 15:04:20,790 - ========================================
2021-06-19 15:04:20,790 - ===== Reference data output for VNV Type 2a =====
2021-06-19 15:04:20,790 - ========================================
2021-06-19 15:04:20,790 - ---- Input values ----
2021-06-19 15:04:20,791 - V: [-3180 16020 18690]
2021-06-19 15:04:20,791 - B: [ 1.413 -1.126 -5.215]
2021-06-19 15:04:20,791 - l: [ 0.176  0.875 -0.45 ]
2021-06-19 15:04:20,791 - sigma: 59520000.0
2021-06-19 15:04:20,791 - A: 0.005
2021-06-19 15:04:20,791 - Ic: 0.0372
2021-06-19 15:04:20,791 - L: 531

2021-06-19 15:04:20,791 - ---- Output values ----
2021-06-19 15:04:20,791 - Em: 6172.234890000002
2021-06-19 15:04:20,791 - I0: 1836857103.264001
2021-06-19 15:04:20,791 - ic: 2.025198363764797e-11
2021-06-19 15:04:20,791 - lambdaA: 1.1794106424441946e-07
2021-06-19 15:04:20,791 - iavg: 2.025198363564365e-11
2021-06-19 15:04:20,791 - Iavg: 0.037199999996318345
2021-06-19 15:04:20,791 - IavgVector: [ 0.0065472  0.03255   -0.01674  ]
2021-06-19 15:04:20,792 - F: [-0.18859749  0.01049003 -0.0533653 ]
2021-06-19 15:04:20,792 - F magnitude: 0.19628272684920406
2021-06-19 15:04:20,792 - ========== whaaaaaaa =================

2021-06-19 15:04:20,792 - ========================================
2021-06-19 15:04:20,792 - ===== Reference data output for VNV Type  =====
2021-06-19 15:04:20,792 - ========================================
2021-06-19 15:04:20,792 - ---- Input values ----
2021-06-19 15:04:20,792 - V: [   0 7350    0]
2021-06-19 15:04:20,793 - B: [ 0.00e+00  0.00e+00 -1.75e-05]
2021-06-19 15:04:20,793 - l: [-1  0  0]
2021-06-19 15:04:20,793 - sigma: 34014000.0
2021-06-19 15:04:20,793 - A: 1.9635e-07
2021-06-19 15:04:20,793 - Ic: 0.01
2021-06-19 15:04:20,793 - L: 500

2021-06-19 15:04:20,793 - ---- Output values ----
2021-06-19 15:04:20,793 - Em: 0.128625
2021-06-19 15:04:20,793 - I0: 0.8590412147625001
2021-06-19 15:04:20,793 - ic: 0.011640885010115272
2021-06-19 15:04:20,793 - lambdaA: 0.08121829767790473
2021-06-19 15:04:20,793 - iavg: 0.011572377948277951
2021-06-19 15:04:20,793 - Iavg: 0.009941149610379459
2021-06-19 15:04:20,793 - IavgVector: [-0.00994115  0.          0.        ]
2021-06-19 15:04:20,793 - F: [-0.00000000e+00 -1.73970118e-07 -0.00000000e+00]
2021-06-19 15:04:20,793 - F magnitude: 1.7397011818164052e-07
