2021-06-19 14:38:32,335 - ========================================
2021-06-19 14:38:32,335 - ===== Simulation data output for VNV Type 1a =====
2021-06-19 14:38:32,335 - ========================================
2021-06-19 14:38:32,335 - ---- Input values ----
2021-06-19 14:38:32,335 - V: [-3.73366010e-01  3.00000000e+04 -1.05955372e-07]
2021-06-19 14:38:32,336 - B: [4.782e-09 4.420e-09 0.000e+00]
2021-06-19 14:38:32,336 - l: [0. 0. 1.]
2021-06-19 14:38:32,336 - sigma: 48600000.0
2021-06-19 14:38:32,336 - A: 0.0004704
2021-06-19 14:38:32,336 - Ic: 6.91517136429867e-310
2021-06-19 14:38:32,336 - L: 10.0

2021-06-19 14:38:32,336 - ---- Output values ----
2021-06-19 14:38:32,336 - Em: 6.91517117385183e-310
2021-06-19 14:38:32,336 - I0: 4.65184752068485e-310
2021-06-19 14:38:32,336 - ic: 4.65185220147464e-310
2021-06-19 14:38:32,336 - lambdaA: 6.91517117385183e-310
2021-06-19 14:38:32,336 - iavg: 2e-322
2021-06-19 14:38:32,336 - Iavg: 4.6518522014936e-310
2021-06-19 14:38:32,336 - IavgVector: [0.    0.    0.002]
2021-06-19 14:38:32,337 - F: [-8.840e-11  9.564e-11  0.000e+00]
2021-06-19 14:38:32,337 - F magnitude: 1.04189272691578e-10
2021-06-19 14:38:32,337 - ========================================
2021-06-19 14:38:32,337 - ===== Reference data output for VNV Type 1a =====
2021-06-19 14:38:32,337 - ========================================
2021-06-19 14:38:32,337 - ---- Input values ----
2021-06-19 14:38:32,337 - V: [    0 30000     0]
2021-06-19 14:38:32,337 - B: [4.782e-09 4.420e-09 0.000e+00]
2021-06-19 14:38:32,337 - l: [0 0 1]
2021-06-19 14:38:32,337 - sigma: 48600000.0
2021-06-19 14:38:32,337 - A: 0.0004704
2021-06-19 14:38:32,337 - Ic: 0.002
2021-06-19 14:38:32,337 - L: 10

2021-06-19 14:38:32,337 - ---- Output values ----
2021-06-19 14:38:32,338 - Em: -0.00014346
2021-06-19 14:38:32,338 - I0: -3.2797021824000003
2021-06-19 14:38:32,338 - ic: -0.0006098114672523261
2021-06-19 14:38:32,338 - lambdaA: 0.011417525427028206
2021-06-19 14:38:32,338 - iavg: 0.0006097188158310912
2021-06-19 14:38:32,338 - Iavg: -0.0019996961309315738
2021-06-19 14:38:32,338 - IavgVector: [0.        0.        0.0019997]
2021-06-19 14:38:32,338 - F: [-8.8386569e-12  9.5625469e-12  0.0000000e+00]
2021-06-19 14:38:32,338 - F magnitude: 1.30216803428702e-11
2021-06-19 14:38:32,341 - ========================================
2021-06-19 14:38:32,342 - ===== Simulation data output for VNV Type 1b =====
2021-06-19 14:38:32,342 - ========================================
2021-06-19 14:38:32,342 - ---- Input values ----
2021-06-19 14:38:32,342 - V: [-3.73366010e-01  3.00000000e+04 -1.05955372e-07]
2021-06-19 14:38:32,342 - B: [4.782e-09 4.420e-09 0.000e+00]
2021-06-19 14:38:32,342 - l: [0. 0. 1.]
2021-06-19 14:38:32,342 - sigma: 48600000.0
2021-06-19 14:38:32,342 - A: 0.0004704
2021-06-19 14:38:32,342 - Ic: 6.90847542877614e-310
2021-06-19 14:38:32,342 - L: 10.0

2021-06-19 14:38:32,342 - ---- Output values ----
2021-06-19 14:38:32,342 - Em: 6.9084752383293e-310
2021-06-19 14:38:32,343 - I0: 4.6731496850469e-310
2021-06-19 14:38:32,343 - ic: 4.6731543658367e-310
2021-06-19 14:38:32,343 - lambdaA: 6.9084752383293e-310
2021-06-19 14:38:32,343 - iavg: 2e-322
2021-06-19 14:38:32,343 - Iavg: 4.67315436585565e-310
2021-06-19 14:38:32,343 - IavgVector: [0.    0.    0.002]
2021-06-19 14:38:32,343 - F: [-8.840e-11  9.564e-11  0.000e+00]
2021-06-19 14:38:32,343 - F magnitude: 1.04189272691578e-10
2021-06-19 14:38:32,343 - ========================================
2021-06-19 14:38:32,343 - ===== Reference data output for VNV Type 1b =====
2021-06-19 14:38:32,343 - ========================================
2021-06-19 14:38:32,343 - ---- Input values ----
2021-06-19 14:38:32,343 - V: [    0 30000     0]
2021-06-19 14:38:32,344 - B: [4.782e-09 4.420e-09 0.000e+00]
2021-06-19 14:38:32,344 - l: [ 0  0 -1]
2021-06-19 14:38:32,344 - sigma: 48600000.0
2021-06-19 14:38:32,344 - A: 0.0004704
2021-06-19 14:38:32,344 - Ic: 0.002
2021-06-19 14:38:32,344 - L: 10

2021-06-19 14:38:32,344 - ---- Output values ----
2021-06-19 14:38:32,344 - Em: 0.00014346
2021-06-19 14:38:32,344 - I0: 3.2797021824000003
2021-06-19 14:38:32,344 - ic: 0.0006098114672523261
2021-06-19 14:38:32,344 - lambdaA: 0.011412884678320204
2021-06-19 14:38:32,344 - iavg: 0.0006093472288036737
2021-06-19 14:38:32,344 - Iavg: 0.0019984774361468008
2021-06-19 14:38:32,344 - IavgVector: [ 0.          0.         -0.00199848]
2021-06-19 14:38:32,345 - F: [ 8.83327027e-12 -9.55671910e-12  0.00000000e+00]
2021-06-19 14:38:32,345 - F magnitude: 1.3013744410166541e-11
2021-06-19 14:38:32,348 - ========================================
2021-06-19 14:38:32,348 - ===== Simulation data output for VNV Type 2a =====
2021-06-19 14:38:32,348 - ========================================
2021-06-19 14:38:32,348 - ---- Input values ----
2021-06-19 14:38:32,348 - V: [-3181.55044052 16020.06517703 18689.66699885]
2021-06-19 14:38:32,349 - B: [ 1.413 -1.126 -5.215]
2021-06-19 14:38:32,349 - l: [ 0.17583754  0.87544648 -0.45019399]
2021-06-19 14:38:32,349 - sigma: 59520000.0
2021-06-19 14:38:32,349 - A: 0.005
2021-06-19 14:38:32,349 - Ic: 6.91326860062195e-310
2021-06-19 14:38:32,349 - L: 531.0

2021-06-19 14:38:32,349 - ---- Output values ----
2021-06-19 14:38:32,349 - Em: 6.9132684101751e-310
2021-06-19 14:38:32,349 - I0: 4.6660286950944e-310
2021-06-19 14:38:32,349 - ic: 4.6660333758842e-310
2021-06-19 14:38:32,349 - lambdaA: 6.9132684101751e-310
2021-06-19 14:38:32,349 - iavg: 2e-322
2021-06-19 14:38:32,349 - Iavg: 4.66603337590317e-310
2021-06-19 14:38:32,349 - IavgVector: [ 0.00654116  0.03256661 -0.01674722]
2021-06-19 14:38:32,350 - F: [-100.19557515    5.54805488  -28.34582119]
2021-06-19 14:38:32,350 - F magnitude: 83.4205529464141
2021-06-19 14:38:32,350 - ========================================
2021-06-19 14:38:32,350 - ===== Reference data output for VNV Type 2a =====
2021-06-19 14:38:32,350 - ========================================
2021-06-19 14:38:32,350 - ---- Input values ----
2021-06-19 14:38:32,350 - V: [-3180 16020 18690]
2021-06-19 14:38:32,350 - B: [ 1.413 -1.126 -5.215]
2021-06-19 14:38:32,350 - l: [ 0.176  0.875 -0.45 ]
2021-06-19 14:38:32,351 - sigma: 59520000.0
2021-06-19 14:38:32,351 - A: 0.005
2021-06-19 14:38:32,351 - Ic: 0.0372
2021-06-19 14:38:32,351 - L: 531

2021-06-19 14:38:32,351 - ---- Output values ----
2021-06-19 14:38:32,351 - Em: 6172.234890000002
2021-06-19 14:38:32,351 - I0: 1836857103.264001
2021-06-19 14:38:32,351 - ic: 2.025198363764797e-11
2021-06-19 14:38:32,351 - lambdaA: 1.1794106424441946e-07
2021-06-19 14:38:32,351 - iavg: 2.025198363564365e-11
2021-06-19 14:38:32,351 - Iavg: 0.037199999996318345
2021-06-19 14:38:32,351 - IavgVector: [ 0.0065472  0.03255   -0.01674  ]
2021-06-19 14:38:32,352 - F: [-0.18859749  0.01049003 -0.0533653 ]
2021-06-19 14:38:32,352 - F magnitude: 0.19628272684920406
2021-06-19 14:38:32,352 - ========== whaaaaaaa =================

2021-06-19 14:38:32,353 - ========================================
2021-06-19 14:38:32,353 - ===== Reference data output for VNV Type  =====
2021-06-19 14:38:32,353 - ========================================
2021-06-19 14:38:32,353 - ---- Input values ----
2021-06-19 14:38:32,353 - V: [   0 7350    0]
2021-06-19 14:38:32,353 - B: [ 0.00e+00  0.00e+00 -1.75e-05]
2021-06-19 14:38:32,354 - l: [-1  0  0]
2021-06-19 14:38:32,354 - sigma: 34014000.0
2021-06-19 14:38:32,354 - A: 1.9635e-07
2021-06-19 14:38:32,354 - Ic: 0.01
2021-06-19 14:38:32,354 - L: 500

2021-06-19 14:38:32,354 - ---- Output values ----
2021-06-19 14:38:32,354 - Em: 0.128625
2021-06-19 14:38:32,354 - I0: 0.8590412147625001
2021-06-19 14:38:32,354 - ic: 0.011640885010115272
2021-06-19 14:38:32,354 - lambdaA: 0.08121829767790473
2021-06-19 14:38:32,354 - iavg: 0.011572377948277951
2021-06-19 14:38:32,354 - Iavg: 0.009941149610379459
2021-06-19 14:38:32,354 - IavgVector: [-0.00994115  0.          0.        ]
2021-06-19 14:38:32,355 - F: [-0.00000000e+00 -1.73970118e-07 -0.00000000e+00]
2021-06-19 14:38:32,355 - F magnitude: 1.7397011818164052e-07
