2021-06-19 15:26:45,606 - ========================================
2021-06-19 15:26:45,606 - ===== Simulation data output for VNV Type 1a =====
2021-06-19 15:26:45,606 - ========================================
2021-06-19 15:26:45,606 - ---- Input values ----
2021-06-19 15:26:45,606 - V: [-1.39090863e-09  3.00000000e+04  0.00000000e+00]
2021-06-19 15:26:45,606 - B: [4.782e-09 4.420e-09 0.000e+00]
2021-06-19 15:26:45,606 - l: [0. 0. 1.]
2021-06-19 15:26:45,607 - sigma: 48600000.0
2021-06-19 15:26:45,607 - A: 0.0004704
2021-06-19 15:26:45,607 - Ic: 0.002
2021-06-19 15:26:45,607 - L: 10.0

2021-06-19 15:26:45,607 - ---- Output values ----
2021-06-19 15:26:45,607 - Em: -0.000143460000000003
2021-06-19 15:26:45,607 - I0: -3.27970218240007
2021-06-19 15:26:45,607 - ic: -0.000609811467252312
2021-06-19 15:26:45,607 - lambdaA: 0.011417525427028
2021-06-19 15:26:45,607 - iavg: 0.000609718815831077
2021-06-19 15:26:45,607 - Iavg: -0.00199969613093157
2021-06-19 15:26:45,607 - IavgVector: [0.        0.        0.0019997]
2021-06-19 15:26:45,607 - F: [-8.8386569e-11  9.5625469e-11  0.0000000e+00]
2021-06-19 15:26:45,607 - F magnitude: 1.30216803428702e-10
2021-06-19 15:26:45,607 - ========================================
2021-06-19 15:26:45,607 - ===== Reference data output for VNV Type 1a =====
2021-06-19 15:26:45,607 - ========================================
2021-06-19 15:26:45,608 - ---- Input values ----
2021-06-19 15:26:45,749 - V: [    0 30000     0]
2021-06-19 15:26:45,750 - B: [4.782e-09 4.420e-09 0.000e+00]
2021-06-19 15:26:45,750 - l: [0 0 1]
2021-06-19 15:26:45,750 - sigma: 48600000.0
2021-06-19 15:26:45,750 - A: 0.0004704
2021-06-19 15:26:45,750 - Ic: 0.002
2021-06-19 15:26:45,750 - L: 10

2021-06-19 15:26:45,750 - ---- Output values ----
2021-06-19 15:26:45,750 - Em: -0.00014346
2021-06-19 15:26:45,750 - I0: -3.2797021824000003
2021-06-19 15:26:45,750 - ic: -0.0006098114672523261
2021-06-19 15:26:45,750 - lambdaA: 0.011417525427028206
2021-06-19 15:26:45,750 - iavg: 0.0006097188158310912
2021-06-19 15:26:45,750 - Iavg: -0.0019996961309315738
2021-06-19 15:26:45,750 - IavgVector: [0.        0.        0.0019997]
2021-06-19 15:26:45,751 - F: [-8.8386569e-11  9.5625469e-11  0.0000000e+00]
2021-06-19 15:26:45,751 - F magnitude: 1.30216803428702e-10
2021-06-19 15:26:45,754 - ========================================
2021-06-19 15:26:45,754 - ===== Simulation data output for VNV Type 1b =====
2021-06-19 15:26:45,754 - ========================================
2021-06-19 15:26:45,754 - ---- Input values ----
2021-06-19 15:26:45,755 - V: [-1.39090863e-09  3.00000000e+04  0.00000000e+00]
2021-06-19 15:26:45,755 - B: [4.782e-09 4.420e-09 0.000e+00]
2021-06-19 15:26:45,755 - l: [ 0.  0. -1.]
2021-06-19 15:26:45,755 - sigma: 48600000.0
2021-06-19 15:26:45,755 - A: 0.0004704
2021-06-19 15:26:45,755 - Ic: 0.002
2021-06-19 15:26:45,755 - L: 10.0

2021-06-19 15:26:45,755 - ---- Output values ----
2021-06-19 15:26:45,755 - Em: 0.000143460000000003
2021-06-19 15:26:45,755 - I0: 3.27970218240007
2021-06-19 15:26:45,755 - ic: 0.000609811467252312
2021-06-19 15:26:45,755 - lambdaA: 0.01141288467832
2021-06-19 15:26:45,755 - iavg: 0.00060934722880366
2021-06-19 15:26:45,755 - Iavg: 0.0019984774361468
2021-06-19 15:26:45,756 - IavgVector: [ 0.          0.         -0.00199848]
2021-06-19 15:26:45,756 - F: [ 8.83327027e-11 -9.55671910e-11  0.00000000e+00]
2021-06-19 15:26:45,756 - F magnitude: 1.30137444101665e-10
2021-06-19 15:26:45,756 - ========================================
2021-06-19 15:26:45,756 - ===== Reference data output for VNV Type 1b =====
2021-06-19 15:26:45,756 - ========================================
2021-06-19 15:26:45,756 - ---- Input values ----
2021-06-19 15:26:45,756 - V: [    0 30000     0]
2021-06-19 15:26:45,756 - B: [4.782e-09 4.420e-09 0.000e+00]
2021-06-19 15:26:45,756 - l: [ 0  0 -1]
2021-06-19 15:26:45,756 - sigma: 48600000.0
2021-06-19 15:26:45,756 - A: 0.0004704
2021-06-19 15:26:45,756 - Ic: 0.002
2021-06-19 15:26:45,756 - L: 10

2021-06-19 15:26:45,757 - ---- Output values ----
2021-06-19 15:26:45,757 - Em: 0.00014346
2021-06-19 15:26:45,757 - I0: 3.2797021824000003
2021-06-19 15:26:45,757 - ic: 0.0006098114672523261
2021-06-19 15:26:45,757 - lambdaA: 0.011412884678320204
2021-06-19 15:26:45,757 - iavg: 0.0006093472288036737
2021-06-19 15:26:45,757 - Iavg: 0.0019984774361468008
2021-06-19 15:26:45,757 - IavgVector: [ 0.          0.         -0.00199848]
2021-06-19 15:26:45,757 - F: [ 8.83327027e-11 -9.55671910e-11  0.00000000e+00]
2021-06-19 15:26:45,757 - F magnitude: 1.301374441016654e-10
2021-06-19 15:26:45,761 - ========================================
2021-06-19 15:26:45,761 - ===== Simulation data output for VNV Type 2a =====
2021-06-19 15:26:45,761 - ========================================
2021-06-19 15:26:45,761 - ---- Input values ----
2021-06-19 15:26:45,762 - V: [-3180. 16020. 18690.]
2021-06-19 15:26:45,762 - B: [ 1.413e-09 -1.126e-09 -5.215e-09]
2021-06-19 15:26:45,762 - l: [ 0.176  0.875 -0.45 ]
2021-06-19 15:26:45,762 - sigma: 59520000.0
2021-06-19 15:26:45,762 - A: 0.005
2021-06-19 15:26:45,762 - Ic: 0.0372
2021-06-19 15:26:45,762 - L: 531.0

2021-06-19 15:26:45,762 - ---- Output values ----
2021-06-19 15:26:45,762 - Em: 6.17223488999627e-06
2021-06-19 15:26:45,763 - I0: 1.83685710326289
2021-06-19 15:26:45,763 - ic: 0.0202519836376602
2021-06-19 15:26:45,763 - lambdaA: 0.117143534308711
2021-06-19 15:26:45,763 - iavg: 0.0200451432029819
2021-06-19 15:26:45,763 - Iavg: 0.0368200636783192
2021-06-19 15:26:45,763 - IavgVector: [ 0.00648033  0.03221756 -0.01656903]
2021-06-19 15:26:45,763 - F: [-9.91224493e-08  5.51331446e-09 -2.80475576e-08]
2021-06-19 15:26:45,763 - F magnitude: 1.03161630878992e-07
2021-06-19 15:26:45,763 - ========================================
2021-06-19 15:26:45,763 - ===== Reference data output for VNV Type 2a =====
2021-06-19 15:26:45,763 - ========================================
2021-06-19 15:26:45,763 - ---- Input values ----
2021-06-19 15:26:45,764 - V: [-3180 16020 18690]
2021-06-19 15:26:45,764 - B: [ 1.413e-09 -1.126e-09 -5.215e-09]
2021-06-19 15:26:45,764 - l: [ 0.176  0.875 -0.45 ]
2021-06-19 15:26:45,764 - sigma: 59520000.0
2021-06-19 15:26:45,764 - A: 0.005
2021-06-19 15:26:45,764 - Ic: 0.0372
2021-06-19 15:26:45,764 - L: 531

2021-06-19 15:26:45,764 - ---- Output values ----
2021-06-19 15:26:45,764 - Em: 6.1722348900000086e-06
2021-06-19 15:26:45,764 - I0: 1.8368571032640026
2021-06-19 15:26:45,764 - ic: 0.020251983637647953
2021-06-19 15:26:45,765 - lambdaA: 0.11714353430866407
2021-06-19 15:26:45,765 - iavg: 0.02004514320296991
2021-06-19 15:26:45,765 - Iavg: 0.03682006367831942
2021-06-19 15:26:45,765 - IavgVector: [ 0.00648033  0.03221756 -0.01656903]
2021-06-19 15:26:45,765 - F: [-9.91224493e-08  5.51331446e-09 -2.80475576e-08]
2021-06-19 15:26:45,765 - F magnitude: 1.03161630878993e-07
2021-06-19 15:26:45,766 - ========== whaaaaaaa =================

2021-06-19 15:26:45,766 - ========================================
2021-06-19 15:26:45,766 - ===== Reference data output for VNV Type  =====
2021-06-19 15:26:45,766 - ========================================
2021-06-19 15:26:45,766 - ---- Input values ----
2021-06-19 15:26:45,766 - V: [   0 7350    0]
2021-06-19 15:26:45,766 - B: [ 0.00e+00  0.00e+00 -1.75e-05]
2021-06-19 15:26:45,766 - l: [-1  0  0]
2021-06-19 15:26:45,766 - sigma: 34014000.0
2021-06-19 15:26:45,767 - A: 1.9635e-07
2021-06-19 15:26:45,767 - Ic: 0.01
2021-06-19 15:26:45,767 - L: 500

2021-06-19 15:26:45,767 - ---- Output values ----
2021-06-19 15:26:45,767 - Em: 0.128625
2021-06-19 15:26:45,767 - I0: 0.8590412147625001
2021-06-19 15:26:45,767 - ic: 0.011640885010115272
2021-06-19 15:26:45,767 - lambdaA: 0.08121829767790473
2021-06-19 15:26:45,767 - iavg: 0.011572377948277951
2021-06-19 15:26:45,767 - Iavg: 0.009941149610379459
2021-06-19 15:26:45,767 - IavgVector: [-0.00994115  0.          0.        ]
2021-06-19 15:26:45,767 - F: [-0.00000000e+00 -8.69850591e-05 -0.00000000e+00]
2021-06-19 15:26:45,767 - F magnitude: 8.698505909082026e-05
