2021-06-19 16:03:35,359 - ========================================
2021-06-19 16:03:35,360 - ===== Simulation data output for VNV Type 1a =====
2021-06-19 16:03:35,360 - ========================================
2021-06-19 16:03:35,360 - ---- Input values ----
2021-06-19 16:03:35,360 - V: [-1.39090863e-09  3.00000000e+04  0.00000000e+00]
2021-06-19 16:03:35,360 - B: [4.782e-09 4.420e-09 0.000e+00]
2021-06-19 16:03:35,360 - l: [0. 0. 1.]
2021-06-19 16:03:35,360 - sigma: 48600000.0
2021-06-19 16:03:35,360 - A: 0.0004704
2021-06-19 16:03:35,360 - Ic: 0.002
2021-06-19 16:03:35,360 - L: 10.0

2021-06-19 16:03:35,360 - ---- Output values ----
2021-06-19 16:03:35,360 - Em: -0.000143460000000003
2021-06-19 16:03:35,360 - I0: -3.27970218240007
2021-06-19 16:03:35,361 - ic: -0.000609811467252312
2021-06-19 16:03:35,361 - lambdaA: 0.011417525427028
2021-06-19 16:03:35,361 - iavg: 0.000609718815831077
2021-06-19 16:03:35,361 - Iavg: -0.00199969613093157
2021-06-19 16:03:35,361 - IavgVector: [0.        0.        0.0019997]
2021-06-19 16:03:35,361 - F: [-8.8386569e-11  9.5625469e-11  0.0000000e+00]
2021-06-19 16:03:35,361 - F magnitude: 1.30216803428702e-10
2021-06-19 16:03:35,361 - ========================================
2021-06-19 16:03:35,361 - ===== Reference data output for VNV Type 1a =====
2021-06-19 16:03:35,361 - ========================================
2021-06-19 16:03:35,361 - ---- Input values ----
2021-06-19 16:03:35,361 - V: [    0 30000     0]
2021-06-19 16:03:35,361 - B: [4.782e-09 4.420e-09 0.000e+00]
2021-06-19 16:03:35,361 - l: [0 0 1]
2021-06-19 16:03:35,362 - sigma: 48600000.0
2021-06-19 16:03:35,362 - A: 0.0004704
2021-06-19 16:03:35,362 - Ic: 0.002
2021-06-19 16:03:35,362 - L: 10

2021-06-19 16:03:35,362 - ---- Output values ----
2021-06-19 16:03:35,362 - Em: -0.0014346
2021-06-19 16:03:35,362 - I0: -32.797021824
2021-06-19 16:03:35,362 - ic: -6.0981146725232615e-05
2021-06-19 16:03:35,362 - lambdaA: 0.0024593813920307053
2021-06-19 16:03:35,362 - iavg: 6.097700685654573e-05
2021-06-19 16:03:35,362 - Iavg: -0.001999864224636328
2021-06-19 16:03:35,362 - IavgVector: [0.         0.         0.00199986]
2021-06-19 16:03:35,362 - F: [-8.83939987e-11  9.56335072e-11  0.00000000e+00]
2021-06-19 16:03:35,362 - F magnitude: 1.3022774940422847e-10
2021-06-19 16:03:35,366 - ========================================
2021-06-19 16:03:35,366 - ===== Simulation data output for VNV Type 1b =====
2021-06-19 16:03:35,366 - ========================================
2021-06-19 16:03:35,366 - ---- Input values ----
2021-06-19 16:03:35,366 - V: [-1.39090863e-09  3.00000000e+04  0.00000000e+00]
2021-06-19 16:03:35,366 - B: [4.782e-09 4.420e-09 0.000e+00]
2021-06-19 16:03:35,366 - l: [ 0.  0. -1.]
2021-06-19 16:03:35,366 - sigma: 48600000.0
2021-06-19 16:03:35,366 - A: 0.0004704
2021-06-19 16:03:35,366 - Ic: 0.002
2021-06-19 16:03:35,366 - L: 10.0

2021-06-19 16:03:35,366 - ---- Output values ----
2021-06-19 16:03:35,366 - Em: 0.000143460000000003
2021-06-19 16:03:35,367 - I0: 3.27970218240007
2021-06-19 16:03:35,367 - ic: 0.000609811467252312
2021-06-19 16:03:35,367 - lambdaA: 0.01141288467832
2021-06-19 16:03:35,367 - iavg: 0.00060934722880366
2021-06-19 16:03:35,367 - Iavg: 0.0019984774361468
2021-06-19 16:03:35,367 - IavgVector: [ 0.          0.         -0.00199848]
2021-06-19 16:03:35,367 - F: [ 8.83327027e-11 -9.55671910e-11  0.00000000e+00]
2021-06-19 16:03:35,367 - F magnitude: 1.30137444101665e-10
2021-06-19 16:03:35,367 - ========================================
2021-06-19 16:03:35,367 - ===== Reference data output for VNV Type 1b =====
2021-06-19 16:03:35,367 - ========================================
2021-06-19 16:03:35,367 - ---- Input values ----
2021-06-19 16:03:35,367 - V: [    0 30000     0]
2021-06-19 16:03:35,367 - B: [4.782e-09 4.420e-09 0.000e+00]
2021-06-19 16:03:35,368 - l: [ 0  0 -1]
2021-06-19 16:03:35,368 - sigma: 48600000.0
2021-06-19 16:03:35,368 - A: 0.0004704
2021-06-19 16:03:35,368 - Ic: 0.002
2021-06-19 16:03:35,368 - L: 10

2021-06-19 16:03:35,368 - ---- Output values ----
2021-06-19 16:03:35,368 - Em: 0.0014346
2021-06-19 16:03:35,368 - I0: 32.797021824
2021-06-19 16:03:35,368 - ic: 6.0981146725232615e-05
2021-06-19 16:03:35,368 - lambdaA: 0.002459281410131345
2021-06-19 16:03:35,368 - iavg: 6.09732887659909e-05
2021-06-19 16:03:35,368 - Iavg: 0.0019997422823392575
2021-06-19 16:03:35,368 - IavgVector: [ 0.          0.         -0.00199974]
2021-06-19 16:03:35,368 - F: [ 8.83886089e-11 -9.56276759e-11  0.00000000e+00]
2021-06-19 16:03:35,368 - F magnitude: 1.3021980872970217e-10
2021-06-19 16:03:35,372 - ========================================
2021-06-19 16:03:35,372 - ===== Simulation data output for VNV Type 2a =====
2021-06-19 16:03:35,372 - ========================================
2021-06-19 16:03:35,372 - ---- Input values ----
2021-06-19 16:03:35,372 - V: [-3180. 16020. 18690.]
2021-06-19 16:03:35,372 - B: [ 1.413e-09 -1.126e-09 -5.215e-09]
2021-06-19 16:03:35,372 - l: [ 0.176  0.875 -0.45 ]
2021-06-19 16:03:35,372 - sigma: 59520000.0
2021-06-19 16:03:35,372 - A: 0.005
2021-06-19 16:03:35,372 - Ic: 0.0372
2021-06-19 16:03:35,372 - L: 531.0

2021-06-19 16:03:35,372 - ---- Output values ----
2021-06-19 16:03:35,372 - Em: 6.17223488999627e-06
2021-06-19 16:03:35,372 - I0: 1.83685710326289
2021-06-19 16:03:35,373 - ic: 0.0202519836376602
2021-06-19 16:03:35,373 - lambdaA: 0.117143534308711
2021-06-19 16:03:35,373 - iavg: 0.0200451432029819
2021-06-19 16:03:35,373 - Iavg: 0.0368200636783192
2021-06-19 16:03:35,373 - IavgVector: [ 0.00648033  0.03221756 -0.01656903]
2021-06-19 16:03:35,373 - F: [-9.91224493e-08  5.51331446e-09 -2.80475576e-08]
2021-06-19 16:03:35,373 - F magnitude: 1.03161630878992e-07
2021-06-19 16:03:35,373 - ========================================
2021-06-19 16:03:35,373 - ===== Reference data output for VNV Type 2a =====
2021-06-19 16:03:35,373 - ========================================
2021-06-19 16:03:35,373 - ---- Input values ----
2021-06-19 16:03:35,373 - V: [-3180 16020 18690]
2021-06-19 16:03:35,373 - B: [ 1.413e-09 -1.126e-09 -5.215e-09]
2021-06-19 16:03:35,374 - l: [ 0.176  0.875 -0.45 ]
2021-06-19 16:03:35,374 - sigma: 59520000.0
2021-06-19 16:03:35,374 - A: 0.005
2021-06-19 16:03:35,374 - Ic: 0.0372
2021-06-19 16:03:35,374 - L: 531

2021-06-19 16:03:35,374 - ---- Output values ----
2021-06-19 16:03:35,374 - Em: 0.0032774567265900045
2021-06-19 16:03:35,374 - I0: 975.3711218331854
2021-06-19 16:03:35,374 - ic: 3.813932888445942e-05
2021-06-19 16:03:35,374 - lambdaA: 0.0017985803334778577
2021-06-19 16:03:35,374 - iavg: 3.8138549907684004e-05
2021-06-19 16:03:35,374 - Iavg: 0.03719924020854867
2021-06-19 16:03:35,374 - IavgVector: [ 0.00654707  0.03254934 -0.01673966]
2021-06-19 16:03:35,374 - F: [-1.00143222e-07  5.57009110e-09 -2.83363940e-08]
2021-06-19 16:03:35,374 - F magnitude: 1.0422399920054806e-07
2021-06-19 16:03:35,375 - ========== whaaaaaaa =================

2021-06-19 16:03:35,376 - ========================================
2021-06-19 16:03:35,376 - ===== Reference data output for VNV Type  =====
2021-06-19 16:03:35,376 - ========================================
2021-06-19 16:03:35,376 - ---- Input values ----
2021-06-19 16:03:35,376 - V: [   0 7350    0]
2021-06-19 16:03:35,376 - B: [ 0.00e+00  0.00e+00 -1.75e-05]
2021-06-19 16:03:35,376 - l: [1 0 0]
2021-06-19 16:03:35,376 - sigma: 34014000.0
2021-06-19 16:03:35,376 - A: 1.9635e-07
2021-06-19 16:03:35,376 - Ic: 0.015
2021-06-19 16:03:35,376 - L: 500

2021-06-19 16:03:35,376 - ---- Output values ----
2021-06-19 16:03:35,376 - Em: -64.3125
2021-06-19 16:03:35,376 - I0: -429.52060738125004
2021-06-19 16:03:35,376 - ic: -3.492265503034581e-05
2021-06-19 16:03:35,377 - lambdaA: 0.0016960157797335622
2021-06-19 16:03:35,377 - iavg: 3.4923217441936436e-05
2021-06-19 16:03:35,377 - Iavg: -0.015000241567368004
2021-06-19 16:03:35,377 - IavgVector: [0.01500024 0.         0.        ]
2021-06-19 16:03:35,377 - F: [-0.          0.00013125  0.        ]
2021-06-19 16:03:35,377 - F magnitude: 0.00013125211371447002
