2021-02-12 06:36:36,165 - ========================================
2021-02-12 06:36:36,165 - ===== Simulation data output for VNV Type 1a =====
2021-02-12 06:36:36,165 - ========================================
2021-02-12 06:36:36,166 - ---- Input values ----
2021-02-12 06:36:36,166 - V: [-5.92978276e-23  3.00000000e+04 -5.58744018e-29]
2021-02-12 06:36:36,166 - B: [4.782e-09 4.420e-09 0.000e+00]
2021-02-12 06:36:36,166 - l: [0. 0. 1.]
2021-02-12 06:36:36,166 - sigma: 48600000.0
2021-02-12 06:36:36,166 - A: 0.0004704
2021-02-12 06:36:36,166 - Ic: 0.002
2021-02-12 06:36:36,166 - L: 10.0

2021-02-12 06:36:36,166 - ---- Output values ----
2021-02-12 06:36:36,166 - Em: -0.00014346
2021-02-12 06:36:36,166 - I0: -3.2797021824
2021-02-12 06:36:36,167 - ic: -0.000609811467252326
2021-02-12 06:36:36,167 - lambdaA: 0.0114175254270282
2021-02-12 06:36:36,167 - iavg: 0.000609718815831091
2021-02-12 06:36:36,167 - Iavg: -0.00199969613093157
2021-02-12 06:36:36,167 - IavgVector: [-0.        -0.        -0.0019997]
2021-02-12 06:36:36,167 - F: [ 8.8386569e-12 -9.5625469e-12  0.0000000e+00]
2021-02-12 06:36:36,167 - F magnitude: 1.30216803428702e-11
2021-02-12 06:36:36,168 - ========================================
2021-02-12 06:36:36,168 - ===== Reference data output for VNV Type 1a =====
2021-02-12 06:36:36,168 - ========================================
2021-02-12 06:36:36,168 - ---- Input values ----
2021-02-12 06:36:36,168 - V: [    0 30000     0]
2021-02-12 06:36:36,168 - B: [4.782e-09 4.420e-09 0.000e+00]
2021-02-12 06:36:36,168 - l: [0 0 1]
2021-02-12 06:36:36,168 - sigma: 48600000.0
2021-02-12 06:36:36,168 - A: 0.0004704
2021-02-12 06:36:36,168 - Ic: 0.002
2021-02-12 06:36:36,168 - L: 10

2021-02-12 06:36:36,168 - ---- Output values ----
2021-02-12 06:36:36,168 - Em: -0.00014346
2021-02-12 06:36:36,169 - I0: -3.2797021824000003
2021-02-12 06:36:36,169 - ic: -0.0006098114672523261
2021-02-12 06:36:36,169 - lambdaA: 0.011417525427028206
2021-02-12 06:36:36,169 - iavg: 0.0006097188158310912
2021-02-12 06:36:36,169 - Iavg: -0.0019996961309315738
2021-02-12 06:36:36,169 - IavgVector: [-0.        -0.        -0.0019997]
2021-02-12 06:36:36,169 - F: [ 8.8386569e-12 -9.5625469e-12  0.0000000e+00]
2021-02-12 06:36:36,169 - F magnitude: 1.3021680342870199e-11
2021-02-12 06:36:36,188 - ========================================
2021-02-12 06:36:36,188 - ===== Simulation data output for VNV Type 1b =====
2021-02-12 06:36:36,188 - ========================================
2021-02-12 06:36:36,188 - ---- Input values ----
2021-02-12 06:36:36,189 - V: [-5.92978276e-23  3.00000000e+04 -5.58744018e-29]
2021-02-12 06:36:36,189 - B: [4.782e-09 4.420e-09 0.000e+00]
2021-02-12 06:36:36,189 - l: [0. 0. 1.]
2021-02-12 06:36:36,189 - sigma: 48600000.0
2021-02-12 06:36:36,189 - A: 0.0004704
2021-02-12 06:36:36,189 - Ic: 0.002
2021-02-12 06:36:36,189 - L: 10.0

2021-02-12 06:36:36,189 - ---- Output values ----
2021-02-12 06:36:36,189 - Em: -0.00014346
2021-02-12 06:36:36,189 - I0: -3.2797021824
2021-02-12 06:36:36,189 - ic: -0.000609811467252326
2021-02-12 06:36:36,189 - lambdaA: 0.0114175254270282
2021-02-12 06:36:36,189 - iavg: 0.000609718815831091
2021-02-12 06:36:36,190 - Iavg: -0.00199969613093157
2021-02-12 06:36:36,190 - IavgVector: [-0.        -0.        -0.0019997]
2021-02-12 06:36:36,190 - F: [ 8.8386569e-12 -9.5625469e-12  0.0000000e+00]
2021-02-12 06:36:36,190 - F magnitude: 1.30216803428702e-11
2021-02-12 06:36:36,190 - ========================================
2021-02-12 06:36:36,190 - ===== Reference data output for VNV Type 1b =====
2021-02-12 06:36:36,190 - ========================================
2021-02-12 06:36:36,191 - ---- Input values ----
2021-02-12 06:36:36,191 - V: [    0 30000     0]
2021-02-12 06:36:36,191 - B: [4.782e-09 4.420e-09 0.000e+00]
2021-02-12 06:36:36,191 - l: [ 0  0 -1]
2021-02-12 06:36:36,191 - sigma: 48600000.0
2021-02-12 06:36:36,191 - A: 0.0004704
2021-02-12 06:36:36,191 - Ic: 0.002
2021-02-12 06:36:36,191 - L: 10

2021-02-12 06:36:36,191 - ---- Output values ----
2021-02-12 06:36:36,191 - Em: 0.00014346
2021-02-12 06:36:36,191 - I0: 3.2797021824000003
2021-02-12 06:36:36,191 - ic: 0.0006098114672523261
2021-02-12 06:36:36,191 - lambdaA: 0.011412884678320204
2021-02-12 06:36:36,192 - iavg: 0.0006093472288036737
2021-02-12 06:36:36,192 - Iavg: 0.0019984774361468008
2021-02-12 06:36:36,192 - IavgVector: [ 0.          0.         -0.00199848]
2021-02-12 06:36:36,192 - F: [ 8.83327027e-12 -9.55671910e-12  0.00000000e+00]
2021-02-12 06:36:36,192 - F magnitude: 1.3013744410166543e-11
2021-02-12 06:36:36,208 - ========================================
2021-02-12 06:36:36,208 - ===== Simulation data output for VNV Type 2a =====
2021-02-12 06:36:36,208 - ========================================
2021-02-12 06:36:36,208 - ---- Input values ----
2021-02-12 06:36:36,209 - V: [-3180. 16020. 18690.]
2021-02-12 06:36:36,209 - B: [ 1.41267e-09 -1.12623e-09 -5.21451e-09]
2021-02-12 06:36:36,209 - l: [ 0.17583754  0.87544648 -0.45019399]
2021-02-12 06:36:36,209 - sigma: 59520000.0
2021-02-12 06:36:36,209 - A: 0.005
2021-02-12 06:36:36,209 - Ic: 0.0372
2021-02-12 06:36:36,209 - L: 531.0

2021-02-12 06:36:36,209 - ---- Output values ----
2021-02-12 06:36:36,209 - Em: 6.18586343891272e-06
2021-02-12 06:36:36,209 - I0: 1.84091295942042
2021-02-12 06:36:36,209 - ic: 0.0202073649433766
2021-02-12 06:36:36,210 - lambdaA: 0.116973169973874
2021-02-12 06:36:36,210 - iavg: 0.0200014335551242
2021-02-12 06:36:36,210 - Iavg: 0.0368208982386146
2021-02-12 06:36:36,210 - IavgVector: [ 0.0064745   0.03223473 -0.01657655]
2021-02-12 06:36:36,210 - F: [-1.86757304e-10  1.03441342e-11 -5.28288018e-11]
2021-02-12 06:36:36,210 - F magnitude: 1.94360937876862e-10
2021-02-12 06:36:36,211 - ========================================
2021-02-12 06:36:36,211 - ===== Reference data output for VNV Type 2a =====
2021-02-12 06:36:36,211 - ========================================
2021-02-12 06:36:36,211 - ---- Input values ----
2021-02-12 06:36:36,211 - V: [-3180. 16020. 18690.]
2021-02-12 06:36:36,211 - B: [ 1.41267e-09 -1.12623e-09 -5.21451e-09]
2021-02-12 06:36:36,211 - l: [ 0.17583754  0.87544648 -0.45019399]
2021-02-12 06:36:36,211 - sigma: 59520000.0
2021-02-12 06:36:36,211 - A: 0.005
2021-02-12 06:36:36,211 - Ic: 0.0372
2021-02-12 06:36:36,211 - L: 531

2021-02-12 06:36:36,212 - ---- Output values ----
2021-02-12 06:36:36,212 - Em: 6.18586331905313e-06
2021-02-12 06:36:36,212 - I0: 1.8409129237502115
2021-02-12 06:36:36,212 - ic: 0.020207365334922036
2021-02-12 06:36:36,212 - lambdaA: 0.11697317146946196
2021-02-12 06:36:36,212 - iavg: 0.02000143393870115
2021-02-12 06:36:36,212 - Iavg: 0.03682089823129105
2021-02-12 06:36:36,212 - IavgVector: [ 0.0064745   0.03223473 -0.01657655]
2021-02-12 06:36:36,212 - F: [-1.86757304e-10  1.03441345e-11 -5.28288017e-11]
2021-02-12 06:36:36,212 - F magnitude: 1.943609371283146e-10
2021-02-12 06:36:36,212 - ========== whaaaaaaa =================

2021-02-12 06:36:36,212 - ========================================
2021-02-12 06:36:36,212 - ===== Reference data output for VNV Type  =====
2021-02-12 06:36:36,213 - ========================================
2021-02-12 06:36:36,213 - ---- Input values ----
2021-02-12 06:36:36,213 - V: [   0 7350    0]
2021-02-12 06:36:36,213 - B: [ 0.00e+00  0.00e+00 -1.75e-05]
2021-02-12 06:36:36,213 - l: [-1  0  0]
2021-02-12 06:36:36,213 - sigma: 34014000.0
2021-02-12 06:36:36,213 - A: 1.9635e-07
2021-02-12 06:36:36,213 - Ic: 1
2021-02-12 06:36:36,213 - L: 500

2021-02-12 06:36:36,213 - ---- Output values ----
2021-02-12 06:36:36,213 - Em: 0.128625
2021-02-12 06:36:36,213 - I0: 0.8590412147625001
2021-02-12 06:36:36,213 - ic: 1.1640885010115272
2021-02-12 06:36:36,213 - lambdaA: 0.9819684457059389
2021-02-12 06:36:36,213 - iavg: 0.48615527035397776
2021-02-12 06:36:36,213 - Iavg: 0.4176274140080727
2021-02-12 06:36:36,214 - IavgVector: [-0.41762741  0.          0.        ]
2021-02-12 06:36:36,214 - F: [-0.00000000e+00 -7.30847975e-06 -0.00000000e+00]
2021-02-12 06:36:36,214 - F magnitude: 7.308479745141272e-06
