2021-02-12 07:47:10,234 - ========================================
2021-02-12 07:47:10,234 - ===== Simulation data output for VNV Type 1a =====
2021-02-12 07:47:10,234 - ========================================
2021-02-12 07:47:10,234 - ---- Input values ----
2021-02-12 07:47:10,235 - V: [-5.92978276e-23  3.00000000e+04 -5.58744018e-29]
2021-02-12 07:47:10,235 - B: [4.782e-09 4.420e-09 0.000e+00]
2021-02-12 07:47:10,235 - l: [0. 0. 1.]
2021-02-12 07:47:10,235 - sigma: 48600000.0
2021-02-12 07:47:10,235 - A: 0.0004704
2021-02-12 07:47:10,235 - Ic: 0.002
2021-02-12 07:47:10,235 - L: 10.0

2021-02-12 07:47:10,235 - ---- Output values ----
2021-02-12 07:47:10,235 - Em: -0.00014346
2021-02-12 07:47:10,235 - I0: -3.2797021824
2021-02-12 07:47:10,236 - ic: -0.000609811467252326
2021-02-12 07:47:10,236 - lambdaA: 0.0114175254270282
2021-02-12 07:47:10,236 - iavg: 0.000609718815831091
2021-02-12 07:47:10,236 - Iavg: -0.00199969613093157
2021-02-12 07:47:10,236 - IavgVector: [0.        0.        0.0019997]
2021-02-12 07:47:10,236 - F: [-8.8386569e-12  9.5625469e-12  0.0000000e+00]
2021-02-12 07:47:10,236 - F magnitude: 1.30216803428702e-11
2021-02-12 07:47:10,236 - ========================================
2021-02-12 07:47:10,236 - ===== Reference data output for VNV Type 1a =====
2021-02-12 07:47:10,236 - ========================================
2021-02-12 07:47:10,236 - ---- Input values ----
2021-02-12 07:47:10,236 - V: [    0 30000     0]
2021-02-12 07:47:10,237 - B: [4.782e-09 4.420e-09 0.000e+00]
2021-02-12 07:47:10,237 - l: [0 0 1]
2021-02-12 07:47:10,237 - sigma: 48600000.0
2021-02-12 07:47:10,237 - A: 0.0004704
2021-02-12 07:47:10,237 - Ic: 0.002
2021-02-12 07:47:10,237 - L: 10

2021-02-12 07:47:10,237 - ---- Output values ----
2021-02-12 07:47:10,237 - Em: -0.00014346
2021-02-12 07:47:10,237 - I0: -3.2797021824000003
2021-02-12 07:47:10,237 - ic: -0.0006098114672523261
2021-02-12 07:47:10,237 - lambdaA: 0.011417525427028206
2021-02-12 07:47:10,237 - iavg: 0.0006097188158310912
2021-02-12 07:47:10,237 - Iavg: -0.0019996961309315738
2021-02-12 07:47:10,238 - IavgVector: [0.        0.        0.0019997]
2021-02-12 07:47:10,238 - F: [-8.8386569e-12  9.5625469e-12  0.0000000e+00]
2021-02-12 07:47:10,238 - F magnitude: 1.3021680342870199e-11
2021-02-12 07:47:10,258 - ========================================
2021-02-12 07:47:10,258 - ===== Simulation data output for VNV Type 1b =====
2021-02-12 07:47:10,259 - ========================================
2021-02-12 07:47:10,259 - ---- Input values ----
2021-02-12 07:47:10,259 - V: [-5.92978276e-23  3.00000000e+04 -5.58744018e-29]
2021-02-12 07:47:10,259 - B: [4.782e-09 4.420e-09 0.000e+00]
2021-02-12 07:47:10,259 - l: [ 0.  0. -1.]
2021-02-12 07:47:10,259 - sigma: 48600000.0
2021-02-12 07:47:10,259 - A: 0.0004704
2021-02-12 07:47:10,259 - Ic: 0.002
2021-02-12 07:47:10,259 - L: 10.0

2021-02-12 07:47:10,259 - ---- Output values ----
2021-02-12 07:47:10,260 - Em: 0.00014346
2021-02-12 07:47:10,260 - I0: 3.2797021824
2021-02-12 07:47:10,260 - ic: 0.000609811467252326
2021-02-12 07:47:10,260 - lambdaA: 0.0114128846783202
2021-02-12 07:47:10,260 - iavg: 0.000609347228803674
2021-02-12 07:47:10,260 - Iavg: 0.0019984774361468
2021-02-12 07:47:10,260 - IavgVector: [ 0.          0.         -0.00199848]
2021-02-12 07:47:10,260 - F: [ 8.83327027e-12 -9.55671910e-12  0.00000000e+00]
2021-02-12 07:47:10,260 - F magnitude: 1.30137444101665e-11
2021-02-12 07:47:10,260 - ========================================
2021-02-12 07:47:10,260 - ===== Reference data output for VNV Type 1b =====
2021-02-12 07:47:10,260 - ========================================
2021-02-12 07:47:10,260 - ---- Input values ----
2021-02-12 07:47:10,261 - V: [    0 30000     0]
2021-02-12 07:47:10,261 - B: [4.782e-09 4.420e-09 0.000e+00]
2021-02-12 07:47:10,261 - l: [ 0  0 -1]
2021-02-12 07:47:10,261 - sigma: 48600000.0
2021-02-12 07:47:10,261 - A: 0.0004704
2021-02-12 07:47:10,261 - Ic: 0.002
2021-02-12 07:47:10,261 - L: 10

2021-02-12 07:47:10,261 - ---- Output values ----
2021-02-12 07:47:10,261 - Em: 0.00014346
2021-02-12 07:47:10,261 - I0: 3.2797021824000003
2021-02-12 07:47:10,261 - ic: 0.0006098114672523261
2021-02-12 07:47:10,261 - lambdaA: 0.011412884678320204
2021-02-12 07:47:10,261 - iavg: 0.0006093472288036737
2021-02-12 07:47:10,261 - Iavg: 0.0019984774361468008
2021-02-12 07:47:10,262 - IavgVector: [ 0.          0.         -0.00199848]
2021-02-12 07:47:10,262 - F: [ 8.83327027e-12 -9.55671910e-12  0.00000000e+00]
2021-02-12 07:47:10,262 - F magnitude: 1.3013744410166543e-11
2021-02-12 07:47:10,280 - ========================================
2021-02-12 07:47:10,280 - ===== Simulation data output for VNV Type 2a =====
2021-02-12 07:47:10,280 - ========================================
2021-02-12 07:47:10,280 - ---- Input values ----
2021-02-12 07:47:10,280 - V: [-3180. 16020. 18690.]
2021-02-12 07:47:10,280 - B: [ 1.41267e-09 -1.12623e-09 -5.21451e-09]
2021-02-12 07:47:10,280 - l: [ 0.17583754  0.87544648 -0.45019399]
2021-02-12 07:47:10,281 - sigma: 59520000.0
2021-02-12 07:47:10,281 - A: 0.005
2021-02-12 07:47:10,281 - Ic: 0.0372
2021-02-12 07:47:10,281 - L: 531.0

2021-02-12 07:47:10,281 - ---- Output values ----
2021-02-12 07:47:10,281 - Em: 6.18586343891272e-06
2021-02-12 07:47:10,281 - I0: 1.84091295942042
2021-02-12 07:47:10,281 - ic: 0.0202073649433766
2021-02-12 07:47:10,281 - lambdaA: 0.116973169973874
2021-02-12 07:47:10,281 - iavg: 0.0200014335551242
2021-02-12 07:47:10,281 - Iavg: 0.0368208982386146
2021-02-12 07:47:10,281 - IavgVector: [ 0.0064745   0.03223473 -0.01657655]
2021-02-12 07:47:10,281 - F: [-1.86757304e-10  1.03441342e-11 -5.28288018e-11]
2021-02-12 07:47:10,282 - F magnitude: 1.94360937876862e-10
2021-02-12 07:47:10,282 - ========================================
2021-02-12 07:47:10,282 - ===== Reference data output for VNV Type 2a =====
2021-02-12 07:47:10,282 - ========================================
2021-02-12 07:47:10,282 - ---- Input values ----
2021-02-12 07:47:10,282 - V: [-3180. 16020. 18690.]
2021-02-12 07:47:10,282 - B: [ 1.41267e-09 -1.12623e-09 -5.21451e-09]
2021-02-12 07:47:10,282 - l: [ 0.17583754  0.87544648 -0.45019399]
2021-02-12 07:47:10,282 - sigma: 59520000.0
2021-02-12 07:47:10,282 - A: 0.005
2021-02-12 07:47:10,282 - Ic: 0.0372
2021-02-12 07:47:10,283 - L: 531

2021-02-12 07:47:10,283 - ---- Output values ----
2021-02-12 07:47:10,283 - Em: 6.18586331905313e-06
2021-02-12 07:47:10,283 - I0: 1.8409129237502115
2021-02-12 07:47:10,283 - ic: 0.020207365334922036
2021-02-12 07:47:10,283 - lambdaA: 0.11697317146946196
2021-02-12 07:47:10,283 - iavg: 0.02000143393870115
2021-02-12 07:47:10,283 - Iavg: 0.03682089823129105
2021-02-12 07:47:10,283 - IavgVector: [ 0.0064745   0.03223473 -0.01657655]
2021-02-12 07:47:10,283 - F: [-1.86757304e-10  1.03441345e-11 -5.28288017e-11]
2021-02-12 07:47:10,283 - F magnitude: 1.943609371283146e-10
2021-02-12 07:47:10,284 - ========== whaaaaaaa =================

2021-02-12 07:47:10,284 - ========================================
2021-02-12 07:47:10,284 - ===== Reference data output for VNV Type  =====
2021-02-12 07:47:10,284 - ========================================
2021-02-12 07:47:10,284 - ---- Input values ----
2021-02-12 07:47:10,284 - V: [   0 7350    0]
2021-02-12 07:47:10,285 - B: [ 0.00e+00  0.00e+00 -1.75e-05]
2021-02-12 07:47:10,285 - l: [-1  0  0]
2021-02-12 07:47:10,285 - sigma: 34014000.0
2021-02-12 07:47:10,285 - A: 1.9635e-07
2021-02-12 07:47:10,285 - Ic: 0.01
2021-02-12 07:47:10,285 - L: 500

2021-02-12 07:47:10,285 - ---- Output values ----
2021-02-12 07:47:10,285 - Em: 0.128625
2021-02-12 07:47:10,285 - I0: 0.8590412147625001
2021-02-12 07:47:10,285 - ic: 0.011640885010115272
2021-02-12 07:47:10,285 - lambdaA: 0.08121829767790473
2021-02-12 07:47:10,285 - iavg: 0.011572377948277951
2021-02-12 07:47:10,285 - Iavg: 0.009941149610379459
2021-02-12 07:47:10,285 - IavgVector: [-0.00994115  0.          0.        ]
2021-02-12 07:47:10,286 - F: [-0.00000000e+00 -1.73970118e-07 -0.00000000e+00]
2021-02-12 07:47:10,286 - F magnitude: 1.7397011818164052e-07
