2021-06-19 14:35:57,231 - ========================================
2021-06-19 14:35:57,232 - ===== Simulation data output for VNV Type 1a =====
2021-06-19 14:35:57,232 - ========================================
2021-06-19 14:35:57,232 - ---- Input values ----
2021-06-19 14:35:57,232 - V: [-1.39089678e-09  3.00000000e+04 -3.94714186e-16]
2021-06-19 14:35:57,232 - B: [4.782e-09 4.420e-09 0.000e+00]
2021-06-19 14:35:57,232 - l: [0. 0. 1.]
2021-06-19 14:35:57,232 - sigma: 48600000.0
2021-06-19 14:35:57,232 - A: 0.0004704
2021-06-19 14:35:57,232 - Ic: 6.91517136429867e-310
2021-06-19 14:35:57,232 - L: 10.0

2021-06-19 14:35:57,232 - ---- Output values ----
2021-06-19 14:35:57,232 - Em: 6.91517117385183e-310
2021-06-19 14:35:57,232 - I0: 4.65184752068485e-310
2021-06-19 14:35:57,233 - ic: 4.65185220147464e-310
2021-06-19 14:35:57,233 - lambdaA: 6.91517117385183e-310
2021-06-19 14:35:57,233 - iavg: 2e-322
2021-06-19 14:35:57,233 - Iavg: 4.6518522014936e-310
2021-06-19 14:35:57,233 - IavgVector: [0.    0.    0.002]
2021-06-19 14:35:57,233 - F: [-8.840e-11  9.564e-11  0.000e+00]
2021-06-19 14:35:57,233 - F magnitude: 1.04189272691578e-10
2021-06-19 14:35:57,233 - ========================================
2021-06-19 14:35:57,233 - ===== Reference data output for VNV Type 1a =====
2021-06-19 14:35:57,233 - ========================================
2021-06-19 14:35:57,233 - ---- Input values ----
2021-06-19 14:35:57,233 - V: [    0 30000     0]
2021-06-19 14:35:57,233 - B: [4.782e-09 4.420e-09 0.000e+00]
2021-06-19 14:35:57,234 - l: [0 0 1]
2021-06-19 14:35:57,234 - sigma: 48600000.0
2021-06-19 14:35:57,234 - A: 0.0004704
2021-06-19 14:35:57,234 - Ic: 0.002
2021-06-19 14:35:57,234 - L: 10

2021-06-19 14:35:57,234 - ---- Output values ----
2021-06-19 14:35:57,234 - Em: -0.00014346
2021-06-19 14:35:57,234 - I0: -3.2797021824000003
2021-06-19 14:35:57,234 - ic: -0.0006098114672523261
2021-06-19 14:35:57,234 - lambdaA: 0.011417525427028206
2021-06-19 14:35:57,234 - iavg: 0.0006097188158310912
2021-06-19 14:35:57,234 - Iavg: -0.0019996961309315738
2021-06-19 14:35:57,234 - IavgVector: [0.        0.        0.0019997]
2021-06-19 14:35:57,234 - F: [-8.8386569e-12  9.5625469e-12  0.0000000e+00]
2021-06-19 14:35:57,234 - F magnitude: 1.30216803428702e-11
2021-06-19 14:35:57,237 - ========================================
2021-06-19 14:35:57,237 - ===== Simulation data output for VNV Type 1b =====
2021-06-19 14:35:57,238 - ========================================
2021-06-19 14:35:57,238 - ---- Input values ----
2021-06-19 14:35:57,238 - V: [-1.39089678e-09  3.00000000e+04 -3.94714186e-16]
2021-06-19 14:35:57,238 - B: [4.782e-09 4.420e-09 0.000e+00]
2021-06-19 14:35:57,238 - l: [0. 0. 1.]
2021-06-19 14:35:57,238 - sigma: 48600000.0
2021-06-19 14:35:57,238 - A: 0.0004704
2021-06-19 14:35:57,238 - Ic: 6.90847542877614e-310
2021-06-19 14:35:57,238 - L: 10.0

2021-06-19 14:35:57,238 - ---- Output values ----
2021-06-19 14:35:57,238 - Em: 6.9084752383293e-310
2021-06-19 14:35:57,238 - I0: 4.6731496850469e-310
2021-06-19 14:35:57,238 - ic: 4.6731543658367e-310
2021-06-19 14:35:57,238 - lambdaA: 6.9084752383293e-310
2021-06-19 14:35:57,238 - iavg: 2e-322
2021-06-19 14:35:57,239 - Iavg: 4.67315436585565e-310
2021-06-19 14:35:57,239 - IavgVector: [0.    0.    0.002]
2021-06-19 14:35:57,239 - F: [-8.840e-11  9.564e-11  0.000e+00]
2021-06-19 14:35:57,239 - F magnitude: 1.04189272691578e-10
2021-06-19 14:35:57,239 - ========================================
2021-06-19 14:35:57,239 - ===== Reference data output for VNV Type 1b =====
2021-06-19 14:35:57,239 - ========================================
2021-06-19 14:35:57,239 - ---- Input values ----
2021-06-19 14:35:57,239 - V: [    0 30000     0]
2021-06-19 14:35:57,239 - B: [4.782e-09 4.420e-09 0.000e+00]
2021-06-19 14:35:57,239 - l: [ 0  0 -1]
2021-06-19 14:35:57,239 - sigma: 48600000.0
2021-06-19 14:35:57,239 - A: 0.0004704
2021-06-19 14:35:57,239 - Ic: 0.002
2021-06-19 14:35:57,240 - L: 10

2021-06-19 14:35:57,240 - ---- Output values ----
2021-06-19 14:35:57,240 - Em: 0.00014346
2021-06-19 14:35:57,240 - I0: 3.2797021824000003
2021-06-19 14:35:57,240 - ic: 0.0006098114672523261
2021-06-19 14:35:57,240 - lambdaA: 0.011412884678320204
2021-06-19 14:35:57,240 - iavg: 0.0006093472288036737
2021-06-19 14:35:57,240 - Iavg: 0.0019984774361468008
2021-06-19 14:35:57,240 - IavgVector: [ 0.          0.         -0.00199848]
2021-06-19 14:35:57,240 - F: [ 8.83327027e-12 -9.55671910e-12  0.00000000e+00]
2021-06-19 14:35:57,240 - F magnitude: 1.3013744410166541e-11
2021-06-19 14:35:57,243 - ========================================
2021-06-19 14:35:57,243 - ===== Simulation data output for VNV Type 2a =====
2021-06-19 14:35:57,243 - ========================================
2021-06-19 14:35:57,243 - ---- Input values ----
2021-06-19 14:35:57,243 - V: [-3180.00000001 16020.         18690.        ]
2021-06-19 14:35:57,243 - B: [ 1.413 -1.126 -5.215]
2021-06-19 14:35:57,244 - l: [ 0.17583754  0.87544648 -0.45019399]
2021-06-19 14:35:57,244 - sigma: 59520000.0
2021-06-19 14:35:57,244 - A: 0.005
2021-06-19 14:35:57,244 - Ic: 6.91326860062195e-310
2021-06-19 14:35:57,244 - L: 531.0

2021-06-19 14:35:57,244 - ---- Output values ----
2021-06-19 14:35:57,244 - Em: 6.9132684101751e-310
2021-06-19 14:35:57,244 - I0: 4.6660286950944e-310
2021-06-19 14:35:57,244 - ic: 4.6660333758842e-310
2021-06-19 14:35:57,244 - lambdaA: 6.9132684101751e-310
2021-06-19 14:35:57,244 - iavg: 2e-322
2021-06-19 14:35:57,244 - Iavg: 4.66603337590317e-310
2021-06-19 14:35:57,244 - IavgVector: [ 0.00654116  0.03256661 -0.01674722]
2021-06-19 14:35:57,245 - F: [-100.19557515    5.54805488  -28.34582119]
2021-06-19 14:35:57,245 - F magnitude: 83.4205529464141
2021-06-19 14:35:57,245 - ========================================
2021-06-19 14:35:57,245 - ===== Reference data output for VNV Type 2a =====
2021-06-19 14:35:57,245 - ========================================
2021-06-19 14:35:57,245 - ---- Input values ----
2021-06-19 14:35:57,245 - V: [-3180 16020 18690]
2021-06-19 14:35:57,245 - B: [ 1.413 -1.126 -5.215]
2021-06-19 14:35:57,245 - l: [ 0.176  0.875 -0.45 ]
2021-06-19 14:35:57,245 - sigma: 59520000.0
2021-06-19 14:35:57,245 - A: 0.005
2021-06-19 14:35:57,245 - Ic: 0.0372
2021-06-19 14:35:57,245 - L: 531

2021-06-19 14:35:57,245 - ---- Output values ----
2021-06-19 14:35:57,246 - Em: 6172.234890000002
2021-06-19 14:35:57,246 - I0: 1836857103.264001
2021-06-19 14:35:57,246 - ic: 2.025198363764797e-11
2021-06-19 14:35:57,246 - lambdaA: 1.1794106424441946e-07
2021-06-19 14:35:57,246 - iavg: 2.025198363564365e-11
2021-06-19 14:35:57,246 - Iavg: 0.037199999996318345
2021-06-19 14:35:57,246 - IavgVector: [ 0.0065472  0.03255   -0.01674  ]
2021-06-19 14:35:57,246 - F: [-0.18859749  0.01049003 -0.0533653 ]
2021-06-19 14:35:57,246 - F magnitude: 0.19628272684920406
2021-06-19 14:35:57,247 - ========== whaaaaaaa =================

2021-06-19 14:35:57,247 - ========================================
2021-06-19 14:35:57,247 - ===== Reference data output for VNV Type  =====
2021-06-19 14:35:57,247 - ========================================
2021-06-19 14:35:57,247 - ---- Input values ----
2021-06-19 14:35:57,247 - V: [   0 7350    0]
2021-06-19 14:35:57,247 - B: [ 0.00e+00  0.00e+00 -1.75e-05]
2021-06-19 14:35:57,247 - l: [-1  0  0]
2021-06-19 14:35:57,247 - sigma: 34014000.0
2021-06-19 14:35:57,247 - A: 1.9635e-07
2021-06-19 14:35:57,247 - Ic: 0.01
2021-06-19 14:35:57,247 - L: 500

2021-06-19 14:35:57,248 - ---- Output values ----
2021-06-19 14:35:57,248 - Em: 0.128625
2021-06-19 14:35:57,248 - I0: 0.8590412147625001
2021-06-19 14:35:57,248 - ic: 0.011640885010115272
2021-06-19 14:35:57,248 - lambdaA: 0.08121829767790473
2021-06-19 14:35:57,248 - iavg: 0.011572377948277951
2021-06-19 14:35:57,248 - Iavg: 0.009941149610379459
2021-06-19 14:35:57,248 - IavgVector: [-0.00994115  0.          0.        ]
2021-06-19 14:35:57,248 - F: [-0.00000000e+00 -1.73970118e-07 -0.00000000e+00]
2021-06-19 14:35:57,248 - F magnitude: 1.7397011818164052e-07
