2021-02-12 06:41:35,516 - ========================================
2021-02-12 06:41:35,516 - ===== Simulation data output for VNV Type 1a =====
2021-02-12 06:41:35,516 - ========================================
2021-02-12 06:41:35,516 - ---- Input values ----
2021-02-12 06:41:35,517 - V: [-5.92978276e-23  3.00000000e+04 -5.58744018e-29]
2021-02-12 06:41:35,517 - B: [4.782e-09 4.420e-09 0.000e+00]
2021-02-12 06:41:35,517 - l: [0. 0. 1.]
2021-02-12 06:41:35,517 - sigma: 48600000.0
2021-02-12 06:41:35,517 - A: 0.0004704
2021-02-12 06:41:35,517 - Ic: 0.002
2021-02-12 06:41:35,517 - L: 10.0

2021-02-12 06:41:35,517 - ---- Output values ----
2021-02-12 06:41:35,517 - Em: -0.00014346
2021-02-12 06:41:35,517 - I0: -3.2797021824
2021-02-12 06:41:35,517 - ic: -0.000609811467252326
2021-02-12 06:41:35,517 - lambdaA: 0.0114175254270282
2021-02-12 06:41:35,517 - iavg: 0.000609718815831091
2021-02-12 06:41:35,517 - Iavg: -0.00199969613093157
2021-02-12 06:41:35,518 - IavgVector: [-0.        -0.        -0.0019997]
2021-02-12 06:41:35,518 - F: [ 8.8386569e-12 -9.5625469e-12  0.0000000e+00]
2021-02-12 06:41:35,518 - F magnitude: 1.30216803428702e-11
2021-02-12 06:41:35,518 - ========================================
2021-02-12 06:41:35,518 - ===== Reference data output for VNV Type 1a =====
2021-02-12 06:41:35,518 - ========================================
2021-02-12 06:41:35,518 - ---- Input values ----
2021-02-12 06:41:35,518 - V: [    0 30000     0]
2021-02-12 06:41:35,518 - B: [4.782e-09 4.420e-09 0.000e+00]
2021-02-12 06:41:35,518 - l: [0 0 1]
2021-02-12 06:41:35,518 - sigma: 48600000.0
2021-02-12 06:41:35,519 - A: 0.0004704
2021-02-12 06:41:35,519 - Ic: 0.002
2021-02-12 06:41:35,519 - L: 10

2021-02-12 06:41:35,519 - ---- Output values ----
2021-02-12 06:41:35,519 - Em: -0.00014346
2021-02-12 06:41:35,519 - I0: -3.2797021824000003
2021-02-12 06:41:35,519 - ic: -0.0006098114672523261
2021-02-12 06:41:35,519 - lambdaA: 0.011417525427028206
2021-02-12 06:41:35,519 - iavg: 0.0006097188158310912
2021-02-12 06:41:35,519 - Iavg: -0.0019996961309315738
2021-02-12 06:41:35,519 - IavgVector: [-0.        -0.        -0.0019997]
2021-02-12 06:41:35,519 - F: [ 8.8386569e-12 -9.5625469e-12  0.0000000e+00]
2021-02-12 06:41:35,519 - F magnitude: 1.3021680342870199e-11
2021-02-12 06:41:35,537 - ========================================
2021-02-12 06:41:35,537 - ===== Simulation data output for VNV Type 1b =====
2021-02-12 06:41:35,537 - ========================================
2021-02-12 06:41:35,537 - ---- Input values ----
2021-02-12 06:41:35,537 - V: [-5.92978276e-23  3.00000000e+04 -5.58744018e-29]
2021-02-12 06:41:35,537 - B: [4.782e-09 4.420e-09 0.000e+00]
2021-02-12 06:41:35,537 - l: [0. 0. 1.]
2021-02-12 06:41:35,537 - sigma: 48600000.0
2021-02-12 06:41:35,537 - A: 0.0004704
2021-02-12 06:41:35,537 - Ic: 0.002
2021-02-12 06:41:35,538 - L: 10.0

2021-02-12 06:41:35,538 - ---- Output values ----
2021-02-12 06:41:35,538 - Em: -0.00014346
2021-02-12 06:41:35,538 - I0: -3.2797021824
2021-02-12 06:41:35,538 - ic: -0.000609811467252326
2021-02-12 06:41:35,538 - lambdaA: 0.0114175254270282
2021-02-12 06:41:35,538 - iavg: 0.000609718815831091
2021-02-12 06:41:35,538 - Iavg: -0.00199969613093157
2021-02-12 06:41:35,538 - IavgVector: [-0.        -0.        -0.0019997]
2021-02-12 06:41:35,538 - F: [ 8.8386569e-12 -9.5625469e-12  0.0000000e+00]
2021-02-12 06:41:35,538 - F magnitude: 1.30216803428702e-11
2021-02-12 06:41:35,538 - ========================================
2021-02-12 06:41:35,539 - ===== Reference data output for VNV Type 1b =====
2021-02-12 06:41:35,539 - ========================================
2021-02-12 06:41:35,539 - ---- Input values ----
2021-02-12 06:41:35,539 - V: [    0 30000     0]
2021-02-12 06:41:35,539 - B: [4.782e-09 4.420e-09 0.000e+00]
2021-02-12 06:41:35,539 - l: [ 0  0 -1]
2021-02-12 06:41:35,539 - sigma: 48600000.0
2021-02-12 06:41:35,539 - A: 0.0004704
2021-02-12 06:41:35,539 - Ic: 0.002
2021-02-12 06:41:35,539 - L: 10

2021-02-12 06:41:35,539 - ---- Output values ----
2021-02-12 06:41:35,539 - Em: 0.00014346
2021-02-12 06:41:35,539 - I0: 3.2797021824000003
2021-02-12 06:41:35,540 - ic: 0.0006098114672523261
2021-02-12 06:41:35,540 - lambdaA: 0.011412884678320204
2021-02-12 06:41:35,540 - iavg: 0.0006093472288036737
2021-02-12 06:41:35,540 - Iavg: 0.0019984774361468008
2021-02-12 06:41:35,540 - IavgVector: [ 0.          0.         -0.00199848]
2021-02-12 06:41:35,540 - F: [ 8.83327027e-12 -9.55671910e-12  0.00000000e+00]
2021-02-12 06:41:35,540 - F magnitude: 1.3013744410166543e-11
2021-02-12 06:41:35,556 - ========================================
2021-02-12 06:41:35,557 - ===== Simulation data output for VNV Type 2a =====
2021-02-12 06:41:35,557 - ========================================
2021-02-12 06:41:35,557 - ---- Input values ----
2021-02-12 06:41:35,557 - V: [-3180. 16020. 18690.]
2021-02-12 06:41:35,557 - B: [ 1.41267e-09 -1.12623e-09 -5.21451e-09]
2021-02-12 06:41:35,557 - l: [ 0.17583754  0.87544648 -0.45019399]
2021-02-12 06:41:35,557 - sigma: 59520000.0
2021-02-12 06:41:35,557 - A: 0.005
2021-02-12 06:41:35,557 - Ic: 0.0372
2021-02-12 06:41:35,557 - L: 531.0

2021-02-12 06:41:35,557 - ---- Output values ----
2021-02-12 06:41:35,558 - Em: 6.18586343891272e-06
2021-02-12 06:41:35,558 - I0: 1.84091295942042
2021-02-12 06:41:35,558 - ic: 0.0202073649433766
2021-02-12 06:41:35,558 - lambdaA: 0.116973169973874
2021-02-12 06:41:35,558 - iavg: 0.0200014335551242
2021-02-12 06:41:35,558 - Iavg: 0.0368208982386146
2021-02-12 06:41:35,558 - IavgVector: [ 0.0064745   0.03223473 -0.01657655]
2021-02-12 06:41:35,558 - F: [-1.86757304e-10  1.03441342e-11 -5.28288018e-11]
2021-02-12 06:41:35,558 - F magnitude: 1.94360937876862e-10
2021-02-12 06:41:35,558 - ========================================
2021-02-12 06:41:35,558 - ===== Reference data output for VNV Type 2a =====
2021-02-12 06:41:35,558 - ========================================
2021-02-12 06:41:35,558 - ---- Input values ----
2021-02-12 06:41:35,559 - V: [-3180. 16020. 18690.]
2021-02-12 06:41:35,559 - B: [ 1.41267e-09 -1.12623e-09 -5.21451e-09]
2021-02-12 06:41:35,559 - l: [ 0.17583754  0.87544648 -0.45019399]
2021-02-12 06:41:35,559 - sigma: 59520000.0
2021-02-12 06:41:35,559 - A: 0.005
2021-02-12 06:41:35,559 - Ic: 0.0372
2021-02-12 06:41:35,559 - L: 531

2021-02-12 06:41:35,559 - ---- Output values ----
2021-02-12 06:41:35,559 - Em: 6.18586331905313e-06
2021-02-12 06:41:35,559 - I0: 1.8409129237502115
2021-02-12 06:41:35,559 - ic: 0.020207365334922036
2021-02-12 06:41:35,559 - lambdaA: 0.11697317146946196
2021-02-12 06:41:35,560 - iavg: 0.02000143393870115
2021-02-12 06:41:35,560 - Iavg: 0.03682089823129105
2021-02-12 06:41:35,560 - IavgVector: [ 0.0064745   0.03223473 -0.01657655]
2021-02-12 06:41:35,560 - F: [-1.86757304e-10  1.03441345e-11 -5.28288017e-11]
2021-02-12 06:41:35,560 - F magnitude: 1.943609371283146e-10
2021-02-12 06:41:35,561 - ========== whaaaaaaa =================

2021-02-12 06:41:35,561 - ========================================
2021-02-12 06:41:35,561 - ===== Reference data output for VNV Type  =====
2021-02-12 06:41:35,561 - ========================================
2021-02-12 06:41:35,561 - ---- Input values ----
2021-02-12 06:41:35,561 - V: [   0 7350    0]
2021-02-12 06:41:35,561 - B: [ 0.00e+00  0.00e+00 -1.75e-05]
2021-02-12 06:41:35,561 - l: [-1  0  0]
2021-02-12 06:41:35,561 - sigma: 34014000.0
2021-02-12 06:41:35,562 - A: 1.9635e-07
2021-02-12 06:41:35,562 - Ic: 1
2021-02-12 06:41:35,562 - L: 500

2021-02-12 06:41:35,562 - ---- Output values ----
2021-02-12 06:41:35,562 - Em: 0.128625
2021-02-12 06:41:35,562 - I0: 0.8590412147625001
2021-02-12 06:41:35,562 - ic: 1.1640885010115272
2021-02-12 06:41:35,562 - lambdaA: 0.9819684457059389
2021-02-12 06:41:35,562 - iavg: 0.48615527035397776
2021-02-12 06:41:35,562 - Iavg: 0.4176274140080727
2021-02-12 06:41:35,562 - IavgVector: [-0.41762741  0.          0.        ]
2021-02-12 06:41:35,562 - F: [-0.00000000e+00 -7.30847975e-06 -0.00000000e+00]
2021-02-12 06:41:35,562 - F magnitude: 7.308479745141272e-06
