2021-06-19 16:43:04,838 - ========================================
2021-06-19 16:43:04,838 - ===== Simulation data output for VNV Type 1a =====
2021-06-19 16:43:04,838 - ========================================
2021-06-19 16:43:04,838 - ---- Input values ----
2021-06-19 16:43:04,838 - V: [-1.39090863e-09  3.00000000e+04  0.00000000e+00]
2021-06-19 16:43:04,838 - B: [4.782e-09 4.420e-09 0.000e+00]
2021-06-19 16:43:04,838 - l: [0. 0. 1.]
2021-06-19 16:43:04,838 - sigma: 48600000.0
2021-06-19 16:43:04,839 - A: 0.0004704
2021-06-19 16:43:04,839 - Ic: 0.002
2021-06-19 16:43:04,839 - L: 10.0

2021-06-19 16:43:04,839 - ---- Output values ----
2021-06-19 16:43:04,839 - Em: -0.00143460000000003
2021-06-19 16:43:04,839 - I0: -32.7970218240007
2021-06-19 16:43:04,839 - ic: -6.09811467252312e-05
2021-06-19 16:43:04,839 - lambdaA: 0.00245938139203067
2021-06-19 16:43:04,839 - iavg: 6.09770068565443e-05
2021-06-19 16:43:04,839 - Iavg: -0.00199986422463633
2021-06-19 16:43:04,839 - IavgVector: [0.         0.         0.00199986]
2021-06-19 16:43:04,839 - F: [-8.83939987e-11  9.56335072e-11  0.00000000e+00]
2021-06-19 16:43:04,839 - F magnitude: 1.30227749404228e-10
2021-06-19 16:43:04,839 - ========================================
2021-06-19 16:43:04,839 - ===== Reference data output for VNV Type 1a =====
2021-06-19 16:43:04,839 - ========================================
2021-06-19 16:43:04,839 - ---- Input values ----
2021-06-19 16:43:04,840 - V: [    0 30000     0]
2021-06-19 16:43:04,840 - B: [4.782e-09 4.420e-09 0.000e+00]
2021-06-19 16:43:04,840 - l: [0 0 1]
2021-06-19 16:43:04,840 - sigma: 48600000.0
2021-06-19 16:43:04,840 - A: 0.0004704
2021-06-19 16:43:04,840 - Ic: 0.002
2021-06-19 16:43:04,840 - L: 10

2021-06-19 16:43:04,840 - ---- Output values ----
2021-06-19 16:43:04,840 - Em: -0.0014346
2021-06-19 16:43:04,840 - I0: -32.797021824
2021-06-19 16:43:04,840 - ic: -6.0981146725232615e-05
2021-06-19 16:43:04,840 - lambdaA: 0.0024593813920307053
2021-06-19 16:43:04,840 - iavg: 6.097700685654573e-05
2021-06-19 16:43:04,840 - Iavg: -0.001999864224636328
2021-06-19 16:43:04,840 - IavgVector: [0.         0.         0.00199986]
2021-06-19 16:43:04,841 - F: [-8.83939987e-11  9.56335072e-11  0.00000000e+00]
2021-06-19 16:43:04,841 - F magnitude: 1.3022774940422847e-10
2021-06-19 16:43:04,844 - ========================================
2021-06-19 16:43:04,844 - ===== Simulation data output for VNV Type 1b =====
2021-06-19 16:43:04,844 - ========================================
2021-06-19 16:43:04,844 - ---- Input values ----
2021-06-19 16:43:04,844 - V: [-1.39090863e-09  3.00000000e+04  0.00000000e+00]
2021-06-19 16:43:04,844 - B: [4.782e-09 4.420e-09 0.000e+00]
2021-06-19 16:43:04,845 - l: [ 0.  0. -1.]
2021-06-19 16:43:04,845 - sigma: 48600000.0
2021-06-19 16:43:04,845 - A: 0.0004704
2021-06-19 16:43:04,845 - Ic: 0.002
2021-06-19 16:43:04,845 - L: 10.0

2021-06-19 16:43:04,845 - ---- Output values ----
2021-06-19 16:43:04,845 - Em: 0.00143460000000003
2021-06-19 16:43:04,845 - I0: 32.7970218240007
2021-06-19 16:43:04,845 - ic: 6.09811467252312e-05
2021-06-19 16:43:04,845 - lambdaA: 0.00245928141013131
2021-06-19 16:43:04,845 - iavg: 6.09732887659895e-05
2021-06-19 16:43:04,845 - Iavg: 0.00199974228233926
2021-06-19 16:43:04,845 - IavgVector: [ 0.          0.         -0.00199974]
2021-06-19 16:43:04,845 - F: [ 8.83886089e-11 -9.56276759e-11  0.00000000e+00]
2021-06-19 16:43:04,845 - F magnitude: 1.30219808729702e-10
2021-06-19 16:43:04,845 - ========================================
2021-06-19 16:43:04,845 - ===== Reference data output for VNV Type 1b =====
2021-06-19 16:43:04,845 - ========================================
2021-06-19 16:43:04,846 - ---- Input values ----
2021-06-19 16:43:04,846 - V: [    0 30000     0]
2021-06-19 16:43:04,846 - B: [4.782e-09 4.420e-09 0.000e+00]
2021-06-19 16:43:04,846 - l: [ 0  0 -1]
2021-06-19 16:43:04,846 - sigma: 48600000.0
2021-06-19 16:43:04,846 - A: 0.0004704
2021-06-19 16:43:04,846 - Ic: 0.002
2021-06-19 16:43:04,846 - L: 10

2021-06-19 16:43:04,846 - ---- Output values ----
2021-06-19 16:43:04,846 - Em: 0.0014346
2021-06-19 16:43:04,846 - I0: 32.797021824
2021-06-19 16:43:04,846 - ic: 6.0981146725232615e-05
2021-06-19 16:43:04,846 - lambdaA: 0.002459281410131345
2021-06-19 16:43:04,846 - iavg: 6.09732887659909e-05
2021-06-19 16:43:04,846 - Iavg: 0.0019997422823392575
2021-06-19 16:43:04,846 - IavgVector: [ 0.          0.         -0.00199974]
2021-06-19 16:43:04,847 - F: [ 8.83886089e-11 -9.56276759e-11  0.00000000e+00]
2021-06-19 16:43:04,847 - F magnitude: 1.3021980872970217e-10
2021-06-19 16:43:04,850 - ========================================
2021-06-19 16:43:04,850 - ===== Simulation data output for VNV Type 2a =====
2021-06-19 16:43:04,850 - ========================================
2021-06-19 16:43:04,851 - ---- Input values ----
2021-06-19 16:43:04,851 - V: [-3180. 16020. 18690.]
2021-06-19 16:43:04,851 - B: [ 1.413e-09 -1.126e-09 -5.215e-09]
2021-06-19 16:43:04,851 - l: [ 0.176  0.875 -0.45 ]
2021-06-19 16:43:04,851 - sigma: 59520000.0
2021-06-19 16:43:04,851 - A: 0.005
2021-06-19 16:43:04,851 - Ic: 0.0372
2021-06-19 16:43:04,851 - L: 531.0

2021-06-19 16:43:04,851 - ---- Output values ----
2021-06-19 16:43:04,851 - Em: 0.00327745672658802
2021-06-19 16:43:04,851 - I0: 975.371121832595
2021-06-19 16:43:04,851 - ic: 3.81393288844825e-05
2021-06-19 16:43:04,851 - lambdaA: 0.00179858033347858
2021-06-19 16:43:04,851 - iavg: 3.8138549907707e-05
2021-06-19 16:43:04,851 - Iavg: 0.0371992402085486
2021-06-19 16:43:04,852 - IavgVector: [ 0.00654707  0.03254934 -0.01673966]
2021-06-19 16:43:04,852 - F: [-1.00143222e-07  5.57009110e-09 -2.83363940e-08]
2021-06-19 16:43:04,852 - F magnitude: 1.04223999200548e-07
2021-06-19 16:43:04,852 - ========================================
2021-06-19 16:43:04,852 - ===== Reference data output for VNV Type 2a =====
2021-06-19 16:43:04,852 - ========================================
2021-06-19 16:43:04,852 - ---- Input values ----
2021-06-19 16:43:04,852 - V: [-3180 16020 18690]
2021-06-19 16:43:04,852 - B: [ 1.413e-09 -1.126e-09 -5.215e-09]
2021-06-19 16:43:04,852 - l: [ 0.176  0.875 -0.45 ]
2021-06-19 16:43:04,852 - sigma: 59520000.0
2021-06-19 16:43:04,852 - A: 0.005
2021-06-19 16:43:04,853 - Ic: 0.0372
2021-06-19 16:43:04,853 - L: 531

2021-06-19 16:43:04,853 - ---- Output values ----
2021-06-19 16:43:04,853 - Em: 0.0032774567265900045
2021-06-19 16:43:04,853 - I0: 975.3711218331854
2021-06-19 16:43:04,853 - ic: 3.813932888445942e-05
2021-06-19 16:43:04,853 - lambdaA: 0.0017985803334778577
2021-06-19 16:43:04,853 - iavg: 3.8138549907684004e-05
2021-06-19 16:43:04,853 - Iavg: 0.03719924020854867
2021-06-19 16:43:04,853 - IavgVector: [ 0.00654707  0.03254934 -0.01673966]
2021-06-19 16:43:04,853 - F: [-1.00143222e-07  5.57009110e-09 -2.83363940e-08]
2021-06-19 16:43:04,853 - F magnitude: 1.0422399920054806e-07
2021-06-19 16:43:04,854 - ========== whaaaaaaa =================

2021-06-19 16:43:04,854 - ========================================
2021-06-19 16:43:04,854 - ===== Reference data output for VNV Type  =====
2021-06-19 16:43:04,854 - ========================================
2021-06-19 16:43:04,854 - ---- Input values ----
2021-06-19 16:43:04,854 - V: [   0 7350    0]
2021-06-19 16:43:04,854 - B: [ 1.31e-05 -2.10e-06  2.43e-05]
2021-06-19 16:43:04,854 - l: [1 0 0]
2021-06-19 16:43:04,854 - sigma: 34014000.0
2021-06-19 16:43:04,854 - A: 1.9635e-07
2021-06-19 16:43:04,854 - Ic: 0.015
2021-06-19 16:43:04,854 - L: 500

2021-06-19 16:43:04,855 - ---- Output values ----
2021-06-19 16:43:04,855 - Em: 89.30250000000001
2021-06-19 16:43:04,855 - I0: 596.4200433922501
2021-06-19 16:43:04,855 - ic: 2.515006020703916e-05
2021-06-19 16:43:04,855 - lambdaA: 0.001362622980337862
2021-06-19 16:43:04,855 - iavg: 2.5149716528579724e-05
2021-06-19 16:43:04,855 - Iavg: 0.01499979502327831
2021-06-19 16:43:04,855 - IavgVector: [0.0149998 0.        0.       ]
2021-06-19 16:43:04,855 - F: [ 0.00000000e+00 -1.82247510e-04 -1.57497848e-05]
2021-06-19 16:43:04,855 - F magnitude: 0.00018292678986786147
