2021-02-12 05:58:45,911 - ========================================
2021-02-12 05:58:45,911 - ===== Simulation data output for VNV Type 1a =====
2021-02-12 05:58:45,911 - ========================================
2021-02-12 05:58:45,911 - ---- Input values ----
2021-02-12 05:58:45,911 - V: [-5.92978276e-23  3.00000000e+04 -5.58744018e-29]
2021-02-12 05:58:45,911 - B: [4.782e-09 4.420e-09 0.000e+00]
2021-02-12 05:58:45,912 - l: [0. 0. 1.]
2021-02-12 05:58:45,912 - sigma: 48600000.0
2021-02-12 05:58:45,912 - A: 0.0004704
2021-02-12 05:58:45,912 - Ic: 0.002
2021-02-12 05:58:45,912 - L: 10.0

2021-02-12 05:58:45,912 - ---- Output values ----
2021-02-12 05:58:45,912 - Em: -0.00014346
2021-02-12 05:58:45,912 - I0: -3.2797021824
2021-02-12 05:58:45,912 - ic: -0.000609811467252326
2021-02-12 05:58:45,912 - lambdaA: 0.0114175254270282
2021-02-12 05:58:45,912 - iavg: 0.000609718815831091
2021-02-12 05:58:45,912 - Iavg: -0.00199969613093157
2021-02-12 05:58:45,912 - IavgVector: [-0.        -0.        -0.0019997]
2021-02-12 05:58:45,913 - F: [ 8.8386569e-12 -9.5625469e-12  0.0000000e+00]
2021-02-12 05:58:45,913 - F magnitude: 1.30216803428702e-11
2021-02-12 05:58:45,913 - ========================================
2021-02-12 05:58:45,913 - ===== Reference data output for VNV Type 1a =====
2021-02-12 05:58:45,913 - ========================================
2021-02-12 05:58:45,913 - ---- Input values ----
2021-02-12 05:58:45,913 - V: [    0 30000     0]
2021-02-12 05:58:45,913 - B: [4.782e-09 4.420e-09 0.000e+00]
2021-02-12 05:58:45,913 - l: [0 0 1]
2021-02-12 05:58:45,913 - sigma: 48600000.0
2021-02-12 05:58:45,913 - A: 0.0004704
2021-02-12 05:58:45,913 - Ic: 0.002
2021-02-12 05:58:45,914 - L: 10

2021-02-12 05:58:45,914 - ---- Output values ----
2021-02-12 05:58:45,914 - Em: -0.00014346
2021-02-12 05:58:45,914 - I0: -3.2797021824000003
2021-02-12 05:58:45,914 - ic: -0.0006098114672523261
2021-02-12 05:58:45,914 - lambdaA: 0.011417525427028206
2021-02-12 05:58:45,914 - iavg: 0.0006097188158310912
2021-02-12 05:58:45,914 - Iavg: -0.0019996961309315738
2021-02-12 05:58:45,914 - IavgVector: [-0.        -0.        -0.0019997]
2021-02-12 05:58:45,914 - F: [ 8.8386569e-12 -9.5625469e-12  0.0000000e+00]
2021-02-12 05:58:45,914 - F magnitude: 1.3021680342870199e-11
2021-02-12 05:58:45,931 - ========================================
2021-02-12 05:58:45,931 - ===== Simulation data output for VNV Type 1b =====
2021-02-12 05:58:45,931 - ========================================
2021-02-12 05:58:45,931 - ---- Input values ----
2021-02-12 05:58:45,931 - V: [-5.92978276e-23  3.00000000e+04 -5.58744018e-29]
2021-02-12 05:58:45,931 - B: [4.782e-09 4.420e-09 0.000e+00]
2021-02-12 05:58:45,931 - l: [0. 0. 1.]
2021-02-12 05:58:45,931 - sigma: 48600000.0
2021-02-12 05:58:45,931 - A: 0.0004704
2021-02-12 05:58:45,931 - Ic: 0.002
2021-02-12 05:58:45,932 - L: 10.0

2021-02-12 05:58:45,932 - ---- Output values ----
2021-02-12 05:58:45,932 - Em: -0.00014346
2021-02-12 05:58:45,932 - I0: -3.2797021824
2021-02-12 05:58:45,932 - ic: -0.000609811467252326
2021-02-12 05:58:45,932 - lambdaA: 0.0114175254270282
2021-02-12 05:58:45,932 - iavg: 0.000609718815831091
2021-02-12 05:58:45,932 - Iavg: -0.00199969613093157
2021-02-12 05:58:45,932 - IavgVector: [-0.        -0.        -0.0019997]
2021-02-12 05:58:45,932 - F: [ 8.8386569e-12 -9.5625469e-12  0.0000000e+00]
2021-02-12 05:58:45,932 - F magnitude: 1.30216803428702e-11
2021-02-12 05:58:45,932 - ========================================
2021-02-12 05:58:45,932 - ===== Reference data output for VNV Type 1b =====
2021-02-12 05:58:45,933 - ========================================
2021-02-12 05:58:45,933 - ---- Input values ----
2021-02-12 05:58:45,933 - V: [    0 30000     0]
2021-02-12 05:58:45,933 - B: [4.782e-09 4.420e-09 0.000e+00]
2021-02-12 05:58:45,933 - l: [ 0  0 -1]
2021-02-12 05:58:45,933 - sigma: 48600000.0
2021-02-12 05:58:45,933 - A: 0.0004704
2021-02-12 05:58:45,933 - Ic: 0.002
2021-02-12 05:58:45,933 - L: 10

2021-02-12 05:58:45,933 - ---- Output values ----
2021-02-12 05:58:45,933 - Em: 0.00014346
2021-02-12 05:58:45,934 - I0: 3.2797021824000003
2021-02-12 05:58:45,934 - ic: 0.0006098114672523261
2021-02-12 05:58:45,934 - lambdaA: 0.011412884678320204
2021-02-12 05:58:45,934 - iavg: 0.0006093472288036737
2021-02-12 05:58:45,934 - Iavg: 0.0019984774361468008
2021-02-12 05:58:45,934 - IavgVector: [ 0.          0.         -0.00199848]
2021-02-12 05:58:45,934 - F: [ 8.83327027e-12 -9.55671910e-12  0.00000000e+00]
2021-02-12 05:58:45,934 - F magnitude: 1.3013744410166543e-11
2021-02-12 05:58:45,952 - ========================================
2021-02-12 05:58:45,952 - ===== Simulation data output for VNV Type 2a =====
2021-02-12 05:58:45,952 - ========================================
2021-02-12 05:58:45,952 - ---- Input values ----
2021-02-12 05:58:45,952 - V: [-3180. 16020. 18690.]
2021-02-12 05:58:45,952 - B: [ 1.41267e-09 -1.12623e-09 -5.21451e-09]
2021-02-12 05:58:45,953 - l: [0. 0. 1.]
2021-02-12 05:58:45,953 - sigma: 59520000.0
2021-02-12 05:58:45,953 - A: 0.005
2021-02-12 05:58:45,953 - Ic: 0.0372
2021-02-12 05:58:45,953 - L: 531.0

2021-02-12 05:58:45,953 - ---- Output values ----
2021-02-12 05:58:45,953 - Em: -1.9049562e-05
2021-02-12 05:58:45,953 - I0: -5.6691496512
2021-02-12 05:58:45,953 - ic: -0.00656183066046348
2021-02-12 05:58:45,953 - lambdaA: 0.0557594365801462
2021-02-12 05:58:45,953 - iavg: 0.00658308294817202
2021-02-12 05:58:45,953 - Iavg: -0.0373204823994501
2021-02-12 05:58:45,953 - IavgVector: [-0.         -0.         -0.03732048]
2021-02-12 05:58:45,953 - F: [-4.20314469e-11 -5.27215259e-11  0.00000000e+00]
2021-02-12 05:58:45,953 - F magnitude: 6.742552794074e-11
2021-02-12 05:58:45,953 - ========================================
2021-02-12 05:58:45,954 - ===== Reference data output for VNV Type 2a =====
2021-02-12 05:58:45,954 - ========================================
2021-02-12 05:58:45,954 - ---- Input values ----
2021-02-12 05:58:45,954 - V: [-3180. 16020. 18690.]
2021-02-12 05:58:45,954 - B: [ 1.41267e-09 -1.12623e-09 -5.21451e-09]
2021-02-12 05:58:45,954 - l: [ 0.17583754  0.87544648 -0.45019399]
2021-02-12 05:58:45,954 - sigma: 59520000.0
2021-02-12 05:58:45,954 - A: 0.005
2021-02-12 05:58:45,954 - Ic: 0.0372
2021-02-12 05:58:45,954 - L: 531

2021-02-12 05:58:45,954 - ---- Output values ----
2021-02-12 05:58:45,954 - Em: 6.18586331905313e-06
2021-02-12 05:58:45,954 - I0: 1.8409129237502115
2021-02-12 05:58:45,955 - ic: 0.020207365334922036
2021-02-12 05:58:45,955 - lambdaA: 0.11697317146946196
2021-02-12 05:58:45,955 - iavg: 0.02000143393870115
2021-02-12 05:58:45,955 - Iavg: 0.03682089823129105
2021-02-12 05:58:45,955 - IavgVector: [ 0.0064745   0.03223473 -0.01657655]
2021-02-12 05:58:45,955 - F: [-1.86757304e-10  1.03441345e-11 -5.28288017e-11]
2021-02-12 05:58:45,955 - F magnitude: 1.943609371283146e-10
2021-02-12 05:58:45,955 - ========== whaaaaaaa =================

2021-02-12 05:58:45,955 - ========================================
2021-02-12 05:58:45,955 - ===== Reference data output for VNV Type  =====
2021-02-12 05:58:45,955 - ========================================
2021-02-12 05:58:45,955 - ---- Input values ----
2021-02-12 05:58:45,956 - V: [   0 7350    0]
2021-02-12 05:58:45,956 - B: [ 0.00e+00  0.00e+00 -1.75e-05]
2021-02-12 05:58:45,956 - l: [-1  0  0]
2021-02-12 05:58:45,956 - sigma: 34014000.0
2021-02-12 05:58:45,956 - A: 1.9635e-07
2021-02-12 05:58:45,956 - Ic: 1
2021-02-12 05:58:45,956 - L: 500

2021-02-12 05:58:45,956 - ---- Output values ----
2021-02-12 05:58:45,956 - Em: 0.128625
2021-02-12 05:58:45,956 - I0: 0.8590412147625001
2021-02-12 05:58:45,956 - ic: 1.1640885010115272
2021-02-12 05:58:45,956 - lambdaA: 0.9819684457059389
2021-02-12 05:58:45,956 - iavg: 0.48615527035397776
2021-02-12 05:58:45,956 - Iavg: 0.4176274140080727
2021-02-12 05:58:45,956 - IavgVector: [-0.41762741  0.          0.        ]
2021-02-12 05:58:45,957 - F: [-0.00000000e+00 -7.30847975e-06 -0.00000000e+00]
2021-02-12 05:58:45,957 - F magnitude: 7.308479745141272e-06
