2021-02-12 06:32:23,895 - ========================================
2021-02-12 06:32:23,895 - ===== Simulation data output for VNV Type 1a =====
2021-02-12 06:32:23,895 - ========================================
2021-02-12 06:32:23,895 - ---- Input values ----
2021-02-12 06:32:23,895 - V: [-5.92978276e-23  3.00000000e+04 -5.58744018e-29]
2021-02-12 06:32:23,895 - B: [4.782e-09 4.420e-09 0.000e+00]
2021-02-12 06:32:23,896 - l: [0. 0. 1.]
2021-02-12 06:32:23,896 - sigma: 48600000.0
2021-02-12 06:32:23,896 - A: 0.0004704
2021-02-12 06:32:23,896 - Ic: 0.002
2021-02-12 06:32:23,896 - L: 10.0

2021-02-12 06:32:23,896 - ---- Output values ----
2021-02-12 06:32:23,896 - Em: -0.00014346
2021-02-12 06:32:23,896 - I0: -3.2797021824
2021-02-12 06:32:23,896 - ic: -0.000609811467252326
2021-02-12 06:32:23,896 - lambdaA: 0.0114175254270282
2021-02-12 06:32:23,896 - iavg: 0.000609718815831091
2021-02-12 06:32:23,896 - Iavg: -0.00199969613093157
2021-02-12 06:32:23,896 - IavgVector: [-0.        -0.        -0.0019997]
2021-02-12 06:32:23,897 - F: [ 8.8386569e-12 -9.5625469e-12  0.0000000e+00]
2021-02-12 06:32:23,897 - F magnitude: 1.30216803428702e-11
2021-02-12 06:32:23,897 - ========================================
2021-02-12 06:32:23,897 - ===== Reference data output for VNV Type 1a =====
2021-02-12 06:32:23,897 - ========================================
2021-02-12 06:32:23,897 - ---- Input values ----
2021-02-12 06:32:23,897 - V: [    0 30000     0]
2021-02-12 06:32:23,898 - B: [4.782e-09 4.420e-09 0.000e+00]
2021-02-12 06:32:23,898 - l: [0 0 1]
2021-02-12 06:32:23,898 - sigma: 48600000.0
2021-02-12 06:32:23,898 - A: 0.0004704
2021-02-12 06:32:23,898 - Ic: 0.002
2021-02-12 06:32:23,898 - L: 10

2021-02-12 06:32:23,898 - ---- Output values ----
2021-02-12 06:32:23,898 - Em: -0.00014346
2021-02-12 06:32:23,898 - I0: -3.2797021824000003
2021-02-12 06:32:23,898 - ic: -0.0006098114672523261
2021-02-12 06:32:23,898 - lambdaA: 0.011417525427028206
2021-02-12 06:32:23,898 - iavg: 0.0006097188158310912
2021-02-12 06:32:23,898 - Iavg: -0.0019996961309315738
2021-02-12 06:32:23,898 - IavgVector: [-0.        -0.        -0.0019997]
2021-02-12 06:32:23,899 - F: [ 8.8386569e-12 -9.5625469e-12  0.0000000e+00]
2021-02-12 06:32:23,899 - F magnitude: 1.3021680342870199e-11
2021-02-12 06:32:23,917 - ========================================
2021-02-12 06:32:23,917 - ===== Simulation data output for VNV Type 1b =====
2021-02-12 06:32:23,917 - ========================================
2021-02-12 06:32:23,917 - ---- Input values ----
2021-02-12 06:32:23,917 - V: [-5.92978276e-23  3.00000000e+04 -5.58744018e-29]
2021-02-12 06:32:23,917 - B: [4.782e-09 4.420e-09 0.000e+00]
2021-02-12 06:32:23,917 - l: [0. 0. 1.]
2021-02-12 06:32:23,918 - sigma: 48600000.0
2021-02-12 06:32:23,918 - A: 0.0004704
2021-02-12 06:32:23,918 - Ic: 0.002
2021-02-12 06:32:23,918 - L: 10.0

2021-02-12 06:32:23,918 - ---- Output values ----
2021-02-12 06:32:23,918 - Em: -0.00014346
2021-02-12 06:32:23,918 - I0: -3.2797021824
2021-02-12 06:32:23,918 - ic: -0.000609811467252326
2021-02-12 06:32:23,918 - lambdaA: 0.0114175254270282
2021-02-12 06:32:23,918 - iavg: 0.000609718815831091
2021-02-12 06:32:23,918 - Iavg: -0.00199969613093157
2021-02-12 06:32:23,918 - IavgVector: [-0.        -0.        -0.0019997]
2021-02-12 06:32:23,918 - F: [ 8.8386569e-12 -9.5625469e-12  0.0000000e+00]
2021-02-12 06:32:23,919 - F magnitude: 1.30216803428702e-11
2021-02-12 06:32:23,919 - ========================================
2021-02-12 06:32:23,919 - ===== Reference data output for VNV Type 1b =====
2021-02-12 06:32:23,919 - ========================================
2021-02-12 06:32:23,919 - ---- Input values ----
2021-02-12 06:32:23,919 - V: [    0 30000     0]
2021-02-12 06:32:23,919 - B: [4.782e-09 4.420e-09 0.000e+00]
2021-02-12 06:32:23,920 - l: [ 0  0 -1]
2021-02-12 06:32:23,920 - sigma: 48600000.0
2021-02-12 06:32:23,920 - A: 0.0004704
2021-02-12 06:32:23,920 - Ic: 0.002
2021-02-12 06:32:23,920 - L: 10

2021-02-12 06:32:23,920 - ---- Output values ----
2021-02-12 06:32:23,920 - Em: 0.00014346
2021-02-12 06:32:23,920 - I0: 3.2797021824000003
2021-02-12 06:32:23,920 - ic: 0.0006098114672523261
2021-02-12 06:32:23,920 - lambdaA: 0.011412884678320204
2021-02-12 06:32:23,920 - iavg: 0.0006093472288036737
2021-02-12 06:32:23,920 - Iavg: 0.0019984774361468008
2021-02-12 06:32:23,920 - IavgVector: [ 0.          0.         -0.00199848]
2021-02-12 06:32:23,921 - F: [ 8.83327027e-12 -9.55671910e-12  0.00000000e+00]
2021-02-12 06:32:23,921 - F magnitude: 1.3013744410166543e-11
2021-02-12 06:32:23,937 - ========================================
2021-02-12 06:32:23,937 - ===== Simulation data output for VNV Type 2a =====
2021-02-12 06:32:23,937 - ========================================
2021-02-12 06:32:23,937 - ---- Input values ----
2021-02-12 06:32:23,937 - V: [-3180. 16020. 18690.]
2021-02-12 06:32:23,938 - B: [ 1.41267e-09 -1.12623e-09 -5.21451e-09]
2021-02-12 06:32:23,938 - l: [ 0.17583754  0.87544648 -0.45019399]
2021-02-12 06:32:23,938 - sigma: 59520000.0
2021-02-12 06:32:23,938 - A: 0.005
2021-02-12 06:32:23,938 - Ic: 0.0372
2021-02-12 06:32:23,938 - L: 531.0

2021-02-12 06:32:23,938 - ---- Output values ----
2021-02-12 06:32:23,938 - Em: 6.18586343891272e-06
2021-02-12 06:32:23,938 - I0: 1.84091295942042
2021-02-12 06:32:23,938 - ic: 0.0202073649433766
2021-02-12 06:32:23,938 - lambdaA: 0.116973169973874
2021-02-12 06:32:23,938 - iavg: 0.0200014335551242
2021-02-12 06:32:23,938 - Iavg: 0.0368208982386146
2021-02-12 06:32:23,939 - IavgVector: [ 0.0064745   0.03223473 -0.01657655]
2021-02-12 06:32:23,939 - F: [-1.86757304e-10  1.03441342e-11 -5.28288018e-11]
2021-02-12 06:32:23,939 - F magnitude: 1.94360937876862e-10
2021-02-12 06:32:23,939 - ========================================
2021-02-12 06:32:23,939 - ===== Reference data output for VNV Type 2a =====
2021-02-12 06:32:23,939 - ========================================
2021-02-12 06:32:23,940 - ---- Input values ----
2021-02-12 06:32:23,940 - V: [-3180. 16020. 18690.]
2021-02-12 06:32:23,940 - B: [ 1.41267e-09 -1.12623e-09 -5.21451e-09]
2021-02-12 06:32:23,940 - l: [ 0.17583754  0.87544648 -0.45019399]
2021-02-12 06:32:23,940 - sigma: 59520000.0
2021-02-12 06:32:23,940 - A: 0.005
2021-02-12 06:32:23,940 - Ic: 0.0372
2021-02-12 06:32:23,940 - L: 531

2021-02-12 06:32:23,940 - ---- Output values ----
2021-02-12 06:32:23,940 - Em: 6.18586331905313e-06
2021-02-12 06:32:23,940 - I0: 1.8409129237502115
2021-02-12 06:32:23,941 - ic: 0.020207365334922036
2021-02-12 06:32:23,941 - lambdaA: 0.11697317146946196
2021-02-12 06:32:23,941 - iavg: 0.02000143393870115
2021-02-12 06:32:23,941 - Iavg: 0.03682089823129105
2021-02-12 06:32:23,941 - IavgVector: [ 0.0064745   0.03223473 -0.01657655]
2021-02-12 06:32:23,941 - F: [-1.86757304e-10  1.03441345e-11 -5.28288017e-11]
2021-02-12 06:32:23,941 - F magnitude: 1.943609371283146e-10
2021-02-12 06:32:23,941 - ========== whaaaaaaa =================

2021-02-12 06:32:23,941 - ========================================
2021-02-12 06:32:23,941 - ===== Reference data output for VNV Type  =====
2021-02-12 06:32:23,942 - ========================================
2021-02-12 06:32:23,942 - ---- Input values ----
2021-02-12 06:32:23,942 - V: [   0 7350    0]
2021-02-12 06:32:23,942 - B: [ 0.00e+00  0.00e+00 -1.75e-05]
2021-02-12 06:32:23,942 - l: [-1  0  0]
2021-02-12 06:32:23,942 - sigma: 34014000.0
2021-02-12 06:32:23,942 - A: 1.9635e-07
2021-02-12 06:32:23,942 - Ic: 1
2021-02-12 06:32:23,942 - L: 500

2021-02-12 06:32:23,942 - ---- Output values ----
2021-02-12 06:32:23,942 - Em: 0.128625
2021-02-12 06:32:23,942 - I0: 0.8590412147625001
2021-02-12 06:32:23,943 - ic: 1.1640885010115272
2021-02-12 06:32:23,943 - lambdaA: 0.9819684457059389
2021-02-12 06:32:23,943 - iavg: 0.48615527035397776
2021-02-12 06:32:23,943 - Iavg: 0.4176274140080727
2021-02-12 06:32:23,943 - IavgVector: [-0.41762741  0.          0.        ]
2021-02-12 06:32:23,943 - F: [-0.00000000e+00 -7.30847975e-06 -0.00000000e+00]
2021-02-12 06:32:23,943 - F magnitude: 7.308479745141272e-06
