2021-02-12 06:50:26,029 - ========================================
2021-02-12 06:50:26,029 - ===== Simulation data output for VNV Type 1a =====
2021-02-12 06:50:26,029 - ========================================
2021-02-12 06:50:26,029 - ---- Input values ----
2021-02-12 06:50:26,029 - V: [-5.92978276e-23  3.00000000e+04 -5.58744018e-29]
2021-02-12 06:50:26,029 - B: [4.782e-09 4.420e-09 0.000e+00]
2021-02-12 06:50:26,030 - l: [0. 0. 1.]
2021-02-12 06:50:26,030 - sigma: 48600000.0
2021-02-12 06:50:26,030 - A: 0.0004704
2021-02-12 06:50:26,030 - Ic: 0.002
2021-02-12 06:50:26,030 - L: 10.0

2021-02-12 06:50:26,030 - ---- Output values ----
2021-02-12 06:50:26,030 - Em: -0.00014346
2021-02-12 06:50:26,030 - I0: -3.2797021824
2021-02-12 06:50:26,030 - ic: -0.000609811467252326
2021-02-12 06:50:26,030 - lambdaA: 0.0114175254270282
2021-02-12 06:50:26,030 - iavg: 0.000609718815831091
2021-02-12 06:50:26,030 - Iavg: -0.00199969613093157
2021-02-12 06:50:26,030 - IavgVector: [-0.        -0.        -0.0019997]
2021-02-12 06:50:26,031 - F: [ 8.8386569e-12 -9.5625469e-12  0.0000000e+00]
2021-02-12 06:50:26,031 - F magnitude: 1.30216803428702e-11
2021-02-12 06:50:26,031 - ========================================
2021-02-12 06:50:26,031 - ===== Reference data output for VNV Type 1a =====
2021-02-12 06:50:26,031 - ========================================
2021-02-12 06:50:26,031 - ---- Input values ----
2021-02-12 06:50:26,031 - V: [    0 30000     0]
2021-02-12 06:50:26,031 - B: [4.782e-09 4.420e-09 0.000e+00]
2021-02-12 06:50:26,031 - l: [0 0 1]
2021-02-12 06:50:26,031 - sigma: 48600000.0
2021-02-12 06:50:26,032 - A: 0.0004704
2021-02-12 06:50:26,032 - Ic: 0.002
2021-02-12 06:50:26,032 - L: 10

2021-02-12 06:50:26,032 - ---- Output values ----
2021-02-12 06:50:26,032 - Em: -0.00014346
2021-02-12 06:50:26,032 - I0: -3.2797021824000003
2021-02-12 06:50:26,032 - ic: -0.0006098114672523261
2021-02-12 06:50:26,032 - lambdaA: 0.011417525427028206
2021-02-12 06:50:26,032 - iavg: 0.0006097188158310912
2021-02-12 06:50:26,032 - Iavg: -0.0019996961309315738
2021-02-12 06:50:26,032 - IavgVector: [-0.        -0.        -0.0019997]
2021-02-12 06:50:26,032 - F: [ 8.8386569e-12 -9.5625469e-12  0.0000000e+00]
2021-02-12 06:50:26,032 - F magnitude: 1.3021680342870199e-11
2021-02-12 06:50:26,049 - ========================================
2021-02-12 06:50:26,049 - ===== Simulation data output for VNV Type 1b =====
2021-02-12 06:50:26,049 - ========================================
2021-02-12 06:50:26,049 - ---- Input values ----
2021-02-12 06:50:26,050 - V: [-5.92978276e-23  3.00000000e+04 -5.58744018e-29]
2021-02-12 06:50:26,050 - B: [4.782e-09 4.420e-09 0.000e+00]
2021-02-12 06:50:26,050 - l: [0. 0. 1.]
2021-02-12 06:50:26,050 - sigma: 48600000.0
2021-02-12 06:50:26,050 - A: 0.0004704
2021-02-12 06:50:26,050 - Ic: 0.002
2021-02-12 06:50:26,050 - L: 10.0

2021-02-12 06:50:26,050 - ---- Output values ----
2021-02-12 06:50:26,050 - Em: -0.00014346
2021-02-12 06:50:26,050 - I0: -3.2797021824
2021-02-12 06:50:26,050 - ic: -0.000609811467252326
2021-02-12 06:50:26,051 - lambdaA: 0.0114175254270282
2021-02-12 06:50:26,051 - iavg: 0.000609718815831091
2021-02-12 06:50:26,051 - Iavg: -0.00199969613093157
2021-02-12 06:50:26,051 - IavgVector: [-0.        -0.        -0.0019997]
2021-02-12 06:50:26,051 - F: [ 8.8386569e-12 -9.5625469e-12  0.0000000e+00]
2021-02-12 06:50:26,051 - F magnitude: 1.30216803428702e-11
2021-02-12 06:50:26,051 - ========================================
2021-02-12 06:50:26,051 - ===== Reference data output for VNV Type 1b =====
2021-02-12 06:50:26,051 - ========================================
2021-02-12 06:50:26,051 - ---- Input values ----
2021-02-12 06:50:26,051 - V: [    0 30000     0]
2021-02-12 06:50:26,052 - B: [4.782e-09 4.420e-09 0.000e+00]
2021-02-12 06:50:26,052 - l: [ 0  0 -1]
2021-02-12 06:50:26,052 - sigma: 48600000.0
2021-02-12 06:50:26,052 - A: 0.0004704
2021-02-12 06:50:26,052 - Ic: 0.002
2021-02-12 06:50:26,052 - L: 10

2021-02-12 06:50:26,052 - ---- Output values ----
2021-02-12 06:50:26,052 - Em: 0.00014346
2021-02-12 06:50:26,052 - I0: 3.2797021824000003
2021-02-12 06:50:26,052 - ic: 0.0006098114672523261
2021-02-12 06:50:26,052 - lambdaA: 0.011412884678320204
2021-02-12 06:50:26,052 - iavg: 0.0006093472288036737
2021-02-12 06:50:26,052 - Iavg: 0.0019984774361468008
2021-02-12 06:50:26,053 - IavgVector: [ 0.          0.         -0.00199848]
2021-02-12 06:50:26,053 - F: [ 8.83327027e-12 -9.55671910e-12  0.00000000e+00]
2021-02-12 06:50:26,053 - F magnitude: 1.3013744410166543e-11
2021-02-12 06:50:26,069 - ========================================
2021-02-12 06:50:26,069 - ===== Simulation data output for VNV Type 2a =====
2021-02-12 06:50:26,069 - ========================================
2021-02-12 06:50:26,069 - ---- Input values ----
2021-02-12 06:50:26,069 - V: [-3180. 16020. 18690.]
2021-02-12 06:50:26,069 - B: [ 1.41267e-09 -1.12623e-09 -5.21451e-09]
2021-02-12 06:50:26,069 - l: [ 0.17583754  0.87544648 -0.45019399]
2021-02-12 06:50:26,070 - sigma: 59520000.0
2021-02-12 06:50:26,070 - A: 0.005
2021-02-12 06:50:26,070 - Ic: 0.0372
2021-02-12 06:50:26,070 - L: 531.0

2021-02-12 06:50:26,070 - ---- Output values ----
2021-02-12 06:50:26,070 - Em: 6.18586343891272e-06
2021-02-12 06:50:26,070 - I0: 1.84091295942042
2021-02-12 06:50:26,070 - ic: 0.0202073649433766
2021-02-12 06:50:26,070 - lambdaA: 0.116973169973874
2021-02-12 06:50:26,070 - iavg: 0.0200014335551242
2021-02-12 06:50:26,070 - Iavg: 0.0368208982386146
2021-02-12 06:50:26,070 - IavgVector: [ 0.0064745   0.03223473 -0.01657655]
2021-02-12 06:50:26,070 - F: [-1.86757304e-10  1.03441342e-11 -5.28288018e-11]
2021-02-12 06:50:26,070 - F magnitude: 1.94360937876862e-10
2021-02-12 06:50:26,070 - ========================================
2021-02-12 06:50:26,070 - ===== Reference data output for VNV Type 2a =====
2021-02-12 06:50:26,071 - ========================================
2021-02-12 06:50:26,071 - ---- Input values ----
2021-02-12 06:50:26,071 - V: [-3180. 16020. 18690.]
2021-02-12 06:50:26,071 - B: [ 1.41267e-09 -1.12623e-09 -5.21451e-09]
2021-02-12 06:50:26,071 - l: [ 0.17583754  0.87544648 -0.45019399]
2021-02-12 06:50:26,071 - sigma: 59520000.0
2021-02-12 06:50:26,071 - A: 0.005
2021-02-12 06:50:26,071 - Ic: 0.0372
2021-02-12 06:50:26,071 - L: 531

2021-02-12 06:50:26,071 - ---- Output values ----
2021-02-12 06:50:26,071 - Em: 6.18586331905313e-06
2021-02-12 06:50:26,071 - I0: 1.8409129237502115
2021-02-12 06:50:26,071 - ic: 0.020207365334922036
2021-02-12 06:50:26,071 - lambdaA: 0.11697317146946196
2021-02-12 06:50:26,071 - iavg: 0.02000143393870115
2021-02-12 06:50:26,072 - Iavg: 0.03682089823129105
2021-02-12 06:50:26,072 - IavgVector: [ 0.0064745   0.03223473 -0.01657655]
2021-02-12 06:50:26,072 - F: [-1.86757304e-10  1.03441345e-11 -5.28288017e-11]
2021-02-12 06:50:26,072 - F magnitude: 1.943609371283146e-10
2021-02-12 06:50:26,072 - ========== whaaaaaaa =================

2021-02-12 06:50:26,072 - ========================================
2021-02-12 06:50:26,073 - ===== Reference data output for VNV Type  =====
2021-02-12 06:50:26,073 - ========================================
2021-02-12 06:50:26,073 - ---- Input values ----
2021-02-12 06:50:26,073 - V: [   0 7350    0]
2021-02-12 06:50:26,073 - B: [ 0.00e+00  0.00e+00 -1.75e-05]
2021-02-12 06:50:26,073 - l: [-1  0  0]
2021-02-12 06:50:26,073 - sigma: 34014000.0
2021-02-12 06:50:26,073 - A: 1.9635e-07
2021-02-12 06:50:26,073 - Ic: 1
2021-02-12 06:50:26,073 - L: 500

2021-02-12 06:50:26,073 - ---- Output values ----
2021-02-12 06:50:26,073 - Em: 0.128625
2021-02-12 06:50:26,073 - I0: 0.8590412147625001
2021-02-12 06:50:26,073 - ic: 1.1640885010115272
2021-02-12 06:50:26,073 - lambdaA: 0.9819684457059389
2021-02-12 06:50:26,073 - iavg: 0.48615527035397776
2021-02-12 06:50:26,074 - Iavg: 0.4176274140080727
2021-02-12 06:50:26,074 - IavgVector: [-0.41762741  0.          0.        ]
2021-02-12 06:50:26,074 - F: [-0.00000000e+00 -7.30847975e-06 -0.00000000e+00]
2021-02-12 06:50:26,074 - F magnitude: 7.308479745141272e-06
