2021-02-12 06:44:22,789 - ========================================
2021-02-12 06:44:22,789 - ===== Simulation data output for VNV Type 1a =====
2021-02-12 06:44:22,789 - ========================================
2021-02-12 06:44:22,789 - ---- Input values ----
2021-02-12 06:44:22,789 - V: [-5.92978276e-23  3.00000000e+04 -5.58744018e-29]
2021-02-12 06:44:22,789 - B: [4.782e-09 4.420e-09 0.000e+00]
2021-02-12 06:44:22,790 - l: [0. 0. 1.]
2021-02-12 06:44:22,790 - sigma: 48600000.0
2021-02-12 06:44:22,790 - A: 0.0004704
2021-02-12 06:44:22,790 - Ic: 0.002
2021-02-12 06:44:22,790 - L: 10.0

2021-02-12 06:44:22,790 - ---- Output values ----
2021-02-12 06:44:22,790 - Em: -0.00014346
2021-02-12 06:44:22,790 - I0: -3.2797021824
2021-02-12 06:44:22,790 - ic: -0.000609811467252326
2021-02-12 06:44:22,790 - lambdaA: 0.0114175254270282
2021-02-12 06:44:22,790 - iavg: 0.000609718815831091
2021-02-12 06:44:22,790 - Iavg: -0.00199969613093157
2021-02-12 06:44:22,790 - IavgVector: [-0.        -0.        -0.0019997]
2021-02-12 06:44:22,791 - F: [ 8.8386569e-12 -9.5625469e-12  0.0000000e+00]
2021-02-12 06:44:22,791 - F magnitude: 1.30216803428702e-11
2021-02-12 06:44:22,791 - ========================================
2021-02-12 06:44:22,791 - ===== Reference data output for VNV Type 1a =====
2021-02-12 06:44:22,791 - ========================================
2021-02-12 06:44:22,791 - ---- Input values ----
2021-02-12 06:44:22,791 - V: [    0 30000     0]
2021-02-12 06:44:22,791 - B: [4.782e-09 4.420e-09 0.000e+00]
2021-02-12 06:44:22,791 - l: [0 0 1]
2021-02-12 06:44:22,791 - sigma: 48600000.0
2021-02-12 06:44:22,791 - A: 0.0004704
2021-02-12 06:44:22,791 - Ic: 0.002
2021-02-12 06:44:22,791 - L: 10

2021-02-12 06:44:22,792 - ---- Output values ----
2021-02-12 06:44:22,792 - Em: -0.00014346
2021-02-12 06:44:22,792 - I0: -3.2797021824000003
2021-02-12 06:44:22,792 - ic: -0.0006098114672523261
2021-02-12 06:44:22,792 - lambdaA: 0.011417525427028206
2021-02-12 06:44:22,792 - iavg: 0.0006097188158310912
2021-02-12 06:44:22,792 - Iavg: -0.0019996961309315738
2021-02-12 06:44:22,792 - IavgVector: [-0.        -0.        -0.0019997]
2021-02-12 06:44:22,792 - F: [ 8.8386569e-12 -9.5625469e-12  0.0000000e+00]
2021-02-12 06:44:22,792 - F magnitude: 1.3021680342870199e-11
2021-02-12 06:44:22,812 - ========================================
2021-02-12 06:44:22,812 - ===== Simulation data output for VNV Type 1b =====
2021-02-12 06:44:22,812 - ========================================
2021-02-12 06:44:22,812 - ---- Input values ----
2021-02-12 06:44:22,812 - V: [-5.92978276e-23  3.00000000e+04 -5.58744018e-29]
2021-02-12 06:44:22,812 - B: [4.782e-09 4.420e-09 0.000e+00]
2021-02-12 06:44:22,812 - l: [0. 0. 1.]
2021-02-12 06:44:22,812 - sigma: 48600000.0
2021-02-12 06:44:22,813 - A: 0.0004704
2021-02-12 06:44:22,813 - Ic: 0.002
2021-02-12 06:44:22,813 - L: 10.0

2021-02-12 06:44:22,813 - ---- Output values ----
2021-02-12 06:44:22,813 - Em: -0.00014346
2021-02-12 06:44:22,813 - I0: -3.2797021824
2021-02-12 06:44:22,813 - ic: -0.000609811467252326
2021-02-12 06:44:22,813 - lambdaA: 0.0114175254270282
2021-02-12 06:44:22,813 - iavg: 0.000609718815831091
2021-02-12 06:44:22,813 - Iavg: -0.00199969613093157
2021-02-12 06:44:22,813 - IavgVector: [-0.        -0.        -0.0019997]
2021-02-12 06:44:22,813 - F: [ 8.8386569e-12 -9.5625469e-12  0.0000000e+00]
2021-02-12 06:44:22,813 - F magnitude: 1.30216803428702e-11
2021-02-12 06:44:22,813 - ========================================
2021-02-12 06:44:22,813 - ===== Reference data output for VNV Type 1b =====
2021-02-12 06:44:22,813 - ========================================
2021-02-12 06:44:22,813 - ---- Input values ----
2021-02-12 06:44:22,814 - V: [    0 30000     0]
2021-02-12 06:44:22,814 - B: [4.782e-09 4.420e-09 0.000e+00]
2021-02-12 06:44:22,814 - l: [ 0  0 -1]
2021-02-12 06:44:22,814 - sigma: 48600000.0
2021-02-12 06:44:22,814 - A: 0.0004704
2021-02-12 06:44:22,814 - Ic: 0.002
2021-02-12 06:44:22,814 - L: 10

2021-02-12 06:44:22,814 - ---- Output values ----
2021-02-12 06:44:22,814 - Em: 0.00014346
2021-02-12 06:44:22,814 - I0: 3.2797021824000003
2021-02-12 06:44:22,814 - ic: 0.0006098114672523261
2021-02-12 06:44:22,814 - lambdaA: 0.011412884678320204
2021-02-12 06:44:22,814 - iavg: 0.0006093472288036737
2021-02-12 06:44:22,814 - Iavg: 0.0019984774361468008
2021-02-12 06:44:22,814 - IavgVector: [ 0.          0.         -0.00199848]
2021-02-12 06:44:22,815 - F: [ 8.83327027e-12 -9.55671910e-12  0.00000000e+00]
2021-02-12 06:44:22,815 - F magnitude: 1.3013744410166543e-11
2021-02-12 06:44:22,832 - ========================================
2021-02-12 06:44:22,832 - ===== Simulation data output for VNV Type 2a =====
2021-02-12 06:44:22,832 - ========================================
2021-02-12 06:44:22,832 - ---- Input values ----
2021-02-12 06:44:22,832 - V: [-3180. 16020. 18690.]
2021-02-12 06:44:22,832 - B: [ 1.41267e-09 -1.12623e-09 -5.21451e-09]
2021-02-12 06:44:22,832 - l: [ 0.17583754  0.87544648 -0.45019399]
2021-02-12 06:44:22,832 - sigma: 59520000.0
2021-02-12 06:44:22,832 - A: 0.005
2021-02-12 06:44:22,832 - Ic: 0.0372
2021-02-12 06:44:22,833 - L: 531.0

2021-02-12 06:44:22,833 - ---- Output values ----
2021-02-12 06:44:22,833 - Em: 6.18586343891272e-06
2021-02-12 06:44:22,833 - I0: 1.84091295942042
2021-02-12 06:44:22,833 - ic: 0.0202073649433766
2021-02-12 06:44:22,833 - lambdaA: 0.116973169973874
2021-02-12 06:44:22,833 - iavg: 0.0200014335551242
2021-02-12 06:44:22,833 - Iavg: 0.0368208982386146
2021-02-12 06:44:22,833 - IavgVector: [ 0.0064745   0.03223473 -0.01657655]
2021-02-12 06:44:22,833 - F: [-1.86757304e-10  1.03441342e-11 -5.28288018e-11]
2021-02-12 06:44:22,833 - F magnitude: 1.94360937876862e-10
2021-02-12 06:44:22,833 - ========================================
2021-02-12 06:44:22,833 - ===== Reference data output for VNV Type 2a =====
2021-02-12 06:44:22,833 - ========================================
2021-02-12 06:44:22,833 - ---- Input values ----
2021-02-12 06:44:22,833 - V: [-3180. 16020. 18690.]
2021-02-12 06:44:22,834 - B: [ 1.41267e-09 -1.12623e-09 -5.21451e-09]
2021-02-12 06:44:22,834 - l: [ 0.17583754  0.87544648 -0.45019399]
2021-02-12 06:44:22,834 - sigma: 59520000.0
2021-02-12 06:44:22,834 - A: 0.005
2021-02-12 06:44:22,834 - Ic: 0.0372
2021-02-12 06:44:22,834 - L: 531

2021-02-12 06:44:22,834 - ---- Output values ----
2021-02-12 06:44:22,834 - Em: 6.18586331905313e-06
2021-02-12 06:44:22,834 - I0: 1.8409129237502115
2021-02-12 06:44:22,834 - ic: 0.020207365334922036
2021-02-12 06:44:22,834 - lambdaA: 0.11697317146946196
2021-02-12 06:44:22,834 - iavg: 0.02000143393870115
2021-02-12 06:44:22,834 - Iavg: 0.03682089823129105
2021-02-12 06:44:22,834 - IavgVector: [ 0.0064745   0.03223473 -0.01657655]
2021-02-12 06:44:22,835 - F: [-1.86757304e-10  1.03441345e-11 -5.28288017e-11]
2021-02-12 06:44:22,835 - F magnitude: 1.943609371283146e-10
2021-02-12 06:44:22,840 - ========== whaaaaaaa =================

2021-02-12 06:44:22,840 - ========================================
2021-02-12 06:44:22,840 - ===== Reference data output for VNV Type  =====
2021-02-12 06:44:22,840 - ========================================
2021-02-12 06:44:22,840 - ---- Input values ----
2021-02-12 06:44:22,841 - V: [   0 7350    0]
2021-02-12 06:44:22,841 - B: [ 0.00e+00  0.00e+00 -1.75e-05]
2021-02-12 06:44:22,841 - l: [-1  0  0]
2021-02-12 06:44:22,841 - sigma: 34014000.0
2021-02-12 06:44:22,841 - A: 1.9635e-07
2021-02-12 06:44:22,841 - Ic: 1
2021-02-12 06:44:22,841 - L: 500

2021-02-12 06:44:22,841 - ---- Output values ----
2021-02-12 06:44:22,841 - Em: 0.128625
2021-02-12 06:44:22,841 - I0: 0.8590412147625001
2021-02-12 06:44:22,841 - ic: 1.1640885010115272
2021-02-12 06:44:22,841 - lambdaA: 0.9819684457059389
2021-02-12 06:44:22,841 - iavg: 0.48615527035397776
2021-02-12 06:44:22,841 - Iavg: 0.4176274140080727
2021-02-12 06:44:22,841 - IavgVector: [-0.41762741  0.          0.        ]
2021-02-12 06:44:22,841 - F: [-0.00000000e+00 -7.30847975e-06 -0.00000000e+00]
2021-02-12 06:44:22,841 - F magnitude: 7.308479745141272e-06
