2021-02-12 06:42:26,442 - ========================================
2021-02-12 06:42:26,442 - ===== Simulation data output for VNV Type 1a =====
2021-02-12 06:42:26,443 - ========================================
2021-02-12 06:42:26,443 - ---- Input values ----
2021-02-12 06:42:26,443 - V: [-5.92978276e-23  3.00000000e+04 -5.58744018e-29]
2021-02-12 06:42:26,443 - B: [4.782e-09 4.420e-09 0.000e+00]
2021-02-12 06:42:26,443 - l: [0. 0. 1.]
2021-02-12 06:42:26,443 - sigma: 48600000.0
2021-02-12 06:42:26,443 - A: 0.0004704
2021-02-12 06:42:26,443 - Ic: 0.002
2021-02-12 06:42:26,443 - L: 10.0

2021-02-12 06:42:26,443 - ---- Output values ----
2021-02-12 06:42:26,443 - Em: -0.00014346
2021-02-12 06:42:26,443 - I0: -3.2797021824
2021-02-12 06:42:26,443 - ic: -0.000609811467252326
2021-02-12 06:42:26,443 - lambdaA: 0.0114175254270282
2021-02-12 06:42:26,444 - iavg: 0.000609718815831091
2021-02-12 06:42:26,444 - Iavg: -0.00199969613093157
2021-02-12 06:42:26,444 - IavgVector: [-0.        -0.        -0.0019997]
2021-02-12 06:42:26,444 - F: [ 8.8386569e-12 -9.5625469e-12  0.0000000e+00]
2021-02-12 06:42:26,444 - F magnitude: 1.30216803428702e-11
2021-02-12 06:42:26,444 - ========================================
2021-02-12 06:42:26,444 - ===== Reference data output for VNV Type 1a =====
2021-02-12 06:42:26,444 - ========================================
2021-02-12 06:42:26,444 - ---- Input values ----
2021-02-12 06:42:26,444 - V: [    0 30000     0]
2021-02-12 06:42:26,444 - B: [4.782e-09 4.420e-09 0.000e+00]
2021-02-12 06:42:26,444 - l: [0 0 1]
2021-02-12 06:42:26,444 - sigma: 48600000.0
2021-02-12 06:42:26,444 - A: 0.0004704
2021-02-12 06:42:26,444 - Ic: 0.002
2021-02-12 06:42:26,445 - L: 10

2021-02-12 06:42:26,445 - ---- Output values ----
2021-02-12 06:42:26,445 - Em: -0.00014346
2021-02-12 06:42:26,445 - I0: -3.2797021824000003
2021-02-12 06:42:26,445 - ic: -0.0006098114672523261
2021-02-12 06:42:26,445 - lambdaA: 0.011417525427028206
2021-02-12 06:42:26,445 - iavg: 0.0006097188158310912
2021-02-12 06:42:26,445 - Iavg: -0.0019996961309315738
2021-02-12 06:42:26,445 - IavgVector: [-0.        -0.        -0.0019997]
2021-02-12 06:42:26,445 - F: [ 8.8386569e-12 -9.5625469e-12  0.0000000e+00]
2021-02-12 06:42:26,445 - F magnitude: 1.3021680342870199e-11
2021-02-12 06:42:26,462 - ========================================
2021-02-12 06:42:26,462 - ===== Simulation data output for VNV Type 1b =====
2021-02-12 06:42:26,462 - ========================================
2021-02-12 06:42:26,462 - ---- Input values ----
2021-02-12 06:42:26,463 - V: [-5.92978276e-23  3.00000000e+04 -5.58744018e-29]
2021-02-12 06:42:26,463 - B: [4.782e-09 4.420e-09 0.000e+00]
2021-02-12 06:42:26,463 - l: [0. 0. 1.]
2021-02-12 06:42:26,463 - sigma: 48600000.0
2021-02-12 06:42:26,463 - A: 0.0004704
2021-02-12 06:42:26,463 - Ic: 0.002
2021-02-12 06:42:26,463 - L: 10.0

2021-02-12 06:42:26,463 - ---- Output values ----
2021-02-12 06:42:26,463 - Em: -0.00014346
2021-02-12 06:42:26,463 - I0: -3.2797021824
2021-02-12 06:42:26,463 - ic: -0.000609811467252326
2021-02-12 06:42:26,463 - lambdaA: 0.0114175254270282
2021-02-12 06:42:26,463 - iavg: 0.000609718815831091
2021-02-12 06:42:26,463 - Iavg: -0.00199969613093157
2021-02-12 06:42:26,464 - IavgVector: [-0.        -0.        -0.0019997]
2021-02-12 06:42:26,464 - F: [ 8.8386569e-12 -9.5625469e-12  0.0000000e+00]
2021-02-12 06:42:26,464 - F magnitude: 1.30216803428702e-11
2021-02-12 06:42:26,464 - ========================================
2021-02-12 06:42:26,464 - ===== Reference data output for VNV Type 1b =====
2021-02-12 06:42:26,464 - ========================================
2021-02-12 06:42:26,464 - ---- Input values ----
2021-02-12 06:42:26,464 - V: [    0 30000     0]
2021-02-12 06:42:26,464 - B: [4.782e-09 4.420e-09 0.000e+00]
2021-02-12 06:42:26,464 - l: [ 0  0 -1]
2021-02-12 06:42:26,464 - sigma: 48600000.0
2021-02-12 06:42:26,464 - A: 0.0004704
2021-02-12 06:42:26,464 - Ic: 0.002
2021-02-12 06:42:26,465 - L: 10

2021-02-12 06:42:26,465 - ---- Output values ----
2021-02-12 06:42:26,465 - Em: 0.00014346
2021-02-12 06:42:26,465 - I0: 3.2797021824000003
2021-02-12 06:42:26,465 - ic: 0.0006098114672523261
2021-02-12 06:42:26,465 - lambdaA: 0.011412884678320204
2021-02-12 06:42:26,465 - iavg: 0.0006093472288036737
2021-02-12 06:42:26,465 - Iavg: 0.0019984774361468008
2021-02-12 06:42:26,465 - IavgVector: [ 0.          0.         -0.00199848]
2021-02-12 06:42:26,465 - F: [ 8.83327027e-12 -9.55671910e-12  0.00000000e+00]
2021-02-12 06:42:26,465 - F magnitude: 1.3013744410166543e-11
2021-02-12 06:42:26,483 - ========================================
2021-02-12 06:42:26,483 - ===== Simulation data output for VNV Type 2a =====
2021-02-12 06:42:26,483 - ========================================
2021-02-12 06:42:26,483 - ---- Input values ----
2021-02-12 06:42:26,483 - V: [-3180. 16020. 18690.]
2021-02-12 06:42:26,483 - B: [ 1.41267e-09 -1.12623e-09 -5.21451e-09]
2021-02-12 06:42:26,483 - l: [ 0.17583754  0.87544648 -0.45019399]
2021-02-12 06:42:26,483 - sigma: 59520000.0
2021-02-12 06:42:26,484 - A: 0.005
2021-02-12 06:42:26,484 - Ic: 0.0372
2021-02-12 06:42:26,484 - L: 531.0

2021-02-12 06:42:26,484 - ---- Output values ----
2021-02-12 06:42:26,484 - Em: 6.18586343891272e-06
2021-02-12 06:42:26,484 - I0: 1.84091295942042
2021-02-12 06:42:26,484 - ic: 0.0202073649433766
2021-02-12 06:42:26,484 - lambdaA: 0.116973169973874
2021-02-12 06:42:26,484 - iavg: 0.0200014335551242
2021-02-12 06:42:26,484 - Iavg: 0.0368208982386146
2021-02-12 06:42:26,484 - IavgVector: [ 0.0064745   0.03223473 -0.01657655]
2021-02-12 06:42:26,484 - F: [-1.86757304e-10  1.03441342e-11 -5.28288018e-11]
2021-02-12 06:42:26,484 - F magnitude: 1.94360937876862e-10
2021-02-12 06:42:26,484 - ========================================
2021-02-12 06:42:26,484 - ===== Reference data output for VNV Type 2a =====
2021-02-12 06:42:26,484 - ========================================
2021-02-12 06:42:26,484 - ---- Input values ----
2021-02-12 06:42:26,485 - V: [-3180. 16020. 18690.]
2021-02-12 06:42:26,485 - B: [ 1.41267e-09 -1.12623e-09 -5.21451e-09]
2021-02-12 06:42:26,485 - l: [ 0.17583754  0.87544648 -0.45019399]
2021-02-12 06:42:26,485 - sigma: 59520000.0
2021-02-12 06:42:26,485 - A: 0.005
2021-02-12 06:42:26,485 - Ic: 0.0372
2021-02-12 06:42:26,485 - L: 531

2021-02-12 06:42:26,485 - ---- Output values ----
2021-02-12 06:42:26,485 - Em: 6.18586331905313e-06
2021-02-12 06:42:26,485 - I0: 1.8409129237502115
2021-02-12 06:42:26,485 - ic: 0.020207365334922036
2021-02-12 06:42:26,485 - lambdaA: 0.11697317146946196
2021-02-12 06:42:26,485 - iavg: 0.02000143393870115
2021-02-12 06:42:26,485 - Iavg: 0.03682089823129105
2021-02-12 06:42:26,486 - IavgVector: [ 0.0064745   0.03223473 -0.01657655]
2021-02-12 06:42:26,486 - F: [-1.86757304e-10  1.03441345e-11 -5.28288017e-11]
2021-02-12 06:42:26,486 - F magnitude: 1.943609371283146e-10
2021-02-12 06:42:26,499 - ========== whaaaaaaa =================

2021-02-12 06:42:26,500 - ========================================
2021-02-12 06:42:26,500 - ===== Reference data output for VNV Type  =====
2021-02-12 06:42:26,500 - ========================================
2021-02-12 06:42:26,500 - ---- Input values ----
2021-02-12 06:42:26,500 - V: [   0 7350    0]
2021-02-12 06:42:26,500 - B: [ 0.00e+00  0.00e+00 -1.75e-05]
2021-02-12 06:42:26,500 - l: [-1  0  0]
2021-02-12 06:42:26,500 - sigma: 34014000.0
2021-02-12 06:42:26,500 - A: 1.9635e-07
2021-02-12 06:42:26,500 - Ic: 1
2021-02-12 06:42:26,500 - L: 500

2021-02-12 06:42:26,500 - ---- Output values ----
2021-02-12 06:42:26,500 - Em: 0.128625
2021-02-12 06:42:26,500 - I0: 0.8590412147625001
2021-02-12 06:42:26,500 - ic: 1.1640885010115272
2021-02-12 06:42:26,501 - lambdaA: 0.9819684457059389
2021-02-12 06:42:26,501 - iavg: 0.48615527035397776
2021-02-12 06:42:26,501 - Iavg: 0.4176274140080727
2021-02-12 06:42:26,501 - IavgVector: [-0.41762741  0.          0.        ]
2021-02-12 06:42:26,501 - F: [-0.00000000e+00 -7.30847975e-06 -0.00000000e+00]
2021-02-12 06:42:26,501 - F magnitude: 7.308479745141272e-06
