2021-06-19 16:13:42,465 - ========================================
2021-06-19 16:13:42,465 - ===== Simulation data output for VNV Type 1a =====
2021-06-19 16:13:42,466 - ========================================
2021-06-19 16:13:42,466 - ---- Input values ----
2021-06-19 16:13:42,466 - V: [-1.39090863e-09  3.00000000e+04  0.00000000e+00]
2021-06-19 16:13:42,466 - B: [4.782e-09 4.420e-09 0.000e+00]
2021-06-19 16:13:42,466 - l: [0. 0. 1.]
2021-06-19 16:13:42,466 - sigma: 48600000.0
2021-06-19 16:13:42,466 - A: 0.0004704
2021-06-19 16:13:42,466 - Ic: 0.002
2021-06-19 16:13:42,466 - L: 10.0

2021-06-19 16:13:42,466 - ---- Output values ----
2021-06-19 16:13:42,467 - Em: -0.00143460000000003
2021-06-19 16:13:42,467 - I0: -32.7970218240007
2021-06-19 16:13:42,467 - ic: -6.09811467252312e-05
2021-06-19 16:13:42,467 - lambdaA: 0.00245938139203067
2021-06-19 16:13:42,467 - iavg: 6.09770068565443e-05
2021-06-19 16:13:42,467 - Iavg: -0.00199986422463633
2021-06-19 16:13:42,467 - IavgVector: [0.         0.         0.00199986]
2021-06-19 16:13:42,467 - F: [-8.83939987e-11  9.56335072e-11  0.00000000e+00]
2021-06-19 16:13:42,467 - F magnitude: 1.30227749404228e-10
2021-06-19 16:13:42,467 - ========================================
2021-06-19 16:13:42,467 - ===== Reference data output for VNV Type 1a =====
2021-06-19 16:13:42,467 - ========================================
2021-06-19 16:13:42,467 - ---- Input values ----
2021-06-19 16:13:42,468 - V: [    0 30000     0]
2021-06-19 16:13:42,468 - B: [4.782e-09 4.420e-09 0.000e+00]
2021-06-19 16:13:42,468 - l: [0 0 1]
2021-06-19 16:13:42,468 - sigma: 48600000.0
2021-06-19 16:13:42,469 - A: 0.0004704
2021-06-19 16:13:42,469 - Ic: 0.002
2021-06-19 16:13:42,469 - L: 10

2021-06-19 16:13:42,469 - ---- Output values ----
2021-06-19 16:13:42,469 - Em: -0.0014346
2021-06-19 16:13:42,469 - I0: -32.797021824
2021-06-19 16:13:42,469 - ic: -6.0981146725232615e-05
2021-06-19 16:13:42,469 - lambdaA: 0.0024593813920307053
2021-06-19 16:13:42,469 - iavg: 6.097700685654573e-05
2021-06-19 16:13:42,469 - Iavg: -0.001999864224636328
2021-06-19 16:13:42,469 - IavgVector: [0.         0.         0.00199986]
2021-06-19 16:13:42,469 - F: [-8.83939987e-11  9.56335072e-11  0.00000000e+00]
2021-06-19 16:13:42,469 - F magnitude: 1.3022774940422847e-10
2021-06-19 16:13:42,475 - ========================================
2021-06-19 16:13:42,475 - ===== Simulation data output for VNV Type 1b =====
2021-06-19 16:13:42,475 - ========================================
2021-06-19 16:13:42,475 - ---- Input values ----
2021-06-19 16:13:42,475 - V: [-1.39090863e-09  3.00000000e+04  0.00000000e+00]
2021-06-19 16:13:42,476 - B: [4.782e-09 4.420e-09 0.000e+00]
2021-06-19 16:13:42,476 - l: [ 0.  0. -1.]
2021-06-19 16:13:42,476 - sigma: 48600000.0
2021-06-19 16:13:42,476 - A: 0.0004704
2021-06-19 16:13:42,476 - Ic: 0.002
2021-06-19 16:13:42,476 - L: 10.0

2021-06-19 16:13:42,476 - ---- Output values ----
2021-06-19 16:13:42,477 - Em: 0.00143460000000003
2021-06-19 16:13:42,477 - I0: 32.7970218240007
2021-06-19 16:13:42,477 - ic: 6.09811467252312e-05
2021-06-19 16:13:42,477 - lambdaA: 0.00245928141013131
2021-06-19 16:13:42,477 - iavg: 6.09732887659895e-05
2021-06-19 16:13:42,477 - Iavg: 0.00199974228233926
2021-06-19 16:13:42,477 - IavgVector: [ 0.          0.         -0.00199974]
2021-06-19 16:13:42,477 - F: [ 8.83886089e-11 -9.56276759e-11  0.00000000e+00]
2021-06-19 16:13:42,477 - F magnitude: 1.30219808729702e-10
2021-06-19 16:13:42,477 - ========================================
2021-06-19 16:13:42,478 - ===== Reference data output for VNV Type 1b =====
2021-06-19 16:13:42,478 - ========================================
2021-06-19 16:13:42,478 - ---- Input values ----
2021-06-19 16:13:42,478 - V: [    0 30000     0]
2021-06-19 16:13:42,478 - B: [4.782e-09 4.420e-09 0.000e+00]
2021-06-19 16:13:42,478 - l: [ 0  0 -1]
2021-06-19 16:13:42,478 - sigma: 48600000.0
2021-06-19 16:13:42,478 - A: 0.0004704
2021-06-19 16:13:42,478 - Ic: 0.002
2021-06-19 16:13:42,479 - L: 10

2021-06-19 16:13:42,479 - ---- Output values ----
2021-06-19 16:13:42,479 - Em: 0.0014346
2021-06-19 16:13:42,479 - I0: 32.797021824
2021-06-19 16:13:42,479 - ic: 6.0981146725232615e-05
2021-06-19 16:13:42,479 - lambdaA: 0.002459281410131345
2021-06-19 16:13:42,479 - iavg: 6.09732887659909e-05
2021-06-19 16:13:42,479 - Iavg: 0.0019997422823392575
2021-06-19 16:13:42,479 - IavgVector: [ 0.          0.         -0.00199974]
2021-06-19 16:13:42,479 - F: [ 8.83886089e-11 -9.56276759e-11  0.00000000e+00]
2021-06-19 16:13:42,480 - F magnitude: 1.3021980872970217e-10
2021-06-19 16:13:42,485 - ========================================
2021-06-19 16:13:42,485 - ===== Simulation data output for VNV Type 2a =====
2021-06-19 16:13:42,485 - ========================================
2021-06-19 16:13:42,485 - ---- Input values ----
2021-06-19 16:13:42,486 - V: [-3180. 16020. 18690.]
2021-06-19 16:13:42,486 - B: [ 1.413e-09 -1.126e-09 -5.215e-09]
2021-06-19 16:13:42,486 - l: [ 0.176  0.875 -0.45 ]
2021-06-19 16:13:42,486 - sigma: 59520000.0
2021-06-19 16:13:42,486 - A: 0.005
2021-06-19 16:13:42,486 - Ic: 0.0372
2021-06-19 16:13:42,486 - L: 531.0

2021-06-19 16:13:42,486 - ---- Output values ----
2021-06-19 16:13:42,487 - Em: 0.00327745672658802
2021-06-19 16:13:42,487 - I0: 975.371121832595
2021-06-19 16:13:42,487 - ic: 3.81393288844825e-05
2021-06-19 16:13:42,487 - lambdaA: 0.00179858033347858
2021-06-19 16:13:42,487 - iavg: 3.8138549907707e-05
2021-06-19 16:13:42,487 - Iavg: 0.0371992402085486
2021-06-19 16:13:42,487 - IavgVector: [ 0.00654707  0.03254934 -0.01673966]
2021-06-19 16:13:42,487 - F: [-1.00143222e-07  5.57009110e-09 -2.83363940e-08]
2021-06-19 16:13:42,487 - F magnitude: 1.04223999200548e-07
2021-06-19 16:13:42,487 - ========================================
2021-06-19 16:13:42,488 - ===== Reference data output for VNV Type 2a =====
2021-06-19 16:13:42,488 - ========================================
2021-06-19 16:13:42,488 - ---- Input values ----
2021-06-19 16:13:42,488 - V: [-3180 16020 18690]
2021-06-19 16:13:42,488 - B: [ 1.413e-09 -1.126e-09 -5.215e-09]
2021-06-19 16:13:42,488 - l: [ 0.176  0.875 -0.45 ]
2021-06-19 16:13:42,488 - sigma: 59520000.0
2021-06-19 16:13:42,488 - A: 0.005
2021-06-19 16:13:42,489 - Ic: 0.0372
2021-06-19 16:13:42,489 - L: 531

2021-06-19 16:13:42,489 - ---- Output values ----
2021-06-19 16:13:42,489 - Em: 0.0032774567265900045
2021-06-19 16:13:42,489 - I0: 975.3711218331854
2021-06-19 16:13:42,489 - ic: 3.813932888445942e-05
2021-06-19 16:13:42,489 - lambdaA: 0.0017985803334778577
2021-06-19 16:13:42,489 - iavg: 3.8138549907684004e-05
2021-06-19 16:13:42,489 - Iavg: 0.03719924020854867
2021-06-19 16:13:42,489 - IavgVector: [ 0.00654707  0.03254934 -0.01673966]
2021-06-19 16:13:42,490 - F: [-1.00143222e-07  5.57009110e-09 -2.83363940e-08]
2021-06-19 16:13:42,490 - F magnitude: 1.0422399920054806e-07
2021-06-19 16:13:42,490 - ========== whaaaaaaa =================

2021-06-19 16:13:42,491 - ========================================
2021-06-19 16:13:42,491 - ===== Reference data output for VNV Type  =====
2021-06-19 16:13:42,491 - ========================================
2021-06-19 16:13:42,491 - ---- Input values ----
2021-06-19 16:13:42,491 - V: [   0 7350    0]
2021-06-19 16:13:42,491 - B: [ 0.00e+00  0.00e+00 -1.75e-05]
2021-06-19 16:13:42,491 - l: [1 0 0]
2021-06-19 16:13:42,492 - sigma: 34014000.0
2021-06-19 16:13:42,492 - A: 1.9635e-07
2021-06-19 16:13:42,492 - Ic: 0.015
2021-06-19 16:13:42,492 - L: 500

2021-06-19 16:13:42,492 - ---- Output values ----
2021-06-19 16:13:42,492 - Em: -64.3125
2021-06-19 16:13:42,492 - I0: -429.52060738125004
2021-06-19 16:13:42,492 - ic: -3.492265503034581e-05
2021-06-19 16:13:42,492 - lambdaA: 0.0016960157797335622
2021-06-19 16:13:42,492 - iavg: 3.4923217441936436e-05
2021-06-19 16:13:42,492 - Iavg: -0.015000241567368004
2021-06-19 16:13:42,492 - IavgVector: [0.01500024 0.         0.        ]
2021-06-19 16:13:42,493 - F: [-0.          0.00013125  0.        ]
2021-06-19 16:13:42,493 - F magnitude: 0.00013125211371447002
