2021-06-19 14:48:26,148 - ========================================
2021-06-19 14:48:26,148 - ===== Simulation data output for VNV Type 1a =====
2021-06-19 14:48:26,149 - ========================================
2021-06-19 14:48:26,149 - ---- Input values ----
2021-06-19 14:48:26,149 - V: [-2.17182081e+04  2.04972756e+04 -6.16259363e-03]
2021-06-19 14:48:26,149 - B: [4.782e-09 4.420e-09 0.000e+00]
2021-06-19 14:48:26,149 - l: [0. 0. 1.]
2021-06-19 14:48:26,149 - sigma: 48600000.0
2021-06-19 14:48:26,149 - A: 0.0004704
2021-06-19 14:48:26,149 - Ic: 0.002
2021-06-19 14:48:26,149 - L: 10.0

2021-06-19 14:48:26,149 - ---- Output values ----
2021-06-19 14:48:26,149 - Em: -0.000194012680888417
2021-06-19 14:48:26,149 - I0: -4.43540926336968
2021-06-19 14:48:26,149 - ic: -0.000450916675608093
2021-06-19 14:48:26,150 - lambdaA: 0.00933575539504117
2021-06-19 14:48:26,150 - iavg: 0.000450849914656775
2021-06-19 14:48:26,150 - Iavg: -0.00199970388785809
2021-06-19 14:48:26,150 - IavgVector: [0.        0.        0.0019997]
2021-06-19 14:48:26,150 - F: [-8.83869118e-11  9.56258399e-11  0.00000000e+00]
2021-06-19 14:48:26,150 - F magnitude: 1.04173846837228e-10
2021-06-19 14:48:26,150 - ========================================
2021-06-19 14:48:26,150 - ===== Reference data output for VNV Type 1a =====
2021-06-19 14:48:26,150 - ========================================
2021-06-19 14:48:26,150 - ---- Input values ----
2021-06-19 14:48:26,151 - V: [    0 30000     0]
2021-06-19 14:48:26,151 - B: [4.782e-09 4.420e-09 0.000e+00]
2021-06-19 14:48:26,151 - l: [0 0 1]
2021-06-19 14:48:26,151 - sigma: 48600000.0
2021-06-19 14:48:26,151 - A: 0.0004704
2021-06-19 14:48:26,151 - Ic: 0.002
2021-06-19 14:48:26,151 - L: 10

2021-06-19 14:48:26,151 - ---- Output values ----
2021-06-19 14:48:26,151 - Em: -0.00014346
2021-06-19 14:48:26,151 - I0: -3.2797021824000003
2021-06-19 14:48:26,152 - ic: -0.0006098114672523261
2021-06-19 14:48:26,152 - lambdaA: 0.011417525427028206
2021-06-19 14:48:26,152 - iavg: 0.0006097188158310912
2021-06-19 14:48:26,152 - Iavg: -0.0019996961309315738
2021-06-19 14:48:26,152 - IavgVector: [0.        0.        0.0019997]
2021-06-19 14:48:26,152 - F: [-8.8386569e-12  9.5625469e-12  0.0000000e+00]
2021-06-19 14:48:26,152 - F magnitude: 1.30216803428702e-11
2021-06-19 14:48:26,157 - ========================================
2021-06-19 14:48:26,157 - ===== Simulation data output for VNV Type 1b =====
2021-06-19 14:48:26,157 - ========================================
2021-06-19 14:48:26,157 - ---- Input values ----
2021-06-19 14:48:26,157 - V: [-2.17182081e+04  2.04972756e+04 -6.16259363e-03]
2021-06-19 14:48:26,157 - B: [4.782e-09 4.420e-09 0.000e+00]
2021-06-19 14:48:26,158 - l: [ 0.  0. -1.]
2021-06-19 14:48:26,158 - sigma: 48600000.0
2021-06-19 14:48:26,158 - A: 0.0004704
2021-06-19 14:48:26,158 - Ic: 0.002
2021-06-19 14:48:26,158 - L: 10.0

2021-06-19 14:48:26,158 - ---- Output values ----
2021-06-19 14:48:26,158 - Em: 0.000194012680860761
2021-06-19 14:48:26,158 - I0: 4.43540926273743
2021-06-19 14:48:26,158 - ic: 0.00045091667567237
2021-06-19 14:48:26,158 - lambdaA: 0.00933294938580238
2021-06-19 14:48:26,158 - iavg: 0.000450646715400317
2021-06-19 14:48:26,158 - Iavg: 0.00199880261570876
2021-06-19 14:48:26,159 - IavgVector: [ 0.         0.        -0.0019988]
2021-06-19 14:48:26,159 - F: [ 8.83470756e-11 -9.55827411e-11  0.00000000e+00]
2021-06-19 14:48:26,159 - F magnitude: 1.0412689539236e-10
2021-06-19 14:48:26,159 - ========================================
2021-06-19 14:48:26,159 - ===== Reference data output for VNV Type 1b =====
2021-06-19 14:48:26,159 - ========================================
2021-06-19 14:48:26,159 - ---- Input values ----
2021-06-19 14:48:26,159 - V: [    0 30000     0]
2021-06-19 14:48:26,160 - B: [4.782e-09 4.420e-09 0.000e+00]
2021-06-19 14:48:26,160 - l: [ 0  0 -1]
2021-06-19 14:48:26,160 - sigma: 48600000.0
2021-06-19 14:48:26,160 - A: 0.0004704
2021-06-19 14:48:26,160 - Ic: 0.002
2021-06-19 14:48:26,160 - L: 10

2021-06-19 14:48:26,160 - ---- Output values ----
2021-06-19 14:48:26,160 - Em: 0.00014346
2021-06-19 14:48:26,160 - I0: 3.2797021824000003
2021-06-19 14:48:26,160 - ic: 0.0006098114672523261
2021-06-19 14:48:26,160 - lambdaA: 0.011412884678320204
2021-06-19 14:48:26,160 - iavg: 0.0006093472288036737
2021-06-19 14:48:26,160 - Iavg: 0.0019984774361468008
2021-06-19 14:48:26,161 - IavgVector: [ 0.          0.         -0.00199848]
2021-06-19 14:48:26,161 - F: [ 8.83327027e-12 -9.55671910e-12  0.00000000e+00]
2021-06-19 14:48:26,161 - F magnitude: 1.3013744410166541e-11
2021-06-19 14:48:26,166 - ========================================
2021-06-19 14:48:26,166 - ===== Simulation data output for VNV Type 2a =====
2021-06-19 14:48:26,166 - ========================================
2021-06-19 14:48:26,166 - ---- Input values ----
2021-06-19 14:48:26,166 - V: [-98316.80902446 -16326.01409169 -20916.15263069]
2021-06-19 14:48:26,167 - B: [ 1.413 -1.126 -5.215]
2021-06-19 14:48:26,167 - l: [ 0.17583754  0.87544648 -0.45019399]
2021-06-19 14:48:26,167 - sigma: 59520000.0
2021-06-19 14:48:26,167 - A: 0.005
2021-06-19 14:48:26,167 - Ic: 0.0372
2021-06-19 14:48:26,167 - L: 531.0

2021-06-19 14:48:26,167 - ---- Output values ----
2021-06-19 14:48:26,167 - Em: -524129.990227837
2021-06-19 14:48:26,167 - I0: -155981085091.804
2021-06-19 14:48:26,167 - ic: -2.38490455288893e-13
2021-06-19 14:48:26,167 - lambdaA: 6.10474225030418e-09
2021-06-19 14:48:26,167 - iavg: 2.38490455287825e-13
2021-06-19 14:48:26,167 - Iavg: -0.0371999999998334
2021-06-19 14:48:26,168 - IavgVector: [ 0.00654116  0.03256661 -0.01674722]
2021-06-19 14:48:26,168 - F: [-100.19557515    5.54805488  -28.34582119]
2021-06-19 14:48:26,168 - F magnitude: 83.4205529460404
2021-06-19 14:48:26,168 - ========================================
2021-06-19 14:48:26,168 - ===== Reference data output for VNV Type 2a =====
2021-06-19 14:48:26,168 - ========================================
2021-06-19 14:48:26,168 - ---- Input values ----
2021-06-19 14:48:26,168 - V: [-3180 16020 18690]
2021-06-19 14:48:26,168 - B: [ 1.413 -1.126 -5.215]
2021-06-19 14:48:26,169 - l: [ 0.176  0.875 -0.45 ]
2021-06-19 14:48:26,169 - sigma: 59520000.0
2021-06-19 14:48:26,169 - A: 0.005
2021-06-19 14:48:26,169 - Ic: 0.0372
2021-06-19 14:48:26,169 - L: 531

2021-06-19 14:48:26,169 - ---- Output values ----
2021-06-19 14:48:26,169 - Em: 6172.234890000002
2021-06-19 14:48:26,169 - I0: 1836857103.264001
2021-06-19 14:48:26,169 - ic: 2.025198363764797e-11
2021-06-19 14:48:26,169 - lambdaA: 1.1794106424441946e-07
2021-06-19 14:48:26,169 - iavg: 2.025198363564365e-11
2021-06-19 14:48:26,169 - Iavg: 0.037199999996318345
2021-06-19 14:48:26,169 - IavgVector: [ 0.0065472  0.03255   -0.01674  ]
2021-06-19 14:48:26,170 - F: [-0.18859749  0.01049003 -0.0533653 ]
2021-06-19 14:48:26,170 - F magnitude: 0.19628272684920406
2021-06-19 14:48:26,170 - ========== whaaaaaaa =================

2021-06-19 14:48:26,171 - ========================================
2021-06-19 14:48:26,171 - ===== Reference data output for VNV Type  =====
2021-06-19 14:48:26,171 - ========================================
2021-06-19 14:48:26,171 - ---- Input values ----
2021-06-19 14:48:26,171 - V: [   0 7350    0]
2021-06-19 14:48:26,171 - B: [ 0.00e+00  0.00e+00 -1.75e-05]
2021-06-19 14:48:26,171 - l: [-1  0  0]
2021-06-19 14:48:26,172 - sigma: 34014000.0
2021-06-19 14:48:26,172 - A: 1.9635e-07
2021-06-19 14:48:26,172 - Ic: 0.01
2021-06-19 14:48:26,172 - L: 500

2021-06-19 14:48:26,172 - ---- Output values ----
2021-06-19 14:48:26,172 - Em: 0.128625
2021-06-19 14:48:26,172 - I0: 0.8590412147625001
2021-06-19 14:48:26,172 - ic: 0.011640885010115272
2021-06-19 14:48:26,172 - lambdaA: 0.08121829767790473
2021-06-19 14:48:26,172 - iavg: 0.011572377948277951
2021-06-19 14:48:26,172 - Iavg: 0.009941149610379459
2021-06-19 14:48:26,172 - IavgVector: [-0.00994115  0.          0.        ]
2021-06-19 14:48:26,172 - F: [-0.00000000e+00 -1.73970118e-07 -0.00000000e+00]
2021-06-19 14:48:26,173 - F magnitude: 1.7397011818164052e-07
