2021-06-19 16:43:25,561 - ========================================
2021-06-19 16:43:25,561 - ===== Simulation data output for VNV Type 1a =====
2021-06-19 16:43:25,561 - ========================================
2021-06-19 16:43:25,561 - ---- Input values ----
2021-06-19 16:43:25,561 - V: [-1.39090863e-09  3.00000000e+04  0.00000000e+00]
2021-06-19 16:43:25,561 - B: [4.782e-09 4.420e-09 0.000e+00]
2021-06-19 16:43:25,561 - l: [0. 0. 1.]
2021-06-19 16:43:25,561 - sigma: 48600000.0
2021-06-19 16:43:25,561 - A: 0.0004704
2021-06-19 16:43:25,561 - Ic: 0.002
2021-06-19 16:43:25,561 - L: 10.0

2021-06-19 16:43:25,562 - ---- Output values ----
2021-06-19 16:43:25,562 - Em: -0.00143460000000003
2021-06-19 16:43:25,562 - I0: -32.7970218240007
2021-06-19 16:43:25,562 - ic: -6.09811467252312e-05
2021-06-19 16:43:25,562 - lambdaA: 0.00245938139203067
2021-06-19 16:43:25,562 - iavg: 6.09770068565443e-05
2021-06-19 16:43:25,562 - Iavg: -0.00199986422463633
2021-06-19 16:43:25,562 - IavgVector: [0.         0.         0.00199986]
2021-06-19 16:43:25,562 - F: [-8.83939987e-11  9.56335072e-11  0.00000000e+00]
2021-06-19 16:43:25,562 - F magnitude: 1.30227749404228e-10
2021-06-19 16:43:25,562 - ========================================
2021-06-19 16:43:25,562 - ===== Reference data output for VNV Type 1a =====
2021-06-19 16:43:25,562 - ========================================
2021-06-19 16:43:25,562 - ---- Input values ----
2021-06-19 16:43:25,562 - V: [    0 30000     0]
2021-06-19 16:43:25,563 - B: [4.782e-09 4.420e-09 0.000e+00]
2021-06-19 16:43:25,563 - l: [0 0 1]
2021-06-19 16:43:25,563 - sigma: 48600000.0
2021-06-19 16:43:25,563 - A: 0.0004704
2021-06-19 16:43:25,563 - Ic: 0.002
2021-06-19 16:43:25,563 - L: 10

2021-06-19 16:43:25,563 - ---- Output values ----
2021-06-19 16:43:25,563 - Em: -0.0014346
2021-06-19 16:43:25,563 - I0: -32.797021824
2021-06-19 16:43:25,563 - ic: -6.0981146725232615e-05
2021-06-19 16:43:25,563 - lambdaA: 0.0024593813920307053
2021-06-19 16:43:25,563 - iavg: 6.097700685654573e-05
2021-06-19 16:43:25,563 - Iavg: -0.001999864224636328
2021-06-19 16:43:25,563 - IavgVector: [0.         0.         0.00199986]
2021-06-19 16:43:25,563 - F: [-8.83939987e-11  9.56335072e-11  0.00000000e+00]
2021-06-19 16:43:25,563 - F magnitude: 1.3022774940422847e-10
2021-06-19 16:43:25,567 - ========================================
2021-06-19 16:43:25,567 - ===== Simulation data output for VNV Type 1b =====
2021-06-19 16:43:25,567 - ========================================
2021-06-19 16:43:25,567 - ---- Input values ----
2021-06-19 16:43:25,567 - V: [-1.39090863e-09  3.00000000e+04  0.00000000e+00]
2021-06-19 16:43:25,567 - B: [4.782e-09 4.420e-09 0.000e+00]
2021-06-19 16:43:25,567 - l: [ 0.  0. -1.]
2021-06-19 16:43:25,568 - sigma: 48600000.0
2021-06-19 16:43:25,568 - A: 0.0004704
2021-06-19 16:43:25,568 - Ic: 0.002
2021-06-19 16:43:25,568 - L: 10.0

2021-06-19 16:43:25,568 - ---- Output values ----
2021-06-19 16:43:25,568 - Em: 0.00143460000000003
2021-06-19 16:43:25,568 - I0: 32.7970218240007
2021-06-19 16:43:25,568 - ic: 6.09811467252312e-05
2021-06-19 16:43:25,568 - lambdaA: 0.00245928141013131
2021-06-19 16:43:25,568 - iavg: 6.09732887659895e-05
2021-06-19 16:43:25,568 - Iavg: 0.00199974228233926
2021-06-19 16:43:25,568 - IavgVector: [ 0.          0.         -0.00199974]
2021-06-19 16:43:25,568 - F: [ 8.83886089e-11 -9.56276759e-11  0.00000000e+00]
2021-06-19 16:43:25,568 - F magnitude: 1.30219808729702e-10
2021-06-19 16:43:25,568 - ========================================
2021-06-19 16:43:25,568 - ===== Reference data output for VNV Type 1b =====
2021-06-19 16:43:25,568 - ========================================
2021-06-19 16:43:25,568 - ---- Input values ----
2021-06-19 16:43:25,569 - V: [    0 30000     0]
2021-06-19 16:43:25,569 - B: [4.782e-09 4.420e-09 0.000e+00]
2021-06-19 16:43:25,569 - l: [ 0  0 -1]
2021-06-19 16:43:25,569 - sigma: 48600000.0
2021-06-19 16:43:25,569 - A: 0.0004704
2021-06-19 16:43:25,569 - Ic: 0.002
2021-06-19 16:43:25,569 - L: 10

2021-06-19 16:43:25,569 - ---- Output values ----
2021-06-19 16:43:25,569 - Em: 0.0014346
2021-06-19 16:43:25,569 - I0: 32.797021824
2021-06-19 16:43:25,569 - ic: 6.0981146725232615e-05
2021-06-19 16:43:25,569 - lambdaA: 0.002459281410131345
2021-06-19 16:43:25,569 - iavg: 6.09732887659909e-05
2021-06-19 16:43:25,569 - Iavg: 0.0019997422823392575
2021-06-19 16:43:25,569 - IavgVector: [ 0.          0.         -0.00199974]
2021-06-19 16:43:25,570 - F: [ 8.83886089e-11 -9.56276759e-11  0.00000000e+00]
2021-06-19 16:43:25,570 - F magnitude: 1.3021980872970217e-10
2021-06-19 16:43:25,573 - ========================================
2021-06-19 16:43:25,573 - ===== Simulation data output for VNV Type 2a =====
2021-06-19 16:43:25,573 - ========================================
2021-06-19 16:43:25,573 - ---- Input values ----
2021-06-19 16:43:25,573 - V: [-3180. 16020. 18690.]
2021-06-19 16:43:25,574 - B: [ 1.413e-09 -1.126e-09 -5.215e-09]
2021-06-19 16:43:25,574 - l: [ 0.176  0.875 -0.45 ]
2021-06-19 16:43:25,574 - sigma: 59520000.0
2021-06-19 16:43:25,574 - A: 0.005
2021-06-19 16:43:25,574 - Ic: 0.0372
2021-06-19 16:43:25,574 - L: 531.0

2021-06-19 16:43:25,574 - ---- Output values ----
2021-06-19 16:43:25,574 - Em: 0.00327745672658802
2021-06-19 16:43:25,574 - I0: 975.371121832595
2021-06-19 16:43:25,574 - ic: 3.81393288844825e-05
2021-06-19 16:43:25,574 - lambdaA: 0.00179858033347858
2021-06-19 16:43:25,574 - iavg: 3.8138549907707e-05
2021-06-19 16:43:25,574 - Iavg: 0.0371992402085486
2021-06-19 16:43:25,574 - IavgVector: [ 0.00654707  0.03254934 -0.01673966]
2021-06-19 16:43:25,575 - F: [-1.00143222e-07  5.57009110e-09 -2.83363940e-08]
2021-06-19 16:43:25,575 - F magnitude: 1.04223999200548e-07
2021-06-19 16:43:25,575 - ========================================
2021-06-19 16:43:25,575 - ===== Reference data output for VNV Type 2a =====
2021-06-19 16:43:25,575 - ========================================
2021-06-19 16:43:25,575 - ---- Input values ----
2021-06-19 16:43:25,575 - V: [-3180 16020 18690]
2021-06-19 16:43:25,575 - B: [ 1.413e-09 -1.126e-09 -5.215e-09]
2021-06-19 16:43:25,575 - l: [ 0.176  0.875 -0.45 ]
2021-06-19 16:43:25,575 - sigma: 59520000.0
2021-06-19 16:43:25,575 - A: 0.005
2021-06-19 16:43:25,575 - Ic: 0.0372
2021-06-19 16:43:25,575 - L: 531

2021-06-19 16:43:25,576 - ---- Output values ----
2021-06-19 16:43:25,576 - Em: 0.0032774567265900045
2021-06-19 16:43:25,576 - I0: 975.3711218331854
2021-06-19 16:43:25,576 - ic: 3.813932888445942e-05
2021-06-19 16:43:25,576 - lambdaA: 0.0017985803334778577
2021-06-19 16:43:25,576 - iavg: 3.8138549907684004e-05
2021-06-19 16:43:25,576 - Iavg: 0.03719924020854867
2021-06-19 16:43:25,576 - IavgVector: [ 0.00654707  0.03254934 -0.01673966]
2021-06-19 16:43:25,576 - F: [-1.00143222e-07  5.57009110e-09 -2.83363940e-08]
2021-06-19 16:43:25,576 - F magnitude: 1.0422399920054806e-07
2021-06-19 16:43:25,577 - ========== whaaaaaaa =================

2021-06-19 16:43:25,577 - ========================================
2021-06-19 16:43:25,577 - ===== Reference data output for VNV Type  =====
2021-06-19 16:43:25,577 - ========================================
2021-06-19 16:43:25,577 - ---- Input values ----
2021-06-19 16:43:25,577 - V: [   0 7350    0]
2021-06-19 16:43:25,577 - B: [ 1.31e-05 -2.10e-06  2.43e-05]
2021-06-19 16:43:25,577 - l: [-1  0  0]
2021-06-19 16:43:25,577 - sigma: 34014000.0
2021-06-19 16:43:25,577 - A: 1.9635e-07
2021-06-19 16:43:25,577 - Ic: 0.015
2021-06-19 16:43:25,578 - L: 500

2021-06-19 16:43:25,578 - ---- Output values ----
2021-06-19 16:43:25,578 - Em: -89.30250000000001
2021-06-19 16:43:25,578 - I0: -596.4200433922501
2021-06-19 16:43:25,578 - ic: -2.515006020703916e-05
2021-06-19 16:43:25,578 - lambdaA: 0.0013626458272293928
2021-06-19 16:43:25,578 - iavg: 2.515034905295894e-05
2021-06-19 16:43:25,578 - Iavg: -0.015000172273496008
2021-06-19 16:43:25,578 - IavgVector: [-0.01500017  0.          0.        ]
2021-06-19 16:43:25,578 - F: [0.00000000e+00 1.82252093e-04 1.57501809e-05]
2021-06-19 16:43:25,578 - F magnitude: 0.00018293139054215027
