2021-06-19 15:18:27,742 - ========================================
2021-06-19 15:18:27,742 - ===== Simulation data output for VNV Type 1a =====
2021-06-19 15:18:27,742 - ========================================
2021-06-19 15:18:27,742 - ---- Input values ----
2021-06-19 15:18:27,742 - V: [-1.39090863e-09  3.00000000e+04  0.00000000e+00]
2021-06-19 15:18:27,742 - B: [4.782e-09 4.420e-09 0.000e+00]
2021-06-19 15:18:27,743 - l: [0. 0. 1.]
2021-06-19 15:18:27,743 - sigma: 48600000.0
2021-06-19 15:18:27,743 - A: 0.0004704
2021-06-19 15:18:27,743 - Ic: 0.002
2021-06-19 15:18:27,743 - L: 10.0

2021-06-19 15:18:27,743 - ---- Output values ----
2021-06-19 15:18:27,743 - Em: -0.000143460000000003
2021-06-19 15:18:27,743 - I0: -3.27970218240007
2021-06-19 15:18:27,743 - ic: -0.000609811467252312
2021-06-19 15:18:27,743 - lambdaA: 0.011417525427028
2021-06-19 15:18:27,743 - iavg: 0.000609718815831077
2021-06-19 15:18:27,743 - Iavg: -0.00199969613093157
2021-06-19 15:18:27,743 - IavgVector: [0.        0.        0.0019997]
2021-06-19 15:18:27,743 - F: [-8.8386569e-11  9.5625469e-11  0.0000000e+00]
2021-06-19 15:18:27,743 - F magnitude: 1.30216803428702e-10
2021-06-19 15:18:27,743 - ========================================
2021-06-19 15:18:27,743 - ===== Reference data output for VNV Type 1a =====
2021-06-19 15:18:27,743 - ========================================
2021-06-19 15:18:27,743 - ---- Input values ----
2021-06-19 15:18:27,744 - V: [    0 30000     0]
2021-06-19 15:18:27,744 - B: [4.782e-09 4.420e-09 0.000e+00]
2021-06-19 15:18:27,745 - l: [0 0 1]
2021-06-19 15:18:27,745 - sigma: 48600000.0
2021-06-19 15:18:27,745 - A: 0.0004704
2021-06-19 15:18:27,745 - Ic: 0.002
2021-06-19 15:18:27,745 - L: 10

2021-06-19 15:18:27,745 - ---- Output values ----
2021-06-19 15:18:27,745 - Em: -0.00014346
2021-06-19 15:18:27,745 - I0: -3.2797021824000003
2021-06-19 15:18:27,745 - ic: -0.0006098114672523261
2021-06-19 15:18:27,745 - lambdaA: 0.011417525427028206
2021-06-19 15:18:27,745 - iavg: 0.0006097188158310912
2021-06-19 15:18:27,745 - Iavg: -0.0019996961309315738
2021-06-19 15:18:27,745 - IavgVector: [0.        0.        0.0019997]
2021-06-19 15:18:27,745 - F: [-8.8386569e-11  9.5625469e-11  0.0000000e+00]
2021-06-19 15:18:27,745 - F magnitude: 1.30216803428702e-10
2021-06-19 15:18:27,751 - ========================================
2021-06-19 15:18:27,751 - ===== Simulation data output for VNV Type 1b =====
2021-06-19 15:18:27,751 - ========================================
2021-06-19 15:18:27,751 - ---- Input values ----
2021-06-19 15:18:27,752 - V: [-1.39090863e-09  3.00000000e+04  0.00000000e+00]
2021-06-19 15:18:27,752 - B: [4.782e-09 4.420e-09 0.000e+00]
2021-06-19 15:18:27,752 - l: [ 0.  0. -1.]
2021-06-19 15:18:27,752 - sigma: 48600000.0
2021-06-19 15:18:27,752 - A: 0.0004704
2021-06-19 15:18:27,752 - Ic: 0.002
2021-06-19 15:18:27,752 - L: 10.0

2021-06-19 15:18:27,752 - ---- Output values ----
2021-06-19 15:18:27,752 - Em: 0.000143460000000003
2021-06-19 15:18:27,752 - I0: 3.27970218240007
2021-06-19 15:18:27,752 - ic: 0.000609811467252312
2021-06-19 15:18:27,752 - lambdaA: 0.01141288467832
2021-06-19 15:18:27,752 - iavg: 0.00060934722880366
2021-06-19 15:18:27,752 - Iavg: 0.0019984774361468
2021-06-19 15:18:27,752 - IavgVector: [ 0.          0.         -0.00199848]
2021-06-19 15:18:27,753 - F: [ 8.83327027e-11 -9.55671910e-11  0.00000000e+00]
2021-06-19 15:18:27,753 - F magnitude: 1.30137444101665e-10
2021-06-19 15:18:27,753 - ========================================
2021-06-19 15:18:27,753 - ===== Reference data output for VNV Type 1b =====
2021-06-19 15:18:27,753 - ========================================
2021-06-19 15:18:27,753 - ---- Input values ----
2021-06-19 15:18:27,753 - V: [    0 30000     0]
2021-06-19 15:18:27,753 - B: [4.782e-09 4.420e-09 0.000e+00]
2021-06-19 15:18:27,753 - l: [ 0  0 -1]
2021-06-19 15:18:27,753 - sigma: 48600000.0
2021-06-19 15:18:27,753 - A: 0.0004704
2021-06-19 15:18:27,753 - Ic: 0.002
2021-06-19 15:18:27,753 - L: 10

2021-06-19 15:18:27,753 - ---- Output values ----
2021-06-19 15:18:27,753 - Em: 0.00014346
2021-06-19 15:18:27,753 - I0: 3.2797021824000003
2021-06-19 15:18:27,753 - ic: 0.0006098114672523261
2021-06-19 15:18:27,753 - lambdaA: 0.011412884678320204
2021-06-19 15:18:27,753 - iavg: 0.0006093472288036737
2021-06-19 15:18:27,754 - Iavg: 0.0019984774361468008
2021-06-19 15:18:27,754 - IavgVector: [ 0.          0.         -0.00199848]
2021-06-19 15:18:27,754 - F: [ 8.83327027e-11 -9.55671910e-11  0.00000000e+00]
2021-06-19 15:18:27,754 - F magnitude: 1.301374441016654e-10
2021-06-19 15:18:27,760 - ========================================
2021-06-19 15:18:27,760 - ===== Simulation data output for VNV Type 2a =====
2021-06-19 15:18:27,760 - ========================================
2021-06-19 15:18:27,760 - ---- Input values ----
2021-06-19 15:18:27,760 - V: [-3180.00000001 16020.         18690.        ]
2021-06-19 15:18:27,760 - B: [ 1.413 -1.126 -5.215]
2021-06-19 15:18:27,760 - l: [ 0.17583754  0.87544648 -0.45019399]
2021-06-19 15:18:27,760 - sigma: 59520000.0
2021-06-19 15:18:27,760 - A: 0.005
2021-06-19 15:18:27,760 - Ic: 0.0372
2021-06-19 15:18:27,760 - L: 531.0

2021-06-19 15:18:27,760 - ---- Output values ----
2021-06-19 15:18:27,760 - Em: 6190.47191451967
2021-06-19 15:18:27,760 - I0: 1842284441.76105
2021-06-19 15:18:27,760 - ic: 2.01923216397791e-11
2021-06-19 15:18:27,761 - lambdaA: 1.17709315456045e-07
2021-06-19 15:18:27,761 - iavg: 2.01923216377848e-11
2021-06-19 15:18:27,761 - Iavg: 0.0371999999963259
2021-06-19 15:18:27,761 - IavgVector: [ 0.00654116  0.03256661 -0.01674722]
2021-06-19 15:18:27,761 - F: [-100.19557514    5.54805488  -28.34582118]
2021-06-19 15:18:27,761 - F magnitude: 104.275691172719
2021-06-19 15:18:27,761 - ========================================
2021-06-19 15:18:27,761 - ===== Reference data output for VNV Type 2a =====
2021-06-19 15:18:27,761 - ========================================
2021-06-19 15:18:27,761 - ---- Input values ----
2021-06-19 15:18:27,761 - V: [-3180 16020 18690]
2021-06-19 15:18:27,761 - B: [ 1.413 -1.126 -5.215]
2021-06-19 15:18:27,761 - l: [ 0.176  0.875 -0.45 ]
2021-06-19 15:18:27,761 - sigma: 59520000.0
2021-06-19 15:18:27,762 - A: 0.005
2021-06-19 15:18:27,762 - Ic: 0.0372
2021-06-19 15:18:27,762 - L: 531

2021-06-19 15:18:27,762 - ---- Output values ----
2021-06-19 15:18:27,762 - Em: 6172.234890000002
2021-06-19 15:18:27,762 - I0: 1836857103.264001
2021-06-19 15:18:27,762 - ic: 2.025198363764797e-11
2021-06-19 15:18:27,762 - lambdaA: 1.1794106424441946e-07
2021-06-19 15:18:27,762 - iavg: 2.025198363564365e-11
2021-06-19 15:18:27,762 - Iavg: 0.037199999996318345
2021-06-19 15:18:27,762 - IavgVector: [ 0.0065472  0.03255   -0.01674  ]
2021-06-19 15:18:27,762 - F: [-100.14526718    5.57020487  -28.33697281]
2021-06-19 15:18:27,762 - F magnitude: 104.22612795692737
2021-06-19 15:18:27,763 - ========== whaaaaaaa =================

2021-06-19 15:18:27,763 - ========================================
2021-06-19 15:18:27,763 - ===== Reference data output for VNV Type  =====
2021-06-19 15:18:27,763 - ========================================
2021-06-19 15:18:27,763 - ---- Input values ----
2021-06-19 15:18:27,763 - V: [   0 7350    0]
2021-06-19 15:18:27,763 - B: [ 0.00e+00  0.00e+00 -1.75e-05]
2021-06-19 15:18:27,763 - l: [-1  0  0]
2021-06-19 15:18:27,763 - sigma: 34014000.0
2021-06-19 15:18:27,763 - A: 1.9635e-07
2021-06-19 15:18:27,763 - Ic: 0.01
2021-06-19 15:18:27,763 - L: 500

2021-06-19 15:18:27,763 - ---- Output values ----
2021-06-19 15:18:27,763 - Em: 0.128625
2021-06-19 15:18:27,764 - I0: 0.8590412147625001
2021-06-19 15:18:27,764 - ic: 0.011640885010115272
2021-06-19 15:18:27,764 - lambdaA: 0.08121829767790473
2021-06-19 15:18:27,764 - iavg: 0.011572377948277951
2021-06-19 15:18:27,764 - Iavg: 0.009941149610379459
2021-06-19 15:18:27,764 - IavgVector: [-0.00994115  0.          0.        ]
2021-06-19 15:18:27,764 - F: [-0.00000000e+00 -8.69850591e-05 -0.00000000e+00]
2021-06-19 15:18:27,764 - F magnitude: 8.698505909082026e-05
