2021-06-19 14:20:03,013 - ========================================
2021-06-19 14:20:03,013 - ===== Simulation data output for VNV Type 1a =====
2021-06-19 14:20:03,014 - ========================================
2021-06-19 14:20:03,014 - ---- Input values ----
2021-06-19 14:20:03,014 - V: [-1.39089678e-09  3.00000000e+04 -3.94714186e-16]
2021-06-19 14:20:03,014 - B: [4.782e-09 4.420e-09 0.000e+00]
2021-06-19 14:20:03,014 - l: [0. 0. 1.]
2021-06-19 14:20:03,014 - sigma: 48600000.0
2021-06-19 14:20:03,014 - A: 0.0004704
2021-06-19 14:20:03,014 - Ic: 6.9224898168939e-310
2021-06-19 14:20:03,014 - L: 10.0

2021-06-19 14:20:03,014 - ---- Output values ----
2021-06-19 14:20:03,014 - Em: 6.92248962644707e-310
2021-06-19 14:20:03,014 - I0: 4.6721428948009e-310
2021-06-19 14:20:03,014 - ic: 4.67214757559067e-310
2021-06-19 14:20:03,015 - lambdaA: 6.92248962644707e-310
2021-06-19 14:20:03,015 - iavg: 2e-322
2021-06-19 14:20:03,015 - Iavg: 4.67214757560964e-310
2021-06-19 14:20:03,015 - IavgVector: [0.    0.    0.002]
2021-06-19 14:20:03,015 - F: [-8.840e-11  9.564e-11  0.000e+00]
2021-06-19 14:20:03,015 - F magnitude: 1.04189272691578e-10
2021-06-19 14:20:03,015 - ========================================
2021-06-19 14:20:03,015 - ===== Reference data output for VNV Type 1a =====
2021-06-19 14:20:03,015 - ========================================
2021-06-19 14:20:03,015 - ---- Input values ----
2021-06-19 14:20:03,015 - V: [    0 30000     0]
2021-06-19 14:20:03,015 - B: [4.782e-09 4.420e-09 0.000e+00]
2021-06-19 14:20:03,015 - l: [0 0 1]
2021-06-19 14:20:03,016 - sigma: 48600000.0
2021-06-19 14:20:03,016 - A: 0.0004704
2021-06-19 14:20:03,016 - Ic: 0.002
2021-06-19 14:20:03,016 - L: 10

2021-06-19 14:20:03,016 - ---- Output values ----
2021-06-19 14:20:03,016 - Em: -0.00014346
2021-06-19 14:20:03,016 - I0: -3.2797021824000003
2021-06-19 14:20:03,016 - ic: -0.0006098114672523261
2021-06-19 14:20:03,016 - lambdaA: 0.011417525427028206
2021-06-19 14:20:03,016 - iavg: 0.0006097188158310912
2021-06-19 14:20:03,016 - Iavg: -0.0019996961309315738
2021-06-19 14:20:03,016 - IavgVector: [0.        0.        0.0019997]
2021-06-19 14:20:03,016 - F: [-8.8386569e-12  9.5625469e-12  0.0000000e+00]
2021-06-19 14:20:03,016 - F magnitude: 1.30216803428702e-11
2021-06-19 14:20:03,019 - ========================================
2021-06-19 14:20:03,019 - ===== Simulation data output for VNV Type 1b =====
2021-06-19 14:20:03,020 - ========================================
2021-06-19 14:20:03,020 - ---- Input values ----
2021-06-19 14:20:03,020 - V: [-1.39089678e-09  3.00000000e+04 -3.94714186e-16]
2021-06-19 14:20:03,020 - B: [4.782e-09 4.420e-09 0.000e+00]
2021-06-19 14:20:03,020 - l: [0. 0. 1.]
2021-06-19 14:20:03,020 - sigma: 48600000.0
2021-06-19 14:20:03,020 - A: 0.0004704
2021-06-19 14:20:03,020 - Ic: 6.9277149374866e-310
2021-06-19 14:20:03,020 - L: 10.0

2021-06-19 14:20:03,020 - ---- Output values ----
2021-06-19 14:20:03,020 - Em: 6.92771474703975e-310
2021-06-19 14:20:03,020 - I0: 4.6442908227736e-310
2021-06-19 14:20:03,020 - ic: 4.6442955035634e-310
2021-06-19 14:20:03,020 - lambdaA: 6.92771474703975e-310
2021-06-19 14:20:03,021 - iavg: 2e-322
2021-06-19 14:20:03,021 - Iavg: 4.64429550358236e-310
2021-06-19 14:20:03,021 - IavgVector: [0.    0.    0.002]
2021-06-19 14:20:03,021 - F: [-8.840e-11  9.564e-11  0.000e+00]
2021-06-19 14:20:03,021 - F magnitude: 1.04189272691578e-10
2021-06-19 14:20:03,021 - ========================================
2021-06-19 14:20:03,021 - ===== Reference data output for VNV Type 1b =====
2021-06-19 14:20:03,021 - ========================================
2021-06-19 14:20:03,021 - ---- Input values ----
2021-06-19 14:20:03,021 - V: [    0 30000     0]
2021-06-19 14:20:03,021 - B: [4.782e-09 4.420e-09 0.000e+00]
2021-06-19 14:20:03,021 - l: [ 0  0 -1]
2021-06-19 14:20:03,022 - sigma: 48600000.0
2021-06-19 14:20:03,022 - A: 0.0004704
2021-06-19 14:20:03,022 - Ic: 0.002
2021-06-19 14:20:03,022 - L: 10

2021-06-19 14:20:03,022 - ---- Output values ----
2021-06-19 14:20:03,022 - Em: 0.00014346
2021-06-19 14:20:03,022 - I0: 3.2797021824000003
2021-06-19 14:20:03,022 - ic: 0.0006098114672523261
2021-06-19 14:20:03,022 - lambdaA: 0.011412884678320204
2021-06-19 14:20:03,022 - iavg: 0.0006093472288036737
2021-06-19 14:20:03,022 - Iavg: 0.0019984774361468008
2021-06-19 14:20:03,022 - IavgVector: [ 0.          0.         -0.00199848]
2021-06-19 14:20:03,022 - F: [ 8.83327027e-12 -9.55671910e-12  0.00000000e+00]
2021-06-19 14:20:03,022 - F magnitude: 1.3013744410166541e-11
2021-06-19 14:20:03,025 - ========================================
2021-06-19 14:20:03,025 - ===== Simulation data output for VNV Type 2a =====
2021-06-19 14:20:03,025 - ========================================
2021-06-19 14:20:03,025 - ---- Input values ----
2021-06-19 14:20:03,026 - V: [-3180. 16020. 18690.]
2021-06-19 14:20:03,026 - B: [ 1.41267e-09 -1.12623e-09 -5.21451e-09]
2021-06-19 14:20:03,026 - l: [ 0.17583754  0.87544648 -0.45019399]
2021-06-19 14:20:03,026 - sigma: 59520000.0
2021-06-19 14:20:03,026 - A: 0.005
2021-06-19 14:20:03,026 - Ic: 6.9492555458913e-310
2021-06-19 14:20:03,026 - L: 531.0

2021-06-19 14:20:03,026 - ---- Output values ----
2021-06-19 14:20:03,026 - Em: 6.94925535544444e-310
2021-06-19 14:20:03,026 - I0: 4.6574669238382e-310
2021-06-19 14:20:03,026 - ic: 4.657471604628e-310
2021-06-19 14:20:03,026 - lambdaA: 6.94925535544444e-310
2021-06-19 14:20:03,026 - iavg: 2e-322
2021-06-19 14:20:03,026 - Iavg: 4.65747160464696e-310
2021-06-19 14:20:03,027 - IavgVector: [ 0.00654116  0.03256661 -0.01674722]
2021-06-19 14:20:03,027 - F: [-1.00189147e-07  5.54928755e-09 -2.83409134e-08]
2021-06-19 14:20:03,027 - F magnitude: 8.34145968561507e-08
2021-06-19 14:20:03,027 - ========================================
2021-06-19 14:20:03,027 - ===== Reference data output for VNV Type 2a =====
2021-06-19 14:20:03,027 - ========================================
2021-06-19 14:20:03,027 - ---- Input values ----
2021-06-19 14:20:03,027 - V: [-3180. 16020. 18690.]
2021-06-19 14:20:03,027 - B: [ 1.41267e-09 -1.12623e-09 -5.21451e-09]
2021-06-19 14:20:03,027 - l: [ 0.17583754  0.87544648 -0.45019399]
2021-06-19 14:20:03,027 - sigma: 59520000.0
2021-06-19 14:20:03,027 - A: 0.005
2021-06-19 14:20:03,027 - Ic: 0.0372
2021-06-19 14:20:03,028 - L: 531

2021-06-19 14:20:03,028 - ---- Output values ----
2021-06-19 14:20:03,028 - Em: 6.18586331905313e-06
2021-06-19 14:20:03,028 - I0: 1.8409129237502115
2021-06-19 14:20:03,028 - ic: 0.020207365334922036
2021-06-19 14:20:03,028 - lambdaA: 0.11697317146946196
2021-06-19 14:20:03,028 - iavg: 0.02000143393870115
2021-06-19 14:20:03,028 - Iavg: 0.03682089823129105
2021-06-19 14:20:03,028 - IavgVector: [ 0.0064745   0.03223473 -0.01657655]
2021-06-19 14:20:03,028 - F: [-1.86757304e-10  1.03441345e-11 -5.28288017e-11]
2021-06-19 14:20:03,028 - F magnitude: 1.943609371283146e-10
2021-06-19 14:20:03,029 - ========== whaaaaaaa =================

2021-06-19 14:20:03,029 - ========================================
2021-06-19 14:20:03,029 - ===== Reference data output for VNV Type  =====
2021-06-19 14:20:03,029 - ========================================
2021-06-19 14:20:03,029 - ---- Input values ----
2021-06-19 14:20:03,029 - V: [   0 7350    0]
2021-06-19 14:20:03,029 - B: [ 0.00e+00  0.00e+00 -1.75e-05]
2021-06-19 14:20:03,029 - l: [-1  0  0]
2021-06-19 14:20:03,029 - sigma: 34014000.0
2021-06-19 14:20:03,029 - A: 1.9635e-07
2021-06-19 14:20:03,029 - Ic: 0.01
2021-06-19 14:20:03,029 - L: 500

2021-06-19 14:20:03,029 - ---- Output values ----
2021-06-19 14:20:03,029 - Em: 0.128625
2021-06-19 14:20:03,030 - I0: 0.8590412147625001
2021-06-19 14:20:03,030 - ic: 0.011640885010115272
2021-06-19 14:20:03,030 - lambdaA: 0.08121829767790473
2021-06-19 14:20:03,030 - iavg: 0.011572377948277951
2021-06-19 14:20:03,030 - Iavg: 0.009941149610379459
2021-06-19 14:20:03,030 - IavgVector: [-0.00994115  0.          0.        ]
2021-06-19 14:20:03,030 - F: [-0.00000000e+00 -1.73970118e-07 -0.00000000e+00]
2021-06-19 14:20:03,030 - F magnitude: 1.7397011818164052e-07
