2021-02-12 05:57:34,884 - ========================================
2021-02-12 05:57:34,884 - ===== Simulation data output for VNV Type 1a =====
2021-02-12 05:57:34,884 - ========================================
2021-02-12 05:57:34,884 - ---- Input values ----
2021-02-12 05:57:34,885 - V: [-5.92978276e-23  3.00000000e+04 -5.58744018e-29]
2021-02-12 05:57:34,885 - B: [4.782e-09 4.420e-09 0.000e+00]
2021-02-12 05:57:34,885 - l: [0. 0. 1.]
2021-02-12 05:57:34,885 - sigma: 48600000.0
2021-02-12 05:57:34,885 - A: 0.0004704
2021-02-12 05:57:34,885 - Ic: 0.002
2021-02-12 05:57:34,885 - L: 10.0

2021-02-12 05:57:34,885 - ---- Output values ----
2021-02-12 05:57:34,885 - Em: -0.00014346
2021-02-12 05:57:34,885 - I0: -3.2797021824
2021-02-12 05:57:34,885 - ic: -0.000609811467252326
2021-02-12 05:57:34,885 - lambdaA: 0.0114175254270282
2021-02-12 05:57:34,885 - iavg: 0.000609718815831091
2021-02-12 05:57:34,886 - Iavg: -0.00199969613093157
2021-02-12 05:57:34,886 - IavgVector: [-0.00000000e+00 -0.00000000e+00 -1.99969613e-03  2.00000000e-03
  0.00000000e+00  0.00000000e+00  1.00000000e+00  4.86000000e+07
  4.70400000e-04  1.00000000e+01]
2021-02-12 05:57:34,886 - F: [ 8.8386569e-12 -9.5625469e-12  0.0000000e+00]
2021-02-12 05:57:34,886 - F magnitude: 1.30216803428702e-11
2021-02-12 05:57:34,886 - ========================================
2021-02-12 05:57:34,886 - ===== Reference data output for VNV Type 1a =====
2021-02-12 05:57:34,886 - ========================================
2021-02-12 05:57:34,886 - ---- Input values ----
2021-02-12 05:57:34,886 - V: [    0 30000     0]
2021-02-12 05:57:34,887 - B: [4.782e-09 4.420e-09 0.000e+00]
2021-02-12 05:57:34,887 - l: [0 0 1]
2021-02-12 05:57:34,887 - sigma: 48600000.0
2021-02-12 05:57:34,887 - A: 0.0004704
2021-02-12 05:57:34,887 - Ic: 0.002
2021-02-12 05:57:34,887 - L: 10

2021-02-12 05:57:34,887 - ---- Output values ----
2021-02-12 05:57:34,887 - Em: -0.00014346
2021-02-12 05:57:34,887 - I0: -3.2797021824000003
2021-02-12 05:57:34,887 - ic: -0.0006098114672523261
2021-02-12 05:57:34,887 - lambdaA: 0.011417525427028206
2021-02-12 05:57:34,887 - iavg: 0.0006097188158310912
2021-02-12 05:57:34,887 - Iavg: -0.0019996961309315738
2021-02-12 05:57:34,888 - IavgVector: [-0.        -0.        -0.0019997]
2021-02-12 05:57:34,888 - F: [ 8.8386569e-12 -9.5625469e-12  0.0000000e+00]
2021-02-12 05:57:34,888 - F magnitude: 1.3021680342870199e-11
2021-02-12 05:57:34,911 - ========================================
2021-02-12 05:57:34,911 - ===== Simulation data output for VNV Type 1b =====
2021-02-12 05:57:34,911 - ========================================
2021-02-12 05:57:34,911 - ---- Input values ----
2021-02-12 05:57:34,912 - V: [-5.92978276e-23  3.00000000e+04 -5.58744018e-29]
2021-02-12 05:57:34,912 - B: [4.782e-09 4.420e-09 0.000e+00]
2021-02-12 05:57:34,912 - l: [0. 0. 1.]
2021-02-12 05:57:34,912 - sigma: 48600000.0
2021-02-12 05:57:34,912 - A: 0.0004704
2021-02-12 05:57:34,912 - Ic: 0.002
2021-02-12 05:57:34,912 - L: 10.0

2021-02-12 05:57:34,912 - ---- Output values ----
2021-02-12 05:57:34,912 - Em: -0.00014346
2021-02-12 05:57:34,912 - I0: -3.2797021824
2021-02-12 05:57:34,912 - ic: -0.000609811467252326
2021-02-12 05:57:34,912 - lambdaA: 0.0114175254270282
2021-02-12 05:57:34,912 - iavg: 0.000609718815831091
2021-02-12 05:57:34,913 - Iavg: -0.00199969613093157
2021-02-12 05:57:34,913 - IavgVector: [-0.00000000e+00 -0.00000000e+00 -1.99969613e-03  2.00000000e-03
  0.00000000e+00  0.00000000e+00  1.00000000e+00  4.86000000e+07
  4.70400000e-04  1.00000000e+01]
2021-02-12 05:57:34,913 - F: [ 8.8386569e-12 -9.5625469e-12  0.0000000e+00]
2021-02-12 05:57:34,913 - F magnitude: 1.30216803428702e-11
2021-02-12 05:57:34,913 - ========================================
2021-02-12 05:57:34,913 - ===== Reference data output for VNV Type 1b =====
2021-02-12 05:57:34,913 - ========================================
2021-02-12 05:57:34,913 - ---- Input values ----
2021-02-12 05:57:34,913 - V: [    0 30000     0]
2021-02-12 05:57:34,913 - B: [4.782e-09 4.420e-09 0.000e+00]
2021-02-12 05:57:34,914 - l: [ 0  0 -1]
2021-02-12 05:57:34,914 - sigma: 48600000.0
2021-02-12 05:57:34,914 - A: 0.0004704
2021-02-12 05:57:34,914 - Ic: 0.002
2021-02-12 05:57:34,914 - L: 10

2021-02-12 05:57:34,914 - ---- Output values ----
2021-02-12 05:57:34,914 - Em: 0.00014346
2021-02-12 05:57:34,914 - I0: 3.2797021824000003
2021-02-12 05:57:34,914 - ic: 0.0006098114672523261
2021-02-12 05:57:34,914 - lambdaA: 0.011412884678320204
2021-02-12 05:57:34,914 - iavg: 0.0006093472288036737
2021-02-12 05:57:34,914 - Iavg: 0.0019984774361468008
2021-02-12 05:57:34,914 - IavgVector: [ 0.          0.         -0.00199848]
2021-02-12 05:57:34,914 - F: [ 8.83327027e-12 -9.55671910e-12  0.00000000e+00]
2021-02-12 05:57:34,914 - F magnitude: 1.3013744410166543e-11
2021-02-12 05:57:34,931 - ========================================
2021-02-12 05:57:34,932 - ===== Simulation data output for VNV Type 2a =====
2021-02-12 05:57:34,932 - ========================================
2021-02-12 05:57:34,932 - ---- Input values ----
2021-02-12 05:57:34,932 - V: [-3180. 16020. 18690.]
2021-02-12 05:57:34,932 - B: [ 1.41267e-09 -1.12623e-09 -5.21451e-09]
2021-02-12 05:57:34,932 - l: [0. 0. 1.]
2021-02-12 05:57:34,932 - sigma: 59520000.0
2021-02-12 05:57:34,932 - A: 0.005
2021-02-12 05:57:34,932 - Ic: 0.0372
2021-02-12 05:57:34,932 - L: 531.0

2021-02-12 05:57:34,932 - ---- Output values ----
2021-02-12 05:57:34,932 - Em: -1.9049562e-05
2021-02-12 05:57:34,932 - I0: -5.6691496512
2021-02-12 05:57:34,932 - ic: -0.00656183066046348
2021-02-12 05:57:34,932 - lambdaA: 0.0557594365801462
2021-02-12 05:57:34,932 - iavg: 0.00658308294817202
2021-02-12 05:57:34,933 - Iavg: -0.0373204823994501
2021-02-12 05:57:34,933 - IavgVector: [-0.00000000e+00 -0.00000000e+00 -3.73204824e-02  3.72000000e-02
  0.00000000e+00  0.00000000e+00  1.00000000e+00  5.95200000e+07
  5.00000000e-03  5.31000000e+02]
2021-02-12 05:57:34,933 - F: [-4.20314469e-11 -5.27215259e-11  0.00000000e+00]
2021-02-12 05:57:34,933 - F magnitude: 6.742552794074e-11
2021-02-12 05:57:34,933 - ========================================
2021-02-12 05:57:34,933 - ===== Reference data output for VNV Type 2a =====
2021-02-12 05:57:34,933 - ========================================
2021-02-12 05:57:34,933 - ---- Input values ----
2021-02-12 05:57:34,933 - V: [-3180. 16020. 18690.]
2021-02-12 05:57:34,933 - B: [ 1.41267e-09 -1.12623e-09 -5.21451e-09]
2021-02-12 05:57:34,933 - l: [ 0.17583754  0.87544648 -0.45019399]
2021-02-12 05:57:34,934 - sigma: 59520000.0
2021-02-12 05:57:34,934 - A: 0.005
2021-02-12 05:57:34,934 - Ic: 0.0372
2021-02-12 05:57:34,934 - L: 531

2021-02-12 05:57:34,934 - ---- Output values ----
2021-02-12 05:57:34,934 - Em: 6.18586331905313e-06
2021-02-12 05:57:34,934 - I0: 1.8409129237502115
2021-02-12 05:57:34,934 - ic: 0.020207365334922036
2021-02-12 05:57:34,934 - lambdaA: 0.11697317146946196
2021-02-12 05:57:34,934 - iavg: 0.02000143393870115
2021-02-12 05:57:34,934 - Iavg: 0.03682089823129105
2021-02-12 05:57:34,934 - IavgVector: [ 0.0064745   0.03223473 -0.01657655]
2021-02-12 05:57:34,934 - F: [-1.86757304e-10  1.03441345e-11 -5.28288017e-11]
2021-02-12 05:57:34,934 - F magnitude: 1.943609371283146e-10
2021-02-12 05:57:34,934 - ========== whaaaaaaa =================

2021-02-12 05:57:34,935 - ========================================
2021-02-12 05:57:34,935 - ===== Reference data output for VNV Type  =====
2021-02-12 05:57:34,935 - ========================================
2021-02-12 05:57:34,935 - ---- Input values ----
2021-02-12 05:57:34,935 - V: [   0 7350    0]
2021-02-12 05:57:34,935 - B: [ 0.00e+00  0.00e+00 -1.75e-05]
2021-02-12 05:57:34,935 - l: [-1  0  0]
2021-02-12 05:57:34,935 - sigma: 34014000.0
2021-02-12 05:57:34,935 - A: 1.9635e-07
2021-02-12 05:57:34,935 - Ic: 1
2021-02-12 05:57:34,935 - L: 500

2021-02-12 05:57:34,935 - ---- Output values ----
2021-02-12 05:57:34,935 - Em: 0.128625
2021-02-12 05:57:34,935 - I0: 0.8590412147625001
2021-02-12 05:57:34,935 - ic: 1.1640885010115272
2021-02-12 05:57:34,935 - lambdaA: 0.9819684457059389
2021-02-12 05:57:34,935 - iavg: 0.48615527035397776
2021-02-12 05:57:34,935 - Iavg: 0.4176274140080727
2021-02-12 05:57:34,936 - IavgVector: [-0.41762741  0.          0.        ]
2021-02-12 05:57:34,936 - F: [-0.00000000e+00 -7.30847975e-06 -0.00000000e+00]
2021-02-12 05:57:34,936 - F magnitude: 7.308479745141272e-06
