2021-02-12 06:59:19,087 - ========================================
2021-02-12 06:59:19,087 - ===== Simulation data output for VNV Type 1a =====
2021-02-12 06:59:19,087 - ========================================
2021-02-12 06:59:19,088 - ---- Input values ----
2021-02-12 06:59:19,088 - V: [-5.92978276e-23  3.00000000e+04 -5.58744018e-29]
2021-02-12 06:59:19,088 - B: [4.782e-09 4.420e-09 0.000e+00]
2021-02-12 06:59:19,088 - l: [0. 0. 1.]
2021-02-12 06:59:19,088 - sigma: 48600000.0
2021-02-12 06:59:19,088 - A: 0.0004704
2021-02-12 06:59:19,088 - Ic: 0.002
2021-02-12 06:59:19,088 - L: 10.0

2021-02-12 06:59:19,088 - ---- Output values ----
2021-02-12 06:59:19,089 - Em: -0.00014346
2021-02-12 06:59:19,089 - I0: -3.2797021824
2021-02-12 06:59:19,089 - ic: -0.000609811467252326
2021-02-12 06:59:19,089 - lambdaA: 0.0114175254270282
2021-02-12 06:59:19,089 - iavg: 0.000609718815831091
2021-02-12 06:59:19,089 - Iavg: -0.00199969613093157
2021-02-12 06:59:19,089 - IavgVector: [-0.        -0.        -0.0019997]
2021-02-12 06:59:19,089 - F: [ 8.8386569e-12 -9.5625469e-12  0.0000000e+00]
2021-02-12 06:59:19,089 - F magnitude: 1.30216803428702e-11
2021-02-12 06:59:19,089 - ========================================
2021-02-12 06:59:19,090 - ===== Reference data output for VNV Type 1a =====
2021-02-12 06:59:19,090 - ========================================
2021-02-12 06:59:19,090 - ---- Input values ----
2021-02-12 06:59:19,090 - V: [    0 30000     0]
2021-02-12 06:59:19,090 - B: [4.782e-09 4.420e-09 0.000e+00]
2021-02-12 06:59:19,090 - l: [0 0 1]
2021-02-12 06:59:19,090 - sigma: 48600000.0
2021-02-12 06:59:19,090 - A: 0.0004704
2021-02-12 06:59:19,090 - Ic: 0.002
2021-02-12 06:59:19,090 - L: 10

2021-02-12 06:59:19,091 - ---- Output values ----
2021-02-12 06:59:19,091 - Em: -0.00014346
2021-02-12 06:59:19,091 - I0: -3.2797021824000003
2021-02-12 06:59:19,091 - ic: -0.0006098114672523261
2021-02-12 06:59:19,091 - lambdaA: 0.011417525427028206
2021-02-12 06:59:19,091 - iavg: 0.0006097188158310912
2021-02-12 06:59:19,091 - Iavg: -0.0019996961309315738
2021-02-12 06:59:19,091 - IavgVector: [-0.        -0.        -0.0019997]
2021-02-12 06:59:19,091 - F: [ 8.8386569e-12 -9.5625469e-12  0.0000000e+00]
2021-02-12 06:59:19,091 - F magnitude: 1.3021680342870199e-11
2021-02-12 06:59:19,109 - ========================================
2021-02-12 06:59:19,109 - ===== Simulation data output for VNV Type 1b =====
2021-02-12 06:59:19,109 - ========================================
2021-02-12 06:59:19,109 - ---- Input values ----
2021-02-12 06:59:19,109 - V: [-5.92978276e-23  3.00000000e+04 -5.58744018e-29]
2021-02-12 06:59:19,109 - B: [4.782e-09 4.420e-09 0.000e+00]
2021-02-12 06:59:19,109 - l: [0. 0. 1.]
2021-02-12 06:59:19,109 - sigma: 48600000.0
2021-02-12 06:59:19,110 - A: 0.0004704
2021-02-12 06:59:19,110 - Ic: 0.002
2021-02-12 06:59:19,110 - L: 10.0

2021-02-12 06:59:19,110 - ---- Output values ----
2021-02-12 06:59:19,110 - Em: -0.00014346
2021-02-12 06:59:19,110 - I0: -3.2797021824
2021-02-12 06:59:19,110 - ic: -0.000609811467252326
2021-02-12 06:59:19,110 - lambdaA: 0.0114175254270282
2021-02-12 06:59:19,110 - iavg: 0.000609718815831091
2021-02-12 06:59:19,110 - Iavg: -0.00199969613093157
2021-02-12 06:59:19,110 - IavgVector: [-0.        -0.        -0.0019997]
2021-02-12 06:59:19,111 - F: [ 8.8386569e-12 -9.5625469e-12  0.0000000e+00]
2021-02-12 06:59:19,111 - F magnitude: 1.30216803428702e-11
2021-02-12 06:59:19,111 - ========================================
2021-02-12 06:59:19,111 - ===== Reference data output for VNV Type 1b =====
2021-02-12 06:59:19,111 - ========================================
2021-02-12 06:59:19,111 - ---- Input values ----
2021-02-12 06:59:19,111 - V: [    0 30000     0]
2021-02-12 06:59:19,111 - B: [4.782e-09 4.420e-09 0.000e+00]
2021-02-12 06:59:19,111 - l: [ 0  0 -1]
2021-02-12 06:59:19,111 - sigma: 48600000.0
2021-02-12 06:59:19,111 - A: 0.0004704
2021-02-12 06:59:19,111 - Ic: 0.002
2021-02-12 06:59:19,112 - L: 10

2021-02-12 06:59:19,112 - ---- Output values ----
2021-02-12 06:59:19,112 - Em: 0.00014346
2021-02-12 06:59:19,112 - I0: 3.2797021824000003
2021-02-12 06:59:19,112 - ic: 0.0006098114672523261
2021-02-12 06:59:19,112 - lambdaA: 0.011412884678320204
2021-02-12 06:59:19,112 - iavg: 0.0006093472288036737
2021-02-12 06:59:19,112 - Iavg: 0.0019984774361468008
2021-02-12 06:59:19,112 - IavgVector: [ 0.          0.         -0.00199848]
2021-02-12 06:59:19,112 - F: [ 8.83327027e-12 -9.55671910e-12  0.00000000e+00]
2021-02-12 06:59:19,112 - F magnitude: 1.3013744410166543e-11
2021-02-12 06:59:19,130 - ========================================
2021-02-12 06:59:19,130 - ===== Simulation data output for VNV Type 2a =====
2021-02-12 06:59:19,130 - ========================================
2021-02-12 06:59:19,130 - ---- Input values ----
2021-02-12 06:59:19,131 - V: [-3180. 16020. 18690.]
2021-02-12 06:59:19,131 - B: [ 1.41267e-09 -1.12623e-09 -5.21451e-09]
2021-02-12 06:59:19,131 - l: [ 0.17583754  0.87544648 -0.45019399]
2021-02-12 06:59:19,131 - sigma: 59520000.0
2021-02-12 06:59:19,131 - A: 0.005
2021-02-12 06:59:19,131 - Ic: 0.0372
2021-02-12 06:59:19,131 - L: 531.0

2021-02-12 06:59:19,131 - ---- Output values ----
2021-02-12 06:59:19,131 - Em: 6.18586343891272e-06
2021-02-12 06:59:19,131 - I0: 1.84091295942042
2021-02-12 06:59:19,132 - ic: 0.0202073649433766
2021-02-12 06:59:19,132 - lambdaA: 0.116973169973874
2021-02-12 06:59:19,132 - iavg: 0.0200014335551242
2021-02-12 06:59:19,132 - Iavg: 0.0368208982386146
2021-02-12 06:59:19,132 - IavgVector: [ 0.0064745   0.03223473 -0.01657655]
2021-02-12 06:59:19,132 - F: [-1.86757304e-10  1.03441342e-11 -5.28288018e-11]
2021-02-12 06:59:19,132 - F magnitude: 1.94360937876862e-10
2021-02-12 06:59:19,132 - ========================================
2021-02-12 06:59:19,132 - ===== Reference data output for VNV Type 2a =====
2021-02-12 06:59:19,132 - ========================================
2021-02-12 06:59:19,132 - ---- Input values ----
2021-02-12 06:59:19,133 - V: [-3180. 16020. 18690.]
2021-02-12 06:59:19,133 - B: [ 1.41267e-09 -1.12623e-09 -5.21451e-09]
2021-02-12 06:59:19,133 - l: [ 0.17583754  0.87544648 -0.45019399]
2021-02-12 06:59:19,133 - sigma: 59520000.0
2021-02-12 06:59:19,133 - A: 0.005
2021-02-12 06:59:19,133 - Ic: 0.0372
2021-02-12 06:59:19,133 - L: 531

2021-02-12 06:59:19,133 - ---- Output values ----
2021-02-12 06:59:19,133 - Em: 6.18586331905313e-06
2021-02-12 06:59:19,133 - I0: 1.8409129237502115
2021-02-12 06:59:19,133 - ic: 0.020207365334922036
2021-02-12 06:59:19,133 - lambdaA: 0.11697317146946196
2021-02-12 06:59:19,133 - iavg: 0.02000143393870115
2021-02-12 06:59:19,134 - Iavg: 0.03682089823129105
2021-02-12 06:59:19,134 - IavgVector: [ 0.0064745   0.03223473 -0.01657655]
2021-02-12 06:59:19,134 - F: [-1.86757304e-10  1.03441345e-11 -5.28288017e-11]
2021-02-12 06:59:19,134 - F magnitude: 1.943609371283146e-10
2021-02-12 06:59:19,135 - ========== whaaaaaaa =================

2021-02-12 06:59:19,135 - ========================================
2021-02-12 06:59:19,135 - ===== Reference data output for VNV Type  =====
2021-02-12 06:59:19,135 - ========================================
2021-02-12 06:59:19,135 - ---- Input values ----
2021-02-12 06:59:19,135 - V: [   0 7350    0]
2021-02-12 06:59:19,135 - B: [ 0.00e+00  0.00e+00 -1.75e-05]
2021-02-12 06:59:19,135 - l: [-1  0  0]
2021-02-12 06:59:19,136 - sigma: 34014000.0
2021-02-12 06:59:19,136 - A: 1.9635e-07
2021-02-12 06:59:19,136 - Ic: 0.1
2021-02-12 06:59:19,136 - L: 500

2021-02-12 06:59:19,136 - ---- Output values ----
2021-02-12 06:59:19,136 - Em: 0.128625
2021-02-12 06:59:19,136 - I0: 0.8590412147625001
2021-02-12 06:59:19,136 - ic: 0.11640885010115272
2021-02-12 06:59:19,136 - lambdaA: 0.36362055637079044
2021-02-12 06:59:19,136 - iavg: 0.10960144796137244
2021-02-12 06:59:19,136 - Iavg: 0.09415216099646632
2021-02-12 06:59:19,136 - IavgVector: [-0.09415216  0.          0.        ]
2021-02-12 06:59:19,137 - F: [-0.00000000e+00 -1.64766282e-06 -0.00000000e+00]
2021-02-12 06:59:19,137 - F magnitude: 1.6476628174381606e-06
