2021-02-12 06:48:25,227 - ========================================
2021-02-12 06:48:25,227 - ===== Simulation data output for VNV Type 1a =====
2021-02-12 06:48:25,227 - ========================================
2021-02-12 06:48:25,227 - ---- Input values ----
2021-02-12 06:48:25,228 - V: [-5.92978276e-23  3.00000000e+04 -5.58744018e-29]
2021-02-12 06:48:25,228 - B: [4.782e-09 4.420e-09 0.000e+00]
2021-02-12 06:48:25,228 - l: [0. 0. 1.]
2021-02-12 06:48:25,228 - sigma: 48600000.0
2021-02-12 06:48:25,228 - A: 0.0004704
2021-02-12 06:48:25,228 - Ic: 0.002
2021-02-12 06:48:25,228 - L: 10.0

2021-02-12 06:48:25,228 - ---- Output values ----
2021-02-12 06:48:25,228 - Em: -0.00014346
2021-02-12 06:48:25,228 - I0: -3.2797021824
2021-02-12 06:48:25,228 - ic: -0.000609811467252326
2021-02-12 06:48:25,229 - lambdaA: 0.0114175254270282
2021-02-12 06:48:25,229 - iavg: 0.000609718815831091
2021-02-12 06:48:25,229 - Iavg: -0.00199969613093157
2021-02-12 06:48:25,229 - IavgVector: [-0.        -0.        -0.0019997]
2021-02-12 06:48:25,229 - F: [ 8.8386569e-12 -9.5625469e-12  0.0000000e+00]
2021-02-12 06:48:25,229 - F magnitude: 1.30216803428702e-11
2021-02-12 06:48:25,229 - ========================================
2021-02-12 06:48:25,229 - ===== Reference data output for VNV Type 1a =====
2021-02-12 06:48:25,229 - ========================================
2021-02-12 06:48:25,229 - ---- Input values ----
2021-02-12 06:48:25,230 - V: [    0 30000     0]
2021-02-12 06:48:25,230 - B: [4.782e-09 4.420e-09 0.000e+00]
2021-02-12 06:48:25,230 - l: [0 0 1]
2021-02-12 06:48:25,230 - sigma: 48600000.0
2021-02-12 06:48:25,230 - A: 0.0004704
2021-02-12 06:48:25,230 - Ic: 0.002
2021-02-12 06:48:25,230 - L: 10

2021-02-12 06:48:25,230 - ---- Output values ----
2021-02-12 06:48:25,231 - Em: -0.00014346
2021-02-12 06:48:25,231 - I0: -3.2797021824000003
2021-02-12 06:48:25,231 - ic: -0.0006098114672523261
2021-02-12 06:48:25,231 - lambdaA: 0.011417525427028206
2021-02-12 06:48:25,231 - iavg: 0.0006097188158310912
2021-02-12 06:48:25,231 - Iavg: -0.0019996961309315738
2021-02-12 06:48:25,231 - IavgVector: [-0.        -0.        -0.0019997]
2021-02-12 06:48:25,231 - F: [ 8.8386569e-12 -9.5625469e-12  0.0000000e+00]
2021-02-12 06:48:25,231 - F magnitude: 1.3021680342870199e-11
2021-02-12 06:48:25,248 - ========================================
2021-02-12 06:48:25,248 - ===== Simulation data output for VNV Type 1b =====
2021-02-12 06:48:25,248 - ========================================
2021-02-12 06:48:25,248 - ---- Input values ----
2021-02-12 06:48:25,249 - V: [-5.92978276e-23  3.00000000e+04 -5.58744018e-29]
2021-02-12 06:48:25,249 - B: [4.782e-09 4.420e-09 0.000e+00]
2021-02-12 06:48:25,249 - l: [0. 0. 1.]
2021-02-12 06:48:25,249 - sigma: 48600000.0
2021-02-12 06:48:25,249 - A: 0.0004704
2021-02-12 06:48:25,249 - Ic: 0.002
2021-02-12 06:48:25,249 - L: 10.0

2021-02-12 06:48:25,249 - ---- Output values ----
2021-02-12 06:48:25,249 - Em: -0.00014346
2021-02-12 06:48:25,249 - I0: -3.2797021824
2021-02-12 06:48:25,250 - ic: -0.000609811467252326
2021-02-12 06:48:25,250 - lambdaA: 0.0114175254270282
2021-02-12 06:48:25,250 - iavg: 0.000609718815831091
2021-02-12 06:48:25,250 - Iavg: -0.00199969613093157
2021-02-12 06:48:25,250 - IavgVector: [-0.        -0.        -0.0019997]
2021-02-12 06:48:25,250 - F: [ 8.8386569e-12 -9.5625469e-12  0.0000000e+00]
2021-02-12 06:48:25,250 - F magnitude: 1.30216803428702e-11
2021-02-12 06:48:25,250 - ========================================
2021-02-12 06:48:25,250 - ===== Reference data output for VNV Type 1b =====
2021-02-12 06:48:25,250 - ========================================
2021-02-12 06:48:25,250 - ---- Input values ----
2021-02-12 06:48:25,250 - V: [    0 30000     0]
2021-02-12 06:48:25,251 - B: [4.782e-09 4.420e-09 0.000e+00]
2021-02-12 06:48:25,251 - l: [ 0  0 -1]
2021-02-12 06:48:25,251 - sigma: 48600000.0
2021-02-12 06:48:25,251 - A: 0.0004704
2021-02-12 06:48:25,251 - Ic: 0.002
2021-02-12 06:48:25,251 - L: 10

2021-02-12 06:48:25,251 - ---- Output values ----
2021-02-12 06:48:25,251 - Em: 0.00014346
2021-02-12 06:48:25,251 - I0: 3.2797021824000003
2021-02-12 06:48:25,251 - ic: 0.0006098114672523261
2021-02-12 06:48:25,251 - lambdaA: 0.011412884678320204
2021-02-12 06:48:25,251 - iavg: 0.0006093472288036737
2021-02-12 06:48:25,251 - Iavg: 0.0019984774361468008
2021-02-12 06:48:25,252 - IavgVector: [ 0.          0.         -0.00199848]
2021-02-12 06:48:25,252 - F: [ 8.83327027e-12 -9.55671910e-12  0.00000000e+00]
2021-02-12 06:48:25,252 - F magnitude: 1.3013744410166543e-11
2021-02-12 06:48:25,269 - ========================================
2021-02-12 06:48:25,270 - ===== Simulation data output for VNV Type 2a =====
2021-02-12 06:48:25,270 - ========================================
2021-02-12 06:48:25,270 - ---- Input values ----
2021-02-12 06:48:25,270 - V: [-3180. 16020. 18690.]
2021-02-12 06:48:25,270 - B: [ 1.41267e-09 -1.12623e-09 -5.21451e-09]
2021-02-12 06:48:25,270 - l: [ 0.17583754  0.87544648 -0.45019399]
2021-02-12 06:48:25,270 - sigma: 59520000.0
2021-02-12 06:48:25,270 - A: 0.005
2021-02-12 06:48:25,271 - Ic: 0.0372
2021-02-12 06:48:25,271 - L: 531.0

2021-02-12 06:48:25,271 - ---- Output values ----
2021-02-12 06:48:25,271 - Em: 6.18586343891272e-06
2021-02-12 06:48:25,271 - I0: 1.84091295942042
2021-02-12 06:48:25,271 - ic: 0.0202073649433766
2021-02-12 06:48:25,271 - lambdaA: 0.116973169973874
2021-02-12 06:48:25,271 - iavg: 0.0200014335551242
2021-02-12 06:48:25,271 - Iavg: 0.0368208982386146
2021-02-12 06:48:25,271 - IavgVector: [ 0.0064745   0.03223473 -0.01657655]
2021-02-12 06:48:25,271 - F: [-1.86757304e-10  1.03441342e-11 -5.28288018e-11]
2021-02-12 06:48:25,271 - F magnitude: 1.94360937876862e-10
2021-02-12 06:48:25,271 - ========================================
2021-02-12 06:48:25,272 - ===== Reference data output for VNV Type 2a =====
2021-02-12 06:48:25,272 - ========================================
2021-02-12 06:48:25,272 - ---- Input values ----
2021-02-12 06:48:25,272 - V: [-3180. 16020. 18690.]
2021-02-12 06:48:25,272 - B: [ 1.41267e-09 -1.12623e-09 -5.21451e-09]
2021-02-12 06:48:25,272 - l: [ 0.17583754  0.87544648 -0.45019399]
2021-02-12 06:48:25,272 - sigma: 59520000.0
2021-02-12 06:48:25,272 - A: 0.005
2021-02-12 06:48:25,272 - Ic: 0.0372
2021-02-12 06:48:25,272 - L: 531

2021-02-12 06:48:25,272 - ---- Output values ----
2021-02-12 06:48:25,273 - Em: 6.18586331905313e-06
2021-02-12 06:48:25,273 - I0: 1.8409129237502115
2021-02-12 06:48:25,273 - ic: 0.020207365334922036
2021-02-12 06:48:25,273 - lambdaA: 0.11697317146946196
2021-02-12 06:48:25,273 - iavg: 0.02000143393870115
2021-02-12 06:48:25,273 - Iavg: 0.03682089823129105
2021-02-12 06:48:25,273 - IavgVector: [ 0.0064745   0.03223473 -0.01657655]
2021-02-12 06:48:25,273 - F: [-1.86757304e-10  1.03441345e-11 -5.28288017e-11]
2021-02-12 06:48:25,273 - F magnitude: 1.943609371283146e-10
