2021-06-19 14:23:19,475 - ========================================
2021-06-19 14:23:19,475 - ===== Simulation data output for VNV Type 1a =====
2021-06-19 14:23:19,475 - ========================================
2021-06-19 14:23:19,475 - ---- Input values ----
2021-06-19 14:23:19,475 - V: [-1.39089678e-09  3.00000000e+04 -3.94714186e-16]
2021-06-19 14:23:19,475 - B: [4.782e-09 4.420e-09 0.000e+00]
2021-06-19 14:23:19,475 - l: [0. 0. 1.]
2021-06-19 14:23:19,475 - sigma: 48600000.0
2021-06-19 14:23:19,476 - A: 0.0004704
2021-06-19 14:23:19,476 - Ic: 6.90089747763747e-310
2021-06-19 14:23:19,476 - L: 10.0

2021-06-19 14:23:19,476 - ---- Output values ----
2021-06-19 14:23:19,476 - Em: 6.90089728719063e-310
2021-06-19 14:23:19,476 - I0: 4.68376027920436e-310
2021-06-19 14:23:19,476 - ic: 4.68376495999414e-310
2021-06-19 14:23:19,476 - lambdaA: 6.90089728719063e-310
2021-06-19 14:23:19,476 - iavg: 2e-322
2021-06-19 14:23:19,476 - Iavg: 4.6837649600131e-310
2021-06-19 14:23:19,476 - IavgVector: [0.    0.    0.002]
2021-06-19 14:23:19,476 - F: [-8.840e-11  9.564e-11  0.000e+00]
2021-06-19 14:23:19,476 - F magnitude: 1.04189272691578e-10
2021-06-19 14:23:19,476 - ========================================
2021-06-19 14:23:19,476 - ===== Reference data output for VNV Type 1a =====
2021-06-19 14:23:19,476 - ========================================
2021-06-19 14:23:19,476 - ---- Input values ----
2021-06-19 14:23:19,477 - V: [    0 30000     0]
2021-06-19 14:23:19,477 - B: [4.782e-09 4.420e-09 0.000e+00]
2021-06-19 14:23:19,477 - l: [0 0 1]
2021-06-19 14:23:19,477 - sigma: 48600000.0
2021-06-19 14:23:19,477 - A: 0.0004704
2021-06-19 14:23:19,477 - Ic: 0.002
2021-06-19 14:23:19,477 - L: 10

2021-06-19 14:23:19,477 - ---- Output values ----
2021-06-19 14:23:19,477 - Em: -0.00014346
2021-06-19 14:23:19,477 - I0: -3.2797021824000003
2021-06-19 14:23:19,477 - ic: -0.0006098114672523261
2021-06-19 14:23:19,477 - lambdaA: 0.011417525427028206
2021-06-19 14:23:19,477 - iavg: 0.0006097188158310912
2021-06-19 14:23:19,477 - Iavg: -0.0019996961309315738
2021-06-19 14:23:19,477 - IavgVector: [0.        0.        0.0019997]
2021-06-19 14:23:19,477 - F: [-8.8386569e-12  9.5625469e-12  0.0000000e+00]
2021-06-19 14:23:19,478 - F magnitude: 1.30216803428702e-11
2021-06-19 14:23:19,481 - ========================================
2021-06-19 14:23:19,481 - ===== Simulation data output for VNV Type 1b =====
2021-06-19 14:23:19,481 - ========================================
2021-06-19 14:23:19,481 - ---- Input values ----
2021-06-19 14:23:19,481 - V: [-1.39089678e-09  3.00000000e+04 -3.94714186e-16]
2021-06-19 14:23:19,481 - B: [4.782e-09 4.420e-09 0.000e+00]
2021-06-19 14:23:19,481 - l: [0. 0. 1.]
2021-06-19 14:23:19,482 - sigma: 48600000.0
2021-06-19 14:23:19,482 - A: 0.0004704
2021-06-19 14:23:19,482 - Ic: 6.9214201786393e-310
2021-06-19 14:23:19,482 - L: 10.0

2021-06-19 14:23:19,482 - ---- Output values ----
2021-06-19 14:23:19,482 - Em: 6.92141998819244e-310
2021-06-19 14:23:19,482 - I0: 4.66303692905295e-310
2021-06-19 14:23:19,482 - ic: 4.66304160984274e-310
2021-06-19 14:23:19,482 - lambdaA: 6.92141998819244e-310
2021-06-19 14:23:19,482 - iavg: 2e-322
2021-06-19 14:23:19,482 - Iavg: 4.6630416098617e-310
2021-06-19 14:23:19,482 - IavgVector: [0.    0.    0.002]
2021-06-19 14:23:19,482 - F: [-8.840e-11  9.564e-11  0.000e+00]
2021-06-19 14:23:19,482 - F magnitude: 1.04189272691578e-10
2021-06-19 14:23:19,482 - ========================================
2021-06-19 14:23:19,482 - ===== Reference data output for VNV Type 1b =====
2021-06-19 14:23:19,483 - ========================================
2021-06-19 14:23:19,483 - ---- Input values ----
2021-06-19 14:23:19,483 - V: [    0 30000     0]
2021-06-19 14:23:19,483 - B: [4.782e-09 4.420e-09 0.000e+00]
2021-06-19 14:23:19,483 - l: [ 0  0 -1]
2021-06-19 14:23:19,483 - sigma: 48600000.0
2021-06-19 14:23:19,483 - A: 0.0004704
2021-06-19 14:23:19,483 - Ic: 0.002
2021-06-19 14:23:19,483 - L: 10

2021-06-19 14:23:19,483 - ---- Output values ----
2021-06-19 14:23:19,483 - Em: 0.00014346
2021-06-19 14:23:19,483 - I0: 3.2797021824000003
2021-06-19 14:23:19,483 - ic: 0.0006098114672523261
2021-06-19 14:23:19,483 - lambdaA: 0.011412884678320204
2021-06-19 14:23:19,483 - iavg: 0.0006093472288036737
2021-06-19 14:23:19,483 - Iavg: 0.0019984774361468008
2021-06-19 14:23:19,484 - IavgVector: [ 0.          0.         -0.00199848]
2021-06-19 14:23:19,484 - F: [ 8.83327027e-12 -9.55671910e-12  0.00000000e+00]
2021-06-19 14:23:19,484 - F magnitude: 1.3013744410166541e-11
2021-06-19 14:23:19,487 - ========================================
2021-06-19 14:23:19,487 - ===== Simulation data output for VNV Type 2a =====
2021-06-19 14:23:19,487 - ========================================
2021-06-19 14:23:19,487 - ---- Input values ----
2021-06-19 14:23:19,487 - V: [-3180. 16020. 18690.]
2021-06-19 14:23:19,488 - B: [ 1.41267e-09 -1.12623e-09 -5.21451e-09]
2021-06-19 14:23:19,488 - l: [ 0.17583754  0.87544648 -0.45019399]
2021-06-19 14:23:19,488 - sigma: 59520000.0
2021-06-19 14:23:19,488 - A: 0.005
2021-06-19 14:23:19,488 - Ic: 6.9214329525935e-310
2021-06-19 14:23:19,488 - L: 531.0

2021-06-19 14:23:19,488 - ---- Output values ----
2021-06-19 14:23:19,488 - Em: 6.9214327621467e-310
2021-06-19 14:23:19,488 - I0: 4.6514624999594e-310
2021-06-19 14:23:19,488 - ic: 4.6514671807492e-310
2021-06-19 14:23:19,488 - lambdaA: 6.9214327621467e-310
2021-06-19 14:23:19,488 - iavg: 2e-322
2021-06-19 14:23:19,488 - Iavg: 4.65146718076816e-310
2021-06-19 14:23:19,488 - IavgVector: [ 0.00654116  0.03256661 -0.01674722]
2021-06-19 14:23:19,489 - F: [-1.00189147e-07  5.54928755e-09 -2.83409134e-08]
2021-06-19 14:23:19,489 - F magnitude: 8.34145968561507e-08
2021-06-19 14:23:19,489 - ========================================
2021-06-19 14:23:19,489 - ===== Reference data output for VNV Type 2a =====
2021-06-19 14:23:19,489 - ========================================
2021-06-19 14:23:19,489 - ---- Input values ----
2021-06-19 14:23:19,489 - V: [-3180. 16020. 18690.]
2021-06-19 14:23:19,489 - B: [ 1.41267e-09 -1.12623e-09 -5.21451e-09]
2021-06-19 14:23:19,489 - l: [ 0.17583754  0.87544648 -0.45019399]
2021-06-19 14:23:19,489 - sigma: 59520000.0
2021-06-19 14:23:19,489 - A: 0.005
2021-06-19 14:23:19,489 - Ic: 0.0372
2021-06-19 14:23:19,489 - L: 531

2021-06-19 14:23:19,489 - ---- Output values ----
2021-06-19 14:23:19,489 - Em: 6.18586331905313e-06
2021-06-19 14:23:19,489 - I0: 1.8409129237502115
2021-06-19 14:23:19,490 - ic: 0.020207365334922036
2021-06-19 14:23:19,490 - lambdaA: 0.11697317146946196
2021-06-19 14:23:19,490 - iavg: 0.02000143393870115
2021-06-19 14:23:19,490 - Iavg: 0.03682089823129105
2021-06-19 14:23:19,490 - IavgVector: [ 0.0064745   0.03223473 -0.01657655]
2021-06-19 14:23:19,490 - F: [-1.86757304e-10  1.03441345e-11 -5.28288017e-11]
2021-06-19 14:23:19,490 - F magnitude: 1.943609371283146e-10
2021-06-19 14:23:19,490 - ========== whaaaaaaa =================

2021-06-19 14:23:19,491 - ========================================
2021-06-19 14:23:19,491 - ===== Reference data output for VNV Type  =====
2021-06-19 14:23:19,491 - ========================================
2021-06-19 14:23:19,491 - ---- Input values ----
2021-06-19 14:23:19,491 - V: [   0 7350    0]
2021-06-19 14:23:19,491 - B: [ 0.00e+00  0.00e+00 -1.75e-05]
2021-06-19 14:23:19,491 - l: [-1  0  0]
2021-06-19 14:23:19,491 - sigma: 34014000.0
2021-06-19 14:23:19,491 - A: 1.9635e-07
2021-06-19 14:23:19,491 - Ic: 0.01
2021-06-19 14:23:19,491 - L: 500

2021-06-19 14:23:19,491 - ---- Output values ----
2021-06-19 14:23:19,491 - Em: 0.128625
2021-06-19 14:23:19,491 - I0: 0.8590412147625001
2021-06-19 14:23:19,491 - ic: 0.011640885010115272
2021-06-19 14:23:19,491 - lambdaA: 0.08121829767790473
2021-06-19 14:23:19,491 - iavg: 0.011572377948277951
2021-06-19 14:23:19,492 - Iavg: 0.009941149610379459
2021-06-19 14:23:19,492 - IavgVector: [-0.00994115  0.          0.        ]
2021-06-19 14:23:19,492 - F: [-0.00000000e+00 -1.73970118e-07 -0.00000000e+00]
2021-06-19 14:23:19,492 - F magnitude: 1.7397011818164052e-07
