2021-02-12 06:47:46,090 - ========================================
2021-02-12 06:47:46,090 - ===== Simulation data output for VNV Type 1a =====
2021-02-12 06:47:46,090 - ========================================
2021-02-12 06:47:46,091 - ---- Input values ----
2021-02-12 06:47:46,091 - V: [-5.92978276e-23  3.00000000e+04 -5.58744018e-29]
2021-02-12 06:47:46,091 - B: [4.782e-09 4.420e-09 0.000e+00]
2021-02-12 06:47:46,091 - l: [0. 0. 1.]
2021-02-12 06:47:46,091 - sigma: 48600000.0
2021-02-12 06:47:46,091 - A: 0.0004704
2021-02-12 06:47:46,091 - Ic: 0.002
2021-02-12 06:47:46,091 - L: 10.0

2021-02-12 06:47:46,091 - ---- Output values ----
2021-02-12 06:47:46,091 - Em: -0.00014346
2021-02-12 06:47:46,091 - I0: -3.2797021824
2021-02-12 06:47:46,092 - ic: -0.000609811467252326
2021-02-12 06:47:46,092 - lambdaA: 0.0114175254270282
2021-02-12 06:47:46,092 - iavg: 0.000609718815831091
2021-02-12 06:47:46,092 - Iavg: -0.00199969613093157
2021-02-12 06:47:46,092 - IavgVector: [-0.        -0.        -0.0019997]
2021-02-12 06:47:46,092 - F: [ 8.8386569e-12 -9.5625469e-12  0.0000000e+00]
2021-02-12 06:47:46,092 - F magnitude: 1.30216803428702e-11
2021-02-12 06:47:46,092 - ========================================
2021-02-12 06:47:46,092 - ===== Reference data output for VNV Type 1a =====
2021-02-12 06:47:46,092 - ========================================
2021-02-12 06:47:46,092 - ---- Input values ----
2021-02-12 06:47:46,092 - V: [    0 30000     0]
2021-02-12 06:47:46,093 - B: [4.782e-09 4.420e-09 0.000e+00]
2021-02-12 06:47:46,093 - l: [0 0 1]
2021-02-12 06:47:46,093 - sigma: 48600000.0
2021-02-12 06:47:46,093 - A: 0.0004704
2021-02-12 06:47:46,093 - Ic: 0.002
2021-02-12 06:47:46,093 - L: 10

2021-02-12 06:47:46,093 - ---- Output values ----
2021-02-12 06:47:46,093 - Em: -0.00014346
2021-02-12 06:47:46,093 - I0: -3.2797021824000003
2021-02-12 06:47:46,093 - ic: -0.0006098114672523261
2021-02-12 06:47:46,093 - lambdaA: 0.011417525427028206
2021-02-12 06:47:46,093 - iavg: 0.0006097188158310912
2021-02-12 06:47:46,093 - Iavg: -0.0019996961309315738
2021-02-12 06:47:46,093 - IavgVector: [-0.        -0.        -0.0019997]
2021-02-12 06:47:46,093 - F: [ 8.8386569e-12 -9.5625469e-12  0.0000000e+00]
2021-02-12 06:47:46,094 - F magnitude: 1.3021680342870199e-11
2021-02-12 06:47:46,115 - ========================================
2021-02-12 06:47:46,115 - ===== Simulation data output for VNV Type 1b =====
2021-02-12 06:47:46,116 - ========================================
2021-02-12 06:47:46,116 - ---- Input values ----
2021-02-12 06:47:46,116 - V: [-5.92978276e-23  3.00000000e+04 -5.58744018e-29]
2021-02-12 06:47:46,116 - B: [4.782e-09 4.420e-09 0.000e+00]
2021-02-12 06:47:46,116 - l: [0. 0. 1.]
2021-02-12 06:47:46,116 - sigma: 48600000.0
2021-02-12 06:47:46,116 - A: 0.0004704
2021-02-12 06:47:46,116 - Ic: 0.002
2021-02-12 06:47:46,116 - L: 10.0

2021-02-12 06:47:46,116 - ---- Output values ----
2021-02-12 06:47:46,116 - Em: -0.00014346
2021-02-12 06:47:46,117 - I0: -3.2797021824
2021-02-12 06:47:46,117 - ic: -0.000609811467252326
2021-02-12 06:47:46,117 - lambdaA: 0.0114175254270282
2021-02-12 06:47:46,117 - iavg: 0.000609718815831091
2021-02-12 06:47:46,117 - Iavg: -0.00199969613093157
2021-02-12 06:47:46,117 - IavgVector: [-0.        -0.        -0.0019997]
2021-02-12 06:47:46,117 - F: [ 8.8386569e-12 -9.5625469e-12  0.0000000e+00]
2021-02-12 06:47:46,117 - F magnitude: 1.30216803428702e-11
2021-02-12 06:47:46,117 - ========================================
2021-02-12 06:47:46,117 - ===== Reference data output for VNV Type 1b =====
2021-02-12 06:47:46,117 - ========================================
2021-02-12 06:47:46,117 - ---- Input values ----
2021-02-12 06:47:46,117 - V: [    0 30000     0]
2021-02-12 06:47:46,118 - B: [4.782e-09 4.420e-09 0.000e+00]
2021-02-12 06:47:46,118 - l: [ 0  0 -1]
2021-02-12 06:47:46,118 - sigma: 48600000.0
2021-02-12 06:47:46,118 - A: 0.0004704
2021-02-12 06:47:46,118 - Ic: 0.002
2021-02-12 06:47:46,118 - L: 10

2021-02-12 06:47:46,118 - ---- Output values ----
2021-02-12 06:47:46,118 - Em: 0.00014346
2021-02-12 06:47:46,118 - I0: 3.2797021824000003
2021-02-12 06:47:46,118 - ic: 0.0006098114672523261
2021-02-12 06:47:46,118 - lambdaA: 0.011412884678320204
2021-02-12 06:47:46,118 - iavg: 0.0006093472288036737
2021-02-12 06:47:46,118 - Iavg: 0.0019984774361468008
2021-02-12 06:47:46,119 - IavgVector: [ 0.          0.         -0.00199848]
2021-02-12 06:47:46,119 - F: [ 8.83327027e-12 -9.55671910e-12  0.00000000e+00]
2021-02-12 06:47:46,119 - F magnitude: 1.3013744410166543e-11
2021-02-12 06:47:46,142 - ========================================
2021-02-12 06:47:46,142 - ===== Simulation data output for VNV Type 2a =====
2021-02-12 06:47:46,142 - ========================================
2021-02-12 06:47:46,142 - ---- Input values ----
2021-02-12 06:47:46,143 - V: [-3180. 16020. 18690.]
2021-02-12 06:47:46,143 - B: [ 1.41267e-09 -1.12623e-09 -5.21451e-09]
2021-02-12 06:47:46,143 - l: [ 0.17583754  0.87544648 -0.45019399]
2021-02-12 06:47:46,143 - sigma: 59520000.0
2021-02-12 06:47:46,143 - A: 0.005
2021-02-12 06:47:46,143 - Ic: 0.0372
2021-02-12 06:47:46,143 - L: 531.0

2021-02-12 06:47:46,144 - ---- Output values ----
2021-02-12 06:47:46,144 - Em: 6.18586343891272e-06
2021-02-12 06:47:46,144 - I0: 1.84091295942042
2021-02-12 06:47:46,144 - ic: 0.0202073649433766
2021-02-12 06:47:46,144 - lambdaA: 0.116973169973874
2021-02-12 06:47:46,144 - iavg: 0.0200014335551242
2021-02-12 06:47:46,144 - Iavg: 0.0368208982386146
2021-02-12 06:47:46,144 - IavgVector: [ 0.0064745   0.03223473 -0.01657655]
2021-02-12 06:47:46,144 - F: [-1.86757304e-10  1.03441342e-11 -5.28288018e-11]
2021-02-12 06:47:46,144 - F magnitude: 1.94360937876862e-10
2021-02-12 06:47:46,145 - ========================================
2021-02-12 06:47:46,145 - ===== Reference data output for VNV Type 2a =====
2021-02-12 06:47:46,145 - ========================================
2021-02-12 06:47:46,145 - ---- Input values ----
2021-02-12 06:47:46,145 - V: [-3180. 16020. 18690.]
2021-02-12 06:47:46,145 - B: [ 1.41267e-09 -1.12623e-09 -5.21451e-09]
2021-02-12 06:47:46,145 - l: [ 0.17583754  0.87544648 -0.45019399]
2021-02-12 06:47:46,146 - sigma: 59520000.0
2021-02-12 06:47:46,146 - A: 0.005
2021-02-12 06:47:46,146 - Ic: 0.0372
2021-02-12 06:47:46,146 - L: 531

2021-02-12 06:47:46,146 - ---- Output values ----
2021-02-12 06:47:46,146 - Em: 6.18586331905313e-06
2021-02-12 06:47:46,146 - I0: 1.8409129237502115
2021-02-12 06:47:46,146 - ic: 0.020207365334922036
2021-02-12 06:47:46,146 - lambdaA: 0.11697317146946196
2021-02-12 06:47:46,146 - iavg: 0.02000143393870115
2021-02-12 06:47:46,146 - Iavg: 0.03682089823129105
2021-02-12 06:47:46,146 - IavgVector: [ 0.0064745   0.03223473 -0.01657655]
2021-02-12 06:47:46,146 - F: [-1.86757304e-10  1.03441345e-11 -5.28288017e-11]
2021-02-12 06:47:46,147 - F magnitude: 1.943609371283146e-10
