2021-06-19 15:17:16,739 - ========================================
2021-06-19 15:17:16,739 - ===== Simulation data output for VNV Type 1a =====
2021-06-19 15:17:16,740 - ========================================
2021-06-19 15:17:16,740 - ---- Input values ----
2021-06-19 15:17:16,740 - V: [-1.39090863e-09  3.00000000e+04  0.00000000e+00]
2021-06-19 15:17:16,740 - B: [4.782e-09 4.420e-09 0.000e+00]
2021-06-19 15:17:16,740 - l: [0. 0. 1.]
2021-06-19 15:17:16,740 - sigma: 48600000.0
2021-06-19 15:17:16,740 - A: 0.0004704
2021-06-19 15:17:16,740 - Ic: 0.002
2021-06-19 15:17:16,740 - L: 10.0

2021-06-19 15:17:16,740 - ---- Output values ----
2021-06-19 15:17:16,741 - Em: -0.000143460000000003
2021-06-19 15:17:16,741 - I0: -3.27970218240007
2021-06-19 15:17:16,741 - ic: -0.000609811467252312
2021-06-19 15:17:16,741 - lambdaA: 0.011417525427028
2021-06-19 15:17:16,741 - iavg: 0.000609718815831077
2021-06-19 15:17:16,741 - Iavg: -0.00199969613093157
2021-06-19 15:17:16,741 - IavgVector: [0.        0.        0.0019997]
2021-06-19 15:17:16,741 - F: [-8.8386569e-11  9.5625469e-11  0.0000000e+00]
2021-06-19 15:17:16,741 - F magnitude: 1.30216803428702e-10
2021-06-19 15:17:16,741 - ========================================
2021-06-19 15:17:16,741 - ===== Reference data output for VNV Type 1a =====
2021-06-19 15:17:16,741 - ========================================
2021-06-19 15:17:16,741 - ---- Input values ----
2021-06-19 15:17:16,741 - V: [    0 30000     0]
2021-06-19 15:17:16,742 - B: [4.782e-09 4.420e-09 0.000e+00]
2021-06-19 15:17:16,742 - l: [0 0 1]
2021-06-19 15:17:16,742 - sigma: 48600000.0
2021-06-19 15:17:16,742 - A: 0.0004704
2021-06-19 15:17:16,742 - Ic: 0.002
2021-06-19 15:17:16,742 - L: 10

2021-06-19 15:17:16,742 - ---- Output values ----
2021-06-19 15:17:16,742 - Em: -0.00014346
2021-06-19 15:17:16,742 - I0: -3.2797021824000003
2021-06-19 15:17:16,742 - ic: -0.0006098114672523261
2021-06-19 15:17:16,742 - lambdaA: 0.011417525427028206
2021-06-19 15:17:16,742 - iavg: 0.0006097188158310912
2021-06-19 15:17:16,742 - Iavg: -0.0019996961309315738
2021-06-19 15:17:16,742 - IavgVector: [0.        0.        0.0019997]
2021-06-19 15:17:16,743 - F: [-8.8386569e-11  9.5625469e-11  0.0000000e+00]
2021-06-19 15:17:16,743 - F magnitude: 1.30216803428702e-10
2021-06-19 15:17:16,746 - ========================================
2021-06-19 15:17:16,746 - ===== Simulation data output for VNV Type 1b =====
2021-06-19 15:17:16,746 - ========================================
2021-06-19 15:17:16,746 - ---- Input values ----
2021-06-19 15:17:16,747 - V: [-1.39090863e-09  3.00000000e+04  0.00000000e+00]
2021-06-19 15:17:16,747 - B: [4.782e-09 4.420e-09 0.000e+00]
2021-06-19 15:17:16,747 - l: [ 0.  0. -1.]
2021-06-19 15:17:16,747 - sigma: 48600000.0
2021-06-19 15:17:16,747 - A: 0.0004704
2021-06-19 15:17:16,747 - Ic: 0.002
2021-06-19 15:17:16,747 - L: 10.0

2021-06-19 15:17:16,747 - ---- Output values ----
2021-06-19 15:17:16,747 - Em: 0.000143460000000003
2021-06-19 15:17:16,747 - I0: 3.27970218240007
2021-06-19 15:17:16,747 - ic: 0.000609811467252312
2021-06-19 15:17:16,747 - lambdaA: 0.01141288467832
2021-06-19 15:17:16,747 - iavg: 0.00060934722880366
2021-06-19 15:17:16,748 - Iavg: 0.0019984774361468
2021-06-19 15:17:16,749 - IavgVector: [ 0.          0.         -0.00199848]
2021-06-19 15:17:16,749 - F: [ 8.83327027e-11 -9.55671910e-11  0.00000000e+00]
2021-06-19 15:17:16,749 - F magnitude: 1.30137444101665e-10
2021-06-19 15:17:16,749 - ========================================
2021-06-19 15:17:16,749 - ===== Reference data output for VNV Type 1b =====
2021-06-19 15:17:16,749 - ========================================
2021-06-19 15:17:16,749 - ---- Input values ----
2021-06-19 15:17:16,749 - V: [    0 30000     0]
2021-06-19 15:17:16,750 - B: [4.782e-09 4.420e-09 0.000e+00]
2021-06-19 15:17:16,750 - l: [ 0  0 -1]
2021-06-19 15:17:16,750 - sigma: 48600000.0
2021-06-19 15:17:16,750 - A: 0.0004704
2021-06-19 15:17:16,750 - Ic: 0.002
2021-06-19 15:17:16,750 - L: 10

2021-06-19 15:17:16,750 - ---- Output values ----
2021-06-19 15:17:16,750 - Em: 0.00014346
2021-06-19 15:17:16,750 - I0: 3.2797021824000003
2021-06-19 15:17:16,750 - ic: 0.0006098114672523261
2021-06-19 15:17:16,750 - lambdaA: 0.011412884678320204
2021-06-19 15:17:16,750 - iavg: 0.0006093472288036737
2021-06-19 15:17:16,750 - Iavg: 0.0019984774361468008
2021-06-19 15:17:16,751 - IavgVector: [ 0.          0.         -0.00199848]
2021-06-19 15:17:16,751 - F: [ 8.83327027e-11 -9.55671910e-11  0.00000000e+00]
2021-06-19 15:17:16,751 - F magnitude: 1.301374441016654e-10
2021-06-19 15:17:16,756 - ========================================
2021-06-19 15:17:16,756 - ===== Simulation data output for VNV Type 2a =====
2021-06-19 15:17:16,756 - ========================================
2021-06-19 15:17:16,756 - ---- Input values ----
2021-06-19 15:17:16,756 - V: [-3180.00000001 16020.         18690.        ]
2021-06-19 15:17:16,756 - B: [ 1.413 -1.126 -5.215]
2021-06-19 15:17:16,756 - l: [ 0.17583754  0.87544648 -0.45019399]
2021-06-19 15:17:16,757 - sigma: 59520000.0
2021-06-19 15:17:16,757 - A: 0.005
2021-06-19 15:17:16,757 - Ic: 0.0372
2021-06-19 15:17:16,757 - L: 531.0

2021-06-19 15:17:16,757 - ---- Output values ----
2021-06-19 15:17:16,757 - Em: 6190.47191451967
2021-06-19 15:17:16,757 - I0: 1842284441.76105
2021-06-19 15:17:16,757 - ic: 2.01923216397791e-11
2021-06-19 15:17:16,757 - lambdaA: 1.17709315456045e-07
2021-06-19 15:17:16,757 - iavg: 2.01923216377848e-11
2021-06-19 15:17:16,757 - Iavg: 0.0371999999963259
2021-06-19 15:17:16,757 - IavgVector: [ 0.00654116  0.03256661 -0.01674722]
2021-06-19 15:17:16,757 - F: [-100.19557514    5.54805488  -28.34582118]
2021-06-19 15:17:16,757 - F magnitude: 104.275691172719
2021-06-19 15:17:16,757 - ========================================
2021-06-19 15:17:16,757 - ===== Reference data output for VNV Type 2a =====
2021-06-19 15:17:16,757 - ========================================
2021-06-19 15:17:16,758 - ---- Input values ----
2021-06-19 15:17:16,758 - V: [-3180 16020 18690]
2021-06-19 15:17:16,758 - B: [ 1.413 -1.126 -5.215]
2021-06-19 15:17:16,758 - l: [ 0.176  0.875 -0.45 ]
2021-06-19 15:17:16,758 - sigma: 59520000.0
2021-06-19 15:17:16,758 - A: 0.005
2021-06-19 15:17:16,758 - Ic: 0.0372
2021-06-19 15:17:16,758 - L: 531

2021-06-19 15:17:16,758 - ---- Output values ----
2021-06-19 15:17:16,758 - Em: 6172.234890000002
2021-06-19 15:17:16,758 - I0: 1836857103.264001
2021-06-19 15:17:16,758 - ic: 2.025198363764797e-11
2021-06-19 15:17:16,758 - lambdaA: 1.1794106424441946e-07
2021-06-19 15:17:16,758 - iavg: 2.025198363564365e-11
2021-06-19 15:17:16,758 - Iavg: 0.037199999996318345
2021-06-19 15:17:16,759 - IavgVector: [ 0.0065472  0.03255   -0.01674  ]
2021-06-19 15:17:16,759 - F: [-100.14526718    5.57020487  -28.33697281]
2021-06-19 15:17:16,759 - F magnitude: 104.22612795692737
2021-06-19 15:17:16,759 - ========== whaaaaaaa =================

2021-06-19 15:17:16,759 - ========================================
2021-06-19 15:17:16,760 - ===== Reference data output for VNV Type  =====
2021-06-19 15:17:16,760 - ========================================
2021-06-19 15:17:16,760 - ---- Input values ----
2021-06-19 15:17:16,760 - V: [   0 7350    0]
2021-06-19 15:17:16,760 - B: [ 0.00e+00  0.00e+00 -1.75e-05]
2021-06-19 15:17:16,760 - l: [-1  0  0]
2021-06-19 15:17:16,760 - sigma: 34014000.0
2021-06-19 15:17:16,760 - A: 1.9635e-07
2021-06-19 15:17:16,760 - Ic: 0.01
2021-06-19 15:17:16,760 - L: 500

2021-06-19 15:17:16,760 - ---- Output values ----
2021-06-19 15:17:16,760 - Em: 0.128625
2021-06-19 15:17:16,760 - I0: 0.8590412147625001
2021-06-19 15:17:16,760 - ic: 0.011640885010115272
2021-06-19 15:17:16,760 - lambdaA: 0.08121829767790473
2021-06-19 15:17:16,760 - iavg: 0.011572377948277951
2021-06-19 15:17:16,760 - Iavg: 0.009941149610379459
2021-06-19 15:17:16,761 - IavgVector: [-0.00994115  0.          0.        ]
2021-06-19 15:17:16,761 - F: [-0.00000000e+00 -8.69850591e-05 -0.00000000e+00]
2021-06-19 15:17:16,761 - F magnitude: 8.698505909082026e-05
