2021-02-12 06:07:56,741 - ========================================
2021-02-12 06:07:56,741 - ===== Simulation data output for VNV Type 1a =====
2021-02-12 06:07:56,741 - ========================================
2021-02-12 06:07:56,741 - ---- Input values ----
2021-02-12 06:07:56,741 - V: [-5.92978276e-23  3.00000000e+04 -5.58744018e-29]
2021-02-12 06:07:56,741 - B: [4.782e-09 4.420e-09 0.000e+00]
2021-02-12 06:07:56,742 - l: [0. 0. 1.]
2021-02-12 06:07:56,742 - sigma: 48600000.0
2021-02-12 06:07:56,742 - A: 0.0004704
2021-02-12 06:07:56,742 - Ic: 0.002
2021-02-12 06:07:56,742 - L: 10.0

2021-02-12 06:07:56,742 - ---- Output values ----
2021-02-12 06:07:56,742 - Em: -0.00014346
2021-02-12 06:07:56,742 - I0: -3.2797021824
2021-02-12 06:07:56,742 - ic: -0.000609811467252326
2021-02-12 06:07:56,742 - lambdaA: 0.0114175254270282
2021-02-12 06:07:56,742 - iavg: 0.000609718815831091
2021-02-12 06:07:56,742 - Iavg: -0.00199969613093157
2021-02-12 06:07:56,742 - IavgVector: [-0.        -0.        -0.0019997]
2021-02-12 06:07:56,743 - F: [ 8.8386569e-12 -9.5625469e-12  0.0000000e+00]
2021-02-12 06:07:56,743 - F magnitude: 1.30216803428702e-11
2021-02-12 06:07:56,743 - ========================================
2021-02-12 06:07:56,743 - ===== Reference data output for VNV Type 1a =====
2021-02-12 06:07:56,743 - ========================================
2021-02-12 06:07:56,743 - ---- Input values ----
2021-02-12 06:07:56,743 - V: [    0 30000     0]
2021-02-12 06:07:56,743 - B: [4.782e-09 4.420e-09 0.000e+00]
2021-02-12 06:07:56,743 - l: [0 0 1]
2021-02-12 06:07:56,743 - sigma: 48600000.0
2021-02-12 06:07:56,743 - A: 0.0004704
2021-02-12 06:07:56,743 - Ic: 0.002
2021-02-12 06:07:56,744 - L: 10

2021-02-12 06:07:56,744 - ---- Output values ----
2021-02-12 06:07:56,744 - Em: -0.00014346
2021-02-12 06:07:56,744 - I0: -3.2797021824000003
2021-02-12 06:07:56,744 - ic: -0.0006098114672523261
2021-02-12 06:07:56,744 - lambdaA: 0.011417525427028206
2021-02-12 06:07:56,744 - iavg: 0.0006097188158310912
2021-02-12 06:07:56,744 - Iavg: -0.0019996961309315738
2021-02-12 06:07:56,744 - IavgVector: [-0.        -0.        -0.0019997]
2021-02-12 06:07:56,744 - F: [ 8.8386569e-12 -9.5625469e-12  0.0000000e+00]
2021-02-12 06:07:56,744 - F magnitude: 1.3021680342870199e-11
2021-02-12 06:07:56,761 - ========================================
2021-02-12 06:07:56,761 - ===== Simulation data output for VNV Type 1b =====
2021-02-12 06:07:56,761 - ========================================
2021-02-12 06:07:56,761 - ---- Input values ----
2021-02-12 06:07:56,761 - V: [-5.92978276e-23  3.00000000e+04 -5.58744018e-29]
2021-02-12 06:07:56,761 - B: [4.782e-09 4.420e-09 0.000e+00]
2021-02-12 06:07:56,762 - l: [0. 0. 1.]
2021-02-12 06:07:56,762 - sigma: 48600000.0
2021-02-12 06:07:56,762 - A: 0.0004704
2021-02-12 06:07:56,762 - Ic: 0.002
2021-02-12 06:07:56,762 - L: 10.0

2021-02-12 06:07:56,762 - ---- Output values ----
2021-02-12 06:07:56,762 - Em: -0.00014346
2021-02-12 06:07:56,762 - I0: -3.2797021824
2021-02-12 06:07:56,762 - ic: -0.000609811467252326
2021-02-12 06:07:56,762 - lambdaA: 0.0114175254270282
2021-02-12 06:07:56,762 - iavg: 0.000609718815831091
2021-02-12 06:07:56,762 - Iavg: -0.00199969613093157
2021-02-12 06:07:56,762 - IavgVector: [-0.        -0.        -0.0019997]
2021-02-12 06:07:56,762 - F: [ 8.8386569e-12 -9.5625469e-12  0.0000000e+00]
2021-02-12 06:07:56,763 - F magnitude: 1.30216803428702e-11
2021-02-12 06:07:56,763 - ========================================
2021-02-12 06:07:56,763 - ===== Reference data output for VNV Type 1b =====
2021-02-12 06:07:56,763 - ========================================
2021-02-12 06:07:56,763 - ---- Input values ----
2021-02-12 06:07:56,763 - V: [    0 30000     0]
2021-02-12 06:07:56,763 - B: [4.782e-09 4.420e-09 0.000e+00]
2021-02-12 06:07:56,763 - l: [ 0  0 -1]
2021-02-12 06:07:56,763 - sigma: 48600000.0
2021-02-12 06:07:56,763 - A: 0.0004704
2021-02-12 06:07:56,763 - Ic: 0.002
2021-02-12 06:07:56,763 - L: 10

2021-02-12 06:07:56,763 - ---- Output values ----
2021-02-12 06:07:56,763 - Em: 0.00014346
2021-02-12 06:07:56,763 - I0: 3.2797021824000003
2021-02-12 06:07:56,763 - ic: 0.0006098114672523261
2021-02-12 06:07:56,764 - lambdaA: 0.011412884678320204
2021-02-12 06:07:56,764 - iavg: 0.0006093472288036737
2021-02-12 06:07:56,764 - Iavg: 0.0019984774361468008
2021-02-12 06:07:56,764 - IavgVector: [ 0.          0.         -0.00199848]
2021-02-12 06:07:56,764 - F: [ 8.83327027e-12 -9.55671910e-12  0.00000000e+00]
2021-02-12 06:07:56,764 - F magnitude: 1.3013744410166543e-11
2021-02-12 06:07:56,780 - ========================================
2021-02-12 06:07:56,780 - ===== Simulation data output for VNV Type 2a =====
2021-02-12 06:07:56,780 - ========================================
2021-02-12 06:07:56,780 - ---- Input values ----
2021-02-12 06:07:56,780 - V: [-3180. 16020. 18690.]
2021-02-12 06:07:56,781 - B: [ 1.41267e-09 -1.12623e-09 -5.21451e-09]
2021-02-12 06:07:56,781 - l: [0. 0. 1.]
2021-02-12 06:07:56,781 - sigma: 59520000.0
2021-02-12 06:07:56,781 - A: 0.005
2021-02-12 06:07:56,781 - Ic: 0.0372
2021-02-12 06:07:56,781 - L: 531.0

2021-02-12 06:07:56,781 - ---- Output values ----
2021-02-12 06:07:56,781 - Em: -1.9049562e-05
2021-02-12 06:07:56,781 - I0: -5.6691496512
2021-02-12 06:07:56,781 - ic: -0.00656183066046348
2021-02-12 06:07:56,781 - lambdaA: 0.0557594365801462
2021-02-12 06:07:56,781 - iavg: 0.00658308294817202
2021-02-12 06:07:56,781 - Iavg: -0.0373204823994501
2021-02-12 06:07:56,781 - IavgVector: [-0.         -0.         -0.03732048]
2021-02-12 06:07:56,782 - F: [-4.20314469e-11 -5.27215259e-11  0.00000000e+00]
2021-02-12 06:07:56,782 - F magnitude: 6.742552794074e-11
2021-02-12 06:07:56,782 - ========================================
2021-02-12 06:07:56,782 - ===== Reference data output for VNV Type 2a =====
2021-02-12 06:07:56,782 - ========================================
2021-02-12 06:07:56,782 - ---- Input values ----
2021-02-12 06:07:56,782 - V: [-3180. 16020. 18690.]
2021-02-12 06:07:56,782 - B: [ 1.41267e-09 -1.12623e-09 -5.21451e-09]
2021-02-12 06:07:56,782 - l: [ 0.17583754  0.87544648 -0.45019399]
2021-02-12 06:07:56,782 - sigma: 59520000.0
2021-02-12 06:07:56,782 - A: 0.005
2021-02-12 06:07:56,782 - Ic: 0.0372
2021-02-12 06:07:56,782 - L: 531

2021-02-12 06:07:56,782 - ---- Output values ----
2021-02-12 06:07:56,782 - Em: 6.18586331905313e-06
2021-02-12 06:07:56,782 - I0: 1.8409129237502115
2021-02-12 06:07:56,783 - ic: 0.020207365334922036
2021-02-12 06:07:56,783 - lambdaA: 0.11697317146946196
2021-02-12 06:07:56,783 - iavg: 0.02000143393870115
2021-02-12 06:07:56,783 - Iavg: 0.03682089823129105
2021-02-12 06:07:56,783 - IavgVector: [ 0.0064745   0.03223473 -0.01657655]
2021-02-12 06:07:56,783 - F: [-1.86757304e-10  1.03441345e-11 -5.28288017e-11]
2021-02-12 06:07:56,783 - F magnitude: 1.943609371283146e-10
2021-02-12 06:07:56,783 - ========== whaaaaaaa =================

2021-02-12 06:07:56,783 - ========================================
2021-02-12 06:07:56,783 - ===== Reference data output for VNV Type  =====
2021-02-12 06:07:56,783 - ========================================
2021-02-12 06:07:56,783 - ---- Input values ----
2021-02-12 06:07:56,783 - V: [   0 7350    0]
2021-02-12 06:07:56,784 - B: [ 0.00e+00  0.00e+00 -1.75e-05]
2021-02-12 06:07:56,784 - l: [-1  0  0]
2021-02-12 06:07:56,784 - sigma: 34014000.0
2021-02-12 06:07:56,784 - A: 1.9635e-07
2021-02-12 06:07:56,784 - Ic: 1
2021-02-12 06:07:56,784 - L: 500

2021-02-12 06:07:56,784 - ---- Output values ----
2021-02-12 06:07:56,784 - Em: 0.128625
2021-02-12 06:07:56,784 - I0: 0.8590412147625001
2021-02-12 06:07:56,784 - ic: 1.1640885010115272
2021-02-12 06:07:56,784 - lambdaA: 0.9819684457059389
2021-02-12 06:07:56,784 - iavg: 0.48615527035397776
2021-02-12 06:07:56,784 - Iavg: 0.4176274140080727
2021-02-12 06:07:56,784 - IavgVector: [-0.41762741  0.          0.        ]
2021-02-12 06:07:56,784 - F: [-0.00000000e+00 -7.30847975e-06 -0.00000000e+00]
2021-02-12 06:07:56,784 - F magnitude: 7.308479745141272e-06
