2021-06-19 15:07:40,066 - ========================================
2021-06-19 15:07:40,066 - ===== Simulation data output for VNV Type 1a =====
2021-06-19 15:07:40,067 - ========================================
2021-06-19 15:07:40,067 - ---- Input values ----
2021-06-19 15:07:40,067 - V: [-1.39090863e-09  3.00000000e+04  0.00000000e+00]
2021-06-19 15:07:40,067 - B: [4.782e-09 4.420e-09 0.000e+00]
2021-06-19 15:07:40,067 - l: [0. 0. 1.]
2021-06-19 15:07:40,067 - sigma: 48600000.0
2021-06-19 15:07:40,067 - A: 0.0004704
2021-06-19 15:07:40,067 - Ic: 0.002
2021-06-19 15:07:40,067 - L: 10.0

2021-06-19 15:07:40,067 - ---- Output values ----
2021-06-19 15:07:40,067 - Em: -0.000143460000000003
2021-06-19 15:07:40,067 - I0: -3.27970218240007
2021-06-19 15:07:40,068 - ic: -0.000609811467252312
2021-06-19 15:07:40,068 - lambdaA: 0.011417525427028
2021-06-19 15:07:40,068 - iavg: 0.000609718815831077
2021-06-19 15:07:40,068 - Iavg: -0.00199969613093157
2021-06-19 15:07:40,068 - IavgVector: [0.        0.        0.0019997]
2021-06-19 15:07:40,068 - F: [-8.8386569e-11  9.5625469e-11  0.0000000e+00]
2021-06-19 15:07:40,068 - F magnitude: 1.04173442742961e-10
2021-06-19 15:07:40,068 - ========================================
2021-06-19 15:07:40,068 - ===== Reference data output for VNV Type 1a =====
2021-06-19 15:07:40,068 - ========================================
2021-06-19 15:07:40,068 - ---- Input values ----
2021-06-19 15:07:40,068 - V: [    0 30000     0]
2021-06-19 15:07:40,069 - B: [4.782e-09 4.420e-09 0.000e+00]
2021-06-19 15:07:40,069 - l: [0 0 1]
2021-06-19 15:07:40,069 - sigma: 48600000.0
2021-06-19 15:07:40,069 - A: 0.0004704
2021-06-19 15:07:40,069 - Ic: 0.002
2021-06-19 15:07:40,069 - L: 10

2021-06-19 15:07:40,069 - ---- Output values ----
2021-06-19 15:07:40,069 - Em: -0.00014346
2021-06-19 15:07:40,069 - I0: -3.2797021824000003
2021-06-19 15:07:40,069 - ic: -0.0006098114672523261
2021-06-19 15:07:40,069 - lambdaA: 0.011417525427028206
2021-06-19 15:07:40,069 - iavg: 0.0006097188158310912
2021-06-19 15:07:40,069 - Iavg: -0.0019996961309315738
2021-06-19 15:07:40,069 - IavgVector: [0.        0.        0.0019997]
2021-06-19 15:07:40,069 - F: [-8.8386569e-12  9.5625469e-12  0.0000000e+00]
2021-06-19 15:07:40,070 - F magnitude: 1.30216803428702e-11
2021-06-19 15:07:40,073 - ========================================
2021-06-19 15:07:40,073 - ===== Simulation data output for VNV Type 1b =====
2021-06-19 15:07:40,073 - ========================================
2021-06-19 15:07:40,073 - ---- Input values ----
2021-06-19 15:07:40,073 - V: [-1.39090863e-09  3.00000000e+04  0.00000000e+00]
2021-06-19 15:07:40,073 - B: [4.782e-09 4.420e-09 0.000e+00]
2021-06-19 15:07:40,074 - l: [ 0.  0. -1.]
2021-06-19 15:07:40,074 - sigma: 48600000.0
2021-06-19 15:07:40,074 - A: 0.0004704
2021-06-19 15:07:40,074 - Ic: 0.002
2021-06-19 15:07:40,074 - L: 10.0

2021-06-19 15:07:40,074 - ---- Output values ----
2021-06-19 15:07:40,074 - Em: 0.000143460000000003
2021-06-19 15:07:40,074 - I0: 3.27970218240007
2021-06-19 15:07:40,074 - ic: 0.000609811467252312
2021-06-19 15:07:40,074 - lambdaA: 0.01141288467832
2021-06-19 15:07:40,074 - iavg: 0.00060934722880366
2021-06-19 15:07:40,074 - Iavg: 0.0019984774361468
2021-06-19 15:07:40,074 - IavgVector: [ 0.          0.         -0.00199848]
2021-06-19 15:07:40,074 - F: [ 8.83327027e-11 -9.55671910e-11  0.00000000e+00]
2021-06-19 15:07:40,074 - F magnitude: 1.04109955281332e-10
2021-06-19 15:07:40,075 - ========================================
2021-06-19 15:07:40,075 - ===== Reference data output for VNV Type 1b =====
2021-06-19 15:07:40,075 - ========================================
2021-06-19 15:07:40,075 - ---- Input values ----
2021-06-19 15:07:40,075 - V: [    0 30000     0]
2021-06-19 15:07:40,075 - B: [4.782e-09 4.420e-09 0.000e+00]
2021-06-19 15:07:40,075 - l: [ 0  0 -1]
2021-06-19 15:07:40,075 - sigma: 48600000.0
2021-06-19 15:07:40,075 - A: 0.0004704
2021-06-19 15:07:40,075 - Ic: 0.002
2021-06-19 15:07:40,075 - L: 10

2021-06-19 15:07:40,075 - ---- Output values ----
2021-06-19 15:07:40,075 - Em: 0.00014346
2021-06-19 15:07:40,075 - I0: 3.2797021824000003
2021-06-19 15:07:40,075 - ic: 0.0006098114672523261
2021-06-19 15:07:40,075 - lambdaA: 0.011412884678320204
2021-06-19 15:07:40,076 - iavg: 0.0006093472288036737
2021-06-19 15:07:40,076 - Iavg: 0.0019984774361468008
2021-06-19 15:07:40,076 - IavgVector: [ 0.          0.         -0.00199848]
2021-06-19 15:07:40,076 - F: [ 8.83327027e-12 -9.55671910e-12  0.00000000e+00]
2021-06-19 15:07:40,076 - F magnitude: 1.3013744410166541e-11
2021-06-19 15:07:40,079 - ========================================
2021-06-19 15:07:40,079 - ===== Simulation data output for VNV Type 2a =====
2021-06-19 15:07:40,079 - ========================================
2021-06-19 15:07:40,079 - ---- Input values ----
2021-06-19 15:07:40,080 - V: [-3180.00000001 16020.         18690.        ]
2021-06-19 15:07:40,080 - B: [ 1.413 -1.126 -5.215]
2021-06-19 15:07:40,080 - l: [ 0.17583754  0.87544648 -0.45019399]
2021-06-19 15:07:40,080 - sigma: 59520000.0
2021-06-19 15:07:40,080 - A: 0.005
2021-06-19 15:07:40,080 - Ic: 0.0372
2021-06-19 15:07:40,080 - L: 531.0

2021-06-19 15:07:40,080 - ---- Output values ----
2021-06-19 15:07:40,080 - Em: 6190.47191452285
2021-06-19 15:07:40,080 - I0: 1842284441.762
2021-06-19 15:07:40,080 - ic: 2.01923216397687e-11
2021-06-19 15:07:40,080 - lambdaA: 1.17709315456004e-07
2021-06-19 15:07:40,080 - iavg: 2.01923216377744e-11
2021-06-19 15:07:40,080 - Iavg: 0.0371999999963259
2021-06-19 15:07:40,081 - IavgVector: [ 0.00654116  0.03256661 -0.01674722]
2021-06-19 15:07:40,081 - F: [-100.19557514    5.54805488  -28.34582118]
2021-06-19 15:07:40,081 - F magnitude: 83.420552938175
2021-06-19 15:07:40,081 - ========================================
2021-06-19 15:07:40,081 - ===== Reference data output for VNV Type 2a =====
2021-06-19 15:07:40,081 - ========================================
2021-06-19 15:07:40,081 - ---- Input values ----
2021-06-19 15:07:40,081 - V: [-3180 16020 18690]
2021-06-19 15:07:40,081 - B: [ 1.413 -1.126 -5.215]
2021-06-19 15:07:40,081 - l: [ 0.176  0.875 -0.45 ]
2021-06-19 15:07:40,081 - sigma: 59520000.0
2021-06-19 15:07:40,082 - A: 0.005
2021-06-19 15:07:40,082 - Ic: 0.0372
2021-06-19 15:07:40,082 - L: 531

2021-06-19 15:07:40,082 - ---- Output values ----
2021-06-19 15:07:40,082 - Em: 6172.234890000002
2021-06-19 15:07:40,082 - I0: 1836857103.264001
2021-06-19 15:07:40,082 - ic: 2.025198363764797e-11
2021-06-19 15:07:40,082 - lambdaA: 1.1794106424441946e-07
2021-06-19 15:07:40,082 - iavg: 2.025198363564365e-11
2021-06-19 15:07:40,082 - Iavg: 0.037199999996318345
2021-06-19 15:07:40,082 - IavgVector: [ 0.0065472  0.03255   -0.01674  ]
2021-06-19 15:07:40,082 - F: [-0.18859749  0.01049003 -0.0533653 ]
2021-06-19 15:07:40,082 - F magnitude: 0.19628272684920406
2021-06-19 15:07:40,083 - ========== whaaaaaaa =================

2021-06-19 15:07:40,083 - ========================================
2021-06-19 15:07:40,083 - ===== Reference data output for VNV Type  =====
2021-06-19 15:07:40,083 - ========================================
2021-06-19 15:07:40,083 - ---- Input values ----
2021-06-19 15:07:40,083 - V: [   0 7350    0]
2021-06-19 15:07:40,083 - B: [ 0.00e+00  0.00e+00 -1.75e-05]
2021-06-19 15:07:40,083 - l: [-1  0  0]
2021-06-19 15:07:40,083 - sigma: 34014000.0
2021-06-19 15:07:40,084 - A: 1.9635e-07
2021-06-19 15:07:40,084 - Ic: 0.01
2021-06-19 15:07:40,084 - L: 500

2021-06-19 15:07:40,084 - ---- Output values ----
2021-06-19 15:07:40,084 - Em: 0.128625
2021-06-19 15:07:40,084 - I0: 0.8590412147625001
2021-06-19 15:07:40,084 - ic: 0.011640885010115272
2021-06-19 15:07:40,084 - lambdaA: 0.08121829767790473
2021-06-19 15:07:40,084 - iavg: 0.011572377948277951
2021-06-19 15:07:40,084 - Iavg: 0.009941149610379459
2021-06-19 15:07:40,084 - IavgVector: [-0.00994115  0.          0.        ]
2021-06-19 15:07:40,084 - F: [-0.00000000e+00 -1.73970118e-07 -0.00000000e+00]
2021-06-19 15:07:40,084 - F magnitude: 1.7397011818164052e-07
