2021-02-12 06:01:15,075 - ========================================
2021-02-12 06:01:15,075 - ===== Simulation data output for VNV Type 1a =====
2021-02-12 06:01:15,075 - ========================================
2021-02-12 06:01:15,075 - ---- Input values ----
2021-02-12 06:01:15,075 - V: [-5.92978276e-23  3.00000000e+04 -5.58744018e-29]
2021-02-12 06:01:15,075 - B: [4.782e-09 4.420e-09 0.000e+00]
2021-02-12 06:01:15,075 - l: [0. 0. 1.]
2021-02-12 06:01:15,076 - sigma: 48600000.0
2021-02-12 06:01:15,076 - A: 0.0004704
2021-02-12 06:01:15,076 - Ic: 0.002
2021-02-12 06:01:15,076 - L: 10.0

2021-02-12 06:01:15,076 - ---- Output values ----
2021-02-12 06:01:15,076 - Em: -0.00014346
2021-02-12 06:01:15,076 - I0: -3.2797021824
2021-02-12 06:01:15,076 - ic: -0.000609811467252326
2021-02-12 06:01:15,076 - lambdaA: 0.0114175254270282
2021-02-12 06:01:15,076 - iavg: 0.000609718815831091
2021-02-12 06:01:15,076 - Iavg: -0.00199969613093157
2021-02-12 06:01:15,076 - IavgVector: [-0.        -0.        -0.0019997]
2021-02-12 06:01:15,077 - F: [ 8.8386569e-12 -9.5625469e-12  0.0000000e+00]
2021-02-12 06:01:15,077 - F magnitude: 1.30216803428702e-11
2021-02-12 06:01:15,077 - ========================================
2021-02-12 06:01:15,077 - ===== Reference data output for VNV Type 1a =====
2021-02-12 06:01:15,077 - ========================================
2021-02-12 06:01:15,077 - ---- Input values ----
2021-02-12 06:01:15,077 - V: [    0 30000     0]
2021-02-12 06:01:15,077 - B: [4.782e-09 4.420e-09 0.000e+00]
2021-02-12 06:01:15,077 - l: [0 0 1]
2021-02-12 06:01:15,077 - sigma: 48600000.0
2021-02-12 06:01:15,077 - A: 0.0004704
2021-02-12 06:01:15,077 - Ic: 0.002
2021-02-12 06:01:15,077 - L: 10

2021-02-12 06:01:15,078 - ---- Output values ----
2021-02-12 06:01:15,078 - Em: -0.00014346
2021-02-12 06:01:15,078 - I0: -3.2797021824000003
2021-02-12 06:01:15,078 - ic: -0.0006098114672523261
2021-02-12 06:01:15,078 - lambdaA: 0.011417525427028206
2021-02-12 06:01:15,078 - iavg: 0.0006097188158310912
2021-02-12 06:01:15,078 - Iavg: -0.0019996961309315738
2021-02-12 06:01:15,078 - IavgVector: [-0.        -0.        -0.0019997]
2021-02-12 06:01:15,078 - F: [ 8.8386569e-12 -9.5625469e-12  0.0000000e+00]
2021-02-12 06:01:15,078 - F magnitude: 1.3021680342870199e-11
2021-02-12 06:01:15,095 - ========================================
2021-02-12 06:01:15,095 - ===== Simulation data output for VNV Type 1b =====
2021-02-12 06:01:15,095 - ========================================
2021-02-12 06:01:15,095 - ---- Input values ----
2021-02-12 06:01:15,096 - V: [-5.92978276e-23  3.00000000e+04 -5.58744018e-29]
2021-02-12 06:01:15,096 - B: [4.782e-09 4.420e-09 0.000e+00]
2021-02-12 06:01:15,096 - l: [ 0.  0. -1.]
2021-02-12 06:01:15,096 - sigma: 48600000.0
2021-02-12 06:01:15,096 - A: 0.0004704
2021-02-12 06:01:15,096 - Ic: 0.002
2021-02-12 06:01:15,096 - L: 10.0

2021-02-12 06:01:15,096 - ---- Output values ----
2021-02-12 06:01:15,096 - Em: 0.00014346
2021-02-12 06:01:15,096 - I0: 3.2797021824
2021-02-12 06:01:15,096 - ic: 0.000609811467252326
2021-02-12 06:01:15,097 - lambdaA: 0.0114128846783202
2021-02-12 06:01:15,097 - iavg: 0.000609347228803674
2021-02-12 06:01:15,097 - Iavg: 0.0019984774361468
2021-02-12 06:01:15,097 - IavgVector: [ 0.          0.         -0.00199848]
2021-02-12 06:01:15,097 - F: [ 8.83327027e-12 -9.55671910e-12  0.00000000e+00]
2021-02-12 06:01:15,097 - F magnitude: 1.30137444101665e-11
2021-02-12 06:01:15,097 - ========================================
2021-02-12 06:01:15,097 - ===== Reference data output for VNV Type 1b =====
2021-02-12 06:01:15,097 - ========================================
2021-02-12 06:01:15,097 - ---- Input values ----
2021-02-12 06:01:15,097 - V: [    0 30000     0]
2021-02-12 06:01:15,098 - B: [4.782e-09 4.420e-09 0.000e+00]
2021-02-12 06:01:15,098 - l: [ 0  0 -1]
2021-02-12 06:01:15,098 - sigma: 48600000.0
2021-02-12 06:01:15,098 - A: 0.0004704
2021-02-12 06:01:15,098 - Ic: 0.002
2021-02-12 06:01:15,098 - L: 10

2021-02-12 06:01:15,098 - ---- Output values ----
2021-02-12 06:01:15,098 - Em: 0.00014346
2021-02-12 06:01:15,098 - I0: 3.2797021824000003
2021-02-12 06:01:15,098 - ic: 0.0006098114672523261
2021-02-12 06:01:15,098 - lambdaA: 0.011412884678320204
2021-02-12 06:01:15,098 - iavg: 0.0006093472288036737
2021-02-12 06:01:15,098 - Iavg: 0.0019984774361468008
2021-02-12 06:01:15,099 - IavgVector: [ 0.          0.         -0.00199848]
2021-02-12 06:01:15,099 - F: [ 8.83327027e-12 -9.55671910e-12  0.00000000e+00]
2021-02-12 06:01:15,099 - F magnitude: 1.3013744410166543e-11
2021-02-12 06:01:15,115 - ========================================
2021-02-12 06:01:15,115 - ===== Simulation data output for VNV Type 2a =====
2021-02-12 06:01:15,115 - ========================================
2021-02-12 06:01:15,115 - ---- Input values ----
2021-02-12 06:01:15,115 - V: [-3180. 16020. 18690.]
2021-02-12 06:01:15,115 - B: [ 1.41267e-09 -1.12623e-09 -5.21451e-09]
2021-02-12 06:01:15,115 - l: [0. 0. 1.]
2021-02-12 06:01:15,115 - sigma: 59520000.0
2021-02-12 06:01:15,115 - A: 0.005
2021-02-12 06:01:15,115 - Ic: 0.0372
2021-02-12 06:01:15,116 - L: 531.0

2021-02-12 06:01:15,116 - ---- Output values ----
2021-02-12 06:01:15,116 - Em: -1.9049562e-05
2021-02-12 06:01:15,116 - I0: -5.6691496512
2021-02-12 06:01:15,116 - ic: -0.00656183066046348
2021-02-12 06:01:15,116 - lambdaA: 0.0557594365801462
2021-02-12 06:01:15,116 - iavg: 0.00658308294817202
2021-02-12 06:01:15,116 - Iavg: -0.0373204823994501
2021-02-12 06:01:15,116 - IavgVector: [-0.         -0.         -0.03732048]
2021-02-12 06:01:15,116 - F: [-4.20314469e-11 -5.27215259e-11  0.00000000e+00]
2021-02-12 06:01:15,116 - F magnitude: 6.742552794074e-11
2021-02-12 06:01:15,116 - ========================================
2021-02-12 06:01:15,116 - ===== Reference data output for VNV Type 2a =====
2021-02-12 06:01:15,117 - ========================================
2021-02-12 06:01:15,117 - ---- Input values ----
2021-02-12 06:01:15,117 - V: [-3180. 16020. 18690.]
2021-02-12 06:01:15,117 - B: [ 1.41267e-09 -1.12623e-09 -5.21451e-09]
2021-02-12 06:01:15,117 - l: [ 0.17583754  0.87544648 -0.45019399]
2021-02-12 06:01:15,117 - sigma: 59520000.0
2021-02-12 06:01:15,117 - A: 0.005
2021-02-12 06:01:15,117 - Ic: 0.0372
2021-02-12 06:01:15,117 - L: 531

2021-02-12 06:01:15,117 - ---- Output values ----
2021-02-12 06:01:15,117 - Em: 6.18586331905313e-06
2021-02-12 06:01:15,117 - I0: 1.8409129237502115
2021-02-12 06:01:15,118 - ic: 0.020207365334922036
2021-02-12 06:01:15,118 - lambdaA: 0.11697317146946196
2021-02-12 06:01:15,118 - iavg: 0.02000143393870115
2021-02-12 06:01:15,118 - Iavg: 0.03682089823129105
2021-02-12 06:01:15,118 - IavgVector: [ 0.0064745   0.03223473 -0.01657655]
2021-02-12 06:01:15,118 - F: [-1.86757304e-10  1.03441345e-11 -5.28288017e-11]
2021-02-12 06:01:15,118 - F magnitude: 1.943609371283146e-10
2021-02-12 06:01:15,118 - ========== whaaaaaaa =================

2021-02-12 06:01:15,118 - ========================================
2021-02-12 06:01:15,118 - ===== Reference data output for VNV Type  =====
2021-02-12 06:01:15,119 - ========================================
2021-02-12 06:01:15,119 - ---- Input values ----
2021-02-12 06:01:15,119 - V: [   0 7350    0]
2021-02-12 06:01:15,119 - B: [ 0.00e+00  0.00e+00 -1.75e-05]
2021-02-12 06:01:15,119 - l: [-1  0  0]
2021-02-12 06:01:15,119 - sigma: 34014000.0
2021-02-12 06:01:15,119 - A: 1.9635e-07
2021-02-12 06:01:15,119 - Ic: 1
2021-02-12 06:01:15,119 - L: 500

2021-02-12 06:01:15,119 - ---- Output values ----
2021-02-12 06:01:15,119 - Em: 0.128625
2021-02-12 06:01:15,119 - I0: 0.8590412147625001
2021-02-12 06:01:15,119 - ic: 1.1640885010115272
2021-02-12 06:01:15,119 - lambdaA: 0.9819684457059389
2021-02-12 06:01:15,120 - iavg: 0.48615527035397776
2021-02-12 06:01:15,120 - Iavg: 0.4176274140080727
2021-02-12 06:01:15,120 - IavgVector: [-0.41762741  0.          0.        ]
2021-02-12 06:01:15,120 - F: [-0.00000000e+00 -7.30847975e-06 -0.00000000e+00]
2021-02-12 06:01:15,120 - F magnitude: 7.308479745141272e-06
