2021-06-19 16:26:06,812 - ========================================
2021-06-19 16:26:06,812 - ===== Simulation data output for VNV Type 1a =====
2021-06-19 16:26:06,812 - ========================================
2021-06-19 16:26:06,812 - ---- Input values ----
2021-06-19 16:26:06,812 - V: [-1.39090863e-09  3.00000000e+04  0.00000000e+00]
2021-06-19 16:26:06,812 - B: [4.782e-09 4.420e-09 0.000e+00]
2021-06-19 16:26:06,812 - l: [0. 0. 1.]
2021-06-19 16:26:06,812 - sigma: 48600000.0
2021-06-19 16:26:06,813 - A: 0.0004704
2021-06-19 16:26:06,813 - Ic: 0.002
2021-06-19 16:26:06,813 - L: 10.0

2021-06-19 16:26:06,813 - ---- Output values ----
2021-06-19 16:26:06,813 - Em: -0.00143460000000003
2021-06-19 16:26:06,813 - I0: -32.7970218240007
2021-06-19 16:26:06,813 - ic: -6.09811467252312e-05
2021-06-19 16:26:06,813 - lambdaA: 0.00245938139203067
2021-06-19 16:26:06,813 - iavg: 6.09770068565443e-05
2021-06-19 16:26:06,813 - Iavg: -0.00199986422463633
2021-06-19 16:26:06,813 - IavgVector: [0.         0.         0.00199986]
2021-06-19 16:26:06,813 - F: [-8.83939987e-11  9.56335072e-11  0.00000000e+00]
2021-06-19 16:26:06,813 - F magnitude: 1.30227749404228e-10
2021-06-19 16:26:06,813 - ========================================
2021-06-19 16:26:06,813 - ===== Reference data output for VNV Type 1a =====
2021-06-19 16:26:06,813 - ========================================
2021-06-19 16:26:06,813 - ---- Input values ----
2021-06-19 16:26:06,814 - V: [    0 30000     0]
2021-06-19 16:26:06,814 - B: [4.782e-09 4.420e-09 0.000e+00]
2021-06-19 16:26:06,814 - l: [0 0 1]
2021-06-19 16:26:06,814 - sigma: 48600000.0
2021-06-19 16:26:06,814 - A: 0.0004704
2021-06-19 16:26:06,814 - Ic: 0.002
2021-06-19 16:26:06,814 - L: 10

2021-06-19 16:26:06,814 - ---- Output values ----
2021-06-19 16:26:06,814 - Em: -0.0014346
2021-06-19 16:26:06,814 - I0: -32.797021824
2021-06-19 16:26:06,814 - ic: -6.0981146725232615e-05
2021-06-19 16:26:06,814 - lambdaA: 0.0024593813920307053
2021-06-19 16:26:06,814 - iavg: 6.097700685654573e-05
2021-06-19 16:26:06,814 - Iavg: -0.001999864224636328
2021-06-19 16:26:06,814 - IavgVector: [0.         0.         0.00199986]
2021-06-19 16:26:06,814 - F: [-8.83939987e-11  9.56335072e-11  0.00000000e+00]
2021-06-19 16:26:06,815 - F magnitude: 1.3022774940422847e-10
2021-06-19 16:26:06,818 - ========================================
2021-06-19 16:26:06,818 - ===== Simulation data output for VNV Type 1b =====
2021-06-19 16:26:06,818 - ========================================
2021-06-19 16:26:06,818 - ---- Input values ----
2021-06-19 16:26:06,818 - V: [-1.39090863e-09  3.00000000e+04  0.00000000e+00]
2021-06-19 16:26:06,818 - B: [4.782e-09 4.420e-09 0.000e+00]
2021-06-19 16:26:06,818 - l: [ 0.  0. -1.]
2021-06-19 16:26:06,818 - sigma: 48600000.0
2021-06-19 16:26:06,819 - A: 0.0004704
2021-06-19 16:26:06,819 - Ic: 0.002
2021-06-19 16:26:06,819 - L: 10.0

2021-06-19 16:26:06,819 - ---- Output values ----
2021-06-19 16:26:06,819 - Em: 0.00143460000000003
2021-06-19 16:26:06,819 - I0: 32.7970218240007
2021-06-19 16:26:06,819 - ic: 6.09811467252312e-05
2021-06-19 16:26:06,819 - lambdaA: 0.00245928141013131
2021-06-19 16:26:06,819 - iavg: 6.09732887659895e-05
2021-06-19 16:26:06,819 - Iavg: 0.00199974228233926
2021-06-19 16:26:06,819 - IavgVector: [ 0.          0.         -0.00199974]
2021-06-19 16:26:06,819 - F: [ 8.83886089e-11 -9.56276759e-11  0.00000000e+00]
2021-06-19 16:26:06,819 - F magnitude: 1.30219808729702e-10
2021-06-19 16:26:06,819 - ========================================
2021-06-19 16:26:06,819 - ===== Reference data output for VNV Type 1b =====
2021-06-19 16:26:06,819 - ========================================
2021-06-19 16:26:06,819 - ---- Input values ----
2021-06-19 16:26:06,820 - V: [    0 30000     0]
2021-06-19 16:26:06,820 - B: [4.782e-09 4.420e-09 0.000e+00]
2021-06-19 16:26:06,820 - l: [ 0  0 -1]
2021-06-19 16:26:06,820 - sigma: 48600000.0
2021-06-19 16:26:06,820 - A: 0.0004704
2021-06-19 16:26:06,820 - Ic: 0.002
2021-06-19 16:26:06,820 - L: 10

2021-06-19 16:26:06,820 - ---- Output values ----
2021-06-19 16:26:06,820 - Em: 0.0014346
2021-06-19 16:26:06,820 - I0: 32.797021824
2021-06-19 16:26:06,820 - ic: 6.0981146725232615e-05
2021-06-19 16:26:06,820 - lambdaA: 0.002459281410131345
2021-06-19 16:26:06,820 - iavg: 6.09732887659909e-05
2021-06-19 16:26:06,820 - Iavg: 0.0019997422823392575
2021-06-19 16:26:06,820 - IavgVector: [ 0.          0.         -0.00199974]
2021-06-19 16:26:06,821 - F: [ 8.83886089e-11 -9.56276759e-11  0.00000000e+00]
2021-06-19 16:26:06,821 - F magnitude: 1.3021980872970217e-10
2021-06-19 16:26:06,824 - ========================================
2021-06-19 16:26:06,824 - ===== Simulation data output for VNV Type 2a =====
2021-06-19 16:26:06,824 - ========================================
2021-06-19 16:26:06,824 - ---- Input values ----
2021-06-19 16:26:06,824 - V: [-3180. 16020. 18690.]
2021-06-19 16:26:06,824 - B: [ 1.413e-09 -1.126e-09 -5.215e-09]
2021-06-19 16:26:06,824 - l: [ 0.176  0.875 -0.45 ]
2021-06-19 16:26:06,824 - sigma: 59520000.0
2021-06-19 16:26:06,825 - A: 0.005
2021-06-19 16:26:06,825 - Ic: 0.0372
2021-06-19 16:26:06,825 - L: 531.0

2021-06-19 16:26:06,825 - ---- Output values ----
2021-06-19 16:26:06,825 - Em: 0.00327745672658802
2021-06-19 16:26:06,825 - I0: 975.371121832595
2021-06-19 16:26:06,825 - ic: 3.81393288844825e-05
2021-06-19 16:26:06,825 - lambdaA: 0.00179858033347858
2021-06-19 16:26:06,825 - iavg: 3.8138549907707e-05
2021-06-19 16:26:06,825 - Iavg: 0.0371992402085486
2021-06-19 16:26:06,825 - IavgVector: [ 0.00654707  0.03254934 -0.01673966]
2021-06-19 16:26:06,825 - F: [-1.00143222e-07  5.57009110e-09 -2.83363940e-08]
2021-06-19 16:26:06,825 - F magnitude: 1.04223999200548e-07
2021-06-19 16:26:06,825 - ========================================
2021-06-19 16:26:06,825 - ===== Reference data output for VNV Type 2a =====
2021-06-19 16:26:06,825 - ========================================
2021-06-19 16:26:06,825 - ---- Input values ----
2021-06-19 16:26:06,825 - V: [-3180 16020 18690]
2021-06-19 16:26:06,826 - B: [ 1.413e-09 -1.126e-09 -5.215e-09]
2021-06-19 16:26:06,826 - l: [ 0.176  0.875 -0.45 ]
2021-06-19 16:26:06,826 - sigma: 59520000.0
2021-06-19 16:26:06,826 - A: 0.005
2021-06-19 16:26:06,826 - Ic: 0.0372
2021-06-19 16:26:06,826 - L: 531

2021-06-19 16:26:06,826 - ---- Output values ----
2021-06-19 16:26:06,826 - Em: 0.0032774567265900045
2021-06-19 16:26:06,826 - I0: 975.3711218331854
2021-06-19 16:26:06,826 - ic: 3.813932888445942e-05
2021-06-19 16:26:06,826 - lambdaA: 0.0017985803334778577
2021-06-19 16:26:06,826 - iavg: 3.8138549907684004e-05
2021-06-19 16:26:06,826 - Iavg: 0.03719924020854867
2021-06-19 16:26:06,826 - IavgVector: [ 0.00654707  0.03254934 -0.01673966]
2021-06-19 16:26:06,827 - F: [-1.00143222e-07  5.57009110e-09 -2.83363940e-08]
2021-06-19 16:26:06,827 - F magnitude: 1.0422399920054806e-07
2021-06-19 16:26:06,827 - ========== whaaaaaaa =================

2021-06-19 16:26:06,827 - ========================================
2021-06-19 16:26:06,827 - ===== Reference data output for VNV Type  =====
2021-06-19 16:26:06,827 - ========================================
2021-06-19 16:26:06,827 - ---- Input values ----
2021-06-19 16:26:06,827 - V: [   0 7350    0]
2021-06-19 16:26:06,827 - B: [13100 -2100 24300]
2021-06-19 16:26:06,828 - l: [1 0 0]
2021-06-19 16:26:06,828 - sigma: 34014000.0
2021-06-19 16:26:06,828 - A: 1.9635e-07
2021-06-19 16:26:06,828 - Ic: 0.015
2021-06-19 16:26:06,828 - L: 500

2021-06-19 16:26:06,828 - ---- Output values ----
2021-06-19 16:26:06,828 - Em: 89302500000
2021-06-19 16:26:06,828 - I0: 596420043392.25
2021-06-19 16:26:06,828 - ic: 2.5150060207039167e-14
2021-06-19 16:26:06,828 - lambdaA: 1.3626344038075591e-09
2021-06-19 16:26:06,828 - iavg: 2.5150060207011478e-14
2021-06-19 16:26:06,828 - Iavg: 0.014999999999983487
2021-06-19 16:26:06,828 - IavgVector: [0.015 0.    0.   ]
2021-06-19 16:26:06,828 - F: [      0.         -182249.9999998   -15749.99999998]
2021-06-19 16:26:06,828 - F magnitude: 182929.28961739922
