2021-06-19 16:25:35,423 - ========================================
2021-06-19 16:25:35,423 - ===== Simulation data output for VNV Type 1a =====
2021-06-19 16:25:35,423 - ========================================
2021-06-19 16:25:35,423 - ---- Input values ----
2021-06-19 16:25:35,424 - V: [-1.39090863e-09  3.00000000e+04  0.00000000e+00]
2021-06-19 16:25:35,424 - B: [4.782e-09 4.420e-09 0.000e+00]
2021-06-19 16:25:35,424 - l: [0. 0. 1.]
2021-06-19 16:25:35,424 - sigma: 48600000.0
2021-06-19 16:25:35,424 - A: 0.0004704
2021-06-19 16:25:35,424 - Ic: 0.002
2021-06-19 16:25:35,424 - L: 10.0

2021-06-19 16:25:35,424 - ---- Output values ----
2021-06-19 16:25:35,424 - Em: -0.00143460000000003
2021-06-19 16:25:35,424 - I0: -32.7970218240007
2021-06-19 16:25:35,424 - ic: -6.09811467252312e-05
2021-06-19 16:25:35,424 - lambdaA: 0.00245938139203067
2021-06-19 16:25:35,425 - iavg: 6.09770068565443e-05
2021-06-19 16:25:35,425 - Iavg: -0.00199986422463633
2021-06-19 16:25:35,425 - IavgVector: [0.         0.         0.00199986]
2021-06-19 16:25:35,425 - F: [-8.83939987e-11  9.56335072e-11  0.00000000e+00]
2021-06-19 16:25:35,425 - F magnitude: 1.30227749404228e-10
2021-06-19 16:25:35,425 - ========================================
2021-06-19 16:25:35,425 - ===== Reference data output for VNV Type 1a =====
2021-06-19 16:25:35,425 - ========================================
2021-06-19 16:25:35,425 - ---- Input values ----
2021-06-19 16:25:35,425 - V: [    0 30000     0]
2021-06-19 16:25:35,425 - B: [4.782e-09 4.420e-09 0.000e+00]
2021-06-19 16:25:35,426 - l: [0 0 1]
2021-06-19 16:25:35,426 - sigma: 48600000.0
2021-06-19 16:25:35,426 - A: 0.0004704
2021-06-19 16:25:35,426 - Ic: 0.002
2021-06-19 16:25:35,426 - L: 10

2021-06-19 16:25:35,426 - ---- Output values ----
2021-06-19 16:25:35,426 - Em: -0.0014346
2021-06-19 16:25:35,426 - I0: -32.797021824
2021-06-19 16:25:35,426 - ic: -6.0981146725232615e-05
2021-06-19 16:25:35,426 - lambdaA: 0.0024593813920307053
2021-06-19 16:25:35,426 - iavg: 6.097700685654573e-05
2021-06-19 16:25:35,426 - Iavg: -0.001999864224636328
2021-06-19 16:25:35,426 - IavgVector: [0.         0.         0.00199986]
2021-06-19 16:25:35,427 - F: [-8.83939987e-11  9.56335072e-11  0.00000000e+00]
2021-06-19 16:25:35,427 - F magnitude: 1.3022774940422847e-10
2021-06-19 16:25:35,430 - ========================================
2021-06-19 16:25:35,431 - ===== Simulation data output for VNV Type 1b =====
2021-06-19 16:25:35,431 - ========================================
2021-06-19 16:25:35,431 - ---- Input values ----
2021-06-19 16:25:35,431 - V: [-1.39090863e-09  3.00000000e+04  0.00000000e+00]
2021-06-19 16:25:35,431 - B: [4.782e-09 4.420e-09 0.000e+00]
2021-06-19 16:25:35,431 - l: [ 0.  0. -1.]
2021-06-19 16:25:35,431 - sigma: 48600000.0
2021-06-19 16:25:35,431 - A: 0.0004704
2021-06-19 16:25:35,431 - Ic: 0.002
2021-06-19 16:25:35,431 - L: 10.0

2021-06-19 16:25:35,431 - ---- Output values ----
2021-06-19 16:25:35,431 - Em: 0.00143460000000003
2021-06-19 16:25:35,431 - I0: 32.7970218240007
2021-06-19 16:25:35,432 - ic: 6.09811467252312e-05
2021-06-19 16:25:35,432 - lambdaA: 0.00245928141013131
2021-06-19 16:25:35,432 - iavg: 6.09732887659895e-05
2021-06-19 16:25:35,432 - Iavg: 0.00199974228233926
2021-06-19 16:25:35,432 - IavgVector: [ 0.          0.         -0.00199974]
2021-06-19 16:25:35,432 - F: [ 8.83886089e-11 -9.56276759e-11  0.00000000e+00]
2021-06-19 16:25:35,432 - F magnitude: 1.30219808729702e-10
2021-06-19 16:25:35,432 - ========================================
2021-06-19 16:25:35,432 - ===== Reference data output for VNV Type 1b =====
2021-06-19 16:25:35,432 - ========================================
2021-06-19 16:25:35,432 - ---- Input values ----
2021-06-19 16:25:35,432 - V: [    0 30000     0]
2021-06-19 16:25:35,432 - B: [4.782e-09 4.420e-09 0.000e+00]
2021-06-19 16:25:35,433 - l: [ 0  0 -1]
2021-06-19 16:25:35,433 - sigma: 48600000.0
2021-06-19 16:25:35,433 - A: 0.0004704
2021-06-19 16:25:35,433 - Ic: 0.002
2021-06-19 16:25:35,433 - L: 10

2021-06-19 16:25:35,433 - ---- Output values ----
2021-06-19 16:25:35,433 - Em: 0.0014346
2021-06-19 16:25:35,433 - I0: 32.797021824
2021-06-19 16:25:35,433 - ic: 6.0981146725232615e-05
2021-06-19 16:25:35,433 - lambdaA: 0.002459281410131345
2021-06-19 16:25:35,433 - iavg: 6.09732887659909e-05
2021-06-19 16:25:35,433 - Iavg: 0.0019997422823392575
2021-06-19 16:25:35,433 - IavgVector: [ 0.          0.         -0.00199974]
2021-06-19 16:25:35,433 - F: [ 8.83886089e-11 -9.56276759e-11  0.00000000e+00]
2021-06-19 16:25:35,433 - F magnitude: 1.3021980872970217e-10
2021-06-19 16:25:35,437 - ========================================
2021-06-19 16:25:35,437 - ===== Simulation data output for VNV Type 2a =====
2021-06-19 16:25:35,437 - ========================================
2021-06-19 16:25:35,437 - ---- Input values ----
2021-06-19 16:25:35,437 - V: [-3180. 16020. 18690.]
2021-06-19 16:25:35,437 - B: [ 1.413e-09 -1.126e-09 -5.215e-09]
2021-06-19 16:25:35,437 - l: [ 0.176  0.875 -0.45 ]
2021-06-19 16:25:35,437 - sigma: 59520000.0
2021-06-19 16:25:35,437 - A: 0.005
2021-06-19 16:25:35,437 - Ic: 0.0372
2021-06-19 16:25:35,437 - L: 531.0

2021-06-19 16:25:35,438 - ---- Output values ----
2021-06-19 16:25:35,438 - Em: 0.00327745672658802
2021-06-19 16:25:35,438 - I0: 975.371121832595
2021-06-19 16:25:35,438 - ic: 3.81393288844825e-05
2021-06-19 16:25:35,438 - lambdaA: 0.00179858033347858
2021-06-19 16:25:35,438 - iavg: 3.8138549907707e-05
2021-06-19 16:25:35,438 - Iavg: 0.0371992402085486
2021-06-19 16:25:35,438 - IavgVector: [ 0.00654707  0.03254934 -0.01673966]
2021-06-19 16:25:35,438 - F: [-1.00143222e-07  5.57009110e-09 -2.83363940e-08]
2021-06-19 16:25:35,438 - F magnitude: 1.04223999200548e-07
2021-06-19 16:25:35,438 - ========================================
2021-06-19 16:25:35,438 - ===== Reference data output for VNV Type 2a =====
2021-06-19 16:25:35,438 - ========================================
2021-06-19 16:25:35,438 - ---- Input values ----
2021-06-19 16:25:35,439 - V: [-3180 16020 18690]
2021-06-19 16:25:35,439 - B: [ 1.413e-09 -1.126e-09 -5.215e-09]
2021-06-19 16:25:35,439 - l: [ 0.176  0.875 -0.45 ]
2021-06-19 16:25:35,439 - sigma: 59520000.0
2021-06-19 16:25:35,439 - A: 0.005
2021-06-19 16:25:35,439 - Ic: 0.0372
2021-06-19 16:25:35,439 - L: 531

2021-06-19 16:25:35,439 - ---- Output values ----
2021-06-19 16:25:35,439 - Em: 0.0032774567265900045
2021-06-19 16:25:35,439 - I0: 975.3711218331854
2021-06-19 16:25:35,439 - ic: 3.813932888445942e-05
2021-06-19 16:25:35,439 - lambdaA: 0.0017985803334778577
2021-06-19 16:25:35,439 - iavg: 3.8138549907684004e-05
2021-06-19 16:25:35,439 - Iavg: 0.03719924020854867
2021-06-19 16:25:35,440 - IavgVector: [ 0.00654707  0.03254934 -0.01673966]
2021-06-19 16:25:35,440 - F: [-1.00143222e-07  5.57009110e-09 -2.83363940e-08]
2021-06-19 16:25:35,440 - F magnitude: 1.0422399920054806e-07
2021-06-19 16:25:35,440 - ========== whaaaaaaa =================

2021-06-19 16:25:35,440 - ========================================
2021-06-19 16:25:35,440 - ===== Reference data output for VNV Type  =====
2021-06-19 16:25:35,440 - ========================================
2021-06-19 16:25:35,441 - ---- Input values ----
2021-06-19 16:25:35,441 - V: [   0 7350    0]
2021-06-19 16:25:35,441 - B: [13100 -2100 24300]
2021-06-19 16:25:35,441 - l: [1 0 0]
2021-06-19 16:25:35,441 - sigma: 34014000.0
2021-06-19 16:25:35,441 - A: 1.9635e-07
2021-06-19 16:25:35,441 - Ic: 0.015
2021-06-19 16:25:35,441 - L: 500

2021-06-19 16:25:35,441 - ---- Output values ----
2021-06-19 16:25:35,441 - Em: 89302500000
2021-06-19 16:25:35,441 - I0: 596420043392.25
2021-06-19 16:25:35,441 - ic: 2.5150060207039167e-14
2021-06-19 16:25:35,441 - lambdaA: 1.3626344038075591e-09
2021-06-19 16:25:35,441 - iavg: 2.5150060207011478e-14
2021-06-19 16:25:35,441 - Iavg: 0.014999999999983487
2021-06-19 16:25:35,442 - IavgVector: [0.015 0.    0.   ]
2021-06-19 16:25:35,442 - F: [      0.         -182249.9999998   -15749.99999998]
2021-06-19 16:25:35,442 - F magnitude: 182929.28961739922
