2021-02-12 06:46:33,202 - ========================================
2021-02-12 06:46:33,202 - ===== Simulation data output for VNV Type 1a =====
2021-02-12 06:46:33,202 - ========================================
2021-02-12 06:46:33,203 - ---- Input values ----
2021-02-12 06:46:33,203 - V: [-5.92978276e-23  3.00000000e+04 -5.58744018e-29]
2021-02-12 06:46:33,203 - B: [4.782e-09 4.420e-09 0.000e+00]
2021-02-12 06:46:33,203 - l: [0. 0. 1.]
2021-02-12 06:46:33,203 - sigma: 48600000.0
2021-02-12 06:46:33,203 - A: 0.0004704
2021-02-12 06:46:33,203 - Ic: 0.002
2021-02-12 06:46:33,203 - L: 10.0

2021-02-12 06:46:33,203 - ---- Output values ----
2021-02-12 06:46:33,203 - Em: -0.00014346
2021-02-12 06:46:33,203 - I0: -3.2797021824
2021-02-12 06:46:33,203 - ic: -0.000609811467252326
2021-02-12 06:46:33,204 - lambdaA: 0.0114175254270282
2021-02-12 06:46:33,204 - iavg: 0.000609718815831091
2021-02-12 06:46:33,204 - Iavg: -0.00199969613093157
2021-02-12 06:46:33,204 - IavgVector: [-0.        -0.        -0.0019997]
2021-02-12 06:46:33,204 - F: [ 8.8386569e-12 -9.5625469e-12  0.0000000e+00]
2021-02-12 06:46:33,204 - F magnitude: 1.30216803428702e-11
2021-02-12 06:46:33,204 - ========================================
2021-02-12 06:46:33,204 - ===== Reference data output for VNV Type 1a =====
2021-02-12 06:46:33,204 - ========================================
2021-02-12 06:46:33,204 - ---- Input values ----
2021-02-12 06:46:33,204 - V: [    0 30000     0]
2021-02-12 06:46:33,205 - B: [4.782e-09 4.420e-09 0.000e+00]
2021-02-12 06:46:33,205 - l: [0 0 1]
2021-02-12 06:46:33,205 - sigma: 48600000.0
2021-02-12 06:46:33,205 - A: 0.0004704
2021-02-12 06:46:33,205 - Ic: 0.002
2021-02-12 06:46:33,205 - L: 10

2021-02-12 06:46:33,205 - ---- Output values ----
2021-02-12 06:46:33,205 - Em: -0.00014346
2021-02-12 06:46:33,205 - I0: -3.2797021824000003
2021-02-12 06:46:33,205 - ic: -0.0006098114672523261
2021-02-12 06:46:33,205 - lambdaA: 0.011417525427028206
2021-02-12 06:46:33,205 - iavg: 0.0006097188158310912
2021-02-12 06:46:33,205 - Iavg: -0.0019996961309315738
2021-02-12 06:46:33,205 - IavgVector: [-0.        -0.        -0.0019997]
2021-02-12 06:46:33,205 - F: [ 8.8386569e-12 -9.5625469e-12  0.0000000e+00]
2021-02-12 06:46:33,206 - F magnitude: 1.3021680342870199e-11
2021-02-12 06:46:33,225 - ========================================
2021-02-12 06:46:33,225 - ===== Simulation data output for VNV Type 1b =====
2021-02-12 06:46:33,225 - ========================================
2021-02-12 06:46:33,225 - ---- Input values ----
2021-02-12 06:46:33,225 - V: [-5.92978276e-23  3.00000000e+04 -5.58744018e-29]
2021-02-12 06:46:33,225 - B: [4.782e-09 4.420e-09 0.000e+00]
2021-02-12 06:46:33,225 - l: [0. 0. 1.]
2021-02-12 06:46:33,225 - sigma: 48600000.0
2021-02-12 06:46:33,225 - A: 0.0004704
2021-02-12 06:46:33,225 - Ic: 0.002
2021-02-12 06:46:33,226 - L: 10.0

2021-02-12 06:46:33,226 - ---- Output values ----
2021-02-12 06:46:33,226 - Em: -0.00014346
2021-02-12 06:46:33,226 - I0: -3.2797021824
2021-02-12 06:46:33,226 - ic: -0.000609811467252326
2021-02-12 06:46:33,226 - lambdaA: 0.0114175254270282
2021-02-12 06:46:33,226 - iavg: 0.000609718815831091
2021-02-12 06:46:33,226 - Iavg: -0.00199969613093157
2021-02-12 06:46:33,226 - IavgVector: [-0.        -0.        -0.0019997]
2021-02-12 06:46:33,226 - F: [ 8.8386569e-12 -9.5625469e-12  0.0000000e+00]
2021-02-12 06:46:33,226 - F magnitude: 1.30216803428702e-11
2021-02-12 06:46:33,226 - ========================================
2021-02-12 06:46:33,226 - ===== Reference data output for VNV Type 1b =====
2021-02-12 06:46:33,226 - ========================================
2021-02-12 06:46:33,226 - ---- Input values ----
2021-02-12 06:46:33,227 - V: [    0 30000     0]
2021-02-12 06:46:33,227 - B: [4.782e-09 4.420e-09 0.000e+00]
2021-02-12 06:46:33,227 - l: [ 0  0 -1]
2021-02-12 06:46:33,227 - sigma: 48600000.0
2021-02-12 06:46:33,227 - A: 0.0004704
2021-02-12 06:46:33,227 - Ic: 0.002
2021-02-12 06:46:33,227 - L: 10

2021-02-12 06:46:33,227 - ---- Output values ----
2021-02-12 06:46:33,227 - Em: 0.00014346
2021-02-12 06:46:33,227 - I0: 3.2797021824000003
2021-02-12 06:46:33,227 - ic: 0.0006098114672523261
2021-02-12 06:46:33,227 - lambdaA: 0.011412884678320204
2021-02-12 06:46:33,227 - iavg: 0.0006093472288036737
2021-02-12 06:46:33,227 - Iavg: 0.0019984774361468008
2021-02-12 06:46:33,228 - IavgVector: [ 0.          0.         -0.00199848]
2021-02-12 06:46:33,228 - F: [ 8.83327027e-12 -9.55671910e-12  0.00000000e+00]
2021-02-12 06:46:33,228 - F magnitude: 1.3013744410166543e-11
2021-02-12 06:46:33,245 - ========================================
2021-02-12 06:46:33,245 - ===== Simulation data output for VNV Type 2a =====
2021-02-12 06:46:33,245 - ========================================
2021-02-12 06:46:33,245 - ---- Input values ----
2021-02-12 06:46:33,245 - V: [-3180. 16020. 18690.]
2021-02-12 06:46:33,246 - B: [ 1.41267e-09 -1.12623e-09 -5.21451e-09]
2021-02-12 06:46:33,246 - l: [ 0.17583754  0.87544648 -0.45019399]
2021-02-12 06:46:33,246 - sigma: 59520000.0
2021-02-12 06:46:33,246 - A: 0.005
2021-02-12 06:46:33,246 - Ic: 0.0372
2021-02-12 06:46:33,246 - L: 531.0

2021-02-12 06:46:33,246 - ---- Output values ----
2021-02-12 06:46:33,246 - Em: 6.18586343891272e-06
2021-02-12 06:46:33,246 - I0: 1.84091295942042
2021-02-12 06:46:33,246 - ic: 0.0202073649433766
2021-02-12 06:46:33,246 - lambdaA: 0.116973169973874
2021-02-12 06:46:33,246 - iavg: 0.0200014335551242
2021-02-12 06:46:33,246 - Iavg: 0.0368208982386146
2021-02-12 06:46:33,247 - IavgVector: [ 0.0064745   0.03223473 -0.01657655]
2021-02-12 06:46:33,247 - F: [-1.86757304e-10  1.03441342e-11 -5.28288018e-11]
2021-02-12 06:46:33,247 - F magnitude: 1.94360937876862e-10
2021-02-12 06:46:33,247 - ========================================
2021-02-12 06:46:33,247 - ===== Reference data output for VNV Type 2a =====
2021-02-12 06:46:33,247 - ========================================
2021-02-12 06:46:33,247 - ---- Input values ----
2021-02-12 06:46:33,247 - V: [-3180. 16020. 18690.]
2021-02-12 06:46:33,247 - B: [ 1.41267e-09 -1.12623e-09 -5.21451e-09]
2021-02-12 06:46:33,248 - l: [ 0.17583754  0.87544648 -0.45019399]
2021-02-12 06:46:33,248 - sigma: 59520000.0
2021-02-12 06:46:33,248 - A: 0.005
2021-02-12 06:46:33,248 - Ic: 0.0372
2021-02-12 06:46:33,248 - L: 531

2021-02-12 06:46:33,248 - ---- Output values ----
2021-02-12 06:46:33,248 - Em: 6.18586331905313e-06
2021-02-12 06:46:33,248 - I0: 1.8409129237502115
2021-02-12 06:46:33,248 - ic: 0.020207365334922036
2021-02-12 06:46:33,248 - lambdaA: 0.11697317146946196
2021-02-12 06:46:33,248 - iavg: 0.02000143393870115
2021-02-12 06:46:33,248 - Iavg: 0.03682089823129105
2021-02-12 06:46:33,248 - IavgVector: [ 0.0064745   0.03223473 -0.01657655]
2021-02-12 06:46:33,249 - F: [-1.86757304e-10  1.03441345e-11 -5.28288017e-11]
2021-02-12 06:46:33,249 - F magnitude: 1.943609371283146e-10
