2021-02-12 07:32:13,672 - ========================================
2021-02-12 07:32:13,672 - ===== Simulation data output for VNV Type 1a =====
2021-02-12 07:32:13,672 - ========================================
2021-02-12 07:32:13,672 - ---- Input values ----
2021-02-12 07:32:13,672 - V: [-5.92978276e-23  3.00000000e+04 -5.58744018e-29]
2021-02-12 07:32:13,672 - B: [4.782e-09 4.420e-09 0.000e+00]
2021-02-12 07:32:13,673 - l: [0. 0. 1.]
2021-02-12 07:32:13,673 - sigma: 48600000.0
2021-02-12 07:32:13,673 - A: 0.0004704
2021-02-12 07:32:13,673 - Ic: 0.002
2021-02-12 07:32:13,673 - L: 10.0

2021-02-12 07:32:13,673 - ---- Output values ----
2021-02-12 07:32:13,673 - Em: -0.00014346
2021-02-12 07:32:13,673 - I0: -3.2797021824
2021-02-12 07:32:13,673 - ic: -0.000609811467252326
2021-02-12 07:32:13,673 - lambdaA: 0.0114175254270282
2021-02-12 07:32:13,673 - iavg: 0.000609718815831091
2021-02-12 07:32:13,673 - Iavg: -0.00199969613093157
2021-02-12 07:32:13,673 - IavgVector: [-0.        -0.        -0.0019997]
2021-02-12 07:32:13,673 - F: [ 8.8386569e-12 -9.5625469e-12  0.0000000e+00]
2021-02-12 07:32:13,673 - F magnitude: 1.30216803428702e-11
2021-02-12 07:32:13,673 - ========================================
2021-02-12 07:32:13,674 - ===== Reference data output for VNV Type 1a =====
2021-02-12 07:32:13,674 - ========================================
2021-02-12 07:32:13,674 - ---- Input values ----
2021-02-12 07:32:13,674 - V: [    0 30000     0]
2021-02-12 07:32:13,674 - B: [4.782e-09 4.420e-09 0.000e+00]
2021-02-12 07:32:13,674 - l: [0 0 1]
2021-02-12 07:32:13,674 - sigma: 48600000.0
2021-02-12 07:32:13,674 - A: 0.0004704
2021-02-12 07:32:13,674 - Ic: 0.002
2021-02-12 07:32:13,674 - L: 10

2021-02-12 07:32:13,674 - ---- Output values ----
2021-02-12 07:32:13,674 - Em: -0.00014346
2021-02-12 07:32:13,675 - I0: -3.2797021824000003
2021-02-12 07:32:13,675 - ic: -0.0006098114672523261
2021-02-12 07:32:13,675 - lambdaA: 0.011417525427028206
2021-02-12 07:32:13,675 - iavg: 0.0006097188158310912
2021-02-12 07:32:13,675 - Iavg: -0.0019996961309315738
2021-02-12 07:32:13,675 - IavgVector: [-0.        -0.        -0.0019997]
2021-02-12 07:32:13,675 - F: [ 8.8386569e-12 -9.5625469e-12  0.0000000e+00]
2021-02-12 07:32:13,675 - F magnitude: 1.3021680342870199e-11
2021-02-12 07:32:13,697 - ========================================
2021-02-12 07:32:13,697 - ===== Simulation data output for VNV Type 1b =====
2021-02-12 07:32:13,697 - ========================================
2021-02-12 07:32:13,697 - ---- Input values ----
2021-02-12 07:32:13,698 - V: [-5.92978276e-23  3.00000000e+04 -5.58744018e-29]
2021-02-12 07:32:13,698 - B: [4.782e-09 4.420e-09 0.000e+00]
2021-02-12 07:32:13,698 - l: [0. 0. 1.]
2021-02-12 07:32:13,698 - sigma: 48600000.0
2021-02-12 07:32:13,698 - A: 0.0004704
2021-02-12 07:32:13,698 - Ic: 0.002
2021-02-12 07:32:13,698 - L: 10.0

2021-02-12 07:32:13,698 - ---- Output values ----
2021-02-12 07:32:13,698 - Em: -0.00014346
2021-02-12 07:32:13,698 - I0: -3.2797021824
2021-02-12 07:32:13,698 - ic: -0.000609811467252326
2021-02-12 07:32:13,698 - lambdaA: 0.0114175254270282
2021-02-12 07:32:13,699 - iavg: 0.000609718815831091
2021-02-12 07:32:13,699 - Iavg: -0.00199969613093157
2021-02-12 07:32:13,699 - IavgVector: [-0.        -0.        -0.0019997]
2021-02-12 07:32:13,699 - F: [ 8.8386569e-12 -9.5625469e-12  0.0000000e+00]
2021-02-12 07:32:13,699 - F magnitude: 1.30216803428702e-11
2021-02-12 07:32:13,699 - ========================================
2021-02-12 07:32:13,699 - ===== Reference data output for VNV Type 1b =====
2021-02-12 07:32:13,699 - ========================================
2021-02-12 07:32:13,699 - ---- Input values ----
2021-02-12 07:32:13,699 - V: [    0 30000     0]
2021-02-12 07:32:13,699 - B: [4.782e-09 4.420e-09 0.000e+00]
2021-02-12 07:32:13,700 - l: [ 0  0 -1]
2021-02-12 07:32:13,700 - sigma: 48600000.0
2021-02-12 07:32:13,700 - A: 0.0004704
2021-02-12 07:32:13,700 - Ic: 0.002
2021-02-12 07:32:13,700 - L: 10

2021-02-12 07:32:13,700 - ---- Output values ----
2021-02-12 07:32:13,700 - Em: 0.00014346
2021-02-12 07:32:13,700 - I0: 3.2797021824000003
2021-02-12 07:32:13,700 - ic: 0.0006098114672523261
2021-02-12 07:32:13,700 - lambdaA: 0.011412884678320204
2021-02-12 07:32:13,700 - iavg: 0.0006093472288036737
2021-02-12 07:32:13,700 - Iavg: 0.0019984774361468008
2021-02-12 07:32:13,700 - IavgVector: [ 0.          0.         -0.00199848]
2021-02-12 07:32:13,700 - F: [ 8.83327027e-12 -9.55671910e-12  0.00000000e+00]
2021-02-12 07:32:13,700 - F magnitude: 1.3013744410166543e-11
2021-02-12 07:32:13,719 - ========================================
2021-02-12 07:32:13,719 - ===== Simulation data output for VNV Type 2a =====
2021-02-12 07:32:13,719 - ========================================
2021-02-12 07:32:13,719 - ---- Input values ----
2021-02-12 07:32:13,719 - V: [-3180. 16020. 18690.]
2021-02-12 07:32:13,719 - B: [ 1.41267e-09 -1.12623e-09 -5.21451e-09]
2021-02-12 07:32:13,719 - l: [0. 0. 1.]
2021-02-12 07:32:13,719 - sigma: 59520000.0
2021-02-12 07:32:13,719 - A: 0.005
2021-02-12 07:32:13,719 - Ic: 0.0372
2021-02-12 07:32:13,719 - L: 531.0

2021-02-12 07:32:13,719 - ---- Output values ----
2021-02-12 07:32:13,720 - Em: -1.9049562e-05
2021-02-12 07:32:13,720 - I0: -5.6691496512
2021-02-12 07:32:13,720 - ic: -0.00656183066046348
2021-02-12 07:32:13,720 - lambdaA: 0.0557594365801462
2021-02-12 07:32:13,720 - iavg: 0.00658308294817202
2021-02-12 07:32:13,720 - Iavg: -0.0373204823994501
2021-02-12 07:32:13,720 - IavgVector: [-0.         -0.         -0.03732048]
2021-02-12 07:32:13,720 - F: [-4.20314469e-11 -5.27215259e-11  0.00000000e+00]
2021-02-12 07:32:13,720 - F magnitude: 6.742552794074e-11
2021-02-12 07:32:13,720 - ========================================
2021-02-12 07:32:13,720 - ===== Reference data output for VNV Type 2a =====
2021-02-12 07:32:13,720 - ========================================
2021-02-12 07:32:13,720 - ---- Input values ----
2021-02-12 07:32:13,720 - V: [-3180. 16020. 18690.]
2021-02-12 07:32:13,721 - B: [ 1.41267e-09 -1.12623e-09 -5.21451e-09]
2021-02-12 07:32:13,721 - l: [ 0.17583754  0.87544648 -0.45019399]
2021-02-12 07:32:13,721 - sigma: 59520000.0
2021-02-12 07:32:13,721 - A: 0.005
2021-02-12 07:32:13,721 - Ic: 0.0372
2021-02-12 07:32:13,721 - L: 531

2021-02-12 07:32:13,721 - ---- Output values ----
2021-02-12 07:32:13,721 - Em: 6.18586331905313e-06
2021-02-12 07:32:13,721 - I0: 1.8409129237502115
2021-02-12 07:32:13,721 - ic: 0.020207365334922036
2021-02-12 07:32:13,721 - lambdaA: 0.11697317146946196
2021-02-12 07:32:13,721 - iavg: 0.02000143393870115
2021-02-12 07:32:13,721 - Iavg: 0.03682089823129105
2021-02-12 07:32:13,721 - IavgVector: [ 0.0064745   0.03223473 -0.01657655]
2021-02-12 07:32:13,721 - F: [-1.86757304e-10  1.03441345e-11 -5.28288017e-11]
2021-02-12 07:32:13,721 - F magnitude: 1.943609371283146e-10
2021-02-12 07:32:13,722 - ========== whaaaaaaa =================

2021-02-12 07:32:13,722 - ========================================
2021-02-12 07:32:13,722 - ===== Reference data output for VNV Type  =====
2021-02-12 07:32:13,722 - ========================================
2021-02-12 07:32:13,722 - ---- Input values ----
2021-02-12 07:32:13,722 - V: [   0 7350    0]
2021-02-12 07:32:13,722 - B: [ 0.00e+00  0.00e+00 -1.75e-05]
2021-02-12 07:32:13,722 - l: [-1  0  0]
2021-02-12 07:32:13,723 - sigma: 34014000.0
2021-02-12 07:32:13,723 - A: 1.9635e-07
2021-02-12 07:32:13,723 - Ic: 0.01
2021-02-12 07:32:13,723 - L: 500

2021-02-12 07:32:13,723 - ---- Output values ----
2021-02-12 07:32:13,723 - Em: 0.128625
2021-02-12 07:32:13,723 - I0: 0.8590412147625001
2021-02-12 07:32:13,723 - ic: 0.011640885010115272
2021-02-12 07:32:13,723 - lambdaA: 0.08121829767790473
2021-02-12 07:32:13,723 - iavg: 0.011572377948277951
2021-02-12 07:32:13,723 - Iavg: 0.009941149610379459
2021-02-12 07:32:13,723 - IavgVector: [-0.00994115  0.          0.        ]
2021-02-12 07:32:13,723 - F: [-0.00000000e+00 -1.73970118e-07 -0.00000000e+00]
2021-02-12 07:32:13,723 - F magnitude: 1.7397011818164052e-07
