2021-02-12 06:50:43,041 - ========================================
2021-02-12 06:50:43,042 - ===== Simulation data output for VNV Type 1a =====
2021-02-12 06:50:43,042 - ========================================
2021-02-12 06:50:43,042 - ---- Input values ----
2021-02-12 06:50:43,042 - V: [-5.92978276e-23  3.00000000e+04 -5.58744018e-29]
2021-02-12 06:50:43,042 - B: [4.782e-09 4.420e-09 0.000e+00]
2021-02-12 06:50:43,042 - l: [0. 0. 1.]
2021-02-12 06:50:43,042 - sigma: 48600000.0
2021-02-12 06:50:43,042 - A: 0.0004704
2021-02-12 06:50:43,042 - Ic: 0.002
2021-02-12 06:50:43,042 - L: 10.0

2021-02-12 06:50:43,042 - ---- Output values ----
2021-02-12 06:50:43,042 - Em: -0.00014346
2021-02-12 06:50:43,042 - I0: -3.2797021824
2021-02-12 06:50:43,042 - ic: -0.000609811467252326
2021-02-12 06:50:43,042 - lambdaA: 0.0114175254270282
2021-02-12 06:50:43,043 - iavg: 0.000609718815831091
2021-02-12 06:50:43,043 - Iavg: -0.00199969613093157
2021-02-12 06:50:43,043 - IavgVector: [-0.        -0.        -0.0019997]
2021-02-12 06:50:43,043 - F: [ 8.8386569e-12 -9.5625469e-12  0.0000000e+00]
2021-02-12 06:50:43,043 - F magnitude: 1.30216803428702e-11
2021-02-12 06:50:43,043 - ========================================
2021-02-12 06:50:43,043 - ===== Reference data output for VNV Type 1a =====
2021-02-12 06:50:43,043 - ========================================
2021-02-12 06:50:43,043 - ---- Input values ----
2021-02-12 06:50:43,043 - V: [    0 30000     0]
2021-02-12 06:50:43,043 - B: [4.782e-09 4.420e-09 0.000e+00]
2021-02-12 06:50:43,043 - l: [0 0 1]
2021-02-12 06:50:43,043 - sigma: 48600000.0
2021-02-12 06:50:43,043 - A: 0.0004704
2021-02-12 06:50:43,044 - Ic: 0.002
2021-02-12 06:50:43,044 - L: 10

2021-02-12 06:50:43,044 - ---- Output values ----
2021-02-12 06:50:43,044 - Em: -0.00014346
2021-02-12 06:50:43,044 - I0: -3.2797021824000003
2021-02-12 06:50:43,044 - ic: -0.0006098114672523261
2021-02-12 06:50:43,044 - lambdaA: 0.011417525427028206
2021-02-12 06:50:43,044 - iavg: 0.0006097188158310912
2021-02-12 06:50:43,044 - Iavg: -0.0019996961309315738
2021-02-12 06:50:43,044 - IavgVector: [-0.        -0.        -0.0019997]
2021-02-12 06:50:43,044 - F: [ 8.8386569e-12 -9.5625469e-12  0.0000000e+00]
2021-02-12 06:50:43,044 - F magnitude: 1.3021680342870199e-11
2021-02-12 06:50:43,060 - ========================================
2021-02-12 06:50:43,061 - ===== Simulation data output for VNV Type 1b =====
2021-02-12 06:50:43,061 - ========================================
2021-02-12 06:50:43,061 - ---- Input values ----
2021-02-12 06:50:43,061 - V: [-5.92978276e-23  3.00000000e+04 -5.58744018e-29]
2021-02-12 06:50:43,061 - B: [4.782e-09 4.420e-09 0.000e+00]
2021-02-12 06:50:43,061 - l: [0. 0. 1.]
2021-02-12 06:50:43,061 - sigma: 48600000.0
2021-02-12 06:50:43,061 - A: 0.0004704
2021-02-12 06:50:43,061 - Ic: 0.002
2021-02-12 06:50:43,061 - L: 10.0

2021-02-12 06:50:43,061 - ---- Output values ----
2021-02-12 06:50:43,061 - Em: -0.00014346
2021-02-12 06:50:43,061 - I0: -3.2797021824
2021-02-12 06:50:43,061 - ic: -0.000609811467252326
2021-02-12 06:50:43,061 - lambdaA: 0.0114175254270282
2021-02-12 06:50:43,062 - iavg: 0.000609718815831091
2021-02-12 06:50:43,062 - Iavg: -0.00199969613093157
2021-02-12 06:50:43,062 - IavgVector: [-0.        -0.        -0.0019997]
2021-02-12 06:50:43,062 - F: [ 8.8386569e-12 -9.5625469e-12  0.0000000e+00]
2021-02-12 06:50:43,062 - F magnitude: 1.30216803428702e-11
2021-02-12 06:50:43,062 - ========================================
2021-02-12 06:50:43,062 - ===== Reference data output for VNV Type 1b =====
2021-02-12 06:50:43,062 - ========================================
2021-02-12 06:50:43,062 - ---- Input values ----
2021-02-12 06:50:43,062 - V: [    0 30000     0]
2021-02-12 06:50:43,062 - B: [4.782e-09 4.420e-09 0.000e+00]
2021-02-12 06:50:43,062 - l: [ 0  0 -1]
2021-02-12 06:50:43,062 - sigma: 48600000.0
2021-02-12 06:50:43,063 - A: 0.0004704
2021-02-12 06:50:43,063 - Ic: 0.002
2021-02-12 06:50:43,063 - L: 10

2021-02-12 06:50:43,063 - ---- Output values ----
2021-02-12 06:50:43,063 - Em: 0.00014346
2021-02-12 06:50:43,063 - I0: 3.2797021824000003
2021-02-12 06:50:43,063 - ic: 0.0006098114672523261
2021-02-12 06:50:43,063 - lambdaA: 0.011412884678320204
2021-02-12 06:50:43,063 - iavg: 0.0006093472288036737
2021-02-12 06:50:43,063 - Iavg: 0.0019984774361468008
2021-02-12 06:50:43,063 - IavgVector: [ 0.          0.         -0.00199848]
2021-02-12 06:50:43,063 - F: [ 8.83327027e-12 -9.55671910e-12  0.00000000e+00]
2021-02-12 06:50:43,063 - F magnitude: 1.3013744410166543e-11
2021-02-12 06:50:43,081 - ========================================
2021-02-12 06:50:43,081 - ===== Simulation data output for VNV Type 2a =====
2021-02-12 06:50:43,081 - ========================================
2021-02-12 06:50:43,081 - ---- Input values ----
2021-02-12 06:50:43,081 - V: [-3180. 16020. 18690.]
2021-02-12 06:50:43,081 - B: [ 1.41267e-09 -1.12623e-09 -5.21451e-09]
2021-02-12 06:50:43,081 - l: [ 0.17583754  0.87544648 -0.45019399]
2021-02-12 06:50:43,081 - sigma: 59520000.0
2021-02-12 06:50:43,081 - A: 0.005
2021-02-12 06:50:43,081 - Ic: 0.0372
2021-02-12 06:50:43,082 - L: 531.0

2021-02-12 06:50:43,082 - ---- Output values ----
2021-02-12 06:50:43,082 - Em: 6.18586343891272e-06
2021-02-12 06:50:43,082 - I0: 1.84091295942042
2021-02-12 06:50:43,082 - ic: 0.0202073649433766
2021-02-12 06:50:43,082 - lambdaA: 0.116973169973874
2021-02-12 06:50:43,082 - iavg: 0.0200014335551242
2021-02-12 06:50:43,082 - Iavg: 0.0368208982386146
2021-02-12 06:50:43,082 - IavgVector: [ 0.0064745   0.03223473 -0.01657655]
2021-02-12 06:50:43,082 - F: [-1.86757304e-10  1.03441342e-11 -5.28288018e-11]
2021-02-12 06:50:43,082 - F magnitude: 1.94360937876862e-10
2021-02-12 06:50:43,082 - ========================================
2021-02-12 06:50:43,082 - ===== Reference data output for VNV Type 2a =====
2021-02-12 06:50:43,082 - ========================================
2021-02-12 06:50:43,082 - ---- Input values ----
2021-02-12 06:50:43,083 - V: [-3180. 16020. 18690.]
2021-02-12 06:50:43,083 - B: [ 1.41267e-09 -1.12623e-09 -5.21451e-09]
2021-02-12 06:50:43,083 - l: [ 0.17583754  0.87544648 -0.45019399]
2021-02-12 06:50:43,083 - sigma: 59520000.0
2021-02-12 06:50:43,083 - A: 0.005
2021-02-12 06:50:43,083 - Ic: 0.0372
2021-02-12 06:50:43,083 - L: 531

2021-02-12 06:50:43,083 - ---- Output values ----
2021-02-12 06:50:43,083 - Em: 6.18586331905313e-06
2021-02-12 06:50:43,083 - I0: 1.8409129237502115
2021-02-12 06:50:43,083 - ic: 0.020207365334922036
2021-02-12 06:50:43,083 - lambdaA: 0.11697317146946196
2021-02-12 06:50:43,083 - iavg: 0.02000143393870115
2021-02-12 06:50:43,083 - Iavg: 0.03682089823129105
2021-02-12 06:50:43,084 - IavgVector: [ 0.0064745   0.03223473 -0.01657655]
2021-02-12 06:50:43,084 - F: [-1.86757304e-10  1.03441345e-11 -5.28288017e-11]
2021-02-12 06:50:43,084 - F magnitude: 1.943609371283146e-10
2021-02-12 06:50:43,084 - ========== whaaaaaaa =================

2021-02-12 06:50:43,085 - ========================================
2021-02-12 06:50:43,085 - ===== Reference data output for VNV Type  =====
2021-02-12 06:50:43,085 - ========================================
2021-02-12 06:50:43,085 - ---- Input values ----
2021-02-12 06:50:43,085 - V: [   0 7350    0]
2021-02-12 06:50:43,085 - B: [ 0.00e+00  0.00e+00 -1.75e-05]
2021-02-12 06:50:43,085 - l: [-1  0  0]
2021-02-12 06:50:43,085 - sigma: 34014000.0
2021-02-12 06:50:43,085 - A: 1.9635e-07
2021-02-12 06:50:43,085 - Ic: 1
2021-02-12 06:50:43,085 - L: 500

2021-02-12 06:50:43,085 - ---- Output values ----
2021-02-12 06:50:43,085 - Em: 0.128625
2021-02-12 06:50:43,085 - I0: 0.8590412147625001
2021-02-12 06:50:43,085 - ic: 1.1640885010115272
2021-02-12 06:50:43,085 - lambdaA: 0.9819684457059389
2021-02-12 06:50:43,086 - iavg: 0.48615527035397776
2021-02-12 06:50:43,086 - Iavg: 0.4176274140080727
2021-02-12 06:50:43,086 - IavgVector: [-0.41762741  0.          0.        ]
2021-02-12 06:50:43,086 - F: [-0.00000000e+00 -7.30847975e-06 -0.00000000e+00]
2021-02-12 06:50:43,086 - F magnitude: 7.308479745141272e-06
