2021-02-12 05:51:54,925 - ========================================
2021-02-12 05:51:54,925 - ===== Simulation data output for VNV Type 1a =====
2021-02-12 05:51:54,925 - ========================================
2021-02-12 05:51:54,925 - ---- Input values ----
2021-02-12 05:51:54,925 - V: [-5.92978276e-23  3.00000000e+04 -5.58744018e-29]
2021-02-12 05:51:54,926 - B: [4.782e-09 4.420e-09 0.000e+00]
2021-02-12 05:51:54,926 - l: L IS NOT YET OUTPUT
2021-02-12 05:51:54,926 - sigma: SIGMA IS NOT YET OUTPUT
2021-02-12 05:51:54,926 - A: A IS NOT YET OUTPUT
2021-02-12 05:51:54,926 - Ic: 0.002
2021-02-12 05:51:54,926 - L: GOODWILL

2021-02-12 05:51:54,926 - ---- Output values ----
2021-02-12 05:51:54,926 - Em: -0.00014346
2021-02-12 05:51:54,926 - I0: -3.2797021824
2021-02-12 05:51:54,926 - ic: -0.000609811467252326
2021-02-12 05:51:54,926 - lambdaA: 0.0114175254270282
2021-02-12 05:51:54,926 - iavg: 0.000609718815831091
2021-02-12 05:51:54,927 - Iavg: -0.00199969613093157
2021-02-12 05:51:54,927 - IavgVector: [-0.        -0.        -0.0019997  0.002    ]
2021-02-12 05:51:54,927 - F: [ 8.8386569e-12 -9.5625469e-12  0.0000000e+00]
2021-02-12 05:51:54,927 - F magnitude: 1.30216803428702e-11
2021-02-12 05:51:54,927 - ========================================
2021-02-12 05:51:54,927 - ===== Reference data output for VNV Type 1a =====
2021-02-12 05:51:54,927 - ========================================
2021-02-12 05:51:54,927 - ---- Input values ----
2021-02-12 05:51:54,928 - V: [    0 30000     0]
2021-02-12 05:51:54,928 - B: [4.782e-09 4.420e-09 0.000e+00]
2021-02-12 05:51:54,928 - l: [0 0 1]
2021-02-12 05:51:54,928 - sigma: 48600000.0
2021-02-12 05:51:54,928 - A: 0.0004704
2021-02-12 05:51:54,928 - Ic: 0.002
2021-02-12 05:51:54,928 - L: 10

2021-02-12 05:51:54,928 - ---- Output values ----
2021-02-12 05:51:54,928 - Em: -0.00014346
2021-02-12 05:51:54,928 - I0: -3.2797021824000003
2021-02-12 05:51:54,928 - ic: -0.0006098114672523261
2021-02-12 05:51:54,929 - lambdaA: 0.011417525427028206
2021-02-12 05:51:54,929 - iavg: 0.0006097188158310912
2021-02-12 05:51:54,929 - Iavg: -0.0019996961309315738
2021-02-12 05:51:54,929 - IavgVector: [-0.        -0.        -0.0019997]
2021-02-12 05:51:54,929 - F: [ 8.8386569e-12 -9.5625469e-12  0.0000000e+00]
2021-02-12 05:51:54,929 - F magnitude: 1.3021680342870199e-11
2021-02-12 05:51:54,945 - ========================================
2021-02-12 05:51:54,945 - ===== Simulation data output for VNV Type 1b =====
2021-02-12 05:51:54,945 - ========================================
2021-02-12 05:51:54,945 - ---- Input values ----
2021-02-12 05:51:54,945 - V: [-5.92978276e-23  3.00000000e+04 -5.58744018e-29]
2021-02-12 05:51:54,946 - B: [4.782e-09 4.420e-09 0.000e+00]
2021-02-12 05:51:54,946 - l: L IS NOT YET OUTPUT
2021-02-12 05:51:54,946 - sigma: SIGMA IS NOT YET OUTPUT
2021-02-12 05:51:54,946 - A: A IS NOT YET OUTPUT
2021-02-12 05:51:54,946 - Ic: 0.002
2021-02-12 05:51:54,946 - L: GOODWILL

2021-02-12 05:51:54,946 - ---- Output values ----
2021-02-12 05:51:54,946 - Em: -0.00014346
2021-02-12 05:51:54,946 - I0: -3.2797021824
2021-02-12 05:51:54,946 - ic: -0.000609811467252326
2021-02-12 05:51:54,946 - lambdaA: 0.0114175254270282
2021-02-12 05:51:54,946 - iavg: 0.000609718815831091
2021-02-12 05:51:54,946 - Iavg: -0.00199969613093157
2021-02-12 05:51:54,946 - IavgVector: [-0.        -0.        -0.0019997  0.002    ]
2021-02-12 05:51:54,947 - F: [ 8.8386569e-12 -9.5625469e-12  0.0000000e+00]
2021-02-12 05:51:54,947 - F magnitude: 1.30216803428702e-11
2021-02-12 05:51:54,947 - ========================================
2021-02-12 05:51:54,947 - ===== Reference data output for VNV Type 1b =====
2021-02-12 05:51:54,947 - ========================================
2021-02-12 05:51:54,947 - ---- Input values ----
2021-02-12 05:51:54,947 - V: [    0 30000     0]
2021-02-12 05:51:54,947 - B: [4.782e-09 4.420e-09 0.000e+00]
2021-02-12 05:51:54,947 - l: [ 0  0 -1]
2021-02-12 05:51:54,947 - sigma: 48600000.0
2021-02-12 05:51:54,947 - A: 0.0004704
2021-02-12 05:51:54,947 - Ic: 0.002
2021-02-12 05:51:54,947 - L: 10

2021-02-12 05:51:54,947 - ---- Output values ----
2021-02-12 05:51:54,947 - Em: 0.00014346
2021-02-12 05:51:54,948 - I0: 3.2797021824000003
2021-02-12 05:51:54,948 - ic: 0.0006098114672523261
2021-02-12 05:51:54,948 - lambdaA: 0.011412884678320204
2021-02-12 05:51:54,948 - iavg: 0.0006093472288036737
2021-02-12 05:51:54,948 - Iavg: 0.0019984774361468008
2021-02-12 05:51:54,948 - IavgVector: [ 0.          0.         -0.00199848]
2021-02-12 05:51:54,948 - F: [ 8.83327027e-12 -9.55671910e-12  0.00000000e+00]
2021-02-12 05:51:54,948 - F magnitude: 1.3013744410166543e-11
2021-02-12 05:51:54,963 - ========================================
2021-02-12 05:51:54,964 - ===== Simulation data output for VNV Type 2a =====
2021-02-12 05:51:54,964 - ========================================
2021-02-12 05:51:54,964 - ---- Input values ----
2021-02-12 05:51:54,964 - V: [-3180. 16020. 18690.]
2021-02-12 05:51:54,964 - B: [ 1.41267e-09 -1.12623e-09 -5.21451e-09]
2021-02-12 05:51:54,964 - l: L IS NOT YET OUTPUT
2021-02-12 05:51:54,964 - sigma: SIGMA IS NOT YET OUTPUT
2021-02-12 05:51:54,964 - A: A IS NOT YET OUTPUT
2021-02-12 05:51:54,964 - Ic: 0.0372
2021-02-12 05:51:54,964 - L: GOODWILL

2021-02-12 05:51:54,964 - ---- Output values ----
2021-02-12 05:51:54,964 - Em: -1.9049562e-05
2021-02-12 05:51:54,964 - I0: -5.6691496512
2021-02-12 05:51:54,964 - ic: -0.00656183066046348
2021-02-12 05:51:54,964 - lambdaA: 0.0557594365801462
2021-02-12 05:51:54,964 - iavg: 0.00658308294817202
2021-02-12 05:51:54,965 - Iavg: -0.0373204823994501
2021-02-12 05:51:54,965 - IavgVector: [-0.         -0.         -0.03732048  0.0372    ]
2021-02-12 05:51:54,965 - F: [-4.20314469e-11 -5.27215259e-11  0.00000000e+00]
2021-02-12 05:51:54,965 - F magnitude: 6.742552794074e-11
2021-02-12 05:51:54,965 - ========================================
2021-02-12 05:51:54,965 - ===== Reference data output for VNV Type 2a =====
2021-02-12 05:51:54,965 - ========================================
2021-02-12 05:51:54,965 - ---- Input values ----
2021-02-12 05:51:54,965 - V: [-3180. 16020. 18690.]
2021-02-12 05:51:54,965 - B: [ 1.41267e-09 -1.12623e-09 -5.21451e-09]
2021-02-12 05:51:54,965 - l: [ 0.17583754  0.87544648 -0.45019399]
2021-02-12 05:51:54,965 - sigma: 59520000.0
2021-02-12 05:51:54,966 - A: 0.005
2021-02-12 05:51:54,966 - Ic: 0.0372
2021-02-12 05:51:54,966 - L: 531

2021-02-12 05:51:54,966 - ---- Output values ----
2021-02-12 05:51:54,966 - Em: 6.18586331905313e-06
2021-02-12 05:51:54,966 - I0: 1.8409129237502115
2021-02-12 05:51:54,966 - ic: 0.020207365334922036
2021-02-12 05:51:54,966 - lambdaA: 0.11697317146946196
2021-02-12 05:51:54,966 - iavg: 0.02000143393870115
2021-02-12 05:51:54,966 - Iavg: 0.03682089823129105
2021-02-12 05:51:54,966 - IavgVector: [ 0.0064745   0.03223473 -0.01657655]
2021-02-12 05:51:54,966 - F: [-1.86757304e-10  1.03441345e-11 -5.28288017e-11]
2021-02-12 05:51:54,966 - F magnitude: 1.943609371283146e-10
2021-02-12 05:51:54,966 - ========== whaaaaaaa =================

2021-02-12 05:51:54,966 - ========================================
2021-02-12 05:51:54,967 - ===== Reference data output for VNV Type  =====
2021-02-12 05:51:54,967 - ========================================
2021-02-12 05:51:54,967 - ---- Input values ----
2021-02-12 05:51:54,967 - V: [   0 7350    0]
2021-02-12 05:51:54,967 - B: [ 0.00e+00  0.00e+00 -1.75e-05]
2021-02-12 05:51:54,967 - l: [-1  0  0]
2021-02-12 05:51:54,967 - sigma: 34014000.0
2021-02-12 05:51:54,967 - A: 1.9635e-07
2021-02-12 05:51:54,967 - Ic: 1
2021-02-12 05:51:54,967 - L: 500

2021-02-12 05:51:54,967 - ---- Output values ----
2021-02-12 05:51:54,967 - Em: 0.128625
2021-02-12 05:51:54,967 - I0: 0.8590412147625001
2021-02-12 05:51:54,967 - ic: 1.1640885010115272
2021-02-12 05:51:54,967 - lambdaA: 0.9819684457059389
2021-02-12 05:51:54,967 - iavg: 0.48615527035397776
2021-02-12 05:51:54,967 - Iavg: 0.4176274140080727
2021-02-12 05:51:54,968 - IavgVector: [-0.41762741  0.          0.        ]
2021-02-12 05:51:54,968 - F: [-0.00000000e+00 -7.30847975e-06 -0.00000000e+00]
2021-02-12 05:51:54,968 - F magnitude: 7.308479745141272e-06
