2021-02-12 06:44:48,327 - ========================================
2021-02-12 06:44:48,327 - ===== Simulation data output for VNV Type 1a =====
2021-02-12 06:44:48,327 - ========================================
2021-02-12 06:44:48,327 - ---- Input values ----
2021-02-12 06:44:48,327 - V: [-5.92978276e-23  3.00000000e+04 -5.58744018e-29]
2021-02-12 06:44:48,328 - B: [4.782e-09 4.420e-09 0.000e+00]
2021-02-12 06:44:48,328 - l: [0. 0. 1.]
2021-02-12 06:44:48,328 - sigma: 48600000.0
2021-02-12 06:44:48,328 - A: 0.0004704
2021-02-12 06:44:48,328 - Ic: 0.002
2021-02-12 06:44:48,328 - L: 10.0

2021-02-12 06:44:48,328 - ---- Output values ----
2021-02-12 06:44:48,328 - Em: -0.00014346
2021-02-12 06:44:48,328 - I0: -3.2797021824
2021-02-12 06:44:48,328 - ic: -0.000609811467252326
2021-02-12 06:44:48,328 - lambdaA: 0.0114175254270282
2021-02-12 06:44:48,328 - iavg: 0.000609718815831091
2021-02-12 06:44:48,328 - Iavg: -0.00199969613093157
2021-02-12 06:44:48,328 - IavgVector: [-0.        -0.        -0.0019997]
2021-02-12 06:44:48,328 - F: [ 8.8386569e-12 -9.5625469e-12  0.0000000e+00]
2021-02-12 06:44:48,329 - F magnitude: 1.30216803428702e-11
2021-02-12 06:44:48,329 - ========================================
2021-02-12 06:44:48,329 - ===== Reference data output for VNV Type 1a =====
2021-02-12 06:44:48,329 - ========================================
2021-02-12 06:44:48,329 - ---- Input values ----
2021-02-12 06:44:48,329 - V: [    0 30000     0]
2021-02-12 06:44:48,329 - B: [4.782e-09 4.420e-09 0.000e+00]
2021-02-12 06:44:48,329 - l: [0 0 1]
2021-02-12 06:44:48,329 - sigma: 48600000.0
2021-02-12 06:44:48,329 - A: 0.0004704
2021-02-12 06:44:48,329 - Ic: 0.002
2021-02-12 06:44:48,329 - L: 10

2021-02-12 06:44:48,329 - ---- Output values ----
2021-02-12 06:44:48,329 - Em: -0.00014346
2021-02-12 06:44:48,329 - I0: -3.2797021824000003
2021-02-12 06:44:48,329 - ic: -0.0006098114672523261
2021-02-12 06:44:48,329 - lambdaA: 0.011417525427028206
2021-02-12 06:44:48,329 - iavg: 0.0006097188158310912
2021-02-12 06:44:48,329 - Iavg: -0.0019996961309315738
2021-02-12 06:44:48,330 - IavgVector: [-0.        -0.        -0.0019997]
2021-02-12 06:44:48,330 - F: [ 8.8386569e-12 -9.5625469e-12  0.0000000e+00]
2021-02-12 06:44:48,330 - F magnitude: 1.3021680342870199e-11
2021-02-12 06:44:48,346 - ========================================
2021-02-12 06:44:48,346 - ===== Simulation data output for VNV Type 1b =====
2021-02-12 06:44:48,346 - ========================================
2021-02-12 06:44:48,346 - ---- Input values ----
2021-02-12 06:44:48,347 - V: [-5.92978276e-23  3.00000000e+04 -5.58744018e-29]
2021-02-12 06:44:48,347 - B: [4.782e-09 4.420e-09 0.000e+00]
2021-02-12 06:44:48,347 - l: [0. 0. 1.]
2021-02-12 06:44:48,347 - sigma: 48600000.0
2021-02-12 06:44:48,347 - A: 0.0004704
2021-02-12 06:44:48,347 - Ic: 0.002
2021-02-12 06:44:48,347 - L: 10.0

2021-02-12 06:44:48,347 - ---- Output values ----
2021-02-12 06:44:48,347 - Em: -0.00014346
2021-02-12 06:44:48,347 - I0: -3.2797021824
2021-02-12 06:44:48,347 - ic: -0.000609811467252326
2021-02-12 06:44:48,347 - lambdaA: 0.0114175254270282
2021-02-12 06:44:48,347 - iavg: 0.000609718815831091
2021-02-12 06:44:48,347 - Iavg: -0.00199969613093157
2021-02-12 06:44:48,347 - IavgVector: [-0.        -0.        -0.0019997]
2021-02-12 06:44:48,348 - F: [ 8.8386569e-12 -9.5625469e-12  0.0000000e+00]
2021-02-12 06:44:48,348 - F magnitude: 1.30216803428702e-11
2021-02-12 06:44:48,348 - ========================================
2021-02-12 06:44:48,348 - ===== Reference data output for VNV Type 1b =====
2021-02-12 06:44:48,348 - ========================================
2021-02-12 06:44:48,348 - ---- Input values ----
2021-02-12 06:44:48,348 - V: [    0 30000     0]
2021-02-12 06:44:48,348 - B: [4.782e-09 4.420e-09 0.000e+00]
2021-02-12 06:44:48,348 - l: [ 0  0 -1]
2021-02-12 06:44:48,348 - sigma: 48600000.0
2021-02-12 06:44:48,348 - A: 0.0004704
2021-02-12 06:44:48,348 - Ic: 0.002
2021-02-12 06:44:48,348 - L: 10

2021-02-12 06:44:48,348 - ---- Output values ----
2021-02-12 06:44:48,348 - Em: 0.00014346
2021-02-12 06:44:48,348 - I0: 3.2797021824000003
2021-02-12 06:44:48,349 - ic: 0.0006098114672523261
2021-02-12 06:44:48,349 - lambdaA: 0.011412884678320204
2021-02-12 06:44:48,349 - iavg: 0.0006093472288036737
2021-02-12 06:44:48,349 - Iavg: 0.0019984774361468008
2021-02-12 06:44:48,349 - IavgVector: [ 0.          0.         -0.00199848]
2021-02-12 06:44:48,349 - F: [ 8.83327027e-12 -9.55671910e-12  0.00000000e+00]
2021-02-12 06:44:48,349 - F magnitude: 1.3013744410166543e-11
2021-02-12 06:44:48,366 - ========================================
2021-02-12 06:44:48,366 - ===== Simulation data output for VNV Type 2a =====
2021-02-12 06:44:48,366 - ========================================
2021-02-12 06:44:48,366 - ---- Input values ----
2021-02-12 06:44:48,366 - V: [-3180. 16020. 18690.]
2021-02-12 06:44:48,367 - B: [ 1.41267e-09 -1.12623e-09 -5.21451e-09]
2021-02-12 06:44:48,367 - l: [ 0.17583754  0.87544648 -0.45019399]
2021-02-12 06:44:48,367 - sigma: 59520000.0
2021-02-12 06:44:48,367 - A: 0.005
2021-02-12 06:44:48,367 - Ic: 0.0372
2021-02-12 06:44:48,367 - L: 531.0

2021-02-12 06:44:48,367 - ---- Output values ----
2021-02-12 06:44:48,367 - Em: 6.18586343891272e-06
2021-02-12 06:44:48,367 - I0: 1.84091295942042
2021-02-12 06:44:48,367 - ic: 0.0202073649433766
2021-02-12 06:44:48,367 - lambdaA: 0.116973169973874
2021-02-12 06:44:48,367 - iavg: 0.0200014335551242
2021-02-12 06:44:48,367 - Iavg: 0.0368208982386146
2021-02-12 06:44:48,367 - IavgVector: [ 0.0064745   0.03223473 -0.01657655]
2021-02-12 06:44:48,367 - F: [-1.86757304e-10  1.03441342e-11 -5.28288018e-11]
2021-02-12 06:44:48,367 - F magnitude: 1.94360937876862e-10
2021-02-12 06:44:48,368 - ========================================
2021-02-12 06:44:48,368 - ===== Reference data output for VNV Type 2a =====
2021-02-12 06:44:48,368 - ========================================
2021-02-12 06:44:48,368 - ---- Input values ----
2021-02-12 06:44:48,368 - V: [-3180. 16020. 18690.]
2021-02-12 06:44:48,368 - B: [ 1.41267e-09 -1.12623e-09 -5.21451e-09]
2021-02-12 06:44:48,368 - l: [ 0.17583754  0.87544648 -0.45019399]
2021-02-12 06:44:48,368 - sigma: 59520000.0
2021-02-12 06:44:48,368 - A: 0.005
2021-02-12 06:44:48,368 - Ic: 0.0372
2021-02-12 06:44:48,368 - L: 531

2021-02-12 06:44:48,368 - ---- Output values ----
2021-02-12 06:44:48,368 - Em: 6.18586331905313e-06
2021-02-12 06:44:48,368 - I0: 1.8409129237502115
2021-02-12 06:44:48,368 - ic: 0.020207365334922036
2021-02-12 06:44:48,368 - lambdaA: 0.11697317146946196
2021-02-12 06:44:48,369 - iavg: 0.02000143393870115
2021-02-12 06:44:48,369 - Iavg: 0.03682089823129105
2021-02-12 06:44:48,369 - IavgVector: [ 0.0064745   0.03223473 -0.01657655]
2021-02-12 06:44:48,369 - F: [-1.86757304e-10  1.03441345e-11 -5.28288017e-11]
2021-02-12 06:44:48,369 - F magnitude: 1.943609371283146e-10
2021-02-12 06:44:48,369 - ========== whaaaaaaa =================

2021-02-12 06:44:48,370 - ========================================
2021-02-12 06:44:48,370 - ===== Reference data output for VNV Type  =====
2021-02-12 06:44:48,370 - ========================================
2021-02-12 06:44:48,370 - ---- Input values ----
2021-02-12 06:44:48,370 - V: [   0 7350    0]
2021-02-12 06:44:48,370 - B: [ 0.00e+00  0.00e+00 -1.75e-05]
2021-02-12 06:44:48,370 - l: [-1  0  0]
2021-02-12 06:44:48,370 - sigma: 34014000.0
2021-02-12 06:44:48,370 - A: 1.9635e-07
2021-02-12 06:44:48,370 - Ic: 1
2021-02-12 06:44:48,370 - L: 500

2021-02-12 06:44:48,370 - ---- Output values ----
2021-02-12 06:44:48,370 - Em: 0.128625
2021-02-12 06:44:48,371 - I0: 0.8590412147625001
2021-02-12 06:44:48,371 - ic: 1.1640885010115272
2021-02-12 06:44:48,371 - lambdaA: 0.9819684457059389
2021-02-12 06:44:48,371 - iavg: 0.48615527035397776
2021-02-12 06:44:48,371 - Iavg: 0.4176274140080727
2021-02-12 06:44:48,371 - IavgVector: [-0.41762741  0.          0.        ]
2021-02-12 06:44:48,371 - F: [-0.00000000e+00 -7.30847975e-06 -0.00000000e+00]
2021-02-12 06:44:48,371 - F magnitude: 7.308479745141272e-06
