2021-02-12 06:58:04,090 - ========================================
2021-02-12 06:58:04,090 - ===== Simulation data output for VNV Type 1a =====
2021-02-12 06:58:04,090 - ========================================
2021-02-12 06:58:04,090 - ---- Input values ----
2021-02-12 06:58:04,090 - V: [-5.92978276e-23  3.00000000e+04 -5.58744018e-29]
2021-02-12 06:58:04,091 - B: [4.782e-09 4.420e-09 0.000e+00]
2021-02-12 06:58:04,091 - l: [0. 0. 1.]
2021-02-12 06:58:04,091 - sigma: 48600000.0
2021-02-12 06:58:04,091 - A: 0.0004704
2021-02-12 06:58:04,091 - Ic: 0.002
2021-02-12 06:58:04,091 - L: 10.0

2021-02-12 06:58:04,091 - ---- Output values ----
2021-02-12 06:58:04,091 - Em: -0.00014346
2021-02-12 06:58:04,091 - I0: -3.2797021824
2021-02-12 06:58:04,091 - ic: -0.000609811467252326
2021-02-12 06:58:04,091 - lambdaA: 0.0114175254270282
2021-02-12 06:58:04,092 - iavg: 0.000609718815831091
2021-02-12 06:58:04,092 - Iavg: -0.00199969613093157
2021-02-12 06:58:04,092 - IavgVector: [-0.        -0.        -0.0019997]
2021-02-12 06:58:04,092 - F: [ 8.8386569e-12 -9.5625469e-12  0.0000000e+00]
2021-02-12 06:58:04,092 - F magnitude: 1.30216803428702e-11
2021-02-12 06:58:04,092 - ========================================
2021-02-12 06:58:04,093 - ===== Reference data output for VNV Type 1a =====
2021-02-12 06:58:04,093 - ========================================
2021-02-12 06:58:04,093 - ---- Input values ----
2021-02-12 06:58:04,093 - V: [    0 30000     0]
2021-02-12 06:58:04,093 - B: [4.782e-09 4.420e-09 0.000e+00]
2021-02-12 06:58:04,093 - l: [0 0 1]
2021-02-12 06:58:04,093 - sigma: 48600000.0
2021-02-12 06:58:04,094 - A: 0.0004704
2021-02-12 06:58:04,094 - Ic: 0.002
2021-02-12 06:58:04,094 - L: 10

2021-02-12 06:58:04,094 - ---- Output values ----
2021-02-12 06:58:04,094 - Em: -0.00014346
2021-02-12 06:58:04,094 - I0: -3.2797021824000003
2021-02-12 06:58:04,094 - ic: -0.0006098114672523261
2021-02-12 06:58:04,094 - lambdaA: 0.011417525427028206
2021-02-12 06:58:04,094 - iavg: 0.0006097188158310912
2021-02-12 06:58:04,094 - Iavg: -0.0019996961309315738
2021-02-12 06:58:04,094 - IavgVector: [-0.        -0.        -0.0019997]
2021-02-12 06:58:04,095 - F: [ 8.8386569e-12 -9.5625469e-12  0.0000000e+00]
2021-02-12 06:58:04,095 - F magnitude: 1.3021680342870199e-11
2021-02-12 06:58:04,125 - ========================================
2021-02-12 06:58:04,125 - ===== Simulation data output for VNV Type 1b =====
2021-02-12 06:58:04,125 - ========================================
2021-02-12 06:58:04,125 - ---- Input values ----
2021-02-12 06:58:04,126 - V: [-5.92978276e-23  3.00000000e+04 -5.58744018e-29]
2021-02-12 06:58:04,126 - B: [4.782e-09 4.420e-09 0.000e+00]
2021-02-12 06:58:04,126 - l: [0. 0. 1.]
2021-02-12 06:58:04,126 - sigma: 48600000.0
2021-02-12 06:58:04,126 - A: 0.0004704
2021-02-12 06:58:04,126 - Ic: 0.002
2021-02-12 06:58:04,126 - L: 10.0

2021-02-12 06:58:04,126 - ---- Output values ----
2021-02-12 06:58:04,127 - Em: -0.00014346
2021-02-12 06:58:04,127 - I0: -3.2797021824
2021-02-12 06:58:04,127 - ic: -0.000609811467252326
2021-02-12 06:58:04,127 - lambdaA: 0.0114175254270282
2021-02-12 06:58:04,127 - iavg: 0.000609718815831091
2021-02-12 06:58:04,127 - Iavg: -0.00199969613093157
2021-02-12 06:58:04,127 - IavgVector: [-0.        -0.        -0.0019997]
2021-02-12 06:58:04,127 - F: [ 8.8386569e-12 -9.5625469e-12  0.0000000e+00]
2021-02-12 06:58:04,128 - F magnitude: 1.30216803428702e-11
2021-02-12 06:58:04,128 - ========================================
2021-02-12 06:58:04,128 - ===== Reference data output for VNV Type 1b =====
2021-02-12 06:58:04,128 - ========================================
2021-02-12 06:58:04,128 - ---- Input values ----
2021-02-12 06:58:04,128 - V: [    0 30000     0]
2021-02-12 06:58:04,128 - B: [4.782e-09 4.420e-09 0.000e+00]
2021-02-12 06:58:04,128 - l: [ 0  0 -1]
2021-02-12 06:58:04,129 - sigma: 48600000.0
2021-02-12 06:58:04,129 - A: 0.0004704
2021-02-12 06:58:04,129 - Ic: 0.002
2021-02-12 06:58:04,129 - L: 10

2021-02-12 06:58:04,129 - ---- Output values ----
2021-02-12 06:58:04,129 - Em: 0.00014346
2021-02-12 06:58:04,129 - I0: 3.2797021824000003
2021-02-12 06:58:04,129 - ic: 0.0006098114672523261
2021-02-12 06:58:04,129 - lambdaA: 0.011412884678320204
2021-02-12 06:58:04,129 - iavg: 0.0006093472288036737
2021-02-12 06:58:04,129 - Iavg: 0.0019984774361468008
2021-02-12 06:58:04,129 - IavgVector: [ 0.          0.         -0.00199848]
2021-02-12 06:58:04,130 - F: [ 8.83327027e-12 -9.55671910e-12  0.00000000e+00]
2021-02-12 06:58:04,130 - F magnitude: 1.3013744410166543e-11
2021-02-12 06:58:04,161 - ========================================
2021-02-12 06:58:04,161 - ===== Simulation data output for VNV Type 2a =====
2021-02-12 06:58:04,161 - ========================================
2021-02-12 06:58:04,161 - ---- Input values ----
2021-02-12 06:58:04,162 - V: [-3180. 16020. 18690.]
2021-02-12 06:58:04,162 - B: [ 1.41267e-09 -1.12623e-09 -5.21451e-09]
2021-02-12 06:58:04,162 - l: [ 0.17583754  0.87544648 -0.45019399]
2021-02-12 06:58:04,162 - sigma: 59520000.0
2021-02-12 06:58:04,162 - A: 0.005
2021-02-12 06:58:04,162 - Ic: 0.0372
2021-02-12 06:58:04,162 - L: 531.0

2021-02-12 06:58:04,162 - ---- Output values ----
2021-02-12 06:58:04,162 - Em: 6.18586343891272e-06
2021-02-12 06:58:04,162 - I0: 1.84091295942042
2021-02-12 06:58:04,162 - ic: 0.0202073649433766
2021-02-12 06:58:04,163 - lambdaA: 0.116973169973874
2021-02-12 06:58:04,163 - iavg: 0.0200014335551242
2021-02-12 06:58:04,163 - Iavg: 0.0368208982386146
2021-02-12 06:58:04,163 - IavgVector: [ 0.0064745   0.03223473 -0.01657655]
2021-02-12 06:58:04,163 - F: [-1.86757304e-10  1.03441342e-11 -5.28288018e-11]
2021-02-12 06:58:04,163 - F magnitude: 1.94360937876862e-10
2021-02-12 06:58:04,163 - ========================================
2021-02-12 06:58:04,163 - ===== Reference data output for VNV Type 2a =====
2021-02-12 06:58:04,163 - ========================================
2021-02-12 06:58:04,163 - ---- Input values ----
2021-02-12 06:58:04,163 - V: [-3180. 16020. 18690.]
2021-02-12 06:58:04,164 - B: [ 1.41267e-09 -1.12623e-09 -5.21451e-09]
2021-02-12 06:58:04,164 - l: [ 0.17583754  0.87544648 -0.45019399]
2021-02-12 06:58:04,164 - sigma: 59520000.0
2021-02-12 06:58:04,164 - A: 0.005
2021-02-12 06:58:04,164 - Ic: 0.0372
2021-02-12 06:58:04,164 - L: 531

2021-02-12 06:58:04,164 - ---- Output values ----
2021-02-12 06:58:04,164 - Em: 6.18586331905313e-06
2021-02-12 06:58:04,164 - I0: 1.8409129237502115
2021-02-12 06:58:04,164 - ic: 0.020207365334922036
2021-02-12 06:58:04,164 - lambdaA: 0.11697317146946196
2021-02-12 06:58:04,164 - iavg: 0.02000143393870115
2021-02-12 06:58:04,165 - Iavg: 0.03682089823129105
2021-02-12 06:58:04,165 - IavgVector: [ 0.0064745   0.03223473 -0.01657655]
2021-02-12 06:58:04,165 - F: [-1.86757304e-10  1.03441345e-11 -5.28288017e-11]
2021-02-12 06:58:04,165 - F magnitude: 1.943609371283146e-10
2021-02-12 06:58:04,165 - ========== whaaaaaaa =================

2021-02-12 06:58:04,166 - ========================================
2021-02-12 06:58:04,166 - ===== Reference data output for VNV Type  =====
2021-02-12 06:58:04,166 - ========================================
2021-02-12 06:58:04,166 - ---- Input values ----
2021-02-12 06:58:04,166 - V: [   0 7350    0]
2021-02-12 06:58:04,166 - B: [ 0.00e+00  0.00e+00 -1.75e-05]
2021-02-12 06:58:04,166 - l: [-1  0  0]
2021-02-12 06:58:04,166 - sigma: 34014000.0
2021-02-12 06:58:04,166 - A: 1.9635e-07
2021-02-12 06:58:04,166 - Ic: 1
2021-02-12 06:58:04,167 - L: 500

2021-02-12 06:58:04,167 - ---- Output values ----
2021-02-12 06:58:04,167 - Em: 0.128625
2021-02-12 06:58:04,167 - I0: 0.8590412147625001
2021-02-12 06:58:04,167 - ic: 1.1640885010115272
2021-02-12 06:58:04,167 - lambdaA: 0.9819684457059389
2021-02-12 06:58:04,167 - iavg: 0.48615527035397776
2021-02-12 06:58:04,167 - Iavg: 0.4176274140080727
2021-02-12 06:58:04,167 - IavgVector: [-0.41762741  0.          0.        ]
2021-02-12 06:58:04,167 - F: [-0.00000000e+00 -7.30847975e-06 -0.00000000e+00]
2021-02-12 06:58:04,168 - F magnitude: 7.308479745141272e-06
