2021-06-19 15:19:20,013 - ========================================
2021-06-19 15:19:20,013 - ===== Simulation data output for VNV Type 1a =====
2021-06-19 15:19:20,013 - ========================================
2021-06-19 15:19:20,013 - ---- Input values ----
2021-06-19 15:19:20,013 - V: [-1.39090863e-09  3.00000000e+04  0.00000000e+00]
2021-06-19 15:19:20,014 - B: [4.782e-09 4.420e-09 0.000e+00]
2021-06-19 15:19:20,014 - l: [0. 0. 1.]
2021-06-19 15:19:20,014 - sigma: 48600000.0
2021-06-19 15:19:20,014 - A: 0.0004704
2021-06-19 15:19:20,014 - Ic: 0.002
2021-06-19 15:19:20,014 - L: 10.0

2021-06-19 15:19:20,014 - ---- Output values ----
2021-06-19 15:19:20,014 - Em: -0.000143460000000003
2021-06-19 15:19:20,014 - I0: -3.27970218240007
2021-06-19 15:19:20,014 - ic: -0.000609811467252312
2021-06-19 15:19:20,014 - lambdaA: 0.011417525427028
2021-06-19 15:19:20,014 - iavg: 0.000609718815831077
2021-06-19 15:19:20,014 - Iavg: -0.00199969613093157
2021-06-19 15:19:20,014 - IavgVector: [0.        0.        0.0019997]
2021-06-19 15:19:20,015 - F: [-8.8386569e-11  9.5625469e-11  0.0000000e+00]
2021-06-19 15:19:20,015 - F magnitude: 1.30216803428702e-10
2021-06-19 15:19:20,015 - ========================================
2021-06-19 15:19:20,015 - ===== Reference data output for VNV Type 1a =====
2021-06-19 15:19:20,015 - ========================================
2021-06-19 15:19:20,015 - ---- Input values ----
2021-06-19 15:19:20,015 - V: [    0 30000     0]
2021-06-19 15:19:20,015 - B: [4.782e-09 4.420e-09 0.000e+00]
2021-06-19 15:19:20,015 - l: [0 0 1]
2021-06-19 15:19:20,015 - sigma: 48600000.0
2021-06-19 15:19:20,015 - A: 0.0004704
2021-06-19 15:19:20,015 - Ic: 0.002
2021-06-19 15:19:20,015 - L: 10

2021-06-19 15:19:20,015 - ---- Output values ----
2021-06-19 15:19:20,016 - Em: -0.00014346
2021-06-19 15:19:20,016 - I0: -3.2797021824000003
2021-06-19 15:19:20,016 - ic: -0.0006098114672523261
2021-06-19 15:19:20,016 - lambdaA: 0.011417525427028206
2021-06-19 15:19:20,016 - iavg: 0.0006097188158310912
2021-06-19 15:19:20,016 - Iavg: -0.0019996961309315738
2021-06-19 15:19:20,016 - IavgVector: [0.        0.        0.0019997]
2021-06-19 15:19:20,016 - F: [-8.8386569e-11  9.5625469e-11  0.0000000e+00]
2021-06-19 15:19:20,016 - F magnitude: 1.30216803428702e-10
2021-06-19 15:19:20,020 - ========================================
2021-06-19 15:19:20,020 - ===== Simulation data output for VNV Type 1b =====
2021-06-19 15:19:20,020 - ========================================
2021-06-19 15:19:20,020 - ---- Input values ----
2021-06-19 15:19:20,020 - V: [-1.39090863e-09  3.00000000e+04  0.00000000e+00]
2021-06-19 15:19:20,020 - B: [4.782e-09 4.420e-09 0.000e+00]
2021-06-19 15:19:20,021 - l: [ 0.  0. -1.]
2021-06-19 15:19:20,021 - sigma: 48600000.0
2021-06-19 15:19:20,021 - A: 0.0004704
2021-06-19 15:19:20,021 - Ic: 0.002
2021-06-19 15:19:20,021 - L: 10.0

2021-06-19 15:19:20,021 - ---- Output values ----
2021-06-19 15:19:20,021 - Em: 0.000143460000000003
2021-06-19 15:19:20,021 - I0: 3.27970218240007
2021-06-19 15:19:20,021 - ic: 0.000609811467252312
2021-06-19 15:19:20,021 - lambdaA: 0.01141288467832
2021-06-19 15:19:20,021 - iavg: 0.00060934722880366
2021-06-19 15:19:20,021 - Iavg: 0.0019984774361468
2021-06-19 15:19:20,021 - IavgVector: [ 0.          0.         -0.00199848]
2021-06-19 15:19:20,021 - F: [ 8.83327027e-11 -9.55671910e-11  0.00000000e+00]
2021-06-19 15:19:20,021 - F magnitude: 1.30137444101665e-10
2021-06-19 15:19:20,022 - ========================================
2021-06-19 15:19:20,022 - ===== Reference data output for VNV Type 1b =====
2021-06-19 15:19:20,022 - ========================================
2021-06-19 15:19:20,022 - ---- Input values ----
2021-06-19 15:19:20,022 - V: [    0 30000     0]
2021-06-19 15:19:20,022 - B: [4.782e-09 4.420e-09 0.000e+00]
2021-06-19 15:19:20,022 - l: [ 0  0 -1]
2021-06-19 15:19:20,022 - sigma: 48600000.0
2021-06-19 15:19:20,022 - A: 0.0004704
2021-06-19 15:19:20,022 - Ic: 0.002
2021-06-19 15:19:20,022 - L: 10

2021-06-19 15:19:20,022 - ---- Output values ----
2021-06-19 15:19:20,022 - Em: 0.00014346
2021-06-19 15:19:20,022 - I0: 3.2797021824000003
2021-06-19 15:19:20,022 - ic: 0.0006098114672523261
2021-06-19 15:19:20,022 - lambdaA: 0.011412884678320204
2021-06-19 15:19:20,023 - iavg: 0.0006093472288036737
2021-06-19 15:19:20,023 - Iavg: 0.0019984774361468008
2021-06-19 15:19:20,023 - IavgVector: [ 0.          0.         -0.00199848]
2021-06-19 15:19:20,023 - F: [ 8.83327027e-11 -9.55671910e-11  0.00000000e+00]
2021-06-19 15:19:20,023 - F magnitude: 1.301374441016654e-10
2021-06-19 15:19:20,027 - ========================================
2021-06-19 15:19:20,028 - ===== Simulation data output for VNV Type 2a =====
2021-06-19 15:19:20,028 - ========================================
2021-06-19 15:19:20,028 - ---- Input values ----
2021-06-19 15:19:20,028 - V: [-3180.00000001 16020.         18690.        ]
2021-06-19 15:19:20,028 - B: [ 1.413 -1.126 -5.215]
2021-06-19 15:19:20,028 - l: [ 0.17583754  0.87544648 -0.45019399]
2021-06-19 15:19:20,028 - sigma: 59520000.0
2021-06-19 15:19:20,029 - A: 0.005
2021-06-19 15:19:20,029 - Ic: 0.0372
2021-06-19 15:19:20,029 - L: 531.0

2021-06-19 15:19:20,029 - ---- Output values ----
2021-06-19 15:19:20,029 - Em: 6190.47191451967
2021-06-19 15:19:20,029 - I0: 1842284441.76105
2021-06-19 15:19:20,029 - ic: 2.01923216397791e-11
2021-06-19 15:19:20,029 - lambdaA: 1.17709315456045e-07
2021-06-19 15:19:20,029 - iavg: 2.01923216377848e-11
2021-06-19 15:19:20,029 - Iavg: 0.0371999999963259
2021-06-19 15:19:20,029 - IavgVector: [ 0.00654116  0.03256661 -0.01674722]
2021-06-19 15:19:20,030 - F: [-100.19557514    5.54805488  -28.34582118]
2021-06-19 15:19:20,030 - F magnitude: 104.275691172719
2021-06-19 15:19:20,030 - ========================================
2021-06-19 15:19:20,030 - ===== Reference data output for VNV Type 2a =====
2021-06-19 15:19:20,030 - ========================================
2021-06-19 15:19:20,030 - ---- Input values ----
2021-06-19 15:19:20,030 - V: [-3180 16020 18690]
2021-06-19 15:19:20,030 - B: [ 1.413 -1.126 -5.215]
2021-06-19 15:19:20,030 - l: [ 1.76e-10  8.75e-10 -4.50e-10]
2021-06-19 15:19:20,030 - sigma: 59520000.0
2021-06-19 15:19:20,030 - A: 0.005
2021-06-19 15:19:20,030 - Ic: 0.0372
2021-06-19 15:19:20,030 - L: 531

2021-06-19 15:19:20,030 - ---- Output values ----
2021-06-19 15:19:20,031 - Em: 6.172234890000002e-06
2021-06-19 15:19:20,031 - I0: 1.8368571032640006
2021-06-19 15:19:20,031 - ic: 0.020251983637647974
2021-06-19 15:19:20,031 - lambdaA: 0.11714353430866414
2021-06-19 15:19:20,031 - iavg: 0.020045143202969927
2021-06-19 15:19:20,031 - Iavg: 0.036820063678319415
2021-06-19 15:19:20,031 - IavgVector: [ 6.48033121e-12  3.22175557e-11 -1.65690287e-11]
2021-06-19 15:19:20,031 - F: [-9.91224493e-08  5.51331446e-09 -2.80475576e-08]
2021-06-19 15:19:20,031 - F magnitude: 1.0316163087899298e-07
2021-06-19 15:19:20,032 - ========== whaaaaaaa =================

2021-06-19 15:19:20,032 - ========================================
2021-06-19 15:19:20,032 - ===== Reference data output for VNV Type  =====
2021-06-19 15:19:20,032 - ========================================
2021-06-19 15:19:20,032 - ---- Input values ----
2021-06-19 15:19:20,032 - V: [   0 7350    0]
2021-06-19 15:19:20,032 - B: [ 0.00e+00  0.00e+00 -1.75e-05]
2021-06-19 15:19:20,033 - l: [-1  0  0]
2021-06-19 15:19:20,033 - sigma: 34014000.0
2021-06-19 15:19:20,033 - A: 1.9635e-07
2021-06-19 15:19:20,033 - Ic: 0.01
2021-06-19 15:19:20,033 - L: 500

2021-06-19 15:19:20,033 - ---- Output values ----
2021-06-19 15:19:20,033 - Em: 0.128625
2021-06-19 15:19:20,033 - I0: 0.8590412147625001
2021-06-19 15:19:20,033 - ic: 0.011640885010115272
2021-06-19 15:19:20,033 - lambdaA: 0.08121829767790473
2021-06-19 15:19:20,033 - iavg: 0.011572377948277951
2021-06-19 15:19:20,033 - Iavg: 0.009941149610379459
2021-06-19 15:19:20,033 - IavgVector: [-0.00994115  0.          0.        ]
2021-06-19 15:19:20,033 - F: [-0.00000000e+00 -8.69850591e-05 -0.00000000e+00]
2021-06-19 15:19:20,033 - F magnitude: 8.698505909082026e-05
