2021-02-12 05:50:58,321 - ========================================
2021-02-12 05:50:58,321 - ===== Simulation data output for VNV Type 1a =====
2021-02-12 05:50:58,321 - ========================================
2021-02-12 05:50:58,321 - ---- Input values ----
2021-02-12 05:50:58,321 - V: [-2.79372009e-49 -5.92978276e-23  3.00000000e+04]
2021-02-12 05:50:58,322 - B: [6.91524e-319 4.78200e-009 4.42000e-009]
2021-02-12 05:50:58,322 - l: L IS NOT YET OUTPUT
2021-02-12 05:50:58,322 - sigma: SIGMA IS NOT YET OUTPUT
2021-02-12 05:50:58,322 - A: A IS NOT YET OUTPUT
2021-02-12 05:50:58,322 - Ic: -0.00199969613093157
2021-02-12 05:50:58,322 - L: GOODWILL

2021-02-12 05:50:58,322 - ---- Output values ----
2021-02-12 05:50:58,322 - Em: -0.00014346
2021-02-12 05:50:58,322 - I0: -3.2797021824
2021-02-12 05:50:58,322 - ic: -0.000609811467252326
2021-02-12 05:50:58,322 - lambdaA: 0.0114175254270282
2021-02-12 05:50:58,322 - iavg: 0.000609718815831091
2021-02-12 05:50:58,322 - Iavg: -0.00199969613093157
2021-02-12 05:50:58,323 - IavgVector: [-0.        -0.        -0.0019997  0.002    ]
2021-02-12 05:50:58,323 - F: [ 8.8386569e-12 -9.5625469e-12  0.0000000e+00]
2021-02-12 05:50:58,323 - F magnitude: 1.30216803428702e-11
2021-02-12 05:50:58,323 - ========================================
2021-02-12 05:50:58,323 - ===== Reference data output for VNV Type 1a =====
2021-02-12 05:50:58,323 - ========================================
2021-02-12 05:50:58,323 - ---- Input values ----
2021-02-12 05:50:58,323 - V: [    0 30000     0]
2021-02-12 05:50:58,323 - B: [4.782e-09 4.420e-09 0.000e+00]
2021-02-12 05:50:58,323 - l: [0 0 1]
2021-02-12 05:50:58,324 - sigma: 48600000.0
2021-02-12 05:50:58,324 - A: 0.0004704
2021-02-12 05:50:58,324 - Ic: 0.002
2021-02-12 05:50:58,324 - L: 10

2021-02-12 05:50:58,324 - ---- Output values ----
2021-02-12 05:50:58,324 - Em: -0.00014346
2021-02-12 05:50:58,324 - I0: -3.2797021824000003
2021-02-12 05:50:58,324 - ic: -0.0006098114672523261
2021-02-12 05:50:58,324 - lambdaA: 0.011417525427028206
2021-02-12 05:50:58,324 - iavg: 0.0006097188158310912
2021-02-12 05:50:58,324 - Iavg: -0.0019996961309315738
2021-02-12 05:50:58,324 - IavgVector: [-0.        -0.        -0.0019997]
2021-02-12 05:50:58,324 - F: [ 8.8386569e-12 -9.5625469e-12  0.0000000e+00]
2021-02-12 05:50:58,325 - F magnitude: 1.3021680342870199e-11
2021-02-12 05:50:58,343 - ========================================
2021-02-12 05:50:58,343 - ===== Simulation data output for VNV Type 1b =====
2021-02-12 05:50:58,343 - ========================================
2021-02-12 05:50:58,343 - ---- Input values ----
2021-02-12 05:50:58,343 - V: [-2.79372009e-49 -5.92978276e-23  3.00000000e+04]
2021-02-12 05:50:58,343 - B: [6.95205e-319 4.78200e-009 4.42000e-009]
2021-02-12 05:50:58,343 - l: L IS NOT YET OUTPUT
2021-02-12 05:50:58,343 - sigma: SIGMA IS NOT YET OUTPUT
2021-02-12 05:50:58,343 - A: A IS NOT YET OUTPUT
2021-02-12 05:50:58,343 - Ic: -0.00199969613093157
2021-02-12 05:50:58,344 - L: GOODWILL

2021-02-12 05:50:58,344 - ---- Output values ----
2021-02-12 05:50:58,344 - Em: -0.00014346
2021-02-12 05:50:58,344 - I0: -3.2797021824
2021-02-12 05:50:58,344 - ic: -0.000609811467252326
2021-02-12 05:50:58,344 - lambdaA: 0.0114175254270282
2021-02-12 05:50:58,344 - iavg: 0.000609718815831091
2021-02-12 05:50:58,344 - Iavg: -0.00199969613093157
2021-02-12 05:50:58,344 - IavgVector: [-0.        -0.        -0.0019997  0.002    ]
2021-02-12 05:50:58,344 - F: [ 8.8386569e-12 -9.5625469e-12  0.0000000e+00]
2021-02-12 05:50:58,344 - F magnitude: 1.30216803428702e-11
2021-02-12 05:50:58,344 - ========================================
2021-02-12 05:50:58,344 - ===== Reference data output for VNV Type 1b =====
2021-02-12 05:50:58,344 - ========================================
2021-02-12 05:50:58,344 - ---- Input values ----
2021-02-12 05:50:58,345 - V: [    0 30000     0]
2021-02-12 05:50:58,345 - B: [4.782e-09 4.420e-09 0.000e+00]
2021-02-12 05:50:58,345 - l: [ 0  0 -1]
2021-02-12 05:50:58,345 - sigma: 48600000.0
2021-02-12 05:50:58,345 - A: 0.0004704
2021-02-12 05:50:58,345 - Ic: 0.002
2021-02-12 05:50:58,345 - L: 10

2021-02-12 05:50:58,345 - ---- Output values ----
2021-02-12 05:50:58,345 - Em: 0.00014346
2021-02-12 05:50:58,345 - I0: 3.2797021824000003
2021-02-12 05:50:58,345 - ic: 0.0006098114672523261
2021-02-12 05:50:58,345 - lambdaA: 0.011412884678320204
2021-02-12 05:50:58,345 - iavg: 0.0006093472288036737
2021-02-12 05:50:58,345 - Iavg: 0.0019984774361468008
2021-02-12 05:50:58,346 - IavgVector: [ 0.          0.         -0.00199848]
2021-02-12 05:50:58,346 - F: [ 8.83327027e-12 -9.55671910e-12  0.00000000e+00]
2021-02-12 05:50:58,346 - F magnitude: 1.3013744410166543e-11
2021-02-12 05:50:58,362 - ========================================
2021-02-12 05:50:58,362 - ===== Simulation data output for VNV Type 2a =====
2021-02-12 05:50:58,362 - ========================================
2021-02-12 05:50:58,362 - ---- Input values ----
2021-02-12 05:50:58,362 - V: [ 1.869e-16 -3.180e+03  1.602e+04]
2021-02-12 05:50:58,362 - B: [ 6.90338e-319  1.41267e-009 -1.12623e-009]
2021-02-12 05:50:58,362 - l: L IS NOT YET OUTPUT
2021-02-12 05:50:58,362 - sigma: SIGMA IS NOT YET OUTPUT
2021-02-12 05:50:58,363 - A: A IS NOT YET OUTPUT
2021-02-12 05:50:58,363 - Ic: -0.0373204823994501
2021-02-12 05:50:58,363 - L: GOODWILL

2021-02-12 05:50:58,363 - ---- Output values ----
2021-02-12 05:50:58,363 - Em: -1.9049562e-05
2021-02-12 05:50:58,363 - I0: -5.6691496512
2021-02-12 05:50:58,363 - ic: -0.00656183066046348
2021-02-12 05:50:58,363 - lambdaA: 0.0557594365801462
2021-02-12 05:50:58,363 - iavg: 0.00658308294817202
2021-02-12 05:50:58,363 - Iavg: -0.0373204823994501
2021-02-12 05:50:58,363 - IavgVector: [-0.         -0.         -0.03732048  0.0372    ]
2021-02-12 05:50:58,363 - F: [-4.20314469e-11 -5.27215259e-11  0.00000000e+00]
2021-02-12 05:50:58,364 - F magnitude: 6.742552794074e-11
2021-02-12 05:50:58,364 - ========================================
2021-02-12 05:50:58,364 - ===== Reference data output for VNV Type 2a =====
2021-02-12 05:50:58,364 - ========================================
2021-02-12 05:50:58,364 - ---- Input values ----
2021-02-12 05:50:58,364 - V: [-3180. 16020. 18690.]
2021-02-12 05:50:58,364 - B: [ 1.41267e-09 -1.12623e-09 -5.21451e-09]
2021-02-12 05:50:58,364 - l: [ 0.17583754  0.87544648 -0.45019399]
2021-02-12 05:50:58,364 - sigma: 59520000.0
2021-02-12 05:50:58,364 - A: 0.005
2021-02-12 05:50:58,364 - Ic: 0.0372
2021-02-12 05:50:58,364 - L: 531

2021-02-12 05:50:58,364 - ---- Output values ----
2021-02-12 05:50:58,365 - Em: 6.18586331905313e-06
2021-02-12 05:50:58,365 - I0: 1.8409129237502115
2021-02-12 05:50:58,365 - ic: 0.020207365334922036
2021-02-12 05:50:58,365 - lambdaA: 0.11697317146946196
2021-02-12 05:50:58,365 - iavg: 0.02000143393870115
2021-02-12 05:50:58,365 - Iavg: 0.03682089823129105
2021-02-12 05:50:58,365 - IavgVector: [ 0.0064745   0.03223473 -0.01657655]
2021-02-12 05:50:58,365 - F: [-1.86757304e-10  1.03441345e-11 -5.28288017e-11]
2021-02-12 05:50:58,365 - F magnitude: 1.943609371283146e-10
2021-02-12 05:50:58,365 - ========== whaaaaaaa =================

2021-02-12 05:50:58,365 - ========================================
2021-02-12 05:50:58,365 - ===== Reference data output for VNV Type  =====
2021-02-12 05:50:58,366 - ========================================
2021-02-12 05:50:58,366 - ---- Input values ----
2021-02-12 05:50:58,366 - V: [   0 7350    0]
2021-02-12 05:50:58,366 - B: [ 0.00e+00  0.00e+00 -1.75e-05]
2021-02-12 05:50:58,366 - l: [-1  0  0]
2021-02-12 05:50:58,366 - sigma: 34014000.0
2021-02-12 05:50:58,366 - A: 1.9635e-07
2021-02-12 05:50:58,366 - Ic: 1
2021-02-12 05:50:58,366 - L: 500

2021-02-12 05:50:58,366 - ---- Output values ----
2021-02-12 05:50:58,366 - Em: 0.128625
2021-02-12 05:50:58,366 - I0: 0.8590412147625001
2021-02-12 05:50:58,366 - ic: 1.1640885010115272
2021-02-12 05:50:58,366 - lambdaA: 0.9819684457059389
2021-02-12 05:50:58,366 - iavg: 0.48615527035397776
2021-02-12 05:50:58,367 - Iavg: 0.4176274140080727
2021-02-12 05:50:58,367 - IavgVector: [-0.41762741  0.          0.        ]
2021-02-12 05:50:58,367 - F: [-0.00000000e+00 -7.30847975e-06 -0.00000000e+00]
2021-02-12 05:50:58,367 - F magnitude: 7.308479745141272e-06
