2021-02-12 06:50:01,129 - ========================================
2021-02-12 06:50:01,129 - ===== Simulation data output for VNV Type 1a =====
2021-02-12 06:50:01,129 - ========================================
2021-02-12 06:50:01,130 - ---- Input values ----
2021-02-12 06:50:01,130 - V: [-5.92978276e-23  3.00000000e+04 -5.58744018e-29]
2021-02-12 06:50:01,130 - B: [4.782e-09 4.420e-09 0.000e+00]
2021-02-12 06:50:01,130 - l: [0. 0. 1.]
2021-02-12 06:50:01,130 - sigma: 48600000.0
2021-02-12 06:50:01,130 - A: 0.0004704
2021-02-12 06:50:01,130 - Ic: 0.002
2021-02-12 06:50:01,130 - L: 10.0

2021-02-12 06:50:01,130 - ---- Output values ----
2021-02-12 06:50:01,131 - Em: -0.00014346
2021-02-12 06:50:01,131 - I0: -3.2797021824
2021-02-12 06:50:01,131 - ic: -0.000609811467252326
2021-02-12 06:50:01,131 - lambdaA: 0.0114175254270282
2021-02-12 06:50:01,131 - iavg: 0.000609718815831091
2021-02-12 06:50:01,131 - Iavg: -0.00199969613093157
2021-02-12 06:50:01,131 - IavgVector: [-0.        -0.        -0.0019997]
2021-02-12 06:50:01,131 - F: [ 8.8386569e-12 -9.5625469e-12  0.0000000e+00]
2021-02-12 06:50:01,131 - F magnitude: 1.30216803428702e-11
2021-02-12 06:50:01,131 - ========================================
2021-02-12 06:50:01,131 - ===== Reference data output for VNV Type 1a =====
2021-02-12 06:50:01,131 - ========================================
2021-02-12 06:50:01,131 - ---- Input values ----
2021-02-12 06:50:01,132 - V: [    0 30000     0]
2021-02-12 06:50:01,132 - B: [4.782e-09 4.420e-09 0.000e+00]
2021-02-12 06:50:01,132 - l: [0 0 1]
2021-02-12 06:50:01,132 - sigma: 48600000.0
2021-02-12 06:50:01,132 - A: 0.0004704
2021-02-12 06:50:01,132 - Ic: 0.002
2021-02-12 06:50:01,132 - L: 10

2021-02-12 06:50:01,132 - ---- Output values ----
2021-02-12 06:50:01,132 - Em: -0.00014346
2021-02-12 06:50:01,132 - I0: -3.2797021824000003
2021-02-12 06:50:01,132 - ic: -0.0006098114672523261
2021-02-12 06:50:01,132 - lambdaA: 0.011417525427028206
2021-02-12 06:50:01,133 - iavg: 0.0006097188158310912
2021-02-12 06:50:01,133 - Iavg: -0.0019996961309315738
2021-02-12 06:50:01,133 - IavgVector: [-0.        -0.        -0.0019997]
2021-02-12 06:50:01,133 - F: [ 8.8386569e-12 -9.5625469e-12  0.0000000e+00]
2021-02-12 06:50:01,133 - F magnitude: 1.3021680342870199e-11
2021-02-12 06:50:01,150 - ========================================
2021-02-12 06:50:01,150 - ===== Simulation data output for VNV Type 1b =====
2021-02-12 06:50:01,150 - ========================================
2021-02-12 06:50:01,150 - ---- Input values ----
2021-02-12 06:50:01,151 - V: [-5.92978276e-23  3.00000000e+04 -5.58744018e-29]
2021-02-12 06:50:01,151 - B: [4.782e-09 4.420e-09 0.000e+00]
2021-02-12 06:50:01,151 - l: [0. 0. 1.]
2021-02-12 06:50:01,151 - sigma: 48600000.0
2021-02-12 06:50:01,151 - A: 0.0004704
2021-02-12 06:50:01,151 - Ic: 0.002
2021-02-12 06:50:01,151 - L: 10.0

2021-02-12 06:50:01,151 - ---- Output values ----
2021-02-12 06:50:01,151 - Em: -0.00014346
2021-02-12 06:50:01,151 - I0: -3.2797021824
2021-02-12 06:50:01,151 - ic: -0.000609811467252326
2021-02-12 06:50:01,151 - lambdaA: 0.0114175254270282
2021-02-12 06:50:01,152 - iavg: 0.000609718815831091
2021-02-12 06:50:01,152 - Iavg: -0.00199969613093157
2021-02-12 06:50:01,152 - IavgVector: [-0.        -0.        -0.0019997]
2021-02-12 06:50:01,152 - F: [ 8.8386569e-12 -9.5625469e-12  0.0000000e+00]
2021-02-12 06:50:01,152 - F magnitude: 1.30216803428702e-11
2021-02-12 06:50:01,152 - ========================================
2021-02-12 06:50:01,152 - ===== Reference data output for VNV Type 1b =====
2021-02-12 06:50:01,152 - ========================================
2021-02-12 06:50:01,152 - ---- Input values ----
2021-02-12 06:50:01,152 - V: [    0 30000     0]
2021-02-12 06:50:01,153 - B: [4.782e-09 4.420e-09 0.000e+00]
2021-02-12 06:50:01,153 - l: [ 0  0 -1]
2021-02-12 06:50:01,153 - sigma: 48600000.0
2021-02-12 06:50:01,153 - A: 0.0004704
2021-02-12 06:50:01,153 - Ic: 0.002
2021-02-12 06:50:01,153 - L: 10

2021-02-12 06:50:01,153 - ---- Output values ----
2021-02-12 06:50:01,153 - Em: 0.00014346
2021-02-12 06:50:01,153 - I0: 3.2797021824000003
2021-02-12 06:50:01,153 - ic: 0.0006098114672523261
2021-02-12 06:50:01,153 - lambdaA: 0.011412884678320204
2021-02-12 06:50:01,153 - iavg: 0.0006093472288036737
2021-02-12 06:50:01,153 - Iavg: 0.0019984774361468008
2021-02-12 06:50:01,154 - IavgVector: [ 0.          0.         -0.00199848]
2021-02-12 06:50:01,154 - F: [ 8.83327027e-12 -9.55671910e-12  0.00000000e+00]
2021-02-12 06:50:01,154 - F magnitude: 1.3013744410166543e-11
2021-02-12 06:50:01,178 - ========================================
2021-02-12 06:50:01,179 - ===== Simulation data output for VNV Type 2a =====
2021-02-12 06:50:01,179 - ========================================
2021-02-12 06:50:01,179 - ---- Input values ----
2021-02-12 06:50:01,179 - V: [-3180. 16020. 18690.]
2021-02-12 06:50:01,179 - B: [ 1.41267e-09 -1.12623e-09 -5.21451e-09]
2021-02-12 06:50:01,179 - l: [ 0.17583754  0.87544648 -0.45019399]
2021-02-12 06:50:01,179 - sigma: 59520000.0
2021-02-12 06:50:01,179 - A: 0.005
2021-02-12 06:50:01,179 - Ic: 0.0372
2021-02-12 06:50:01,179 - L: 531.0

2021-02-12 06:50:01,179 - ---- Output values ----
2021-02-12 06:50:01,179 - Em: 6.18586343891272e-06
2021-02-12 06:50:01,179 - I0: 1.84091295942042
2021-02-12 06:50:01,180 - ic: 0.0202073649433766
2021-02-12 06:50:01,180 - lambdaA: 0.116973169973874
2021-02-12 06:50:01,180 - iavg: 0.0200014335551242
2021-02-12 06:50:01,180 - Iavg: 0.0368208982386146
2021-02-12 06:50:01,180 - IavgVector: [ 0.0064745   0.03223473 -0.01657655]
2021-02-12 06:50:01,180 - F: [-1.86757304e-10  1.03441342e-11 -5.28288018e-11]
2021-02-12 06:50:01,180 - F magnitude: 1.94360937876862e-10
2021-02-12 06:50:01,180 - ========================================
2021-02-12 06:50:01,180 - ===== Reference data output for VNV Type 2a =====
2021-02-12 06:50:01,180 - ========================================
2021-02-12 06:50:01,180 - ---- Input values ----
2021-02-12 06:50:01,180 - V: [-3180. 16020. 18690.]
2021-02-12 06:50:01,180 - B: [ 1.41267e-09 -1.12623e-09 -5.21451e-09]
2021-02-12 06:50:01,181 - l: [ 0.17583754  0.87544648 -0.45019399]
2021-02-12 06:50:01,181 - sigma: 59520000.0
2021-02-12 06:50:01,181 - A: 0.005
2021-02-12 06:50:01,181 - Ic: 0.0372
2021-02-12 06:50:01,181 - L: 531

2021-02-12 06:50:01,181 - ---- Output values ----
2021-02-12 06:50:01,181 - Em: 6.18586331905313e-06
2021-02-12 06:50:01,181 - I0: 1.8409129237502115
2021-02-12 06:50:01,181 - ic: 0.020207365334922036
2021-02-12 06:50:01,181 - lambdaA: 0.11697317146946196
2021-02-12 06:50:01,181 - iavg: 0.02000143393870115
2021-02-12 06:50:01,181 - Iavg: 0.03682089823129105
2021-02-12 06:50:01,181 - IavgVector: [ 0.0064745   0.03223473 -0.01657655]
2021-02-12 06:50:01,181 - F: [-1.86757304e-10  1.03441345e-11 -5.28288017e-11]
2021-02-12 06:50:01,181 - F magnitude: 1.943609371283146e-10
2021-02-12 06:50:01,189 - ========== whaaaaaaa =================

2021-02-12 06:50:01,190 - ========================================
2021-02-12 06:50:01,190 - ===== Reference data output for VNV Type  =====
2021-02-12 06:50:01,190 - ========================================
2021-02-12 06:50:01,190 - ---- Input values ----
2021-02-12 06:50:01,190 - V: [   0 7350    0]
2021-02-12 06:50:01,190 - B: [ 0.00e+00  0.00e+00 -1.75e-05]
2021-02-12 06:50:01,190 - l: [-1  0  0]
2021-02-12 06:50:01,190 - sigma: 34014000.0
2021-02-12 06:50:01,190 - A: 1.9635e-07
2021-02-12 06:50:01,190 - Ic: 1
2021-02-12 06:50:01,190 - L: 500

2021-02-12 06:50:01,190 - ---- Output values ----
2021-02-12 06:50:01,190 - Em: 0.128625
2021-02-12 06:50:01,190 - I0: 0.8590412147625001
2021-02-12 06:50:01,191 - ic: 1.1640885010115272
2021-02-12 06:50:01,191 - lambdaA: 0.9819684457059389
2021-02-12 06:50:01,191 - iavg: 0.48615527035397776
2021-02-12 06:50:01,191 - Iavg: 0.4176274140080727
2021-02-12 06:50:01,191 - IavgVector: [-0.41762741  0.          0.        ]
2021-02-12 06:50:01,191 - F: [-0.00000000e+00 -7.30847975e-06 -0.00000000e+00]
2021-02-12 06:50:01,191 - F magnitude: 7.308479745141272e-06
