2021-02-12 06:33:23,500 - ========================================
2021-02-12 06:33:23,500 - ===== Simulation data output for VNV Type 1a =====
2021-02-12 06:33:23,500 - ========================================
2021-02-12 06:33:23,500 - ---- Input values ----
2021-02-12 06:33:23,500 - V: [-5.92978276e-23  3.00000000e+04 -5.58744018e-29]
2021-02-12 06:33:23,501 - B: [4.782e-09 4.420e-09 0.000e+00]
2021-02-12 06:33:23,501 - l: [0. 0. 1.]
2021-02-12 06:33:23,501 - sigma: 48600000.0
2021-02-12 06:33:23,501 - A: 0.0004704
2021-02-12 06:33:23,501 - Ic: 0.002
2021-02-12 06:33:23,501 - L: 10.0

2021-02-12 06:33:23,501 - ---- Output values ----
2021-02-12 06:33:23,501 - Em: -0.00014346
2021-02-12 06:33:23,501 - I0: -3.2797021824
2021-02-12 06:33:23,501 - ic: -0.000609811467252326
2021-02-12 06:33:23,501 - lambdaA: 0.0114175254270282
2021-02-12 06:33:23,501 - iavg: 0.000609718815831091
2021-02-12 06:33:23,501 - Iavg: -0.00199969613093157
2021-02-12 06:33:23,502 - IavgVector: [-0.        -0.        -0.0019997]
2021-02-12 06:33:23,502 - F: [ 8.8386569e-12 -9.5625469e-12  0.0000000e+00]
2021-02-12 06:33:23,502 - F magnitude: 1.30216803428702e-11
2021-02-12 06:33:23,502 - ========================================
2021-02-12 06:33:23,502 - ===== Reference data output for VNV Type 1a =====
2021-02-12 06:33:23,503 - ========================================
2021-02-12 06:33:23,503 - ---- Input values ----
2021-02-12 06:33:23,503 - V: [    0 30000     0]
2021-02-12 06:33:23,503 - B: [4.782e-09 4.420e-09 0.000e+00]
2021-02-12 06:33:23,503 - l: [0 0 1]
2021-02-12 06:33:23,503 - sigma: 48600000.0
2021-02-12 06:33:23,503 - A: 0.0004704
2021-02-12 06:33:23,503 - Ic: 0.002
2021-02-12 06:33:23,503 - L: 10

2021-02-12 06:33:23,503 - ---- Output values ----
2021-02-12 06:33:23,503 - Em: -0.00014346
2021-02-12 06:33:23,503 - I0: -3.2797021824000003
2021-02-12 06:33:23,504 - ic: -0.0006098114672523261
2021-02-12 06:33:23,504 - lambdaA: 0.011417525427028206
2021-02-12 06:33:23,504 - iavg: 0.0006097188158310912
2021-02-12 06:33:23,504 - Iavg: -0.0019996961309315738
2021-02-12 06:33:23,504 - IavgVector: [-0.        -0.        -0.0019997]
2021-02-12 06:33:23,504 - F: [ 8.8386569e-12 -9.5625469e-12  0.0000000e+00]
2021-02-12 06:33:23,504 - F magnitude: 1.3021680342870199e-11
2021-02-12 06:33:23,525 - ========================================
2021-02-12 06:33:23,526 - ===== Simulation data output for VNV Type 1b =====
2021-02-12 06:33:23,526 - ========================================
2021-02-12 06:33:23,526 - ---- Input values ----
2021-02-12 06:33:23,526 - V: [-5.92978276e-23  3.00000000e+04 -5.58744018e-29]
2021-02-12 06:33:23,526 - B: [4.782e-09 4.420e-09 0.000e+00]
2021-02-12 06:33:23,526 - l: [0. 0. 1.]
2021-02-12 06:33:23,526 - sigma: 48600000.0
2021-02-12 06:33:23,527 - A: 0.0004704
2021-02-12 06:33:23,527 - Ic: 0.002
2021-02-12 06:33:23,527 - L: 10.0

2021-02-12 06:33:23,527 - ---- Output values ----
2021-02-12 06:33:23,527 - Em: -0.00014346
2021-02-12 06:33:23,527 - I0: -3.2797021824
2021-02-12 06:33:23,527 - ic: -0.000609811467252326
2021-02-12 06:33:23,527 - lambdaA: 0.0114175254270282
2021-02-12 06:33:23,527 - iavg: 0.000609718815831091
2021-02-12 06:33:23,527 - Iavg: -0.00199969613093157
2021-02-12 06:33:23,527 - IavgVector: [-0.        -0.        -0.0019997]
2021-02-12 06:33:23,527 - F: [ 8.8386569e-12 -9.5625469e-12  0.0000000e+00]
2021-02-12 06:33:23,528 - F magnitude: 1.30216803428702e-11
2021-02-12 06:33:23,528 - ========================================
2021-02-12 06:33:23,528 - ===== Reference data output for VNV Type 1b =====
2021-02-12 06:33:23,528 - ========================================
2021-02-12 06:33:23,528 - ---- Input values ----
2021-02-12 06:33:23,528 - V: [    0 30000     0]
2021-02-12 06:33:23,529 - B: [4.782e-09 4.420e-09 0.000e+00]
2021-02-12 06:33:23,529 - l: [ 0  0 -1]
2021-02-12 06:33:23,529 - sigma: 48600000.0
2021-02-12 06:33:23,529 - A: 0.0004704
2021-02-12 06:33:23,529 - Ic: 0.002
2021-02-12 06:33:23,529 - L: 10

2021-02-12 06:33:23,529 - ---- Output values ----
2021-02-12 06:33:23,529 - Em: 0.00014346
2021-02-12 06:33:23,529 - I0: 3.2797021824000003
2021-02-12 06:33:23,529 - ic: 0.0006098114672523261
2021-02-12 06:33:23,529 - lambdaA: 0.011412884678320204
2021-02-12 06:33:23,529 - iavg: 0.0006093472288036737
2021-02-12 06:33:23,529 - Iavg: 0.0019984774361468008
2021-02-12 06:33:23,529 - IavgVector: [ 0.          0.         -0.00199848]
2021-02-12 06:33:23,530 - F: [ 8.83327027e-12 -9.55671910e-12  0.00000000e+00]
2021-02-12 06:33:23,530 - F magnitude: 1.3013744410166543e-11
2021-02-12 06:33:23,547 - ========================================
2021-02-12 06:33:23,547 - ===== Simulation data output for VNV Type 2a =====
2021-02-12 06:33:23,547 - ========================================
2021-02-12 06:33:23,547 - ---- Input values ----
2021-02-12 06:33:23,547 - V: [-3180. 16020. 18690.]
2021-02-12 06:33:23,548 - B: [ 1.41267e-09 -1.12623e-09 -5.21451e-09]
2021-02-12 06:33:23,548 - l: [ 0.17583754  0.87544648 -0.45019399]
2021-02-12 06:33:23,548 - sigma: 59520000.0
2021-02-12 06:33:23,548 - A: 0.005
2021-02-12 06:33:23,548 - Ic: 0.0372
2021-02-12 06:33:23,548 - L: 531.0

2021-02-12 06:33:23,548 - ---- Output values ----
2021-02-12 06:33:23,548 - Em: 6.18586343891272e-06
2021-02-12 06:33:23,548 - I0: 1.84091295942042
2021-02-12 06:33:23,548 - ic: 0.0202073649433766
2021-02-12 06:33:23,548 - lambdaA: 0.116973169973874
2021-02-12 06:33:23,548 - iavg: 0.0200014335551242
2021-02-12 06:33:23,548 - Iavg: 0.0368208982386146
2021-02-12 06:33:23,548 - IavgVector: [ 0.0064745   0.03223473 -0.01657655]
2021-02-12 06:33:23,549 - F: [-1.86757304e-10  1.03441342e-11 -5.28288018e-11]
2021-02-12 06:33:23,549 - F magnitude: 1.94360937876862e-10
2021-02-12 06:33:23,549 - ========================================
2021-02-12 06:33:23,549 - ===== Reference data output for VNV Type 2a =====
2021-02-12 06:33:23,549 - ========================================
2021-02-12 06:33:23,549 - ---- Input values ----
2021-02-12 06:33:23,550 - V: [-3180. 16020. 18690.]
2021-02-12 06:33:23,550 - B: [ 1.41267e-09 -1.12623e-09 -5.21451e-09]
2021-02-12 06:33:23,550 - l: [ 0.17583754  0.87544648 -0.45019399]
2021-02-12 06:33:23,550 - sigma: 59520000.0
2021-02-12 06:33:23,550 - A: 0.005
2021-02-12 06:33:23,550 - Ic: 0.0372
2021-02-12 06:33:23,550 - L: 531

2021-02-12 06:33:23,550 - ---- Output values ----
2021-02-12 06:33:23,550 - Em: 6.18586331905313e-06
2021-02-12 06:33:23,550 - I0: 1.8409129237502115
2021-02-12 06:33:23,550 - ic: 0.020207365334922036
2021-02-12 06:33:23,550 - lambdaA: 0.11697317146946196
2021-02-12 06:33:23,550 - iavg: 0.02000143393870115
2021-02-12 06:33:23,551 - Iavg: 0.03682089823129105
2021-02-12 06:33:23,551 - IavgVector: [ 0.0064745   0.03223473 -0.01657655]
2021-02-12 06:33:23,551 - F: [-1.86757304e-10  1.03441345e-11 -5.28288017e-11]
2021-02-12 06:33:23,551 - F magnitude: 1.943609371283146e-10
2021-02-12 06:33:23,551 - ========== whaaaaaaa =================

2021-02-12 06:33:23,551 - ========================================
2021-02-12 06:33:23,551 - ===== Reference data output for VNV Type  =====
2021-02-12 06:33:23,551 - ========================================
2021-02-12 06:33:23,551 - ---- Input values ----
2021-02-12 06:33:23,551 - V: [   0 7350    0]
2021-02-12 06:33:23,552 - B: [ 0.00e+00  0.00e+00 -1.75e-05]
2021-02-12 06:33:23,552 - l: [-1  0  0]
2021-02-12 06:33:23,552 - sigma: 34014000.0
2021-02-12 06:33:23,552 - A: 1.9635e-07
2021-02-12 06:33:23,552 - Ic: 1
2021-02-12 06:33:23,552 - L: 500

2021-02-12 06:33:23,552 - ---- Output values ----
2021-02-12 06:33:23,552 - Em: 0.128625
2021-02-12 06:33:23,552 - I0: 0.8590412147625001
2021-02-12 06:33:23,552 - ic: 1.1640885010115272
2021-02-12 06:33:23,552 - lambdaA: 0.9819684457059389
2021-02-12 06:33:23,552 - iavg: 0.48615527035397776
2021-02-12 06:33:23,552 - Iavg: 0.4176274140080727
2021-02-12 06:33:23,553 - IavgVector: [-0.41762741  0.          0.        ]
2021-02-12 06:33:23,553 - F: [-0.00000000e+00 -7.30847975e-06 -0.00000000e+00]
2021-02-12 06:33:23,553 - F magnitude: 7.308479745141272e-06
