2021-06-19 15:00:11,629 - ========================================
2021-06-19 15:00:11,629 - ===== Simulation data output for VNV Type 1a =====
2021-06-19 15:00:11,629 - ========================================
2021-06-19 15:00:11,629 - ---- Input values ----
2021-06-19 15:00:11,630 - V: [-21718.45790572  20497.19214515      0.        ]
2021-06-19 15:00:11,630 - B: [4.782e-09 4.420e-09 0.000e+00]
2021-06-19 15:00:11,630 - l: [0. 0. 1.]
2021-06-19 15:00:11,630 - sigma: 48600000.0
2021-06-19 15:00:11,630 - A: 0.0004704
2021-06-19 15:00:11,630 - Ic: 0.002
2021-06-19 15:00:11,630 - L: 10.0

2021-06-19 15:00:11,630 - ---- Output values ----
2021-06-19 15:00:11,630 - Em: -0.000194013385979829
2021-06-19 15:00:11,630 - I0: -4.43542538277471
2021-06-19 15:00:11,630 - ic: -0.000450915036868198
2021-06-19 15:00:11,630 - lambdaA: 0.00933573277100532
2021-06-19 15:00:11,630 - iavg: 0.00045084827619833
2021-06-19 15:00:11,630 - Iavg: -0.0019997038880303
2021-06-19 15:00:11,631 - IavgVector: [0.        0.        0.0019997]
2021-06-19 15:00:11,631 - F: [-8.83869119e-11  9.56258399e-11  0.00000000e+00]
2021-06-19 15:00:11,631 - F magnitude: 1.04173846846199e-10
2021-06-19 15:00:11,631 - ========================================
2021-06-19 15:00:11,631 - ===== Reference data output for VNV Type 1a =====
2021-06-19 15:00:11,631 - ========================================
2021-06-19 15:00:11,631 - ---- Input values ----
2021-06-19 15:00:11,631 - V: [    0 30000     0]
2021-06-19 15:00:11,631 - B: [4.782e-09 4.420e-09 0.000e+00]
2021-06-19 15:00:11,631 - l: [0 0 1]
2021-06-19 15:00:11,631 - sigma: 48600000.0
2021-06-19 15:00:11,631 - A: 0.0004704
2021-06-19 15:00:11,631 - Ic: 0.002
2021-06-19 15:00:11,631 - L: 10

2021-06-19 15:00:11,631 - ---- Output values ----
2021-06-19 15:00:11,632 - Em: -0.00014346
2021-06-19 15:00:11,632 - I0: -3.2797021824000003
2021-06-19 15:00:11,632 - ic: -0.0006098114672523261
2021-06-19 15:00:11,632 - lambdaA: 0.011417525427028206
2021-06-19 15:00:11,632 - iavg: 0.0006097188158310912
2021-06-19 15:00:11,632 - Iavg: -0.0019996961309315738
2021-06-19 15:00:11,632 - IavgVector: [0.        0.        0.0019997]
2021-06-19 15:00:11,632 - F: [-8.8386569e-12  9.5625469e-12  0.0000000e+00]
2021-06-19 15:00:11,632 - F magnitude: 1.30216803428702e-11
2021-06-19 15:00:11,635 - ========================================
2021-06-19 15:00:11,636 - ===== Simulation data output for VNV Type 1b =====
2021-06-19 15:00:11,636 - ========================================
2021-06-19 15:00:11,636 - ---- Input values ----
2021-06-19 15:00:11,636 - V: [-21718.45790268  20497.19214217      0.        ]
2021-06-19 15:00:11,636 - B: [4.782e-09 4.420e-09 0.000e+00]
2021-06-19 15:00:11,636 - l: [ 0.  0. -1.]
2021-06-19 15:00:11,636 - sigma: 48600000.0
2021-06-19 15:00:11,636 - A: 0.0004704
2021-06-19 15:00:11,636 - Ic: 0.002
2021-06-19 15:00:11,636 - L: 10.0

2021-06-19 15:00:11,636 - ---- Output values ----
2021-06-19 15:00:11,636 - Em: 0.000194013385952151
2021-06-19 15:00:11,636 - I0: 4.43542538214194
2021-06-19 15:00:11,636 - ic: 0.000450915036932527
2021-06-19 15:00:11,636 - lambdaA: 0.00933292677876342
2021-06-19 15:00:11,637 - iavg: 0.000450645078418565
2021-06-19 15:00:11,637 - Iavg: 0.00199880261915505
2021-06-19 15:00:11,637 - IavgVector: [ 0.         0.        -0.0019988]
2021-06-19 15:00:11,637 - F: [ 8.83470758e-11 -9.55827412e-11  0.00000000e+00]
2021-06-19 15:00:11,637 - F magnitude: 1.04126895571893e-10
2021-06-19 15:00:11,637 - ========================================
2021-06-19 15:00:11,637 - ===== Reference data output for VNV Type 1b =====
2021-06-19 15:00:11,637 - ========================================
2021-06-19 15:00:11,637 - ---- Input values ----
2021-06-19 15:00:11,637 - V: [    0 30000     0]
2021-06-19 15:00:11,637 - B: [4.782e-09 4.420e-09 0.000e+00]
2021-06-19 15:00:11,637 - l: [ 0  0 -1]
2021-06-19 15:00:11,637 - sigma: 48600000.0
2021-06-19 15:00:11,638 - A: 0.0004704
2021-06-19 15:00:11,638 - Ic: 0.002
2021-06-19 15:00:11,638 - L: 10

2021-06-19 15:00:11,638 - ---- Output values ----
2021-06-19 15:00:11,638 - Em: 0.00014346
2021-06-19 15:00:11,638 - I0: 3.2797021824000003
2021-06-19 15:00:11,638 - ic: 0.0006098114672523261
2021-06-19 15:00:11,638 - lambdaA: 0.011412884678320204
2021-06-19 15:00:11,638 - iavg: 0.0006093472288036737
2021-06-19 15:00:11,638 - Iavg: 0.0019984774361468008
2021-06-19 15:00:11,638 - IavgVector: [ 0.          0.         -0.00199848]
2021-06-19 15:00:11,638 - F: [ 8.83327027e-12 -9.55671910e-12  0.00000000e+00]
2021-06-19 15:00:11,638 - F magnitude: 1.3013744410166541e-11
2021-06-19 15:00:11,642 - ========================================
2021-06-19 15:00:11,642 - ===== Simulation data output for VNV Type 2a =====
2021-06-19 15:00:11,642 - ========================================
2021-06-19 15:00:11,642 - ---- Input values ----
2021-06-19 15:00:11,642 - V: [-98316.89232982 -16325.91061666 -20916.0886186 ]
2021-06-19 15:00:11,642 - B: [ 1.413 -1.126 -5.215]
2021-06-19 15:00:11,642 - l: [ 0.17583754  0.87544648 -0.45019399]
2021-06-19 15:00:11,642 - sigma: 59520000.0
2021-06-19 15:00:11,642 - A: 0.005
2021-06-19 15:00:11,642 - Ic: 0.0372
2021-06-19 15:00:11,643 - L: 531.0

2021-06-19 15:00:11,643 - ---- Output values ----
2021-06-19 15:00:11,643 - Em: -524130.34943698
2021-06-19 15:00:11,643 - I0: -155981191992.445
2021-06-19 15:00:11,643 - ic: -2.38490291841094e-13
2021-06-19 15:00:11,643 - lambdaA: 6.10473946107502e-09
2021-06-19 15:00:11,643 - iavg: 2.38490291840026e-13
2021-06-19 15:00:11,643 - Iavg: -0.0371999999998334
2021-06-19 15:00:11,643 - IavgVector: [ 0.00654116  0.03256661 -0.01674722]
2021-06-19 15:00:11,643 - F: [-100.19557515    5.54805488  -28.34582119]
2021-06-19 15:00:11,643 - F magnitude: 83.4205529460404
2021-06-19 15:00:11,643 - ========================================
2021-06-19 15:00:11,643 - ===== Reference data output for VNV Type 2a =====
2021-06-19 15:00:11,643 - ========================================
2021-06-19 15:00:11,643 - ---- Input values ----
2021-06-19 15:00:11,643 - V: [-3180 16020 18690]
2021-06-19 15:00:11,644 - B: [ 1.413 -1.126 -5.215]
2021-06-19 15:00:11,644 - l: [ 0.176  0.875 -0.45 ]
2021-06-19 15:00:11,644 - sigma: 59520000.0
2021-06-19 15:00:11,644 - A: 0.005
2021-06-19 15:00:11,644 - Ic: 0.0372
2021-06-19 15:00:11,644 - L: 531

2021-06-19 15:00:11,644 - ---- Output values ----
2021-06-19 15:00:11,644 - Em: 6172.234890000002
2021-06-19 15:00:11,644 - I0: 1836857103.264001
2021-06-19 15:00:11,644 - ic: 2.025198363764797e-11
2021-06-19 15:00:11,644 - lambdaA: 1.1794106424441946e-07
2021-06-19 15:00:11,644 - iavg: 2.025198363564365e-11
2021-06-19 15:00:11,644 - Iavg: 0.037199999996318345
2021-06-19 15:00:11,644 - IavgVector: [ 0.0065472  0.03255   -0.01674  ]
2021-06-19 15:00:11,644 - F: [-0.18859749  0.01049003 -0.0533653 ]
2021-06-19 15:00:11,645 - F magnitude: 0.19628272684920406
2021-06-19 15:00:11,645 - ========== whaaaaaaa =================

2021-06-19 15:00:11,645 - ========================================
2021-06-19 15:00:11,645 - ===== Reference data output for VNV Type  =====
2021-06-19 15:00:11,645 - ========================================
2021-06-19 15:00:11,645 - ---- Input values ----
2021-06-19 15:00:11,645 - V: [   0 7350    0]
2021-06-19 15:00:11,645 - B: [ 0.00e+00  0.00e+00 -1.75e-05]
2021-06-19 15:00:11,646 - l: [-1  0  0]
2021-06-19 15:00:11,646 - sigma: 34014000.0
2021-06-19 15:00:11,646 - A: 1.9635e-07
2021-06-19 15:00:11,646 - Ic: 0.01
2021-06-19 15:00:11,646 - L: 500

2021-06-19 15:00:11,646 - ---- Output values ----
2021-06-19 15:00:11,646 - Em: 0.128625
2021-06-19 15:00:11,646 - I0: 0.8590412147625001
2021-06-19 15:00:11,646 - ic: 0.011640885010115272
2021-06-19 15:00:11,646 - lambdaA: 0.08121829767790473
2021-06-19 15:00:11,646 - iavg: 0.011572377948277951
2021-06-19 15:00:11,646 - Iavg: 0.009941149610379459
2021-06-19 15:00:11,646 - IavgVector: [-0.00994115  0.          0.        ]
2021-06-19 15:00:11,646 - F: [-0.00000000e+00 -1.73970118e-07 -0.00000000e+00]
2021-06-19 15:00:11,646 - F magnitude: 1.7397011818164052e-07
