2021-02-12 07:27:55,574 - ========================================
2021-02-12 07:27:55,574 - ===== Simulation data output for VNV Type 1a =====
2021-02-12 07:27:55,574 - ========================================
2021-02-12 07:27:55,575 - ---- Input values ----
2021-02-12 07:27:55,575 - V: [-5.92978276e-23  3.00000000e+04 -5.58744018e-29]
2021-02-12 07:27:55,575 - B: [4.782e-09 4.420e-09 0.000e+00]
2021-02-12 07:27:55,575 - l: [0. 0. 1.]
2021-02-12 07:27:55,575 - sigma: 48600000.0
2021-02-12 07:27:55,575 - A: 0.0004704
2021-02-12 07:27:55,575 - Ic: 0.002
2021-02-12 07:27:55,575 - L: 10.0

2021-02-12 07:27:55,575 - ---- Output values ----
2021-02-12 07:27:55,575 - Em: -0.00014346
2021-02-12 07:27:55,575 - I0: -3.2797021824
2021-02-12 07:27:55,575 - ic: -0.000609811467252326
2021-02-12 07:27:55,575 - lambdaA: 0.0114175254270282
2021-02-12 07:27:55,575 - iavg: 0.000609718815831091
2021-02-12 07:27:55,575 - Iavg: -0.00199969613093157
2021-02-12 07:27:55,576 - IavgVector: [-0.        -0.        -0.0019997]
2021-02-12 07:27:55,576 - F: [ 8.8386569e-12 -9.5625469e-12  0.0000000e+00]
2021-02-12 07:27:55,576 - F magnitude: 1.30216803428702e-11
2021-02-12 07:27:55,576 - ========================================
2021-02-12 07:27:55,576 - ===== Reference data output for VNV Type 1a =====
2021-02-12 07:27:55,576 - ========================================
2021-02-12 07:27:55,576 - ---- Input values ----
2021-02-12 07:27:55,576 - V: [    0 30000     0]
2021-02-12 07:27:55,576 - B: [4.782e-09 4.420e-09 0.000e+00]
2021-02-12 07:27:55,576 - l: [0 0 1]
2021-02-12 07:27:55,576 - sigma: 48600000.0
2021-02-12 07:27:55,577 - A: 0.0004704
2021-02-12 07:27:55,577 - Ic: 0.002
2021-02-12 07:27:55,577 - L: 10

2021-02-12 07:27:55,577 - ---- Output values ----
2021-02-12 07:27:55,577 - Em: -0.00014346
2021-02-12 07:27:55,577 - I0: -3.2797021824000003
2021-02-12 07:27:55,577 - ic: -0.0006098114672523261
2021-02-12 07:27:55,577 - lambdaA: 0.011417525427028206
2021-02-12 07:27:55,577 - iavg: 0.0006097188158310912
2021-02-12 07:27:55,577 - Iavg: -0.0019996961309315738
2021-02-12 07:27:55,577 - IavgVector: [-0.        -0.        -0.0019997]
2021-02-12 07:27:55,577 - F: [ 8.8386569e-12 -9.5625469e-12  0.0000000e+00]
2021-02-12 07:27:55,577 - F magnitude: 1.3021680342870199e-11
2021-02-12 07:27:55,595 - ========================================
2021-02-12 07:27:55,595 - ===== Simulation data output for VNV Type 1b =====
2021-02-12 07:27:55,595 - ========================================
2021-02-12 07:27:55,595 - ---- Input values ----
2021-02-12 07:27:55,595 - V: [-5.92978276e-23  3.00000000e+04 -5.58744018e-29]
2021-02-12 07:27:55,595 - B: [4.782e-09 4.420e-09 0.000e+00]
2021-02-12 07:27:55,595 - l: [0. 0. 1.]
2021-02-12 07:27:55,595 - sigma: 48600000.0
2021-02-12 07:27:55,595 - A: 0.0004704
2021-02-12 07:27:55,595 - Ic: 0.002
2021-02-12 07:27:55,595 - L: 10.0

2021-02-12 07:27:55,595 - ---- Output values ----
2021-02-12 07:27:55,595 - Em: -0.00014346
2021-02-12 07:27:55,595 - I0: -3.2797021824
2021-02-12 07:27:55,596 - ic: -0.000609811467252326
2021-02-12 07:27:55,596 - lambdaA: 0.0114175254270282
2021-02-12 07:27:55,596 - iavg: 0.000609718815831091
2021-02-12 07:27:55,596 - Iavg: -0.00199969613093157
2021-02-12 07:27:55,596 - IavgVector: [-0.        -0.        -0.0019997]
2021-02-12 07:27:55,596 - F: [ 8.8386569e-12 -9.5625469e-12  0.0000000e+00]
2021-02-12 07:27:55,596 - F magnitude: 1.30216803428702e-11
2021-02-12 07:27:55,596 - ========================================
2021-02-12 07:27:55,596 - ===== Reference data output for VNV Type 1b =====
2021-02-12 07:27:55,596 - ========================================
2021-02-12 07:27:55,596 - ---- Input values ----
2021-02-12 07:27:55,596 - V: [    0 30000     0]
2021-02-12 07:27:55,596 - B: [4.782e-09 4.420e-09 0.000e+00]
2021-02-12 07:27:55,596 - l: [ 0  0 -1]
2021-02-12 07:27:55,596 - sigma: 48600000.0
2021-02-12 07:27:55,597 - A: 0.0004704
2021-02-12 07:27:55,597 - Ic: 0.002
2021-02-12 07:27:55,597 - L: 10

2021-02-12 07:27:55,597 - ---- Output values ----
2021-02-12 07:27:55,597 - Em: 0.00014346
2021-02-12 07:27:55,597 - I0: 3.2797021824000003
2021-02-12 07:27:55,597 - ic: 0.0006098114672523261
2021-02-12 07:27:55,597 - lambdaA: 0.011412884678320204
2021-02-12 07:27:55,597 - iavg: 0.0006093472288036737
2021-02-12 07:27:55,597 - Iavg: 0.0019984774361468008
2021-02-12 07:27:55,597 - IavgVector: [ 0.          0.         -0.00199848]
2021-02-12 07:27:55,597 - F: [ 8.83327027e-12 -9.55671910e-12  0.00000000e+00]
2021-02-12 07:27:55,597 - F magnitude: 1.3013744410166543e-11
2021-02-12 07:27:55,613 - ========================================
2021-02-12 07:27:55,613 - ===== Simulation data output for VNV Type 2a =====
2021-02-12 07:27:55,613 - ========================================
2021-02-12 07:27:55,613 - ---- Input values ----
2021-02-12 07:27:55,613 - V: [-3180. 16020. 18690.]
2021-02-12 07:27:55,613 - B: [ 1.41267e-09 -1.12623e-09 -5.21451e-09]
2021-02-12 07:27:55,613 - l: [0. 0. 1.]
2021-02-12 07:27:55,613 - sigma: 59520000.0
2021-02-12 07:27:55,613 - A: 0.005
2021-02-12 07:27:55,614 - Ic: 0.0372
2021-02-12 07:27:55,614 - L: 531.0

2021-02-12 07:27:55,614 - ---- Output values ----
2021-02-12 07:27:55,614 - Em: -1.9049562e-05
2021-02-12 07:27:55,614 - I0: -5.6691496512
2021-02-12 07:27:55,614 - ic: -0.00656183066046348
2021-02-12 07:27:55,614 - lambdaA: 0.0557594365801462
2021-02-12 07:27:55,614 - iavg: 0.00658308294817202
2021-02-12 07:27:55,614 - Iavg: -0.0373204823994501
2021-02-12 07:27:55,614 - IavgVector: [-0.         -0.         -0.03732048]
2021-02-12 07:27:55,614 - F: [-4.20314469e-11 -5.27215259e-11  0.00000000e+00]
2021-02-12 07:27:55,614 - F magnitude: 6.742552794074e-11
2021-02-12 07:27:55,614 - ========================================
2021-02-12 07:27:55,614 - ===== Reference data output for VNV Type 2a =====
2021-02-12 07:27:55,614 - ========================================
2021-02-12 07:27:55,614 - ---- Input values ----
2021-02-12 07:27:55,615 - V: [-3180. 16020. 18690.]
2021-02-12 07:27:55,615 - B: [ 1.41267e-09 -1.12623e-09 -5.21451e-09]
2021-02-12 07:27:55,615 - l: [ 0.17583754  0.87544648 -0.45019399]
2021-02-12 07:27:55,615 - sigma: 59520000.0
2021-02-12 07:27:55,615 - A: 0.005
2021-02-12 07:27:55,615 - Ic: 0.0372
2021-02-12 07:27:55,615 - L: 531

2021-02-12 07:27:55,615 - ---- Output values ----
2021-02-12 07:27:55,615 - Em: 6.18586331905313e-06
2021-02-12 07:27:55,615 - I0: 1.8409129237502115
2021-02-12 07:27:55,615 - ic: 0.020207365334922036
2021-02-12 07:27:55,615 - lambdaA: 0.11697317146946196
2021-02-12 07:27:55,615 - iavg: 0.02000143393870115
2021-02-12 07:27:55,615 - Iavg: 0.03682089823129105
2021-02-12 07:27:55,615 - IavgVector: [ 0.0064745   0.03223473 -0.01657655]
2021-02-12 07:27:55,616 - F: [-1.86757304e-10  1.03441345e-11 -5.28288017e-11]
2021-02-12 07:27:55,616 - F magnitude: 1.943609371283146e-10
2021-02-12 07:27:55,616 - ========== whaaaaaaa =================

2021-02-12 07:27:55,616 - ========================================
2021-02-12 07:27:55,616 - ===== Reference data output for VNV Type  =====
2021-02-12 07:27:55,616 - ========================================
2021-02-12 07:27:55,616 - ---- Input values ----
2021-02-12 07:27:55,616 - V: [   0 7350    0]
2021-02-12 07:27:55,616 - B: [ 0.00e+00  0.00e+00 -1.75e-05]
2021-02-12 07:27:55,617 - l: [-1  0  0]
2021-02-12 07:27:55,617 - sigma: 34014000.0
2021-02-12 07:27:55,617 - A: 1.9635e-07
2021-02-12 07:27:55,617 - Ic: 0.01
2021-02-12 07:27:55,617 - L: 500

2021-02-12 07:27:55,617 - ---- Output values ----
2021-02-12 07:27:55,617 - Em: 0.128625
2021-02-12 07:27:55,617 - I0: 0.8590412147625001
2021-02-12 07:27:55,617 - ic: 0.011640885010115272
2021-02-12 07:27:55,617 - lambdaA: 0.08121829767790473
2021-02-12 07:27:55,617 - iavg: 0.011572377948277951
2021-02-12 07:27:55,617 - Iavg: 0.009941149610379459
2021-02-12 07:27:55,617 - IavgVector: [-0.00994115  0.          0.        ]
2021-02-12 07:27:55,617 - F: [-0.00000000e+00 -1.73970118e-07 -0.00000000e+00]
2021-02-12 07:27:55,617 - F magnitude: 1.7397011818164052e-07
