2021-06-19 15:30:28,336 - ========================================
2021-06-19 15:30:28,337 - ===== Simulation data output for VNV Type 1a =====
2021-06-19 15:30:28,337 - ========================================
2021-06-19 15:30:28,337 - ---- Input values ----
2021-06-19 15:30:28,337 - V: [-1.39090863e-09  3.00000000e+04  0.00000000e+00]
2021-06-19 15:30:28,337 - B: [4.782e-09 4.420e-09 0.000e+00]
2021-06-19 15:30:28,337 - l: [0. 0. 1.]
2021-06-19 15:30:28,337 - sigma: 48600000.0
2021-06-19 15:30:28,337 - A: 0.0004704
2021-06-19 15:30:28,337 - Ic: 0.002
2021-06-19 15:30:28,337 - L: 10.0

2021-06-19 15:30:28,337 - ---- Output values ----
2021-06-19 15:30:28,337 - Em: -0.000143460000000003
2021-06-19 15:30:28,337 - I0: -3.27970218240007
2021-06-19 15:30:28,338 - ic: -0.000609811467252312
2021-06-19 15:30:28,338 - lambdaA: 0.011417525427028
2021-06-19 15:30:28,338 - iavg: 0.000609718815831077
2021-06-19 15:30:28,338 - Iavg: -0.00199969613093157
2021-06-19 15:30:28,338 - IavgVector: [0.        0.        0.0019997]
2021-06-19 15:30:28,338 - F: [-8.8386569e-11  9.5625469e-11  0.0000000e+00]
2021-06-19 15:30:28,338 - F magnitude: 1.30216803428702e-10
2021-06-19 15:30:28,338 - ========================================
2021-06-19 15:30:28,338 - ===== Reference data output for VNV Type 1a =====
2021-06-19 15:30:28,338 - ========================================
2021-06-19 15:30:28,338 - ---- Input values ----
2021-06-19 15:30:28,338 - V: [    0 30000     0]
2021-06-19 15:30:28,339 - B: [4.782e-09 4.420e-09 0.000e+00]
2021-06-19 15:30:28,339 - l: [0 0 1]
2021-06-19 15:30:28,339 - sigma: 48600000.0
2021-06-19 15:30:28,339 - A: 0.0004704
2021-06-19 15:30:28,339 - Ic: 0.002
2021-06-19 15:30:28,339 - L: 10

2021-06-19 15:30:28,339 - ---- Output values ----
2021-06-19 15:30:28,339 - Em: -0.00014346
2021-06-19 15:30:28,339 - I0: -3.2797021824000003
2021-06-19 15:30:28,339 - ic: -0.0006098114672523261
2021-06-19 15:30:28,339 - lambdaA: 0.011417525427028206
2021-06-19 15:30:28,339 - iavg: 0.0006097188158310912
2021-06-19 15:30:28,339 - Iavg: -0.0019996961309315738
2021-06-19 15:30:28,339 - IavgVector: [0.        0.        0.0019997]
2021-06-19 15:30:28,339 - F: [-8.8386569e-11  9.5625469e-11  0.0000000e+00]
2021-06-19 15:30:28,339 - F magnitude: 1.30216803428702e-10
2021-06-19 15:30:28,343 - ========================================
2021-06-19 15:30:28,343 - ===== Simulation data output for VNV Type 1b =====
2021-06-19 15:30:28,343 - ========================================
2021-06-19 15:30:28,343 - ---- Input values ----
2021-06-19 15:30:28,343 - V: [-1.39090863e-09  3.00000000e+04  0.00000000e+00]
2021-06-19 15:30:28,343 - B: [4.782e-09 4.420e-09 0.000e+00]
2021-06-19 15:30:28,343 - l: [ 0.  0. -1.]
2021-06-19 15:30:28,343 - sigma: 48600000.0
2021-06-19 15:30:28,344 - A: 0.0004704
2021-06-19 15:30:28,344 - Ic: 0.002
2021-06-19 15:30:28,344 - L: 10.0

2021-06-19 15:30:28,344 - ---- Output values ----
2021-06-19 15:30:28,344 - Em: 0.000143460000000003
2021-06-19 15:30:28,344 - I0: 3.27970218240007
2021-06-19 15:30:28,344 - ic: 0.000609811467252312
2021-06-19 15:30:28,344 - lambdaA: 0.01141288467832
2021-06-19 15:30:28,344 - iavg: 0.00060934722880366
2021-06-19 15:30:28,344 - Iavg: 0.0019984774361468
2021-06-19 15:30:28,344 - IavgVector: [ 0.          0.         -0.00199848]
2021-06-19 15:30:28,344 - F: [ 8.83327027e-11 -9.55671910e-11  0.00000000e+00]
2021-06-19 15:30:28,344 - F magnitude: 1.30137444101665e-10
2021-06-19 15:30:28,344 - ========================================
2021-06-19 15:30:28,344 - ===== Reference data output for VNV Type 1b =====
2021-06-19 15:30:28,344 - ========================================
2021-06-19 15:30:28,344 - ---- Input values ----
2021-06-19 15:30:28,345 - V: [    0 30000     0]
2021-06-19 15:30:28,345 - B: [4.782e-09 4.420e-09 0.000e+00]
2021-06-19 15:30:28,345 - l: [ 0  0 -1]
2021-06-19 15:30:28,345 - sigma: 48600000.0
2021-06-19 15:30:28,345 - A: 0.0004704
2021-06-19 15:30:28,345 - Ic: 0.002
2021-06-19 15:30:28,345 - L: 10

2021-06-19 15:30:28,345 - ---- Output values ----
2021-06-19 15:30:28,345 - Em: 0.00014346
2021-06-19 15:30:28,345 - I0: 3.2797021824000003
2021-06-19 15:30:28,345 - ic: 0.0006098114672523261
2021-06-19 15:30:28,345 - lambdaA: 0.011412884678320204
2021-06-19 15:30:28,345 - iavg: 0.0006093472288036737
2021-06-19 15:30:28,345 - Iavg: 0.0019984774361468008
2021-06-19 15:30:28,345 - IavgVector: [ 0.          0.         -0.00199848]
2021-06-19 15:30:28,346 - F: [ 8.83327027e-11 -9.55671910e-11  0.00000000e+00]
2021-06-19 15:30:28,346 - F magnitude: 1.301374441016654e-10
2021-06-19 15:30:28,349 - ========================================
2021-06-19 15:30:28,349 - ===== Simulation data output for VNV Type 2a =====
2021-06-19 15:30:28,349 - ========================================
2021-06-19 15:30:28,349 - ---- Input values ----
2021-06-19 15:30:28,349 - V: [-3180. 16020. 18690.]
2021-06-19 15:30:28,349 - B: [ 1.413e-09 -1.126e-09 -5.215e-09]
2021-06-19 15:30:28,349 - l: [ 0.176  0.875 -0.45 ]
2021-06-19 15:30:28,349 - sigma: 59520000.0
2021-06-19 15:30:28,349 - A: 0.005
2021-06-19 15:30:28,350 - Ic: 0.0372
2021-06-19 15:30:28,350 - L: 531.0

2021-06-19 15:30:28,350 - ---- Output values ----
2021-06-19 15:30:28,350 - Em: 6.17223488999627e-06
2021-06-19 15:30:28,350 - I0: 1.83685710326289
2021-06-19 15:30:28,350 - ic: 0.0202519836376602
2021-06-19 15:30:28,350 - lambdaA: 0.117143534308711
2021-06-19 15:30:28,350 - iavg: 0.0200451432029819
2021-06-19 15:30:28,350 - Iavg: 0.0368200636783192
2021-06-19 15:30:28,350 - IavgVector: [ 0.00648033  0.03221756 -0.01656903]
2021-06-19 15:30:28,350 - F: [-9.91224493e-08  5.51331446e-09 -2.80475576e-08]
2021-06-19 15:30:28,350 - F magnitude: 1.03161630878992e-07
2021-06-19 15:30:28,350 - ========================================
2021-06-19 15:30:28,350 - ===== Reference data output for VNV Type 2a =====
2021-06-19 15:30:28,350 - ========================================
2021-06-19 15:30:28,350 - ---- Input values ----
2021-06-19 15:30:28,350 - V: [-3180 16020 18690]
2021-06-19 15:30:28,351 - B: [ 1.413e-09 -1.126e-09 -5.215e-09]
2021-06-19 15:30:28,351 - l: [ 0.176  0.875 -0.45 ]
2021-06-19 15:30:28,351 - sigma: 59520000.0
2021-06-19 15:30:28,351 - A: 0.005
2021-06-19 15:30:28,351 - Ic: 0.0372
2021-06-19 15:30:28,351 - L: 531

2021-06-19 15:30:28,351 - ---- Output values ----
2021-06-19 15:30:28,351 - Em: 6.1722348900000086e-06
2021-06-19 15:30:28,351 - I0: 1.8368571032640026
2021-06-19 15:30:28,351 - ic: 0.020251983637647953
2021-06-19 15:30:28,351 - lambdaA: 0.11714353430866407
2021-06-19 15:30:28,351 - iavg: 0.02004514320296991
2021-06-19 15:30:28,351 - Iavg: 0.03682006367831942
2021-06-19 15:30:28,351 - IavgVector: [ 0.00648033  0.03221756 -0.01656903]
2021-06-19 15:30:28,352 - F: [-9.91224493e-08  5.51331446e-09 -2.80475576e-08]
2021-06-19 15:30:28,352 - F magnitude: 1.03161630878993e-07
2021-06-19 15:30:28,352 - ========== whaaaaaaa =================

2021-06-19 15:30:28,352 - ========================================
2021-06-19 15:30:28,352 - ===== Reference data output for VNV Type  =====
2021-06-19 15:30:28,352 - ========================================
2021-06-19 15:30:28,352 - ---- Input values ----
2021-06-19 15:30:28,352 - V: [   0 7350    0]
2021-06-19 15:30:28,352 - B: [ 0.00e+00  0.00e+00 -1.75e-05]
2021-06-19 15:30:28,353 - l: [-1  0  0]
2021-06-19 15:30:28,353 - sigma: 34014000.0
2021-06-19 15:30:28,353 - A: 1.9635e-07
2021-06-19 15:30:28,353 - Ic: 0.015
2021-06-19 15:30:28,353 - L: 500

2021-06-19 15:30:28,353 - ---- Output values ----
2021-06-19 15:30:28,353 - Em: 0.128625
2021-06-19 15:30:28,353 - I0: 0.8590412147625001
2021-06-19 15:30:28,353 - ic: 0.017461327515172907
2021-06-19 15:30:28,353 - lambdaA: 0.10621828474371488
2021-06-19 15:30:28,353 - iavg: 0.01730740772036571
2021-06-19 15:30:28,353 - Iavg: 0.01486777655249283
2021-06-19 15:30:28,353 - IavgVector: [-0.01486778  0.          0.        ]
2021-06-19 15:30:28,353 - F: [-0.         -0.00013009 -0.        ]
2021-06-19 15:30:28,353 - F magnitude: 0.00013009304483431225
