2021-06-19 15:12:32,127 - ========================================
2021-06-19 15:12:32,127 - ===== Simulation data output for VNV Type 1a =====
2021-06-19 15:12:32,127 - ========================================
2021-06-19 15:12:32,127 - ---- Input values ----
2021-06-19 15:12:32,128 - V: [-1.39090863e-09  3.00000000e+04  0.00000000e+00]
2021-06-19 15:12:32,128 - B: [4.782e-09 4.420e-09 0.000e+00]
2021-06-19 15:12:32,128 - l: [0. 0. 1.]
2021-06-19 15:12:32,128 - sigma: 48600000.0
2021-06-19 15:12:32,128 - A: 0.0004704
2021-06-19 15:12:32,128 - Ic: 0.002
2021-06-19 15:12:32,128 - L: 10.0

2021-06-19 15:12:32,128 - ---- Output values ----
2021-06-19 15:12:32,129 - Em: -0.000143460000000003
2021-06-19 15:12:32,129 - I0: -3.27970218240007
2021-06-19 15:12:32,129 - ic: -0.000609811467252312
2021-06-19 15:12:32,129 - lambdaA: 0.011417525427028
2021-06-19 15:12:32,129 - iavg: 0.000609718815831077
2021-06-19 15:12:32,129 - Iavg: -0.00199969613093157
2021-06-19 15:12:32,129 - IavgVector: [0.        0.        0.0019997]
2021-06-19 15:12:32,129 - F: [-8.8386569e-11  9.5625469e-11  0.0000000e+00]
2021-06-19 15:12:32,129 - F magnitude: 1.04173442742961e-10
2021-06-19 15:12:32,129 - ========================================
2021-06-19 15:12:32,130 - ===== Reference data output for VNV Type 1a =====
2021-06-19 15:12:32,130 - ========================================
2021-06-19 15:12:32,130 - ---- Input values ----
2021-06-19 15:12:32,130 - V: [    0 30000     0]
2021-06-19 15:12:32,130 - B: [4.782e-09 4.420e-09 0.000e+00]
2021-06-19 15:12:32,130 - l: [0 0 1]
2021-06-19 15:12:32,130 - sigma: 48600000.0
2021-06-19 15:12:32,130 - A: 0.0004704
2021-06-19 15:12:32,130 - Ic: 0.002
2021-06-19 15:12:32,130 - L: 10

2021-06-19 15:12:32,130 - ---- Output values ----
2021-06-19 15:12:32,131 - Em: -0.00014346
2021-06-19 15:12:32,131 - I0: -3.2797021824000003
2021-06-19 15:12:32,131 - ic: -0.0006098114672523261
2021-06-19 15:12:32,131 - lambdaA: 0.011417525427028206
2021-06-19 15:12:32,131 - iavg: 0.0006097188158310912
2021-06-19 15:12:32,131 - Iavg: -0.0019996961309315738
2021-06-19 15:12:32,131 - IavgVector: [0.        0.        0.0019997]
2021-06-19 15:12:32,131 - F: [-8.8386569e-11  9.5625469e-11  0.0000000e+00]
2021-06-19 15:12:32,131 - F magnitude: 1.30216803428702e-10
2021-06-19 15:12:32,135 - ========================================
2021-06-19 15:12:32,135 - ===== Simulation data output for VNV Type 1b =====
2021-06-19 15:12:32,135 - ========================================
2021-06-19 15:12:32,135 - ---- Input values ----
2021-06-19 15:12:32,135 - V: [-1.39090863e-09  3.00000000e+04  0.00000000e+00]
2021-06-19 15:12:32,135 - B: [4.782e-09 4.420e-09 0.000e+00]
2021-06-19 15:12:32,136 - l: [ 0.  0. -1.]
2021-06-19 15:12:32,136 - sigma: 48600000.0
2021-06-19 15:12:32,136 - A: 0.0004704
2021-06-19 15:12:32,136 - Ic: 0.002
2021-06-19 15:12:32,136 - L: 10.0

2021-06-19 15:12:32,136 - ---- Output values ----
2021-06-19 15:12:32,136 - Em: 0.000143460000000003
2021-06-19 15:12:32,136 - I0: 3.27970218240007
2021-06-19 15:12:32,136 - ic: 0.000609811467252312
2021-06-19 15:12:32,136 - lambdaA: 0.01141288467832
2021-06-19 15:12:32,136 - iavg: 0.00060934722880366
2021-06-19 15:12:32,136 - Iavg: 0.0019984774361468
2021-06-19 15:12:32,136 - IavgVector: [ 0.          0.         -0.00199848]
2021-06-19 15:12:32,136 - F: [ 8.83327027e-11 -9.55671910e-11  0.00000000e+00]
2021-06-19 15:12:32,136 - F magnitude: 1.04109955281332e-10
2021-06-19 15:12:32,136 - ========================================
2021-06-19 15:12:32,137 - ===== Reference data output for VNV Type 1b =====
2021-06-19 15:12:32,137 - ========================================
2021-06-19 15:12:32,137 - ---- Input values ----
2021-06-19 15:12:32,137 - V: [    0 30000     0]
2021-06-19 15:12:32,137 - B: [4.782e-09 4.420e-09 0.000e+00]
2021-06-19 15:12:32,137 - l: [ 0  0 -1]
2021-06-19 15:12:32,137 - sigma: 48600000.0
2021-06-19 15:12:32,137 - A: 0.0004704
2021-06-19 15:12:32,137 - Ic: 0.002
2021-06-19 15:12:32,137 - L: 10

2021-06-19 15:12:32,137 - ---- Output values ----
2021-06-19 15:12:32,137 - Em: 0.00014346
2021-06-19 15:12:32,137 - I0: 3.2797021824000003
2021-06-19 15:12:32,137 - ic: 0.0006098114672523261
2021-06-19 15:12:32,137 - lambdaA: 0.011412884678320204
2021-06-19 15:12:32,137 - iavg: 0.0006093472288036737
2021-06-19 15:12:32,138 - Iavg: 0.0019984774361468008
2021-06-19 15:12:32,138 - IavgVector: [ 0.          0.         -0.00199848]
2021-06-19 15:12:32,138 - F: [ 8.83327027e-11 -9.55671910e-11  0.00000000e+00]
2021-06-19 15:12:32,138 - F magnitude: 1.301374441016654e-10
2021-06-19 15:12:32,141 - ========================================
2021-06-19 15:12:32,141 - ===== Simulation data output for VNV Type 2a =====
2021-06-19 15:12:32,141 - ========================================
2021-06-19 15:12:32,141 - ---- Input values ----
2021-06-19 15:12:32,142 - V: [-3180.00000001 16020.         18690.        ]
2021-06-19 15:12:32,142 - B: [ 1.413 -1.126 -5.215]
2021-06-19 15:12:32,142 - l: [ 0.17583754  0.87544648 -0.45019399]
2021-06-19 15:12:32,142 - sigma: 59520000.0
2021-06-19 15:12:32,142 - A: 0.005
2021-06-19 15:12:32,142 - Ic: 0.0372
2021-06-19 15:12:32,142 - L: 531.0

2021-06-19 15:12:32,142 - ---- Output values ----
2021-06-19 15:12:32,142 - Em: 6190.47191452285
2021-06-19 15:12:32,142 - I0: 1842284441.762
2021-06-19 15:12:32,142 - ic: 2.01923216397687e-11
2021-06-19 15:12:32,142 - lambdaA: 1.17709315456004e-07
2021-06-19 15:12:32,142 - iavg: 2.01923216377744e-11
2021-06-19 15:12:32,143 - Iavg: 0.0371999999963259
2021-06-19 15:12:32,143 - IavgVector: [ 0.00654116  0.03256661 -0.01674722]
2021-06-19 15:12:32,143 - F: [-100.19557514    5.54805488  -28.34582118]
2021-06-19 15:12:32,143 - F magnitude: 83.420552938175
2021-06-19 15:12:32,143 - ========================================
2021-06-19 15:12:32,143 - ===== Reference data output for VNV Type 2a =====
2021-06-19 15:12:32,143 - ========================================
2021-06-19 15:12:32,143 - ---- Input values ----
2021-06-19 15:12:32,143 - V: [-3180 16020 18690]
2021-06-19 15:12:32,143 - B: [ 1.413 -1.126 -5.215]
2021-06-19 15:12:32,143 - l: [ 0.176  0.875 -0.45 ]
2021-06-19 15:12:32,144 - sigma: 59520000.0
2021-06-19 15:12:32,144 - A: 0.005
2021-06-19 15:12:32,144 - Ic: 0.0372
2021-06-19 15:12:32,144 - L: 531

2021-06-19 15:12:32,144 - ---- Output values ----
2021-06-19 15:12:32,144 - Em: 6172.234890000002
2021-06-19 15:12:32,144 - I0: 1836857103.264001
2021-06-19 15:12:32,144 - ic: 2.025198363764797e-11
2021-06-19 15:12:32,144 - lambdaA: 1.1794106424441946e-07
2021-06-19 15:12:32,144 - iavg: 2.025198363564365e-11
2021-06-19 15:12:32,144 - Iavg: 0.037199999996318345
2021-06-19 15:12:32,144 - IavgVector: [ 0.0065472  0.03255   -0.01674  ]
2021-06-19 15:12:32,144 - F: [-100.14526718    5.57020487  -28.33697281]
2021-06-19 15:12:32,144 - F magnitude: 104.22612795692737
2021-06-19 15:12:32,145 - ========== whaaaaaaa =================

2021-06-19 15:12:32,146 - ========================================
2021-06-19 15:12:32,146 - ===== Reference data output for VNV Type  =====
2021-06-19 15:12:32,146 - ========================================
2021-06-19 15:12:32,146 - ---- Input values ----
2021-06-19 15:12:32,146 - V: [   0 7350    0]
2021-06-19 15:12:32,146 - B: [ 0.00e+00  0.00e+00 -1.75e-05]
2021-06-19 15:12:32,146 - l: [-1  0  0]
2021-06-19 15:12:32,146 - sigma: 34014000.0
2021-06-19 15:12:32,146 - A: 1.9635e-07
2021-06-19 15:12:32,146 - Ic: 0.01
2021-06-19 15:12:32,146 - L: 500

2021-06-19 15:12:32,146 - ---- Output values ----
2021-06-19 15:12:32,147 - Em: 0.128625
2021-06-19 15:12:32,147 - I0: 0.8590412147625001
2021-06-19 15:12:32,147 - ic: 0.011640885010115272
2021-06-19 15:12:32,147 - lambdaA: 0.08121829767790473
2021-06-19 15:12:32,147 - iavg: 0.011572377948277951
2021-06-19 15:12:32,147 - Iavg: 0.009941149610379459
2021-06-19 15:12:32,147 - IavgVector: [-0.00994115  0.          0.        ]
2021-06-19 15:12:32,147 - F: [-0.00000000e+00 -8.69850591e-05 -0.00000000e+00]
2021-06-19 15:12:32,147 - F magnitude: 8.698505909082026e-05
