2021-02-12 06:49:51,580 - ========================================
2021-02-12 06:49:51,580 - ===== Simulation data output for VNV Type 1a =====
2021-02-12 06:49:51,580 - ========================================
2021-02-12 06:49:51,580 - ---- Input values ----
2021-02-12 06:49:51,581 - V: [-5.92978276e-23  3.00000000e+04 -5.58744018e-29]
2021-02-12 06:49:51,581 - B: [4.782e-09 4.420e-09 0.000e+00]
2021-02-12 06:49:51,581 - l: [0. 0. 1.]
2021-02-12 06:49:51,581 - sigma: 48600000.0
2021-02-12 06:49:51,581 - A: 0.0004704
2021-02-12 06:49:51,581 - Ic: 0.002
2021-02-12 06:49:51,581 - L: 10.0

2021-02-12 06:49:51,581 - ---- Output values ----
2021-02-12 06:49:51,581 - Em: -0.00014346
2021-02-12 06:49:51,581 - I0: -3.2797021824
2021-02-12 06:49:51,581 - ic: -0.000609811467252326
2021-02-12 06:49:51,581 - lambdaA: 0.0114175254270282
2021-02-12 06:49:51,582 - iavg: 0.000609718815831091
2021-02-12 06:49:51,582 - Iavg: -0.00199969613093157
2021-02-12 06:49:51,582 - IavgVector: [-0.        -0.        -0.0019997]
2021-02-12 06:49:51,582 - F: [ 8.8386569e-12 -9.5625469e-12  0.0000000e+00]
2021-02-12 06:49:51,582 - F magnitude: 1.30216803428702e-11
2021-02-12 06:49:51,582 - ========================================
2021-02-12 06:49:51,582 - ===== Reference data output for VNV Type 1a =====
2021-02-12 06:49:51,582 - ========================================
2021-02-12 06:49:51,582 - ---- Input values ----
2021-02-12 06:49:51,583 - V: [    0 30000     0]
2021-02-12 06:49:51,583 - B: [4.782e-09 4.420e-09 0.000e+00]
2021-02-12 06:49:51,583 - l: [0 0 1]
2021-02-12 06:49:51,583 - sigma: 48600000.0
2021-02-12 06:49:51,583 - A: 0.0004704
2021-02-12 06:49:51,583 - Ic: 0.002
2021-02-12 06:49:51,583 - L: 10

2021-02-12 06:49:51,583 - ---- Output values ----
2021-02-12 06:49:51,583 - Em: -0.00014346
2021-02-12 06:49:51,583 - I0: -3.2797021824000003
2021-02-12 06:49:51,583 - ic: -0.0006098114672523261
2021-02-12 06:49:51,583 - lambdaA: 0.011417525427028206
2021-02-12 06:49:51,583 - iavg: 0.0006097188158310912
2021-02-12 06:49:51,583 - Iavg: -0.0019996961309315738
2021-02-12 06:49:51,584 - IavgVector: [-0.        -0.        -0.0019997]
2021-02-12 06:49:51,584 - F: [ 8.8386569e-12 -9.5625469e-12  0.0000000e+00]
2021-02-12 06:49:51,584 - F magnitude: 1.3021680342870199e-11
2021-02-12 06:49:51,601 - ========================================
2021-02-12 06:49:51,601 - ===== Simulation data output for VNV Type 1b =====
2021-02-12 06:49:51,601 - ========================================
2021-02-12 06:49:51,601 - ---- Input values ----
2021-02-12 06:49:51,601 - V: [-5.92978276e-23  3.00000000e+04 -5.58744018e-29]
2021-02-12 06:49:51,601 - B: [4.782e-09 4.420e-09 0.000e+00]
2021-02-12 06:49:51,602 - l: [0. 0. 1.]
2021-02-12 06:49:51,602 - sigma: 48600000.0
2021-02-12 06:49:51,602 - A: 0.0004704
2021-02-12 06:49:51,602 - Ic: 0.002
2021-02-12 06:49:51,602 - L: 10.0

2021-02-12 06:49:51,602 - ---- Output values ----
2021-02-12 06:49:51,602 - Em: -0.00014346
2021-02-12 06:49:51,602 - I0: -3.2797021824
2021-02-12 06:49:51,602 - ic: -0.000609811467252326
2021-02-12 06:49:51,602 - lambdaA: 0.0114175254270282
2021-02-12 06:49:51,602 - iavg: 0.000609718815831091
2021-02-12 06:49:51,602 - Iavg: -0.00199969613093157
2021-02-12 06:49:51,603 - IavgVector: [-0.        -0.        -0.0019997]
2021-02-12 06:49:51,603 - F: [ 8.8386569e-12 -9.5625469e-12  0.0000000e+00]
2021-02-12 06:49:51,603 - F magnitude: 1.30216803428702e-11
2021-02-12 06:49:51,603 - ========================================
2021-02-12 06:49:51,603 - ===== Reference data output for VNV Type 1b =====
2021-02-12 06:49:51,603 - ========================================
2021-02-12 06:49:51,603 - ---- Input values ----
2021-02-12 06:49:51,603 - V: [    0 30000     0]
2021-02-12 06:49:51,604 - B: [4.782e-09 4.420e-09 0.000e+00]
2021-02-12 06:49:51,604 - l: [ 0  0 -1]
2021-02-12 06:49:51,604 - sigma: 48600000.0
2021-02-12 06:49:51,604 - A: 0.0004704
2021-02-12 06:49:51,604 - Ic: 0.002
2021-02-12 06:49:51,604 - L: 10

2021-02-12 06:49:51,604 - ---- Output values ----
2021-02-12 06:49:51,604 - Em: 0.00014346
2021-02-12 06:49:51,604 - I0: 3.2797021824000003
2021-02-12 06:49:51,604 - ic: 0.0006098114672523261
2021-02-12 06:49:51,604 - lambdaA: 0.011412884678320204
2021-02-12 06:49:51,604 - iavg: 0.0006093472288036737
2021-02-12 06:49:51,604 - Iavg: 0.0019984774361468008
2021-02-12 06:49:51,605 - IavgVector: [ 0.          0.         -0.00199848]
2021-02-12 06:49:51,605 - F: [ 8.83327027e-12 -9.55671910e-12  0.00000000e+00]
2021-02-12 06:49:51,605 - F magnitude: 1.3013744410166543e-11
2021-02-12 06:49:51,621 - ========================================
2021-02-12 06:49:51,621 - ===== Simulation data output for VNV Type 2a =====
2021-02-12 06:49:51,621 - ========================================
2021-02-12 06:49:51,622 - ---- Input values ----
2021-02-12 06:49:51,622 - V: [-3180. 16020. 18690.]
2021-02-12 06:49:51,622 - B: [ 1.41267e-09 -1.12623e-09 -5.21451e-09]
2021-02-12 06:49:51,622 - l: [ 0.17583754  0.87544648 -0.45019399]
2021-02-12 06:49:51,622 - sigma: 59520000.0
2021-02-12 06:49:51,622 - A: 0.005
2021-02-12 06:49:51,622 - Ic: 0.0372
2021-02-12 06:49:51,622 - L: 531.0

2021-02-12 06:49:51,623 - ---- Output values ----
2021-02-12 06:49:51,623 - Em: 6.18586343891272e-06
2021-02-12 06:49:51,623 - I0: 1.84091295942042
2021-02-12 06:49:51,623 - ic: 0.0202073649433766
2021-02-12 06:49:51,623 - lambdaA: 0.116973169973874
2021-02-12 06:49:51,623 - iavg: 0.0200014335551242
2021-02-12 06:49:51,623 - Iavg: 0.0368208982386146
2021-02-12 06:49:51,623 - IavgVector: [ 0.0064745   0.03223473 -0.01657655]
2021-02-12 06:49:51,623 - F: [-1.86757304e-10  1.03441342e-11 -5.28288018e-11]
2021-02-12 06:49:51,623 - F magnitude: 1.94360937876862e-10
2021-02-12 06:49:51,623 - ========================================
2021-02-12 06:49:51,623 - ===== Reference data output for VNV Type 2a =====
2021-02-12 06:49:51,624 - ========================================
2021-02-12 06:49:51,624 - ---- Input values ----
2021-02-12 06:49:51,624 - V: [-3180. 16020. 18690.]
2021-02-12 06:49:51,624 - B: [ 1.41267e-09 -1.12623e-09 -5.21451e-09]
2021-02-12 06:49:51,624 - l: [ 0.17583754  0.87544648 -0.45019399]
2021-02-12 06:49:51,624 - sigma: 59520000.0
2021-02-12 06:49:51,624 - A: 0.005
2021-02-12 06:49:51,624 - Ic: 0.0372
2021-02-12 06:49:51,624 - L: 531

2021-02-12 06:49:51,624 - ---- Output values ----
2021-02-12 06:49:51,624 - Em: 6.18586331905313e-06
2021-02-12 06:49:51,625 - I0: 1.8409129237502115
2021-02-12 06:49:51,625 - ic: 0.020207365334922036
2021-02-12 06:49:51,625 - lambdaA: 0.11697317146946196
2021-02-12 06:49:51,625 - iavg: 0.02000143393870115
2021-02-12 06:49:51,625 - Iavg: 0.03682089823129105
2021-02-12 06:49:51,625 - IavgVector: [ 0.0064745   0.03223473 -0.01657655]
2021-02-12 06:49:51,625 - F: [-1.86757304e-10  1.03441345e-11 -5.28288017e-11]
2021-02-12 06:49:51,625 - F magnitude: 1.943609371283146e-10
