2021-02-11 16:29:30,301 - ========================================
2021-02-11 16:29:30,301 - ===== Simulation data output for VNV Type 1a =====
2021-02-11 16:29:30,302 - ========================================
2021-02-11 16:29:30,302 - Em: -0.00014346
2021-02-11 16:29:30,302 - I0: -3.2797021824
2021-02-11 16:29:30,302 - ic: -0.000609811467252326
2021-02-11 16:29:30,302 - lambdaA: 0.0114175254270282
2021-02-11 16:29:30,302 - iavg: 0.000609718815831091
2021-02-11 16:29:30,302 - Iavg: -0.00199969613093157
2021-02-11 16:29:30,302 - IavgVector: [-0.        -0.        -0.0019997]
2021-02-11 16:29:30,302 - F: [ 8.8386569e-12 -9.5625469e-12  0.0000000e+00]
2021-02-11 16:29:30,302 - F magnitude: 1.30216803428702e-11
2021-02-11 16:29:30,302 - ========================================
2021-02-11 16:29:30,302 - ===== Reference data output for VNV Type 1a =====
2021-02-11 16:29:30,303 - ========================================
2021-02-11 16:29:30,303 - ---- Input values ----
2021-02-11 16:29:30,303 - V: [    0 30000     0]
2021-02-11 16:29:30,303 - B: [4.782e-09 4.420e-09 0.000e+00]
2021-02-11 16:29:30,303 - l: [0 0 1]
2021-02-11 16:29:30,303 - sigma: 48600000.0
2021-02-11 16:29:30,303 - A: 0.0004704
2021-02-11 16:29:30,303 - Ic: 0.002
2021-02-11 16:29:30,303 - L: 10

2021-02-11 16:29:30,303 - ---- Output values ----
2021-02-11 16:29:30,303 - Em: -0.00014346
2021-02-11 16:29:30,303 - I0: -3.2797021824000003
2021-02-11 16:29:30,303 - ic: -0.0006098114672523261
2021-02-11 16:29:30,303 - lambdaA: 0.011417525427028206
2021-02-11 16:29:30,304 - iavg: 0.0006097188158310912
2021-02-11 16:29:30,304 - Iavg: -0.0019996961309315738
2021-02-11 16:29:30,304 - IavgVector: [-0.        -0.        -0.0019997]
2021-02-11 16:29:30,304 - F: [ 8.8386569e-12 -9.5625469e-12  0.0000000e+00]
2021-02-11 16:29:30,304 - F magnitude: 1.3021680342870199e-11
2021-02-11 16:29:30,325 - ========================================
2021-02-11 16:29:30,325 - ===== Simulation data output for VNV Type 1b =====
2021-02-11 16:29:30,326 - ========================================
2021-02-11 16:29:30,326 - Em: -0.00014346
2021-02-11 16:29:30,326 - I0: -3.2797021824
2021-02-11 16:29:30,326 - ic: -0.000609811467252326
2021-02-11 16:29:30,326 - lambdaA: 0.0114175254270282
2021-02-11 16:29:30,326 - iavg: 0.000609718815831091
2021-02-11 16:29:30,326 - Iavg: -0.00199969613093157
2021-02-11 16:29:30,326 - IavgVector: [-0.        -0.        -0.0019997]
2021-02-11 16:29:30,326 - F: [ 8.8386569e-12 -9.5625469e-12  0.0000000e+00]
2021-02-11 16:29:30,326 - F magnitude: 1.30216803428702e-11
2021-02-11 16:29:30,326 - ========================================
2021-02-11 16:29:30,326 - ===== Reference data output for VNV Type 1b =====
2021-02-11 16:29:30,327 - ========================================
2021-02-11 16:29:30,327 - ---- Input values ----
2021-02-11 16:29:30,327 - V: [    0 30000     0]
2021-02-11 16:29:30,327 - B: [4.782e-09 4.420e-09 0.000e+00]
2021-02-11 16:29:30,327 - l: [ 0  0 -1]
2021-02-11 16:29:30,327 - sigma: 48600000.0
2021-02-11 16:29:30,327 - A: 0.0004704
2021-02-11 16:29:30,327 - Ic: 0.002
2021-02-11 16:29:30,327 - L: 10

2021-02-11 16:29:30,327 - ---- Output values ----
2021-02-11 16:29:30,327 - Em: 0.00014346
2021-02-11 16:29:30,327 - I0: 3.2797021824000003
2021-02-11 16:29:30,327 - ic: 0.0006098114672523261
2021-02-11 16:29:30,327 - lambdaA: 0.011412884678320204
2021-02-11 16:29:30,328 - iavg: 0.0006093472288036737
2021-02-11 16:29:30,328 - Iavg: 0.0019984774361468008
2021-02-11 16:29:30,328 - IavgVector: [ 0.          0.         -0.00199848]
2021-02-11 16:29:30,328 - F: [ 8.83327027e-12 -9.55671910e-12  0.00000000e+00]
2021-02-11 16:29:30,328 - F magnitude: 1.3013744410166543e-11
2021-02-11 16:29:30,345 - ========================================
2021-02-11 16:29:30,345 - ===== Simulation data output for VNV Type 2a =====
2021-02-11 16:29:30,345 - ========================================
2021-02-11 16:29:30,345 - Em: -1.9049562e-05
2021-02-11 16:29:30,345 - I0: -5.6691496512
2021-02-11 16:29:30,345 - ic: -0.00656183066046348
2021-02-11 16:29:30,345 - lambdaA: 0.0557594365801462
2021-02-11 16:29:30,345 - iavg: 0.00658308294817202
2021-02-11 16:29:30,345 - Iavg: -0.0373204823994501
2021-02-11 16:29:30,346 - IavgVector: [-0.         -0.         -0.03732048]
2021-02-11 16:29:30,346 - F: [-4.20314469e-11 -5.27215259e-11  0.00000000e+00]
2021-02-11 16:29:30,346 - F magnitude: 6.742552794074e-11
2021-02-11 16:29:30,346 - ========================================
2021-02-11 16:29:30,346 - ===== Reference data output for VNV Type 2a =====
2021-02-11 16:29:30,346 - ========================================
2021-02-11 16:29:30,346 - ---- Input values ----
2021-02-11 16:29:30,346 - V: [-3180. 16020. 18690.]
2021-02-11 16:29:30,346 - B: [ 1.41267e-09 -1.12623e-09 -5.21451e-09]
2021-02-11 16:29:30,346 - l: [ 0.17583754  0.87544648 -0.45019399]
2021-02-11 16:29:30,346 - sigma: 59520000.0
2021-02-11 16:29:30,346 - A: 0.005
2021-02-11 16:29:30,346 - Ic: 0.0372
2021-02-11 16:29:30,347 - L: 531

2021-02-11 16:29:30,347 - ---- Output values ----
2021-02-11 16:29:30,347 - Em: 6.18586331905313e-06
2021-02-11 16:29:30,347 - I0: 1.8409129237502115
2021-02-11 16:29:30,347 - ic: 0.020207365334922036
2021-02-11 16:29:30,347 - lambdaA: 0.11697317146946196
2021-02-11 16:29:30,347 - iavg: 0.02000143393870115
2021-02-11 16:29:30,347 - Iavg: 0.03682089823129105
2021-02-11 16:29:30,347 - IavgVector: [ 0.0064745   0.03223473 -0.01657655]
2021-02-11 16:29:30,347 - F: [-1.86757304e-10  1.03441345e-11 -5.28288017e-11]
2021-02-11 16:29:30,347 - F magnitude: 1.943609371283146e-10
2021-02-11 16:29:30,347 - ========================================
2021-02-11 16:29:30,347 - ===== Reference data output for VNV Type  =====
2021-02-11 16:29:30,347 - ========================================
2021-02-11 16:29:30,347 - ---- Input values ----
2021-02-11 16:29:30,347 - V: [   0 7350    0]
2021-02-11 16:29:30,348 - B: [ 0.00e+00  0.00e+00 -1.75e-05]
2021-02-11 16:29:30,348 - l: [-1  0  0]
2021-02-11 16:29:30,348 - sigma: 34014000.0
2021-02-11 16:29:30,348 - A: 1.9635e-07
2021-02-11 16:29:30,348 - Ic: 1
2021-02-11 16:29:30,348 - L: 500

2021-02-11 16:29:30,348 - ---- Output values ----
2021-02-11 16:29:30,348 - Em: 0.128625
2021-02-11 16:29:30,348 - I0: 0.8590412147625001
2021-02-11 16:29:30,348 - ic: 1.1640885010115272
2021-02-11 16:29:30,348 - lambdaA: 0.9819684457059389
2021-02-11 16:29:30,348 - iavg: 0.48615527035397776
2021-02-11 16:29:30,348 - Iavg: 0.4176274140080727
2021-02-11 16:29:30,348 - IavgVector: [-0.41762741  0.          0.        ]
2021-02-11 16:29:30,349 - F: [-0.00000000e+00 -7.30847975e-06 -0.00000000e+00]
2021-02-11 16:29:30,349 - F magnitude: 7.308479745141272e-06
