2021-02-12 06:43:57,480 - ========================================
2021-02-12 06:43:57,480 - ===== Simulation data output for VNV Type 1a =====
2021-02-12 06:43:57,480 - ========================================
2021-02-12 06:43:57,480 - ---- Input values ----
2021-02-12 06:43:57,481 - V: [-5.92978276e-23  3.00000000e+04 -5.58744018e-29]
2021-02-12 06:43:57,481 - B: [4.782e-09 4.420e-09 0.000e+00]
2021-02-12 06:43:57,481 - l: [0. 0. 1.]
2021-02-12 06:43:57,481 - sigma: 48600000.0
2021-02-12 06:43:57,481 - A: 0.0004704
2021-02-12 06:43:57,481 - Ic: 0.002
2021-02-12 06:43:57,481 - L: 10.0

2021-02-12 06:43:57,481 - ---- Output values ----
2021-02-12 06:43:57,481 - Em: -0.00014346
2021-02-12 06:43:57,481 - I0: -3.2797021824
2021-02-12 06:43:57,481 - ic: -0.000609811467252326
2021-02-12 06:43:57,481 - lambdaA: 0.0114175254270282
2021-02-12 06:43:57,481 - iavg: 0.000609718815831091
2021-02-12 06:43:57,482 - Iavg: -0.00199969613093157
2021-02-12 06:43:57,482 - IavgVector: [-0.        -0.        -0.0019997]
2021-02-12 06:43:57,482 - F: [ 8.8386569e-12 -9.5625469e-12  0.0000000e+00]
2021-02-12 06:43:57,482 - F magnitude: 1.30216803428702e-11
2021-02-12 06:43:57,482 - ========================================
2021-02-12 06:43:57,482 - ===== Reference data output for VNV Type 1a =====
2021-02-12 06:43:57,482 - ========================================
2021-02-12 06:43:57,482 - ---- Input values ----
2021-02-12 06:43:57,482 - V: [    0 30000     0]
2021-02-12 06:43:57,482 - B: [4.782e-09 4.420e-09 0.000e+00]
2021-02-12 06:43:57,483 - l: [0 0 1]
2021-02-12 06:43:57,483 - sigma: 48600000.0
2021-02-12 06:43:57,483 - A: 0.0004704
2021-02-12 06:43:57,483 - Ic: 0.002
2021-02-12 06:43:57,483 - L: 10

2021-02-12 06:43:57,483 - ---- Output values ----
2021-02-12 06:43:57,483 - Em: -0.00014346
2021-02-12 06:43:57,483 - I0: -3.2797021824000003
2021-02-12 06:43:57,483 - ic: -0.0006098114672523261
2021-02-12 06:43:57,483 - lambdaA: 0.011417525427028206
2021-02-12 06:43:57,483 - iavg: 0.0006097188158310912
2021-02-12 06:43:57,483 - Iavg: -0.0019996961309315738
2021-02-12 06:43:57,483 - IavgVector: [-0.        -0.        -0.0019997]
2021-02-12 06:43:57,484 - F: [ 8.8386569e-12 -9.5625469e-12  0.0000000e+00]
2021-02-12 06:43:57,484 - F magnitude: 1.3021680342870199e-11
2021-02-12 06:43:57,500 - ========================================
2021-02-12 06:43:57,500 - ===== Simulation data output for VNV Type 1b =====
2021-02-12 06:43:57,500 - ========================================
2021-02-12 06:43:57,500 - ---- Input values ----
2021-02-12 06:43:57,500 - V: [-5.92978276e-23  3.00000000e+04 -5.58744018e-29]
2021-02-12 06:43:57,500 - B: [4.782e-09 4.420e-09 0.000e+00]
2021-02-12 06:43:57,500 - l: [0. 0. 1.]
2021-02-12 06:43:57,501 - sigma: 48600000.0
2021-02-12 06:43:57,501 - A: 0.0004704
2021-02-12 06:43:57,501 - Ic: 0.002
2021-02-12 06:43:57,501 - L: 10.0

2021-02-12 06:43:57,501 - ---- Output values ----
2021-02-12 06:43:57,501 - Em: -0.00014346
2021-02-12 06:43:57,501 - I0: -3.2797021824
2021-02-12 06:43:57,501 - ic: -0.000609811467252326
2021-02-12 06:43:57,501 - lambdaA: 0.0114175254270282
2021-02-12 06:43:57,501 - iavg: 0.000609718815831091
2021-02-12 06:43:57,501 - Iavg: -0.00199969613093157
2021-02-12 06:43:57,501 - IavgVector: [-0.        -0.        -0.0019997]
2021-02-12 06:43:57,502 - F: [ 8.8386569e-12 -9.5625469e-12  0.0000000e+00]
2021-02-12 06:43:57,502 - F magnitude: 1.30216803428702e-11
2021-02-12 06:43:57,502 - ========================================
2021-02-12 06:43:57,502 - ===== Reference data output for VNV Type 1b =====
2021-02-12 06:43:57,502 - ========================================
2021-02-12 06:43:57,502 - ---- Input values ----
2021-02-12 06:43:57,502 - V: [    0 30000     0]
2021-02-12 06:43:57,502 - B: [4.782e-09 4.420e-09 0.000e+00]
2021-02-12 06:43:57,502 - l: [ 0  0 -1]
2021-02-12 06:43:57,502 - sigma: 48600000.0
2021-02-12 06:43:57,502 - A: 0.0004704
2021-02-12 06:43:57,502 - Ic: 0.002
2021-02-12 06:43:57,502 - L: 10

2021-02-12 06:43:57,503 - ---- Output values ----
2021-02-12 06:43:57,503 - Em: 0.00014346
2021-02-12 06:43:57,503 - I0: 3.2797021824000003
2021-02-12 06:43:57,503 - ic: 0.0006098114672523261
2021-02-12 06:43:57,503 - lambdaA: 0.011412884678320204
2021-02-12 06:43:57,503 - iavg: 0.0006093472288036737
2021-02-12 06:43:57,503 - Iavg: 0.0019984774361468008
2021-02-12 06:43:57,503 - IavgVector: [ 0.          0.         -0.00199848]
2021-02-12 06:43:57,503 - F: [ 8.83327027e-12 -9.55671910e-12  0.00000000e+00]
2021-02-12 06:43:57,503 - F magnitude: 1.3013744410166543e-11
2021-02-12 06:43:57,519 - ========================================
2021-02-12 06:43:57,519 - ===== Simulation data output for VNV Type 2a =====
2021-02-12 06:43:57,519 - ========================================
2021-02-12 06:43:57,520 - ---- Input values ----
2021-02-12 06:43:57,520 - V: [-3180. 16020. 18690.]
2021-02-12 06:43:57,520 - B: [ 1.41267e-09 -1.12623e-09 -5.21451e-09]
2021-02-12 06:43:57,520 - l: [ 0.17583754  0.87544648 -0.45019399]
2021-02-12 06:43:57,520 - sigma: 59520000.0
2021-02-12 06:43:57,520 - A: 0.005
2021-02-12 06:43:57,520 - Ic: 0.0372
2021-02-12 06:43:57,520 - L: 531.0

2021-02-12 06:43:57,520 - ---- Output values ----
2021-02-12 06:43:57,520 - Em: 6.18586343891272e-06
2021-02-12 06:43:57,520 - I0: 1.84091295942042
2021-02-12 06:43:57,521 - ic: 0.0202073649433766
2021-02-12 06:43:57,521 - lambdaA: 0.116973169973874
2021-02-12 06:43:57,521 - iavg: 0.0200014335551242
2021-02-12 06:43:57,521 - Iavg: 0.0368208982386146
2021-02-12 06:43:57,521 - IavgVector: [ 0.0064745   0.03223473 -0.01657655]
2021-02-12 06:43:57,521 - F: [-1.86757304e-10  1.03441342e-11 -5.28288018e-11]
2021-02-12 06:43:57,521 - F magnitude: 1.94360937876862e-10
2021-02-12 06:43:57,521 - ========================================
2021-02-12 06:43:57,521 - ===== Reference data output for VNV Type 2a =====
2021-02-12 06:43:57,521 - ========================================
2021-02-12 06:43:57,521 - ---- Input values ----
2021-02-12 06:43:57,521 - V: [-3180. 16020. 18690.]
2021-02-12 06:43:57,522 - B: [ 1.41267e-09 -1.12623e-09 -5.21451e-09]
2021-02-12 06:43:57,522 - l: [ 0.17583754  0.87544648 -0.45019399]
2021-02-12 06:43:57,522 - sigma: 59520000.0
2021-02-12 06:43:57,522 - A: 0.005
2021-02-12 06:43:57,522 - Ic: 0.0372
2021-02-12 06:43:57,522 - L: 531

2021-02-12 06:43:57,522 - ---- Output values ----
2021-02-12 06:43:57,522 - Em: 6.18586331905313e-06
2021-02-12 06:43:57,522 - I0: 1.8409129237502115
2021-02-12 06:43:57,522 - ic: 0.020207365334922036
2021-02-12 06:43:57,522 - lambdaA: 0.11697317146946196
2021-02-12 06:43:57,522 - iavg: 0.02000143393870115
2021-02-12 06:43:57,523 - Iavg: 0.03682089823129105
2021-02-12 06:43:57,523 - IavgVector: [ 0.0064745   0.03223473 -0.01657655]
2021-02-12 06:43:57,523 - F: [-1.86757304e-10  1.03441345e-11 -5.28288017e-11]
2021-02-12 06:43:57,523 - F magnitude: 1.943609371283146e-10
2021-02-12 06:43:57,523 - ========== whaaaaaaa =================

2021-02-12 06:43:57,524 - ========================================
2021-02-12 06:43:57,524 - ===== Reference data output for VNV Type  =====
2021-02-12 06:43:57,524 - ========================================
2021-02-12 06:43:57,524 - ---- Input values ----
2021-02-12 06:43:57,524 - V: [   0 7350    0]
2021-02-12 06:43:57,524 - B: [ 0.00e+00  0.00e+00 -1.75e-05]
2021-02-12 06:43:57,524 - l: [-1  0  0]
2021-02-12 06:43:57,524 - sigma: 34014000.0
2021-02-12 06:43:57,524 - A: 1.9635e-07
2021-02-12 06:43:57,524 - Ic: 1
2021-02-12 06:43:57,524 - L: 500

2021-02-12 06:43:57,525 - ---- Output values ----
2021-02-12 06:43:57,525 - Em: 0.128625
2021-02-12 06:43:57,525 - I0: 0.8590412147625001
2021-02-12 06:43:57,525 - ic: 1.1640885010115272
2021-02-12 06:43:57,525 - lambdaA: 0.9819684457059389
2021-02-12 06:43:57,525 - iavg: 0.48615527035397776
2021-02-12 06:43:57,525 - Iavg: 0.4176274140080727
2021-02-12 06:43:57,525 - IavgVector: [-0.41762741  0.          0.        ]
2021-02-12 06:43:57,525 - F: [-0.00000000e+00 -7.30847975e-06 -0.00000000e+00]
2021-02-12 06:43:57,525 - F magnitude: 7.308479745141272e-06
