2021-02-12 05:45:27,357 - ========================================
2021-02-12 05:45:27,357 - ===== Simulation data output for VNV Type 1a =====
2021-02-12 05:45:27,357 - ========================================
2021-02-12 05:45:27,357 - ---- Input values ----
2021-02-12 05:45:27,357 - V: [ 1.66666667e-17  0.00000000e+00 -3.29432375e-24]
2021-02-12 05:45:27,357 - B: [-3.29432375e-24  3.00000000e+04 -3.10413343e-30]
2021-02-12 05:45:27,357 - l: L IS NOT YET OUTPUT
2021-02-12 05:45:27,357 - sigma: SIGMA IS NOT YET OUTPUT
2021-02-12 05:45:27,358 - A: A IS NOT YET OUTPUT
2021-02-12 05:45:27,358 - Ic: -0.00199969613093157
2021-02-12 05:45:27,358 - L: GOODWILL

2021-02-12 05:45:27,358 - ---- Output values ----
2021-02-12 05:45:27,358 - Em: -0.00014346
2021-02-12 05:45:27,358 - I0: -3.2797021824
2021-02-12 05:45:27,358 - ic: -0.000609811467252326
2021-02-12 05:45:27,358 - lambdaA: 0.0114175254270282
2021-02-12 05:45:27,358 - iavg: 0.000609718815831091
2021-02-12 05:45:27,358 - Iavg: -0.00199969613093157
2021-02-12 05:45:27,358 - IavgVector: [-0.        -0.        -0.0019997  0.002    ]
2021-02-12 05:45:27,358 - F: [ 8.8386569e-12 -9.5625469e-12  0.0000000e+00]
2021-02-12 05:45:27,359 - F magnitude: 1.30216803428702e-11
2021-02-12 05:45:27,359 - ========================================
2021-02-12 05:45:27,359 - ===== Reference data output for VNV Type 1a =====
2021-02-12 05:45:27,359 - ========================================
2021-02-12 05:45:27,359 - ---- Input values ----
2021-02-12 05:45:27,360 - V: [    0 30000     0]
2021-02-12 05:45:27,360 - B: [4.782e-09 4.420e-09 0.000e+00]
2021-02-12 05:45:27,360 - l: [0 0 1]
2021-02-12 05:45:27,360 - sigma: 48600000.0
2021-02-12 05:45:27,360 - A: 0.0004704
2021-02-12 05:45:27,360 - Ic: 0.002
2021-02-12 05:45:27,360 - L: 10

2021-02-12 05:45:27,360 - ---- Output values ----
2021-02-12 05:45:27,360 - Em: -0.00014346
2021-02-12 05:45:27,361 - I0: -3.2797021824000003
2021-02-12 05:45:27,361 - ic: -0.0006098114672523261
2021-02-12 05:45:27,361 - lambdaA: 0.011417525427028206
2021-02-12 05:45:27,361 - iavg: 0.0006097188158310912
2021-02-12 05:45:27,361 - Iavg: -0.0019996961309315738
2021-02-12 05:45:27,361 - IavgVector: [-0.        -0.        -0.0019997]
2021-02-12 05:45:27,361 - F: [ 8.8386569e-12 -9.5625469e-12  0.0000000e+00]
2021-02-12 05:45:27,361 - F magnitude: 1.3021680342870199e-11
2021-02-12 05:45:27,378 - ========================================
2021-02-12 05:45:27,378 - ===== Simulation data output for VNV Type 1b =====
2021-02-12 05:45:27,378 - ========================================
2021-02-12 05:45:27,378 - ---- Input values ----
2021-02-12 05:45:27,378 - V: [ 1.66666667e-17  0.00000000e+00 -3.29432375e-24]
2021-02-12 05:45:27,378 - B: [-3.29432375e-24  3.00000000e+04 -3.10413343e-30]
2021-02-12 05:45:27,379 - l: L IS NOT YET OUTPUT
2021-02-12 05:45:27,379 - sigma: SIGMA IS NOT YET OUTPUT
2021-02-12 05:45:27,379 - A: A IS NOT YET OUTPUT
2021-02-12 05:45:27,379 - Ic: -0.00199969613093157
2021-02-12 05:45:27,379 - L: GOODWILL

2021-02-12 05:45:27,379 - ---- Output values ----
2021-02-12 05:45:27,379 - Em: -0.00014346
2021-02-12 05:45:27,379 - I0: -3.2797021824
2021-02-12 05:45:27,379 - ic: -0.000609811467252326
2021-02-12 05:45:27,379 - lambdaA: 0.0114175254270282
2021-02-12 05:45:27,379 - iavg: 0.000609718815831091
2021-02-12 05:45:27,379 - Iavg: -0.00199969613093157
2021-02-12 05:45:27,379 - IavgVector: [-0.        -0.        -0.0019997  0.002    ]
2021-02-12 05:45:27,380 - F: [ 8.8386569e-12 -9.5625469e-12  0.0000000e+00]
2021-02-12 05:45:27,380 - F magnitude: 1.30216803428702e-11
2021-02-12 05:45:27,380 - ========================================
2021-02-12 05:45:27,380 - ===== Reference data output for VNV Type 1b =====
2021-02-12 05:45:27,380 - ========================================
2021-02-12 05:45:27,380 - ---- Input values ----
2021-02-12 05:45:27,380 - V: [    0 30000     0]
2021-02-12 05:45:27,380 - B: [4.782e-09 4.420e-09 0.000e+00]
2021-02-12 05:45:27,380 - l: [ 0  0 -1]
2021-02-12 05:45:27,380 - sigma: 48600000.0
2021-02-12 05:45:27,380 - A: 0.0004704
2021-02-12 05:45:27,381 - Ic: 0.002
2021-02-12 05:45:27,381 - L: 10

2021-02-12 05:45:27,381 - ---- Output values ----
2021-02-12 05:45:27,381 - Em: 0.00014346
2021-02-12 05:45:27,381 - I0: 3.2797021824000003
2021-02-12 05:45:27,381 - ic: 0.0006098114672523261
2021-02-12 05:45:27,381 - lambdaA: 0.011412884678320204
2021-02-12 05:45:27,381 - iavg: 0.0006093472288036737
2021-02-12 05:45:27,381 - Iavg: 0.0019984774361468008
2021-02-12 05:45:27,381 - IavgVector: [ 0.          0.         -0.00199848]
2021-02-12 05:45:27,381 - F: [ 8.83327027e-12 -9.55671910e-12  0.00000000e+00]
2021-02-12 05:45:27,381 - F magnitude: 1.3013744410166543e-11
2021-02-12 05:45:27,397 - ========================================
2021-02-12 05:45:27,397 - ===== Simulation data output for VNV Type 2a =====
2021-02-12 05:45:27,397 - ========================================
2021-02-12 05:45:27,397 - ---- Input values ----
2021-02-12 05:45:27,398 - V: [ 8.90000000e-18  1.03833333e-17 -3.18000000e+03]
2021-02-12 05:45:27,398 - B: [-3180. 16020. 18690.]
2021-02-12 05:45:27,398 - l: L IS NOT YET OUTPUT
2021-02-12 05:45:27,398 - sigma: SIGMA IS NOT YET OUTPUT
2021-02-12 05:45:27,398 - A: A IS NOT YET OUTPUT
2021-02-12 05:45:27,398 - Ic: -0.0373204823994501
2021-02-12 05:45:27,398 - L: GOODWILL

2021-02-12 05:45:27,398 - ---- Output values ----
2021-02-12 05:45:27,398 - Em: -1.9049562e-05
2021-02-12 05:45:27,398 - I0: -5.6691496512
2021-02-12 05:45:27,398 - ic: -0.00656183066046348
2021-02-12 05:45:27,399 - lambdaA: 0.0557594365801462
2021-02-12 05:45:27,399 - iavg: 0.00658308294817202
2021-02-12 05:45:27,399 - Iavg: -0.0373204823994501
2021-02-12 05:45:27,399 - IavgVector: [-0.         -0.         -0.03732048  0.0372    ]
2021-02-12 05:45:27,399 - F: [-4.20314469e-11 -5.27215259e-11  0.00000000e+00]
2021-02-12 05:45:27,399 - F magnitude: 6.742552794074e-11
2021-02-12 05:45:27,399 - ========================================
2021-02-12 05:45:27,399 - ===== Reference data output for VNV Type 2a =====
2021-02-12 05:45:27,399 - ========================================
2021-02-12 05:45:27,399 - ---- Input values ----
2021-02-12 05:45:27,399 - V: [-3180. 16020. 18690.]
2021-02-12 05:45:27,400 - B: [ 1.41267e-09 -1.12623e-09 -5.21451e-09]
2021-02-12 05:45:27,400 - l: [ 0.17583754  0.87544648 -0.45019399]
2021-02-12 05:45:27,400 - sigma: 59520000.0
2021-02-12 05:45:27,400 - A: 0.005
2021-02-12 05:45:27,400 - Ic: 0.0372
2021-02-12 05:45:27,400 - L: 531

2021-02-12 05:45:27,400 - ---- Output values ----
2021-02-12 05:45:27,400 - Em: 6.18586331905313e-06
2021-02-12 05:45:27,400 - I0: 1.8409129237502115
2021-02-12 05:45:27,400 - ic: 0.020207365334922036
2021-02-12 05:45:27,400 - lambdaA: 0.11697317146946196
2021-02-12 05:45:27,400 - iavg: 0.02000143393870115
2021-02-12 05:45:27,401 - Iavg: 0.03682089823129105
2021-02-12 05:45:27,401 - IavgVector: [ 0.0064745   0.03223473 -0.01657655]
2021-02-12 05:45:27,401 - F: [-1.86757304e-10  1.03441345e-11 -5.28288017e-11]
2021-02-12 05:45:27,401 - F magnitude: 1.943609371283146e-10
2021-02-12 05:45:27,401 - ========== whaaaaaaa =================

2021-02-12 05:45:27,401 - ========================================
2021-02-12 05:45:27,401 - ===== Reference data output for VNV Type  =====
2021-02-12 05:45:27,401 - ========================================
2021-02-12 05:45:27,401 - ---- Input values ----
2021-02-12 05:45:27,402 - V: [   0 7350    0]
2021-02-12 05:45:27,402 - B: [ 0.00e+00  0.00e+00 -1.75e-05]
2021-02-12 05:45:27,402 - l: [-1  0  0]
2021-02-12 05:45:27,402 - sigma: 34014000.0
2021-02-12 05:45:27,402 - A: 1.9635e-07
2021-02-12 05:45:27,402 - Ic: 1
2021-02-12 05:45:27,402 - L: 500

2021-02-12 05:45:27,402 - ---- Output values ----
2021-02-12 05:45:27,402 - Em: 0.128625
2021-02-12 05:45:27,402 - I0: 0.8590412147625001
2021-02-12 05:45:27,402 - ic: 1.1640885010115272
2021-02-12 05:45:27,402 - lambdaA: 0.9819684457059389
2021-02-12 05:45:27,402 - iavg: 0.48615527035397776
2021-02-12 05:45:27,403 - Iavg: 0.4176274140080727
2021-02-12 05:45:27,403 - IavgVector: [-0.41762741  0.          0.        ]
2021-02-12 05:45:27,403 - F: [-0.00000000e+00 -7.30847975e-06 -0.00000000e+00]
2021-02-12 05:45:27,403 - F magnitude: 7.308479745141272e-06
