2021-06-19 14:06:08,185 - ========================================
2021-06-19 14:06:08,186 - ===== Simulation data output for VNV Type 1a =====
2021-06-19 14:06:08,186 - ========================================
2021-06-19 14:06:08,186 - ---- Input values ----
2021-06-19 14:06:08,186 - V: [-5.92978276e-23  3.00000000e+04 -5.58744018e-29]
2021-06-19 14:06:08,186 - B: [4.782e-09 4.420e-09 0.000e+00]
2021-06-19 14:06:08,186 - l: [0. 0. 1.]
2021-06-19 14:06:08,186 - sigma: 48600000.0
2021-06-19 14:06:08,186 - A: 0.0004704
2021-06-19 14:06:08,186 - Ic: 0.002
2021-06-19 14:06:08,186 - L: 10.0

2021-06-19 14:06:08,186 - ---- Output values ----
2021-06-19 14:06:08,187 - Em: -0.00014346
2021-06-19 14:06:08,187 - I0: -3.2797021824
2021-06-19 14:06:08,187 - ic: -0.000609811467252326
2021-06-19 14:06:08,187 - lambdaA: 0.0114175254270282
2021-06-19 14:06:08,187 - iavg: 0.000609718815831091
2021-06-19 14:06:08,187 - Iavg: -0.00199969613093157
2021-06-19 14:06:08,187 - IavgVector: [0.        0.        0.0019997]
2021-06-19 14:06:08,187 - F: [-8.8386569e-12  9.5625469e-12  0.0000000e+00]
2021-06-19 14:06:08,187 - F magnitude: 1.30216803428702e-11
2021-06-19 14:06:08,187 - ========================================
2021-06-19 14:06:08,187 - ===== Reference data output for VNV Type 1a =====
2021-06-19 14:06:08,187 - ========================================
2021-06-19 14:06:08,187 - ---- Input values ----
2021-06-19 14:06:08,188 - V: [    0 30000     0]
2021-06-19 14:06:08,188 - B: [4.782e-09 4.420e-09 0.000e+00]
2021-06-19 14:06:08,188 - l: [0 0 1]
2021-06-19 14:06:08,188 - sigma: 48600000.0
2021-06-19 14:06:08,188 - A: 0.0004704
2021-06-19 14:06:08,188 - Ic: 0.002
2021-06-19 14:06:08,188 - L: 10

2021-06-19 14:06:08,188 - ---- Output values ----
2021-06-19 14:06:08,188 - Em: -0.00014346
2021-06-19 14:06:08,189 - I0: -3.2797021824000003
2021-06-19 14:06:08,189 - ic: -0.0006098114672523261
2021-06-19 14:06:08,189 - lambdaA: 0.011417525427028206
2021-06-19 14:06:08,189 - iavg: 0.0006097188158310912
2021-06-19 14:06:08,189 - Iavg: -0.0019996961309315738
2021-06-19 14:06:08,189 - IavgVector: [0.        0.        0.0019997]
2021-06-19 14:06:08,189 - F: [-8.8386569e-12  9.5625469e-12  0.0000000e+00]
2021-06-19 14:06:08,189 - F magnitude: 1.30216803428702e-11
2021-06-19 14:06:08,207 - ========================================
2021-06-19 14:06:08,208 - ===== Simulation data output for VNV Type 1b =====
2021-06-19 14:06:08,208 - ========================================
2021-06-19 14:06:08,208 - ---- Input values ----
2021-06-19 14:06:08,208 - V: [-5.92978276e-23  3.00000000e+04 -5.58744018e-29]
2021-06-19 14:06:08,208 - B: [4.782e-09 4.420e-09 0.000e+00]
2021-06-19 14:06:08,208 - l: [ 0.  0. -1.]
2021-06-19 14:06:08,208 - sigma: 48600000.0
2021-06-19 14:06:08,208 - A: 0.0004704
2021-06-19 14:06:08,208 - Ic: 0.002
2021-06-19 14:06:08,208 - L: 10.0

2021-06-19 14:06:08,208 - ---- Output values ----
2021-06-19 14:06:08,208 - Em: 0.00014346
2021-06-19 14:06:08,208 - I0: 3.2797021824
2021-06-19 14:06:08,208 - ic: 0.000609811467252326
2021-06-19 14:06:08,208 - lambdaA: 0.0114128846783202
2021-06-19 14:06:08,208 - iavg: 0.000609347228803674
2021-06-19 14:06:08,209 - Iavg: 0.0019984774361468
2021-06-19 14:06:08,209 - IavgVector: [ 0.          0.         -0.00199848]
2021-06-19 14:06:08,209 - F: [ 8.83327027e-12 -9.55671910e-12  0.00000000e+00]
2021-06-19 14:06:08,209 - F magnitude: 1.30137444101665e-11
2021-06-19 14:06:08,209 - ========================================
2021-06-19 14:06:08,209 - ===== Reference data output for VNV Type 1b =====
2021-06-19 14:06:08,209 - ========================================
2021-06-19 14:06:08,209 - ---- Input values ----
2021-06-19 14:06:08,209 - V: [    0 30000     0]
2021-06-19 14:06:08,209 - B: [4.782e-09 4.420e-09 0.000e+00]
2021-06-19 14:06:08,209 - l: [ 0  0 -1]
2021-06-19 14:06:08,209 - sigma: 48600000.0
2021-06-19 14:06:08,209 - A: 0.0004704
2021-06-19 14:06:08,209 - Ic: 0.002
2021-06-19 14:06:08,210 - L: 10

2021-06-19 14:06:08,210 - ---- Output values ----
2021-06-19 14:06:08,210 - Em: 0.00014346
2021-06-19 14:06:08,210 - I0: 3.2797021824000003
2021-06-19 14:06:08,210 - ic: 0.0006098114672523261
2021-06-19 14:06:08,210 - lambdaA: 0.011412884678320204
2021-06-19 14:06:08,210 - iavg: 0.0006093472288036737
2021-06-19 14:06:08,210 - Iavg: 0.0019984774361468008
2021-06-19 14:06:08,210 - IavgVector: [ 0.          0.         -0.00199848]
2021-06-19 14:06:08,210 - F: [ 8.83327027e-12 -9.55671910e-12  0.00000000e+00]
2021-06-19 14:06:08,210 - F magnitude: 1.3013744410166541e-11
2021-06-19 14:06:08,227 - ========================================
2021-06-19 14:06:08,227 - ===== Simulation data output for VNV Type 2a =====
2021-06-19 14:06:08,227 - ========================================
2021-06-19 14:06:08,227 - ---- Input values ----
2021-06-19 14:06:08,228 - V: [-3180. 16020. 18690.]
2021-06-19 14:06:08,228 - B: [ 1.41267e-09 -1.12623e-09 -5.21451e-09]
2021-06-19 14:06:08,228 - l: [ 0.17583754  0.87544648 -0.45019399]
2021-06-19 14:06:08,228 - sigma: 59520000.0
2021-06-19 14:06:08,228 - A: 0.005
2021-06-19 14:06:08,228 - Ic: 0.0372
2021-06-19 14:06:08,228 - L: 531.0

2021-06-19 14:06:08,228 - ---- Output values ----
2021-06-19 14:06:08,228 - Em: 6.18586343891272e-06
2021-06-19 14:06:08,228 - I0: 1.84091295942042
2021-06-19 14:06:08,228 - ic: 0.0202073649433766
2021-06-19 14:06:08,228 - lambdaA: 0.116973169973874
2021-06-19 14:06:08,228 - iavg: 0.0200014335551242
2021-06-19 14:06:08,228 - Iavg: 0.0368208982386146
2021-06-19 14:06:08,228 - IavgVector: [ 0.0064745   0.03223473 -0.01657655]
2021-06-19 14:06:08,229 - F: [-1.86757304e-10  1.03441342e-11 -5.28288018e-11]
2021-06-19 14:06:08,229 - F magnitude: 1.94360937876862e-10
2021-06-19 14:06:08,229 - ========================================
2021-06-19 14:06:08,229 - ===== Reference data output for VNV Type 2a =====
2021-06-19 14:06:08,229 - ========================================
2021-06-19 14:06:08,229 - ---- Input values ----
2021-06-19 14:06:08,229 - V: [-3180. 16020. 18690.]
2021-06-19 14:06:08,229 - B: [ 1.41267e-09 -1.12623e-09 -5.21451e-09]
2021-06-19 14:06:08,229 - l: [ 0.17583754  0.87544648 -0.45019399]
2021-06-19 14:06:08,229 - sigma: 59520000.0
2021-06-19 14:06:08,229 - A: 0.005
2021-06-19 14:06:08,229 - Ic: 0.0372
2021-06-19 14:06:08,229 - L: 531

2021-06-19 14:06:08,229 - ---- Output values ----
2021-06-19 14:06:08,229 - Em: 6.18586331905313e-06
2021-06-19 14:06:08,229 - I0: 1.8409129237502115
2021-06-19 14:06:08,230 - ic: 0.020207365334922036
2021-06-19 14:06:08,230 - lambdaA: 0.11697317146946196
2021-06-19 14:06:08,230 - iavg: 0.02000143393870115
2021-06-19 14:06:08,230 - Iavg: 0.03682089823129105
2021-06-19 14:06:08,230 - IavgVector: [ 0.0064745   0.03223473 -0.01657655]
2021-06-19 14:06:08,230 - F: [-1.86757304e-10  1.03441345e-11 -5.28288017e-11]
2021-06-19 14:06:08,230 - F magnitude: 1.943609371283146e-10
2021-06-19 14:06:08,230 - ========== whaaaaaaa =================

2021-06-19 14:06:08,231 - ========================================
2021-06-19 14:06:08,231 - ===== Reference data output for VNV Type  =====
2021-06-19 14:06:08,231 - ========================================
2021-06-19 14:06:08,231 - ---- Input values ----
2021-06-19 14:06:08,231 - V: [   0 7350    0]
2021-06-19 14:06:08,231 - B: [ 0.00e+00  0.00e+00 -1.75e-05]
2021-06-19 14:06:08,231 - l: [-1  0  0]
2021-06-19 14:06:08,231 - sigma: 34014000.0
2021-06-19 14:06:08,231 - A: 1.9635e-07
2021-06-19 14:06:08,231 - Ic: 0.01
2021-06-19 14:06:08,231 - L: 500

2021-06-19 14:06:08,231 - ---- Output values ----
2021-06-19 14:06:08,231 - Em: 0.128625
2021-06-19 14:06:08,231 - I0: 0.8590412147625001
2021-06-19 14:06:08,231 - ic: 0.011640885010115272
2021-06-19 14:06:08,231 - lambdaA: 0.08121829767790473
2021-06-19 14:06:08,231 - iavg: 0.011572377948277951
2021-06-19 14:06:08,231 - Iavg: 0.009941149610379459
2021-06-19 14:06:08,232 - IavgVector: [-0.00994115  0.          0.        ]
2021-06-19 14:06:08,232 - F: [-0.00000000e+00 -1.73970118e-07 -0.00000000e+00]
2021-06-19 14:06:08,232 - F magnitude: 1.7397011818164052e-07
