2021-06-19 14:55:42,266 - ========================================
2021-06-19 14:55:42,266 - ===== Simulation data output for VNV Type 1a =====
2021-06-19 14:55:42,267 - ========================================
2021-06-19 14:55:42,267 - ---- Input values ----
2021-06-19 14:55:42,267 - V: [-1.39089678e-09  3.00000000e+04 -3.94714186e-16]
2021-06-19 14:55:42,267 - B: [4.782e-09 4.420e-09 0.000e+00]
2021-06-19 14:55:42,267 - l: [0. 0. 1.]
2021-06-19 14:55:42,267 - sigma: 48600000.0
2021-06-19 14:55:42,267 - A: 0.0004704
2021-06-19 14:55:42,267 - Ic: 0.002
2021-06-19 14:55:42,267 - L: 10.0

2021-06-19 14:55:42,267 - ---- Output values ----
2021-06-19 14:55:42,268 - Em: -0.000143460000000003
2021-06-19 14:55:42,268 - I0: -3.27970218240007
2021-06-19 14:55:42,268 - ic: -0.000609811467252312
2021-06-19 14:55:42,268 - lambdaA: 0.011417525427028
2021-06-19 14:55:42,268 - iavg: 0.000609718815831077
2021-06-19 14:55:42,268 - Iavg: -0.00199969613093157
2021-06-19 14:55:42,268 - IavgVector: [0.        0.        0.0019997]
2021-06-19 14:55:42,268 - F: [-8.8386569e-11  9.5625469e-11  0.0000000e+00]
2021-06-19 14:55:42,268 - F magnitude: 1.04173442742961e-10
2021-06-19 14:55:42,268 - ========================================
2021-06-19 14:55:42,268 - ===== Reference data output for VNV Type 1a =====
2021-06-19 14:55:42,268 - ========================================
2021-06-19 14:55:42,268 - ---- Input values ----
2021-06-19 14:55:42,268 - V: [    0 30000     0]
2021-06-19 14:55:42,269 - B: [4.782e-09 4.420e-09 0.000e+00]
2021-06-19 14:55:42,269 - l: [0 0 1]
2021-06-19 14:55:42,269 - sigma: 48600000.0
2021-06-19 14:55:42,269 - A: 0.0004704
2021-06-19 14:55:42,269 - Ic: 0.002
2021-06-19 14:55:42,269 - L: 10

2021-06-19 14:55:42,269 - ---- Output values ----
2021-06-19 14:55:42,269 - Em: -0.00014346
2021-06-19 14:55:42,269 - I0: -3.2797021824000003
2021-06-19 14:55:42,269 - ic: -0.0006098114672523261
2021-06-19 14:55:42,269 - lambdaA: 0.011417525427028206
2021-06-19 14:55:42,269 - iavg: 0.0006097188158310912
2021-06-19 14:55:42,269 - Iavg: -0.0019996961309315738
2021-06-19 14:55:42,269 - IavgVector: [0.        0.        0.0019997]
2021-06-19 14:55:42,270 - F: [-8.8386569e-12  9.5625469e-12  0.0000000e+00]
2021-06-19 14:55:42,270 - F magnitude: 1.30216803428702e-11
2021-06-19 14:55:42,273 - ========================================
2021-06-19 14:55:42,273 - ===== Simulation data output for VNV Type 1b =====
2021-06-19 14:55:42,273 - ========================================
2021-06-19 14:55:42,273 - ---- Input values ----
2021-06-19 14:55:42,274 - V: [-1.39089678e-09  3.00000000e+04 -3.94714186e-16]
2021-06-19 14:55:42,274 - B: [4.782e-09 4.420e-09 0.000e+00]
2021-06-19 14:55:42,274 - l: [0. 0. 1.]
2021-06-19 14:55:42,274 - sigma: 48600000.0
2021-06-19 14:55:42,274 - A: 0.0004704
2021-06-19 14:55:42,274 - Ic: 0.002
2021-06-19 14:55:42,274 - L: 10.0

2021-06-19 14:55:42,274 - ---- Output values ----
2021-06-19 14:55:42,274 - Em: -0.000143460000000003
2021-06-19 14:55:42,274 - I0: -3.27970218240007
2021-06-19 14:55:42,274 - ic: -0.000609811467252312
2021-06-19 14:55:42,274 - lambdaA: 0.011417525427028
2021-06-19 14:55:42,274 - iavg: 0.000609718815831077
2021-06-19 14:55:42,274 - Iavg: -0.00199969613093157
2021-06-19 14:55:42,275 - IavgVector: [0.        0.        0.0019997]
2021-06-19 14:55:42,275 - F: [-8.8386569e-11  9.5625469e-11  0.0000000e+00]
2021-06-19 14:55:42,275 - F magnitude: 1.04173442742961e-10
2021-06-19 14:55:42,275 - ========================================
2021-06-19 14:55:42,275 - ===== Reference data output for VNV Type 1b =====
2021-06-19 14:55:42,275 - ========================================
2021-06-19 14:55:42,275 - ---- Input values ----
2021-06-19 14:55:42,275 - V: [    0 30000     0]
2021-06-19 14:55:42,275 - B: [4.782e-09 4.420e-09 0.000e+00]
2021-06-19 14:55:42,275 - l: [ 0  0 -1]
2021-06-19 14:55:42,275 - sigma: 48600000.0
2021-06-19 14:55:42,276 - A: 0.0004704
2021-06-19 14:55:42,276 - Ic: 0.002
2021-06-19 14:55:42,276 - L: 10

2021-06-19 14:55:42,276 - ---- Output values ----
2021-06-19 14:55:42,276 - Em: 0.00014346
2021-06-19 14:55:42,276 - I0: 3.2797021824000003
2021-06-19 14:55:42,276 - ic: 0.0006098114672523261
2021-06-19 14:55:42,276 - lambdaA: 0.011412884678320204
2021-06-19 14:55:42,276 - iavg: 0.0006093472288036737
2021-06-19 14:55:42,276 - Iavg: 0.0019984774361468008
2021-06-19 14:55:42,276 - IavgVector: [ 0.          0.         -0.00199848]
2021-06-19 14:55:42,276 - F: [ 8.83327027e-12 -9.55671910e-12  0.00000000e+00]
2021-06-19 14:55:42,276 - F magnitude: 1.3013744410166541e-11
2021-06-19 14:55:42,280 - ========================================
2021-06-19 14:55:42,280 - ===== Simulation data output for VNV Type 2a =====
2021-06-19 14:55:42,280 - ========================================
2021-06-19 14:55:42,280 - ---- Input values ----
2021-06-19 14:55:42,280 - V: [-3180.00000001 16020.         18690.        ]
2021-06-19 14:55:42,280 - B: [ 1.413 -1.126 -5.215]
2021-06-19 14:55:42,281 - l: [ 0.17583754  0.87544648 -0.45019399]
2021-06-19 14:55:42,281 - sigma: 59520000.0
2021-06-19 14:55:42,281 - A: 0.005
2021-06-19 14:55:42,281 - Ic: 0.0372
2021-06-19 14:55:42,281 - L: 531.0

2021-06-19 14:55:42,281 - ---- Output values ----
2021-06-19 14:55:42,281 - Em: 6190.47191452285
2021-06-19 14:55:42,281 - I0: 1842284441.762
2021-06-19 14:55:42,281 - ic: 2.01923216397687e-11
2021-06-19 14:55:42,281 - lambdaA: 1.17709315456004e-07
2021-06-19 14:55:42,281 - iavg: 2.01923216377744e-11
2021-06-19 14:55:42,281 - Iavg: 0.0371999999963259
2021-06-19 14:55:42,281 - IavgVector: [ 0.00654116  0.03256661 -0.01674722]
2021-06-19 14:55:42,281 - F: [-100.19557514    5.54805488  -28.34582118]
2021-06-19 14:55:42,281 - F magnitude: 83.420552938175
2021-06-19 14:55:42,282 - ========================================
2021-06-19 14:55:42,282 - ===== Reference data output for VNV Type 2a =====
2021-06-19 14:55:42,282 - ========================================
2021-06-19 14:55:42,282 - ---- Input values ----
2021-06-19 14:55:42,282 - V: [-3180 16020 18690]
2021-06-19 14:55:42,282 - B: [ 1.413 -1.126 -5.215]
2021-06-19 14:55:42,282 - l: [ 0.176  0.875 -0.45 ]
2021-06-19 14:55:42,282 - sigma: 59520000.0
2021-06-19 14:55:42,282 - A: 0.005
2021-06-19 14:55:42,282 - Ic: 0.0372
2021-06-19 14:55:42,282 - L: 531

2021-06-19 14:55:42,282 - ---- Output values ----
2021-06-19 14:55:42,282 - Em: 6172.234890000002
2021-06-19 14:55:42,282 - I0: 1836857103.264001
2021-06-19 14:55:42,283 - ic: 2.025198363764797e-11
2021-06-19 14:55:42,283 - lambdaA: 1.1794106424441946e-07
2021-06-19 14:55:42,283 - iavg: 2.025198363564365e-11
2021-06-19 14:55:42,283 - Iavg: 0.037199999996318345
2021-06-19 14:55:42,283 - IavgVector: [ 0.0065472  0.03255   -0.01674  ]
2021-06-19 14:55:42,283 - F: [-0.18859749  0.01049003 -0.0533653 ]
2021-06-19 14:55:42,283 - F magnitude: 0.19628272684920406
2021-06-19 14:55:42,284 - ========== whaaaaaaa =================

2021-06-19 14:55:42,284 - ========================================
2021-06-19 14:55:42,284 - ===== Reference data output for VNV Type  =====
2021-06-19 14:55:42,284 - ========================================
2021-06-19 14:55:42,284 - ---- Input values ----
2021-06-19 14:55:42,284 - V: [   0 7350    0]
2021-06-19 14:55:42,284 - B: [ 0.00e+00  0.00e+00 -1.75e-05]
2021-06-19 14:55:42,284 - l: [-1  0  0]
2021-06-19 14:55:42,284 - sigma: 34014000.0
2021-06-19 14:55:42,284 - A: 1.9635e-07
2021-06-19 14:55:42,284 - Ic: 0.01
2021-06-19 14:55:42,285 - L: 500

2021-06-19 14:55:42,285 - ---- Output values ----
2021-06-19 14:55:42,285 - Em: 0.128625
2021-06-19 14:55:42,285 - I0: 0.8590412147625001
2021-06-19 14:55:42,285 - ic: 0.011640885010115272
2021-06-19 14:55:42,285 - lambdaA: 0.08121829767790473
2021-06-19 14:55:42,285 - iavg: 0.011572377948277951
2021-06-19 14:55:42,285 - Iavg: 0.009941149610379459
2021-06-19 14:55:42,285 - IavgVector: [-0.00994115  0.          0.        ]
2021-06-19 14:55:42,285 - F: [-0.00000000e+00 -1.73970118e-07 -0.00000000e+00]
2021-06-19 14:55:42,285 - F magnitude: 1.7397011818164052e-07
