2021-02-12 07:40:25,277 - ========================================
2021-02-12 07:40:25,277 - ===== Simulation data output for VNV Type 1a =====
2021-02-12 07:40:25,277 - ========================================
2021-02-12 07:40:25,277 - ---- Input values ----
2021-02-12 07:40:25,277 - V: [-5.92978276e-23  3.00000000e+04 -5.58744018e-29]
2021-02-12 07:40:25,277 - B: [4.782e-09 4.420e-09 0.000e+00]
2021-02-12 07:40:25,278 - l: [0. 0. 1.]
2021-02-12 07:40:25,278 - sigma: 48600000.0
2021-02-12 07:40:25,278 - A: 0.0004704
2021-02-12 07:40:25,278 - Ic: 0.002
2021-02-12 07:40:25,278 - L: 10.0

2021-02-12 07:40:25,278 - ---- Output values ----
2021-02-12 07:40:25,278 - Em: -0.00014346
2021-02-12 07:40:25,278 - I0: -3.2797021824
2021-02-12 07:40:25,278 - ic: -0.000609811467252326
2021-02-12 07:40:25,278 - lambdaA: 0.0114175254270282
2021-02-12 07:40:25,278 - iavg: 0.000609718815831091
2021-02-12 07:40:25,278 - Iavg: -0.00199969613093157
2021-02-12 07:40:25,278 - IavgVector: [-0.        -0.        -0.0019997]
2021-02-12 07:40:25,278 - F: [ 8.8386569e-12 -9.5625469e-12  0.0000000e+00]
2021-02-12 07:40:25,278 - F magnitude: 1.30216803428702e-11
2021-02-12 07:40:25,278 - ========================================
2021-02-12 07:40:25,278 - ===== Reference data output for VNV Type 1a =====
2021-02-12 07:40:25,279 - ========================================
2021-02-12 07:40:25,279 - ---- Input values ----
2021-02-12 07:40:25,279 - V: [    0 30000     0]
2021-02-12 07:40:25,279 - B: [4.782e-09 4.420e-09 0.000e+00]
2021-02-12 07:40:25,279 - l: [0 0 1]
2021-02-12 07:40:25,279 - sigma: 48600000.0
2021-02-12 07:40:25,279 - A: 0.0004704
2021-02-12 07:40:25,279 - Ic: 0.002
2021-02-12 07:40:25,279 - L: 10

2021-02-12 07:40:25,279 - ---- Output values ----
2021-02-12 07:40:25,279 - Em: -0.00014346
2021-02-12 07:40:25,279 - I0: -3.2797021824000003
2021-02-12 07:40:25,279 - ic: -0.0006098114672523261
2021-02-12 07:40:25,279 - lambdaA: 0.011417525427028206
2021-02-12 07:40:25,279 - iavg: 0.0006097188158310912
2021-02-12 07:40:25,279 - Iavg: -0.0019996961309315738
2021-02-12 07:40:25,279 - IavgVector: [0.        0.        0.0019997]
2021-02-12 07:40:25,280 - F: [-8.8386569e-12  9.5625469e-12  0.0000000e+00]
2021-02-12 07:40:25,280 - F magnitude: 1.3021680342870199e-11
2021-02-12 07:40:25,296 - ========================================
2021-02-12 07:40:25,296 - ===== Simulation data output for VNV Type 1b =====
2021-02-12 07:40:25,296 - ========================================
2021-02-12 07:40:25,296 - ---- Input values ----
2021-02-12 07:40:25,296 - V: [-5.92978276e-23  3.00000000e+04 -5.58744018e-29]
2021-02-12 07:40:25,296 - B: [4.782e-09 4.420e-09 0.000e+00]
2021-02-12 07:40:25,296 - l: [ 0.  0. -1.]
2021-02-12 07:40:25,296 - sigma: 48600000.0
2021-02-12 07:40:25,296 - A: 0.0004704
2021-02-12 07:40:25,297 - Ic: 0.002
2021-02-12 07:40:25,297 - L: 10.0

2021-02-12 07:40:25,297 - ---- Output values ----
2021-02-12 07:40:25,297 - Em: 0.00014346
2021-02-12 07:40:25,297 - I0: 3.2797021824
2021-02-12 07:40:25,297 - ic: 0.000609811467252326
2021-02-12 07:40:25,297 - lambdaA: 0.0114128846783202
2021-02-12 07:40:25,297 - iavg: 0.000609347228803674
2021-02-12 07:40:25,297 - Iavg: 0.0019984774361468
2021-02-12 07:40:25,297 - IavgVector: [ 0.          0.         -0.00199848]
2021-02-12 07:40:25,297 - F: [ 8.83327027e-12 -9.55671910e-12  0.00000000e+00]
2021-02-12 07:40:25,297 - F magnitude: 1.30137444101665e-11
2021-02-12 07:40:25,297 - ========================================
2021-02-12 07:40:25,297 - ===== Reference data output for VNV Type 1b =====
2021-02-12 07:40:25,297 - ========================================
2021-02-12 07:40:25,297 - ---- Input values ----
2021-02-12 07:40:25,297 - V: [    0 30000     0]
2021-02-12 07:40:25,298 - B: [4.782e-09 4.420e-09 0.000e+00]
2021-02-12 07:40:25,298 - l: [ 0  0 -1]
2021-02-12 07:40:25,298 - sigma: 48600000.0
2021-02-12 07:40:25,298 - A: 0.0004704
2021-02-12 07:40:25,298 - Ic: 0.002
2021-02-12 07:40:25,298 - L: 10

2021-02-12 07:40:25,298 - ---- Output values ----
2021-02-12 07:40:25,298 - Em: 0.00014346
2021-02-12 07:40:25,298 - I0: 3.2797021824000003
2021-02-12 07:40:25,298 - ic: 0.0006098114672523261
2021-02-12 07:40:25,298 - lambdaA: 0.011412884678320204
2021-02-12 07:40:25,298 - iavg: 0.0006093472288036737
2021-02-12 07:40:25,298 - Iavg: 0.0019984774361468008
2021-02-12 07:40:25,298 - IavgVector: [ 0.          0.         -0.00199848]
2021-02-12 07:40:25,298 - F: [ 8.83327027e-12 -9.55671910e-12  0.00000000e+00]
2021-02-12 07:40:25,298 - F magnitude: 1.3013744410166543e-11
2021-02-12 07:40:25,315 - ========================================
2021-02-12 07:40:25,315 - ===== Simulation data output for VNV Type 2a =====
2021-02-12 07:40:25,315 - ========================================
2021-02-12 07:40:25,315 - ---- Input values ----
2021-02-12 07:40:25,315 - V: [-3180. 16020. 18690.]
2021-02-12 07:40:25,315 - B: [ 1.41267e-09 -1.12623e-09 -5.21451e-09]
2021-02-12 07:40:25,316 - l: [ 0.17583754  0.87544648 -0.45019399]
2021-02-12 07:40:25,316 - sigma: 59520000.0
2021-02-12 07:40:25,316 - A: 0.005
2021-02-12 07:40:25,316 - Ic: 0.0372
2021-02-12 07:40:25,316 - L: 531.0

2021-02-12 07:40:25,316 - ---- Output values ----
2021-02-12 07:40:25,316 - Em: 6.18586343891272e-06
2021-02-12 07:40:25,316 - I0: 1.84091295942042
2021-02-12 07:40:25,316 - ic: 0.0202073649433766
2021-02-12 07:40:25,316 - lambdaA: 0.116973169973874
2021-02-12 07:40:25,316 - iavg: 0.0200014335551242
2021-02-12 07:40:25,316 - Iavg: 0.0368208982386146
2021-02-12 07:40:25,316 - IavgVector: [ 0.0064745   0.03223473 -0.01657655]
2021-02-12 07:40:25,316 - F: [-1.86757304e-10  1.03441342e-11 -5.28288018e-11]
2021-02-12 07:40:25,316 - F magnitude: 1.94360937876862e-10
2021-02-12 07:40:25,316 - ========================================
2021-02-12 07:40:25,316 - ===== Reference data output for VNV Type 2a =====
2021-02-12 07:40:25,316 - ========================================
2021-02-12 07:40:25,316 - ---- Input values ----
2021-02-12 07:40:25,317 - V: [-3180. 16020. 18690.]
2021-02-12 07:40:25,317 - B: [ 1.41267e-09 -1.12623e-09 -5.21451e-09]
2021-02-12 07:40:25,317 - l: [ 0.17583754  0.87544648 -0.45019399]
2021-02-12 07:40:25,317 - sigma: 59520000.0
2021-02-12 07:40:25,317 - A: 0.005
2021-02-12 07:40:25,317 - Ic: 0.0372
2021-02-12 07:40:25,317 - L: 531

2021-02-12 07:40:25,317 - ---- Output values ----
2021-02-12 07:40:25,317 - Em: 6.18586331905313e-06
2021-02-12 07:40:25,317 - I0: 1.8409129237502115
2021-02-12 07:40:25,317 - ic: 0.020207365334922036
2021-02-12 07:40:25,317 - lambdaA: 0.11697317146946196
2021-02-12 07:40:25,317 - iavg: 0.02000143393870115
2021-02-12 07:40:25,317 - Iavg: 0.03682089823129105
2021-02-12 07:40:25,317 - IavgVector: [ 0.0064745   0.03223473 -0.01657655]
2021-02-12 07:40:25,318 - F: [-1.86757304e-10  1.03441345e-11 -5.28288017e-11]
2021-02-12 07:40:25,318 - F magnitude: 1.943609371283146e-10
2021-02-12 07:40:25,318 - ========== whaaaaaaa =================

2021-02-12 07:40:25,318 - ========================================
2021-02-12 07:40:25,318 - ===== Reference data output for VNV Type  =====
2021-02-12 07:40:25,318 - ========================================
2021-02-12 07:40:25,319 - ---- Input values ----
2021-02-12 07:40:25,319 - V: [   0 7350    0]
2021-02-12 07:40:25,319 - B: [ 0.00e+00  0.00e+00 -1.75e-05]
2021-02-12 07:40:25,319 - l: [-1  0  0]
2021-02-12 07:40:25,319 - sigma: 34014000.0
2021-02-12 07:40:25,319 - A: 1.9635e-07
2021-02-12 07:40:25,319 - Ic: 0.01
2021-02-12 07:40:25,319 - L: 500

2021-02-12 07:40:25,319 - ---- Output values ----
2021-02-12 07:40:25,319 - Em: 0.128625
2021-02-12 07:40:25,319 - I0: 0.8590412147625001
2021-02-12 07:40:25,319 - ic: 0.011640885010115272
2021-02-12 07:40:25,319 - lambdaA: 0.08121829767790473
2021-02-12 07:40:25,320 - iavg: 0.011572377948277951
2021-02-12 07:40:25,320 - Iavg: 0.009941149610379459
2021-02-12 07:40:25,320 - IavgVector: [-0.00994115  0.          0.        ]
2021-02-12 07:40:25,320 - F: [-0.00000000e+00 -1.73970118e-07 -0.00000000e+00]
2021-02-12 07:40:25,320 - F magnitude: 1.7397011818164052e-07
