2021-06-19 15:21:00,129 - ========================================
2021-06-19 15:21:00,130 - ===== Simulation data output for VNV Type 1a =====
2021-06-19 15:21:00,130 - ========================================
2021-06-19 15:21:00,130 - ---- Input values ----
2021-06-19 15:21:00,130 - V: [-1.39090863e-09  3.00000000e+04  0.00000000e+00]
2021-06-19 15:21:00,130 - B: [4.782e-09 4.420e-09 0.000e+00]
2021-06-19 15:21:00,130 - l: [0. 0. 1.]
2021-06-19 15:21:00,130 - sigma: 48600000.0
2021-06-19 15:21:00,130 - A: 0.0004704
2021-06-19 15:21:00,130 - Ic: 0.002
2021-06-19 15:21:00,130 - L: 10.0

2021-06-19 15:21:00,131 - ---- Output values ----
2021-06-19 15:21:00,131 - Em: -0.000143460000000003
2021-06-19 15:21:00,131 - I0: -3.27970218240007
2021-06-19 15:21:00,131 - ic: -0.000609811467252312
2021-06-19 15:21:00,131 - lambdaA: 0.011417525427028
2021-06-19 15:21:00,131 - iavg: 0.000609718815831077
2021-06-19 15:21:00,131 - Iavg: -0.00199969613093157
2021-06-19 15:21:00,131 - IavgVector: [0.        0.        0.0019997]
2021-06-19 15:21:00,131 - F: [-8.8386569e-11  9.5625469e-11  0.0000000e+00]
2021-06-19 15:21:00,131 - F magnitude: 1.30216803428702e-10
2021-06-19 15:21:00,131 - ========================================
2021-06-19 15:21:00,131 - ===== Reference data output for VNV Type 1a =====
2021-06-19 15:21:00,131 - ========================================
2021-06-19 15:21:00,131 - ---- Input values ----
2021-06-19 15:21:00,131 - V: [    0 30000     0]
2021-06-19 15:21:00,132 - B: [4.782e-09 4.420e-09 0.000e+00]
2021-06-19 15:21:00,132 - l: [0 0 1]
2021-06-19 15:21:00,132 - sigma: 48600000.0
2021-06-19 15:21:00,132 - A: 0.0004704
2021-06-19 15:21:00,132 - Ic: 0.002
2021-06-19 15:21:00,132 - L: 10

2021-06-19 15:21:00,132 - ---- Output values ----
2021-06-19 15:21:00,132 - Em: -0.00014346
2021-06-19 15:21:00,132 - I0: -3.2797021824000003
2021-06-19 15:21:00,132 - ic: -0.0006098114672523261
2021-06-19 15:21:00,132 - lambdaA: 0.011417525427028206
2021-06-19 15:21:00,132 - iavg: 0.0006097188158310912
2021-06-19 15:21:00,132 - Iavg: -0.0019996961309315738
2021-06-19 15:21:00,132 - IavgVector: [0.        0.        0.0019997]
2021-06-19 15:21:00,132 - F: [-8.8386569e-11  9.5625469e-11  0.0000000e+00]
2021-06-19 15:21:00,132 - F magnitude: 1.30216803428702e-10
2021-06-19 15:21:00,136 - ========================================
2021-06-19 15:21:00,136 - ===== Simulation data output for VNV Type 1b =====
2021-06-19 15:21:00,136 - ========================================
2021-06-19 15:21:00,136 - ---- Input values ----
2021-06-19 15:21:00,136 - V: [-1.39090863e-09  3.00000000e+04  0.00000000e+00]
2021-06-19 15:21:00,137 - B: [4.782e-09 4.420e-09 0.000e+00]
2021-06-19 15:21:00,137 - l: [ 0.  0. -1.]
2021-06-19 15:21:00,137 - sigma: 48600000.0
2021-06-19 15:21:00,137 - A: 0.0004704
2021-06-19 15:21:00,137 - Ic: 0.002
2021-06-19 15:21:00,137 - L: 10.0

2021-06-19 15:21:00,137 - ---- Output values ----
2021-06-19 15:21:00,137 - Em: 0.000143460000000003
2021-06-19 15:21:00,137 - I0: 3.27970218240007
2021-06-19 15:21:00,137 - ic: 0.000609811467252312
2021-06-19 15:21:00,137 - lambdaA: 0.01141288467832
2021-06-19 15:21:00,137 - iavg: 0.00060934722880366
2021-06-19 15:21:00,138 - Iavg: 0.0019984774361468
2021-06-19 15:21:00,138 - IavgVector: [ 0.          0.         -0.00199848]
2021-06-19 15:21:00,138 - F: [ 8.83327027e-11 -9.55671910e-11  0.00000000e+00]
2021-06-19 15:21:00,138 - F magnitude: 1.30137444101665e-10
2021-06-19 15:21:00,138 - ========================================
2021-06-19 15:21:00,138 - ===== Reference data output for VNV Type 1b =====
2021-06-19 15:21:00,138 - ========================================
2021-06-19 15:21:00,138 - ---- Input values ----
2021-06-19 15:21:00,138 - V: [    0 30000     0]
2021-06-19 15:21:00,138 - B: [4.782e-09 4.420e-09 0.000e+00]
2021-06-19 15:21:00,139 - l: [ 0  0 -1]
2021-06-19 15:21:00,139 - sigma: 48600000.0
2021-06-19 15:21:00,139 - A: 0.0004704
2021-06-19 15:21:00,139 - Ic: 0.002
2021-06-19 15:21:00,139 - L: 10

2021-06-19 15:21:00,139 - ---- Output values ----
2021-06-19 15:21:00,139 - Em: 0.00014346
2021-06-19 15:21:00,139 - I0: 3.2797021824000003
2021-06-19 15:21:00,139 - ic: 0.0006098114672523261
2021-06-19 15:21:00,139 - lambdaA: 0.011412884678320204
2021-06-19 15:21:00,139 - iavg: 0.0006093472288036737
2021-06-19 15:21:00,139 - Iavg: 0.0019984774361468008
2021-06-19 15:21:00,139 - IavgVector: [ 0.          0.         -0.00199848]
2021-06-19 15:21:00,139 - F: [ 8.83327027e-11 -9.55671910e-11  0.00000000e+00]
2021-06-19 15:21:00,139 - F magnitude: 1.301374441016654e-10
2021-06-19 15:21:00,143 - ========================================
2021-06-19 15:21:00,143 - ===== Simulation data output for VNV Type 2a =====
2021-06-19 15:21:00,143 - ========================================
2021-06-19 15:21:00,143 - ---- Input values ----
2021-06-19 15:21:00,143 - V: [-3180. 16020. 18690.]
2021-06-19 15:21:00,143 - B: [ 1.413e-09 -1.126e-09 -5.215e-09]
2021-06-19 15:21:00,144 - l: [ 0.17583754  0.87544648 -0.45019399]
2021-06-19 15:21:00,144 - sigma: 59520000.0
2021-06-19 15:21:00,144 - A: 0.005
2021-06-19 15:21:00,144 - Ic: 0.0372
2021-06-19 15:21:00,144 - L: 531.0

2021-06-19 15:21:00,144 - ---- Output values ----
2021-06-19 15:21:00,144 - Em: 6.19047191453567e-06
2021-06-19 15:21:00,144 - I0: 1.84228444176582
2021-06-19 15:21:00,144 - ic: 0.0201923216397269
2021-06-19 15:21:00,144 - lambdaA: 0.116915701497545
2021-06-19 15:21:00,144 - iavg: 0.0199866962879367
2021-06-19 15:21:00,144 - Iavg: 0.0368211796135644
2021-06-19 15:21:00,144 - IavgVector: [ 0.00647455  0.03223497 -0.01657667]
2021-06-19 15:21:00,144 - F: [-9.91752492e-08  5.49155713e-09 -2.80571659e-08]
2021-06-19 15:21:00,144 - F magnitude: 1.03213815977916e-07
2021-06-19 15:21:00,144 - ========================================
2021-06-19 15:21:00,144 - ===== Reference data output for VNV Type 2a =====
2021-06-19 15:21:00,145 - ========================================
2021-06-19 15:21:00,145 - ---- Input values ----
2021-06-19 15:21:00,145 - V: [-3180 16020 18690]
2021-06-19 15:21:00,145 - B: [ 1.413e-09 -1.126e-09 -5.215e-09]
2021-06-19 15:21:00,145 - l: [ 0.176  0.875 -0.45 ]
2021-06-19 15:21:00,145 - sigma: 59520000.0
2021-06-19 15:21:00,145 - A: 0.005
2021-06-19 15:21:00,145 - Ic: 0.0372
2021-06-19 15:21:00,145 - L: 531

2021-06-19 15:21:00,145 - ---- Output values ----
2021-06-19 15:21:00,145 - Em: 6.1722348900000086e-06
2021-06-19 15:21:00,145 - I0: 1.8368571032640026
2021-06-19 15:21:00,145 - ic: 0.020251983637647953
2021-06-19 15:21:00,145 - lambdaA: 0.11714353430866407
2021-06-19 15:21:00,145 - iavg: 0.02004514320296991
2021-06-19 15:21:00,145 - Iavg: 0.03682006367831942
2021-06-19 15:21:00,146 - IavgVector: [ 0.00648033  0.03221756 -0.01656903]
2021-06-19 15:21:00,146 - F: [-9.91224493e-08  5.51331446e-09 -2.80475576e-08]
2021-06-19 15:21:00,146 - F magnitude: 1.03161630878993e-07
2021-06-19 15:21:00,146 - ========== whaaaaaaa =================

2021-06-19 15:21:00,147 - ========================================
2021-06-19 15:21:00,147 - ===== Reference data output for VNV Type  =====
2021-06-19 15:21:00,147 - ========================================
2021-06-19 15:21:00,147 - ---- Input values ----
2021-06-19 15:21:00,147 - V: [   0 7350    0]
2021-06-19 15:21:00,147 - B: [ 0.00e+00  0.00e+00 -1.75e-05]
2021-06-19 15:21:00,147 - l: [-1  0  0]
2021-06-19 15:21:00,147 - sigma: 34014000.0
2021-06-19 15:21:00,147 - A: 1.9635e-07
2021-06-19 15:21:00,147 - Ic: 0.01
2021-06-19 15:21:00,147 - L: 500

2021-06-19 15:21:00,147 - ---- Output values ----
2021-06-19 15:21:00,147 - Em: 0.128625
2021-06-19 15:21:00,147 - I0: 0.8590412147625001
2021-06-19 15:21:00,147 - ic: 0.011640885010115272
2021-06-19 15:21:00,147 - lambdaA: 0.08121829767790473
2021-06-19 15:21:00,147 - iavg: 0.011572377948277951
2021-06-19 15:21:00,147 - Iavg: 0.009941149610379459
2021-06-19 15:21:00,148 - IavgVector: [-0.00994115  0.          0.        ]
2021-06-19 15:21:00,148 - F: [-0.00000000e+00 -8.69850591e-05 -0.00000000e+00]
2021-06-19 15:21:00,148 - F magnitude: 8.698505909082026e-05
