2021-02-11 17:50:56,987 - ========================================
2021-02-11 17:50:56,987 - ===== Simulation data output for VNV Type 1a =====
2021-02-11 17:50:56,987 - ========================================
2021-02-11 17:50:56,987 - Em: -0.00014346
2021-02-11 17:50:56,987 - I0: -3.2797021824
2021-02-11 17:50:56,987 - ic: -0.000609811467252326
2021-02-11 17:50:56,987 - lambdaA: 0.0114175254270282
2021-02-11 17:50:56,987 - iavg: 0.000609718815831091
2021-02-11 17:50:56,987 - Iavg: -0.00199969613093157
2021-02-11 17:50:56,987 - IavgVector: [-0.        -0.        -0.0019997]
2021-02-11 17:50:56,988 - F: [ 8.8386569e-12 -9.5625469e-12  0.0000000e+00]
2021-02-11 17:50:56,988 - F magnitude: 1.30216803428702e-11
2021-02-11 17:50:56,988 - ========================================
2021-02-11 17:50:56,988 - ===== Reference data output for VNV Type 1a =====
2021-02-11 17:50:56,988 - ========================================
2021-02-11 17:50:56,988 - ---- Input values ----
2021-02-11 17:50:56,988 - V: [    0 30000     0]
2021-02-11 17:50:56,988 - B: [4.782e-09 4.420e-09 0.000e+00]
2021-02-11 17:50:56,988 - l: [0 0 1]
2021-02-11 17:50:56,988 - sigma: 48600000.0
2021-02-11 17:50:56,988 - A: 0.0004704
2021-02-11 17:50:56,988 - Ic: 0.002
2021-02-11 17:50:56,988 - L: 10

2021-02-11 17:50:56,988 - ---- Output values ----
2021-02-11 17:50:56,988 - Em: -0.00014346
2021-02-11 17:50:56,989 - I0: -3.2797021824000003
2021-02-11 17:50:56,989 - ic: -0.0006098114672523261
2021-02-11 17:50:56,989 - lambdaA: 0.011417525427028206
2021-02-11 17:50:56,989 - iavg: 0.0006097188158310912
2021-02-11 17:50:56,989 - Iavg: -0.0019996961309315738
2021-02-11 17:50:56,989 - IavgVector: [-0.        -0.        -0.0019997]
2021-02-11 17:50:56,989 - F: [ 8.8386569e-12 -9.5625469e-12  0.0000000e+00]
2021-02-11 17:50:56,989 - F magnitude: 1.3021680342870199e-11

2021-02-11 17:50:57,007 - ========================================
2021-02-11 17:50:57,007 - ===== Simulation data output for VNV Type 1b ===== ==============================================
2021-02-11 17:50:57,007 - ========================================
2021-02-11 17:50:57,007 - Em: -0.00014346
2021-02-11 17:50:57,007 - I0: -3.2797021824
2021-02-11 17:50:57,007 - ic: -0.000609811467252326
2021-02-11 17:50:57,007 - lambdaA: 0.0114175254270282
2021-02-11 17:50:57,007 - iavg: 0.000609718815831091
2021-02-11 17:50:57,007 - Iavg: -0.00199969613093157
2021-02-11 17:50:57,007 - IavgVector: [-0.        -0.        -0.0019997]
2021-02-11 17:50:57,007 - F: [ 8.8386569e-12 -9.5625469e-12  0.0000000e+00]
2021-02-11 17:50:57,007 - F magnitude: 1.30216803428702e-11

2021-02-11 17:50:57,008 - ========================================
2021-02-11 17:50:57,008 - ===== Reference data output for VNV Type 1b =====
2021-02-11 17:50:57,008 - ========================================
2021-02-11 17:50:57,008 - ---- Input values ----
2021-02-11 17:50:57,008 - V: [    0 30000     0]
2021-02-11 17:50:57,008 - B: [4.782e-09 4.420e-09 0.000e+00]
2021-02-11 17:50:57,008 - l: [ 0  0 -1]
2021-02-11 17:50:57,008 - sigma: 48600000.0
2021-02-11 17:50:57,008 - A: 0.0004704
2021-02-11 17:50:57,008 - Ic: 0.002
2021-02-11 17:50:57,008 - L: 10

2021-02-11 17:50:57,008 - ---- Output values ---- ==========================================================================
2021-02-11 17:50:57,008 - Em: 0.00014346
2021-02-11 17:50:57,008 - I0: 3.2797021824000003
2021-02-11 17:50:57,008 - ic: 0.0006098114672523261
2021-02-11 17:50:57,008 - lambdaA: 0.011412884678320204
2021-02-11 17:50:57,008 - iavg: 0.0006093472288036737
2021-02-11 17:50:57,008 - Iavg: 0.0019984774361468008
2021-02-11 17:50:57,009 - IavgVector: [ 0.          0.         -0.00199848]
2021-02-11 17:50:57,009 - F: [ 8.83327027e-12 -9.55671910e-12  0.00000000e+00]
2021-02-11 17:50:57,009 - F magnitude: 1.3013744410166543e-11

2021-02-11 17:50:57,029 - ========================================
2021-02-11 17:50:57,029 - ===== Simulation data output for VNV Type 2a =====
2021-02-11 17:50:57,030 - ========================================
2021-02-11 17:50:57,030 - Em: -1.9049562e-05
2021-02-11 17:50:57,030 - I0: -5.6691496512
2021-02-11 17:50:57,030 - ic: -0.00656183066046348
2021-02-11 17:50:57,030 - lambdaA: 0.0557594365801462
2021-02-11 17:50:57,030 - iavg: 0.00658308294817202
2021-02-11 17:50:57,030 - Iavg: -0.0373204823994501
2021-02-11 17:50:57,030 - IavgVector: [-0.         -0.         -0.03732048]
2021-02-11 17:50:57,030 - F: [-4.20314469e-11 -5.27215259e-11  0.00000000e+00]
2021-02-11 17:50:57,030 - F magnitude: 6.742552794074e-11
2021-02-11 17:50:57,030 - ========================================
2021-02-11 17:50:57,030 - ===== Reference data output for VNV Type 2a =====
2021-02-11 17:50:57,030 - ========================================
2021-02-11 17:50:57,030 - ---- Input values ----
2021-02-11 17:50:57,030 - V: [-3180. 16020. 18690.]
2021-02-11 17:50:57,031 - B: [ 1.41267e-09 -1.12623e-09 -5.21451e-09]
2021-02-11 17:50:57,031 - l: [ 0.17583754  0.87544648 -0.45019399]
2021-02-11 17:50:57,031 - sigma: 59520000.0
2021-02-11 17:50:57,031 - A: 0.005
2021-02-11 17:50:57,031 - Ic: 0.0372
2021-02-11 17:50:57,031 - L: 531

2021-02-11 17:50:57,031 - ---- Output values ----
2021-02-11 17:50:57,031 - Em: 6.18586331905313e-06
2021-02-11 17:50:57,031 - I0: 1.8409129237502115
2021-02-11 17:50:57,031 - ic: 0.020207365334922036
2021-02-11 17:50:57,031 - lambdaA: 0.11697317146946196
2021-02-11 17:50:57,031 - iavg: 0.02000143393870115
2021-02-11 17:50:57,031 - Iavg: 0.03682089823129105
2021-02-11 17:50:57,031 - IavgVector: [ 0.0064745   0.03223473 -0.01657655]
2021-02-11 17:50:57,031 - F: [-1.86757304e-10  1.03441345e-11 -5.28288017e-11]
2021-02-11 17:50:57,031 - F magnitude: 1.943609371283146e-10
2021-02-11 17:50:57,032 - ========== whaaaaaaa =================

2021-02-11 17:50:57,032 - ========================================
2021-02-11 17:50:57,032 - ===== Reference data output for VNV Type  =====
2021-02-11 17:50:57,032 - ========================================
2021-02-11 17:50:57,032 - ---- Input values ----
2021-02-11 17:50:57,032 - V: [   0 7350    0]
2021-02-11 17:50:57,032 - B: [ 0.00e+00  0.00e+00 -1.75e-05]
2021-02-11 17:50:57,032 - l: [-1  0  0]
2021-02-11 17:50:57,032 - sigma: 34014000.0
2021-02-11 17:50:57,032 - A: 1.9635e-07
2021-02-11 17:50:57,032 - Ic: 1
2021-02-11 17:50:57,032 - L: 500

2021-02-11 17:50:57,032 - ---- Output values ----
2021-02-11 17:50:57,032 - Em: 0.128625
2021-02-11 17:50:57,033 - I0: 0.8590412147625001
2021-02-11 17:50:57,033 - ic: 1.1640885010115272
2021-02-11 17:50:57,033 - lambdaA: 0.9819684457059389
2021-02-11 17:50:57,033 - iavg: 0.48615527035397776
2021-02-11 17:50:57,033 - Iavg: 0.4176274140080727
2021-02-11 17:50:57,033 - IavgVector: [-0.41762741  0.          0.        ]
2021-02-11 17:50:57,033 - F: [-0.00000000e+00 -7.30847975e-06 -0.00000000e+00]
2021-02-11 17:50:57,033 - F magnitude: 7.308479745141272e-06
