2021-02-12 06:15:54,631 - ========================================
2021-02-12 06:15:54,631 - ===== Simulation data output for VNV Type 1a =====
2021-02-12 06:15:54,631 - ========================================
2021-02-12 06:15:54,631 - ---- Input values ----
2021-02-12 06:15:54,631 - V: [-5.92978276e-23  3.00000000e+04 -5.58744018e-29]
2021-02-12 06:15:54,631 - B: [4.782e-09 4.420e-09 0.000e+00]
2021-02-12 06:15:54,632 - l: [0. 0. 1.]
2021-02-12 06:15:54,632 - sigma: 48600000.0
2021-02-12 06:15:54,632 - A: 0.0004704
2021-02-12 06:15:54,632 - Ic: 0.002
2021-02-12 06:15:54,632 - L: 10.0

2021-02-12 06:15:54,632 - ---- Output values ----
2021-02-12 06:15:54,632 - Em: -0.00014346
2021-02-12 06:15:54,632 - I0: -3.2797021824
2021-02-12 06:15:54,632 - ic: -0.000609811467252326
2021-02-12 06:15:54,632 - lambdaA: 0.0114175254270282
2021-02-12 06:15:54,632 - iavg: 0.000609718815831091
2021-02-12 06:15:54,632 - Iavg: -0.00199969613093157
2021-02-12 06:15:54,632 - IavgVector: [-0.        -0.        -0.0019997]
2021-02-12 06:15:54,633 - F: [ 8.8386569e-12 -9.5625469e-12  0.0000000e+00]
2021-02-12 06:15:54,633 - F magnitude: 1.30216803428702e-11
2021-02-12 06:15:54,633 - ========================================
2021-02-12 06:15:54,633 - ===== Reference data output for VNV Type 1a =====
2021-02-12 06:15:54,633 - ========================================
2021-02-12 06:15:54,633 - ---- Input values ----
2021-02-12 06:15:54,633 - V: [    0 30000     0]
2021-02-12 06:15:54,633 - B: [4.782e-09 4.420e-09 0.000e+00]
2021-02-12 06:15:54,633 - l: [0 0 1]
2021-02-12 06:15:54,633 - sigma: 48600000.0
2021-02-12 06:15:54,633 - A: 0.0004704
2021-02-12 06:15:54,633 - Ic: 0.002
2021-02-12 06:15:54,633 - L: 10

2021-02-12 06:15:54,634 - ---- Output values ----
2021-02-12 06:15:54,634 - Em: -0.00014346
2021-02-12 06:15:54,634 - I0: -3.2797021824000003
2021-02-12 06:15:54,634 - ic: -0.0006098114672523261
2021-02-12 06:15:54,634 - lambdaA: 0.011417525427028206
2021-02-12 06:15:54,634 - iavg: 0.0006097188158310912
2021-02-12 06:15:54,634 - Iavg: -0.0019996961309315738
2021-02-12 06:15:54,634 - IavgVector: [-0.        -0.        -0.0019997]
2021-02-12 06:15:54,634 - F: [ 8.8386569e-12 -9.5625469e-12  0.0000000e+00]
2021-02-12 06:15:54,634 - F magnitude: 1.3021680342870199e-11
2021-02-12 06:15:54,657 - ========================================
2021-02-12 06:15:54,657 - ===== Simulation data output for VNV Type 1b =====
2021-02-12 06:15:54,657 - ========================================
2021-02-12 06:15:54,657 - ---- Input values ----
2021-02-12 06:15:54,657 - V: [-5.92978276e-23  3.00000000e+04 -5.58744018e-29]
2021-02-12 06:15:54,657 - B: [4.782e-09 4.420e-09 0.000e+00]
2021-02-12 06:15:54,657 - l: [0. 0. 1.]
2021-02-12 06:15:54,657 - sigma: 48600000.0
2021-02-12 06:15:54,657 - A: 0.0004704
2021-02-12 06:15:54,657 - Ic: 0.002
2021-02-12 06:15:54,657 - L: 10.0

2021-02-12 06:15:54,658 - ---- Output values ----
2021-02-12 06:15:54,658 - Em: -0.00014346
2021-02-12 06:15:54,658 - I0: -3.2797021824
2021-02-12 06:15:54,658 - ic: -0.000609811467252326
2021-02-12 06:15:54,658 - lambdaA: 0.0114175254270282
2021-02-12 06:15:54,658 - iavg: 0.000609718815831091
2021-02-12 06:15:54,658 - Iavg: -0.00199969613093157
2021-02-12 06:15:54,658 - IavgVector: [-0.        -0.        -0.0019997]
2021-02-12 06:15:54,658 - F: [ 8.8386569e-12 -9.5625469e-12  0.0000000e+00]
2021-02-12 06:15:54,658 - F magnitude: 1.30216803428702e-11
2021-02-12 06:15:54,658 - ========================================
2021-02-12 06:15:54,658 - ===== Reference data output for VNV Type 1b =====
2021-02-12 06:15:54,658 - ========================================
2021-02-12 06:15:54,658 - ---- Input values ----
2021-02-12 06:15:54,658 - V: [    0 30000     0]
2021-02-12 06:15:54,658 - B: [4.782e-09 4.420e-09 0.000e+00]
2021-02-12 06:15:54,659 - l: [ 0  0 -1]
2021-02-12 06:15:54,659 - sigma: 48600000.0
2021-02-12 06:15:54,659 - A: 0.0004704
2021-02-12 06:15:54,659 - Ic: 0.002
2021-02-12 06:15:54,659 - L: 10

2021-02-12 06:15:54,659 - ---- Output values ----
2021-02-12 06:15:54,659 - Em: 0.00014346
2021-02-12 06:15:54,659 - I0: 3.2797021824000003
2021-02-12 06:15:54,659 - ic: 0.0006098114672523261
2021-02-12 06:15:54,659 - lambdaA: 0.011412884678320204
2021-02-12 06:15:54,659 - iavg: 0.0006093472288036737
2021-02-12 06:15:54,659 - Iavg: 0.0019984774361468008
2021-02-12 06:15:54,659 - IavgVector: [ 0.          0.         -0.00199848]
2021-02-12 06:15:54,659 - F: [ 8.83327027e-12 -9.55671910e-12  0.00000000e+00]
2021-02-12 06:15:54,659 - F magnitude: 1.3013744410166543e-11
2021-02-12 06:15:54,675 - ========================================
2021-02-12 06:15:54,675 - ===== Simulation data output for VNV Type 2a =====
2021-02-12 06:15:54,675 - ========================================
2021-02-12 06:15:54,675 - ---- Input values ----
2021-02-12 06:15:54,675 - V: [-3180. 16020. 18690.]
2021-02-12 06:15:54,676 - B: [ 1.41267e-09 -1.12623e-09 -5.21451e-09]
2021-02-12 06:15:54,676 - l: [ 0.17583754  0.87544648 -0.45019399]
2021-02-12 06:15:54,676 - sigma: 59520000.0
2021-02-12 06:15:54,676 - A: 0.005
2021-02-12 06:15:54,676 - Ic: 0.0372
2021-02-12 06:15:54,676 - L: 531.0

2021-02-12 06:15:54,676 - ---- Output values ----
2021-02-12 06:15:54,676 - Em: 6.18586343891272e-06
2021-02-12 06:15:54,676 - I0: 1.84091295942042
2021-02-12 06:15:54,676 - ic: 0.0202073649433766
2021-02-12 06:15:54,676 - lambdaA: 0.116973169973874
2021-02-12 06:15:54,676 - iavg: 0.0200014335551242
2021-02-12 06:15:54,676 - Iavg: 0.0368208982386146
2021-02-12 06:15:54,676 - IavgVector: [ 0.0064745   0.03223473 -0.01657655]
2021-02-12 06:15:54,677 - F: [-1.86757304e-10  1.03441342e-11 -5.28288018e-11]
2021-02-12 06:15:54,677 - F magnitude: 1.94360937876862e-10
2021-02-12 06:15:54,677 - ========================================
2021-02-12 06:15:54,677 - ===== Reference data output for VNV Type 2a =====
2021-02-12 06:15:54,677 - ========================================
2021-02-12 06:15:54,677 - ---- Input values ----
2021-02-12 06:15:54,677 - V: [-3180. 16020. 18690.]
2021-02-12 06:15:54,677 - B: [ 1.41267e-09 -1.12623e-09 -5.21451e-09]
2021-02-12 06:15:54,677 - l: [ 0.17583754  0.87544648 -0.45019399]
2021-02-12 06:15:54,677 - sigma: 59520000.0
2021-02-12 06:15:54,677 - A: 0.005
2021-02-12 06:15:54,677 - Ic: 0.0372
2021-02-12 06:15:54,677 - L: 531

2021-02-12 06:15:54,677 - ---- Output values ----
2021-02-12 06:15:54,677 - Em: 6.18586331905313e-06
2021-02-12 06:15:54,677 - I0: 1.8409129237502115
2021-02-12 06:15:54,677 - ic: 0.020207365334922036
2021-02-12 06:15:54,678 - lambdaA: 0.11697317146946196
2021-02-12 06:15:54,678 - iavg: 0.02000143393870115
2021-02-12 06:15:54,678 - Iavg: 0.03682089823129105
2021-02-12 06:15:54,678 - IavgVector: [ 0.0064745   0.03223473 -0.01657655]
2021-02-12 06:15:54,678 - F: [-1.86757304e-10  1.03441345e-11 -5.28288017e-11]
2021-02-12 06:15:54,678 - F magnitude: 1.943609371283146e-10
2021-02-12 06:15:54,678 - ========== whaaaaaaa =================

2021-02-12 06:15:54,678 - ========================================
2021-02-12 06:15:54,678 - ===== Reference data output for VNV Type  =====
2021-02-12 06:15:54,678 - ========================================
2021-02-12 06:15:54,678 - ---- Input values ----
2021-02-12 06:15:54,678 - V: [   0 7350    0]
2021-02-12 06:15:54,679 - B: [ 0.00e+00  0.00e+00 -1.75e-05]
2021-02-12 06:15:54,679 - l: [-1  0  0]
2021-02-12 06:15:54,679 - sigma: 34014000.0
2021-02-12 06:15:54,679 - A: 1.9635e-07
2021-02-12 06:15:54,679 - Ic: 1
2021-02-12 06:15:54,679 - L: 500

2021-02-12 06:15:54,679 - ---- Output values ----
2021-02-12 06:15:54,679 - Em: 0.128625
2021-02-12 06:15:54,679 - I0: 0.8590412147625001
2021-02-12 06:15:54,679 - ic: 1.1640885010115272
2021-02-12 06:15:54,679 - lambdaA: 0.9819684457059389
2021-02-12 06:15:54,679 - iavg: 0.48615527035397776
2021-02-12 06:15:54,679 - Iavg: 0.4176274140080727
2021-02-12 06:15:54,679 - IavgVector: [-0.41762741  0.          0.        ]
2021-02-12 06:15:54,679 - F: [-0.00000000e+00 -7.30847975e-06 -0.00000000e+00]
2021-02-12 06:15:54,679 - F magnitude: 7.308479745141272e-06
