2021-02-12 06:59:27,531 - ========================================
2021-02-12 06:59:27,531 - ===== Simulation data output for VNV Type 1a =====
2021-02-12 06:59:27,531 - ========================================
2021-02-12 06:59:27,531 - ---- Input values ----
2021-02-12 06:59:27,532 - V: [-5.92978276e-23  3.00000000e+04 -5.58744018e-29]
2021-02-12 06:59:27,532 - B: [4.782e-09 4.420e-09 0.000e+00]
2021-02-12 06:59:27,532 - l: [0. 0. 1.]
2021-02-12 06:59:27,532 - sigma: 48600000.0
2021-02-12 06:59:27,532 - A: 0.0004704
2021-02-12 06:59:27,532 - Ic: 0.002
2021-02-12 06:59:27,532 - L: 10.0

2021-02-12 06:59:27,532 - ---- Output values ----
2021-02-12 06:59:27,532 - Em: -0.00014346
2021-02-12 06:59:27,532 - I0: -3.2797021824
2021-02-12 06:59:27,532 - ic: -0.000609811467252326
2021-02-12 06:59:27,532 - lambdaA: 0.0114175254270282
2021-02-12 06:59:27,533 - iavg: 0.000609718815831091
2021-02-12 06:59:27,533 - Iavg: -0.00199969613093157
2021-02-12 06:59:27,533 - IavgVector: [-0.        -0.        -0.0019997]
2021-02-12 06:59:27,533 - F: [ 8.8386569e-12 -9.5625469e-12  0.0000000e+00]
2021-02-12 06:59:27,533 - F magnitude: 1.30216803428702e-11
2021-02-12 06:59:27,533 - ========================================
2021-02-12 06:59:27,533 - ===== Reference data output for VNV Type 1a =====
2021-02-12 06:59:27,533 - ========================================
2021-02-12 06:59:27,533 - ---- Input values ----
2021-02-12 06:59:27,533 - V: [    0 30000     0]
2021-02-12 06:59:27,534 - B: [4.782e-09 4.420e-09 0.000e+00]
2021-02-12 06:59:27,534 - l: [0 0 1]
2021-02-12 06:59:27,534 - sigma: 48600000.0
2021-02-12 06:59:27,534 - A: 0.0004704
2021-02-12 06:59:27,534 - Ic: 0.002
2021-02-12 06:59:27,534 - L: 10

2021-02-12 06:59:27,534 - ---- Output values ----
2021-02-12 06:59:27,534 - Em: -0.00014346
2021-02-12 06:59:27,534 - I0: -3.2797021824000003
2021-02-12 06:59:27,534 - ic: -0.0006098114672523261
2021-02-12 06:59:27,534 - lambdaA: 0.011417525427028206
2021-02-12 06:59:27,534 - iavg: 0.0006097188158310912
2021-02-12 06:59:27,534 - Iavg: -0.0019996961309315738
2021-02-12 06:59:27,535 - IavgVector: [-0.        -0.        -0.0019997]
2021-02-12 06:59:27,535 - F: [ 8.8386569e-12 -9.5625469e-12  0.0000000e+00]
2021-02-12 06:59:27,535 - F magnitude: 1.3021680342870199e-11
2021-02-12 06:59:27,552 - ========================================
2021-02-12 06:59:27,552 - ===== Simulation data output for VNV Type 1b =====
2021-02-12 06:59:27,552 - ========================================
2021-02-12 06:59:27,552 - ---- Input values ----
2021-02-12 06:59:27,553 - V: [-5.92978276e-23  3.00000000e+04 -5.58744018e-29]
2021-02-12 06:59:27,553 - B: [4.782e-09 4.420e-09 0.000e+00]
2021-02-12 06:59:27,553 - l: [0. 0. 1.]
2021-02-12 06:59:27,553 - sigma: 48600000.0
2021-02-12 06:59:27,553 - A: 0.0004704
2021-02-12 06:59:27,553 - Ic: 0.002
2021-02-12 06:59:27,553 - L: 10.0

2021-02-12 06:59:27,553 - ---- Output values ----
2021-02-12 06:59:27,554 - Em: -0.00014346
2021-02-12 06:59:27,554 - I0: -3.2797021824
2021-02-12 06:59:27,554 - ic: -0.000609811467252326
2021-02-12 06:59:27,554 - lambdaA: 0.0114175254270282
2021-02-12 06:59:27,554 - iavg: 0.000609718815831091
2021-02-12 06:59:27,554 - Iavg: -0.00199969613093157
2021-02-12 06:59:27,554 - IavgVector: [-0.        -0.        -0.0019997]
2021-02-12 06:59:27,554 - F: [ 8.8386569e-12 -9.5625469e-12  0.0000000e+00]
2021-02-12 06:59:27,554 - F magnitude: 1.30216803428702e-11
2021-02-12 06:59:27,554 - ========================================
2021-02-12 06:59:27,555 - ===== Reference data output for VNV Type 1b =====
2021-02-12 06:59:27,555 - ========================================
2021-02-12 06:59:27,555 - ---- Input values ----
2021-02-12 06:59:27,555 - V: [    0 30000     0]
2021-02-12 06:59:27,555 - B: [4.782e-09 4.420e-09 0.000e+00]
2021-02-12 06:59:27,555 - l: [ 0  0 -1]
2021-02-12 06:59:27,555 - sigma: 48600000.0
2021-02-12 06:59:27,555 - A: 0.0004704
2021-02-12 06:59:27,555 - Ic: 0.002
2021-02-12 06:59:27,555 - L: 10

2021-02-12 06:59:27,556 - ---- Output values ----
2021-02-12 06:59:27,556 - Em: 0.00014346
2021-02-12 06:59:27,556 - I0: 3.2797021824000003
2021-02-12 06:59:27,556 - ic: 0.0006098114672523261
2021-02-12 06:59:27,556 - lambdaA: 0.011412884678320204
2021-02-12 06:59:27,556 - iavg: 0.0006093472288036737
2021-02-12 06:59:27,556 - Iavg: 0.0019984774361468008
2021-02-12 06:59:27,556 - IavgVector: [ 0.          0.         -0.00199848]
2021-02-12 06:59:27,556 - F: [ 8.83327027e-12 -9.55671910e-12  0.00000000e+00]
2021-02-12 06:59:27,556 - F magnitude: 1.3013744410166543e-11
2021-02-12 06:59:27,574 - ========================================
2021-02-12 06:59:27,575 - ===== Simulation data output for VNV Type 2a =====
2021-02-12 06:59:27,575 - ========================================
2021-02-12 06:59:27,575 - ---- Input values ----
2021-02-12 06:59:27,575 - V: [-3180. 16020. 18690.]
2021-02-12 06:59:27,575 - B: [ 1.41267e-09 -1.12623e-09 -5.21451e-09]
2021-02-12 06:59:27,575 - l: [ 0.17583754  0.87544648 -0.45019399]
2021-02-12 06:59:27,575 - sigma: 59520000.0
2021-02-12 06:59:27,575 - A: 0.005
2021-02-12 06:59:27,575 - Ic: 0.0372
2021-02-12 06:59:27,575 - L: 531.0

2021-02-12 06:59:27,575 - ---- Output values ----
2021-02-12 06:59:27,576 - Em: 6.18586343891272e-06
2021-02-12 06:59:27,576 - I0: 1.84091295942042
2021-02-12 06:59:27,576 - ic: 0.0202073649433766
2021-02-12 06:59:27,576 - lambdaA: 0.116973169973874
2021-02-12 06:59:27,576 - iavg: 0.0200014335551242
2021-02-12 06:59:27,576 - Iavg: 0.0368208982386146
2021-02-12 06:59:27,576 - IavgVector: [ 0.0064745   0.03223473 -0.01657655]
2021-02-12 06:59:27,576 - F: [-1.86757304e-10  1.03441342e-11 -5.28288018e-11]
2021-02-12 06:59:27,576 - F magnitude: 1.94360937876862e-10
2021-02-12 06:59:27,576 - ========================================
2021-02-12 06:59:27,576 - ===== Reference data output for VNV Type 2a =====
2021-02-12 06:59:27,576 - ========================================
2021-02-12 06:59:27,576 - ---- Input values ----
2021-02-12 06:59:27,576 - V: [-3180. 16020. 18690.]
2021-02-12 06:59:27,577 - B: [ 1.41267e-09 -1.12623e-09 -5.21451e-09]
2021-02-12 06:59:27,577 - l: [ 0.17583754  0.87544648 -0.45019399]
2021-02-12 06:59:27,577 - sigma: 59520000.0
2021-02-12 06:59:27,577 - A: 0.005
2021-02-12 06:59:27,577 - Ic: 0.0372
2021-02-12 06:59:27,577 - L: 531

2021-02-12 06:59:27,577 - ---- Output values ----
2021-02-12 06:59:27,577 - Em: 6.18586331905313e-06
2021-02-12 06:59:27,577 - I0: 1.8409129237502115
2021-02-12 06:59:27,577 - ic: 0.020207365334922036
2021-02-12 06:59:27,577 - lambdaA: 0.11697317146946196
2021-02-12 06:59:27,577 - iavg: 0.02000143393870115
2021-02-12 06:59:27,577 - Iavg: 0.03682089823129105
2021-02-12 06:59:27,578 - IavgVector: [ 0.0064745   0.03223473 -0.01657655]
2021-02-12 06:59:27,578 - F: [-1.86757304e-10  1.03441345e-11 -5.28288017e-11]
2021-02-12 06:59:27,578 - F magnitude: 1.943609371283146e-10
2021-02-12 06:59:27,584 - ========== whaaaaaaa =================

2021-02-12 06:59:27,584 - ========================================
2021-02-12 06:59:27,584 - ===== Reference data output for VNV Type  =====
2021-02-12 06:59:27,584 - ========================================
2021-02-12 06:59:27,584 - ---- Input values ----
2021-02-12 06:59:27,584 - V: [   0 7350    0]
2021-02-12 06:59:27,584 - B: [ 0.00e+00  0.00e+00 -1.75e-05]
2021-02-12 06:59:27,584 - l: [-1  0  0]
2021-02-12 06:59:27,585 - sigma: 34014000.0
2021-02-12 06:59:27,585 - A: 1.9635e-07
2021-02-12 06:59:27,585 - Ic: 0.01
2021-02-12 06:59:27,585 - L: 500

2021-02-12 06:59:27,585 - ---- Output values ----
2021-02-12 06:59:27,585 - Em: 0.128625
2021-02-12 06:59:27,585 - I0: 0.8590412147625001
2021-02-12 06:59:27,585 - ic: 0.011640885010115272
2021-02-12 06:59:27,585 - lambdaA: 0.08121829767790473
2021-02-12 06:59:27,585 - iavg: 0.011572377948277951
2021-02-12 06:59:27,585 - Iavg: 0.009941149610379459
2021-02-12 06:59:27,585 - IavgVector: [-0.00994115  0.          0.        ]
2021-02-12 06:59:27,585 - F: [-0.00000000e+00 -1.73970118e-07 -0.00000000e+00]
2021-02-12 06:59:27,585 - F magnitude: 1.7397011818164052e-07
