2021-02-12 06:42:11,317 - ========================================
2021-02-12 06:42:11,318 - ===== Simulation data output for VNV Type 1a =====
2021-02-12 06:42:11,318 - ========================================
2021-02-12 06:42:11,318 - ---- Input values ----
2021-02-12 06:42:11,318 - V: [-5.92978276e-23  3.00000000e+04 -5.58744018e-29]
2021-02-12 06:42:11,318 - B: [4.782e-09 4.420e-09 0.000e+00]
2021-02-12 06:42:11,318 - l: [0. 0. 1.]
2021-02-12 06:42:11,318 - sigma: 48600000.0
2021-02-12 06:42:11,318 - A: 0.0004704
2021-02-12 06:42:11,318 - Ic: 0.002
2021-02-12 06:42:11,319 - L: 10.0

2021-02-12 06:42:11,319 - ---- Output values ----
2021-02-12 06:42:11,319 - Em: -0.00014346
2021-02-12 06:42:11,319 - I0: -3.2797021824
2021-02-12 06:42:11,319 - ic: -0.000609811467252326
2021-02-12 06:42:11,319 - lambdaA: 0.0114175254270282
2021-02-12 06:42:11,319 - iavg: 0.000609718815831091
2021-02-12 06:42:11,319 - Iavg: -0.00199969613093157
2021-02-12 06:42:11,319 - IavgVector: [-0.        -0.        -0.0019997]
2021-02-12 06:42:11,319 - F: [ 8.8386569e-12 -9.5625469e-12  0.0000000e+00]
2021-02-12 06:42:11,319 - F magnitude: 1.30216803428702e-11
2021-02-12 06:42:11,319 - ========================================
2021-02-12 06:42:11,319 - ===== Reference data output for VNV Type 1a =====
2021-02-12 06:42:11,319 - ========================================
2021-02-12 06:42:11,320 - ---- Input values ----
2021-02-12 06:42:11,320 - V: [    0 30000     0]
2021-02-12 06:42:11,320 - B: [4.782e-09 4.420e-09 0.000e+00]
2021-02-12 06:42:11,320 - l: [0 0 1]
2021-02-12 06:42:11,320 - sigma: 48600000.0
2021-02-12 06:42:11,320 - A: 0.0004704
2021-02-12 06:42:11,320 - Ic: 0.002
2021-02-12 06:42:11,320 - L: 10

2021-02-12 06:42:11,320 - ---- Output values ----
2021-02-12 06:42:11,320 - Em: -0.00014346
2021-02-12 06:42:11,320 - I0: -3.2797021824000003
2021-02-12 06:42:11,320 - ic: -0.0006098114672523261
2021-02-12 06:42:11,320 - lambdaA: 0.011417525427028206
2021-02-12 06:42:11,321 - iavg: 0.0006097188158310912
2021-02-12 06:42:11,321 - Iavg: -0.0019996961309315738
2021-02-12 06:42:11,321 - IavgVector: [-0.        -0.        -0.0019997]
2021-02-12 06:42:11,321 - F: [ 8.8386569e-12 -9.5625469e-12  0.0000000e+00]
2021-02-12 06:42:11,321 - F magnitude: 1.3021680342870199e-11
2021-02-12 06:42:11,344 - ========================================
2021-02-12 06:42:11,344 - ===== Simulation data output for VNV Type 1b =====
2021-02-12 06:42:11,344 - ========================================
2021-02-12 06:42:11,344 - ---- Input values ----
2021-02-12 06:42:11,345 - V: [-5.92978276e-23  3.00000000e+04 -5.58744018e-29]
2021-02-12 06:42:11,345 - B: [4.782e-09 4.420e-09 0.000e+00]
2021-02-12 06:42:11,345 - l: [0. 0. 1.]
2021-02-12 06:42:11,345 - sigma: 48600000.0
2021-02-12 06:42:11,345 - A: 0.0004704
2021-02-12 06:42:11,345 - Ic: 0.002
2021-02-12 06:42:11,345 - L: 10.0

2021-02-12 06:42:11,345 - ---- Output values ----
2021-02-12 06:42:11,345 - Em: -0.00014346
2021-02-12 06:42:11,345 - I0: -3.2797021824
2021-02-12 06:42:11,345 - ic: -0.000609811467252326
2021-02-12 06:42:11,345 - lambdaA: 0.0114175254270282
2021-02-12 06:42:11,345 - iavg: 0.000609718815831091
2021-02-12 06:42:11,345 - Iavg: -0.00199969613093157
2021-02-12 06:42:11,345 - IavgVector: [-0.        -0.        -0.0019997]
2021-02-12 06:42:11,346 - F: [ 8.8386569e-12 -9.5625469e-12  0.0000000e+00]
2021-02-12 06:42:11,346 - F magnitude: 1.30216803428702e-11
2021-02-12 06:42:11,346 - ========================================
2021-02-12 06:42:11,346 - ===== Reference data output for VNV Type 1b =====
2021-02-12 06:42:11,346 - ========================================
2021-02-12 06:42:11,346 - ---- Input values ----
2021-02-12 06:42:11,346 - V: [    0 30000     0]
2021-02-12 06:42:11,346 - B: [4.782e-09 4.420e-09 0.000e+00]
2021-02-12 06:42:11,346 - l: [ 0  0 -1]
2021-02-12 06:42:11,346 - sigma: 48600000.0
2021-02-12 06:42:11,346 - A: 0.0004704
2021-02-12 06:42:11,346 - Ic: 0.002
2021-02-12 06:42:11,346 - L: 10

2021-02-12 06:42:11,346 - ---- Output values ----
2021-02-12 06:42:11,346 - Em: 0.00014346
2021-02-12 06:42:11,346 - I0: 3.2797021824000003
2021-02-12 06:42:11,347 - ic: 0.0006098114672523261
2021-02-12 06:42:11,347 - lambdaA: 0.011412884678320204
2021-02-12 06:42:11,347 - iavg: 0.0006093472288036737
2021-02-12 06:42:11,347 - Iavg: 0.0019984774361468008
2021-02-12 06:42:11,347 - IavgVector: [ 0.          0.         -0.00199848]
2021-02-12 06:42:11,347 - F: [ 8.83327027e-12 -9.55671910e-12  0.00000000e+00]
2021-02-12 06:42:11,347 - F magnitude: 1.3013744410166543e-11
2021-02-12 06:42:11,363 - ========================================
2021-02-12 06:42:11,364 - ===== Simulation data output for VNV Type 2a =====
2021-02-12 06:42:11,364 - ========================================
2021-02-12 06:42:11,364 - ---- Input values ----
2021-02-12 06:42:11,364 - V: [-3180. 16020. 18690.]
2021-02-12 06:42:11,364 - B: [ 1.41267e-09 -1.12623e-09 -5.21451e-09]
2021-02-12 06:42:11,364 - l: [ 0.17583754  0.87544648 -0.45019399]
2021-02-12 06:42:11,364 - sigma: 59520000.0
2021-02-12 06:42:11,364 - A: 0.005
2021-02-12 06:42:11,364 - Ic: 0.0372
2021-02-12 06:42:11,364 - L: 531.0

2021-02-12 06:42:11,364 - ---- Output values ----
2021-02-12 06:42:11,364 - Em: 6.18586343891272e-06
2021-02-12 06:42:11,364 - I0: 1.84091295942042
2021-02-12 06:42:11,365 - ic: 0.0202073649433766
2021-02-12 06:42:11,365 - lambdaA: 0.116973169973874
2021-02-12 06:42:11,365 - iavg: 0.0200014335551242
2021-02-12 06:42:11,365 - Iavg: 0.0368208982386146
2021-02-12 06:42:11,365 - IavgVector: [ 0.0064745   0.03223473 -0.01657655]
2021-02-12 06:42:11,365 - F: [-1.86757304e-10  1.03441342e-11 -5.28288018e-11]
2021-02-12 06:42:11,365 - F magnitude: 1.94360937876862e-10
2021-02-12 06:42:11,365 - ========================================
2021-02-12 06:42:11,365 - ===== Reference data output for VNV Type 2a =====
2021-02-12 06:42:11,365 - ========================================
2021-02-12 06:42:11,365 - ---- Input values ----
2021-02-12 06:42:11,365 - V: [-3180. 16020. 18690.]
2021-02-12 06:42:11,365 - B: [ 1.41267e-09 -1.12623e-09 -5.21451e-09]
2021-02-12 06:42:11,366 - l: [ 0.17583754  0.87544648 -0.45019399]
2021-02-12 06:42:11,366 - sigma: 59520000.0
2021-02-12 06:42:11,366 - A: 0.005
2021-02-12 06:42:11,366 - Ic: 0.0372
2021-02-12 06:42:11,366 - L: 531

2021-02-12 06:42:11,366 - ---- Output values ----
2021-02-12 06:42:11,366 - Em: 6.18586331905313e-06
2021-02-12 06:42:11,366 - I0: 1.8409129237502115
2021-02-12 06:42:11,366 - ic: 0.020207365334922036
2021-02-12 06:42:11,366 - lambdaA: 0.11697317146946196
2021-02-12 06:42:11,366 - iavg: 0.02000143393870115
2021-02-12 06:42:11,366 - Iavg: 0.03682089823129105
2021-02-12 06:42:11,366 - IavgVector: [ 0.0064745   0.03223473 -0.01657655]
2021-02-12 06:42:11,366 - F: [-1.86757304e-10  1.03441345e-11 -5.28288017e-11]
2021-02-12 06:42:11,367 - F magnitude: 1.943609371283146e-10
2021-02-12 06:42:11,367 - ========== whaaaaaaa =================

2021-02-12 06:42:11,367 - ========================================
2021-02-12 06:42:11,367 - ===== Reference data output for VNV Type  =====
2021-02-12 06:42:11,367 - ========================================
2021-02-12 06:42:11,367 - ---- Input values ----
2021-02-12 06:42:11,368 - V: [   0 7350    0]
2021-02-12 06:42:11,368 - B: [ 0.00e+00  0.00e+00 -1.75e-05]
2021-02-12 06:42:11,368 - l: [-1  0  0]
2021-02-12 06:42:11,368 - sigma: 34014000.0
2021-02-12 06:42:11,368 - A: 1.9635e-07
2021-02-12 06:42:11,368 - Ic: 1
2021-02-12 06:42:11,368 - L: 500

2021-02-12 06:42:11,368 - ---- Output values ----
2021-02-12 06:42:11,368 - Em: 0.128625
2021-02-12 06:42:11,368 - I0: 0.8590412147625001
2021-02-12 06:42:11,368 - ic: 1.1640885010115272
2021-02-12 06:42:11,368 - lambdaA: 0.9819684457059389
2021-02-12 06:42:11,368 - iavg: 0.48615527035397776
2021-02-12 06:42:11,368 - Iavg: 0.4176274140080727
2021-02-12 06:42:11,369 - IavgVector: [-0.41762741  0.          0.        ]
2021-02-12 06:42:11,369 - F: [-0.00000000e+00 -7.30847975e-06 -0.00000000e+00]
2021-02-12 06:42:11,369 - F magnitude: 7.308479745141272e-06
