2021-02-12 06:48:45,233 - ========================================
2021-02-12 06:48:45,233 - ===== Simulation data output for VNV Type 1a =====
2021-02-12 06:48:45,233 - ========================================
2021-02-12 06:48:45,234 - ---- Input values ----
2021-02-12 06:48:45,234 - V: [-5.92978276e-23  3.00000000e+04 -5.58744018e-29]
2021-02-12 06:48:45,234 - B: [4.782e-09 4.420e-09 0.000e+00]
2021-02-12 06:48:45,234 - l: [0. 0. 1.]
2021-02-12 06:48:45,234 - sigma: 48600000.0
2021-02-12 06:48:45,234 - A: 0.0004704
2021-02-12 06:48:45,234 - Ic: 0.002
2021-02-12 06:48:45,234 - L: 10.0

2021-02-12 06:48:45,234 - ---- Output values ----
2021-02-12 06:48:45,234 - Em: -0.00014346
2021-02-12 06:48:45,235 - I0: -3.2797021824
2021-02-12 06:48:45,235 - ic: -0.000609811467252326
2021-02-12 06:48:45,235 - lambdaA: 0.0114175254270282
2021-02-12 06:48:45,235 - iavg: 0.000609718815831091
2021-02-12 06:48:45,235 - Iavg: -0.00199969613093157
2021-02-12 06:48:45,235 - IavgVector: [-0.        -0.        -0.0019997]
2021-02-12 06:48:45,235 - F: [ 8.8386569e-12 -9.5625469e-12  0.0000000e+00]
2021-02-12 06:48:45,235 - F magnitude: 1.30216803428702e-11
2021-02-12 06:48:45,235 - ========================================
2021-02-12 06:48:45,235 - ===== Reference data output for VNV Type 1a =====
2021-02-12 06:48:45,235 - ========================================
2021-02-12 06:48:45,235 - ---- Input values ----
2021-02-12 06:48:45,236 - V: [    0 30000     0]
2021-02-12 06:48:45,236 - B: [4.782e-09 4.420e-09 0.000e+00]
2021-02-12 06:48:45,236 - l: [0 0 1]
2021-02-12 06:48:45,236 - sigma: 48600000.0
2021-02-12 06:48:45,236 - A: 0.0004704
2021-02-12 06:48:45,236 - Ic: 0.002
2021-02-12 06:48:45,236 - L: 10

2021-02-12 06:48:45,236 - ---- Output values ----
2021-02-12 06:48:45,236 - Em: -0.00014346
2021-02-12 06:48:45,236 - I0: -3.2797021824000003
2021-02-12 06:48:45,236 - ic: -0.0006098114672523261
2021-02-12 06:48:45,236 - lambdaA: 0.011417525427028206
2021-02-12 06:48:45,236 - iavg: 0.0006097188158310912
2021-02-12 06:48:45,236 - Iavg: -0.0019996961309315738
2021-02-12 06:48:45,237 - IavgVector: [-0.        -0.        -0.0019997]
2021-02-12 06:48:45,237 - F: [ 8.8386569e-12 -9.5625469e-12  0.0000000e+00]
2021-02-12 06:48:45,237 - F magnitude: 1.3021680342870199e-11
2021-02-12 06:48:45,258 - ========================================
2021-02-12 06:48:45,258 - ===== Simulation data output for VNV Type 1b =====
2021-02-12 06:48:45,259 - ========================================
2021-02-12 06:48:45,259 - ---- Input values ----
2021-02-12 06:48:45,259 - V: [-5.92978276e-23  3.00000000e+04 -5.58744018e-29]
2021-02-12 06:48:45,259 - B: [4.782e-09 4.420e-09 0.000e+00]
2021-02-12 06:48:45,259 - l: [0. 0. 1.]
2021-02-12 06:48:45,259 - sigma: 48600000.0
2021-02-12 06:48:45,259 - A: 0.0004704
2021-02-12 06:48:45,259 - Ic: 0.002
2021-02-12 06:48:45,259 - L: 10.0

2021-02-12 06:48:45,259 - ---- Output values ----
2021-02-12 06:48:45,260 - Em: -0.00014346
2021-02-12 06:48:45,260 - I0: -3.2797021824
2021-02-12 06:48:45,260 - ic: -0.000609811467252326
2021-02-12 06:48:45,260 - lambdaA: 0.0114175254270282
2021-02-12 06:48:45,260 - iavg: 0.000609718815831091
2021-02-12 06:48:45,260 - Iavg: -0.00199969613093157
2021-02-12 06:48:45,260 - IavgVector: [-0.        -0.        -0.0019997]
2021-02-12 06:48:45,260 - F: [ 8.8386569e-12 -9.5625469e-12  0.0000000e+00]
2021-02-12 06:48:45,260 - F magnitude: 1.30216803428702e-11
2021-02-12 06:48:45,260 - ========================================
2021-02-12 06:48:45,260 - ===== Reference data output for VNV Type 1b =====
2021-02-12 06:48:45,260 - ========================================
2021-02-12 06:48:45,260 - ---- Input values ----
2021-02-12 06:48:45,261 - V: [    0 30000     0]
2021-02-12 06:48:45,261 - B: [4.782e-09 4.420e-09 0.000e+00]
2021-02-12 06:48:45,261 - l: [ 0  0 -1]
2021-02-12 06:48:45,261 - sigma: 48600000.0
2021-02-12 06:48:45,261 - A: 0.0004704
2021-02-12 06:48:45,261 - Ic: 0.002
2021-02-12 06:48:45,261 - L: 10

2021-02-12 06:48:45,261 - ---- Output values ----
2021-02-12 06:48:45,261 - Em: 0.00014346
2021-02-12 06:48:45,261 - I0: 3.2797021824000003
2021-02-12 06:48:45,261 - ic: 0.0006098114672523261
2021-02-12 06:48:45,261 - lambdaA: 0.011412884678320204
2021-02-12 06:48:45,261 - iavg: 0.0006093472288036737
2021-02-12 06:48:45,262 - Iavg: 0.0019984774361468008
2021-02-12 06:48:45,262 - IavgVector: [ 0.          0.         -0.00199848]
2021-02-12 06:48:45,262 - F: [ 8.83327027e-12 -9.55671910e-12  0.00000000e+00]
2021-02-12 06:48:45,262 - F magnitude: 1.3013744410166543e-11
2021-02-12 06:48:45,280 - ========================================
2021-02-12 06:48:45,280 - ===== Simulation data output for VNV Type 2a =====
2021-02-12 06:48:45,280 - ========================================
2021-02-12 06:48:45,280 - ---- Input values ----
2021-02-12 06:48:45,280 - V: [-3180. 16020. 18690.]
2021-02-12 06:48:45,280 - B: [ 1.41267e-09 -1.12623e-09 -5.21451e-09]
2021-02-12 06:48:45,280 - l: [ 0.17583754  0.87544648 -0.45019399]
2021-02-12 06:48:45,280 - sigma: 59520000.0
2021-02-12 06:48:45,280 - A: 0.005
2021-02-12 06:48:45,281 - Ic: 0.0372
2021-02-12 06:48:45,281 - L: 531.0

2021-02-12 06:48:45,281 - ---- Output values ----
2021-02-12 06:48:45,281 - Em: 6.18586343891272e-06
2021-02-12 06:48:45,281 - I0: 1.84091295942042
2021-02-12 06:48:45,281 - ic: 0.0202073649433766
2021-02-12 06:48:45,281 - lambdaA: 0.116973169973874
2021-02-12 06:48:45,281 - iavg: 0.0200014335551242
2021-02-12 06:48:45,281 - Iavg: 0.0368208982386146
2021-02-12 06:48:45,281 - IavgVector: [ 0.0064745   0.03223473 -0.01657655]
2021-02-12 06:48:45,281 - F: [-1.86757304e-10  1.03441342e-11 -5.28288018e-11]
2021-02-12 06:48:45,281 - F magnitude: 1.94360937876862e-10
2021-02-12 06:48:45,281 - ========================================
2021-02-12 06:48:45,282 - ===== Reference data output for VNV Type 2a =====
2021-02-12 06:48:45,282 - ========================================
2021-02-12 06:48:45,282 - ---- Input values ----
2021-02-12 06:48:45,282 - V: [-3180. 16020. 18690.]
2021-02-12 06:48:45,282 - B: [ 1.41267e-09 -1.12623e-09 -5.21451e-09]
2021-02-12 06:48:45,282 - l: [ 0.17583754  0.87544648 -0.45019399]
2021-02-12 06:48:45,282 - sigma: 59520000.0
2021-02-12 06:48:45,282 - A: 0.005
2021-02-12 06:48:45,282 - Ic: 0.0372
2021-02-12 06:48:45,282 - L: 531

2021-02-12 06:48:45,283 - ---- Output values ----
2021-02-12 06:48:45,283 - Em: 6.18586331905313e-06
2021-02-12 06:48:45,283 - I0: 1.8409129237502115
2021-02-12 06:48:45,283 - ic: 0.020207365334922036
2021-02-12 06:48:45,283 - lambdaA: 0.11697317146946196
2021-02-12 06:48:45,283 - iavg: 0.02000143393870115
2021-02-12 06:48:45,283 - Iavg: 0.03682089823129105
2021-02-12 06:48:45,283 - IavgVector: [ 0.0064745   0.03223473 -0.01657655]
2021-02-12 06:48:45,283 - F: [-1.86757304e-10  1.03441345e-11 -5.28288017e-11]
2021-02-12 06:48:45,283 - F magnitude: 1.943609371283146e-10
2021-02-12 06:48:45,285 - ========== whaaaaaaa =================

2021-02-12 06:48:45,285 - ========================================
2021-02-12 06:48:45,285 - ===== Reference data output for VNV Type  =====
2021-02-12 06:48:45,285 - ========================================
2021-02-12 06:48:45,285 - ---- Input values ----
2021-02-12 06:48:45,285 - V: [   0 7350    0]
2021-02-12 06:48:45,285 - B: [ 0.00e+00  0.00e+00 -1.75e-05]
2021-02-12 06:48:45,286 - l: [-1  0  0]
2021-02-12 06:48:45,286 - sigma: 34014000.0
2021-02-12 06:48:45,286 - A: 1.9635e-07
2021-02-12 06:48:45,286 - Ic: 1
2021-02-12 06:48:45,286 - L: 500

2021-02-12 06:48:45,286 - ---- Output values ----
2021-02-12 06:48:45,286 - Em: 0.128625
2021-02-12 06:48:45,286 - I0: 0.8590412147625001
2021-02-12 06:48:45,286 - ic: 1.1640885010115272
2021-02-12 06:48:45,286 - lambdaA: 0.9819684457059389
2021-02-12 06:48:45,286 - iavg: 0.48615527035397776
2021-02-12 06:48:45,286 - Iavg: 0.4176274140080727
2021-02-12 06:48:45,286 - IavgVector: [-0.41762741  0.          0.        ]
2021-02-12 06:48:45,287 - F: [-0.00000000e+00 -7.30847975e-06 -0.00000000e+00]
2021-02-12 06:48:45,287 - F magnitude: 7.308479745141272e-06
