2021-02-12 06:49:34,326 - ========================================
2021-02-12 06:49:34,326 - ===== Simulation data output for VNV Type 1a =====
2021-02-12 06:49:34,327 - ========================================
2021-02-12 06:49:34,327 - ---- Input values ----
2021-02-12 06:49:34,327 - V: [-5.92978276e-23  3.00000000e+04 -5.58744018e-29]
2021-02-12 06:49:34,327 - B: [4.782e-09 4.420e-09 0.000e+00]
2021-02-12 06:49:34,327 - l: [0. 0. 1.]
2021-02-12 06:49:34,327 - sigma: 48600000.0
2021-02-12 06:49:34,327 - A: 0.0004704
2021-02-12 06:49:34,327 - Ic: 0.002
2021-02-12 06:49:34,328 - L: 10.0

2021-02-12 06:49:34,328 - ---- Output values ----
2021-02-12 06:49:34,328 - Em: -0.00014346
2021-02-12 06:49:34,328 - I0: -3.2797021824
2021-02-12 06:49:34,328 - ic: -0.000609811467252326
2021-02-12 06:49:34,328 - lambdaA: 0.0114175254270282
2021-02-12 06:49:34,328 - iavg: 0.000609718815831091
2021-02-12 06:49:34,328 - Iavg: -0.00199969613093157
2021-02-12 06:49:34,328 - IavgVector: [-0.        -0.        -0.0019997]
2021-02-12 06:49:34,328 - F: [ 8.8386569e-12 -9.5625469e-12  0.0000000e+00]
2021-02-12 06:49:34,328 - F magnitude: 1.30216803428702e-11
2021-02-12 06:49:34,328 - ========================================
2021-02-12 06:49:34,328 - ===== Reference data output for VNV Type 1a =====
2021-02-12 06:49:34,329 - ========================================
2021-02-12 06:49:34,329 - ---- Input values ----
2021-02-12 06:49:34,329 - V: [    0 30000     0]
2021-02-12 06:49:34,329 - B: [4.782e-09 4.420e-09 0.000e+00]
2021-02-12 06:49:34,329 - l: [0 0 1]
2021-02-12 06:49:34,329 - sigma: 48600000.0
2021-02-12 06:49:34,329 - A: 0.0004704
2021-02-12 06:49:34,329 - Ic: 0.002
2021-02-12 06:49:34,329 - L: 10

2021-02-12 06:49:34,329 - ---- Output values ----
2021-02-12 06:49:34,329 - Em: -0.00014346
2021-02-12 06:49:34,329 - I0: -3.2797021824000003
2021-02-12 06:49:34,330 - ic: -0.0006098114672523261
2021-02-12 06:49:34,330 - lambdaA: 0.011417525427028206
2021-02-12 06:49:34,330 - iavg: 0.0006097188158310912
2021-02-12 06:49:34,330 - Iavg: -0.0019996961309315738
2021-02-12 06:49:34,330 - IavgVector: [-0.        -0.        -0.0019997]
2021-02-12 06:49:34,330 - F: [ 8.8386569e-12 -9.5625469e-12  0.0000000e+00]
2021-02-12 06:49:34,330 - F magnitude: 1.3021680342870199e-11
2021-02-12 06:49:34,351 - ========================================
2021-02-12 06:49:34,352 - ===== Simulation data output for VNV Type 1b =====
2021-02-12 06:49:34,352 - ========================================
2021-02-12 06:49:34,352 - ---- Input values ----
2021-02-12 06:49:34,352 - V: [-5.92978276e-23  3.00000000e+04 -5.58744018e-29]
2021-02-12 06:49:34,352 - B: [4.782e-09 4.420e-09 0.000e+00]
2021-02-12 06:49:34,352 - l: [0. 0. 1.]
2021-02-12 06:49:34,352 - sigma: 48600000.0
2021-02-12 06:49:34,352 - A: 0.0004704
2021-02-12 06:49:34,352 - Ic: 0.002
2021-02-12 06:49:34,353 - L: 10.0

2021-02-12 06:49:34,353 - ---- Output values ----
2021-02-12 06:49:34,353 - Em: -0.00014346
2021-02-12 06:49:34,353 - I0: -3.2797021824
2021-02-12 06:49:34,353 - ic: -0.000609811467252326
2021-02-12 06:49:34,353 - lambdaA: 0.0114175254270282
2021-02-12 06:49:34,353 - iavg: 0.000609718815831091
2021-02-12 06:49:34,353 - Iavg: -0.00199969613093157
2021-02-12 06:49:34,353 - IavgVector: [-0.        -0.        -0.0019997]
2021-02-12 06:49:34,353 - F: [ 8.8386569e-12 -9.5625469e-12  0.0000000e+00]
2021-02-12 06:49:34,353 - F magnitude: 1.30216803428702e-11
2021-02-12 06:49:34,353 - ========================================
2021-02-12 06:49:34,353 - ===== Reference data output for VNV Type 1b =====
2021-02-12 06:49:34,354 - ========================================
2021-02-12 06:49:34,354 - ---- Input values ----
2021-02-12 06:49:34,354 - V: [    0 30000     0]
2021-02-12 06:49:34,354 - B: [4.782e-09 4.420e-09 0.000e+00]
2021-02-12 06:49:34,354 - l: [ 0  0 -1]
2021-02-12 06:49:34,354 - sigma: 48600000.0
2021-02-12 06:49:34,354 - A: 0.0004704
2021-02-12 06:49:34,354 - Ic: 0.002
2021-02-12 06:49:34,354 - L: 10

2021-02-12 06:49:34,354 - ---- Output values ----
2021-02-12 06:49:34,354 - Em: 0.00014346
2021-02-12 06:49:34,354 - I0: 3.2797021824000003
2021-02-12 06:49:34,355 - ic: 0.0006098114672523261
2021-02-12 06:49:34,355 - lambdaA: 0.011412884678320204
2021-02-12 06:49:34,355 - iavg: 0.0006093472288036737
2021-02-12 06:49:34,355 - Iavg: 0.0019984774361468008
2021-02-12 06:49:34,355 - IavgVector: [ 0.          0.         -0.00199848]
2021-02-12 06:49:34,355 - F: [ 8.83327027e-12 -9.55671910e-12  0.00000000e+00]
2021-02-12 06:49:34,355 - F magnitude: 1.3013744410166543e-11
2021-02-12 06:49:34,372 - ========================================
2021-02-12 06:49:34,372 - ===== Simulation data output for VNV Type 2a =====
2021-02-12 06:49:34,372 - ========================================
2021-02-12 06:49:34,372 - ---- Input values ----
2021-02-12 06:49:34,372 - V: [-3180. 16020. 18690.]
2021-02-12 06:49:34,372 - B: [ 1.41267e-09 -1.12623e-09 -5.21451e-09]
2021-02-12 06:49:34,372 - l: [ 0.17583754  0.87544648 -0.45019399]
2021-02-12 06:49:34,372 - sigma: 59520000.0
2021-02-12 06:49:34,372 - A: 0.005
2021-02-12 06:49:34,373 - Ic: 0.0372
2021-02-12 06:49:34,373 - L: 531.0

2021-02-12 06:49:34,373 - ---- Output values ----
2021-02-12 06:49:34,373 - Em: 6.18586343891272e-06
2021-02-12 06:49:34,373 - I0: 1.84091295942042
2021-02-12 06:49:34,373 - ic: 0.0202073649433766
2021-02-12 06:49:34,373 - lambdaA: 0.116973169973874
2021-02-12 06:49:34,373 - iavg: 0.0200014335551242
2021-02-12 06:49:34,373 - Iavg: 0.0368208982386146
2021-02-12 06:49:34,373 - IavgVector: [ 0.0064745   0.03223473 -0.01657655]
2021-02-12 06:49:34,373 - F: [-1.86757304e-10  1.03441342e-11 -5.28288018e-11]
2021-02-12 06:49:34,373 - F magnitude: 1.94360937876862e-10
2021-02-12 06:49:34,374 - ========================================
2021-02-12 06:49:34,374 - ===== Reference data output for VNV Type 2a =====
2021-02-12 06:49:34,374 - ========================================
2021-02-12 06:49:34,374 - ---- Input values ----
2021-02-12 06:49:34,374 - V: [-3180. 16020. 18690.]
2021-02-12 06:49:34,374 - B: [ 1.41267e-09 -1.12623e-09 -5.21451e-09]
2021-02-12 06:49:34,374 - l: [ 0.17583754  0.87544648 -0.45019399]
2021-02-12 06:49:34,374 - sigma: 59520000.0
2021-02-12 06:49:34,374 - A: 0.005
2021-02-12 06:49:34,374 - Ic: 0.0372
2021-02-12 06:49:34,374 - L: 531

2021-02-12 06:49:34,375 - ---- Output values ----
2021-02-12 06:49:34,375 - Em: 6.18586331905313e-06
2021-02-12 06:49:34,375 - I0: 1.8409129237502115
2021-02-12 06:49:34,375 - ic: 0.020207365334922036
2021-02-12 06:49:34,375 - lambdaA: 0.11697317146946196
2021-02-12 06:49:34,375 - iavg: 0.02000143393870115
2021-02-12 06:49:34,375 - Iavg: 0.03682089823129105
2021-02-12 06:49:34,375 - IavgVector: [ 0.0064745   0.03223473 -0.01657655]
2021-02-12 06:49:34,375 - F: [-1.86757304e-10  1.03441345e-11 -5.28288017e-11]
2021-02-12 06:49:34,375 - F magnitude: 1.943609371283146e-10
