2021-06-19 14:39:12,966 - ========================================
2021-06-19 14:39:12,966 - ===== Simulation data output for VNV Type 1a =====
2021-06-19 14:39:12,966 - ========================================
2021-06-19 14:39:12,966 - ---- Input values ----
2021-06-19 14:39:12,967 - V: [-2.17182081e+04  2.04972756e+04 -6.16259363e-03]
2021-06-19 14:39:12,967 - B: [4.782e-09 4.420e-09 0.000e+00]
2021-06-19 14:39:12,967 - l: [0. 0. 1.]
2021-06-19 14:39:12,967 - sigma: 48600000.0
2021-06-19 14:39:12,967 - A: 0.0004704
2021-06-19 14:39:12,967 - Ic: 6.9227557556376e-310
2021-06-19 14:39:12,967 - L: 10.0

2021-06-19 14:39:12,967 - ---- Output values ----
2021-06-19 14:39:12,967 - Em: 6.92275556519074e-310
2021-06-19 14:39:12,967 - I0: 4.6879569736433e-310
2021-06-19 14:39:12,967 - ic: 4.68796165443306e-310
2021-06-19 14:39:12,967 - lambdaA: 6.92275556519074e-310
2021-06-19 14:39:12,967 - iavg: 2e-322
2021-06-19 14:39:12,967 - Iavg: 4.68796165445204e-310
2021-06-19 14:39:12,968 - IavgVector: [0.    0.    0.002]
2021-06-19 14:39:12,968 - F: [-8.840e-11  9.564e-11  0.000e+00]
2021-06-19 14:39:12,968 - F magnitude: 1.04189272691578e-10
2021-06-19 14:39:12,968 - ========================================
2021-06-19 14:39:12,968 - ===== Reference data output for VNV Type 1a =====
2021-06-19 14:39:12,968 - ========================================
2021-06-19 14:39:12,968 - ---- Input values ----
2021-06-19 14:39:12,968 - V: [    0 30000     0]
2021-06-19 14:39:12,968 - B: [4.782e-09 4.420e-09 0.000e+00]
2021-06-19 14:39:12,968 - l: [0 0 1]
2021-06-19 14:39:12,968 - sigma: 48600000.0
2021-06-19 14:39:12,968 - A: 0.0004704
2021-06-19 14:39:12,969 - Ic: 0.002
2021-06-19 14:39:12,969 - L: 10

2021-06-19 14:39:12,969 - ---- Output values ----
2021-06-19 14:39:12,969 - Em: -0.00014346
2021-06-19 14:39:12,969 - I0: -3.2797021824000003
2021-06-19 14:39:12,969 - ic: -0.0006098114672523261
2021-06-19 14:39:12,969 - lambdaA: 0.011417525427028206
2021-06-19 14:39:12,969 - iavg: 0.0006097188158310912
2021-06-19 14:39:12,969 - Iavg: -0.0019996961309315738
2021-06-19 14:39:12,969 - IavgVector: [0.        0.        0.0019997]
2021-06-19 14:39:12,969 - F: [-8.8386569e-12  9.5625469e-12  0.0000000e+00]
2021-06-19 14:39:12,969 - F magnitude: 1.30216803428702e-11
2021-06-19 14:39:12,973 - ========================================
2021-06-19 14:39:12,973 - ===== Simulation data output for VNV Type 1b =====
2021-06-19 14:39:12,973 - ========================================
2021-06-19 14:39:12,973 - ---- Input values ----
2021-06-19 14:39:12,973 - V: [-2.17182081e+04  2.04972756e+04 -6.16259363e-03]
2021-06-19 14:39:12,973 - B: [4.782e-09 4.420e-09 0.000e+00]
2021-06-19 14:39:12,973 - l: [ 0.  0. -1.]
2021-06-19 14:39:12,973 - sigma: 48600000.0
2021-06-19 14:39:12,974 - A: 0.0004704
2021-06-19 14:39:12,974 - Ic: 6.9180583168098e-310
2021-06-19 14:39:12,974 - L: 10.0

2021-06-19 14:39:12,974 - ---- Output values ----
2021-06-19 14:39:12,974 - Em: 6.91805812636294e-310
2021-06-19 14:39:12,974 - I0: 4.6739971738316e-310
2021-06-19 14:39:12,974 - ic: 4.6740018546214e-310
2021-06-19 14:39:12,974 - lambdaA: 6.91805812636294e-310
2021-06-19 14:39:12,974 - iavg: 2e-322
2021-06-19 14:39:12,974 - Iavg: 4.67400185464037e-310
2021-06-19 14:39:12,974 - IavgVector: [ 0.     0.    -0.002]
2021-06-19 14:39:12,974 - F: [ 8.840e-11 -9.564e-11  0.000e+00]
2021-06-19 14:39:12,974 - F magnitude: 1.04189272691578e-10
2021-06-19 14:39:12,974 - ========================================
2021-06-19 14:39:12,974 - ===== Reference data output for VNV Type 1b =====
2021-06-19 14:39:12,974 - ========================================
2021-06-19 14:39:12,974 - ---- Input values ----
2021-06-19 14:39:12,975 - V: [    0 30000     0]
2021-06-19 14:39:12,975 - B: [4.782e-09 4.420e-09 0.000e+00]
2021-06-19 14:39:12,975 - l: [ 0  0 -1]
2021-06-19 14:39:12,975 - sigma: 48600000.0
2021-06-19 14:39:12,975 - A: 0.0004704
2021-06-19 14:39:12,975 - Ic: 0.002
2021-06-19 14:39:12,975 - L: 10

2021-06-19 14:39:12,975 - ---- Output values ----
2021-06-19 14:39:12,975 - Em: 0.00014346
2021-06-19 14:39:12,975 - I0: 3.2797021824000003
2021-06-19 14:39:12,975 - ic: 0.0006098114672523261
2021-06-19 14:39:12,975 - lambdaA: 0.011412884678320204
2021-06-19 14:39:12,975 - iavg: 0.0006093472288036737
2021-06-19 14:39:12,975 - Iavg: 0.0019984774361468008
2021-06-19 14:39:12,975 - IavgVector: [ 0.          0.         -0.00199848]
2021-06-19 14:39:12,976 - F: [ 8.83327027e-12 -9.55671910e-12  0.00000000e+00]
2021-06-19 14:39:12,976 - F magnitude: 1.3013744410166541e-11
2021-06-19 14:39:12,979 - ========================================
2021-06-19 14:39:12,979 - ===== Simulation data output for VNV Type 2a =====
2021-06-19 14:39:12,979 - ========================================
2021-06-19 14:39:12,979 - ---- Input values ----
2021-06-19 14:39:12,979 - V: [-98316.8090315  -16326.0140155  -20916.15258429]
2021-06-19 14:39:12,980 - B: [ 1.413 -1.126 -5.215]
2021-06-19 14:39:12,980 - l: [ 0.17583754  0.87544648 -0.45019399]
2021-06-19 14:39:12,980 - sigma: 59520000.0
2021-06-19 14:39:12,980 - A: 0.005
2021-06-19 14:39:12,980 - Ic: 6.9247105686953e-310
2021-06-19 14:39:12,980 - L: 531.0

2021-06-19 14:39:12,980 - ---- Output values ----
2021-06-19 14:39:12,980 - Em: 6.92471037824847e-310
2021-06-19 14:39:12,980 - I0: 4.67293836597657e-310
2021-06-19 14:39:12,980 - ic: 4.67294304676636e-310
2021-06-19 14:39:12,980 - lambdaA: 6.92471037824847e-310
2021-06-19 14:39:12,980 - iavg: 2e-322
2021-06-19 14:39:12,980 - Iavg: 4.67294304678533e-310
2021-06-19 14:39:12,980 - IavgVector: [ 0.00654116  0.03256661 -0.01674722]
2021-06-19 14:39:12,981 - F: [-100.19557515    5.54805488  -28.34582119]
2021-06-19 14:39:12,981 - F magnitude: 83.4205529464141
2021-06-19 14:39:12,981 - ========================================
2021-06-19 14:39:12,981 - ===== Reference data output for VNV Type 2a =====
2021-06-19 14:39:12,981 - ========================================
2021-06-19 14:39:12,981 - ---- Input values ----
2021-06-19 14:39:12,981 - V: [-3180 16020 18690]
2021-06-19 14:39:12,981 - B: [ 1.413 -1.126 -5.215]
2021-06-19 14:39:12,981 - l: [ 0.176  0.875 -0.45 ]
2021-06-19 14:39:12,981 - sigma: 59520000.0
2021-06-19 14:39:12,981 - A: 0.005
2021-06-19 14:39:12,981 - Ic: 0.0372
2021-06-19 14:39:12,981 - L: 531

2021-06-19 14:39:12,981 - ---- Output values ----
2021-06-19 14:39:12,981 - Em: 6172.234890000002
2021-06-19 14:39:12,981 - I0: 1836857103.264001
2021-06-19 14:39:12,982 - ic: 2.025198363764797e-11
2021-06-19 14:39:12,982 - lambdaA: 1.1794106424441946e-07
2021-06-19 14:39:12,982 - iavg: 2.025198363564365e-11
2021-06-19 14:39:12,982 - Iavg: 0.037199999996318345
2021-06-19 14:39:12,982 - IavgVector: [ 0.0065472  0.03255   -0.01674  ]
2021-06-19 14:39:12,982 - F: [-0.18859749  0.01049003 -0.0533653 ]
2021-06-19 14:39:12,982 - F magnitude: 0.19628272684920406
2021-06-19 14:39:12,983 - ========== whaaaaaaa =================

2021-06-19 14:39:12,983 - ========================================
2021-06-19 14:39:12,983 - ===== Reference data output for VNV Type  =====
2021-06-19 14:39:12,983 - ========================================
2021-06-19 14:39:12,983 - ---- Input values ----
2021-06-19 14:39:12,983 - V: [   0 7350    0]
2021-06-19 14:39:12,983 - B: [ 0.00e+00  0.00e+00 -1.75e-05]
2021-06-19 14:39:12,983 - l: [-1  0  0]
2021-06-19 14:39:12,983 - sigma: 34014000.0
2021-06-19 14:39:12,983 - A: 1.9635e-07
2021-06-19 14:39:12,983 - Ic: 0.01
2021-06-19 14:39:12,983 - L: 500

2021-06-19 14:39:12,983 - ---- Output values ----
2021-06-19 14:39:12,983 - Em: 0.128625
2021-06-19 14:39:12,984 - I0: 0.8590412147625001
2021-06-19 14:39:12,984 - ic: 0.011640885010115272
2021-06-19 14:39:12,984 - lambdaA: 0.08121829767790473
2021-06-19 14:39:12,984 - iavg: 0.011572377948277951
2021-06-19 14:39:12,984 - Iavg: 0.009941149610379459
2021-06-19 14:39:12,984 - IavgVector: [-0.00994115  0.          0.        ]
2021-06-19 14:39:12,984 - F: [-0.00000000e+00 -1.73970118e-07 -0.00000000e+00]
2021-06-19 14:39:12,984 - F magnitude: 1.7397011818164052e-07
