2021-02-12 06:50:10,054 - ========================================
2021-02-12 06:50:10,054 - ===== Simulation data output for VNV Type 1a =====
2021-02-12 06:50:10,054 - ========================================
2021-02-12 06:50:10,055 - ---- Input values ----
2021-02-12 06:50:10,055 - V: [-5.92978276e-23  3.00000000e+04 -5.58744018e-29]
2021-02-12 06:50:10,055 - B: [4.782e-09 4.420e-09 0.000e+00]
2021-02-12 06:50:10,055 - l: [0. 0. 1.]
2021-02-12 06:50:10,055 - sigma: 48600000.0
2021-02-12 06:50:10,055 - A: 0.0004704
2021-02-12 06:50:10,055 - Ic: 0.002
2021-02-12 06:50:10,055 - L: 10.0

2021-02-12 06:50:10,055 - ---- Output values ----
2021-02-12 06:50:10,055 - Em: -0.00014346
2021-02-12 06:50:10,056 - I0: -3.2797021824
2021-02-12 06:50:10,056 - ic: -0.000609811467252326
2021-02-12 06:50:10,056 - lambdaA: 0.0114175254270282
2021-02-12 06:50:10,056 - iavg: 0.000609718815831091
2021-02-12 06:50:10,056 - Iavg: -0.00199969613093157
2021-02-12 06:50:10,056 - IavgVector: [-0.        -0.        -0.0019997]
2021-02-12 06:50:10,056 - F: [ 8.8386569e-12 -9.5625469e-12  0.0000000e+00]
2021-02-12 06:50:10,056 - F magnitude: 1.30216803428702e-11
2021-02-12 06:50:10,056 - ========================================
2021-02-12 06:50:10,056 - ===== Reference data output for VNV Type 1a =====
2021-02-12 06:50:10,056 - ========================================
2021-02-12 06:50:10,056 - ---- Input values ----
2021-02-12 06:50:10,057 - V: [    0 30000     0]
2021-02-12 06:50:10,057 - B: [4.782e-09 4.420e-09 0.000e+00]
2021-02-12 06:50:10,057 - l: [0 0 1]
2021-02-12 06:50:10,057 - sigma: 48600000.0
2021-02-12 06:50:10,057 - A: 0.0004704
2021-02-12 06:50:10,057 - Ic: 0.002
2021-02-12 06:50:10,057 - L: 10

2021-02-12 06:50:10,057 - ---- Output values ----
2021-02-12 06:50:10,057 - Em: -0.00014346
2021-02-12 06:50:10,057 - I0: -3.2797021824000003
2021-02-12 06:50:10,058 - ic: -0.0006098114672523261
2021-02-12 06:50:10,058 - lambdaA: 0.011417525427028206
2021-02-12 06:50:10,058 - iavg: 0.0006097188158310912
2021-02-12 06:50:10,058 - Iavg: -0.0019996961309315738
2021-02-12 06:50:10,058 - IavgVector: [-0.        -0.        -0.0019997]
2021-02-12 06:50:10,058 - F: [ 8.8386569e-12 -9.5625469e-12  0.0000000e+00]
2021-02-12 06:50:10,058 - F magnitude: 1.3021680342870199e-11
2021-02-12 06:50:10,077 - ========================================
2021-02-12 06:50:10,077 - ===== Simulation data output for VNV Type 1b =====
2021-02-12 06:50:10,077 - ========================================
2021-02-12 06:50:10,077 - ---- Input values ----
2021-02-12 06:50:10,078 - V: [-5.92978276e-23  3.00000000e+04 -5.58744018e-29]
2021-02-12 06:50:10,078 - B: [4.782e-09 4.420e-09 0.000e+00]
2021-02-12 06:50:10,078 - l: [0. 0. 1.]
2021-02-12 06:50:10,078 - sigma: 48600000.0
2021-02-12 06:50:10,078 - A: 0.0004704
2021-02-12 06:50:10,078 - Ic: 0.002
2021-02-12 06:50:10,078 - L: 10.0

2021-02-12 06:50:10,078 - ---- Output values ----
2021-02-12 06:50:10,078 - Em: -0.00014346
2021-02-12 06:50:10,078 - I0: -3.2797021824
2021-02-12 06:50:10,079 - ic: -0.000609811467252326
2021-02-12 06:50:10,079 - lambdaA: 0.0114175254270282
2021-02-12 06:50:10,079 - iavg: 0.000609718815831091
2021-02-12 06:50:10,079 - Iavg: -0.00199969613093157
2021-02-12 06:50:10,079 - IavgVector: [-0.        -0.        -0.0019997]
2021-02-12 06:50:10,079 - F: [ 8.8386569e-12 -9.5625469e-12  0.0000000e+00]
2021-02-12 06:50:10,079 - F magnitude: 1.30216803428702e-11
2021-02-12 06:50:10,079 - ========================================
2021-02-12 06:50:10,079 - ===== Reference data output for VNV Type 1b =====
2021-02-12 06:50:10,079 - ========================================
2021-02-12 06:50:10,079 - ---- Input values ----
2021-02-12 06:50:10,080 - V: [    0 30000     0]
2021-02-12 06:50:10,080 - B: [4.782e-09 4.420e-09 0.000e+00]
2021-02-12 06:50:10,080 - l: [ 0  0 -1]
2021-02-12 06:50:10,080 - sigma: 48600000.0
2021-02-12 06:50:10,080 - A: 0.0004704
2021-02-12 06:50:10,080 - Ic: 0.002
2021-02-12 06:50:10,080 - L: 10

2021-02-12 06:50:10,080 - ---- Output values ----
2021-02-12 06:50:10,080 - Em: 0.00014346
2021-02-12 06:50:10,080 - I0: 3.2797021824000003
2021-02-12 06:50:10,080 - ic: 0.0006098114672523261
2021-02-12 06:50:10,080 - lambdaA: 0.011412884678320204
2021-02-12 06:50:10,080 - iavg: 0.0006093472288036737
2021-02-12 06:50:10,081 - Iavg: 0.0019984774361468008
2021-02-12 06:50:10,081 - IavgVector: [ 0.          0.         -0.00199848]
2021-02-12 06:50:10,081 - F: [ 8.83327027e-12 -9.55671910e-12  0.00000000e+00]
2021-02-12 06:50:10,081 - F magnitude: 1.3013744410166543e-11
2021-02-12 06:50:10,099 - ========================================
2021-02-12 06:50:10,099 - ===== Simulation data output for VNV Type 2a =====
2021-02-12 06:50:10,099 - ========================================
2021-02-12 06:50:10,099 - ---- Input values ----
2021-02-12 06:50:10,099 - V: [-3180. 16020. 18690.]
2021-02-12 06:50:10,099 - B: [ 1.41267e-09 -1.12623e-09 -5.21451e-09]
2021-02-12 06:50:10,099 - l: [ 0.17583754  0.87544648 -0.45019399]
2021-02-12 06:50:10,099 - sigma: 59520000.0
2021-02-12 06:50:10,100 - A: 0.005
2021-02-12 06:50:10,100 - Ic: 0.0372
2021-02-12 06:50:10,100 - L: 531.0

2021-02-12 06:50:10,100 - ---- Output values ----
2021-02-12 06:50:10,100 - Em: 6.18586343891272e-06
2021-02-12 06:50:10,100 - I0: 1.84091295942042
2021-02-12 06:50:10,100 - ic: 0.0202073649433766
2021-02-12 06:50:10,100 - lambdaA: 0.116973169973874
2021-02-12 06:50:10,100 - iavg: 0.0200014335551242
2021-02-12 06:50:10,100 - Iavg: 0.0368208982386146
2021-02-12 06:50:10,100 - IavgVector: [ 0.0064745   0.03223473 -0.01657655]
2021-02-12 06:50:10,100 - F: [-1.86757304e-10  1.03441342e-11 -5.28288018e-11]
2021-02-12 06:50:10,101 - F magnitude: 1.94360937876862e-10
2021-02-12 06:50:10,101 - ========================================
2021-02-12 06:50:10,101 - ===== Reference data output for VNV Type 2a =====
2021-02-12 06:50:10,101 - ========================================
2021-02-12 06:50:10,101 - ---- Input values ----
2021-02-12 06:50:10,101 - V: [-3180. 16020. 18690.]
2021-02-12 06:50:10,101 - B: [ 1.41267e-09 -1.12623e-09 -5.21451e-09]
2021-02-12 06:50:10,101 - l: [ 0.17583754  0.87544648 -0.45019399]
2021-02-12 06:50:10,101 - sigma: 59520000.0
2021-02-12 06:50:10,101 - A: 0.005
2021-02-12 06:50:10,102 - Ic: 0.0372
2021-02-12 06:50:10,102 - L: 531

2021-02-12 06:50:10,102 - ---- Output values ----
2021-02-12 06:50:10,102 - Em: 6.18586331905313e-06
2021-02-12 06:50:10,102 - I0: 1.8409129237502115
2021-02-12 06:50:10,102 - ic: 0.020207365334922036
2021-02-12 06:50:10,102 - lambdaA: 0.11697317146946196
2021-02-12 06:50:10,102 - iavg: 0.02000143393870115
2021-02-12 06:50:10,102 - Iavg: 0.03682089823129105
2021-02-12 06:50:10,102 - IavgVector: [ 0.0064745   0.03223473 -0.01657655]
2021-02-12 06:50:10,102 - F: [-1.86757304e-10  1.03441345e-11 -5.28288017e-11]
2021-02-12 06:50:10,102 - F magnitude: 1.943609371283146e-10
2021-02-12 06:50:10,103 - ========== whaaaaaaa =================

2021-02-12 06:50:10,103 - ========================================
2021-02-12 06:50:10,103 - ===== Reference data output for VNV Type  =====
2021-02-12 06:50:10,103 - ========================================
2021-02-12 06:50:10,103 - ---- Input values ----
2021-02-12 06:50:10,103 - V: [   0 7350    0]
2021-02-12 06:50:10,104 - B: [ 0.00e+00  0.00e+00 -1.75e-05]
2021-02-12 06:50:10,104 - l: [-1  0  0]
2021-02-12 06:50:10,104 - sigma: 34014000.0
2021-02-12 06:50:10,104 - A: 1.9635e-07
2021-02-12 06:50:10,104 - Ic: 1
2021-02-12 06:50:10,104 - L: 500

2021-02-12 06:50:10,104 - ---- Output values ----
2021-02-12 06:50:10,104 - Em: 0.128625
2021-02-12 06:50:10,104 - I0: 0.8590412147625001
2021-02-12 06:50:10,104 - ic: 1.1640885010115272
2021-02-12 06:50:10,104 - lambdaA: 0.9819684457059389
2021-02-12 06:50:10,104 - iavg: 0.48615527035397776
2021-02-12 06:50:10,104 - Iavg: 0.4176274140080727
2021-02-12 06:50:10,104 - IavgVector: [-0.41762741  0.          0.        ]
2021-02-12 06:50:10,104 - F: [-0.00000000e+00 -7.30847975e-06 -0.00000000e+00]
2021-02-12 06:50:10,104 - F magnitude: 7.308479745141272e-06
