2021-02-12 06:33:37,228 - ========================================
2021-02-12 06:33:37,228 - ===== Simulation data output for VNV Type 1a =====
2021-02-12 06:33:37,228 - ========================================
2021-02-12 06:33:37,228 - ---- Input values ----
2021-02-12 06:33:37,229 - V: [-5.92978276e-23  3.00000000e+04 -5.58744018e-29]
2021-02-12 06:33:37,229 - B: [4.782e-09 4.420e-09 0.000e+00]
2021-02-12 06:33:37,229 - l: [0. 0. 1.]
2021-02-12 06:33:37,229 - sigma: 48600000.0
2021-02-12 06:33:37,229 - A: 0.0004704
2021-02-12 06:33:37,229 - Ic: 0.002
2021-02-12 06:33:37,229 - L: 10.0

2021-02-12 06:33:37,229 - ---- Output values ----
2021-02-12 06:33:37,229 - Em: -0.00014346
2021-02-12 06:33:37,229 - I0: -3.2797021824
2021-02-12 06:33:37,229 - ic: -0.000609811467252326
2021-02-12 06:33:37,229 - lambdaA: 0.0114175254270282
2021-02-12 06:33:37,229 - iavg: 0.000609718815831091
2021-02-12 06:33:37,230 - Iavg: -0.00199969613093157
2021-02-12 06:33:37,230 - IavgVector: [-0.        -0.        -0.0019997]
2021-02-12 06:33:37,230 - F: [ 8.8386569e-12 -9.5625469e-12  0.0000000e+00]
2021-02-12 06:33:37,230 - F magnitude: 1.30216803428702e-11
2021-02-12 06:33:37,230 - ========================================
2021-02-12 06:33:37,230 - ===== Reference data output for VNV Type 1a =====
2021-02-12 06:33:37,230 - ========================================
2021-02-12 06:33:37,231 - ---- Input values ----
2021-02-12 06:33:37,231 - V: [    0 30000     0]
2021-02-12 06:33:37,231 - B: [4.782e-09 4.420e-09 0.000e+00]
2021-02-12 06:33:37,231 - l: [0 0 1]
2021-02-12 06:33:37,231 - sigma: 48600000.0
2021-02-12 06:33:37,231 - A: 0.0004704
2021-02-12 06:33:37,231 - Ic: 0.002
2021-02-12 06:33:37,231 - L: 10

2021-02-12 06:33:37,231 - ---- Output values ----
2021-02-12 06:33:37,231 - Em: -0.00014346
2021-02-12 06:33:37,231 - I0: -3.2797021824000003
2021-02-12 06:33:37,231 - ic: -0.0006098114672523261
2021-02-12 06:33:37,231 - lambdaA: 0.011417525427028206
2021-02-12 06:33:37,231 - iavg: 0.0006097188158310912
2021-02-12 06:33:37,231 - Iavg: -0.0019996961309315738
2021-02-12 06:33:37,232 - IavgVector: [-0.        -0.        -0.0019997]
2021-02-12 06:33:37,232 - F: [ 8.8386569e-12 -9.5625469e-12  0.0000000e+00]
2021-02-12 06:33:37,232 - F magnitude: 1.3021680342870199e-11
2021-02-12 06:33:37,248 - ========================================
2021-02-12 06:33:37,249 - ===== Simulation data output for VNV Type 1b =====
2021-02-12 06:33:37,249 - ========================================
2021-02-12 06:33:37,249 - ---- Input values ----
2021-02-12 06:33:37,249 - V: [-5.92978276e-23  3.00000000e+04 -5.58744018e-29]
2021-02-12 06:33:37,249 - B: [4.782e-09 4.420e-09 0.000e+00]
2021-02-12 06:33:37,249 - l: [0. 0. 1.]
2021-02-12 06:33:37,249 - sigma: 48600000.0
2021-02-12 06:33:37,249 - A: 0.0004704
2021-02-12 06:33:37,249 - Ic: 0.002
2021-02-12 06:33:37,249 - L: 10.0

2021-02-12 06:33:37,249 - ---- Output values ----
2021-02-12 06:33:37,249 - Em: -0.00014346
2021-02-12 06:33:37,249 - I0: -3.2797021824
2021-02-12 06:33:37,250 - ic: -0.000609811467252326
2021-02-12 06:33:37,250 - lambdaA: 0.0114175254270282
2021-02-12 06:33:37,250 - iavg: 0.000609718815831091
2021-02-12 06:33:37,250 - Iavg: -0.00199969613093157
2021-02-12 06:33:37,250 - IavgVector: [-0.        -0.        -0.0019997]
2021-02-12 06:33:37,250 - F: [ 8.8386569e-12 -9.5625469e-12  0.0000000e+00]
2021-02-12 06:33:37,250 - F magnitude: 1.30216803428702e-11
2021-02-12 06:33:37,250 - ========================================
2021-02-12 06:33:37,250 - ===== Reference data output for VNV Type 1b =====
2021-02-12 06:33:37,251 - ========================================
2021-02-12 06:33:37,251 - ---- Input values ----
2021-02-12 06:33:37,251 - V: [    0 30000     0]
2021-02-12 06:33:37,251 - B: [4.782e-09 4.420e-09 0.000e+00]
2021-02-12 06:33:37,251 - l: [ 0  0 -1]
2021-02-12 06:33:37,251 - sigma: 48600000.0
2021-02-12 06:33:37,251 - A: 0.0004704
2021-02-12 06:33:37,251 - Ic: 0.002
2021-02-12 06:33:37,251 - L: 10

2021-02-12 06:33:37,251 - ---- Output values ----
2021-02-12 06:33:37,251 - Em: 0.00014346
2021-02-12 06:33:37,251 - I0: 3.2797021824000003
2021-02-12 06:33:37,251 - ic: 0.0006098114672523261
2021-02-12 06:33:37,251 - lambdaA: 0.011412884678320204
2021-02-12 06:33:37,251 - iavg: 0.0006093472288036737
2021-02-12 06:33:37,251 - Iavg: 0.0019984774361468008
2021-02-12 06:33:37,252 - IavgVector: [ 0.          0.         -0.00199848]
2021-02-12 06:33:37,252 - F: [ 8.83327027e-12 -9.55671910e-12  0.00000000e+00]
2021-02-12 06:33:37,252 - F magnitude: 1.3013744410166543e-11
2021-02-12 06:33:37,268 - ========================================
2021-02-12 06:33:37,268 - ===== Simulation data output for VNV Type 2a =====
2021-02-12 06:33:37,268 - ========================================
2021-02-12 06:33:37,268 - ---- Input values ----
2021-02-12 06:33:37,268 - V: [-3180. 16020. 18690.]
2021-02-12 06:33:37,268 - B: [ 1.41267e-09 -1.12623e-09 -5.21451e-09]
2021-02-12 06:33:37,268 - l: [ 0.17583754  0.87544648 -0.45019399]
2021-02-12 06:33:37,268 - sigma: 59520000.0
2021-02-12 06:33:37,268 - A: 0.005
2021-02-12 06:33:37,269 - Ic: 0.0372
2021-02-12 06:33:37,269 - L: 531.0

2021-02-12 06:33:37,269 - ---- Output values ----
2021-02-12 06:33:37,269 - Em: 6.18586343891272e-06
2021-02-12 06:33:37,269 - I0: 1.84091295942042
2021-02-12 06:33:37,269 - ic: 0.0202073649433766
2021-02-12 06:33:37,269 - lambdaA: 0.116973169973874
2021-02-12 06:33:37,269 - iavg: 0.0200014335551242
2021-02-12 06:33:37,269 - Iavg: 0.0368208982386146
2021-02-12 06:33:37,269 - IavgVector: [ 0.0064745   0.03223473 -0.01657655]
2021-02-12 06:33:37,269 - F: [-1.86757304e-10  1.03441342e-11 -5.28288018e-11]
2021-02-12 06:33:37,269 - F magnitude: 1.94360937876862e-10
2021-02-12 06:33:37,270 - ========================================
2021-02-12 06:33:37,270 - ===== Reference data output for VNV Type 2a =====
2021-02-12 06:33:37,270 - ========================================
2021-02-12 06:33:37,270 - ---- Input values ----
2021-02-12 06:33:37,270 - V: [-3180. 16020. 18690.]
2021-02-12 06:33:37,270 - B: [ 1.41267e-09 -1.12623e-09 -5.21451e-09]
2021-02-12 06:33:37,271 - l: [ 0.17583754  0.87544648 -0.45019399]
2021-02-12 06:33:37,271 - sigma: 59520000.0
2021-02-12 06:33:37,271 - A: 0.005
2021-02-12 06:33:37,271 - Ic: 0.0372
2021-02-12 06:33:37,271 - L: 531

2021-02-12 06:33:37,271 - ---- Output values ----
2021-02-12 06:33:37,271 - Em: 6.18586331905313e-06
2021-02-12 06:33:37,271 - I0: 1.8409129237502115
2021-02-12 06:33:37,271 - ic: 0.020207365334922036
2021-02-12 06:33:37,271 - lambdaA: 0.11697317146946196
2021-02-12 06:33:37,271 - iavg: 0.02000143393870115
2021-02-12 06:33:37,271 - Iavg: 0.03682089823129105
2021-02-12 06:33:37,271 - IavgVector: [ 0.0064745   0.03223473 -0.01657655]
2021-02-12 06:33:37,271 - F: [-1.86757304e-10  1.03441345e-11 -5.28288017e-11]
2021-02-12 06:33:37,271 - F magnitude: 1.943609371283146e-10
2021-02-12 06:33:37,271 - ========== whaaaaaaa =================

2021-02-12 06:33:37,272 - ========================================
2021-02-12 06:33:37,272 - ===== Reference data output for VNV Type  =====
2021-02-12 06:33:37,272 - ========================================
2021-02-12 06:33:37,272 - ---- Input values ----
2021-02-12 06:33:37,272 - V: [   0 7350    0]
2021-02-12 06:33:37,272 - B: [ 0.00e+00  0.00e+00 -1.75e-05]
2021-02-12 06:33:37,272 - l: [-1  0  0]
2021-02-12 06:33:37,272 - sigma: 34014000.0
2021-02-12 06:33:37,272 - A: 1.9635e-07
2021-02-12 06:33:37,273 - Ic: 1
2021-02-12 06:33:37,273 - L: 500

2021-02-12 06:33:37,273 - ---- Output values ----
2021-02-12 06:33:37,273 - Em: 0.128625
2021-02-12 06:33:37,273 - I0: 0.8590412147625001
2021-02-12 06:33:37,273 - ic: 1.1640885010115272
2021-02-12 06:33:37,273 - lambdaA: 0.9819684457059389
2021-02-12 06:33:37,273 - iavg: 0.48615527035397776
2021-02-12 06:33:37,273 - Iavg: 0.4176274140080727
2021-02-12 06:33:37,273 - IavgVector: [-0.41762741  0.          0.        ]
2021-02-12 06:33:37,273 - F: [-0.00000000e+00 -7.30847975e-06 -0.00000000e+00]
2021-02-12 06:33:37,273 - F magnitude: 7.308479745141272e-06
