2021-06-19 15:25:41,669 - ========================================
2021-06-19 15:25:41,669 - ===== Simulation data output for VNV Type 1a =====
2021-06-19 15:25:41,669 - ========================================
2021-06-19 15:25:41,669 - ---- Input values ----
2021-06-19 15:25:41,669 - V: [-1.39090863e-09  3.00000000e+04  0.00000000e+00]
2021-06-19 15:25:41,669 - B: [4.782e-09 4.420e-09 0.000e+00]
2021-06-19 15:25:41,670 - l: [0. 0. 1.]
2021-06-19 15:25:41,670 - sigma: 48600000.0
2021-06-19 15:25:41,670 - A: 0.0004704
2021-06-19 15:25:41,670 - Ic: 0.002
2021-06-19 15:25:41,670 - L: 10.0

2021-06-19 15:25:41,670 - ---- Output values ----
2021-06-19 15:25:41,670 - Em: -0.000143460000000003
2021-06-19 15:25:41,670 - I0: -3.27970218240007
2021-06-19 15:25:41,670 - ic: -0.000609811467252312
2021-06-19 15:25:41,670 - lambdaA: 0.011417525427028
2021-06-19 15:25:41,670 - iavg: 0.000609718815831077
2021-06-19 15:25:41,670 - Iavg: -0.00199969613093157
2021-06-19 15:25:41,670 - IavgVector: [0.        0.        0.0019997]
2021-06-19 15:25:41,670 - F: [-8.8386569e-11  9.5625469e-11  0.0000000e+00]
2021-06-19 15:25:41,670 - F magnitude: 1.30216803428702e-10
2021-06-19 15:25:41,670 - ========================================
2021-06-19 15:25:41,671 - ===== Reference data output for VNV Type 1a =====
2021-06-19 15:25:41,671 - ========================================
2021-06-19 15:25:41,671 - ---- Input values ----
2021-06-19 15:25:41,671 - V: [    0 30000     0]
2021-06-19 15:25:41,671 - B: [4.782e-09 4.420e-09 0.000e+00]
2021-06-19 15:25:41,671 - l: [0 0 1]
2021-06-19 15:25:41,671 - sigma: 48600000.0
2021-06-19 15:25:41,671 - A: 0.0004704
2021-06-19 15:25:41,671 - Ic: 0.002
2021-06-19 15:25:41,671 - L: 10

2021-06-19 15:25:41,671 - ---- Output values ----
2021-06-19 15:25:41,671 - Em: -0.00014346
2021-06-19 15:25:41,671 - I0: -3.2797021824000003
2021-06-19 15:25:41,671 - ic: -0.0006098114672523261
2021-06-19 15:25:41,671 - lambdaA: 0.011417525427028206
2021-06-19 15:25:41,671 - iavg: 0.0006097188158310912
2021-06-19 15:25:41,671 - Iavg: -0.0019996961309315738
2021-06-19 15:25:41,672 - IavgVector: [0.        0.        0.0019997]
2021-06-19 15:25:41,672 - F: [-8.8386569e-11  9.5625469e-11  0.0000000e+00]
2021-06-19 15:25:41,672 - F magnitude: 1.30216803428702e-10
2021-06-19 15:25:41,675 - ========================================
2021-06-19 15:25:41,675 - ===== Simulation data output for VNV Type 1b =====
2021-06-19 15:25:41,675 - ========================================
2021-06-19 15:25:41,675 - ---- Input values ----
2021-06-19 15:25:41,676 - V: [-1.39090863e-09  3.00000000e+04  0.00000000e+00]
2021-06-19 15:25:41,676 - B: [4.782e-09 4.420e-09 0.000e+00]
2021-06-19 15:25:41,676 - l: [ 0.  0. -1.]
2021-06-19 15:25:41,676 - sigma: 48600000.0
2021-06-19 15:25:41,676 - A: 0.0004704
2021-06-19 15:25:41,676 - Ic: 0.002
2021-06-19 15:25:41,676 - L: 10.0

2021-06-19 15:25:41,676 - ---- Output values ----
2021-06-19 15:25:41,676 - Em: 0.000143460000000003
2021-06-19 15:25:41,676 - I0: 3.27970218240007
2021-06-19 15:25:41,676 - ic: 0.000609811467252312
2021-06-19 15:25:41,676 - lambdaA: 0.01141288467832
2021-06-19 15:25:41,676 - iavg: 0.00060934722880366
2021-06-19 15:25:41,676 - Iavg: 0.0019984774361468
2021-06-19 15:25:41,677 - IavgVector: [ 0.          0.         -0.00199848]
2021-06-19 15:25:41,677 - F: [ 8.83327027e-11 -9.55671910e-11  0.00000000e+00]
2021-06-19 15:25:41,677 - F magnitude: 1.30137444101665e-10
2021-06-19 15:25:41,677 - ========================================
2021-06-19 15:25:41,677 - ===== Reference data output for VNV Type 1b =====
2021-06-19 15:25:41,677 - ========================================
2021-06-19 15:25:41,677 - ---- Input values ----
2021-06-19 15:25:41,677 - V: [    0 30000     0]
2021-06-19 15:25:41,677 - B: [4.782e-09 4.420e-09 0.000e+00]
2021-06-19 15:25:41,677 - l: [ 0  0 -1]
2021-06-19 15:25:41,677 - sigma: 48600000.0
2021-06-19 15:25:41,677 - A: 0.0004704
2021-06-19 15:25:41,677 - Ic: 0.002
2021-06-19 15:25:41,677 - L: 10

2021-06-19 15:25:41,677 - ---- Output values ----
2021-06-19 15:25:41,678 - Em: 0.00014346
2021-06-19 15:25:41,678 - I0: 3.2797021824000003
2021-06-19 15:25:41,678 - ic: 0.0006098114672523261
2021-06-19 15:25:41,678 - lambdaA: 0.011412884678320204
2021-06-19 15:25:41,678 - iavg: 0.0006093472288036737
2021-06-19 15:25:41,678 - Iavg: 0.0019984774361468008
2021-06-19 15:25:41,678 - IavgVector: [ 0.          0.         -0.00199848]
2021-06-19 15:25:41,678 - F: [ 8.83327027e-11 -9.55671910e-11  0.00000000e+00]
2021-06-19 15:25:41,678 - F magnitude: 1.301374441016654e-10
2021-06-19 15:25:41,681 - ========================================
2021-06-19 15:25:41,681 - ===== Simulation data output for VNV Type 2a =====
2021-06-19 15:25:41,681 - ========================================
2021-06-19 15:25:41,682 - ---- Input values ----
2021-06-19 15:25:41,682 - V: [-3180. 16020. 18690.]
2021-06-19 15:25:41,682 - B: [ 1.413e-09 -1.126e-09 -5.215e-09]
2021-06-19 15:25:41,682 - l: [ 0.17583754  0.87544648 -0.45019399]
2021-06-19 15:25:41,682 - sigma: 59520000.0
2021-06-19 15:25:41,682 - A: 0.005
2021-06-19 15:25:41,682 - Ic: 0.0372
2021-06-19 15:25:41,682 - L: 531.0

2021-06-19 15:25:41,682 - ---- Output values ----
2021-06-19 15:25:41,682 - Em: 6.19047191453567e-06
2021-06-19 15:25:41,682 - I0: 1.84228444176582
2021-06-19 15:25:41,682 - ic: 0.0201923216397269
2021-06-19 15:25:41,682 - lambdaA: 0.116915701497545
2021-06-19 15:25:41,682 - iavg: 0.0199866962879367
2021-06-19 15:25:41,682 - Iavg: 0.0368211796135644
2021-06-19 15:25:41,683 - IavgVector: [ 0.00647455  0.03223497 -0.01657667]
2021-06-19 15:25:41,683 - F: [-9.91752492e-08  5.49155713e-09 -2.80571659e-08]
2021-06-19 15:25:41,683 - F magnitude: 1.03213815977916e-07
2021-06-19 15:25:41,683 - ========================================
2021-06-19 15:25:41,683 - ===== Reference data output for VNV Type 2a =====
2021-06-19 15:25:41,683 - ========================================
2021-06-19 15:25:41,683 - ---- Input values ----
2021-06-19 15:25:41,683 - V: [-3180 16020 18690]
2021-06-19 15:25:41,683 - B: [ 1.413e-09 -1.126e-09 -5.215e-09]
2021-06-19 15:25:41,683 - l: [ 0.176  0.875 -0.45 ]
2021-06-19 15:25:41,683 - sigma: 59520000.0
2021-06-19 15:25:41,683 - A: 0.005
2021-06-19 15:25:41,684 - Ic: 0.0372
2021-06-19 15:25:41,684 - L: 531

2021-06-19 15:25:41,684 - ---- Output values ----
2021-06-19 15:25:41,684 - Em: 6.1722348900000086e-06
2021-06-19 15:25:41,684 - I0: 1.8368571032640026
2021-06-19 15:25:41,684 - ic: 0.020251983637647953
2021-06-19 15:25:41,684 - lambdaA: 0.11714353430866407
2021-06-19 15:25:41,684 - iavg: 0.02004514320296991
2021-06-19 15:25:41,684 - Iavg: 0.03682006367831942
2021-06-19 15:25:41,684 - IavgVector: [ 0.00648033  0.03221756 -0.01656903]
2021-06-19 15:25:41,684 - F: [-9.91224493e-08  5.51331446e-09 -2.80475576e-08]
2021-06-19 15:25:41,684 - F magnitude: 1.03161630878993e-07
2021-06-19 15:25:41,685 - ========== whaaaaaaa =================

2021-06-19 15:25:41,685 - ========================================
2021-06-19 15:25:41,685 - ===== Reference data output for VNV Type  =====
2021-06-19 15:25:41,685 - ========================================
2021-06-19 15:25:41,685 - ---- Input values ----
2021-06-19 15:25:41,685 - V: [   0 7350    0]
2021-06-19 15:25:41,685 - B: [ 0.00e+00  0.00e+00 -1.75e-05]
2021-06-19 15:25:41,685 - l: [-1  0  0]
2021-06-19 15:25:41,685 - sigma: 34014000.0
2021-06-19 15:25:41,685 - A: 1.9635e-07
2021-06-19 15:25:41,685 - Ic: 0.01
2021-06-19 15:25:41,685 - L: 500

2021-06-19 15:25:41,685 - ---- Output values ----
2021-06-19 15:25:41,685 - Em: 0.128625
2021-06-19 15:25:41,685 - I0: 0.8590412147625001
2021-06-19 15:25:41,685 - ic: 0.011640885010115272
2021-06-19 15:25:41,686 - lambdaA: 0.08121829767790473
2021-06-19 15:25:41,686 - iavg: 0.011572377948277951
2021-06-19 15:25:41,686 - Iavg: 0.009941149610379459
2021-06-19 15:25:41,686 - IavgVector: [-0.00994115  0.          0.        ]
2021-06-19 15:25:41,686 - F: [-0.00000000e+00 -8.69850591e-05 -0.00000000e+00]
2021-06-19 15:25:41,686 - F magnitude: 8.698505909082026e-05
