2021-06-19 14:36:31,487 - ========================================
2021-06-19 14:36:31,487 - ===== Simulation data output for VNV Type 1a =====
2021-06-19 14:36:31,487 - ========================================
2021-06-19 14:36:31,487 - ---- Input values ----
2021-06-19 14:36:31,487 - V: [-1.39089678e-09  3.00000000e+04 -3.94714186e-16]
2021-06-19 14:36:31,487 - B: [4.782e-09 4.420e-09 0.000e+00]
2021-06-19 14:36:31,487 - l: [0. 0. 1.]
2021-06-19 14:36:31,487 - sigma: 48600000.0
2021-06-19 14:36:31,488 - A: 0.0004704
2021-06-19 14:36:31,488 - Ic: 6.91517136429867e-310
2021-06-19 14:36:31,488 - L: 10.0

2021-06-19 14:36:31,488 - ---- Output values ----
2021-06-19 14:36:31,488 - Em: 6.91517117385183e-310
2021-06-19 14:36:31,488 - I0: 4.65184752068485e-310
2021-06-19 14:36:31,488 - ic: 4.65185220147464e-310
2021-06-19 14:36:31,488 - lambdaA: 6.91517117385183e-310
2021-06-19 14:36:31,488 - iavg: 2e-322
2021-06-19 14:36:31,488 - Iavg: 4.6518522014936e-310
2021-06-19 14:36:31,488 - IavgVector: [0.    0.    0.002]
2021-06-19 14:36:31,488 - F: [-8.840e-11  9.564e-11  0.000e+00]
2021-06-19 14:36:31,488 - F magnitude: 1.04189272691578e-10
2021-06-19 14:36:31,488 - ========================================
2021-06-19 14:36:31,488 - ===== Reference data output for VNV Type 1a =====
2021-06-19 14:36:31,488 - ========================================
2021-06-19 14:36:31,489 - ---- Input values ----
2021-06-19 14:36:31,489 - V: [    0 30000     0]
2021-06-19 14:36:31,489 - B: [4.782e-09 4.420e-09 0.000e+00]
2021-06-19 14:36:31,489 - l: [0 0 1]
2021-06-19 14:36:31,489 - sigma: 48600000.0
2021-06-19 14:36:31,489 - A: 0.0004704
2021-06-19 14:36:31,489 - Ic: 0.002
2021-06-19 14:36:31,489 - L: 10

2021-06-19 14:36:31,489 - ---- Output values ----
2021-06-19 14:36:31,489 - Em: -0.00014346
2021-06-19 14:36:31,489 - I0: -3.2797021824000003
2021-06-19 14:36:31,490 - ic: -0.0006098114672523261
2021-06-19 14:36:31,490 - lambdaA: 0.011417525427028206
2021-06-19 14:36:31,490 - iavg: 0.0006097188158310912
2021-06-19 14:36:31,490 - Iavg: -0.0019996961309315738
2021-06-19 14:36:31,490 - IavgVector: [0.        0.        0.0019997]
2021-06-19 14:36:31,490 - F: [-8.8386569e-12  9.5625469e-12  0.0000000e+00]
2021-06-19 14:36:31,490 - F magnitude: 1.30216803428702e-11
2021-06-19 14:36:31,493 - ========================================
2021-06-19 14:36:31,494 - ===== Simulation data output for VNV Type 1b =====
2021-06-19 14:36:31,494 - ========================================
2021-06-19 14:36:31,494 - ---- Input values ----
2021-06-19 14:36:31,494 - V: [-1.39089678e-09  3.00000000e+04 -3.94714186e-16]
2021-06-19 14:36:31,494 - B: [4.782e-09 4.420e-09 0.000e+00]
2021-06-19 14:36:31,494 - l: [0. 0. 1.]
2021-06-19 14:36:31,494 - sigma: 48600000.0
2021-06-19 14:36:31,494 - A: 0.0004704
2021-06-19 14:36:31,494 - Ic: 6.90847542877614e-310
2021-06-19 14:36:31,494 - L: 10.0

2021-06-19 14:36:31,495 - ---- Output values ----
2021-06-19 14:36:31,495 - Em: 6.9084752383293e-310
2021-06-19 14:36:31,495 - I0: 4.6731496850469e-310
2021-06-19 14:36:31,495 - ic: 4.6731543658367e-310
2021-06-19 14:36:31,495 - lambdaA: 6.9084752383293e-310
2021-06-19 14:36:31,495 - iavg: 2e-322
2021-06-19 14:36:31,495 - Iavg: 4.67315436585565e-310
2021-06-19 14:36:31,495 - IavgVector: [0.    0.    0.002]
2021-06-19 14:36:31,495 - F: [-8.840e-11  9.564e-11  0.000e+00]
2021-06-19 14:36:31,495 - F magnitude: 1.04189272691578e-10
2021-06-19 14:36:31,495 - ========================================
2021-06-19 14:36:31,495 - ===== Reference data output for VNV Type 1b =====
2021-06-19 14:36:31,495 - ========================================
2021-06-19 14:36:31,495 - ---- Input values ----
2021-06-19 14:36:31,496 - V: [    0 30000     0]
2021-06-19 14:36:31,496 - B: [4.782e-09 4.420e-09 0.000e+00]
2021-06-19 14:36:31,496 - l: [ 0  0 -1]
2021-06-19 14:36:31,496 - sigma: 48600000.0
2021-06-19 14:36:31,496 - A: 0.0004704
2021-06-19 14:36:31,496 - Ic: 0.002
2021-06-19 14:36:31,496 - L: 10

2021-06-19 14:36:31,496 - ---- Output values ----
2021-06-19 14:36:31,496 - Em: 0.00014346
2021-06-19 14:36:31,496 - I0: 3.2797021824000003
2021-06-19 14:36:31,496 - ic: 0.0006098114672523261
2021-06-19 14:36:31,496 - lambdaA: 0.011412884678320204
2021-06-19 14:36:31,496 - iavg: 0.0006093472288036737
2021-06-19 14:36:31,496 - Iavg: 0.0019984774361468008
2021-06-19 14:36:31,497 - IavgVector: [ 0.          0.         -0.00199848]
2021-06-19 14:36:31,497 - F: [ 8.83327027e-12 -9.55671910e-12  0.00000000e+00]
2021-06-19 14:36:31,497 - F magnitude: 1.3013744410166541e-11
2021-06-19 14:36:31,500 - ========================================
2021-06-19 14:36:31,500 - ===== Simulation data output for VNV Type 2a =====
2021-06-19 14:36:31,500 - ========================================
2021-06-19 14:36:31,500 - ---- Input values ----
2021-06-19 14:36:31,500 - V: [-3180.00000001 16020.         18690.        ]
2021-06-19 14:36:31,501 - B: [ 1.413 -1.126 -5.215]
2021-06-19 14:36:31,501 - l: [ 0.17583754  0.87544648 -0.45019399]
2021-06-19 14:36:31,501 - sigma: 59520000.0
2021-06-19 14:36:31,501 - A: 0.005
2021-06-19 14:36:31,501 - Ic: 6.91326860062195e-310
2021-06-19 14:36:31,501 - L: 531.0

2021-06-19 14:36:31,501 - ---- Output values ----
2021-06-19 14:36:31,501 - Em: 6.9132684101751e-310
2021-06-19 14:36:31,501 - I0: 4.6660286950944e-310
2021-06-19 14:36:31,501 - ic: 4.6660333758842e-310
2021-06-19 14:36:31,501 - lambdaA: 6.9132684101751e-310
2021-06-19 14:36:31,501 - iavg: 2e-322
2021-06-19 14:36:31,501 - Iavg: 4.66603337590317e-310
2021-06-19 14:36:31,501 - IavgVector: [ 0.00654116  0.03256661 -0.01674722]
2021-06-19 14:36:31,501 - F: [-100.19557515    5.54805488  -28.34582119]
2021-06-19 14:36:31,502 - F magnitude: 83.4205529464141
2021-06-19 14:36:31,502 - ========================================
2021-06-19 14:36:31,502 - ===== Reference data output for VNV Type 2a =====
2021-06-19 14:36:31,502 - ========================================
2021-06-19 14:36:31,502 - ---- Input values ----
2021-06-19 14:36:31,502 - V: [-3180 16020 18690]
2021-06-19 14:36:31,502 - B: [ 1.413 -1.126 -5.215]
2021-06-19 14:36:31,502 - l: [ 0.176  0.875 -0.45 ]
2021-06-19 14:36:31,502 - sigma: 59520000.0
2021-06-19 14:36:31,502 - A: 0.005
2021-06-19 14:36:31,502 - Ic: 0.0372
2021-06-19 14:36:31,502 - L: 531

2021-06-19 14:36:31,502 - ---- Output values ----
2021-06-19 14:36:31,502 - Em: 6172.234890000002
2021-06-19 14:36:31,502 - I0: 1836857103.264001
2021-06-19 14:36:31,503 - ic: 2.025198363764797e-11
2021-06-19 14:36:31,503 - lambdaA: 1.1794106424441946e-07
2021-06-19 14:36:31,503 - iavg: 2.025198363564365e-11
2021-06-19 14:36:31,503 - Iavg: 0.037199999996318345
2021-06-19 14:36:31,503 - IavgVector: [ 0.0065472  0.03255   -0.01674  ]
2021-06-19 14:36:31,503 - F: [-0.18859749  0.01049003 -0.0533653 ]
2021-06-19 14:36:31,503 - F magnitude: 0.19628272684920406
2021-06-19 14:36:31,504 - ========== whaaaaaaa =================

2021-06-19 14:36:31,504 - ========================================
2021-06-19 14:36:31,504 - ===== Reference data output for VNV Type  =====
2021-06-19 14:36:31,504 - ========================================
2021-06-19 14:36:31,504 - ---- Input values ----
2021-06-19 14:36:31,504 - V: [   0 7350    0]
2021-06-19 14:36:31,504 - B: [ 0.00e+00  0.00e+00 -1.75e-05]
2021-06-19 14:36:31,504 - l: [-1  0  0]
2021-06-19 14:36:31,505 - sigma: 34014000.0
2021-06-19 14:36:31,505 - A: 1.9635e-07
2021-06-19 14:36:31,505 - Ic: 0.01
2021-06-19 14:36:31,505 - L: 500

2021-06-19 14:36:31,505 - ---- Output values ----
2021-06-19 14:36:31,505 - Em: 0.128625
2021-06-19 14:36:31,505 - I0: 0.8590412147625001
2021-06-19 14:36:31,505 - ic: 0.011640885010115272
2021-06-19 14:36:31,505 - lambdaA: 0.08121829767790473
2021-06-19 14:36:31,505 - iavg: 0.011572377948277951
2021-06-19 14:36:31,505 - Iavg: 0.009941149610379459
2021-06-19 14:36:31,505 - IavgVector: [-0.00994115  0.          0.        ]
2021-06-19 14:36:31,505 - F: [-0.00000000e+00 -1.73970118e-07 -0.00000000e+00]
2021-06-19 14:36:31,505 - F magnitude: 1.7397011818164052e-07
