2021-06-19 14:50:08,380 - ========================================
2021-06-19 14:50:08,380 - ===== Simulation data output for VNV Type 1a =====
2021-06-19 14:50:08,380 - ========================================
2021-06-19 14:50:08,380 - ---- Input values ----
2021-06-19 14:50:08,381 - V: [-1.39089678e-09  3.00000000e+04 -3.94714186e-16]
2021-06-19 14:50:08,381 - B: [4.782e-09 4.420e-09 0.000e+00]
2021-06-19 14:50:08,381 - l: [0. 0. 1.]
2021-06-19 14:50:08,381 - sigma: 48600000.0
2021-06-19 14:50:08,381 - A: 0.0004704
2021-06-19 14:50:08,381 - Ic: 0.002
2021-06-19 14:50:08,381 - L: 10.0

2021-06-19 14:50:08,381 - ---- Output values ----
2021-06-19 14:50:08,381 - Em: -0.000143460000000003
2021-06-19 14:50:08,381 - I0: -3.27970218240007
2021-06-19 14:50:08,381 - ic: -0.000609811467252312
2021-06-19 14:50:08,381 - lambdaA: 0.011417525427028
2021-06-19 14:50:08,381 - iavg: 0.000609718815831077
2021-06-19 14:50:08,381 - Iavg: -0.00199969613093157
2021-06-19 14:50:08,382 - IavgVector: [0.        0.        0.0019997]
2021-06-19 14:50:08,382 - F: [-8.8386569e-11  9.5625469e-11  0.0000000e+00]
2021-06-19 14:50:08,382 - F magnitude: 1.04173442742961e-10
2021-06-19 14:50:08,382 - ========================================
2021-06-19 14:50:08,382 - ===== Reference data output for VNV Type 1a =====
2021-06-19 14:50:08,382 - ========================================
2021-06-19 14:50:08,382 - ---- Input values ----
2021-06-19 14:50:08,382 - V: [    0 30000     0]
2021-06-19 14:50:08,382 - B: [4.782e-09 4.420e-09 0.000e+00]
2021-06-19 14:50:08,382 - l: [0 0 1]
2021-06-19 14:50:08,382 - sigma: 48600000.0
2021-06-19 14:50:08,382 - A: 0.0004704
2021-06-19 14:50:08,382 - Ic: 0.002
2021-06-19 14:50:08,382 - L: 10

2021-06-19 14:50:08,383 - ---- Output values ----
2021-06-19 14:50:08,383 - Em: -0.00014346
2021-06-19 14:50:08,383 - I0: -3.2797021824000003
2021-06-19 14:50:08,383 - ic: -0.0006098114672523261
2021-06-19 14:50:08,383 - lambdaA: 0.011417525427028206
2021-06-19 14:50:08,383 - iavg: 0.0006097188158310912
2021-06-19 14:50:08,383 - Iavg: -0.0019996961309315738
2021-06-19 14:50:08,383 - IavgVector: [0.        0.        0.0019997]
2021-06-19 14:50:08,383 - F: [-8.8386569e-12  9.5625469e-12  0.0000000e+00]
2021-06-19 14:50:08,383 - F magnitude: 1.30216803428702e-11
2021-06-19 14:50:08,387 - ========================================
2021-06-19 14:50:08,387 - ===== Simulation data output for VNV Type 1b =====
2021-06-19 14:50:08,387 - ========================================
2021-06-19 14:50:08,387 - ---- Input values ----
2021-06-19 14:50:08,387 - V: [-1.39089678e-09  3.00000000e+04 -3.94714186e-16]
2021-06-19 14:50:08,387 - B: [4.782e-09 4.420e-09 0.000e+00]
2021-06-19 14:50:08,387 - l: [0. 0. 1.]
2021-06-19 14:50:08,387 - sigma: 48600000.0
2021-06-19 14:50:08,387 - A: 0.0004704
2021-06-19 14:50:08,387 - Ic: 0.002
2021-06-19 14:50:08,387 - L: 10.0

2021-06-19 14:50:08,387 - ---- Output values ----
2021-06-19 14:50:08,387 - Em: -0.000143460000000003
2021-06-19 14:50:08,387 - I0: -3.27970218240007
2021-06-19 14:50:08,388 - ic: -0.000609811467252312
2021-06-19 14:50:08,388 - lambdaA: 0.011417525427028
2021-06-19 14:50:08,388 - iavg: 0.000609718815831077
2021-06-19 14:50:08,388 - Iavg: -0.00199969613093157
2021-06-19 14:50:08,388 - IavgVector: [0.        0.        0.0019997]
2021-06-19 14:50:08,388 - F: [-8.8386569e-11  9.5625469e-11  0.0000000e+00]
2021-06-19 14:50:08,388 - F magnitude: 1.04173442742961e-10
2021-06-19 14:50:08,388 - ========================================
2021-06-19 14:50:08,388 - ===== Reference data output for VNV Type 1b =====
2021-06-19 14:50:08,388 - ========================================
2021-06-19 14:50:08,388 - ---- Input values ----
2021-06-19 14:50:08,388 - V: [    0 30000     0]
2021-06-19 14:50:08,388 - B: [4.782e-09 4.420e-09 0.000e+00]
2021-06-19 14:50:08,388 - l: [ 0  0 -1]
2021-06-19 14:50:08,388 - sigma: 48600000.0
2021-06-19 14:50:08,389 - A: 0.0004704
2021-06-19 14:50:08,389 - Ic: 0.002
2021-06-19 14:50:08,389 - L: 10

2021-06-19 14:50:08,389 - ---- Output values ----
2021-06-19 14:50:08,389 - Em: 0.00014346
2021-06-19 14:50:08,389 - I0: 3.2797021824000003
2021-06-19 14:50:08,389 - ic: 0.0006098114672523261
2021-06-19 14:50:08,389 - lambdaA: 0.011412884678320204
2021-06-19 14:50:08,389 - iavg: 0.0006093472288036737
2021-06-19 14:50:08,389 - Iavg: 0.0019984774361468008
2021-06-19 14:50:08,389 - IavgVector: [ 0.          0.         -0.00199848]
2021-06-19 14:50:08,389 - F: [ 8.83327027e-12 -9.55671910e-12  0.00000000e+00]
2021-06-19 14:50:08,389 - F magnitude: 1.3013744410166541e-11
2021-06-19 14:50:08,393 - ========================================
2021-06-19 14:50:08,393 - ===== Simulation data output for VNV Type 2a =====
2021-06-19 14:50:08,393 - ========================================
2021-06-19 14:50:08,393 - ---- Input values ----
2021-06-19 14:50:08,393 - V: [-3180.00000001 16020.         18690.        ]
2021-06-19 14:50:08,393 - B: [ 1.413 -1.126 -5.215]
2021-06-19 14:50:08,393 - l: [ 0.17583754  0.87544648 -0.45019399]
2021-06-19 14:50:08,393 - sigma: 59520000.0
2021-06-19 14:50:08,393 - A: 0.005
2021-06-19 14:50:08,393 - Ic: 0.0372
2021-06-19 14:50:08,393 - L: 531.0

2021-06-19 14:50:08,393 - ---- Output values ----
2021-06-19 14:50:08,394 - Em: 6190.47191452285
2021-06-19 14:50:08,394 - I0: 1842284441.762
2021-06-19 14:50:08,394 - ic: 2.01923216397687e-11
2021-06-19 14:50:08,394 - lambdaA: 1.17709315456004e-07
2021-06-19 14:50:08,394 - iavg: 2.01923216377744e-11
2021-06-19 14:50:08,394 - Iavg: 0.0371999999963259
2021-06-19 14:50:08,394 - IavgVector: [ 0.00654116  0.03256661 -0.01674722]
2021-06-19 14:50:08,394 - F: [-100.19557514    5.54805488  -28.34582118]
2021-06-19 14:50:08,394 - F magnitude: 83.420552938175
2021-06-19 14:50:08,394 - ========================================
2021-06-19 14:50:08,394 - ===== Reference data output for VNV Type 2a =====
2021-06-19 14:50:08,394 - ========================================
2021-06-19 14:50:08,394 - ---- Input values ----
2021-06-19 14:50:08,394 - V: [-3180 16020 18690]
2021-06-19 14:50:08,394 - B: [ 1.413 -1.126 -5.215]
2021-06-19 14:50:08,395 - l: [ 0.176  0.875 -0.45 ]
2021-06-19 14:50:08,395 - sigma: 59520000.0
2021-06-19 14:50:08,395 - A: 0.005
2021-06-19 14:50:08,395 - Ic: 0.0372
2021-06-19 14:50:08,395 - L: 531

2021-06-19 14:50:08,395 - ---- Output values ----
2021-06-19 14:50:08,395 - Em: 6172.234890000002
2021-06-19 14:50:08,395 - I0: 1836857103.264001
2021-06-19 14:50:08,395 - ic: 2.025198363764797e-11
2021-06-19 14:50:08,395 - lambdaA: 1.1794106424441946e-07
2021-06-19 14:50:08,395 - iavg: 2.025198363564365e-11
2021-06-19 14:50:08,395 - Iavg: 0.037199999996318345
2021-06-19 14:50:08,395 - IavgVector: [ 0.0065472  0.03255   -0.01674  ]
2021-06-19 14:50:08,395 - F: [-0.18859749  0.01049003 -0.0533653 ]
2021-06-19 14:50:08,395 - F magnitude: 0.19628272684920406
2021-06-19 14:50:08,396 - ========== whaaaaaaa =================

2021-06-19 14:50:08,396 - ========================================
2021-06-19 14:50:08,396 - ===== Reference data output for VNV Type  =====
2021-06-19 14:50:08,396 - ========================================
2021-06-19 14:50:08,396 - ---- Input values ----
2021-06-19 14:50:08,396 - V: [   0 7350    0]
2021-06-19 14:50:08,397 - B: [ 0.00e+00  0.00e+00 -1.75e-05]
2021-06-19 14:50:08,397 - l: [-1  0  0]
2021-06-19 14:50:08,397 - sigma: 34014000.0
2021-06-19 14:50:08,397 - A: 1.9635e-07
2021-06-19 14:50:08,397 - Ic: 0.01
2021-06-19 14:50:08,397 - L: 500

2021-06-19 14:50:08,397 - ---- Output values ----
2021-06-19 14:50:08,397 - Em: 0.128625
2021-06-19 14:50:08,397 - I0: 0.8590412147625001
2021-06-19 14:50:08,397 - ic: 0.011640885010115272
2021-06-19 14:50:08,397 - lambdaA: 0.08121829767790473
2021-06-19 14:50:08,397 - iavg: 0.011572377948277951
2021-06-19 14:50:08,397 - Iavg: 0.009941149610379459
2021-06-19 14:50:08,397 - IavgVector: [-0.00994115  0.          0.        ]
2021-06-19 14:50:08,397 - F: [-0.00000000e+00 -1.73970118e-07 -0.00000000e+00]
2021-06-19 14:50:08,397 - F magnitude: 1.7397011818164052e-07
