2021-02-12 07:32:21,731 - ========================================
2021-02-12 07:32:21,732 - ===== Simulation data output for VNV Type 1a =====
2021-02-12 07:32:21,732 - ========================================
2021-02-12 07:32:21,732 - ---- Input values ----
2021-02-12 07:32:21,732 - V: [-5.92978276e-23  3.00000000e+04 -5.58744018e-29]
2021-02-12 07:32:21,732 - B: [4.782e-09 4.420e-09 0.000e+00]
2021-02-12 07:32:21,732 - l: [0. 0. 1.]
2021-02-12 07:32:21,732 - sigma: 48600000.0
2021-02-12 07:32:21,732 - A: 0.0004704
2021-02-12 07:32:21,733 - Ic: 0.002
2021-02-12 07:32:21,733 - L: 10.0

2021-02-12 07:32:21,733 - ---- Output values ----
2021-02-12 07:32:21,733 - Em: -0.00014346
2021-02-12 07:32:21,733 - I0: -3.2797021824
2021-02-12 07:32:21,733 - ic: -0.000609811467252326
2021-02-12 07:32:21,733 - lambdaA: 0.0114175254270282
2021-02-12 07:32:21,733 - iavg: 0.000609718815831091
2021-02-12 07:32:21,733 - Iavg: -0.00199969613093157
2021-02-12 07:32:21,733 - IavgVector: [-0.        -0.        -0.0019997]
2021-02-12 07:32:21,733 - F: [ 8.8386569e-12 -9.5625469e-12  0.0000000e+00]
2021-02-12 07:32:21,733 - F magnitude: 1.30216803428702e-11
2021-02-12 07:32:21,733 - ========================================
2021-02-12 07:32:21,734 - ===== Reference data output for VNV Type 1a =====
2021-02-12 07:32:21,734 - ========================================
2021-02-12 07:32:21,734 - ---- Input values ----
2021-02-12 07:32:21,734 - V: [    0 30000     0]
2021-02-12 07:32:21,734 - B: [4.782e-09 4.420e-09 0.000e+00]
2021-02-12 07:32:21,734 - l: [0 0 1]
2021-02-12 07:32:21,734 - sigma: 48600000.0
2021-02-12 07:32:21,734 - A: 0.0004704
2021-02-12 07:32:21,734 - Ic: 0.002
2021-02-12 07:32:21,734 - L: 10

2021-02-12 07:32:21,734 - ---- Output values ----
2021-02-12 07:32:21,734 - Em: -0.00014346
2021-02-12 07:32:21,735 - I0: -3.2797021824000003
2021-02-12 07:32:21,735 - ic: -0.0006098114672523261
2021-02-12 07:32:21,735 - lambdaA: 0.011417525427028206
2021-02-12 07:32:21,735 - iavg: 0.0006097188158310912
2021-02-12 07:32:21,735 - Iavg: -0.0019996961309315738
2021-02-12 07:32:21,735 - IavgVector: [-0.        -0.        -0.0019997]
2021-02-12 07:32:21,735 - F: [ 8.8386569e-12 -9.5625469e-12  0.0000000e+00]
2021-02-12 07:32:21,735 - F magnitude: 1.3021680342870199e-11
2021-02-12 07:32:21,755 - ========================================
2021-02-12 07:32:21,755 - ===== Simulation data output for VNV Type 1b =====
2021-02-12 07:32:21,755 - ========================================
2021-02-12 07:32:21,755 - ---- Input values ----
2021-02-12 07:32:21,755 - V: [-5.92978276e-23  3.00000000e+04 -5.58744018e-29]
2021-02-12 07:32:21,756 - B: [4.782e-09 4.420e-09 0.000e+00]
2021-02-12 07:32:21,756 - l: [ 0.  0. -1.]
2021-02-12 07:32:21,756 - sigma: 48600000.0
2021-02-12 07:32:21,756 - A: 0.0004704
2021-02-12 07:32:21,756 - Ic: 0.002
2021-02-12 07:32:21,756 - L: 10.0

2021-02-12 07:32:21,756 - ---- Output values ----
2021-02-12 07:32:21,756 - Em: 0.00014346
2021-02-12 07:32:21,756 - I0: 3.2797021824
2021-02-12 07:32:21,756 - ic: 0.000609811467252326
2021-02-12 07:32:21,756 - lambdaA: 0.0114128846783202
2021-02-12 07:32:21,756 - iavg: 0.000609347228803674
2021-02-12 07:32:21,757 - Iavg: 0.0019984774361468
2021-02-12 07:32:21,757 - IavgVector: [ 0.          0.         -0.00199848]
2021-02-12 07:32:21,757 - F: [ 8.83327027e-12 -9.55671910e-12  0.00000000e+00]
2021-02-12 07:32:21,757 - F magnitude: 1.30137444101665e-11
2021-02-12 07:32:21,757 - ========================================
2021-02-12 07:32:21,757 - ===== Reference data output for VNV Type 1b =====
2021-02-12 07:32:21,757 - ========================================
2021-02-12 07:32:21,757 - ---- Input values ----
2021-02-12 07:32:21,757 - V: [    0 30000     0]
2021-02-12 07:32:21,758 - B: [4.782e-09 4.420e-09 0.000e+00]
2021-02-12 07:32:21,758 - l: [ 0  0 -1]
2021-02-12 07:32:21,758 - sigma: 48600000.0
2021-02-12 07:32:21,758 - A: 0.0004704
2021-02-12 07:32:21,758 - Ic: 0.002
2021-02-12 07:32:21,758 - L: 10

2021-02-12 07:32:21,758 - ---- Output values ----
2021-02-12 07:32:21,758 - Em: 0.00014346
2021-02-12 07:32:21,758 - I0: 3.2797021824000003
2021-02-12 07:32:21,758 - ic: 0.0006098114672523261
2021-02-12 07:32:21,759 - lambdaA: 0.011412884678320204
2021-02-12 07:32:21,759 - iavg: 0.0006093472288036737
2021-02-12 07:32:21,759 - Iavg: 0.0019984774361468008
2021-02-12 07:32:21,759 - IavgVector: [ 0.          0.         -0.00199848]
2021-02-12 07:32:21,759 - F: [ 8.83327027e-12 -9.55671910e-12  0.00000000e+00]
2021-02-12 07:32:21,759 - F magnitude: 1.3013744410166543e-11
2021-02-12 07:32:21,786 - ========================================
2021-02-12 07:32:21,786 - ===== Simulation data output for VNV Type 2a =====
2021-02-12 07:32:21,786 - ========================================
2021-02-12 07:32:21,786 - ---- Input values ----
2021-02-12 07:32:21,786 - V: [-3180. 16020. 18690.]
2021-02-12 07:32:21,787 - B: [ 1.41267e-09 -1.12623e-09 -5.21451e-09]
2021-02-12 07:32:21,787 - l: [ 0.17583754  0.87544648 -0.45019399]
2021-02-12 07:32:21,787 - sigma: 59520000.0
2021-02-12 07:32:21,787 - A: 0.005
2021-02-12 07:32:21,787 - Ic: 0.0372
2021-02-12 07:32:21,787 - L: 531.0

2021-02-12 07:32:21,787 - ---- Output values ----
2021-02-12 07:32:21,787 - Em: 6.18586343891272e-06
2021-02-12 07:32:21,787 - I0: 1.84091295942042
2021-02-12 07:32:21,788 - ic: 0.0202073649433766
2021-02-12 07:32:21,788 - lambdaA: 0.116973169973874
2021-02-12 07:32:21,788 - iavg: 0.0200014335551242
2021-02-12 07:32:21,788 - Iavg: 0.0368208982386146
2021-02-12 07:32:21,788 - IavgVector: [ 0.0064745   0.03223473 -0.01657655]
2021-02-12 07:32:21,788 - F: [-1.86757304e-10  1.03441342e-11 -5.28288018e-11]
2021-02-12 07:32:21,788 - F magnitude: 1.94360937876862e-10
2021-02-12 07:32:21,788 - ========================================
2021-02-12 07:32:21,788 - ===== Reference data output for VNV Type 2a =====
2021-02-12 07:32:21,789 - ========================================
2021-02-12 07:32:21,789 - ---- Input values ----
2021-02-12 07:32:21,789 - V: [-3180. 16020. 18690.]
2021-02-12 07:32:21,789 - B: [ 1.41267e-09 -1.12623e-09 -5.21451e-09]
2021-02-12 07:32:21,789 - l: [ 0.17583754  0.87544648 -0.45019399]
2021-02-12 07:32:21,789 - sigma: 59520000.0
2021-02-12 07:32:21,789 - A: 0.005
2021-02-12 07:32:21,790 - Ic: 0.0372
2021-02-12 07:32:21,790 - L: 531

2021-02-12 07:32:21,790 - ---- Output values ----
2021-02-12 07:32:21,790 - Em: 6.18586331905313e-06
2021-02-12 07:32:21,790 - I0: 1.8409129237502115
2021-02-12 07:32:21,790 - ic: 0.020207365334922036
2021-02-12 07:32:21,790 - lambdaA: 0.11697317146946196
2021-02-12 07:32:21,790 - iavg: 0.02000143393870115
2021-02-12 07:32:21,790 - Iavg: 0.03682089823129105
2021-02-12 07:32:21,790 - IavgVector: [ 0.0064745   0.03223473 -0.01657655]
2021-02-12 07:32:21,791 - F: [-1.86757304e-10  1.03441345e-11 -5.28288017e-11]
2021-02-12 07:32:21,791 - F magnitude: 1.943609371283146e-10
2021-02-12 07:32:21,799 - ========== whaaaaaaa =================

2021-02-12 07:32:21,800 - ========================================
2021-02-12 07:32:21,800 - ===== Reference data output for VNV Type  =====
2021-02-12 07:32:21,800 - ========================================
2021-02-12 07:32:21,800 - ---- Input values ----
2021-02-12 07:32:21,800 - V: [   0 7350    0]
2021-02-12 07:32:21,800 - B: [ 0.00e+00  0.00e+00 -1.75e-05]
2021-02-12 07:32:21,800 - l: [-1  0  0]
2021-02-12 07:32:21,800 - sigma: 34014000.0
2021-02-12 07:32:21,800 - A: 1.9635e-07
2021-02-12 07:32:21,800 - Ic: 0.01
2021-02-12 07:32:21,800 - L: 500

2021-02-12 07:32:21,801 - ---- Output values ----
2021-02-12 07:32:21,801 - Em: 0.128625
2021-02-12 07:32:21,801 - I0: 0.8590412147625001
2021-02-12 07:32:21,801 - ic: 0.011640885010115272
2021-02-12 07:32:21,801 - lambdaA: 0.08121829767790473
2021-02-12 07:32:21,801 - iavg: 0.011572377948277951
2021-02-12 07:32:21,801 - Iavg: 0.009941149610379459
2021-02-12 07:32:21,801 - IavgVector: [-0.00994115  0.          0.        ]
2021-02-12 07:32:21,801 - F: [-0.00000000e+00 -1.73970118e-07 -0.00000000e+00]
2021-02-12 07:32:21,801 - F magnitude: 1.7397011818164052e-07
