2021-02-12 07:25:42,744 - ========================================
2021-02-12 07:25:42,744 - ===== Simulation data output for VNV Type 1a =====
2021-02-12 07:25:42,744 - ========================================
2021-02-12 07:25:42,744 - ---- Input values ----
2021-02-12 07:25:42,744 - V: [-5.92978276e-23  3.00000000e+04 -5.58744018e-29]
2021-02-12 07:25:42,744 - B: [4.782e-09 4.420e-09 0.000e+00]
2021-02-12 07:25:42,744 - l: [0. 0. 1.]
2021-02-12 07:25:42,744 - sigma: 48600000.0
2021-02-12 07:25:42,744 - A: 0.0004704
2021-02-12 07:25:42,744 - Ic: 0.002
2021-02-12 07:25:42,744 - L: 10.0

2021-02-12 07:25:42,745 - ---- Output values ----
2021-02-12 07:25:42,745 - Em: -0.00014346
2021-02-12 07:25:42,745 - I0: -3.2797021824
2021-02-12 07:25:42,745 - ic: -0.000609811467252326
2021-02-12 07:25:42,745 - lambdaA: 0.0114175254270282
2021-02-12 07:25:42,745 - iavg: 0.000609718815831091
2021-02-12 07:25:42,745 - Iavg: -0.00199969613093157
2021-02-12 07:25:42,745 - IavgVector: [-0.        -0.        -0.0019997]
2021-02-12 07:25:42,745 - F: [ 8.8386569e-12 -9.5625469e-12  0.0000000e+00]
2021-02-12 07:25:42,745 - F magnitude: 1.30216803428702e-11
2021-02-12 07:25:42,745 - ========================================
2021-02-12 07:25:42,745 - ===== Reference data output for VNV Type 1a =====
2021-02-12 07:25:42,745 - ========================================
2021-02-12 07:25:42,745 - ---- Input values ----
2021-02-12 07:25:42,745 - V: [    0 30000     0]
2021-02-12 07:25:42,746 - B: [4.782e-09 4.420e-09 0.000e+00]
2021-02-12 07:25:42,746 - l: [0 0 1]
2021-02-12 07:25:42,746 - sigma: 48600000.0
2021-02-12 07:25:42,746 - A: 0.0004704
2021-02-12 07:25:42,746 - Ic: 0.002
2021-02-12 07:25:42,746 - L: 10

2021-02-12 07:25:42,746 - ---- Output values ----
2021-02-12 07:25:42,746 - Em: -0.00014346
2021-02-12 07:25:42,746 - I0: -3.2797021824000003
2021-02-12 07:25:42,746 - ic: -0.0006098114672523261
2021-02-12 07:25:42,746 - lambdaA: 0.011417525427028206
2021-02-12 07:25:42,746 - iavg: 0.0006097188158310912
2021-02-12 07:25:42,746 - Iavg: -0.0019996961309315738
2021-02-12 07:25:42,746 - IavgVector: [-0.        -0.        -0.0019997]
2021-02-12 07:25:42,746 - F: [ 8.8386569e-12 -9.5625469e-12  0.0000000e+00]
2021-02-12 07:25:42,746 - F magnitude: 1.3021680342870199e-11
2021-02-12 07:25:42,763 - ========================================
2021-02-12 07:25:42,763 - ===== Simulation data output for VNV Type 1b =====
2021-02-12 07:25:42,763 - ========================================
2021-02-12 07:25:42,763 - ---- Input values ----
2021-02-12 07:25:42,763 - V: [-5.92978276e-23  3.00000000e+04 -5.58744018e-29]
2021-02-12 07:25:42,763 - B: [4.782e-09 4.420e-09 0.000e+00]
2021-02-12 07:25:42,763 - l: [0. 0. 1.]
2021-02-12 07:25:42,763 - sigma: 48600000.0
2021-02-12 07:25:42,763 - A: 0.0004704
2021-02-12 07:25:42,763 - Ic: 0.002
2021-02-12 07:25:42,764 - L: 10.0

2021-02-12 07:25:42,764 - ---- Output values ----
2021-02-12 07:25:42,764 - Em: -0.00014346
2021-02-12 07:25:42,764 - I0: -3.2797021824
2021-02-12 07:25:42,764 - ic: -0.000609811467252326
2021-02-12 07:25:42,764 - lambdaA: 0.0114175254270282
2021-02-12 07:25:42,764 - iavg: 0.000609718815831091
2021-02-12 07:25:42,764 - Iavg: -0.00199969613093157
2021-02-12 07:25:42,764 - IavgVector: [-0.        -0.        -0.0019997]
2021-02-12 07:25:42,764 - F: [ 8.8386569e-12 -9.5625469e-12  0.0000000e+00]
2021-02-12 07:25:42,764 - F magnitude: 1.30216803428702e-11
2021-02-12 07:25:42,764 - ========================================
2021-02-12 07:25:42,764 - ===== Reference data output for VNV Type 1b =====
2021-02-12 07:25:42,764 - ========================================
2021-02-12 07:25:42,764 - ---- Input values ----
2021-02-12 07:25:42,764 - V: [    0 30000     0]
2021-02-12 07:25:42,765 - B: [4.782e-09 4.420e-09 0.000e+00]
2021-02-12 07:25:42,765 - l: [ 0  0 -1]
2021-02-12 07:25:42,765 - sigma: 48600000.0
2021-02-12 07:25:42,765 - A: 0.0004704
2021-02-12 07:25:42,765 - Ic: 0.002
2021-02-12 07:25:42,765 - L: 10

2021-02-12 07:25:42,765 - ---- Output values ----
2021-02-12 07:25:42,765 - Em: 0.00014346
2021-02-12 07:25:42,765 - I0: 3.2797021824000003
2021-02-12 07:25:42,765 - ic: 0.0006098114672523261
2021-02-12 07:25:42,765 - lambdaA: 0.011412884678320204
2021-02-12 07:25:42,765 - iavg: 0.0006093472288036737
2021-02-12 07:25:42,765 - Iavg: 0.0019984774361468008
2021-02-12 07:25:42,765 - IavgVector: [ 0.          0.         -0.00199848]
2021-02-12 07:25:42,765 - F: [ 8.83327027e-12 -9.55671910e-12  0.00000000e+00]
2021-02-12 07:25:42,765 - F magnitude: 1.3013744410166543e-11
2021-02-12 07:25:42,782 - ========================================
2021-02-12 07:25:42,782 - ===== Simulation data output for VNV Type 2a =====
2021-02-12 07:25:42,782 - ========================================
2021-02-12 07:25:42,782 - ---- Input values ----
2021-02-12 07:25:42,782 - V: [-3180. 16020. 18690.]
2021-02-12 07:25:42,782 - B: [ 1.41267e-09 -1.12623e-09 -5.21451e-09]
2021-02-12 07:25:42,783 - l: [0. 0. 1.]
2021-02-12 07:25:42,783 - sigma: 59520000.0
2021-02-12 07:25:42,783 - A: 0.005
2021-02-12 07:25:42,783 - Ic: 0.0372
2021-02-12 07:25:42,783 - L: 531.0

2021-02-12 07:25:42,783 - ---- Output values ----
2021-02-12 07:25:42,783 - Em: -1.9049562e-05
2021-02-12 07:25:42,783 - I0: -5.6691496512
2021-02-12 07:25:42,783 - ic: -0.00656183066046348
2021-02-12 07:25:42,783 - lambdaA: 0.0557594365801462
2021-02-12 07:25:42,783 - iavg: 0.00658308294817202
2021-02-12 07:25:42,783 - Iavg: -0.0373204823994501
2021-02-12 07:25:42,783 - IavgVector: [-0.         -0.         -0.03732048]
2021-02-12 07:25:42,783 - F: [-4.20314469e-11 -5.27215259e-11  0.00000000e+00]
2021-02-12 07:25:42,783 - F magnitude: 6.742552794074e-11
2021-02-12 07:25:42,783 - ========================================
2021-02-12 07:25:42,784 - ===== Reference data output for VNV Type 2a =====
2021-02-12 07:25:42,784 - ========================================
2021-02-12 07:25:42,784 - ---- Input values ----
2021-02-12 07:25:42,784 - V: [-3180. 16020. 18690.]
2021-02-12 07:25:42,784 - B: [ 1.41267e-09 -1.12623e-09 -5.21451e-09]
2021-02-12 07:25:42,784 - l: [ 0.17583754  0.87544648 -0.45019399]
2021-02-12 07:25:42,784 - sigma: 59520000.0
2021-02-12 07:25:42,784 - A: 0.005
2021-02-12 07:25:42,784 - Ic: 0.0372
2021-02-12 07:25:42,784 - L: 531

2021-02-12 07:25:42,784 - ---- Output values ----
2021-02-12 07:25:42,784 - Em: 6.18586331905313e-06
2021-02-12 07:25:42,784 - I0: 1.8409129237502115
2021-02-12 07:25:42,784 - ic: 0.020207365334922036
2021-02-12 07:25:42,784 - lambdaA: 0.11697317146946196
2021-02-12 07:25:42,784 - iavg: 0.02000143393870115
2021-02-12 07:25:42,785 - Iavg: 0.03682089823129105
2021-02-12 07:25:42,785 - IavgVector: [ 0.0064745   0.03223473 -0.01657655]
2021-02-12 07:25:42,785 - F: [-1.86757304e-10  1.03441345e-11 -5.28288017e-11]
2021-02-12 07:25:42,785 - F magnitude: 1.943609371283146e-10
2021-02-12 07:25:42,785 - ========== whaaaaaaa =================

2021-02-12 07:25:42,786 - ========================================
2021-02-12 07:25:42,786 - ===== Reference data output for VNV Type  =====
2021-02-12 07:25:42,786 - ========================================
2021-02-12 07:25:42,786 - ---- Input values ----
2021-02-12 07:25:42,786 - V: [   0 7350    0]
2021-02-12 07:25:42,786 - B: [ 0.00e+00  0.00e+00 -1.75e-05]
2021-02-12 07:25:42,786 - l: [-1  0  0]
2021-02-12 07:25:42,786 - sigma: 34014000.0
2021-02-12 07:25:42,786 - A: 1.9635e-07
2021-02-12 07:25:42,786 - Ic: 0.01
2021-02-12 07:25:42,786 - L: 500

2021-02-12 07:25:42,786 - ---- Output values ----
2021-02-12 07:25:42,786 - Em: 0.128625
2021-02-12 07:25:42,787 - I0: 0.8590412147625001
2021-02-12 07:25:42,787 - ic: 0.011640885010115272
2021-02-12 07:25:42,787 - lambdaA: 0.08121829767790473
2021-02-12 07:25:42,787 - iavg: 0.011572377948277951
2021-02-12 07:25:42,787 - Iavg: 0.009941149610379459
2021-02-12 07:25:42,787 - IavgVector: [-0.00994115  0.          0.        ]
2021-02-12 07:25:42,787 - F: [-0.00000000e+00 -1.73970118e-07 -0.00000000e+00]
2021-02-12 07:25:42,787 - F magnitude: 1.7397011818164052e-07
