1964  22  0   5.0   1.4  -8.2 169.8  -1.3   0.2  -0.2  362. 999.9 999.9   0.05
1964  49  0 999.9 999.9 999.9 999.9 999.9 999.9 999.9  311. 999.9 999.9 999.99
1964  76  0 999.9 999.9 999.9 999.9 999.9 999.9 999.9 9999. 999.9 999.9 999.99
1964 103  0 999.9 999.9 999.9 999.9 999.9 999.9 999.9 9999. 999.9 999.9 999.99
1964 130  0 999.9 999.9 999.9 999.9 999.9 999.9 999.9 9999. 999.9 999.9 999.99
1964 157  0 999.9 999.9 999.9 999.9 999.9 999.9 999.9 9999. 999.9 999.9 999.99
1964 184  0 999.9 999.9 999.9 999.9 999.9 999.9 999.9  454. 999.9 999.9 999.99
1964 211  0 999.9 999.9 999.9 999.9 999.9 999.9 999.9  474. 999.9 999.9 999.99
1964 238  0 999.9 999.9 999.9 999.9 999.9 999.9 999.9  450. 999.9 999.9 999.99
1964 265  0 999.9 999.9 999.9 999.9 999.9 999.9 999.9  482. 999.9 999.9 999.99
1964 292  0 999.9 999.9 999.9 999.9 999.9 999.9 999.9  441. 999.9 999.9 999.99
1964 319  0 999.9 999.9 999.9 999.9 999.9 999.9 999.9  428. 999.9 999.9 999.99
1964 346  0 999.9 999.9 999.9 999.9 999.9 999.9 999.9  383. 999.9 999.9 999.99
1965   7  0 999.9 999.9 999.9 999.9 999.9 999.9 999.9  381. 999.9 999.9 999.99
1965  34  0 999.9 999.9 999.9 999.9 999.9 999.9 999.9  444. 999.9 999.9 999.99
1965  61  0 999.9 999.9 999.9 999.9 999.9 999.9 999.9  429. 999.9 999.9 999.99
1965  88  0 999.9 999.9 999.9 999.9 999.9 999.9 999.9  388. 999.9 999.9 999.99
1965 115  0 999.9 999.9 999.9 999.9 999.9 999.9 999.9  420. 999.9 999.9 999.99
1965 142  0   6.0   1.2 -18.3 315.4   0.8  -0.8  -0.4  409. 999.9 999.9   0.34
1965 169  0   4.8   0.6  19.2 258.2  -0.1  -0.6   0.2  428. 999.9 999.9  -0.16
1965 196  0   5.3   1.6   3.1 326.5   1.4  -0.9   0.1  436.  -2.3 999.9  -0.15
1965 223  0   5.2   1.3  15.6 332.1   1.1  -0.6   0.3  456.  -1.6 999.9  -0.17
1965 250  0   5.2   1.5 -22.4 324.9   1.2  -0.8  -0.6  413.  -1.2 999.9   0.15
1965 277  0   5.2   2.0  -2.7 294.0   0.8  -1.8  -0.1  417.  -1.6 999.9  -0.36
1965 304  0   5.5   0.8  12.8 271.3   0.0  -0.8   0.2  381.  -2.5 999.9  -0.07
1965 331  0   4.3   0.7   3.7 282.6   0.1  -0.7   0.0  388.  -3.1 999.9  -0.01
1965 358  0   4.6   0.9  14.0 340.7   0.8  -0.3   0.2  411.  -1.8 999.9   0.04
1966  20  0   6.5   1.8 -75.0 220.6  -0.3  -0.3  -1.7  436.  -1.3 999.9   0.34
1966  47  0 999.9 999.9 999.9 999.9 999.9 999.9 999.9  423.  -1.7 999.9 999.99
1966  74  0 999.9 999.9 999.9 999.9 999.9 999.9 999.9  442.  -0.7 999.9 999.99
1966 101  0 999.9 999.9 999.9 999.9 999.9 999.9 999.9  390.  -0.7 999.9 999.99
1966 128  0 999.9 999.9 999.9 999.9 999.9 999.9 999.9  369.  -2.2 999.9 999.99
1966 155  0 999.9 999.9 999.9 999.9 999.9 999.9 999.9  406.  -0.4 999.9 999.99
1966 182  0   6.3   2.5 -18.7 300.5   1.2  -2.0  -0.8  431.  -0.5   3.4   0.31
1966 209  0   5.7   2.4 -17.5 311.5   1.5  -1.7  -0.7  407.  -0.8   4.9  -0.05
1966 236  0   6.9   2.1 -39.7 310.0   1.1  -1.3  -1.4  491.  -1.9  -3.3   0.72
1966 263  0   6.7   1.5 -21.7 299.5   0.7  -1.2  -0.6  472.  -1.0 999.9  -0.16
1966 290  0   6.0   2.0   6.8 334.2   1.8  -0.9   0.2  446.  -1.6 999.9  -0.20
1966 317  0   6.8   1.4  21.4 304.5   0.7  -1.1   0.5  427.  -1.9 999.9  -0.13
1966 344  0   6.6   1.1  14.1 276.0   0.1  -1.1   0.3  454.  -1.5  -4.4  -0.10
1967   6  0   7.6   1.6 -10.7 181.2  -1.6  -0.0  -0.3  376.   0.4  -2.4   0.32
1967  33  0   6.9   1.0  32.5 189.9  -0.8  -0.1   0.5  414.  -0.4  -1.7  -0.14
1967  60  0   6.0   1.1   6.5 143.7  -0.8   0.6   0.1  366.  -1.7  -2.4  -0.05
1967  87  0   5.8   1.0  -0.0 260.4  -0.2  -0.9  -0.0  388.  -1.9 999.9   0.12
1967 114  0   6.8   0.7 -10.4 227.7  -0.5  -0.5  -0.1  424.  -1.7 999.9   0.07
1967 141  0   6.3   1.6 -37.2 337.9   1.2  -0.5  -1.0  461.  -0.4 999.9   0.73
1967 168  0   5.3   1.3 -18.0 307.6   0.8  -1.0  -0.4  406.  -3.2 999.9   0.09
1967 195  0   5.8   2.5   6.7 333.0   2.2  -1.1   0.3  388.   1.6  -0.1  -0.14
1967 222  0   6.2   2.2  -5.1 309.9   1.4  -1.7  -0.2  466.   1.8  -0.0  -0.18
1967 249  0   6.5   1.7  -6.6 290.0   0.6  -1.6  -0.2  454.   0.5  -0.3  -0.29
1967 276  0   6.5   2.3  11.8 307.7   1.4  -1.8   0.5  447.   1.0  -2.0  -0.51
1967 303  0   6.2   1.5   3.1 304.4   0.8  -1.2   0.1  450.   1.2  -1.4  -0.21
1967 330  0   7.0   0.2 -18.7 149.5  -0.2   0.1  -0.1  500.   0.8  -1.9   0.07
1967 357  0   7.3   1.5 -53.6 250.2  -0.3  -0.8  -1.2  420.  -0.3  -1.7   0.52
1968  19  0   7.0   0.4 -73.4 349.4   0.1  -0.0  -0.4  465.  -0.6  -1.6   0.19
1968  46  0   6.5   1.3   1.9 268.8  -0.0  -1.3   0.0  449.  -1.5  -1.7   0.17
1968  73  0   6.0   0.4 -67.3 232.9  -0.1  -0.1  -0.4  513.  -0.2  -1.6   0.17
1968 100  0   5.9   0.6  40.7 192.0  -0.4  -0.1   0.4  459.   0.5  -0.3  -0.18
1968 127  0   6.6   1.0   0.7 335.7   0.9  -0.4   0.0  475.   0.8  -0.3   0.18
1968 154  0   6.2   1.1  -0.4 326.4   0.9  -0.6  -0.0  492.   0.7  -0.6   0.06
1968 181  0   5.3   0.2  16.4 136.9  -0.2   0.2   0.1  455.  -0.4  -0.6   0.13
1968 208  0   5.4   0.8  20.2 353.7   0.8  -0.1   0.3  488.  -0.1   4.2  -0.10
1968 235  0   6.4   1.1 -53.3 279.6   0.1  -0.7  -0.9  442.   0.2   3.6   0.16
1968 262  0   5.3   0.6  27.1 338.2   0.5  -0.2   0.3  446.   2.8   4.0   0.07
1968 289  0   6.7   1.0  -2.7 295.5   0.4  -0.9  -0.0  602.   1.3  -6.2   0.55
1968 316  0   6.8   1.5   5.2 301.8   0.8  -1.3   0.1  428.  -2.4   2.1  -0.89
1968 343  0   6.0   0.5  10.4 331.8   0.4  -0.2   0.1  446.  -2.4   0.9  -0.13
1969   4  0   5.8   0.8  -5.4 334.0   0.7  -0.3  -0.1  434.  -1.5   0.8   0.08
1969  31  0   6.4   0.5  18.9 232.3  -0.3  -0.4   0.2  432.  -1.3  -0.6   0.07
1969  58  0   7.5   1.5  -3.8 278.9   0.2  -1.5  -0.1  463.  -1.1  -0.6   0.39
1969  85  0   6.4   1.0   5.3 328.4   0.9  -0.5   0.1  427.   1.9  -1.6   0.01
1969 112  0   7.5   1.2 -61.2 187.9  -0.6  -0.1  -1.1  455.  -3.2   0.3   0.78
1969 139  0   6.4   0.2  46.1 332.4   0.1  -0.1   0.1  379. 999.9 999.9   0.02
1969 166  0   5.3   1.5   3.1 282.6   0.3  -1.5   0.1  405. 999.9 999.9  -0.15
1969 193  0   5.6   0.5  59.1 279.5   0.0  -0.2   0.4  385.  -7.9   1.0  -0.17
1969 220  0   5.6   1.0  20.1 318.9   0.7  -0.6   0.3  399.   2.4   3.5  -0.23
1969 247  0   5.7   0.4   1.4 279.2   0.1  -0.3   0.0  430.   2.7   4.1  -0.03
1969 274  0   5.3   0.3 -69.9 199.3  -0.1  -0.0  -0.3  403. 999.9 999.9  -0.09
1969 301  0   5.4   1.0   8.3 306.4   0.6  -0.8   0.1  394. 999.9 999.9  -0.18
1969 328  0   6.3   0.9   8.5 262.4  -0.1  -0.9   0.1  423.  -1.7   2.1   0.02
1969 355  0   5.5   0.6 -12.0 241.7  -0.3  -0.5  -0.1  400.  -1.4   2.1   0.12
1970  17  0   5.2   1.3   6.2 101.6  -0.3   1.3   0.1  393.  -2.1   1.3  -0.24
1970  44  0   7.3   2.3 -18.0 131.4  -1.5   1.7  -0.7  447.  -2.4  -1.3   0.07
1970  71  0   6.7   2.5   4.8 104.2  -0.6   2.4   0.2  417.  -2.0  -1.3  -0.49
1970  98  0   7.4   1.4 -21.5  85.9   0.1   1.3  -0.5  430.  -4.5   0.0   0.13
1970 125  0   6.2   0.4 -77.5 281.3   0.0  -0.1  -0.4  403. 999.9 999.9   0.17
1970 152  0   6.5   0.9 -30.5 304.4   0.4  -0.7  -0.5  411. 999.9 999.9   0.04
1970 179  0   6.8   1.3 -11.1 211.8  -1.1  -0.7  -0.3  445. 999.9 999.9   0.27
1970 206  0   6.6   0.9 -36.4 265.3  -0.1  -0.7  -0.5  458. 999.9 999.9   0.28
1970 233  0   6.1   0.7  19.4 103.8  -0.2   0.7   0.2  421. 999.9 999.9   0.18
1970 260  0   6.4   0.6 -49.4  93.0  -0.0   0.4  -0.4  425. 999.9 999.9   0.14
1970 287  0   6.8   2.3   2.1 125.7  -1.3   1.9   0.1  410. 999.9 999.9   0.01
1970 314  0   6.4   1.0  72.3 193.2  -0.3  -0.1   1.0  416.  -0.8   2.1  -0.20
1970 341  0   6.2   1.2 -13.6 154.7  -1.1   0.5  -0.3  401.  -1.9   3.0   0.13
1971   3  0   6.0   0.7   9.4 102.3  -0.1   0.6   0.1  449.  -1.5   1.4  -0.14
1971  30  0   6.4   0.9   7.3 263.0  -0.1  -0.9   0.1  461.  -1.5   0.4   0.19
1971  57  0   5.4   0.4  17.6 287.7   0.1  -0.4   0.1  445.  -1.4  -0.4  -0.03
1971  84  0   5.8   1.2 -10.7 318.6   0.9  -0.8  -0.2  452.   0.2   2.2   0.25
1971 111  0   6.9   0.6   1.7 344.6   0.6  -0.2   0.0  419.  -0.3   2.0   0.08
1971 138  0   5.5   1.2 -16.9 310.1   0.8  -0.9  -0.4  438.   0.1 999.9   0.27
1971 165  0   5.8   0.5 -17.1 274.4   0.0  -0.4  -0.1  411.   0.2 999.9  -0.14
1971 192  0   6.3   1.9  14.1 292.0   0.7  -1.8   0.5  417.  -1.0 999.9  -0.24
1971 219  0   6.0   0.5 -35.3 235.6  -0.2  -0.3  -0.3 9999. 999.9 999.9 999.99
1971 246  0   5.4   0.7 -30.7  26.7   0.5   0.3  -0.3 9999. 999.9 999.9 999.99
1971 273  0   5.7   0.4 -60.5 288.9   0.1  -0.2  -0.3 9999. 999.9 999.9 999.99
1971 300  0   5.7   1.1   2.5 327.9   0.9  -0.6   0.0 9999. 999.9 999.9 999.99
1971 327  0   6.7   0.9   4.5  26.6   0.8   0.4   0.1 9999. 999.9 999.9 999.99
1971 354  0   5.8   1.2  -8.3 297.9   0.5  -1.0  -0.2  420.   0.9 999.9  -0.01
1972  16  0   6.4   0.8   5.3 281.8   0.2  -0.7   0.1  445.   1.2 999.9   0.02
1972  43  0   6.6   0.6  24.6 287.8   0.2  -0.5   0.2  433.   0.7 999.9   0.08
1972  70  0   6.9   0.4 -21.4 323.6   0.3  -0.2  -0.2  411.   1.0 999.9   0.11
1972  97  0   6.0   1.4 -17.1 288.1   0.4  -1.3  -0.4  367.   0.6 999.9   0.26
1972 124  0   6.3   0.5  43.0 351.3   0.4  -0.1   0.4  401.   0.4 999.9  -0.20
1972 151  0   6.4   0.5 -60.0  21.5   0.2   0.1  -0.5  384.   0.4 999.9   0.09
1972 178  0   5.8   0.6 -63.5 327.7   0.2  -0.1  -0.5  365.  -0.8 999.9  -0.07
1972 205  0   7.4   0.7  40.4 170.1  -0.5   0.1   0.4  552.  -0.2 999.9   1.10
1972 232  0   6.7   2.0   8.8 128.9  -1.3   1.6   0.3 9999. 999.9 999.9 999.99
1972 259  0   5.9   0.4  -2.6 150.1  -0.3   0.2  -0.0  318.  -3.5 999.9  -0.06
1972 286  0   7.0   1.6   8.2 118.2  -0.8   1.4   0.2  432.  -3.5 999.9  -0.46
1972 313  0   6.1   0.4  10.6  35.4   0.3   0.2   0.1  385.  -2.3 999.9   0.09
1972 340  0   6.7   1.7  21.7 311.4   1.0  -1.2   0.6  375.  -2.6 999.9  -0.14
1973   1  0   6.7   0.4  24.7 282.9   0.1  -0.3   0.2  472.  -0.7 999.9   0.06
1973  28  0   6.6   1.1   6.9 336.4   1.0  -0.5   0.1  483.  -0.0 999.9   0.08
1973  55  0   6.3   0.5  10.2  32.5   0.4   0.3   0.1  536.  -0.8 999.9  -0.03
1973  82  0   7.7   1.2  15.8 355.8   1.2  -0.1   0.3  548.  -0.1 999.9   0.09
1973 109  0   6.8   0.7  -7.7 119.6  -0.4   0.6  -0.1  567.   0.0 999.9   0.03
1973 136  0   6.5   1.0  15.9 103.5  -0.2   0.9   0.3  539.  -0.3 999.9  -0.07
1973 163  0   5.7   0.5 -12.2 116.0  -0.2   0.5  -0.1  510.   0.4 999.9   0.06
1973 190  0   5.9   0.3  -2.3 276.2   0.0  -0.3  -0.0  476.  -1.3 999.9   0.09
1973 217  0   5.3   0.7  -2.5 129.0  -0.4   0.6  -0.0  422.  -2.5 999.9   0.16
1973 244  0   6.4   1.0  -7.5 148.9  -0.9   0.5  -0.1  435.  -2.5 999.9  -0.13
1973 271  0   5.4   1.8 -15.9 156.4  -1.5   0.7  -0.5  458.  -2.2 999.9   0.13
1973 298  0   6.0   0.4   9.2 150.2  -0.4   0.2   0.1  428.  -1.7 999.9  -0.14
1973 325  0   5.9   0.5 -65.1  20.8   0.2   0.1  -0.4  414.  -1.3   0.6   0.20
1973 352  0   5.8   1.4  20.0 336.6   1.2  -0.5   0.5  493.  -1.4  -1.2  -0.15
1974  14  0   5.9   1.0   1.1 321.4   0.8  -0.6   0.0  510.  -0.9   0.7   0.07
1974  41  0   6.2   1.3  -1.7 336.3   1.2  -0.5  -0.0  516.  -0.7  -0.6   0.14
1974  68  0   6.6   0.7  -6.1 325.8   0.6  -0.4  -0.1  540.  -0.9   2.8   0.10
1974  95  0   6.2   0.4  19.9 356.5   0.4  -0.0   0.1  527.  -1.0   2.2  -0.14
1974 122  0   7.1   1.2   7.5 329.3   1.0  -0.6   0.2  525.  -0.5   3.3  -0.07
1974 149  0   6.6   1.9  -3.1 331.7   1.7  -0.9  -0.1  528.  -0.7   3.0  -0.02
1974 176  0   7.5   1.5 -15.7 345.8   1.4  -0.4  -0.4  548.  -0.6   2.5   0.10
1974 203  0   6.3   1.3 -35.2 318.8   0.8  -0.7  -0.7  512.  -0.8   1.5   0.27
1974 230  0   6.5   0.4  -2.2 328.2   0.3  -0.2  -0.0  532.  -0.6   2.4  -0.08
1974 257  0   7.0   0.8  40.8 341.2   0.6  -0.2   0.5  551.  -0.9   2.3  -0.23
1974 284  0   7.7   1.0  23.3 319.9   0.7  -0.6   0.4  514.  -1.4   0.9  -0.21
1974 311  0   7.1   0.8   6.9  10.5   0.8   0.1   0.1  542.  -0.6   0.4  -0.07
1974 338  0   6.1   1.0   2.0 351.8   1.0  -0.1   0.0  552.  -0.8   0.5  -0.04
1974 365  0   7.0   0.8  18.2 249.0  -0.3  -0.7   0.2  522.  -0.8   0.1  -0.10
1975  27  0   6.0   0.8  -4.9  23.1   0.7   0.3  -0.1  542.  -0.4   1.8   0.04
1975  54  0   5.7   0.5   0.0 339.2   0.4  -0.2   0.0  538.  -0.6   1.1   0.14
1975  81  0   5.6   0.2 -34.6  70.4   0.1   0.2  -0.1  503.  -0.5   2.3   0.07
1975 108  0   5.2   0.4 -56.3 320.1   0.2  -0.1  -0.3  485.  -0.5   2.1   0.09
1975 135  0   5.5   0.4   2.3  64.7   0.2   0.3   0.0  493.  -0.4   3.1  -0.08
1975 162  0   4.8   1.0  -5.5 155.2  -0.9   0.4  -0.1  479.  -1.0   2.6  -0.04
1975 189  0   5.9   2.1  11.9 140.8  -1.6   1.3   0.4  485.  -1.0   2.3  -0.17
1975 216  0   6.4   1.9  -2.1 149.1  -1.6   0.9  -0.1  448.  -0.5   2.8   0.03
1975 243  0   5.4   1.3  19.1 140.7  -1.0   0.8   0.4  411.  -0.9   1.9  -0.21
1975 270  0   5.5   1.5   0.8 133.7  -1.1   1.1   0.0  398.  -0.3   1.0   0.16
1975 297  0   6.8   0.4  -2.0 115.1  -0.2   0.4  -0.0  444.  -1.0   0.1   0.04
1975 324  0   6.7   0.9  38.3 356.2   0.7  -0.0   0.6  479.  -0.6   0.1  -0.11
1975 351  0   7.0   1.3   3.5 310.0   0.8  -1.0   0.1  494.  -0.4   0.5   0.16
1976  13  0   6.5   0.8  14.6 317.3   0.6  -0.6   0.2  491.  -0.6   0.9  -0.08
1976  40  0   6.0   1.8   6.9 327.3   1.5  -1.0   0.2  523.  -0.7   0.9   0.00
1976  67  0   5.9   1.7 -13.9 337.5   1.5  -0.6  -0.4  515.  -0.5   2.9   0.20
1976  94  0   5.3   1.0  22.2 323.1   0.7  -0.5   0.4  479.  -1.2   3.3  -0.06
1976 121  0   5.9   0.5  -5.9 135.8  -0.4   0.4  -0.1  453.  -0.3   3.2   0.05
1976 148  0   5.0   1.1  15.9 131.5  -0.7   0.8   0.3  455.  -0.7   2.4  -0.10
1976 175  0   5.1   1.3  10.2 154.0  -1.2   0.6   0.2  447.  -0.5   2.8  -0.07
1976 202  0   5.0   2.7   6.2 138.8  -2.0   1.8   0.3  431.  -0.2   2.7   0.06
1976 229  0   5.1   2.3  10.2 134.5  -1.6   1.6   0.4  435.  -0.5   2.3   0.14
1976 256  0   5.5   1.4  12.0 139.3  -1.1   0.9   0.3  426.  -0.3   2.0   0.01
1976 283  0   4.7   2.0  -2.4 141.3  -1.5   1.2  -0.1  408.  -0.5   1.5   0.19
1976 310  0   5.7   2.3   1.1 155.9  -2.1   0.9   0.0  393.  -0.9   0.8   0.09
1976 337  0   5.7   1.0   9.7 106.3  -0.3   0.9   0.2  410.  -0.5   0.2  -0.05
1976 364  0   6.0   1.2  16.3 314.2   0.8  -0.8   0.3  410.  -0.9   0.2  -0.07
1977  25  0   6.2   3.3   3.2 317.4   2.4  -2.2   0.2  422.  -0.6   0.9   0.24
1977  52  0   5.6   2.0  11.4 339.9   1.8  -0.7   0.4  419.  -0.4   1.3  -0.02
1977  79  0   5.4   1.1  12.9 320.3   0.8  -0.7   0.2  421.  -0.3   2.3  -0.03
1977 106  0   6.3   1.0 -12.1  32.9   0.8   0.5  -0.2  420.  -0.4   2.3  -0.01
1977 133  0   5.4   1.3  14.2 111.1  -0.5   1.2   0.3  411.  -0.3   2.5  -0.19
1977 160  0   6.8   2.2  11.5 155.3  -2.0   0.9   0.4  421.  -0.3   2.6  -0.17
1977 187  0   5.4   0.9 -17.0 121.9  -0.4   0.7  -0.3  460.  -0.8   2.6   0.23
1977 214  0   5.7   0.8 -12.0 169.0  -0.8   0.2  -0.2  483.  -1.4   2.8  -0.04
1977 241  0   6.0   0.7  15.9 111.9  -0.3   0.7   0.2  416.  -0.4   1.0   0.08
1977 268  0   6.2   0.4  10.5 137.7  -0.3   0.2   0.1  391.  -0.5   1.0   0.06
1977 295  0   6.2   1.1   8.8 105.9  -0.3   1.0   0.2  396.  -0.8   0.7   0.06
1977 322  0   5.7   1.2  39.8 342.8   0.9  -0.3   0.7  377.  -0.4   0.5  -0.30
1977 349  0   6.8   1.4  23.8 297.2   0.6  -1.2   0.6  404.  -0.5   0.1  -0.13
1978  11  0   7.8   1.8   1.2  53.6   1.1   1.4   0.0  382.  -1.0   1.7  -0.26
1978  38  0   7.8   1.2  -8.5  53.9   0.7   1.0  -0.2  431.  -0.9   0.9  -0.11
1978  65  0   7.2   1.1 -21.0 355.6   1.1  -0.1  -0.4  441.  -0.6   2.4   0.19
1978  92  0   8.1   1.2  29.3 327.8   0.9  -0.6   0.6  502.  -1.2   2.3  -0.28
1978 119  0   8.1   1.4  -0.2 298.0   0.7  -1.2  -0.0  489.  -0.6   2.5   0.54
1978 146  0   7.4   1.0  18.2 280.5   0.2  -0.9   0.3  429.  -1.3   3.5  -0.38
1978 173  0   7.6   3.6  18.6 156.9  -3.1   1.3   1.2  436.  -1.0   3.5  -0.35
1978 200  0   6.2   0.4 -15.2 260.9  -0.1  -0.4  -0.1  370.  -1.0   2.8   0.09
1978 227  0   6.4   0.6 -36.6 153.6  -0.4   0.2  -0.4  417.   1.5   1.3   0.24
1978 254  0   6.4   0.9  -9.5 122.7  -0.5   0.7  -0.1  418.   1.7  -0.1   0.34
1978 281  0   7.1   1.3 -18.9 108.4  -0.4   1.2  -0.4  393.   2.1  -0.2   0.28
1978 308  0   7.2   1.5  -6.0 139.9  -1.1   1.0  -0.2  442.   2.2  -0.2   0.08
1978 335  0   7.3   0.4  27.4 203.5  -0.3  -0.1   0.2  422.   2.0   0.4  -0.07
1978 362  0   7.9   0.7 -36.6 222.7  -0.4  -0.4  -0.4  453.   1.9   0.6   0.16
1979  24  0   7.8   1.0   5.2 338.5   0.9  -0.4   0.1  423.   1.8   0.0   0.03
1979  51  0   8.1   1.0  -3.7 306.7   0.6  -0.8  -0.1  432.   2.0   0.3   0.08
1979  78  0   9.5   1.5  23.8 305.9   0.8  -1.1   0.6  472.   1.6   0.2  -0.06
1979 105  0   7.6   0.5  -0.8 304.2   0.3  -0.4  -0.0  471.   2.1   0.3   0.09
1979 132  0   7.9   1.9  18.1 348.3   1.8  -0.4   0.6  435.   1.0   0.2   0.04
1979 159  0   7.1   2.1 -20.6 307.2   1.2  -1.5  -0.7  414.   2.0   0.0   0.27
1979 186  0   7.1   0.7 -11.5 302.2   0.4  -0.6  -0.1  407.   2.0  -0.3   0.01
1979 213  0   7.2   1.0 -10.6 224.8  -0.7  -0.7  -0.2  436.   1.5  -0.1  -0.03
1979 240  0   7.6   1.3  25.5 105.9  -0.3   1.1   0.5  384.   1.9   0.0   0.00
1979 267  0   7.1   1.4  12.9 128.6  -0.9   1.1   0.3  396.   0.7   0.5   0.13
1979 294  0   7.8   3.1  -0.3 119.7  -1.6   2.7  -0.0  360.   1.3   1.0   0.27
1979 321  0   6.6   1.4  -1.7  97.5  -0.2   1.4  -0.0  355.   1.7   0.4   0.10
1979 348  0   6.9   2.0   2.9 114.6  -0.8   1.8   0.1  417.   2.0   0.6  -0.01
1980  10  0   7.0   1.5   3.0 146.4  -1.3   0.8   0.1  386.   1.9   0.2  -0.04
1980  37  0   7.2   1.4 -16.4 107.6  -0.4   1.3  -0.4  377.   1.0   0.9   0.03
1980  64  0   6.3   1.9 -10.1 111.8  -0.7   1.7  -0.3  347.  -0.6   1.1  -0.14
1980  91  0   6.2   0.4  28.8 163.4  -0.3   0.1   0.2  409.  -0.4   2.6  -0.09
1980 118  0   6.3   1.1  57.2  52.9   0.4   0.5   0.9  374.  -0.7   2.6  -0.42
1980 145  0   7.0   0.7 -24.8 145.8  -0.5   0.4  -0.3  401.  -0.0   2.2   0.15
1980 172  0   6.4   0.9  51.2 260.8  -0.1  -0.6   0.7  360.  -0.4   2.4  -0.26
1980 199  0   6.5   0.5 -37.0 311.2   0.3  -0.3  -0.3  380.   0.1   1.3   0.02
1980 226  0   7.0   1.8  -5.7 317.9   1.3  -1.2  -0.2  343.  -0.7   1.5  -0.09
1980 253  0   6.5   0.8 -41.0 334.4   0.5  -0.3  -0.5  351.  -0.3   1.6   0.14
1980 280  0   7.6   0.7  13.5 346.7   0.6  -0.2   0.2  436.  -1.3   1.6  -0.12
1980 307  0   7.6   1.2  12.3 306.5   0.7  -1.0   0.3  451.  -0.7   1.2  -0.20
1980 334  0   8.8   1.0  56.1 139.9  -0.4   0.4   0.8  448.  -0.4   0.5  -0.41
1980 361  0   7.1   0.5 -37.8 159.8  -0.4   0.1  -0.3  376.   0.2   1.5   0.13
1981  22  0   8.0   0.4 -23.3 158.1  -0.4   0.1  -0.2  401.  -0.6   2.0   0.07
1981  49  0   8.6   0.8  33.1  84.0   0.1   0.6   0.4  445.  -0.6   1.1  -0.25
1981  76  0   7.9   0.9  -7.5 116.1  -0.4   0.8  -0.1  439.   0.3   2.8  -0.09
1981 103  0   7.8   1.1 -42.9 105.1  -0.2   0.8  -0.8  479.  -0.2   1.9   0.31
1981 130  0   7.9   0.6 -72.4 140.6  -0.1   0.1  -0.6  456.  -0.4   3.1   0.34
1981 157  0   7.4   1.9  15.8 142.8  -1.5   1.1   0.5  403.  -1.4   2.6  -0.15
1981 184  0   7.5   0.7 -24.5 200.9  -0.6  -0.2  -0.3  438.  -0.8   2.1   0.17
1981 211  0   7.9   0.7 -23.5 207.1  -0.6  -0.3  -0.3  442.  -0.1   1.4   0.06
1981 238  0   7.6   0.6  16.6 159.7  -0.6   0.2   0.2  385.  -0.6   1.7  -0.08
1981 265  0   8.8   1.1  27.7 303.5   0.5  -0.8   0.5  430.  -0.0   0.6  -0.47
1981 292  0   9.1   1.4  -8.5 343.0   1.3  -0.4  -0.2  437.   1.0   0.4   0.12
1981 319  0   7.7   1.7   4.7 114.8  -0.7   1.5   0.1  403.  -1.0   1.7  -0.03
1981 346  0   7.1   1.3 -22.2 167.4  -1.1   0.3  -0.5  403.  -0.5   0.7   0.24
1982   8  0   8.1   1.8   8.1 149.7  -1.5   0.9   0.3  436.   0.2   1.7  -0.17
1982  35  0  10.2   2.0 -75.9 201.4  -0.4  -0.2  -1.9  494.  -0.4   2.4   0.74
1982  62  0   7.8   1.0   5.3 149.0  -0.8   0.5   0.1  419.  -0.4   2.2  -0.15
1982  89  0   8.8   0.7 -40.1 155.5  -0.5   0.2  -0.4  458.  -0.6   2.3   0.07
1982 116  0   7.5   1.2   7.2 118.8  -0.6   1.1   0.2  465.  -0.5   2.7  -0.15
1982 143  0   8.1   2.1   1.8 150.4  -1.8   1.0   0.1  505.  -0.5   2.7   0.11
1982 170  0  10.2   1.0 -81.2  67.2   0.1   0.1  -1.0  450.  -0.0   1.7   0.41
1982 197  0  10.6   0.8  17.6 206.1  -0.7  -0.3   0.2  525.  -0.1   2.3  -0.12
1982 224  0   8.8   1.1   2.3 235.3  -0.6  -0.9   0.0  467.  -1.4   2.0  -0.15
1982 251  0   9.2   2.0  10.0 358.3   1.9  -0.1   0.3  475. 999.9 999.9  -0.43
1982 278  0   8.0   1.1 -20.0 299.5   0.5  -0.9  -0.4  391. 999.9 999.9   0.13
1982 305  0   8.5   0.7  16.5 342.4   0.7  -0.2   0.2 9999. 999.9 999.9 999.99
1982 332  0  10.0   0.4  -1.2  73.6   0.1   0.3  -0.0 9999. 999.9 999.9 999.99
1982 359  0   8.0   3.1   4.5 120.6  -1.6   2.7   0.2 9999. 999.9 999.9 999.99
1983  21  0   7.6   1.9  -3.1 300.9   1.0  -1.6  -0.1 9999. 999.9 999.9 999.99
1983  48  0   9.0   2.3  11.7 297.7   1.0  -2.0   0.5  481.  -0.4   2.3   0.12
1983  75  0   6.9   1.7 -13.9 332.6   1.4  -0.7  -0.4  512.   0.0   2.6   0.28
1983 102  0   8.0   1.0  -5.9 326.3   0.8  -0.5  -0.1  517.  -0.6   2.9   0.20
1983 129  0   9.4   2.0  61.0 104.3  -0.2   1.0   1.8  497.  -0.4   3.2  -0.85
1983 156  0   8.6   1.1  -4.3 127.8  -0.7   0.8  -0.1  442.   0.3   3.1   0.20
1983 183  0   7.9   0.5  18.0 158.4  -0.4   0.2   0.1  444.   0.5   2.7  -0.00
1983 210  0   7.5   3.7   0.9 297.4   1.7  -3.3   0.1  428.  -0.8   2.1  -0.25
1983 237  0   6.6   1.7   2.4 321.5   1.3  -1.1   0.1  480.  -0.6   1.3  -0.20
1983 264  0   8.1   0.4  31.4 359.0   0.3  -0.0   0.2  463.  -0.2   1.5  -0.20
1983 291  0   7.9   1.1   7.3 109.1  -0.4   1.0   0.1  491.   0.4   1.1  -0.01
1983 318  0   8.1   0.8  38.6  87.0   0.0   0.6   0.5  495.  -0.4   1.7  -0.24
1983 345  0   8.3   0.4 -60.3 181.5  -0.2  -0.0  -0.3  471.  -0.5   1.4   0.05
1984   7  0   7.2   0.7   9.5 254.6  -0.2  -0.7   0.1  438.  -0.2   1.5  -0.10
1984  34  0   8.4   1.6   6.5 239.3  -0.8  -1.4   0.2  423.   0.4   3.2   0.07
1984  61  0   7.8   0.8  -1.0 136.4  -0.6   0.6  -0.0  483.  -0.5   2.1  -0.03
1984  88  0   7.4   1.9  12.3 319.0   1.4  -1.2   0.4  577.   0.3   2.4   0.86
1984 115  0   9.4   1.0  71.3 115.3  -0.1   0.3   0.9  437.  -0.5   3.3  -0.44
1984 142  0   7.8   0.4  39.3 130.4  -0.2   0.2   0.2  505.  -1.0   2.6   0.03
1984 169  0   8.1   1.8  12.7 180.0  -1.8   0.0   0.4  450.  -0.5   2.6  -0.40
1984 196  0   6.5   0.3 -12.4 151.2  -0.2   0.1  -0.1  460.  -1.0   1.9   0.13
1984 223  0   7.5   0.3  33.4 342.8   0.2  -0.1   0.2  477.  -0.3   1.3  -0.17
1984 250  0   8.3   0.9  18.5 295.2   0.3  -0.7   0.3  544.   0.1   1.1  -0.21
1984 277  0   7.6   1.6   6.2 328.7   1.4  -0.9   0.2  496.  -0.5   1.7  -0.09
1984 304  0   8.8   2.2  37.0 339.2   1.7  -0.6   1.3  489.  -0.2   1.1  -0.48
1984 331  0   6.7   2.0   3.1 164.8  -1.9   0.5   0.1  527.   0.3  -2.0   0.11
1984 358  0   5.7   0.8 -21.0  69.6   0.3   0.7  -0.3  534.  -0.5  -0.7   0.00
1985  19  0   6.9   1.9  15.0 181.9  -1.8  -0.1   0.5  512.  -0.0  -0.7  -0.46
1985  46  0   6.1   1.3  35.0 219.5  -0.8  -0.7   0.8  491.  -1.1   2.3  -0.41
1985  73  0   5.9   1.4  16.7 166.1  -1.3   0.3   0.4  442.   0.1   2.5  -0.27
1985 100  0   6.1   1.9   4.4 148.0  -1.6   1.0   0.1  462.  -0.6   2.4  -0.16
1985 127  0   5.6   0.7  15.2 277.7   0.1  -0.7   0.2  369.  -0.3   2.9  -0.08
1985 154  0   5.5   1.5   3.2 310.3   0.9  -1.1   0.1  430.  -0.2   3.1  -0.11
1985 181  0   5.9   0.7 -18.1 313.4   0.5  -0.5  -0.2  495.  -0.3   1.9   0.31
1985 208  0   5.9   2.3  -7.6 315.1   1.6  -1.6  -0.3  465.  -0.1   1.8   0.01
1985 235  0   5.6   1.0  -8.8 324.6   0.8  -0.6  -0.1  457.   0.1   1.6   0.00
1985 262  0   6.0   1.0  12.3 348.8   1.0  -0.2   0.2  518.  -0.2   2.1  -0.03
1985 289  0   6.4   2.1   0.0 317.2   1.5  -1.4   0.0  502.  -0.0   1.9  -0.39
1985 316  0   5.5   2.1   7.4 318.9   1.6  -1.4   0.3  444.  -0.0   0.8  -0.24
1985 343  0   5.8   1.1  33.1 249.3  -0.3  -0.9   0.6  490.  -0.2  -0.5  -0.24
1986   5  0   5.2   1.2  20.3 143.6  -0.9   0.7   0.4  482.   0.6  -1.2  -0.19
1986  32  0   7.5   1.6  -2.5 164.0  -1.6   0.4  -0.1  588.  -0.1   0.3  -0.06
1986  59  0   6.0   1.3  -5.7 121.8  -0.7   1.1  -0.1  477.  -0.3   2.5  -0.20
1986  86  0   5.6   2.4   5.6 170.5  -2.4   0.4   0.2  432.  -0.2   2.6  -0.28
1986 113  0   5.7   2.0   8.2 161.1  -1.9   0.7   0.3  423.   0.1   2.9  -0.26
1986 140  0   5.3   0.7   3.1 321.5   0.6  -0.4   0.0  404.  -0.0   2.7  -0.02
1986 167  0   5.0   1.5   1.4 318.5   1.1  -1.0   0.0  402.  -0.0   3.0   0.00
1986 194  0   5.2   1.2  19.5 305.0   0.7  -1.0   0.4  463.  -0.1   3.0  -0.26
1986 221  0   5.4   3.0   2.3 328.8   2.6  -1.5   0.1  511.  -0.4   2.0  -0.32
1986 248  0   5.7   1.8  29.2 337.8   1.4  -0.6   0.9  505.   0.1   2.3  -0.54
1986 275  0   5.7   2.5  -2.7 317.1   1.8  -1.7  -0.1  492.   0.1   1.2  -0.32
1986 302  0   7.3   1.9  -1.1 325.5   1.6  -1.1  -0.0  405.   0.2   0.9  -0.36
1986 329  0   5.8   1.5  -7.9 344.2   1.5  -0.4  -0.2  379.  -0.3   0.7   0.07
1986 356  0   5.2   2.1  -7.3 138.7  -1.6   1.4  -0.3  390.   0.2   1.0   0.10
1987  18  0   5.8   3.2  -4.9 149.5  -2.7   1.6  -0.3  425.  -0.1   1.1  -0.08
1987  45  0   5.4   3.2   1.2 144.7  -2.6   1.8   0.1  508.  -0.4   1.9  -0.40
1987  72  0   6.3   2.5  14.0 129.5  -1.5   1.9   0.6  438.  -0.6   2.3  -0.62
1987  99  0   5.3   3.0   7.4 137.3  -2.2   2.0   0.4  359.  -0.2   2.2  -0.41
1987 126  0   5.0   0.7 -14.7 167.0  -0.6   0.1  -0.2  350.  -0.1   2.8   0.18
1987 153  0   6.2   0.6  24.2 103.2  -0.1   0.5   0.3  380.  -0.1   2.5  -0.13
1987 180  0   5.6   1.2   3.4 313.6   0.8  -0.9   0.1  374.  -0.7   1.8  -0.10
1987 207  0   6.3   1.1  -6.6 354.3   1.1  -0.1  -0.1  452.  -0.1   2.1   0.00
1987 234  0   7.9   1.4 -36.1 356.9   1.1  -0.1  -0.8  517.  -0.1   1.8   0.34
1987 261  0   7.9   2.6  38.4  21.5   1.9   0.7   1.6  424.  -0.4   1.7  -0.51
1987 288  0   6.4   1.4 -31.3 321.9   0.9  -0.7  -0.7  489.  -0.5   1.2   0.24
1987 315  0   6.9   0.3  32.6  83.2   0.0   0.2   0.1  486.  -0.5   1.0  -0.10
1987 342  0   7.0   1.3  -1.7 127.3  -0.8   1.1  -0.0  406.  -0.1   1.1   0.12
1988   4  0   8.2   0.2  62.4 128.2  -0.1   0.1   0.2  404.   0.0   2.2  -0.28
1988  31  0   7.7   1.0 -57.7  12.3   0.5   0.1  -0.9  414.   0.2   2.6   0.26
1988  58  0   6.9   2.9  -0.5 141.4  -2.3   1.8  -0.0  431.   0.2   2.3  -0.28
1988  85  0   7.2   0.5  44.4 211.7  -0.3  -0.2   0.3  475.   0.1   3.2  -0.14
1988 112  0   8.1   1.0  -1.7 143.3  -0.8   0.6  -0.0  421.  -0.6   2.7  -0.05
1988 139  0   6.7   0.2  70.6 212.5  -0.1  -0.0   0.2  386.  -0.4   1.5  -0.03
1988 166  0   7.9   1.7 -14.5 298.2   0.8  -1.5  -0.4  411.  -0.0   1.6   0.21
1988 193  0   7.4   2.6  -5.2 293.0   1.0  -2.4  -0.2  426.  -0.9   1.8  -0.05
1988 220  0   6.9   0.8  -5.2  14.5   0.7   0.2  -0.1  469.  -0.2   1.0   0.07
1988 247  0   6.6   1.7  -8.7 326.6   1.4  -1.0  -0.3  439.  -0.5   1.0  -0.12
1988 274  0   7.4   1.8   6.4 314.5   1.3  -1.3   0.2  443.  -0.4   1.5  -0.33
1988 301  0   7.1   2.0  10.7 295.8   0.8  -1.8   0.4  424.  -0.0   1.1  -0.39
1988 328  0   7.0   0.3   1.1 257.3  -0.1  -0.3   0.0  424.  -0.6   1.6  -0.02
1988 355  0   8.0   1.0   8.1 304.9   0.5  -0.8   0.1  480.  -0.4   2.4   0.07
1989  16  0   6.1   0.9 -45.2 277.9   0.1  -0.6  -0.6  509.  -0.6   2.3   0.34
1989  43  0   8.2   0.5  43.4 312.4   0.2  -0.3   0.3  492.  -1.0   0.6   0.09
1989  70  0  10.3   1.3  40.9  61.9   0.5   0.9   0.9  603.   0.2   3.2  -0.43
1989  97  0   9.2   0.6 -30.7 174.4  -0.5   0.1  -0.3  458.  -0.4   2.5   0.05
1989 124  0   7.3   0.6   1.2 303.7   0.3  -0.5   0.0  443.  -0.8   3.7   0.11
1989 151  0   7.8   0.9 -32.8 335.6   0.7  -0.3  -0.5  415.  -1.2   3.0   0.15
1989 178  0   6.1   0.5  46.1 346.0   0.4  -0.1   0.4  364.   0.0   1.0  -0.09
1989 205  0   6.6   1.8   6.1 339.8   1.7  -0.6   0.2  436.   0.6   1.3   0.02
1989 232  0   8.7   2.7  30.5 326.9   2.0  -1.3   1.4  406.  -0.7   1.8  -0.82
1989 259  0   9.0   1.3  42.7 260.5  -0.2  -0.9   0.9  409.   0.1   1.9  -0.60
1989 286  0   9.4   1.5  -5.8   6.4   1.5   0.2  -0.2  509.  -0.8   1.9   0.14
1989 313  0  11.9   3.0  19.5 318.1   2.1  -1.9   1.0  462.   0.3   1.5  -0.94
1989 340  0   9.0   2.7  24.1 308.3   1.5  -1.9   1.1  456.  -0.8   1.6  -0.44
1990   2  0   8.1   2.3  28.9 321.4   1.5  -1.2   1.1  475.  -0.4   1.7  -0.36
1990  29  0   9.2   2.8  -8.7 302.0   1.5  -2.3  -0.4  485.   0.2   2.6   0.51
1990  56  0   7.9   0.6  25.0 264.6  -0.1  -0.6   0.3  428.  -0.0   2.8  -0.02
1990  83  0   8.2   3.0 -31.2 307.3   1.6  -2.1  -1.6  501.  -0.3   3.3   0.93
1990 110  0   7.2   0.9 -49.6 320.0   0.5  -0.4  -0.7  426.   0.8   2.8   0.20
1990 137  0   8.6   1.9 -51.8 359.1   1.1  -0.0  -1.5  429.  -0.5   2.9   0.57
1990 164  0   6.7   1.5  32.0 305.3   0.7  -1.0   0.8  422.  -0.4   2.8  -0.40
1990 191  0   6.6   2.0  16.1 311.6   1.3  -1.5   0.6  425.  -0.7   2.3  -0.36
1990 218  0   7.5   1.2  26.2 201.9  -1.0  -0.4   0.5  520.   0.1   1.5  -0.24
1990 245  0   6.4   0.7 -20.2 121.4  -0.3   0.5  -0.2  436.  -0.1   1.8   0.21
1990 272  0   6.7   0.5   0.6 319.7   0.4  -0.3   0.0  426.  -0.7   2.2  -0.04
1990 299  0   6.8   0.6  55.8  50.6   0.2   0.3   0.5  413.  -0.1   0.7  -0.17
1990 326  0   6.7   1.2  21.4 332.4   1.0  -0.5   0.4  393.   0.2   1.9  -0.08
1990 353  0   7.5   0.8  43.3 331.8   0.5  -0.3   0.5  369.  -0.2   1.9  -0.27
1991  15  0   6.5   1.2  35.3 269.7  -0.0  -0.9   0.7  406.  -0.5   2.4  -0.07
1991  42  0   8.0   0.7   4.4 306.9   0.4  -0.5   0.1  414.   0.2   1.8   0.06
1991  69  0   8.9   3.8  15.6 320.8   2.8  -2.3   1.0  466.  -1.1   3.0  -0.05
1991  96  0   8.6   2.1  25.8 168.3  -1.9   0.4   0.9  371.  -1.4   1.4  -0.38
1991 123  0   8.3   2.3  67.3 136.7  -0.7   0.6   2.2  396.  -0.7   1.9  -0.90
1991 150  0  11.7   2.1 -20.3 208.0  -1.7  -0.9  -0.7  585.  -1.2   1.4   0.04
1991 177  0   8.6   1.1 -50.2 113.9  -0.3   0.6  -0.8  523.  -0.5   1.7   0.45
1991 204  0   9.6   1.0  -0.6 331.1   0.9  -0.5  -0.0  543.  -0.5   1.2  -0.16
1991 231  0  10.7   0.8  -8.7 208.0  -0.7  -0.4  -0.1  471.  -0.2   1.4  -0.11
1991 258  0   9.7   1.1  19.0  36.8   0.8   0.6   0.4  444.  -0.6   0.5  -0.10
1991 285  0  11.3   0.8 -20.4 194.2  -0.7  -0.2  -0.3  506.   0.1  -0.8   0.05
1991 312  0   9.9   0.6 -44.3 129.0  -0.3   0.3  -0.4  483.  -0.1   1.4   0.35
1991 339  0   9.7   1.1  60.0  35.9   0.5   0.3   1.0  460.  -0.8   1.6  -0.41
1992   1  0   9.9   1.5  21.7 135.0  -1.0   1.0   0.6  416.  -0.6   2.4  -0.17
1992  28  0  10.6   1.0 -39.2 262.3  -0.1  -0.8  -0.6  431.  -0.4   2.0   0.30
1992  55  0   9.7   4.0   4.6 133.9  -2.8   2.9   0.3  437.  -0.6   2.2  -0.77
1992  82  0   7.8   1.8  38.7 123.7  -0.8   1.2   1.1  406.  -0.5   2.4  -0.59
1992 109  0  10.2   0.9  -9.5 127.6  -0.5   0.7  -0.1  400.  -0.3   3.3  -0.54
1992 136  0   8.0   1.6  27.3  81.8   0.2   1.4   0.7  430.  -0.7   2.7  -0.29
1992 163  0   7.3   0.7   0.9  73.6   0.2   0.7   0.0  443.  -0.1   2.0  -0.01
1992 190  0   6.5   0.6  69.6 117.3  -0.1   0.2   0.6  377.  -0.5   1.6  -0.23
1992 217  0   6.7   1.5  41.8 110.5  -0.4   1.1   1.0  407.  -0.4   1.4  -0.22
1992 244  0   7.3   2.1 -12.3 347.7   2.0  -0.4  -0.4  459.  -1.1   1.1   0.11
1992 271  0   8.0   2.4  28.5 281.0   0.4  -2.1   1.2  476.  -0.8   0.7  -0.98
1992 298  0   7.9   1.6  14.9  81.4   0.2   1.5   0.4  487.  -0.2   1.6   0.13
1992 325  0   7.7   0.5   4.9 315.0   0.3  -0.3   0.0  447.  -1.1   0.6   0.05
1992 352  0   8.4   1.1 -44.0  83.5   0.1   0.8  -0.7  541.   0.3   1.7   0.36
1993  13  0   6.4   1.2   4.0 343.4   1.2  -0.4   0.1  459.   0.1   2.1   0.11
1993  40  0   6.8   0.6  -3.7 354.4   0.6  -0.1  -0.0  503.   0.3   2.6  -0.09
1993  67  0   7.2   2.2   8.3 329.3   1.9  -1.1   0.3  469.   0.4   2.5  -0.02
1993  94  0   5.9   0.7  -4.0   8.1   0.7   0.1  -0.0  489.   0.4   2.6   0.03
1993 121  0   6.9   2.3   7.9 153.7  -2.0   1.0   0.3  441.   0.1   3.0  -0.10
1993 148  0   7.2   2.5  16.9 133.4  -1.7   1.8   0.7  443.  -0.4   2.6  -0.36
1993 175  0   6.5   1.2  44.1 127.5  -0.5   0.7   0.9  446.  -0.2   2.4  -0.39
1993 202  0   6.3   0.8 -13.5 136.7  -0.6   0.6  -0.2  410.  -0.0   1.5   0.19
1993 229  0   6.6   1.1 -18.4 159.6  -1.0   0.4  -0.4  425.  -0.4   1.8   0.09
1993 256  0   6.9   1.9  20.9 226.6  -1.2  -1.3   0.7  372.  -0.4   1.3  -0.42
1993 283  0   5.6   1.4   2.6  54.5   0.8   1.1   0.1  408.  -0.0   1.7   0.09
1993 310  0   6.2   1.0 -39.1 265.9  -0.1  -0.7  -0.6  486.  -0.4   1.0   0.29
1993 337  0   6.8   0.7  34.5 348.3   0.5  -0.1   0.4  509.  -0.1   1.5  -0.08
1993 364  0   7.2   0.8  37.4 272.4   0.0  -0.7   0.5  522.  -0.1   1.2   0.00
1994  26  0   7.9   1.1 -36.6 354.7   0.9  -0.1  -0.6  593.   0.5   2.5   0.49
1994  53  0   7.4   1.9  20.5 341.1   1.7  -0.6   0.7  562.  -0.3   3.2  -0.05
1994  80  0   6.2   0.7  46.0 316.7   0.4  -0.3   0.5  589.  -0.4   2.9  -0.03
1994 107  0   6.5   1.5   3.8  11.7   1.5   0.3   0.1  590.   0.0   2.6  -0.04
1994 134  0   5.8   0.5 -16.5 135.0  -0.3   0.3  -0.1  598.  -0.1   2.7   0.02
1994 161  0   5.7   1.5   0.2 155.1  -1.3   0.6   0.0  543.  -0.1   2.6  -0.05
1994 188  0   5.1   0.6  26.1  76.4   0.1   0.5   0.3  505.   0.4   1.8  -0.13
1994 215  0   6.0   1.0  -1.2 144.8  -0.8   0.6  -0.0  415.  -0.0   0.9  -0.03
1994 242  0   5.9   0.2  55.8 227.3  -0.1  -0.1   0.2  442.  -0.6   1.3   0.02
1994 269  0   5.9   0.9  -7.9  99.3  -0.1   0.9  -0.1  453.  -0.3   2.1   0.16
1994 296  0   6.9   1.4   4.3 127.3  -0.8   1.1   0.1  443.  -0.9   1.4   0.17
1994 323  0   6.4   1.1  -9.1 103.9  -0.3   1.1  -0.2  454.   0.1   1.6   0.28
1994 350  0   5.8   0.6 -16.3  55.2   0.3   0.5  -0.2  479.   0.1   0.6   0.13
1995  12  0   6.0   0.5 -80.9 311.2   0.1  -0.1  -0.5  434.   0.1  -1.1   0.23
1995  39  0   6.6   1.6  -6.2  12.8   1.6   0.4  -0.2  442.  -0.1  -0.7   0.02
1995  66  0   5.9   0.6  30.5   3.6   0.5   0.0   0.3  442.   0.1  -0.5  -0.07
1995  93  0   5.9   0.3  -2.0   1.3   0.3   0.0  -0.0  439.  -0.3  -0.8   0.05
1995 120  0   6.0   1.3 -13.7 334.0   1.1  -0.5  -0.3  485.   0.0  -0.7   0.25
1995 147  0   5.7   0.4 -27.6  34.6   0.3   0.2  -0.2  461.  -0.2  -1.3   0.10
1995 174  0   5.4   0.8   8.4 169.0  -0.7   0.1   0.1  397.  -0.0  -0.9   0.03
1995 201  0   5.4   0.9 -17.3 139.9  -0.6   0.5  -0.3  425.  -0.0   0.1   0.17
1995 228  0   5.1   1.8  -6.6 151.0  -1.6   0.9  -0.2  407.   0.1   0.1   0.24
1995 255  0   5.6   1.0 -26.9 129.5  -0.6   0.7  -0.5  426.  -0.3   0.3   0.32
1995 282  0   6.4   1.5  -8.3 138.6  -1.1   1.0  -0.2  416.   0.2   0.2   0.24
1995 309  0   4.8   0.7  -7.8 145.0  -0.6   0.4  -0.1  372.  -0.3  -0.4   0.11
1995 336  0   5.6   0.9 -23.4  48.2   0.5   0.6  -0.3  392.   0.3  -0.6   0.14
1995 363  0   5.0   1.7   3.7 322.8   1.3  -1.0   0.1  407.   0.0  -1.1   0.03
1996  25  0   5.2   2.8  -0.8 328.8   2.4  -1.4  -0.0  445.   0.3  -1.4   0.21
1996  52  0   5.1   2.0  -4.3 320.2   1.5  -1.3  -0.2  428.   0.1  -0.9   0.31
1996  79  0   5.0   2.2  -4.5 329.9   1.9  -1.1  -0.2  426.   0.1  -0.5   0.27
1996 106  0   4.3   0.9  -7.3 318.4   0.7  -0.6  -0.1  429.   0.0  -0.6   0.15
1996 133  0   5.3   0.8  10.7 354.0   0.8  -0.1   0.1  396.   0.1  -1.0  -0.03
1996 160  0   5.0   1.1   1.4 129.2  -0.7   0.8   0.0  378.  -0.1  -1.1   0.01
1996 187  0   5.1   1.8   3.8 150.8  -1.6   0.9   0.1  389.  -0.1  -0.4   0.02
1996 214  0   5.1   1.5  -2.3 155.3  -1.3   0.6  -0.1  419.   0.2   0.2   0.13
1996 241  0   5.3   1.4  -9.4 144.8  -1.1   0.8  -0.2  490.  -0.0  -0.0   0.29
1996 268  0   5.4   0.6 -12.5 143.7  -0.5   0.4  -0.1  450.  -0.2  -0.4   0.12
1996 295  0   5.2   0.9 -16.2 143.3  -0.7   0.5  -0.2  433.  -0.0  -0.6   0.17
1996 322  0   5.4   0.3   0.0 172.4  -0.3   0.0   0.0  426.   0.1  -0.8  -0.04
1996 349  0   5.3   0.3  13.6 268.3  -0.0  -0.3   0.1  380.  -0.2  -1.3   0.01
1997  10  0   5.6   1.0  -4.8 348.3   1.0  -0.2  -0.1  424.  -0.0  -0.7   0.08
1997  37  0   5.3   2.1 -14.7 335.5   1.9  -0.9  -0.5  415.   0.7  -0.7   0.35
1997  64  0   4.6   1.4 -12.7 325.8   1.2  -0.8  -0.3  379.   0.3  -1.0   0.26
1997  91  0   5.7   1.3  11.2 317.9   0.9  -0.8   0.2  404.  -0.0  -1.1   0.04
1997 118  0   4.9   0.5 -46.0 283.0   0.1  -0.4  -0.4  364.   0.2  -1.3   0.19
1997 145  0   5.3   1.1 -40.9 267.8  -0.0  -0.9  -0.7  357.  -0.0  -1.1   0.30
1997 172  0   5.4   0.9  -9.7 148.2  -0.8   0.5  -0.2  370.  -0.4  -1.0   0.08
1997 199  0   5.0   1.2   5.0 150.8  -1.0   0.6   0.1  397.   0.1  -0.1   0.01
1997 226  0   5.0   1.5   3.0 155.0  -1.3   0.6   0.1  391.   0.2   0.1   0.07
1997 253  0   6.3   2.6  10.7 154.1  -2.3   1.1   0.5  385.  -0.0  -0.0  -0.06
1997 280  0   5.9   1.8  -4.3 141.5  -1.4   1.1  -0.1  370.   0.4  -0.6   0.20
1997 307  0   6.8   0.4 -39.0 155.1  -0.3   0.1  -0.3  376.  -0.1  -0.9   0.14
1997 334  0   5.8   1.8  -6.7 309.4   1.1  -1.4  -0.2  328.  -0.4  -0.9   0.07
1997 361  0   6.8   1.2  30.6  34.5   0.8   0.6   0.6  357.   0.1  -1.0  -0.24
1998  23  0   6.6   2.2  -0.1 319.8   1.7  -1.4  -0.0  387.  -0.1  -0.6   0.17
1998  50  0   6.2   1.2  -3.0 304.1   0.7  -1.0  -0.1  382.  -0.3  -0.7   0.22
1998  77  0   6.8   2.2   9.7 323.0   1.7  -1.3   0.4  386.  -0.5  -0.9   0.05
1998 104  0   7.5   1.4 -34.5 356.9   1.2  -0.1  -0.8  450.   0.3  -1.2   0.38
1998 131  0   6.5   0.9   8.8 312.4   0.6  -0.7   0.1  422.   0.1  -1.1   0.00
1998 158  0   7.0   0.5  55.1  17.2   0.3   0.1   0.4  409.  -0.3  -1.3  -0.16
1998 185  0   5.9   0.5  21.0 104.5  -0.1   0.4   0.2  425.   0.3  -1.5  -0.01
1998 212  0   7.5   2.5  14.1 127.7  -1.5   1.9   0.6  392.  -0.5  -1.5   0.02
1998 239  0   6.4   1.2 -11.9 141.4  -0.9   0.7  -0.3  406.   0.4  -0.4   0.31
1998 266  0   7.2   1.7 -15.7 147.6  -1.3   0.9  -0.4  448.  -0.3   0.6   0.35
1998 293  0   8.1   0.9 -33.2  85.3   0.1   0.8  -0.5  445.  -0.5   1.1   0.30
1998 320  0   6.8   0.6 -25.4 124.2  -0.3   0.5  -0.3  425.  -0.8  -0.4   0.08
1998 347  0   7.3   0.7   9.4 146.1  -0.6   0.4   0.1  387.  -0.2  -0.5  -0.08
1999   9  0   7.2   2.3  -1.8 136.5  -1.7   1.6  -0.1  411.  -0.4  -0.6  -0.17
1999  36  0   7.7   1.3 -16.6  65.7   0.5   1.1  -0.4  436.   0.1  -0.5   0.02
1999  63  0   7.1   1.9  -8.9 119.5  -0.9   1.7  -0.3  425.   0.5   0.6  -0.16
1999  90  0   6.6   1.1   9.8 136.8  -0.8   0.7   0.2  431.  -0.6   1.0  -0.15
1999 117  0   5.8   0.6  35.0 173.2  -0.5   0.1   0.3  461.  -1.1  -0.2  -0.08
1999 144  0   5.7   0.9  32.5   9.0   0.8   0.1   0.5  405.  -0.0  -1.2  -0.19
1999 171  0   5.9   0.9 -19.6 136.5  -0.6   0.6  -0.3  395.  -0.8  -1.3   0.04
1999 198  0   6.7   1.5  10.0 131.4  -1.0   1.1   0.3  393.  -0.2  -1.2   0.04
1999 225  0   7.0   1.5 -14.7 147.0  -1.2   0.8  -0.4  497.   0.0   0.1   0.32
1999 252  0   7.3   0.1  10.4 234.0  -0.1  -0.1   0.0  484.  -0.0   0.5   0.05
1999 279  0   7.3   1.5   0.3 146.6  -1.3   0.8   0.0  491.  -0.8   1.1   0.21
1999 306  0   7.4   0.5 -59.7  36.7   0.2   0.2  -0.5  441.  -1.8  -0.8   0.28
1999 333  0   7.4   0.7  55.2 208.9  -0.4  -0.2   0.6  444.  -1.1  -2.4  -0.21
1999 360  0   6.6   0.4 -11.9 225.4  -0.3  -0.3  -0.1  464.  -0.3  -2.2   0.08
2000  22  0   7.5   0.8 -39.9 273.6   0.0  -0.6  -0.5  491.   1.0  -1.2   0.28
2000  49  0   7.0   0.8  17.8 163.5  -0.8   0.2   0.3  439.   0.4   0.4  -0.16
2000  76  0   7.0   0.6   2.0 112.5  -0.2   0.6   0.0  436.  -0.7   0.3  -0.04
2000 103  0   6.9   0.5  21.6  36.8   0.4   0.3   0.2  429.  -1.2   0.2  -0.16
2000 130  0   7.0   0.6 -56.4  92.6  -0.0   0.3  -0.5  454.  -0.4  -1.2   0.10
2000 157  0   7.3   0.3  71.5 112.2  -0.0   0.1   0.3  475.   0.0  -1.1  -0.10
2000 184  0   8.6   1.2  39.8  47.3   0.6   0.7   0.8  476.  -0.4  -0.6  -0.41
2000 211  0   7.6   1.4  -7.7 119.1  -0.7   1.2  -0.2  422.   0.4  -0.0   0.28
2000 238  0   7.4   0.5  39.8 136.5  -0.3   0.3   0.3  457.   0.9   1.3  -0.25
2000 265  0   7.2   1.5 -21.9  99.5  -0.2   1.4  -0.6  433.  -0.8   0.7   0.40
2000 292  0   7.7   1.0  14.2  44.1   0.7   0.7   0.3  468.  -1.2  -0.8  -0.05
2000 319  0   6.8   0.9 -23.3  39.0   0.6   0.5  -0.3  439.  -1.2  -1.9   0.16
2000 346  0   6.0   0.0  27.8 108.4  -0.0   0.0   0.0  363.  -0.4  -1.8  -0.02
2001   7  0   6.0   1.1 -39.4 152.3  -0.7   0.4  -0.7  380.   1.0  -1.1   0.19
2001  34  0   5.5   0.7   4.0 164.3  -0.7   0.2   0.0  395.   1.0  -0.2  -0.04
2001  61  0   7.1   1.2 -32.3 137.5  -0.8   0.7  -0.7  409.  -0.4   1.2   0.11
2001  88  0   8.2   1.9  -8.3 314.7   1.4  -1.4  -0.3  520.  -1.1  -0.3   0.35
2001 115  0   7.0   1.4 -27.5  80.0   0.2   1.2  -0.7  441.  -1.6  -1.7   0.14
2001 142  0   6.7   0.9  20.9  52.0   0.5   0.7   0.3  422.  -1.0  -0.9  -0.20
2001 169  0   6.3   0.4 -29.2 121.7  -0.2   0.3  -0.2  427.  -0.1  -0.7   0.05
2001 196  0   6.3   0.8 -18.0 156.3  -0.7   0.3  -0.3  444.   1.0  -0.3   0.09
2001 223  0   6.7   0.8  68.5 158.2  -0.3   0.1   0.7  435.   0.8   1.1  -0.28
2001 250  0   7.3   1.2  -7.0 176.6  -1.2   0.1  -0.1  434.  -1.1   0.7   0.09
2001 277  0   7.0   1.5  -6.7  65.8   0.6   1.4  -0.2  408.  -2.1  -1.7   0.30
2001 304  0   8.2   0.8  23.2  57.5   0.4   0.6   0.3  439.  -1.8  -2.8  -0.24
2001 331  0   7.2   0.3  53.2 194.7  -0.2  -0.0   0.2  396.  -0.7  -1.9  -0.16
2001 358  0   8.0   0.8  22.1 304.9   0.4  -0.6   0.3  411.   0.4  -1.1  -0.12
2002  20  0   7.3   1.6   5.7 274.3   0.1  -1.6   0.2  419.   1.2   0.6   0.04
2002  47  0   7.8   0.6  73.7 130.2  -0.1   0.1   0.5  417.   0.1   0.8  -0.30
2002  74  0   7.4   2.5  42.5 116.8  -0.8   1.6   1.7  437.  -2.0  -0.4  -0.91
2002 101  0   7.9   2.5 -11.2 140.8  -1.9   1.6  -0.5  433.  -1.2  -2.1   0.01
2002 128  0   7.7   1.0  -7.3 116.7  -0.4   0.8  -0.1  446.  -0.0  -2.3  -0.03
2002 155  0   6.3   0.7 -14.8  17.9   0.7   0.2  -0.2  396.   0.5  -1.5   0.10
2002 182  0   6.4   0.6  -7.4 340.8   0.6  -0.2  -0.1  447.   1.0  -0.2   0.06
2002 209  0   7.8   1.2   3.3 257.8  -0.2  -1.1   0.1  446.   0.5   0.9  -0.13
2002 236  0   8.0   0.3 -58.3  30.1   0.1   0.1  -0.3  422.  -0.9   0.2   0.11
2002 263  0   9.1   1.3  -5.2  85.2   0.1   1.3  -0.1  391.  -1.6  -0.6   0.26
2002 290  0   8.1   1.5  14.3 161.9  -1.4   0.5   0.4  527.  -0.8  -0.9  -0.10
2002 317  0   7.9   0.8 -37.0 176.1  -0.7   0.0  -0.5  487.  -0.8  -0.7   0.15
2002 344  0   8.0   0.4  67.0 321.9   0.1  -0.1   0.4  475.  -0.6  -0.8  -0.17
2003   6  0   8.2   1.3  -1.0 270.5   0.0  -1.3  -0.0  480.  -0.6  -0.7   0.06
2003  33  0   7.8   0.4 -30.2 223.6  -0.2  -0.2  -0.2  514.  -0.2  -0.5   0.03
2003  60  0   7.4   0.4   2.9 187.9  -0.4  -0.1   0.0  530.  -0.4  -0.7  -0.10
2003  87  0   7.1   0.4 -40.5 180.0  -0.3   0.0  -0.3  535.  -0.3  -0.7   0.07
2003 114  0   6.8   0.4 -38.8 237.3  -0.2  -0.3  -0.2  576.  -0.6  -0.6   0.18
2003 141  0   7.7   0.3   3.1 216.9  -0.2  -0.2   0.0  602.  -0.4  -0.7  -0.00
2003 168  0   7.4   0.6 -46.9 197.7  -0.4  -0.1  -0.4  573.  -0.7  -0.9   0.20
2003 195  0   7.6   1.8  -7.1 312.8   1.2  -1.3  -0.2  582.  -0.5  -1.1  -0.02
2003 222  0   7.7   0.7 -16.8 286.9   0.2  -0.6  -0.2  549.  -0.6   0.3   0.01
2003 249  0   6.4   0.4 -47.9  55.0   0.2   0.2  -0.3  518.  -0.7  -0.7   0.17
2003 276  0   8.9   1.2  19.2 288.7   0.4  -1.0   0.4  518.  -1.1  -0.2  -0.48
2003 303  0   8.6   0.6 -48.2 138.3  -0.3   0.3  -0.5  610.   0.2  -0.2   0.16
2003 330  0   7.2   0.4 -31.7 193.6  -0.4  -0.1  -0.2  526.  -0.3   0.5   0.14
2003 357  0   7.6   0.4   0.5 213.2  -0.4  -0.2   0.0  525.  -0.5   0.8  -0.01
2004  19  0   7.6   0.7 -56.0 353.8   0.4  -0.0  -0.6  521.  -0.7   0.6   0.30
2004  46  0   6.4   0.3  -2.7 341.1   0.3  -0.1  -0.0  487.  -0.8   0.3   0.03
2004  73  0   6.6   0.9  18.4 303.3   0.5  -0.7   0.3  465.  -0.3  -0.5  -0.01
2004 100  0   6.2   1.0  10.3 320.8   0.8  -0.6   0.2  427.   0.3  -0.4  -0.00
2004 127  0   6.0   0.7  -0.0 293.2   0.3  -0.6  -0.0  431.  -0.6  -0.7   0.08
2004 154  0   5.7   0.1  34.5 154.5  -0.1   0.0   0.1  421.  -0.6  -1.0   0.00
2004 181  0   6.8   0.9 -35.3  96.5  -0.1   0.7  -0.5  458.   0.4  -0.6   0.39
2004 208  0   6.3   0.3 -22.7 145.1  -0.2   0.1  -0.1  444.  -0.2  -0.9   0.22
2004 235  0   6.0   0.8 -36.3 352.8   0.7  -0.1  -0.5  400.  -0.8  -0.8   0.22
2004 262  0   5.7   0.6  -4.6 346.8   0.6  -0.1  -0.1  388.  -0.2  -1.0   0.00
2004 289  0   6.8   0.9 -35.8 321.2   0.5  -0.4  -0.5  424.  -0.1  -1.1   0.35
2004 316  0   6.5   1.1  13.2 320.6   0.9  -0.7   0.3  472.  -0.3  -0.7  -0.20
2004 343  0   7.3   0.5  -0.0  60.4   0.2   0.4  -0.0  471.  -0.4  -0.9   0.02
2005   4  0   7.9   0.7  65.6  20.6   0.3   0.1   0.7  580.   0.0  -0.4  -0.40
2005  31  0   6.6   0.7  43.6 245.6  -0.2  -0.5   0.5  490.  -0.5  -0.5  -0.12
2005  58  0   6.1   0.5  40.2 280.2   0.1  -0.4   0.3  481.  -0.4  -0.2  -0.06
2005  85  0   5.3   0.7  -1.2 319.6   0.5  -0.4  -0.0  459.  -0.5  -0.7   0.11
2005 112  0   7.0   1.1 -11.8 157.2  -1.0   0.4  -0.2  502.   0.0  -0.3   0.06
2005 139  0   6.7   0.9 -19.0 209.0  -0.8  -0.4  -0.3  426.  -0.3  -0.6   0.21
2005 166  0   6.6   0.4 -63.3  19.2   0.2   0.1  -0.4  439.  -0.1  -0.8   0.14
2005 193  0   6.2   0.4 -77.5  13.4   0.1   0.0  -0.4  469.  -0.3  -0.6   0.14
2005 220  0   6.6   0.7  20.4 346.4   0.6  -0.2   0.2  491.  -0.2  -1.2  -0.14
2005 247  0   5.7   1.5   0.7 100.3  -0.3   1.5   0.0  502.  -0.5  -1.1   0.31
2005 274  0   5.1   0.6 -26.2 151.4  -0.5   0.3  -0.3  417.  -0.4  -1.2   0.12
2005 301  0   5.4   0.7 -12.5 122.6  -0.4   0.6  -0.2  430.  -0.2  -0.9   0.08
2005 328  0   5.9   1.7   0.9 136.8  -1.3   1.2   0.0  444.  -0.2  -0.7  -0.03
2005 355  0   5.7   1.2  18.5 127.2  -0.7   0.9   0.4  410.  -0.2  -0.8  -0.26
2006  17  0   5.3   1.1  -9.6 105.3  -0.3   1.1  -0.2  407.   0.3  -1.0  -0.07
2006  44  0   5.0   0.6  12.3 127.1  -0.4   0.5   0.1  415.  -0.1  -0.8  -0.09
2006  71  0   4.8   1.0  -9.6 138.3  -0.8   0.7  -0.2  418.  -0.1  -0.7  -0.02
2006  98  0   5.3   0.8   4.8 147.4  -0.6   0.4   0.1  429.  -0.2  -0.8  -0.04
2006 125  0   4.8   0.6  -9.9 146.3  -0.5   0.3  -0.1  435.  -0.0  -0.4  -0.03
2006 152  0   4.6   0.7  15.7 154.8  -0.6   0.3   0.2  448.  -0.2  -0.5  -0.06
2006 179  0   4.7   1.0  16.9 124.5  -0.6   0.8   0.3  407.   0.0  -0.6  -0.08
2006 206  0   5.2   0.9  24.1 132.7  -0.6   0.6   0.4  429.  -0.3  -1.1  -0.07
2006 233  0   4.9   0.3 -36.4  54.4   0.1   0.2  -0.2  423.  -0.2  -1.1   0.08
2006 260  0   4.7   0.4   3.4 124.8  -0.3   0.4   0.0  419.  -0.2  -1.4   0.05
2006 287  0   4.5   0.3 -11.9  24.2   0.3   0.1  -0.1  426.  -0.3  -1.0   0.06
2006 314  0   5.8   0.4  35.6 196.2  -0.3  -0.1   0.2  440.  -0.7  -0.5  -0.07
2006 341  0   5.1   0.6 -20.1  98.4  -0.1   0.6  -0.2  552.  -0.4  -0.2   0.15
2007   3  0   5.1   0.5  29.6 192.9  -0.5  -0.1   0.3  468.  -0.5  -0.6  -0.13
2007  30  0   4.6   0.6   8.3 220.3  -0.5  -0.4   0.1  438.  -0.5  -1.1  -0.03
2007  57  0   4.8   0.6  12.6 186.9  -0.6  -0.1   0.1  457.   0.0  -1.2  -0.10
2007  84  0   4.3   0.3  45.0  66.9   0.1   0.2   0.2  421.  -0.0  -1.0  -0.10
2007 111  0   4.0   0.4 -11.0 306.8   0.3  -0.3  -0.1  420.  -0.1  -1.1   0.06
2007 138  0   5.2   0.8  15.5 351.2   0.8  -0.1   0.2  452.   0.0  -0.7  -0.11
2007 165  0   4.4   0.3 -30.8 278.8   0.0  -0.2  -0.1  440.   0.2  -0.8   0.02
2007 192  0   4.2   0.1 -53.7 315.0   0.1  -0.1  -0.1  440.   0.1  -1.3   0.02
2007 219  0   4.4   0.5  -8.2 286.3   0.2  -0.5  -0.1  436.  -0.1  -1.0  -0.04
2007 246  0   4.2   0.3  29.1   5.3   0.3   0.0   0.2  451.   0.0  -1.6  -0.05
2007 273  0   4.1   0.5 -11.9 284.5   0.1  -0.5  -0.1  423.  -0.2  -1.2  -0.01
2007 300  0   4.6   0.6   1.0 330.9   0.6  -0.3   0.0  431.  -0.2  -1.2  -0.03
2007 327  0   4.1   0.4  -9.1 267.7  -0.0  -0.4  -0.1  447.  -0.1  -1.0   0.06
2007 354  0   4.4   0.3   5.6 152.8  -0.3   0.1   0.0  479.   0.3  -1.1  -0.02
2008  16  0   4.5   0.8   2.1 133.3  -0.6   0.6   0.0  498.  -0.1  -0.9  -0.06
2008  43  0   4.4   0.8  -5.4 151.6  -0.7   0.4  -0.1  521.  -0.0  -1.0  -0.03
2008  70  0   4.3   0.7   3.9 147.6  -0.6   0.4   0.0  519.  -0.2  -1.1  -0.07
2008  97  0   4.3   0.7   7.5 161.2  -0.7   0.2   0.1  521.  -0.0  -1.0  -0.11
2008 124  0   4.2   0.4  20.5 118.9  -0.2   0.4   0.2  439.  -0.1  -0.6  -0.09
2008 151  0   4.0   0.5  11.3 339.7   0.5  -0.2   0.1  473.  -0.0  -0.5  -0.05
2008 178  0   4.1   0.5  17.8 305.6   0.3  -0.4   0.2  448.  -0.1  -1.1  -0.13
2008 205  0   4.2   0.6  -3.3 269.6  -0.0  -0.6  -0.0  429.  -0.0  -1.1  -0.05
2008 232  0   3.7   1.2   4.3 322.5   1.0  -0.7   0.1  400.  -0.3  -1.0  -0.16
2008 259  0   4.4   1.3  -1.4 320.5   1.0  -0.9  -0.0  405.  -0.4  -1.3  -0.11
2008 286  0   4.1   1.3   6.9 322.6   1.0  -0.8   0.2  401.  -0.5  -1.1  -0.17
2008 313  0   3.7   0.5   6.4 296.4   0.2  -0.5   0.1  385.   0.1  -1.1  -0.03
2008 340  0   4.2   0.3 -48.9 285.2   0.1  -0.2  -0.3  385.   0.0  -0.7   0.10
2009   1  0   4.4   0.5 -27.7 192.4  -0.5  -0.1  -0.2  370.  -0.0  -0.9   0.11
2009  28  0   3.8   0.1  22.6 153.4  -0.1   0.1   0.0  371.   0.2  -0.9  -0.03
2009  55  0   4.2   1.0  10.8 121.0  -0.5   0.9   0.2  403.   0.1  -1.0  -0.22
2009  82  0   3.8   0.6  -3.7 163.5  -0.6   0.2  -0.0  400.   0.1  -0.8  -0.04
2009 109  0   3.5   0.3  -4.0 126.9  -0.2   0.3  -0.0  380.   0.1  -1.0  -0.03
2009 136  0   3.6   0.4 -20.6 228.7  -0.2  -0.3  -0.1  331.   0.2  -0.6   0.05
2009 163  0   4.1   0.4  12.5 343.0   0.4  -0.1   0.1  352.   0.0  -0.6  -0.03
2009 190  0   4.0   0.8  -1.6 316.1   0.6  -0.5  -0.0  391.   0.1  -0.5  -0.05
2009 217  0   4.1   1.4   5.2 335.0   1.3  -0.6   0.1  385.   0.3  -0.6  -0.14
2009 244  0   3.6   1.3   0.2 324.9   1.1  -0.8   0.0  360.  -0.2  -0.9  -0.11
2009 271  0   3.9   1.1   3.9 302.9   0.6  -0.9   0.1  334.   0.3  -0.9  -0.15
2009 298  0   4.0   1.0   2.1 295.0   0.4  -0.9   0.0  335.   0.3  -1.1  -0.09
2009 325  0   3.9   0.7   7.3 317.0   0.5  -0.5   0.1  331.   0.2  -1.1  -0.03
2009 352  0   4.0   0.4  48.5 178.3  -0.3   0.0   0.3  338.   0.0  -0.6  -0.08
2010  14  0   4.7   0.3  21.6 282.9   0.1  -0.3   0.1  383.  -0.3  -0.9   0.01
2010  41  0   5.5   0.5  23.1 249.0  -0.2  -0.5   0.2  362.  -0.4  -0.9  -0.06
2010  68  0   4.9   0.1  47.7 182.9  -0.1  -0.0   0.1  401.  -0.1  -0.4  -0.01
2010  95  0   4.9   0.3  13.2 203.9  -0.3  -0.1   0.1  422.  -0.0  -0.6   0.03
2010 122  0   4.6   0.3  49.8 159.7  -0.2   0.1   0.2  421.  -0.0  -0.3  -0.04
2010 149  0   4.8   0.4 -67.7  97.7  -0.0   0.1  -0.3  429.  -0.1  -0.7   0.18
2010 176  0   4.2   0.6  -4.3 310.5   0.4  -0.5  -0.0  412.  -0.0  -0.7   0.04
2010 203  0   4.7   1.2  -3.9 321.3   0.9  -0.7  -0.1  451.  -0.1  -0.5  -0.04
2010 230  0   4.1   1.4   2.1 291.1   0.5  -1.3   0.1  414.  -0.2  -0.8  -0.21
2010 257  0   4.5   1.0   9.1 314.7   0.7  -0.7   0.2  389.   0.2  -1.0  -0.18
2010 284  0   4.9   1.0   8.7 318.7   0.7  -0.6   0.1  405.   0.0  -1.2  -0.16
2010 311  0   4.8   1.0   8.8 348.6   1.0  -0.2   0.2  412.   0.3  -0.9  -0.11
2010 338  0   4.4   0.3  -6.4   7.0   0.3   0.0  -0.0  380.   0.3  -1.4   0.01
2010 365  0   4.4   0.4 -60.8 356.8   0.2  -0.0  -0.4  432.   0.1  -1.2   0.13
2011  27  0   5.2   0.9   2.1 301.6   0.5  -0.8   0.0  398.  -0.1  -1.3   0.08
2011  54  0   5.4   0.4  14.9 303.8   0.2  -0.4   0.1  422.  -0.1  -1.2  -0.05
2011  81  0   5.7   1.3  17.3 140.4  -1.0   0.8   0.4  428.  -0.4  -0.4  -0.25
2011 108  0   4.8   0.3 -10.4  95.3  -0.0   0.3  -0.1  423.  -0.1  -1.0  -0.02
2011 135  0   5.9   0.3  19.0   0.7   0.3   0.0   0.1  460.   0.2  -0.9  -0.05
2011 162  0   5.4   0.8  -8.8 296.4   0.4  -0.7  -0.1  439.  -0.3  -0.8  -0.02
2011 189  0   5.1   1.0   2.5 310.5   0.7  -0.8   0.0  486.  -0.2  -1.2  -0.13
2011 216  0   4.9   1.8   0.8 308.8   1.1  -1.4   0.0  442.  -0.1  -1.1  -0.19
2011 243  0   5.5   0.8   1.1 329.9   0.7  -0.4   0.0  419.  -0.6  -0.9  -0.07
2011 270  0   5.3   1.5  12.9 334.5   1.3  -0.6   0.3  405.  -0.0  -1.0  -0.22
2011 297  0   5.7   1.1  33.3 329.2   0.8  -0.5   0.6  372.   0.2  -0.6  -0.26
2011 324  0   4.9   1.5  -5.8 305.0   0.8  -1.2  -0.1  383.   0.1  -1.2  -0.03
2011 351  0   5.1   0.8  12.6 280.4   0.1  -0.7   0.2  365.   0.1  -1.4  -0.04
2012  13  0   5.7   1.4   3.1 291.2   0.5  -1.3   0.1  421.   0.3  -0.8   0.10
2012  40  0   5.9   0.3 -27.1 291.7   0.1  -0.3  -0.2  410.   0.1  -1.1   0.09
2012  67  0   6.1   1.0 -36.7 303.8   0.4  -0.7  -0.6  471.  -0.1  -0.6   0.44
2012  94  0   5.6   1.2 -14.0 297.3   0.5  -1.0  -0.3  405.  -0.2  -0.4   0.27
2012 121  0   5.5   0.7   7.0 302.0   0.4  -0.6   0.1  409.  -0.2  -0.6   0.06
2012 148  0   6.4   0.9   0.5  30.8   0.8   0.4   0.0  430.  -0.5  -0.1  -0.02
2012 175  0   6.8   1.1 -57.4   9.4   0.6   0.1  -1.0  462.  -0.3  -0.2   0.45
2012 202  0   5.5   0.7  15.6 319.8   0.5  -0.4   0.2  402.  -0.1  -1.1  -0.13
2012 229  0   5.6   0.5 -40.9  43.4   0.3   0.3  -0.3  423.  -0.1  -1.0   0.11
2012 256  0   5.6   0.6  20.7  23.4   0.5   0.2   0.2  370.  -0.1  -0.7  -0.07
2012 283  0   5.2   0.9 -55.5 244.2  -0.2  -0.5  -0.7  388.   0.1  -0.5   0.20
2012 310  0   5.6   0.6 -29.2  26.6   0.4   0.2  -0.3  377.   0.1  -0.8   0.08
2012 337  0   4.9   0.4  11.2 120.7  -0.2   0.3   0.1  346.  -0.2  -1.1  -0.02
2012 364  0   4.8   0.3  16.1 254.6  -0.1  -0.3   0.1  360.   0.4  -1.0  -0.01
2013  25  0   5.1   0.3 -61.7 141.1  -0.1   0.1  -0.2  374.   0.0  -1.0   0.06
2013  52  0   5.2   0.8  18.8 318.5   0.6  -0.5   0.3  390.   0.2  -0.6  -0.02
2013  79  0   5.2   0.8  39.2 359.0   0.6  -0.0   0.5  399.   0.0  -0.7  -0.21
2013 106  0   5.1   0.1 -49.1 305.2   0.0  -0.1  -0.1  396.  -0.3  -0.1   0.06
2013 133  0   5.9   0.6 -58.7 206.6  -0.3  -0.1  -0.5  484.  -0.4  -0.4   0.29
2013 160  0   5.5   0.9 -52.9 313.3   0.4  -0.4  -0.7  412.  -0.5  -0.4   0.29
2013 187  0   6.2   1.2 -80.6 123.4  -0.1   0.2  -1.2  400.  -0.5  -0.6   0.45
2013 214  0   5.0   0.5 -59.3 162.1  -0.2   0.1  -0.4  446.  -0.1  -1.0   0.17
2013 241  0   4.7   0.4 -24.6 312.5   0.2  -0.3  -0.2  411.  -0.4  -1.2   0.02
2013 268  0   4.5   0.8  19.0 156.2  -0.7   0.3   0.3  378.  -0.4  -1.1  -0.05
2013 295  0   5.4   1.0 -25.5 246.5  -0.4  -0.8  -0.4  371.   0.1  -1.2   0.07
2013 322  0   5.1   0.9  12.2 158.7  -0.8   0.3   0.2  364.  -0.2  -0.0  -0.06
2013 349  0   4.9   1.5  -1.0 120.4  -0.8   1.3  -0.0  380.  -0.1  -0.1  -0.06
2014  11  0   5.4   1.1   4.0 112.7  -0.4   1.0   0.1  404.   0.1  -1.1  -0.17
2014  38  0   6.5   0.5   0.8  34.2   0.4   0.3   0.0  418.   0.1  -0.6  -0.02
2014  65  0   4.8   0.8  17.1 144.2  -0.6   0.5   0.2  382.  -0.1  -0.6  -0.18
2014  92  0   5.8   0.5 -30.3  98.4  -0.1   0.4  -0.3  408.   0.1  -1.0  -0.05
2014 119  0   5.5   0.2 -31.0 340.9   0.2  -0.1  -0.1  356.   0.0  -0.7   0.03
2014 146  0   5.6   0.8  65.3 174.6  -0.3   0.0   0.7  383.   0.1  -0.7  -0.26
2014 173  0   4.9   0.9  14.5  94.1  -0.1   0.9   0.2  341.  -0.4  -1.0  -0.05
2014 200  0   5.2   0.6   5.3 124.4  -0.3   0.5   0.1  365.  -0.1  -0.8   0.01
2014 227  0   6.5   0.8  14.3 111.8  -0.3   0.7   0.2  352.  -0.3  -1.3   0.03
2014 254  0   7.0   1.3  59.5 355.5   0.7  -0.1   1.1  421.  -0.1  -0.3  -0.55
2014 281  0   6.7   1.2  10.1 123.2  -0.6   1.0   0.2  410.  -0.4  -0.9   0.06
2014 308  0   7.6   0.9  29.7 317.4   0.6  -0.5   0.5  434.   2.1  -0.7  -0.26
2014 335  0   7.9   1.1  18.1 354.5   1.0  -0.1   0.3  468.   0.0  -1.1  -0.18
2014 362  0   7.5   0.4  26.9  73.9   0.1   0.4   0.2  434.  -0.2  -1.1  -0.11
2015  24  0   6.9   1.0  -5.8 308.1   0.6  -0.8  -0.1  416.  -0.4  -1.0   0.14
2015  51  0   7.2   0.8  -9.1 158.1  -0.7   0.3  -0.1  434.  -0.3  -0.9   0.04
2015  78  0   7.1   1.0  54.6  81.2   0.1   0.5   0.8  453.  -0.1  -0.8  -0.45
2015 105  0   6.4   1.1   2.8 148.9  -0.9   0.6   0.1  413.   0.1  -0.9  -0.12
2015 132  0   6.0   1.8  17.8 129.4  -1.1   1.3   0.5  384.  -0.8  -0.9  -0.26
2015 159  0   6.3   1.5  -2.1 137.3  -1.1   1.0  -0.1  478.  -0.1  -0.5   0.07
2015 186  0   6.1   1.6   0.0 139.2  -1.2   1.0   0.0  431.  -0.2  -0.3   0.11
2015 213  0   6.8   2.9  -7.0 124.4  -1.6   2.4  -0.3  459.  -0.7  -0.4   0.50
2015 240  0   7.3   1.1  -4.1 127.8  -0.7   0.9  -0.1  462.  -0.2  -0.8   0.16
2015 267  0   6.0   2.1 -13.7 130.3  -1.3   1.5  -0.5  447.  -0.7  -0.5   0.46
2015 294  0   6.8   2.2   2.1 149.7  -1.9   1.1   0.1  452.  -0.5  -0.6   0.13
2015 321  0   6.1   1.0  -2.0 152.8  -0.9   0.4  -0.0  425.  -0.2  -1.0   0.04
2015 348  0   7.1   1.0 -41.3 292.5   0.3  -0.7  -0.7  461.  -0.2  -1.0   0.21
2016  10  0   6.8   1.0  -7.7  28.8   0.8   0.5  -0.1  400.   0.0  -1.4  -0.05
2016  37  0   6.6   0.7  24.6 293.0   0.3  -0.6   0.3  409.  -0.2  -1.0  -0.04
2016  64  0   6.4   0.4  51.7 179.2  -0.3   0.0   0.3  444.  -0.1  -0.6  -0.11
2016  91  0   6.6   0.3  59.3 101.6  -0.0   0.1   0.2  410.  -0.5  -0.9  -0.09
2016 118  0   6.2   0.4 -63.5 202.2  -0.2  -0.1  -0.4  458.  -0.1  -0.5   0.20
2016 145  0   5.7   0.3  63.5  99.5  -0.0   0.1   0.2  457.  -0.2  -0.7  -0.10
2016 172  0   5.5   0.4  -1.1 169.8  -0.4   0.1  -0.0  467.  -0.2  -0.7   0.03
2016 199  0   6.2   0.4  62.9   7.9   0.2   0.0   0.3  467.  -0.1  -1.0  -0.11
2016 226  0   5.8   0.4 -39.0  79.2   0.1   0.3  -0.2  445.  -0.4  -1.0   0.18
2016 253  0   6.0   0.9  -2.6 172.8  -0.9   0.1  -0.0  444.  -0.5  -0.9   0.02
2016 280  0   6.2   1.3 -10.4 118.6  -0.6   1.1  -0.2  482.  -0.2  -0.8   0.27
2016 307  0   5.6   0.5 -11.6 159.8  -0.5   0.2  -0.1  440.  -0.5  -0.9   0.06
2016 334  0   5.3   1.1   0.2 113.8  -0.5   1.0   0.0  463.  -0.1  -1.3  -0.00
2016 361  0   4.9   0.6 -26.8 145.3  -0.4   0.3  -0.3  490.  -0.1  -1.1   0.11
2017  22  0   5.0   0.6 -23.2  24.5   0.5   0.2  -0.2  470.  -0.3  -1.1   0.09
2017  49  0   5.0   0.4 -18.7 342.4   0.4  -0.1  -0.1  490.   0.1  -1.1   0.09
2017  76  0   5.3   0.6  18.7  40.2   0.5   0.4   0.2  487.   0.2  -0.6  -0.12
2017 103  0   5.3   0.6 -10.6 336.9   0.5  -0.2  -0.1  435.  -0.3  -0.6   0.14
2017 130  0   5.9   0.3   9.4  61.6   0.1   0.3   0.1  424.   0.2  -0.6  -0.00
2017 157  0   5.4   0.7   4.8 122.8  -0.4   0.6   0.1  404.  -0.0  -0.8  -0.02
2017 184  0   5.3   0.9   2.7 132.2  -0.6   0.7   0.0  464.   0.1  -0.8   0.07
2017 211  0   5.4   1.0  -6.5 168.8  -1.0   0.2  -0.1  481.  -0.1  -1.1   0.11
2017 238  0   5.5   1.4  -1.1 129.4  -0.9   1.1  -0.0  506.   0.1  -0.7   0.22
2017 265  0   5.0   1.0 -12.5 146.7  -0.8   0.5  -0.2  448.  -0.1  -0.8   0.22
2017 292  0   5.1   1.0 -10.7 159.9  -1.0   0.4  -0.2  424.   0.1  -1.0   0.16
2017 319  0   5.0   0.9 -13.6 144.1  -0.7   0.5  -0.2  417.   0.2  -0.9   0.12
2017 346  0   4.9   0.2 -23.5 140.4  -0.2   0.1  -0.1  407.   0.2  -0.7   0.06
2018   8  0   4.8   0.4  -7.3 312.6   0.3  -0.3  -0.1  400.   0.1  -0.8   0.06
2018  35  0   4.9   1.1   3.8 324.0   0.9  -0.7   0.1  400.   0.5  -0.7   0.12
2018  62  0   5.0   1.5  -3.7 308.8   0.9  -1.2  -0.1  409.   0.0  -0.8   0.25
2018  89  0   4.5   0.7 -27.1 316.0   0.5  -0.4  -0.3  401.   0.3  -0.5   0.17
2018 116  0   4.8   1.0   1.1 319.3   0.7  -0.6   0.0  419.  -0.2  -0.9   0.08
2018 143  0   4.3   0.4   3.3 247.4  -0.1  -0.4   0.0  400.   0.0  -0.6   0.02
2018 170  0   4.7   0.6 -16.1 134.5  -0.4   0.4  -0.2  417.  -0.2  -0.4   0.09
2018 197  0   4.8   0.5 -12.6 227.4  -0.3  -0.4  -0.1  391.  -0.2  -0.6   0.01
2018 224  0   4.9   1.2 -18.2 168.4  -1.1   0.2  -0.4  437.   0.3  -0.7   0.17
2018 251  0   4.7   1.1   2.0 170.4  -1.0   0.2   0.0  444.   0.6  -1.1   0.01
2018 278  0   4.2   0.4  -2.0 238.8  -0.2  -0.4  -0.0  402.  -0.1  -1.6  -0.01
2018 305  0   4.6   1.5  -4.0 290.5   0.5  -1.4  -0.1  406.  -0.1  -1.5  -0.08
2018 332  0   4.6   1.6   3.2 310.7   1.0  -1.2   0.1  428.  -0.1  -1.4  -0.09
2018 359  0   4.7   0.9  -7.0 325.1   0.7  -0.5  -0.1  414.   0.2  -1.2   0.09
2019  21  0   4.8   1.6  -2.1 323.7   1.3  -0.9  -0.1  430.  -0.0  -1.1   0.15
2019  48  0   4.7   1.6   1.8 335.2   1.5  -0.7   0.1  393.  -0.1  -1.1   0.10
2019  75  0   4.7   1.6  -2.4 327.6   1.3  -0.9  -0.1  389.   0.1  -0.8   0.17
2019 102  0   4.3   1.7  -3.0 323.4   1.4  -1.0  -0.1  373.   0.0  -0.9   0.17
2019 129  0   5.2   1.3  -4.8 330.6   1.1  -0.6  -0.1  382.  -0.3  -0.6   0.06
2019 156  0   4.4   1.0  -3.7 271.0   0.0  -1.0  -0.1  348.  -0.2  -0.5   0.05
2019 183  0   4.4   0.9 -14.0 177.3  -0.9   0.0  -0.2  391.   0.1  -0.3   0.07
2019 210  0   4.1   1.0   5.9 167.3  -1.0   0.2   0.1  433.   0.2  -0.8  -0.00
2019 237  0   4.4   1.7  -1.6 157.3  -1.6   0.7  -0.0  465.   0.3  -0.8   0.17
2019 264  0   4.5   1.3   2.7 164.4  -1.3   0.4   0.1  411.   0.1  -0.9   0.07
2019 291  0   4.5   0.7  -4.8 244.6  -0.3  -0.6  -0.1  393.   0.2  -1.1   0.01
2019 318  0   4.1   0.4  16.9 324.0   0.3  -0.2   0.1  379.   0.1  -1.3  -0.03
2019 345  0   4.5   1.1   4.8 296.0   0.5  -1.0   0.1  374.  -0.1  -1.5  -0.00
2020   7  0   4.0   1.2 -10.9 313.0   0.8  -0.9  -0.2  368.   0.1  -1.4   0.16
