1964   1  0   5.3   1.8 -11.6 167.5  -1.7   0.4  -0.4  425. 999.9 999.9   0.11
1965   1  0   5.1   1.0  -0.4 308.3   0.6  -0.8  -0.0  415.  -2.1 999.9  -0.08
1966   1  0   6.3   1.6 -11.0 309.7   1.0  -1.2  -0.3  431.  -1.3   3.2   0.06
1967   1  0   6.4   0.7  -5.4 289.5   0.2  -0.7  -0.1  426.  -0.3  -1.4  -0.03
1968   1  0   6.2   0.7  -8.0 301.0   0.4  -0.6  -0.1  470.  -0.2  -0.5   0.09
1969   1  0   6.0   0.6   3.4 288.4   0.2  -0.5   0.0  418.  -0.7   0.9   0.01
1970   1  0   6.4   0.6 -15.2 129.9  -0.3   0.4  -0.1  420.  -2.2   0.6   0.05
1971   1  0   6.0   0.5  -9.5 311.7   0.3  -0.4  -0.1  440.  -0.5   0.7   0.07
1972   1  0   6.5   0.2  24.2 303.1   0.1  -0.1   0.1  402.  -0.3 999.9  -0.00
1973   1  0   6.3   0.3   0.1 107.7  -0.1   0.2   0.0  488.  -1.0  -0.7   0.03
1974   1  0   6.6   1.0   0.8 334.2   0.9  -0.5   0.0  528.  -0.8   1.6  -0.02
1975   1  0   5.8   0.6   7.3 135.1  -0.4   0.4   0.1  485.  -0.6   1.7  -0.02
1976   1  0   5.6   0.6  14.7 136.5  -0.4   0.4   0.2  449.  -0.6   1.9   0.05
1977   1  0   5.9   0.3  43.7  37.2   0.2   0.1   0.2  415.  -0.6   1.5  -0.02
1978   1  0   7.2   0.2   3.5 108.2  -0.1   0.2   0.0  431.   0.2   1.2   0.05
1979   1  0   7.6   0.2   9.7  92.2  -0.0   0.2   0.0  416.   1.7   0.3   0.09
1980   1  0   7.0   0.2  28.4  89.7   0.0   0.2   0.1  391.  -0.0   1.4  -0.11
1981   1  0   7.9   0.4 -16.1 142.4  -0.3   0.2  -0.1  425.  -0.3   1.6   0.02
1982   1  0   8.8   0.4 -27.8 151.5  -0.3   0.2  -0.2  467.  -0.4   2.2   0.05
1983   1  0   8.0   0.4  31.2 330.0   0.3  -0.2   0.2  477.  -0.2   2.2  -0.07
1984   1  0   7.8   0.4  45.2 228.3  -0.2  -0.2   0.3  482.  -0.3   1.8  -0.07
1985   1  0   5.9   0.6  14.9 292.8   0.2  -0.6   0.2  467.  -0.3   1.6  -0.16
1986   1  0   5.8   0.4  21.1 305.7   0.2  -0.3   0.1  459.  -0.0   1.8  -0.20
1987   1  0   6.2   0.6   7.5 117.6  -0.3   0.6   0.1  427.  -0.3   1.8  -0.11
1988   1  0   7.3   0.4  -7.0 297.7   0.2  -0.4  -0.1  429.  -0.2   1.8  -0.09
1989   1  0   8.5   1.2  18.0 321.7   0.9  -0.7   0.4  460.  -0.4   2.0  -0.18
1990   1  0   7.5   1.1   4.7 313.5   0.7  -0.8   0.1  440.  -0.2   2.2   0.01
1991   1  0   9.2   0.3  50.6 244.3  -0.1  -0.2   0.2  463.  -0.5   1.5  -0.08
1992   1  0   8.4   0.8  22.1 114.9  -0.3   0.6   0.3  432.  -0.5   1.8  -0.21
1993   1  0   6.6   0.2  48.1 106.4  -0.0   0.1   0.2  457.  -0.0   2.1  -0.05
1994   1  0   6.3   0.3  14.2  83.3   0.0   0.3   0.1  517.  -0.1   2.1   0.06
1995   1  0   5.7   0.3 -31.4  90.2  -0.0   0.3  -0.2  429.  -0.0  -0.5   0.14
1996   1  0   5.1   0.2 -16.2 325.7   0.2  -0.1  -0.1  423.   0.0  -0.7   0.12
1997   1  0   5.5   0.2 -49.5 242.6  -0.1  -0.1  -0.1  381.   0.0  -0.8   0.12
1998   1  0   6.9   0.2   2.5  43.2   0.1   0.1   0.0  410.  -0.2  -0.7   0.10
1999   1  0   6.9   0.8  -0.7 129.0  -0.5   0.6  -0.0  439.  -0.5  -0.4   0.00
2000   1  0   7.2   0.4  -2.1  87.7   0.0   0.4  -0.0  448.  -0.3  -0.5   0.01
2001   1  0   6.9   0.2 -15.0  96.4  -0.0   0.2  -0.1  426.  -0.4  -0.7   0.02
2002   1  0   7.6   0.5  11.7 141.9  -0.4   0.3   0.1  440.  -0.3  -0.5  -0.07
2003   1  0   7.6   0.4 -20.3 279.5   0.1  -0.4  -0.2  543.  -0.5  -0.5   0.03
2004   1  0   6.5   0.3 -18.9 332.0   0.3  -0.2  -0.1  451.  -0.3  -0.5   0.10
2005   1  0   6.2   0.3   3.0 144.9  -0.2   0.2   0.0  473.  -0.2  -0.7   0.03
2006   1  0   5.0   0.6   4.1 125.3  -0.4   0.5   0.0  431.  -0.2  -0.8  -0.03
2007   1  0   4.5   0.2  14.2 272.0   0.0  -0.2   0.0  441.  -0.1  -1.1  -0.04
2008   1  0   4.2   0.2   8.5 304.2   0.1  -0.2   0.0  450.  -0.1  -1.0  -0.07
2009   1  0   3.9   0.3   3.6 303.5   0.2  -0.2   0.0  364.   0.1  -0.8  -0.06
2010   1  0   4.7   0.5   7.9 312.1   0.3  -0.3   0.1  403.  -0.1  -0.8  -0.04
2011   1  0   5.3   0.7   8.0 314.8   0.5  -0.5   0.1  420.  -0.1  -1.0  -0.08
2012   1  0   5.7   0.5 -23.0 322.8   0.4  -0.3  -0.2  408.  -0.1  -0.7   0.12
2013   1  0   5.2   0.2 -59.7 213.0  -0.1  -0.1  -0.2  397.  -0.2  -0.7   0.07
2014   1  0   6.1   0.4  33.3  91.9  -0.0   0.4   0.2  398.   0.1  -0.8  -0.12
2015   1  0   6.7   1.1  -1.1 135.2  -0.8   0.7  -0.0  437.  -0.3  -0.8   0.07
2016   1  0   6.1   0.4   1.7 128.8  -0.2   0.3   0.0  446.  -0.2  -0.9   0.02
2017   1  0   5.2   0.4 -10.5 128.5  -0.2   0.3  -0.1  455.   0.0  -0.8   0.09
2018   1  0   4.7   0.4 -10.6 281.7   0.1  -0.4  -0.1  412.   0.1  -0.9   0.06
2019   1  0   4.5   0.5  -3.0 298.3   0.2  -0.4  -0.0  398.   0.0  -0.9   0.08
2020   1  0   4.3   1.8  -2.4 321.7   1.4  -1.1  -0.1  385.   0.1  -1.2   0.17
