1964   1  0   5.3   1.8  -1.7   0.4  -0.4
1965   1  0   5.1   1.0   0.6  -0.8  -0.0
1966   1  0   6.3   1.6   1.0  -1.2  -0.3
1967   1  0   6.4   0.7   0.2  -0.7  -0.1
1968   1  0   6.2   0.7   0.4  -0.6  -0.1
1969   1  0   6.0   0.6   0.2  -0.5   0.0
1970   1  0   6.4   0.6  -0.3   0.4  -0.1
1971   1  0   6.0   0.5   0.3  -0.4  -0.1
1972   1  0   6.5   0.2   0.1  -0.1   0.1
1973   1  0   6.3   0.3  -0.1   0.2   0.0
1974   1  0   6.6   1.0   0.9  -0.5   0.0
1975   1  0   5.8   0.6  -0.4   0.4   0.1
1976   1  0   5.6   0.6  -0.4   0.4   0.2
1977   1  0   5.9   0.3   0.2   0.1   0.2
1978   1  0   7.2   0.2  -0.1   0.2   0.0
1979   1  0   7.6   0.2  -0.0   0.2   0.0
1980   1  0   7.0   0.2   0.0   0.2   0.1
1981   1  0   7.9   0.4  -0.3   0.2  -0.1
1982   1  0   8.8   0.4  -0.3   0.2  -0.2
1983   1  0   8.0   0.4   0.3  -0.2   0.2
1984   1  0   7.8   0.4  -0.2  -0.2   0.3
1985   1  0   5.9   0.6   0.2  -0.6   0.2
1986   1  0   5.8   0.4   0.2  -0.3   0.1
1987   1  0   6.2   0.6  -0.3   0.6   0.1
1988   1  0   7.3   0.4   0.2  -0.4  -0.1
1989   1  0   8.5   1.2   0.9  -0.7   0.4
1990   1  0   7.5   1.1   0.7  -0.8   0.1
1991   1  0   9.2   0.3  -0.1  -0.2   0.2
1992   1  0   8.4   0.8  -0.3   0.6   0.3
1993   1  0   6.6   0.2  -0.0   0.1   0.2
1994   1  0   6.3   0.3   0.0   0.3   0.1
1995   1  0   5.7   0.3  -0.0   0.3  -0.2
1996   1  0   5.1   0.2   0.2  -0.1  -0.1
1997   1  0   5.5   0.2  -0.1  -0.1  -0.1
1998   1  0   6.9   0.2   0.1   0.1   0.0
1999   1  0   6.9   0.8  -0.5   0.6  -0.0
2000   1  0   7.2   0.4   0.0   0.4  -0.0
2001   1  0   6.9   0.2  -0.0   0.2  -0.1
2002   1  0   7.6   0.5  -0.4   0.3   0.1
2003   1  0   7.6   0.4   0.1  -0.4  -0.2
2004   1  0   6.5   0.3   0.3  -0.2  -0.1
2005   1  0   6.2   0.3  -0.2   0.2   0.0
2006   1  0   5.0   0.6  -0.4   0.5   0.0
2007   1  0   4.5   0.2   0.0  -0.2   0.0
2008   1  0   4.2   0.2   0.1  -0.2   0.0
2009   1  0   3.9   0.3   0.2  -0.2   0.0
2010   1  0   4.7   0.5   0.3  -0.3   0.1
2011   1  0   5.3   0.7   0.5  -0.5   0.1
2012   1  0   5.7   0.5   0.4  -0.3  -0.2
2013   1  0   5.2   0.2  -0.1  -0.1  -0.2
2014   1  0   6.1   0.4  -0.0   0.4   0.2
2015   1  0   6.7   1.1  -0.8   0.7  -0.0
2016   1  0   6.1   0.4  -0.2   0.3   0.0
2017   1  0   5.2   0.4  -0.2   0.3  -0.1
2018   1  0   4.7   0.4   0.1  -0.4  -0.1
2019   1  0   4.5   0.5   0.2  -0.4  -0.0
2020   1  0   4.3   1.8   1.4  -1.1  -0.1
