1964  22  0   5.0   1.4  -1.3   0.2  -0.2
1964  49  0 999.9 999.9 999.9 999.9 999.9
1964  76  0 999.9 999.9 999.9 999.9 999.9
1964 103  0 999.9 999.9 999.9 999.9 999.9
1964 130  0 999.9 999.9 999.9 999.9 999.9
1964 157  0 999.9 999.9 999.9 999.9 999.9
1964 184  0 999.9 999.9 999.9 999.9 999.9
1964 211  0 999.9 999.9 999.9 999.9 999.9
1964 238  0 999.9 999.9 999.9 999.9 999.9
1964 265  0 999.9 999.9 999.9 999.9 999.9
1964 292  0 999.9 999.9 999.9 999.9 999.9
1964 319  0 999.9 999.9 999.9 999.9 999.9
1964 346  0 999.9 999.9 999.9 999.9 999.9
1965   7  0 999.9 999.9 999.9 999.9 999.9
1965  34  0 999.9 999.9 999.9 999.9 999.9
1965  61  0 999.9 999.9 999.9 999.9 999.9
1965  88  0 999.9 999.9 999.9 999.9 999.9
1965 115  0 999.9 999.9 999.9 999.9 999.9
1965 142  0   6.0   1.2   0.8  -0.8  -0.4
1965 169  0   4.8   0.6  -0.1  -0.6   0.2
1965 196  0   5.3   1.6   1.4  -0.9   0.1
1965 223  0   5.2   1.3   1.1  -0.6   0.3
1965 250  0   5.2   1.5   1.2  -0.8  -0.6
1965 277  0   5.2   2.0   0.8  -1.8  -0.1
1965 304  0   5.5   0.8   0.0  -0.8   0.2
1965 331  0   4.3   0.7   0.1  -0.7   0.0
1965 358  0   4.6   0.9   0.8  -0.3   0.2
1966  20  0   6.5   1.8  -0.3  -0.3  -1.7
1966  47  0 999.9 999.9 999.9 999.9 999.9
1966  74  0 999.9 999.9 999.9 999.9 999.9
1966 101  0 999.9 999.9 999.9 999.9 999.9
1966 128  0 999.9 999.9 999.9 999.9 999.9
1966 155  0 999.9 999.9 999.9 999.9 999.9
1966 182  0   6.3   2.5   1.2  -2.0  -0.8
1966 209  0   5.7   2.4   1.5  -1.7  -0.7
1966 236  0   6.9   2.1   1.1  -1.3  -1.4
1966 263  0   6.7   1.5   0.7  -1.2  -0.6
1966 290  0   6.0   2.0   1.8  -0.9   0.2
1966 317  0   6.8   1.4   0.7  -1.1   0.5
1966 344  0   6.6   1.1   0.1  -1.1   0.3
1967   6  0   7.6   1.6  -1.6  -0.0  -0.3
1967  33  0   6.9   1.0  -0.8  -0.1   0.5
1967  60  0   6.0   1.1  -0.8   0.6   0.1
1967  87  0   5.8   1.0  -0.2  -0.9  -0.0
1967 114  0   6.8   0.7  -0.5  -0.5  -0.1
1967 141  0   6.3   1.6   1.2  -0.5  -1.0
1967 168  0   5.3   1.3   0.8  -1.0  -0.4
1967 195  0   5.8   2.5   2.2  -1.1   0.3
1967 222  0   6.2   2.2   1.4  -1.7  -0.2
1967 249  0   6.5   1.7   0.6  -1.6  -0.2
1967 276  0   6.5   2.3   1.4  -1.8   0.5
1967 303  0   6.2   1.5   0.8  -1.2   0.1
1967 330  0   7.0   0.2  -0.2   0.1  -0.1
1967 357  0   7.3   1.5  -0.3  -0.8  -1.2
1968  19  0   7.0   0.4   0.1  -0.0  -0.4
1968  46  0   6.5   1.3  -0.0  -1.3   0.0
1968  73  0   6.0   0.4  -0.1  -0.1  -0.4
1968 100  0   5.9   0.6  -0.4  -0.1   0.4
1968 127  0   6.6   1.0   0.9  -0.4   0.0
1968 154  0   6.2   1.1   0.9  -0.6  -0.0
1968 181  0   5.3   0.2  -0.2   0.2   0.1
1968 208  0   5.4   0.8   0.8  -0.1   0.3
1968 235  0   6.4   1.1   0.1  -0.7  -0.9
1968 262  0   5.3   0.6   0.5  -0.2   0.3
1968 289  0   6.7   1.0   0.4  -0.9  -0.0
1968 316  0   6.8   1.5   0.8  -1.3   0.1
1968 343  0   6.0   0.5   0.4  -0.2   0.1
1969   4  0   5.8   0.8   0.7  -0.3  -0.1
1969  31  0   6.4   0.5  -0.3  -0.4   0.2
1969  58  0   7.5   1.5   0.2  -1.5  -0.1
1969  85  0   6.4   1.0   0.9  -0.5   0.1
1969 112  0   7.5   1.2  -0.6  -0.1  -1.1
1969 139  0   6.4   0.2   0.1  -0.1   0.1
1969 166  0   5.3   1.5   0.3  -1.5   0.1
1969 193  0   5.6   0.5   0.0  -0.2   0.4
1969 220  0   5.6   1.0   0.7  -0.6   0.3
1969 247  0   5.7   0.4   0.1  -0.3   0.0
1969 274  0   5.3   0.3  -0.1  -0.0  -0.3
1969 301  0   5.4   1.0   0.6  -0.8   0.1
1969 328  0   6.3   0.9  -0.1  -0.9   0.1
1969 355  0   5.5   0.6  -0.3  -0.5  -0.1
1970  17  0   5.2   1.3  -0.3   1.3   0.1
1970  44  0   7.3   2.3  -1.5   1.7  -0.7
1970  71  0   6.7   2.5  -0.6   2.4   0.2
1970  98  0   7.4   1.4   0.1   1.3  -0.5
1970 125  0   6.2   0.4   0.0  -0.1  -0.4
1970 152  0   6.5   0.9   0.4  -0.7  -0.5
1970 179  0   6.8   1.3  -1.1  -0.7  -0.3
1970 206  0   6.6   0.9  -0.1  -0.7  -0.5
1970 233  0   6.1   0.7  -0.2   0.7   0.2
1970 260  0   6.4   0.6  -0.0   0.4  -0.4
1970 287  0   6.8   2.3  -1.3   1.9   0.1
1970 314  0   6.4   1.0  -0.3  -0.1   1.0
1970 341  0   6.2   1.2  -1.1   0.5  -0.3
1971   3  0   6.0   0.7  -0.1   0.6   0.1
1971  30  0   6.4   0.9  -0.1  -0.9   0.1
1971  57  0   5.4   0.4   0.1  -0.4   0.1
1971  84  0   5.8   1.2   0.9  -0.8  -0.2
1971 111  0   6.9   0.6   0.6  -0.2   0.0
1971 138  0   5.5   1.2   0.8  -0.9  -0.4
1971 165  0   5.8   0.5   0.0  -0.4  -0.1
1971 192  0   6.3   1.9   0.7  -1.8   0.5
1971 219  0   6.0   0.5  -0.2  -0.3  -0.3
1971 246  0   5.4   0.7   0.5   0.3  -0.3
1971 273  0   5.7   0.4   0.1  -0.2  -0.3
1971 300  0   5.7   1.1   0.9  -0.6   0.0
1971 327  0   6.7   0.9   0.8   0.4   0.1
1971 354  0   5.8   1.2   0.5  -1.0  -0.2
1972  16  0   6.4   0.8   0.2  -0.7   0.1
1972  43  0   6.6   0.6   0.2  -0.5   0.2
1972  70  0   6.9   0.4   0.3  -0.2  -0.2
1972  97  0   6.0   1.4   0.4  -1.3  -0.4
1972 124  0   6.3   0.5   0.4  -0.1   0.4
1972 151  0   6.4   0.5   0.2   0.1  -0.5
1972 178  0   5.8   0.6   0.2  -0.1  -0.5
1972 205  0   7.4   0.7  -0.5   0.1   0.4
1972 232  0   6.7   2.0  -1.3   1.6   0.3
1972 259  0   5.9   0.4  -0.3   0.2  -0.0
1972 286  0   7.0   1.6  -0.8   1.4   0.2
1972 313  0   6.1   0.4   0.3   0.2   0.1
1972 340  0   6.7   1.7   1.0  -1.2   0.6
1973   1  0   6.7   0.4   0.1  -0.3   0.2
1973  28  0   6.6   1.1   1.0  -0.5   0.1
1973  55  0   6.3   0.5   0.4   0.3   0.1
1973  82  0   7.7   1.2   1.2  -0.1   0.3
1973 109  0   6.8   0.7  -0.4   0.6  -0.1
1973 136  0   6.5   1.0  -0.2   0.9   0.3
1973 163  0   5.7   0.5  -0.2   0.5  -0.1
1973 190  0   5.9   0.3   0.0  -0.3  -0.0
1973 217  0   5.3   0.7  -0.4   0.6  -0.0
1973 244  0   6.4   1.0  -0.9   0.5  -0.1
1973 271  0   5.4   1.8  -1.5   0.7  -0.5
1973 298  0   6.0   0.4  -0.4   0.2   0.1
1973 325  0   5.9   0.5   0.2   0.1  -0.4
1973 352  0   5.8   1.4   1.2  -0.5   0.5
1974  14  0   5.9   1.0   0.8  -0.6   0.0
1974  41  0   6.2   1.3   1.2  -0.5  -0.0
1974  68  0   6.6   0.7   0.6  -0.4  -0.1
1974  95  0   6.2   0.4   0.4  -0.0   0.1
1974 122  0   7.1   1.2   1.0  -0.6   0.2
1974 149  0   6.6   1.9   1.7  -0.9  -0.1
1974 176  0   7.5   1.5   1.4  -0.4  -0.4
1974 203  0   6.3   1.3   0.8  -0.7  -0.7
1974 230  0   6.5   0.4   0.3  -0.2  -0.0
1974 257  0   7.0   0.8   0.6  -0.2   0.5
1974 284  0   7.7   1.0   0.7  -0.6   0.4
1974 311  0   7.1   0.8   0.8   0.1   0.1
1974 338  0   6.1   1.0   1.0  -0.1   0.0
1974 365  0   7.0   0.8  -0.3  -0.7   0.2
1975  27  0   6.0   0.8   0.7   0.3  -0.1
1975  54  0   5.7   0.5   0.4  -0.2   0.0
1975  81  0   5.6   0.2   0.1   0.2  -0.1
1975 108  0   5.2   0.4   0.2  -0.1  -0.3
1975 135  0   5.5   0.4   0.2   0.3   0.0
1975 162  0   4.8   1.0  -0.9   0.4  -0.1
1975 189  0   5.9   2.1  -1.6   1.3   0.4
1975 216  0   6.4   1.9  -1.6   0.9  -0.1
1975 243  0   5.4   1.3  -1.0   0.8   0.4
1975 270  0   5.5   1.5  -1.1   1.1   0.0
1975 297  0   6.8   0.4  -0.2   0.4  -0.0
1975 324  0   6.7   0.9   0.7  -0.0   0.6
1975 351  0   7.0   1.3   0.8  -1.0   0.1
1976  13  0   6.5   0.8   0.6  -0.6   0.2
1976  40  0   6.0   1.8   1.5  -1.0   0.2
1976  67  0   5.9   1.7   1.5  -0.6  -0.4
1976  94  0   5.3   1.0   0.7  -0.5   0.4
1976 121  0   5.9   0.5  -0.4   0.4  -0.1
1976 148  0   5.0   1.1  -0.7   0.8   0.3
1976 175  0   5.1   1.3  -1.2   0.6   0.2
1976 202  0   5.0   2.7  -2.0   1.8   0.3
1976 229  0   5.1   2.3  -1.6   1.6   0.4
1976 256  0   5.5   1.4  -1.1   0.9   0.3
1976 283  0   4.7   2.0  -1.5   1.2  -0.1
1976 310  0   5.7   2.3  -2.1   0.9   0.0
1976 337  0   5.7   1.0  -0.3   0.9   0.2
1976 364  0   6.0   1.2   0.8  -0.8   0.3
1977  25  0   6.2   3.3   2.4  -2.2   0.2
1977  52  0   5.6   2.0   1.8  -0.7   0.4
1977  79  0   5.4   1.1   0.8  -0.7   0.2
1977 106  0   6.3   1.0   0.8   0.5  -0.2
1977 133  0   5.4   1.3  -0.5   1.2   0.3
1977 160  0   6.8   2.2  -2.0   0.9   0.4
1977 187  0   5.4   0.9  -0.4   0.7  -0.3
1977 214  0   5.7   0.8  -0.8   0.2  -0.2
1977 241  0   6.0   0.7  -0.3   0.7   0.2
1977 268  0   6.2   0.4  -0.3   0.2   0.1
1977 295  0   6.2   1.1  -0.3   1.0   0.2
1977 322  0   5.7   1.2   0.9  -0.3   0.7
1977 349  0   6.8   1.4   0.6  -1.2   0.6
1978  11  0   7.8   1.8   1.1   1.4   0.0
1978  38  0   7.8   1.2   0.7   1.0  -0.2
1978  65  0   7.2   1.1   1.1  -0.1  -0.4
1978  92  0   8.1   1.2   0.9  -0.6   0.6
1978 119  0   8.1   1.4   0.7  -1.2  -0.0
1978 146  0   7.4   1.0   0.2  -0.9   0.3
1978 173  0   7.6   3.6  -3.1   1.3   1.2
1978 200  0   6.2   0.4  -0.1  -0.4  -0.1
1978 227  0   6.4   0.6  -0.4   0.2  -0.4
1978 254  0   6.4   0.9  -0.5   0.7  -0.1
1978 281  0   7.1   1.3  -0.4   1.2  -0.4
1978 308  0   7.2   1.5  -1.1   1.0  -0.2
1978 335  0   7.3   0.4  -0.3  -0.1   0.2
1978 362  0   7.9   0.7  -0.4  -0.4  -0.4
1979  24  0   7.8   1.0   0.9  -0.4   0.1
1979  51  0   8.1   1.0   0.6  -0.8  -0.1
1979  78  0   9.5   1.5   0.8  -1.1   0.6
1979 105  0   7.6   0.5   0.3  -0.4  -0.0
1979 132  0   7.9   1.9   1.8  -0.4   0.6
1979 159  0   7.1   2.1   1.2  -1.5  -0.7
1979 186  0   7.1   0.7   0.4  -0.6  -0.1
1979 213  0   7.2   1.0  -0.7  -0.7  -0.2
1979 240  0   7.6   1.3  -0.3   1.1   0.5
1979 267  0   7.1   1.4  -0.9   1.1   0.3
1979 294  0   7.8   3.1  -1.6   2.7  -0.0
1979 321  0   6.6   1.4  -0.2   1.4  -0.0
1979 348  0   6.9   2.0  -0.8   1.8   0.1
1980  10  0   7.0   1.5  -1.3   0.8   0.1
1980  37  0   7.2   1.4  -0.4   1.3  -0.4
1980  64  0   6.3   1.9  -0.7   1.7  -0.3
1980  91  0   6.2   0.4  -0.3   0.1   0.2
1980 118  0   6.3   1.1   0.4   0.5   0.9
1980 145  0   7.0   0.7  -0.5   0.4  -0.3
1980 172  0   6.4   0.9  -0.1  -0.6   0.7
1980 199  0   6.5   0.5   0.3  -0.3  -0.3
1980 226  0   7.0   1.8   1.3  -1.2  -0.2
1980 253  0   6.5   0.8   0.5  -0.3  -0.5
1980 280  0   7.6   0.7   0.6  -0.2   0.2
1980 307  0   7.6   1.2   0.7  -1.0   0.3
1980 334  0   8.8   1.0  -0.4   0.4   0.8
1980 361  0   7.1   0.5  -0.4   0.1  -0.3
1981  22  0   8.0   0.4  -0.4   0.1  -0.2
1981  49  0   8.6   0.8   0.1   0.6   0.4
1981  76  0   7.9   0.9  -0.4   0.8  -0.1
1981 103  0   7.8   1.1  -0.2   0.8  -0.8
1981 130  0   7.9   0.6  -0.1   0.1  -0.6
1981 157  0   7.4   1.9  -1.5   1.1   0.5
1981 184  0   7.5   0.7  -0.6  -0.2  -0.3
1981 211  0   7.9   0.7  -0.6  -0.3  -0.3
1981 238  0   7.6   0.6  -0.6   0.2   0.2
1981 265  0   8.8   1.1   0.5  -0.8   0.5
1981 292  0   9.1   1.4   1.3  -0.4  -0.2
1981 319  0   7.7   1.7  -0.7   1.5   0.1
1981 346  0   7.1   1.3  -1.1   0.3  -0.5
1982   8  0   8.1   1.8  -1.5   0.9   0.3
1982  35  0  10.2   2.0  -0.4  -0.2  -1.9
1982  62  0   7.8   1.0  -0.8   0.5   0.1
1982  89  0   8.8   0.7  -0.5   0.2  -0.4
1982 116  0   7.5   1.2  -0.6   1.1   0.2
1982 143  0   8.1   2.1  -1.8   1.0   0.1
1982 170  0  10.2   1.0   0.1   0.1  -1.0
1982 197  0  10.6   0.8  -0.7  -0.3   0.2
1982 224  0   8.8   1.1  -0.6  -0.9   0.0
1982 251  0   9.2   2.0   1.9  -0.1   0.3
1982 278  0   8.0   1.1   0.5  -0.9  -0.4
1982 305  0   8.5   0.7   0.7  -0.2   0.2
1982 332  0  10.0   0.4   0.1   0.3  -0.0
1982 359  0   8.0   3.1  -1.6   2.7   0.2
1983  21  0   7.6   1.9   1.0  -1.6  -0.1
1983  48  0   9.0   2.3   1.0  -2.0   0.5
1983  75  0   6.9   1.7   1.4  -0.7  -0.4
1983 102  0   8.0   1.0   0.8  -0.5  -0.1
1983 129  0   9.4   2.0  -0.2   1.0   1.8
1983 156  0   8.6   1.1  -0.7   0.8  -0.1
1983 183  0   7.9   0.5  -0.4   0.2   0.1
1983 210  0   7.5   3.7   1.7  -3.3   0.1
1983 237  0   6.6   1.7   1.3  -1.1   0.1
1983 264  0   8.1   0.4   0.3  -0.0   0.2
1983 291  0   7.9   1.1  -0.4   1.0   0.1
1983 318  0   8.1   0.8   0.0   0.6   0.5
1983 345  0   8.3   0.4  -0.2  -0.0  -0.3
1984   7  0   7.2   0.7  -0.2  -0.7   0.1
1984  34  0   8.4   1.6  -0.8  -1.4   0.2
1984  61  0   7.8   0.8  -0.6   0.6  -0.0
1984  88  0   7.4   1.9   1.4  -1.2   0.4
1984 115  0   9.4   1.0  -0.1   0.3   0.9
1984 142  0   7.8   0.4  -0.2   0.2   0.2
1984 169  0   8.1   1.8  -1.8   0.0   0.4
1984 196  0   6.5   0.3  -0.2   0.1  -0.1
1984 223  0   7.5   0.3   0.2  -0.1   0.2
1984 250  0   8.3   0.9   0.3  -0.7   0.3
1984 277  0   7.6   1.6   1.4  -0.9   0.2
1984 304  0   8.8   2.2   1.7  -0.6   1.3
1984 331  0   6.7   2.0  -1.9   0.5   0.1
1984 358  0   5.7   0.8   0.3   0.7  -0.3
1985  19  0   6.9   1.9  -1.8  -0.1   0.5
1985  46  0   6.1   1.3  -0.8  -0.7   0.8
1985  73  0   5.9   1.4  -1.3   0.3   0.4
1985 100  0   6.1   1.9  -1.6   1.0   0.1
1985 127  0   5.6   0.7   0.1  -0.7   0.2
1985 154  0   5.5   1.5   0.9  -1.1   0.1
1985 181  0   5.9   0.7   0.5  -0.5  -0.2
1985 208  0   5.9   2.3   1.6  -1.6  -0.3
1985 235  0   5.6   1.0   0.8  -0.6  -0.1
1985 262  0   6.0   1.0   1.0  -0.2   0.2
1985 289  0   6.4   2.1   1.5  -1.4   0.0
1985 316  0   5.5   2.1   1.6  -1.4   0.3
1985 343  0   5.8   1.1  -0.3  -0.9   0.6
1986   5  0   5.2   1.2  -0.9   0.7   0.4
1986  32  0   7.5   1.6  -1.6   0.4  -0.1
1986  59  0   6.0   1.3  -0.7   1.1  -0.1
1986  86  0   5.6   2.4  -2.4   0.4   0.2
1986 113  0   5.7   2.0  -1.9   0.7   0.3
1986 140  0   5.3   0.7   0.6  -0.4   0.0
1986 167  0   5.0   1.5   1.1  -1.0   0.0
1986 194  0   5.2   1.2   0.7  -1.0   0.4
1986 221  0   5.4   3.0   2.6  -1.5   0.1
1986 248  0   5.7   1.8   1.4  -0.6   0.9
1986 275  0   5.7   2.5   1.8  -1.7  -0.1
1986 302  0   7.3   1.9   1.6  -1.1  -0.0
1986 329  0   5.8   1.5   1.5  -0.4  -0.2
1986 356  0   5.2   2.1  -1.6   1.4  -0.3
1987  18  0   5.8   3.2  -2.7   1.6  -0.3
1987  45  0   5.4   3.2  -2.6   1.8   0.1
1987  72  0   6.3   2.5  -1.5   1.9   0.6
1987  99  0   5.3   3.0  -2.2   2.0   0.4
1987 126  0   5.0   0.7  -0.6   0.1  -0.2
1987 153  0   6.2   0.6  -0.1   0.5   0.3
1987 180  0   5.6   1.2   0.8  -0.9   0.1
1987 207  0   6.3   1.1   1.1  -0.1  -0.1
1987 234  0   7.9   1.4   1.1  -0.1  -0.8
1987 261  0   7.9   2.6   1.9   0.7   1.6
1987 288  0   6.4   1.4   0.9  -0.7  -0.7
1987 315  0   6.9   0.3   0.0   0.2   0.1
1987 342  0   7.0   1.3  -0.8   1.1  -0.0
1988   4  0   8.2   0.2  -0.1   0.1   0.2
1988  31  0   7.7   1.0   0.5   0.1  -0.9
1988  58  0   6.9   2.9  -2.3   1.8  -0.0
1988  85  0   7.2   0.5  -0.3  -0.2   0.3
1988 112  0   8.1   1.0  -0.8   0.6  -0.0
1988 139  0   6.7   0.2  -0.1  -0.0   0.2
1988 166  0   7.9   1.7   0.8  -1.5  -0.4
1988 193  0   7.4   2.6   1.0  -2.4  -0.2
1988 220  0   6.9   0.8   0.7   0.2  -0.1
1988 247  0   6.6   1.7   1.4  -1.0  -0.3
1988 274  0   7.4   1.8   1.3  -1.3   0.2
1988 301  0   7.1   2.0   0.8  -1.8   0.4
1988 328  0   7.0   0.3  -0.1  -0.3   0.0
1988 355  0   8.0   1.0   0.5  -0.8   0.1
1989  16  0   6.1   0.9   0.1  -0.6  -0.6
1989  43  0   8.2   0.5   0.2  -0.3   0.3
1989  70  0  10.3   1.3   0.5   0.9   0.9
1989  97  0   9.2   0.6  -0.5   0.1  -0.3
1989 124  0   7.3   0.6   0.3  -0.5   0.0
1989 151  0   7.8   0.9   0.7  -0.3  -0.5
1989 178  0   6.1   0.5   0.4  -0.1   0.4
1989 205  0   6.6   1.8   1.7  -0.6   0.2
1989 232  0   8.7   2.7   2.0  -1.3   1.4
1989 259  0   9.0   1.3  -0.2  -0.9   0.9
1989 286  0   9.4   1.5   1.5   0.2  -0.2
1989 313  0  11.9   3.0   2.1  -1.9   1.0
1989 340  0   9.0   2.7   1.5  -1.9   1.1
1990   2  0   8.1   2.3   1.5  -1.2   1.1
1990  29  0   9.2   2.8   1.5  -2.3  -0.4
1990  56  0   7.9   0.6  -0.1  -0.6   0.3
1990  83  0   8.2   3.0   1.6  -2.1  -1.6
1990 110  0   7.2   0.9   0.5  -0.4  -0.7
1990 137  0   8.6   1.9   1.1  -0.0  -1.5
1990 164  0   6.7   1.5   0.7  -1.0   0.8
1990 191  0   6.6   2.0   1.3  -1.5   0.6
1990 218  0   7.5   1.2  -1.0  -0.4   0.5
1990 245  0   6.4   0.7  -0.3   0.5  -0.2
1990 272  0   6.7   0.5   0.4  -0.3   0.0
1990 299  0   6.8   0.6   0.2   0.3   0.5
1990 326  0   6.7   1.2   1.0  -0.5   0.4
1990 353  0   7.5   0.8   0.5  -0.3   0.5
1991  15  0   6.5   1.2  -0.0  -0.9   0.7
1991  42  0   8.0   0.7   0.4  -0.5   0.1
1991  69  0   8.9   3.8   2.8  -2.3   1.0
1991  96  0   8.6   2.1  -1.9   0.4   0.9
1991 123  0   8.3   2.3  -0.7   0.6   2.2
1991 150  0  11.7   2.1  -1.7  -0.9  -0.7
1991 177  0   8.6   1.1  -0.3   0.6  -0.8
1991 204  0   9.6   1.0   0.9  -0.5  -0.0
1991 231  0  10.7   0.8  -0.7  -0.4  -0.1
1991 258  0   9.7   1.1   0.8   0.6   0.4
1991 285  0  11.3   0.8  -0.7  -0.2  -0.3
1991 312  0   9.9   0.6  -0.3   0.3  -0.4
1991 339  0   9.7   1.1   0.5   0.3   1.0
1992   1  0   9.9   1.5  -1.0   1.0   0.6
1992  28  0  10.6   1.0  -0.1  -0.8  -0.6
1992  55  0   9.7   4.0  -2.8   2.9   0.3
1992  82  0   7.8   1.8  -0.8   1.2   1.1
1992 109  0  10.2   0.9  -0.5   0.7  -0.1
1992 136  0   8.0   1.6   0.2   1.4   0.7
1992 163  0   7.3   0.7   0.2   0.7   0.0
1992 190  0   6.5   0.6  -0.1   0.2   0.6
1992 217  0   6.7   1.5  -0.4   1.1   1.0
1992 244  0   7.3   2.1   2.0  -0.4  -0.4
1992 271  0   8.0   2.4   0.4  -2.1   1.2
1992 298  0   7.9   1.6   0.2   1.5   0.4
1992 325  0   7.7   0.5   0.3  -0.3   0.0
1992 352  0   8.4   1.1   0.1   0.8  -0.7
1993  13  0   6.4   1.2   1.2  -0.4   0.1
1993  40  0   6.8   0.6   0.6  -0.1  -0.0
1993  67  0   7.2   2.2   1.9  -1.1   0.3
1993  94  0   5.9   0.7   0.7   0.1  -0.0
1993 121  0   6.9   2.3  -2.0   1.0   0.3
1993 148  0   7.2   2.5  -1.7   1.8   0.7
1993 175  0   6.5   1.2  -0.5   0.7   0.9
1993 202  0   6.3   0.8  -0.6   0.6  -0.2
1993 229  0   6.6   1.1  -1.0   0.4  -0.4
1993 256  0   6.9   1.9  -1.2  -1.3   0.7
1993 283  0   5.6   1.4   0.8   1.1   0.1
1993 310  0   6.2   1.0  -0.1  -0.7  -0.6
1993 337  0   6.8   0.7   0.5  -0.1   0.4
1993 364  0   7.2   0.8   0.0  -0.7   0.5
1994  26  0   7.9   1.1   0.9  -0.1  -0.6
1994  53  0   7.4   1.9   1.7  -0.6   0.7
1994  80  0   6.2   0.7   0.4  -0.3   0.5
1994 107  0   6.5   1.5   1.5   0.3   0.1
1994 134  0   5.8   0.5  -0.3   0.3  -0.1
1994 161  0   5.7   1.5  -1.3   0.6   0.0
1994 188  0   5.1   0.6   0.1   0.5   0.3
1994 215  0   6.0   1.0  -0.8   0.6  -0.0
1994 242  0   5.9   0.2  -0.1  -0.1   0.2
1994 269  0   5.9   0.9  -0.1   0.9  -0.1
1994 296  0   6.9   1.4  -0.8   1.1   0.1
1994 323  0   6.4   1.1  -0.3   1.1  -0.2
1994 350  0   5.8   0.6   0.3   0.5  -0.2
1995  12  0   6.0   0.5   0.1  -0.1  -0.5
1995  39  0   6.6   1.6   1.6   0.4  -0.2
1995  66  0   5.9   0.6   0.5   0.0   0.3
1995  93  0   5.9   0.3   0.3   0.0  -0.0
1995 120  0   6.0   1.3   1.1  -0.5  -0.3
1995 147  0   5.7   0.4   0.3   0.2  -0.2
1995 174  0   5.4   0.8  -0.7   0.1   0.1
1995 201  0   5.4   0.9  -0.6   0.5  -0.3
1995 228  0   5.1   1.8  -1.6   0.9  -0.2
1995 255  0   5.6   1.0  -0.6   0.7  -0.5
1995 282  0   6.4   1.5  -1.1   1.0  -0.2
1995 309  0   4.8   0.7  -0.6   0.4  -0.1
1995 336  0   5.6   0.9   0.5   0.6  -0.3
1995 363  0   5.0   1.7   1.3  -1.0   0.1
1996  25  0   5.2   2.8   2.4  -1.4  -0.0
1996  52  0   5.1   2.0   1.5  -1.3  -0.2
1996  79  0   5.0   2.2   1.9  -1.1  -0.2
1996 106  0   4.3   0.9   0.7  -0.6  -0.1
1996 133  0   5.3   0.8   0.8  -0.1   0.1
1996 160  0   5.0   1.1  -0.7   0.8   0.0
1996 187  0   5.1   1.8  -1.6   0.9   0.1
1996 214  0   5.1   1.5  -1.3   0.6  -0.1
1996 241  0   5.3   1.4  -1.1   0.8  -0.2
1996 268  0   5.4   0.6  -0.5   0.4  -0.1
1996 295  0   5.2   0.9  -0.7   0.5  -0.2
1996 322  0   5.4   0.3  -0.3   0.0   0.0
1996 349  0   5.3   0.3  -0.0  -0.3   0.1
1997  10  0   5.6   1.0   1.0  -0.2  -0.1
1997  37  0   5.3   2.1   1.9  -0.9  -0.5
1997  64  0   4.6   1.4   1.2  -0.8  -0.3
1997  91  0   5.7   1.3   0.9  -0.8   0.2
1997 118  0   4.9   0.5   0.1  -0.4  -0.4
1997 145  0   5.3   1.1  -0.0  -0.9  -0.7
1997 172  0   5.4   0.9  -0.8   0.5  -0.2
1997 199  0   5.0   1.2  -1.0   0.6   0.1
1997 226  0   5.0   1.5  -1.3   0.6   0.1
1997 253  0   6.3   2.6  -2.3   1.1   0.5
1997 280  0   5.9   1.8  -1.4   1.1  -0.1
1997 307  0   6.8   0.4  -0.3   0.1  -0.3
1997 334  0   5.8   1.8   1.1  -1.4  -0.2
1997 361  0   6.8   1.2   0.8   0.6   0.6
1998  23  0   6.6   2.2   1.7  -1.4  -0.0
1998  50  0   6.2   1.2   0.7  -1.0  -0.1
1998  77  0   6.8   2.2   1.7  -1.3   0.4
1998 104  0   7.5   1.4   1.2  -0.1  -0.8
1998 131  0   6.5   0.9   0.6  -0.7   0.1
1998 158  0   7.0   0.5   0.3   0.1   0.4
1998 185  0   5.9   0.5  -0.1   0.4   0.2
1998 212  0   7.5   2.5  -1.5   1.9   0.6
1998 239  0   6.4   1.2  -0.9   0.7  -0.3
1998 266  0   7.2   1.7  -1.3   0.9  -0.4
1998 293  0   8.1   0.9   0.1   0.8  -0.5
1998 320  0   6.8   0.6  -0.3   0.5  -0.3
1998 347  0   7.3   0.7  -0.6   0.4   0.1
1999   9  0   7.2   2.3  -1.7   1.6  -0.1
1999  36  0   7.7   1.3   0.5   1.1  -0.4
1999  63  0   7.1   1.9  -0.9   1.7  -0.3
1999  90  0   6.6   1.1  -0.8   0.7   0.2
1999 117  0   5.8   0.6  -0.5   0.1   0.3
1999 144  0   5.7   0.9   0.8   0.1   0.5
1999 171  0   5.9   0.9  -0.6   0.6  -0.3
1999 198  0   6.7   1.5  -1.0   1.1   0.3
1999 225  0   7.0   1.5  -1.2   0.8  -0.4
1999 252  0   7.3   0.1  -0.1  -0.1   0.0
1999 279  0   7.3   1.5  -1.3   0.8   0.0
1999 306  0   7.4   0.5   0.2   0.2  -0.5
1999 333  0   7.4   0.7  -0.4  -0.2   0.6
1999 360  0   6.6   0.4  -0.3  -0.3  -0.1
2000  22  0   7.5   0.8   0.0  -0.6  -0.5
2000  49  0   7.0   0.8  -0.8   0.2   0.3
2000  76  0   7.0   0.6  -0.2   0.6   0.0
2000 103  0   6.9   0.5   0.4   0.3   0.2
2000 130  0   7.0   0.6  -0.0   0.3  -0.5
2000 157  0   7.3   0.3  -0.0   0.1   0.3
2000 184  0   8.6   1.2   0.6   0.7   0.8
2000 211  0   7.6   1.4  -0.7   1.2  -0.2
2000 238  0   7.4   0.5  -0.3   0.3   0.3
2000 265  0   7.2   1.5  -0.2   1.4  -0.6
2000 292  0   7.7   1.0   0.7   0.7   0.3
2000 319  0   6.8   0.9   0.6   0.5  -0.3
2000 346  0   6.0   0.0  -0.0   0.0   0.0
2001   7  0   6.0   1.1  -0.7   0.4  -0.7
2001  34  0   5.5   0.7  -0.7   0.2   0.0
2001  61  0   7.1   1.2  -0.8   0.7  -0.7
2001  88  0   8.2   1.9   1.4  -1.4  -0.3
2001 115  0   7.0   1.4   0.2   1.2  -0.7
2001 142  0   6.7   0.9   0.5   0.7   0.3
2001 169  0   6.3   0.4  -0.2   0.3  -0.2
2001 196  0   6.3   0.8  -0.7   0.3  -0.3
2001 223  0   6.7   0.8  -0.3   0.1   0.7
2001 250  0   7.3   1.2  -1.2   0.1  -0.1
2001 277  0   7.0   1.5   0.6   1.4  -0.2
2001 304  0   8.2   0.8   0.4   0.6   0.3
2001 331  0   7.2   0.3  -0.2  -0.0   0.2
2001 358  0   8.0   0.8   0.4  -0.6   0.3
2002  20  0   7.3   1.6   0.1  -1.6   0.2
2002  47  0   7.8   0.6  -0.1   0.1   0.5
2002  74  0   7.4   2.5  -0.8   1.6   1.7
2002 101  0   7.9   2.5  -1.9   1.6  -0.5
2002 128  0   7.7   1.0  -0.4   0.8  -0.1
2002 155  0   6.3   0.7   0.7   0.2  -0.2
2002 182  0   6.4   0.6   0.6  -0.2  -0.1
2002 209  0   7.8   1.2  -0.2  -1.1   0.1
2002 236  0   8.0   0.3   0.1   0.1  -0.3
2002 263  0   9.1   1.3   0.1   1.3  -0.1
2002 290  0   8.1   1.5  -1.4   0.5   0.4
2002 317  0   7.9   0.8  -0.7   0.0  -0.5
2002 344  0   8.0   0.4   0.1  -0.1   0.4
2003   6  0   8.2   1.3   0.0  -1.3  -0.0
2003  33  0   7.8   0.4  -0.2  -0.2  -0.2
2003  60  0   7.4   0.4  -0.4  -0.1   0.0
2003  87  0   7.1   0.4  -0.3   0.0  -0.3
2003 114  0   6.8   0.4  -0.2  -0.3  -0.2
2003 141  0   7.7   0.3  -0.2  -0.2   0.0
2003 168  0   7.4   0.6  -0.4  -0.1  -0.4
2003 195  0   7.6   1.8   1.2  -1.3  -0.2
2003 222  0   7.7   0.7   0.2  -0.6  -0.2
2003 249  0   6.4   0.4   0.2   0.2  -0.3
2003 276  0   8.9   1.2   0.4  -1.0   0.4
2003 303  0   8.6   0.6  -0.3   0.3  -0.5
2003 330  0   7.2   0.4  -0.4  -0.1  -0.2
2003 357  0   7.6   0.4  -0.4  -0.2   0.0
2004  19  0   7.6   0.7   0.4  -0.0  -0.6
2004  46  0   6.4   0.3   0.3  -0.1  -0.0
2004  73  0   6.6   0.9   0.5  -0.7   0.3
2004 100  0   6.2   1.0   0.8  -0.6   0.2
2004 127  0   6.0   0.7   0.3  -0.6  -0.0
2004 154  0   5.7   0.1  -0.1   0.0   0.1
2004 181  0   6.8   0.9  -0.1   0.7  -0.5
2004 208  0   6.3   0.3  -0.2   0.1  -0.1
2004 235  0   6.0   0.8   0.7  -0.1  -0.5
2004 262  0   5.7   0.6   0.6  -0.1  -0.1
2004 289  0   6.8   0.9   0.5  -0.4  -0.5
2004 316  0   6.5   1.1   0.9  -0.7   0.3
2004 343  0   7.3   0.5   0.2   0.4  -0.0
2005   4  0   7.9   0.7   0.3   0.1   0.7
2005  31  0   6.6   0.7  -0.2  -0.5   0.5
2005  58  0   6.1   0.5   0.1  -0.4   0.3
2005  85  0   5.3   0.7   0.5  -0.4  -0.0
2005 112  0   7.0   1.1  -1.0   0.4  -0.2
2005 139  0   6.7   0.9  -0.8  -0.4  -0.3
2005 166  0   6.6   0.4   0.2   0.1  -0.4
2005 193  0   6.2   0.4   0.1   0.0  -0.4
2005 220  0   6.6   0.7   0.6  -0.2   0.2
2005 247  0   5.7   1.5  -0.3   1.5   0.0
2005 274  0   5.1   0.6  -0.5   0.3  -0.3
2005 301  0   5.4   0.7  -0.4   0.6  -0.2
2005 328  0   5.9   1.7  -1.3   1.2   0.0
2005 355  0   5.7   1.2  -0.7   0.9   0.4
2006  17  0   5.3   1.1  -0.3   1.1  -0.2
2006  44  0   5.0   0.6  -0.4   0.5   0.1
2006  71  0   4.8   1.0  -0.8   0.7  -0.2
2006  98  0   5.3   0.8  -0.6   0.4   0.1
2006 125  0   4.8   0.6  -0.5   0.3  -0.1
2006 152  0   4.6   0.7  -0.6   0.3   0.2
2006 179  0   4.7   1.0  -0.6   0.8   0.3
2006 206  0   5.2   0.9  -0.6   0.6   0.4
2006 233  0   4.9   0.3   0.1   0.2  -0.2
2006 260  0   4.7   0.4  -0.3   0.4   0.0
2006 287  0   4.5   0.3   0.3   0.1  -0.1
2006 314  0   5.8   0.4  -0.3  -0.1   0.2
2006 341  0   5.1   0.6  -0.1   0.6  -0.2
2007   3  0   5.1   0.5  -0.5  -0.1   0.3
2007  30  0   4.6   0.6  -0.5  -0.4   0.1
2007  57  0   4.8   0.6  -0.6  -0.1   0.1
2007  84  0   4.3   0.3   0.1   0.2   0.2
2007 111  0   4.0   0.4   0.3  -0.3  -0.1
2007 138  0   5.2   0.8   0.8  -0.1   0.2
2007 165  0   4.4   0.3   0.0  -0.2  -0.1
2007 192  0   4.2   0.1   0.1  -0.1  -0.1
2007 219  0   4.4   0.5   0.2  -0.5  -0.1
2007 246  0   4.2   0.3   0.3   0.0   0.2
2007 273  0   4.1   0.5   0.1  -0.5  -0.1
2007 300  0   4.6   0.6   0.6  -0.3   0.0
2007 327  0   4.1   0.4  -0.0  -0.4  -0.1
2007 354  0   4.4   0.3  -0.3   0.1   0.0
2008  16  0   4.5   0.8  -0.6   0.6   0.0
2008  43  0   4.4   0.8  -0.7   0.4  -0.1
2008  70  0   4.3   0.7  -0.6   0.4   0.0
2008  97  0   4.3   0.7  -0.7   0.2   0.1
2008 124  0   4.2   0.4  -0.2   0.4   0.2
2008 151  0   4.0   0.5   0.5  -0.2   0.1
2008 178  0   4.1   0.5   0.3  -0.4   0.2
2008 205  0   4.2   0.6  -0.0  -0.6  -0.0
2008 232  0   3.7   1.2   1.0  -0.7   0.1
2008 259  0   4.4   1.3   1.0  -0.9  -0.0
2008 286  0   4.1   1.3   1.0  -0.8   0.2
2008 313  0   3.7   0.5   0.2  -0.5   0.1
2008 340  0   4.2   0.3   0.1  -0.2  -0.3
2009   1  0   4.4   0.5  -0.5  -0.1  -0.2
2009  28  0   3.8   0.1  -0.1   0.1   0.0
2009  55  0   4.2   1.0  -0.5   0.9   0.2
2009  82  0   3.8   0.6  -0.6   0.2  -0.0
2009 109  0   3.5   0.3  -0.2   0.3  -0.0
2009 136  0   3.6   0.4  -0.2  -0.3  -0.1
2009 163  0   4.1   0.4   0.4  -0.1   0.1
2009 190  0   4.0   0.8   0.6  -0.5  -0.0
2009 217  0   4.1   1.4   1.3  -0.6   0.1
2009 244  0   3.6   1.3   1.1  -0.8   0.0
2009 271  0   3.9   1.1   0.6  -0.9   0.1
2009 298  0   4.0   1.0   0.4  -0.9   0.0
2009 325  0   3.9   0.7   0.5  -0.5   0.1
2009 352  0   4.0   0.4  -0.3   0.0   0.3
2010  14  0   4.7   0.3   0.1  -0.3   0.1
2010  41  0   5.5   0.5  -0.2  -0.5   0.2
2010  68  0   4.9   0.1  -0.1  -0.0   0.1
2010  95  0   4.9   0.3  -0.3  -0.1   0.1
2010 122  0   4.6   0.3  -0.2   0.1   0.2
2010 149  0   4.8   0.4  -0.0   0.1  -0.3
2010 176  0   4.2   0.6   0.4  -0.5  -0.0
2010 203  0   4.7   1.2   0.9  -0.7  -0.1
2010 230  0   4.1   1.4   0.5  -1.3   0.1
2010 257  0   4.5   1.0   0.7  -0.7   0.2
2010 284  0   4.9   1.0   0.7  -0.6   0.1
2010 311  0   4.8   1.0   1.0  -0.2   0.2
2010 338  0   4.4   0.3   0.3   0.0  -0.0
2010 365  0   4.4   0.4   0.2  -0.0  -0.4
2011  27  0   5.2   0.9   0.5  -0.8   0.0
2011  54  0   5.4   0.4   0.2  -0.4   0.1
2011  81  0   5.7   1.3  -1.0   0.8   0.4
2011 108  0   4.8   0.3  -0.0   0.3  -0.1
2011 135  0   5.9   0.3   0.3   0.0   0.1
2011 162  0   5.4   0.8   0.4  -0.7  -0.1
2011 189  0   5.1   1.0   0.7  -0.8   0.0
2011 216  0   4.9   1.8   1.1  -1.4   0.0
2011 243  0   5.5   0.8   0.7  -0.4   0.0
2011 270  0   5.3   1.5   1.3  -0.6   0.3
2011 297  0   5.7   1.1   0.8  -0.5   0.6
2011 324  0   4.9   1.5   0.8  -1.2  -0.1
2011 351  0   5.1   0.8   0.1  -0.7   0.2
2012  13  0   5.7   1.4   0.5  -1.3   0.1
2012  40  0   5.9   0.3   0.1  -0.3  -0.2
2012  67  0   6.1   1.0   0.4  -0.7  -0.6
2012  94  0   5.6   1.2   0.5  -1.0  -0.3
2012 121  0   5.5   0.7   0.4  -0.6   0.1
2012 148  0   6.4   0.9   0.8   0.4   0.0
2012 175  0   6.8   1.1   0.6   0.1  -1.0
2012 202  0   5.5   0.7   0.5  -0.4   0.2
2012 229  0   5.6   0.5   0.3   0.3  -0.3
2012 256  0   5.6   0.6   0.5   0.2   0.2
2012 283  0   5.2   0.9  -0.2  -0.5  -0.7
2012 310  0   5.6   0.6   0.4   0.2  -0.3
2012 337  0   4.9   0.4  -0.2   0.3   0.1
2012 364  0   4.8   0.3  -0.1  -0.3   0.1
2013  25  0   5.1   0.3  -0.1   0.1  -0.2
2013  52  0   5.2   0.8   0.6  -0.5   0.3
2013  79  0   5.2   0.8   0.6  -0.0   0.5
2013 106  0   5.1   0.1   0.0  -0.1  -0.1
2013 133  0   5.9   0.6  -0.3  -0.1  -0.5
2013 160  0   5.5   0.9   0.4  -0.4  -0.7
2013 187  0   6.2   1.2  -0.1   0.2  -1.2
2013 214  0   5.0   0.5  -0.2   0.1  -0.4
2013 241  0   4.7   0.4   0.2  -0.3  -0.2
2013 268  0   4.5   0.8  -0.7   0.3   0.3
2013 295  0   5.4   1.0  -0.4  -0.8  -0.4
2013 322  0   5.1   0.9  -0.8   0.3   0.2
2013 349  0   4.9   1.5  -0.8   1.3  -0.0
2014  11  0   5.4   1.1  -0.4   1.0   0.1
2014  38  0   6.5   0.5   0.4   0.3   0.0
2014  65  0   4.8   0.8  -0.6   0.5   0.2
2014  92  0   5.8   0.5  -0.1   0.4  -0.3
2014 119  0   5.5   0.2   0.2  -0.1  -0.1
2014 146  0   5.6   0.8  -0.3   0.0   0.7
2014 173  0   4.9   0.9  -0.1   0.9   0.2
2014 200  0   5.2   0.6  -0.3   0.5   0.1
2014 227  0   6.5   0.8  -0.3   0.7   0.2
2014 254  0   7.0   1.3   0.7  -0.1   1.1
2014 281  0   6.7   1.2  -0.6   1.0   0.2
2014 308  0   7.6   0.9   0.6  -0.5   0.5
2014 335  0   7.9   1.1   1.0  -0.1   0.3
2014 362  0   7.5   0.4   0.1   0.4   0.2
2015  24  0   6.9   1.0   0.6  -0.8  -0.1
2015  51  0   7.2   0.8  -0.7   0.3  -0.1
2015  78  0   7.1   1.0   0.1   0.5   0.8
2015 105  0   6.4   1.1  -0.9   0.6   0.1
2015 132  0   6.0   1.8  -1.1   1.3   0.5
2015 159  0   6.3   1.5  -1.1   1.0  -0.1
2015 186  0   6.1   1.6  -1.2   1.0   0.0
2015 213  0   6.8   2.9  -1.6   2.4  -0.3
2015 240  0   7.3   1.1  -0.7   0.9  -0.1
2015 267  0   6.0   2.1  -1.3   1.5  -0.5
2015 294  0   6.8   2.2  -1.9   1.1   0.1
2015 321  0   6.1   1.0  -0.9   0.4  -0.0
2015 348  0   7.1   1.0   0.3  -0.7  -0.7
2016  10  0   6.8   1.0   0.8   0.5  -0.1
2016  37  0   6.6   0.7   0.3  -0.6   0.3
2016  64  0   6.4   0.4  -0.3   0.0   0.3
2016  91  0   6.6   0.3  -0.0   0.1   0.2
2016 118  0   6.2   0.4  -0.2  -0.1  -0.4
2016 145  0   5.7   0.3  -0.0   0.1   0.2
2016 172  0   5.5   0.4  -0.4   0.1  -0.0
2016 199  0   6.2   0.4   0.2   0.0   0.3
2016 226  0   5.8   0.4   0.1   0.3  -0.2
2016 253  0   6.0   0.9  -0.9   0.1  -0.0
2016 280  0   6.2   1.3  -0.6   1.1  -0.2
2016 307  0   5.6   0.5  -0.5   0.2  -0.1
2016 334  0   5.3   1.1  -0.5   1.0   0.0
2016 361  0   4.9   0.6  -0.4   0.3  -0.3
2017  22  0   5.0   0.6   0.5   0.2  -0.2
2017  49  0   5.0   0.4   0.4  -0.1  -0.1
2017  76  0   5.3   0.6   0.5   0.4   0.2
2017 103  0   5.3   0.6   0.5  -0.2  -0.1
2017 130  0   5.9   0.3   0.1   0.3   0.1
2017 157  0   5.4   0.7  -0.4   0.6   0.1
2017 184  0   5.3   0.9  -0.6   0.7   0.0
2017 211  0   5.4   1.0  -1.0   0.2  -0.1
2017 238  0   5.5   1.4  -0.9   1.1  -0.0
2017 265  0   5.0   1.0  -0.8   0.5  -0.2
2017 292  0   5.1   1.0  -1.0   0.4  -0.2
2017 319  0   5.0   0.9  -0.7   0.5  -0.2
2017 346  0   4.9   0.2  -0.2   0.1  -0.1
2018   8  0   4.8   0.4   0.3  -0.3  -0.1
2018  35  0   4.9   1.1   0.9  -0.7   0.1
2018  62  0   5.0   1.5   0.9  -1.2  -0.1
2018  89  0   4.5   0.7   0.5  -0.4  -0.3
2018 116  0   4.8   1.0   0.7  -0.6   0.0
2018 143  0   4.3   0.4  -0.1  -0.4   0.0
2018 170  0   4.7   0.6  -0.4   0.4  -0.2
2018 197  0   4.8   0.5  -0.3  -0.4  -0.1
2018 224  0   4.9   1.2  -1.1   0.2  -0.4
2018 251  0   4.7   1.1  -1.0   0.2   0.0
2018 278  0   4.2   0.4  -0.2  -0.4  -0.0
2018 305  0   4.6   1.5   0.5  -1.4  -0.1
2018 332  0   4.6   1.6   1.0  -1.2   0.1
2018 359  0   4.7   0.9   0.7  -0.5  -0.1
2019  21  0   4.8   1.6   1.3  -0.9  -0.1
2019  48  0   4.7   1.6   1.5  -0.7   0.1
2019  75  0   4.7   1.6   1.3  -0.9  -0.1
2019 102  0   4.3   1.7   1.4  -1.0  -0.1
2019 129  0   5.2   1.3   1.1  -0.6  -0.1
2019 156  0   4.4   1.0   0.0  -1.0  -0.1
2019 183  0   4.4   0.9  -0.9   0.0  -0.2
2019 210  0   4.1   1.0  -1.0   0.2   0.1
2019 237  0   4.4   1.7  -1.6   0.7  -0.0
2019 264  0   4.5   1.3  -1.3   0.4   0.1
2019 291  0   4.5   0.7  -0.3  -0.6  -0.1
2019 318  0   4.1   0.4   0.3  -0.2   0.1
2019 345  0   4.5   1.1   0.5  -1.0   0.1
2020   7  0   4.0   1.2   0.8  -0.9  -0.2
2020  34  0   4.3   1.8   1.2  -1.3  -0.1
2020  61  0   4.2   1.9   1.7  -0.9   0.1
2020  88  0   4.5   2.1   1.8  -1.0  -0.1
2020 115  0 999.9 999.9 999.9 999.9 999.9
