2021-05-11 12:33:09,024 - 

Running application application_simulation_SSO-CHB, with json SSO_Base.json

2021-05-11 12:33:09,504 - Task failed successfully

2021-05-11 12:33:09,505 - 

Running application application_simulation_SSO-CHB, with json SSO_areaRatios-1.json

2021-05-11 12:33:09,972 - Task failed successfully

2021-05-11 12:33:09,972 - 

Running application application_simulation_SSO-CHB, with json SSO_areaRatios-2.json

2021-05-11 12:33:10,453 - Task failed successfully

2021-05-11 12:33:10,453 - 

Running application application_simulation_SSO-CHB, with json SSO_areaRatios-3.json

2021-05-11 12:33:10,917 - Task failed successfully

2021-05-11 12:33:10,918 - 

Running application application_simulation_SSO-CHB, with json SSO_currents-1.json

2021-05-11 12:33:11,375 - Task failed successfully

2021-05-11 12:33:11,376 - 

Running application application_simulation_SSO-CHB, with json SSO_currents-2.json

2021-05-11 12:33:11,837 - Task failed successfully

2021-05-11 12:33:11,837 - 

Running application application_simulation_SSO-CHB, with json SSO_currents-3.json

2021-05-11 12:33:12,301 - Task failed successfully

2021-05-11 12:33:12,301 - 

Running application application_simulation_SSO-CHB, with json SSO_diameters-1.json

2021-05-11 12:33:12,778 - Task failed successfully

2021-05-11 12:33:12,779 - 

Running application application_simulation_SSO-CHB, with json SSO_diameters-2.json

2021-05-11 12:33:13,246 - Task failed successfully

2021-05-11 12:33:13,246 - 

Running application application_simulation_SSO-CHB, with json SSO_diameters-3.json

2021-05-11 12:33:13,708 - Task failed successfully

2021-05-11 12:33:13,709 - 

Running application application_simulation_SSO-CHB, with json SSO_endmassMasses-1.json

2021-05-11 12:33:14,179 - Task failed successfully

2021-05-11 12:33:14,179 - 

Running application application_simulation_SSO-CHB, with json SSO_endmassMasses-2.json

2021-05-11 12:33:14,659 - Task failed successfully

2021-05-11 12:33:14,660 - 

Running application application_simulation_SSO-CHB, with json SSO_endmassMasses-3.json

2021-05-11 12:33:15,131 - Task failed successfully

2021-05-11 12:33:15,131 - 

Running application application_simulation_SSO-CHB, with json SSO_lengthRatios-1.json

2021-05-11 12:33:15,602 - Task failed successfully

2021-05-11 12:33:15,602 - 

Running application application_simulation_SSO-CHB, with json SSO_lengthRatios-2.json

2021-05-11 12:33:16,077 - Task failed successfully

2021-05-11 12:33:16,077 - 

Running application application_simulation_SSO-CHB, with json SSO_lengthRatios-3.json

2021-05-11 12:33:16,555 - Task failed successfully

2021-05-11 12:33:16,555 - 

Running application application_simulation_SSO-CHB, with json SSO_lengths-1.json

2021-05-11 12:33:17,049 - Task failed successfully

2021-05-11 12:33:17,049 - 

Running application application_simulation_SSO-CHB, with json SSO_lengths-2.json

2021-05-11 12:33:17,535 - Task failed successfully

2021-05-11 12:33:17,535 - 

Running application application_simulation_SSO-CHB, with json SSO_lengths-3.json

2021-05-11 12:33:18,025 - Task failed successfully

2021-05-11 12:33:18,026 - 

Running application application_simulation_SSO-CHB, with json SSO_lineSeparationCoefficients-1.json

2021-05-11 12:33:18,494 - Task failed successfully

2021-05-11 12:33:18,495 - 

Running application application_simulation_SSO-CHB, with json SSO_lineSeparationCoefficients-2.json

2021-05-11 12:33:18,978 - Task failed successfully

2021-05-11 12:33:18,978 - 

Running application application_simulation_SSO-CHB, with json SSO_lineSeparationCoefficients-3.json

2021-05-11 12:33:19,441 - Task failed successfully

2021-05-11 12:33:19,442 - 

Running application application_simulation_SSO-CHB, with json SSO_noLines-1.json

2021-05-11 12:33:19,908 - Task failed successfully

2021-05-11 12:33:19,909 - 

Running application application_simulation_SSO-CHB, with json SSO_noLines-2.json

2021-05-11 12:33:20,379 - Task failed successfully

2021-05-11 12:33:20,379 - 

Running application application_simulation_SSO-CHB, with json SSO_noLines-3.json

2021-05-11 12:33:20,872 - Task failed successfully

2021-05-11 12:33:20,872 - 

Running application application_simulation_SSO-CHB, with json SSO_occultationCoefficients-1.json

2021-05-11 12:33:21,354 - Task failed successfully

2021-05-11 12:33:21,354 - 

Running application application_simulation_SSO-CHB, with json SSO_occultationCoefficients-2.json

2021-05-11 12:33:21,840 - Task failed successfully

2021-05-11 12:33:21,840 - 

Running application application_simulation_SSO-CHB, with json SSO_occultationCoefficients-3.json

2021-05-11 12:33:22,311 - Task failed successfully

2021-05-11 12:33:22,311 - 

Running application application_simulation_SSO-CHB, with json SSO_slackCoefficients-1.json

2021-05-11 12:33:22,786 - Task failed successfully

2021-05-11 12:33:22,786 - 

Running application application_simulation_SSO-CHB, with json SSO_slackCoefficients-2.json

2021-05-11 12:33:23,281 - Task failed successfully

2021-05-11 12:33:23,281 - 

Running application application_simulation_SSO-CHB, with json SSO_slackCoefficients-3.json

2021-05-11 12:33:23,747 - Task failed successfully

