2021-04-06 08:46:11,063 - 

Running application application_simulation_SSO-CHB, with json SSO_Base.json

2021-04-06 08:46:13,124 - 

Running application application_simulation_SSO-CHB, with json SSO_areaRatios-1.json

2021-04-06 08:46:15,228 - 

Running application application_simulation_SSO-CHB, with json SSO_areaRatios-10.json

2021-04-06 08:46:17,243 - 

Running application application_simulation_SSO-CHB, with json SSO_areaRatios-100.json

2021-04-06 08:46:19,190 - 

Running application application_simulation_SSO-CHB, with json SSO_areaRatios-11.json

2021-04-06 08:46:21,151 - 

Running application application_simulation_SSO-CHB, with json SSO_areaRatios-12.json

2021-04-06 08:46:23,044 - 

Running application application_simulation_SSO-CHB, with json SSO_areaRatios-13.json

2021-04-06 08:46:24,982 - 

Running application application_simulation_SSO-CHB, with json SSO_areaRatios-14.json

2021-04-06 08:46:26,941 - 

Running application application_simulation_SSO-CHB, with json SSO_areaRatios-15.json

2021-04-06 08:46:28,868 - 

Running application application_simulation_SSO-CHB, with json SSO_areaRatios-16.json

2021-04-06 08:46:30,792 - 

Running application application_simulation_SSO-CHB, with json SSO_areaRatios-17.json

2021-04-06 08:46:32,742 - 

Running application application_simulation_SSO-CHB, with json SSO_areaRatios-18.json

2021-04-06 08:46:34,682 - 

Running application application_simulation_SSO-CHB, with json SSO_areaRatios-19.json

2021-04-06 08:46:36,616 - 

Running application application_simulation_SSO-CHB, with json SSO_areaRatios-2.json

2021-04-06 08:46:38,557 - 

Running application application_simulation_SSO-CHB, with json SSO_areaRatios-20.json

2021-04-06 08:46:40,487 - 

Running application application_simulation_SSO-CHB, with json SSO_areaRatios-21.json

2021-04-06 08:46:42,416 - 

Running application application_simulation_SSO-CHB, with json SSO_areaRatios-22.json

2021-04-06 08:46:44,387 - 

Running application application_simulation_SSO-CHB, with json SSO_areaRatios-23.json

2021-04-06 08:46:46,320 - 

Running application application_simulation_SSO-CHB, with json SSO_areaRatios-24.json

2021-04-06 08:46:48,245 - 

Running application application_simulation_SSO-CHB, with json SSO_areaRatios-25.json

2021-04-06 08:46:50,233 - 

Running application application_simulation_SSO-CHB, with json SSO_areaRatios-26.json

2021-04-06 08:46:52,161 - 

Running application application_simulation_SSO-CHB, with json SSO_areaRatios-27.json

2021-04-06 08:46:54,115 - 

Running application application_simulation_SSO-CHB, with json SSO_areaRatios-28.json

2021-04-06 08:46:56,071 - 

Running application application_simulation_SSO-CHB, with json SSO_areaRatios-29.json

2021-04-06 08:46:58,176 - 

Running application application_simulation_SSO-CHB, with json SSO_areaRatios-3.json

2021-04-06 08:47:00,103 - 

Running application application_simulation_SSO-CHB, with json SSO_areaRatios-30.json

2021-04-06 08:47:02,013 - 

Running application application_simulation_SSO-CHB, with json SSO_areaRatios-31.json

2021-04-06 08:47:03,928 - 

Running application application_simulation_SSO-CHB, with json SSO_areaRatios-32.json

2021-04-06 08:47:05,820 - 

Running application application_simulation_SSO-CHB, with json SSO_areaRatios-33.json

2021-04-06 08:47:07,672 - 

Running application application_simulation_SSO-CHB, with json SSO_areaRatios-34.json

2021-04-06 08:47:09,605 - 

Running application application_simulation_SSO-CHB, with json SSO_areaRatios-35.json

2021-04-06 08:47:11,535 - 

Running application application_simulation_SSO-CHB, with json SSO_areaRatios-36.json

2021-04-06 08:47:13,472 - 

Running application application_simulation_SSO-CHB, with json SSO_areaRatios-37.json

2021-04-06 08:47:15,445 - 

Running application application_simulation_SSO-CHB, with json SSO_areaRatios-38.json

2021-04-06 08:47:17,411 - 

Running application application_simulation_SSO-CHB, with json SSO_areaRatios-39.json

2021-04-06 08:47:19,434 - 

Running application application_simulation_SSO-CHB, with json SSO_areaRatios-4.json

2021-04-06 08:47:21,515 - 

Running application application_simulation_SSO-CHB, with json SSO_areaRatios-40.json

2021-04-06 08:47:23,463 - 

Running application application_simulation_SSO-CHB, with json SSO_areaRatios-41.json

2021-04-06 08:47:25,434 - 

Running application application_simulation_SSO-CHB, with json SSO_areaRatios-42.json

2021-04-06 08:47:27,367 - 

Running application application_simulation_SSO-CHB, with json SSO_areaRatios-43.json

2021-04-06 08:47:29,447 - 

Running application application_simulation_SSO-CHB, with json SSO_areaRatios-44.json

2021-04-06 08:47:31,393 - 

Running application application_simulation_SSO-CHB, with json SSO_areaRatios-45.json

2021-04-06 08:47:33,313 - 

Running application application_simulation_SSO-CHB, with json SSO_areaRatios-46.json

2021-04-06 08:47:35,392 - 

Running application application_simulation_SSO-CHB, with json SSO_areaRatios-47.json

2021-04-06 08:47:37,385 - 

Running application application_simulation_SSO-CHB, with json SSO_areaRatios-48.json

2021-04-06 08:47:39,505 - 

Running application application_simulation_SSO-CHB, with json SSO_areaRatios-49.json

2021-04-06 08:47:41,601 - 

Running application application_simulation_SSO-CHB, with json SSO_areaRatios-5.json

2021-04-06 08:47:43,676 - 

Running application application_simulation_SSO-CHB, with json SSO_areaRatios-50.json

2021-04-06 08:47:45,740 - 

Running application application_simulation_SSO-CHB, with json SSO_areaRatios-51.json

2021-04-06 08:47:47,779 - 

Running application application_simulation_SSO-CHB, with json SSO_areaRatios-52.json

2021-04-06 08:47:49,901 - 

Running application application_simulation_SSO-CHB, with json SSO_areaRatios-53.json

2021-04-06 08:47:51,883 - 

Running application application_simulation_SSO-CHB, with json SSO_areaRatios-54.json

2021-04-06 08:47:53,893 - 

Running application application_simulation_SSO-CHB, with json SSO_areaRatios-55.json

2021-04-06 08:47:56,039 - 

Running application application_simulation_SSO-CHB, with json SSO_areaRatios-56.json

2021-04-06 08:47:58,096 - 

Running application application_simulation_SSO-CHB, with json SSO_areaRatios-57.json

2021-04-06 08:48:00,275 - 

Running application application_simulation_SSO-CHB, with json SSO_areaRatios-58.json

2021-04-06 08:48:02,477 - 

Running application application_simulation_SSO-CHB, with json SSO_areaRatios-59.json

2021-04-06 08:48:04,472 - 

Running application application_simulation_SSO-CHB, with json SSO_areaRatios-6.json

2021-04-06 08:48:06,457 - 

Running application application_simulation_SSO-CHB, with json SSO_areaRatios-60.json

2021-04-06 08:48:08,536 - 

Running application application_simulation_SSO-CHB, with json SSO_areaRatios-61.json

2021-04-06 08:48:10,619 - 

Running application application_simulation_SSO-CHB, with json SSO_areaRatios-62.json

2021-04-06 08:48:12,687 - 

Running application application_simulation_SSO-CHB, with json SSO_areaRatios-63.json

2021-04-06 08:48:14,997 - 

Running application application_simulation_SSO-CHB, with json SSO_areaRatios-64.json

2021-04-06 08:48:17,561 - 

Running application application_simulation_SSO-CHB, with json SSO_areaRatios-65.json

2021-04-06 08:48:19,924 - 

Running application application_simulation_SSO-CHB, with json SSO_areaRatios-66.json

2021-04-06 08:48:22,072 - 

Running application application_simulation_SSO-CHB, with json SSO_areaRatios-67.json

2021-04-06 08:48:24,214 - 

Running application application_simulation_SSO-CHB, with json SSO_areaRatios-68.json

2021-04-06 08:48:26,313 - 

Running application application_simulation_SSO-CHB, with json SSO_areaRatios-69.json

2021-04-06 08:48:28,375 - 

Running application application_simulation_SSO-CHB, with json SSO_areaRatios-7.json

2021-04-06 08:48:30,587 - 

Running application application_simulation_SSO-CHB, with json SSO_areaRatios-70.json

2021-04-06 08:48:32,546 - 

Running application application_simulation_SSO-CHB, with json SSO_areaRatios-71.json

2021-04-06 08:48:34,566 - 

Running application application_simulation_SSO-CHB, with json SSO_areaRatios-72.json

2021-04-06 08:48:36,541 - 

Running application application_simulation_SSO-CHB, with json SSO_areaRatios-73.json

2021-04-06 08:48:38,602 - 

Running application application_simulation_SSO-CHB, with json SSO_areaRatios-74.json

2021-04-06 08:48:40,684 - 

Running application application_simulation_SSO-CHB, with json SSO_areaRatios-75.json

2021-04-06 08:48:42,792 - 

Running application application_simulation_SSO-CHB, with json SSO_areaRatios-76.json

2021-04-06 08:48:44,863 - 

Running application application_simulation_SSO-CHB, with json SSO_areaRatios-77.json

2021-04-06 08:48:46,998 - 

Running application application_simulation_SSO-CHB, with json SSO_areaRatios-78.json

2021-04-06 08:48:48,939 - 

Running application application_simulation_SSO-CHB, with json SSO_areaRatios-79.json

2021-04-06 08:48:50,855 - 

Running application application_simulation_SSO-CHB, with json SSO_areaRatios-8.json

2021-04-06 08:48:52,767 - 

Running application application_simulation_SSO-CHB, with json SSO_areaRatios-80.json

2021-04-06 08:48:54,796 - 

Running application application_simulation_SSO-CHB, with json SSO_areaRatios-81.json

2021-04-06 08:48:56,855 - 

Running application application_simulation_SSO-CHB, with json SSO_areaRatios-82.json

2021-04-06 08:48:58,897 - 

Running application application_simulation_SSO-CHB, with json SSO_areaRatios-83.json

2021-04-06 08:49:00,866 - 

Running application application_simulation_SSO-CHB, with json SSO_areaRatios-84.json

2021-04-06 08:49:02,874 - 

Running application application_simulation_SSO-CHB, with json SSO_areaRatios-85.json

2021-04-06 08:49:04,851 - 

Running application application_simulation_SSO-CHB, with json SSO_areaRatios-86.json

2021-04-06 08:49:06,895 - 

Running application application_simulation_SSO-CHB, with json SSO_areaRatios-87.json

2021-04-06 08:49:08,992 - 

Running application application_simulation_SSO-CHB, with json SSO_areaRatios-88.json

2021-04-06 08:49:11,044 - 

Running application application_simulation_SSO-CHB, with json SSO_areaRatios-89.json

2021-04-06 08:49:13,150 - 

Running application application_simulation_SSO-CHB, with json SSO_areaRatios-9.json

2021-04-06 08:49:15,267 - 

Running application application_simulation_SSO-CHB, with json SSO_areaRatios-90.json

2021-04-06 08:49:17,351 - 

Running application application_simulation_SSO-CHB, with json SSO_areaRatios-91.json

2021-04-06 08:49:19,518 - 

Running application application_simulation_SSO-CHB, with json SSO_areaRatios-92.json

2021-04-06 08:49:21,636 - 

Running application application_simulation_SSO-CHB, with json SSO_areaRatios-93.json

2021-04-06 08:49:23,690 - 

Running application application_simulation_SSO-CHB, with json SSO_areaRatios-94.json

2021-04-06 08:49:25,719 - 

Running application application_simulation_SSO-CHB, with json SSO_areaRatios-95.json

2021-04-06 08:49:27,725 - 

Running application application_simulation_SSO-CHB, with json SSO_areaRatios-96.json

2021-04-06 08:49:29,694 - 

Running application application_simulation_SSO-CHB, with json SSO_areaRatios-97.json

2021-04-06 08:49:31,699 - 

Running application application_simulation_SSO-CHB, with json SSO_areaRatios-98.json

2021-04-06 08:49:33,808 - 

Running application application_simulation_SSO-CHB, with json SSO_areaRatios-99.json

2021-04-06 08:49:35,929 - 

Running application application_simulation_SSO-CHB, with json SSO_currents-1.json

2021-04-06 08:49:37,900 - 

Running application application_simulation_SSO-CHB, with json SSO_currents-10.json

2021-04-06 08:49:38,157 - 

Running application application_simulation_SSO-CHB, with json SSO_currents-100.json

2021-04-06 08:49:38,252 - 

Running application application_simulation_SSO-CHB, with json SSO_currents-11.json

2021-04-06 08:49:38,348 - 

Running application application_simulation_SSO-CHB, with json SSO_currents-12.json

2021-04-06 08:49:38,442 - 

Running application application_simulation_SSO-CHB, with json SSO_currents-13.json

2021-04-06 08:49:38,539 - 

Running application application_simulation_SSO-CHB, with json SSO_currents-14.json

2021-04-06 08:49:38,632 - 

Running application application_simulation_SSO-CHB, with json SSO_currents-15.json

2021-04-06 08:49:38,725 - 

Running application application_simulation_SSO-CHB, with json SSO_currents-16.json

2021-04-06 08:49:38,819 - 

Running application application_simulation_SSO-CHB, with json SSO_currents-17.json

2021-04-06 08:49:38,912 - 

Running application application_simulation_SSO-CHB, with json SSO_currents-18.json

2021-04-06 08:49:39,010 - 

Running application application_simulation_SSO-CHB, with json SSO_currents-19.json

2021-04-06 08:49:39,104 - 

Running application application_simulation_SSO-CHB, with json SSO_currents-2.json

2021-04-06 08:49:39,192 - 

Running application application_simulation_SSO-CHB, with json SSO_currents-20.json

2021-04-06 08:49:39,284 - 

Running application application_simulation_SSO-CHB, with json SSO_currents-21.json

2021-04-06 08:49:39,373 - 

Running application application_simulation_SSO-CHB, with json SSO_currents-22.json

2021-04-06 08:49:39,466 - 

Running application application_simulation_SSO-CHB, with json SSO_currents-23.json

2021-04-06 08:49:39,566 - 

Running application application_simulation_SSO-CHB, with json SSO_currents-24.json

2021-04-06 08:49:39,664 - 

Running application application_simulation_SSO-CHB, with json SSO_currents-25.json

2021-04-06 08:49:39,762 - 

Running application application_simulation_SSO-CHB, with json SSO_currents-26.json

2021-04-06 08:49:39,860 - 

Running application application_simulation_SSO-CHB, with json SSO_currents-27.json

2021-04-06 08:49:39,952 - 

Running application application_simulation_SSO-CHB, with json SSO_currents-28.json

2021-04-06 08:49:40,046 - 

Running application application_simulation_SSO-CHB, with json SSO_currents-29.json

2021-04-06 08:49:40,146 - 

Running application application_simulation_SSO-CHB, with json SSO_currents-3.json

2021-04-06 08:49:40,245 - 

Running application application_simulation_SSO-CHB, with json SSO_currents-30.json

2021-04-06 08:49:40,334 - 

Running application application_simulation_SSO-CHB, with json SSO_currents-31.json

2021-04-06 08:49:40,434 - 

Running application application_simulation_SSO-CHB, with json SSO_currents-32.json

2021-04-06 08:49:40,533 - 

Running application application_simulation_SSO-CHB, with json SSO_currents-33.json

2021-04-06 08:49:40,630 - 

Running application application_simulation_SSO-CHB, with json SSO_currents-34.json

2021-04-06 08:49:40,724 - 

Running application application_simulation_SSO-CHB, with json SSO_currents-35.json

2021-04-06 08:49:40,823 - 

Running application application_simulation_SSO-CHB, with json SSO_currents-36.json

2021-04-06 08:49:40,915 - 

Running application application_simulation_SSO-CHB, with json SSO_currents-37.json

2021-04-06 08:49:41,013 - 

Running application application_simulation_SSO-CHB, with json SSO_currents-38.json

2021-04-06 08:49:41,102 - 

Running application application_simulation_SSO-CHB, with json SSO_currents-39.json

2021-04-06 08:49:41,199 - 

Running application application_simulation_SSO-CHB, with json SSO_currents-4.json

2021-04-06 08:49:41,289 - 

Running application application_simulation_SSO-CHB, with json SSO_currents-40.json

2021-04-06 08:49:41,382 - 

Running application application_simulation_SSO-CHB, with json SSO_currents-41.json

2021-04-06 08:49:41,473 - 

Running application application_simulation_SSO-CHB, with json SSO_currents-42.json

2021-04-06 08:49:41,572 - 

Running application application_simulation_SSO-CHB, with json SSO_currents-43.json

2021-04-06 08:49:41,670 - 

Running application application_simulation_SSO-CHB, with json SSO_currents-44.json

2021-04-06 08:49:41,768 - 

Running application application_simulation_SSO-CHB, with json SSO_currents-45.json

2021-04-06 08:49:41,867 - 

Running application application_simulation_SSO-CHB, with json SSO_currents-46.json

2021-04-06 08:49:41,962 - 

Running application application_simulation_SSO-CHB, with json SSO_currents-47.json

2021-04-06 08:49:42,060 - 

Running application application_simulation_SSO-CHB, with json SSO_currents-48.json

2021-04-06 08:49:42,159 - 

Running application application_simulation_SSO-CHB, with json SSO_currents-49.json

2021-04-06 08:49:42,254 - 

Running application application_simulation_SSO-CHB, with json SSO_currents-5.json

2021-04-06 08:49:42,351 - 

Running application application_simulation_SSO-CHB, with json SSO_currents-50.json

2021-04-06 08:49:42,449 - 

Running application application_simulation_SSO-CHB, with json SSO_currents-51.json

2021-04-06 08:49:42,545 - 

Running application application_simulation_SSO-CHB, with json SSO_currents-52.json

2021-04-06 08:49:42,642 - 

Running application application_simulation_SSO-CHB, with json SSO_currents-53.json

2021-04-06 08:49:42,738 - 

Running application application_simulation_SSO-CHB, with json SSO_currents-54.json

2021-04-06 08:49:42,831 - 

Running application application_simulation_SSO-CHB, with json SSO_currents-55.json

2021-04-06 08:49:42,925 - 

Running application application_simulation_SSO-CHB, with json SSO_currents-56.json

2021-04-06 08:49:43,020 - 

Running application application_simulation_SSO-CHB, with json SSO_currents-57.json

2021-04-06 08:49:43,111 - 

Running application application_simulation_SSO-CHB, with json SSO_currents-58.json

2021-04-06 08:49:43,202 - 

Running application application_simulation_SSO-CHB, with json SSO_currents-59.json

2021-04-06 08:49:43,301 - 

Running application application_simulation_SSO-CHB, with json SSO_currents-6.json

2021-04-06 08:49:43,394 - 

Running application application_simulation_SSO-CHB, with json SSO_currents-60.json

2021-04-06 08:49:43,483 - 

Running application application_simulation_SSO-CHB, with json SSO_currents-61.json

2021-04-06 08:49:43,582 - 

Running application application_simulation_SSO-CHB, with json SSO_currents-62.json

2021-04-06 08:49:43,680 - 

Running application application_simulation_SSO-CHB, with json SSO_currents-63.json

2021-04-06 08:49:43,777 - 

Running application application_simulation_SSO-CHB, with json SSO_currents-64.json

2021-04-06 08:49:43,876 - 

Running application application_simulation_SSO-CHB, with json SSO_currents-65.json

2021-04-06 08:49:43,973 - 

Running application application_simulation_SSO-CHB, with json SSO_currents-66.json

2021-04-06 08:49:44,067 - 

Running application application_simulation_SSO-CHB, with json SSO_currents-67.json

2021-04-06 08:49:44,163 - 

Running application application_simulation_SSO-CHB, with json SSO_currents-68.json

2021-04-06 08:49:44,261 - 

Running application application_simulation_SSO-CHB, with json SSO_currents-69.json

2021-04-06 08:49:44,352 - 

Running application application_simulation_SSO-CHB, with json SSO_currents-7.json

2021-04-06 08:49:44,443 - 

Running application application_simulation_SSO-CHB, with json SSO_currents-70.json

2021-04-06 08:49:44,538 - 

Running application application_simulation_SSO-CHB, with json SSO_currents-71.json

2021-04-06 08:49:44,634 - 

Running application application_simulation_SSO-CHB, with json SSO_currents-72.json

2021-04-06 08:49:44,731 - 

Running application application_simulation_SSO-CHB, with json SSO_currents-73.json

2021-04-06 08:49:44,823 - 

Running application application_simulation_SSO-CHB, with json SSO_currents-74.json

2021-04-06 08:49:44,914 - 

Running application application_simulation_SSO-CHB, with json SSO_currents-75.json

2021-04-06 08:49:45,010 - 

Running application application_simulation_SSO-CHB, with json SSO_currents-76.json

2021-04-06 08:49:45,102 - 

Running application application_simulation_SSO-CHB, with json SSO_currents-77.json

2021-04-06 08:49:45,199 - 

Running application application_simulation_SSO-CHB, with json SSO_currents-78.json

2021-04-06 08:49:45,294 - 

Running application application_simulation_SSO-CHB, with json SSO_currents-79.json

2021-04-06 08:49:45,383 - 

Running application application_simulation_SSO-CHB, with json SSO_currents-8.json

2021-04-06 08:49:45,477 - 

Running application application_simulation_SSO-CHB, with json SSO_currents-80.json

2021-04-06 08:49:45,576 - 

Running application application_simulation_SSO-CHB, with json SSO_currents-81.json

2021-04-06 08:49:45,670 - 

Running application application_simulation_SSO-CHB, with json SSO_currents-82.json

2021-04-06 08:49:45,764 - 

Running application application_simulation_SSO-CHB, with json SSO_currents-83.json

2021-04-06 08:49:45,865 - 

Running application application_simulation_SSO-CHB, with json SSO_currents-84.json

2021-04-06 08:49:45,958 - 

Running application application_simulation_SSO-CHB, with json SSO_currents-85.json

2021-04-06 08:49:46,054 - 

Running application application_simulation_SSO-CHB, with json SSO_currents-86.json

2021-04-06 08:49:46,149 - 

Running application application_simulation_SSO-CHB, with json SSO_currents-87.json

2021-04-06 08:49:46,244 - 

Running application application_simulation_SSO-CHB, with json SSO_currents-88.json

2021-04-06 08:49:46,337 - 

Running application application_simulation_SSO-CHB, with json SSO_currents-89.json

2021-04-06 08:49:46,428 - 

Running application application_simulation_SSO-CHB, with json SSO_currents-9.json

2021-04-06 08:49:46,518 - 

Running application application_simulation_SSO-CHB, with json SSO_currents-90.json

2021-04-06 08:49:46,616 - 

Running application application_simulation_SSO-CHB, with json SSO_currents-91.json

2021-04-06 08:49:46,711 - 

Running application application_simulation_SSO-CHB, with json SSO_currents-92.json

2021-04-06 08:49:46,809 - 

Running application application_simulation_SSO-CHB, with json SSO_currents-93.json

2021-04-06 08:49:46,900 - 

Running application application_simulation_SSO-CHB, with json SSO_currents-94.json

2021-04-06 08:49:47,000 - 

Running application application_simulation_SSO-CHB, with json SSO_currents-95.json

2021-04-06 08:49:47,097 - 

Running application application_simulation_SSO-CHB, with json SSO_currents-96.json

2021-04-06 08:49:47,189 - 

Running application application_simulation_SSO-CHB, with json SSO_currents-97.json

2021-04-06 08:49:47,278 - 

Running application application_simulation_SSO-CHB, with json SSO_currents-98.json

2021-04-06 08:49:47,375 - 

Running application application_simulation_SSO-CHB, with json SSO_currents-99.json

2021-04-06 08:49:47,465 - 

Running application application_simulation_SSO-CHB, with json SSO_diameters-1.json

2021-04-06 08:49:49,404 - 

Running application application_simulation_SSO-CHB, with json SSO_diameters-10.json

2021-04-06 08:49:51,442 - 

Running application application_simulation_SSO-CHB, with json SSO_diameters-100.json

2021-04-06 08:49:53,412 - 

Running application application_simulation_SSO-CHB, with json SSO_diameters-11.json

2021-04-06 08:49:55,370 - 

Running application application_simulation_SSO-CHB, with json SSO_diameters-12.json

2021-04-06 08:49:57,352 - 

Running application application_simulation_SSO-CHB, with json SSO_diameters-13.json

2021-04-06 08:49:59,258 - 

Running application application_simulation_SSO-CHB, with json SSO_diameters-14.json

2021-04-06 08:50:01,158 - 

Running application application_simulation_SSO-CHB, with json SSO_diameters-15.json

2021-04-06 08:50:03,150 - 

Running application application_simulation_SSO-CHB, with json SSO_diameters-16.json

2021-04-06 08:50:05,131 - 

Running application application_simulation_SSO-CHB, with json SSO_diameters-17.json

2021-04-06 08:50:07,105 - 

Running application application_simulation_SSO-CHB, with json SSO_diameters-18.json

2021-04-06 08:50:09,052 - 

Running application application_simulation_SSO-CHB, with json SSO_diameters-19.json

2021-04-06 08:50:10,990 - 

Running application application_simulation_SSO-CHB, with json SSO_diameters-2.json

2021-04-06 08:50:13,039 - 

Running application application_simulation_SSO-CHB, with json SSO_diameters-20.json

2021-04-06 08:50:14,950 - 

Running application application_simulation_SSO-CHB, with json SSO_diameters-21.json

2021-04-06 08:50:16,831 - 

Running application application_simulation_SSO-CHB, with json SSO_diameters-22.json

2021-04-06 08:50:18,768 - 

Running application application_simulation_SSO-CHB, with json SSO_diameters-23.json

2021-04-06 08:50:20,681 - 

Running application application_simulation_SSO-CHB, with json SSO_diameters-24.json

2021-04-06 08:50:22,561 - 

Running application application_simulation_SSO-CHB, with json SSO_diameters-25.json

2021-04-06 08:50:24,444 - 

Running application application_simulation_SSO-CHB, with json SSO_diameters-26.json

2021-04-06 08:50:26,377 - 

Running application application_simulation_SSO-CHB, with json SSO_diameters-27.json

2021-04-06 08:50:28,285 - 

Running application application_simulation_SSO-CHB, with json SSO_diameters-28.json

2021-04-06 08:50:30,192 - 

Running application application_simulation_SSO-CHB, with json SSO_diameters-29.json

2021-04-06 08:50:32,156 - 

Running application application_simulation_SSO-CHB, with json SSO_diameters-3.json

2021-04-06 08:50:34,065 - 

Running application application_simulation_SSO-CHB, with json SSO_diameters-30.json

2021-04-06 08:50:35,996 - 

Running application application_simulation_SSO-CHB, with json SSO_diameters-31.json

2021-04-06 08:50:37,921 - 

Running application application_simulation_SSO-CHB, with json SSO_diameters-32.json

2021-04-06 08:50:39,850 - 

Running application application_simulation_SSO-CHB, with json SSO_diameters-33.json

2021-04-06 08:50:41,767 - 

Running application application_simulation_SSO-CHB, with json SSO_diameters-34.json

2021-04-06 08:50:43,653 - 

Running application application_simulation_SSO-CHB, with json SSO_diameters-35.json

2021-04-06 08:50:45,526 - 

Running application application_simulation_SSO-CHB, with json SSO_diameters-36.json

2021-04-06 08:50:47,542 - 

Running application application_simulation_SSO-CHB, with json SSO_diameters-37.json

2021-04-06 08:50:49,456 - 

Running application application_simulation_SSO-CHB, with json SSO_diameters-38.json

2021-04-06 08:50:51,394 - 

Running application application_simulation_SSO-CHB, with json SSO_diameters-39.json

2021-04-06 08:50:53,286 - 

Running application application_simulation_SSO-CHB, with json SSO_diameters-4.json

2021-04-06 08:50:55,292 - 

Running application application_simulation_SSO-CHB, with json SSO_diameters-40.json

2021-04-06 08:50:57,206 - 

Running application application_simulation_SSO-CHB, with json SSO_diameters-41.json

2021-04-06 08:50:59,251 - 

Running application application_simulation_SSO-CHB, with json SSO_diameters-42.json

2021-04-06 08:51:01,203 - 

Running application application_simulation_SSO-CHB, with json SSO_diameters-43.json

2021-04-06 08:51:03,201 - 

Running application application_simulation_SSO-CHB, with json SSO_diameters-44.json

2021-04-06 08:51:05,181 - 

Running application application_simulation_SSO-CHB, with json SSO_diameters-45.json

2021-04-06 08:51:07,222 - 

Running application application_simulation_SSO-CHB, with json SSO_diameters-46.json

2021-04-06 08:51:09,121 - 

Running application application_simulation_SSO-CHB, with json SSO_diameters-47.json

2021-04-06 08:51:11,018 - 

Running application application_simulation_SSO-CHB, with json SSO_diameters-48.json

2021-04-06 08:51:13,040 - 

Running application application_simulation_SSO-CHB, with json SSO_diameters-49.json

2021-04-06 08:51:15,078 - 

Running application application_simulation_SSO-CHB, with json SSO_diameters-5.json

2021-04-06 08:51:17,048 - 

Running application application_simulation_SSO-CHB, with json SSO_diameters-50.json

2021-04-06 08:51:18,986 - 

Running application application_simulation_SSO-CHB, with json SSO_diameters-51.json

2021-04-06 08:51:21,041 - 

Running application application_simulation_SSO-CHB, with json SSO_diameters-52.json

2021-04-06 08:51:23,007 - 

Running application application_simulation_SSO-CHB, with json SSO_diameters-53.json

2021-04-06 08:51:25,059 - 

Running application application_simulation_SSO-CHB, with json SSO_diameters-54.json

2021-04-06 08:51:27,100 - 

Running application application_simulation_SSO-CHB, with json SSO_diameters-55.json

2021-04-06 08:51:29,128 - 

Running application application_simulation_SSO-CHB, with json SSO_diameters-56.json

2021-04-06 08:51:31,059 - 

Running application application_simulation_SSO-CHB, with json SSO_diameters-57.json

2021-04-06 08:51:33,073 - 

Running application application_simulation_SSO-CHB, with json SSO_diameters-58.json

2021-04-06 08:51:35,084 - 

Running application application_simulation_SSO-CHB, with json SSO_diameters-59.json

2021-04-06 08:51:37,264 - 

Running application application_simulation_SSO-CHB, with json SSO_diameters-6.json

2021-04-06 08:51:39,448 - 

Running application application_simulation_SSO-CHB, with json SSO_diameters-60.json

2021-04-06 08:51:41,625 - 

Running application application_simulation_SSO-CHB, with json SSO_diameters-61.json

2021-04-06 08:51:43,682 - 

Running application application_simulation_SSO-CHB, with json SSO_diameters-62.json

2021-04-06 08:51:45,702 - 

Running application application_simulation_SSO-CHB, with json SSO_diameters-63.json

2021-04-06 08:51:47,647 - 

Running application application_simulation_SSO-CHB, with json SSO_diameters-64.json

2021-04-06 08:51:49,580 - 

Running application application_simulation_SSO-CHB, with json SSO_diameters-65.json

2021-04-06 08:51:51,650 - 

Running application application_simulation_SSO-CHB, with json SSO_diameters-66.json

2021-04-06 08:51:53,706 - 

Running application application_simulation_SSO-CHB, with json SSO_diameters-67.json

2021-04-06 08:51:55,755 - 

Running application application_simulation_SSO-CHB, with json SSO_diameters-68.json

2021-04-06 08:51:57,751 - 

Running application application_simulation_SSO-CHB, with json SSO_diameters-69.json

2021-04-06 08:51:59,778 - 

Running application application_simulation_SSO-CHB, with json SSO_diameters-7.json

2021-04-06 08:52:01,862 - 

Running application application_simulation_SSO-CHB, with json SSO_diameters-70.json

2021-04-06 08:52:03,853 - 

Running application application_simulation_SSO-CHB, with json SSO_diameters-71.json

2021-04-06 08:52:05,800 - 

Running application application_simulation_SSO-CHB, with json SSO_diameters-72.json

2021-04-06 08:52:07,974 - 

Running application application_simulation_SSO-CHB, with json SSO_diameters-73.json

2021-04-06 08:52:10,198 - 

Running application application_simulation_SSO-CHB, with json SSO_diameters-74.json

2021-04-06 08:52:12,321 - 

Running application application_simulation_SSO-CHB, with json SSO_diameters-75.json

2021-04-06 08:52:14,495 - 

Running application application_simulation_SSO-CHB, with json SSO_diameters-76.json

2021-04-06 08:52:16,580 - 

Running application application_simulation_SSO-CHB, with json SSO_diameters-77.json

2021-04-06 08:52:18,821 - 

Running application application_simulation_SSO-CHB, with json SSO_diameters-78.json

2021-04-06 08:52:20,858 - 

Running application application_simulation_SSO-CHB, with json SSO_diameters-79.json

2021-04-06 08:52:22,868 - 

Running application application_simulation_SSO-CHB, with json SSO_diameters-8.json

2021-04-06 08:52:25,092 - 

Running application application_simulation_SSO-CHB, with json SSO_diameters-80.json

2021-04-06 08:52:27,284 - 

Running application application_simulation_SSO-CHB, with json SSO_diameters-81.json

2021-04-06 08:52:29,450 - 

Running application application_simulation_SSO-CHB, with json SSO_diameters-82.json

2021-04-06 08:52:31,711 - 

Running application application_simulation_SSO-CHB, with json SSO_diameters-83.json

2021-04-06 08:52:33,758 - 

Running application application_simulation_SSO-CHB, with json SSO_diameters-84.json

2021-04-06 08:52:35,706 - 

Running application application_simulation_SSO-CHB, with json SSO_diameters-85.json

2021-04-06 08:52:37,877 - 

Running application application_simulation_SSO-CHB, with json SSO_diameters-86.json

2021-04-06 08:52:40,018 - 

Running application application_simulation_SSO-CHB, with json SSO_diameters-87.json

2021-04-06 08:52:42,154 - 

Running application application_simulation_SSO-CHB, with json SSO_diameters-88.json

2021-04-06 08:52:44,299 - 

Running application application_simulation_SSO-CHB, with json SSO_diameters-89.json

2021-04-06 08:52:46,379 - 

Running application application_simulation_SSO-CHB, with json SSO_diameters-9.json

2021-04-06 08:52:48,398 - 

Running application application_simulation_SSO-CHB, with json SSO_diameters-90.json

2021-04-06 08:52:50,589 - 

Running application application_simulation_SSO-CHB, with json SSO_diameters-91.json

2021-04-06 08:52:52,697 - 

Running application application_simulation_SSO-CHB, with json SSO_diameters-92.json

2021-04-06 08:52:54,827 - 

Running application application_simulation_SSO-CHB, with json SSO_diameters-93.json

2021-04-06 08:52:56,866 - 

Running application application_simulation_SSO-CHB, with json SSO_diameters-94.json

2021-04-06 08:52:58,959 - 

Running application application_simulation_SSO-CHB, with json SSO_diameters-95.json

2021-04-06 08:53:01,106 - 

Running application application_simulation_SSO-CHB, with json SSO_diameters-96.json

2021-04-06 08:53:03,184 - 

Running application application_simulation_SSO-CHB, with json SSO_diameters-97.json

2021-04-06 08:53:05,259 - 

Running application application_simulation_SSO-CHB, with json SSO_diameters-98.json

2021-04-06 08:53:07,279 - 

Running application application_simulation_SSO-CHB, with json SSO_diameters-99.json

2021-04-06 08:53:09,424 - 

Running application application_simulation_SSO-CHB, with json SSO_endmassMasses-1.json

2021-04-06 08:53:11,414 - 

Running application application_simulation_SSO-CHB, with json SSO_endmassMasses-10.json

2021-04-06 08:53:13,360 - 

Running application application_simulation_SSO-CHB, with json SSO_endmassMasses-2.json

2021-04-06 08:53:15,309 - 

Running application application_simulation_SSO-CHB, with json SSO_endmassMasses-3.json

2021-04-06 08:53:17,230 - 

Running application application_simulation_SSO-CHB, with json SSO_endmassMasses-4.json

2021-04-06 08:53:19,147 - 

Running application application_simulation_SSO-CHB, with json SSO_endmassMasses-5.json

2021-04-06 08:53:21,144 - 

Running application application_simulation_SSO-CHB, with json SSO_endmassMasses-6.json

2021-04-06 08:53:23,076 - 

Running application application_simulation_SSO-CHB, with json SSO_endmassMasses-7.json

2021-04-06 08:53:25,014 - 

Running application application_simulation_SSO-CHB, with json SSO_endmassMasses-8.json

2021-04-06 08:53:27,233 - 

Running application application_simulation_SSO-CHB, with json SSO_endmassMasses-9.json

2021-04-06 08:53:29,271 - 

Running application application_simulation_SSO-CHB, with json SSO_lengthRatios-1.json

2021-04-06 08:53:31,323 - 

Running application application_simulation_SSO-CHB, with json SSO_lengthRatios-10.json

2021-04-06 08:53:33,267 - 

Running application application_simulation_SSO-CHB, with json SSO_lengthRatios-2.json

2021-04-06 08:53:35,261 - 

Running application application_simulation_SSO-CHB, with json SSO_lengthRatios-3.json

2021-04-06 08:53:37,227 - 

Running application application_simulation_SSO-CHB, with json SSO_lengthRatios-4.json

2021-04-06 08:53:39,153 - 

Running application application_simulation_SSO-CHB, with json SSO_lengthRatios-5.json

2021-04-06 08:53:41,146 - 

Running application application_simulation_SSO-CHB, with json SSO_lengthRatios-6.json

2021-04-06 08:53:43,177 - 

Running application application_simulation_SSO-CHB, with json SSO_lengthRatios-7.json

2021-04-06 08:53:45,201 - 

Running application application_simulation_SSO-CHB, with json SSO_lengthRatios-8.json

2021-04-06 08:53:47,233 - 

Running application application_simulation_SSO-CHB, with json SSO_lengthRatios-9.json

2021-04-06 08:53:49,244 - 

Running application application_simulation_SSO-CHB, with json SSO_lengths-1.json

2021-04-06 08:53:49,354 - 

Running application application_simulation_SSO-CHB, with json SSO_lengths-10.json

2021-04-06 08:53:49,457 - 

Running application application_simulation_SSO-CHB, with json SSO_lengths-100.json

2021-04-06 08:53:49,561 - 

Running application application_simulation_SSO-CHB, with json SSO_lengths-11.json

2021-04-06 08:53:49,656 - 

Running application application_simulation_SSO-CHB, with json SSO_lengths-12.json

2021-04-06 08:53:49,753 - 

Running application application_simulation_SSO-CHB, with json SSO_lengths-13.json

2021-04-06 08:53:49,846 - 

Running application application_simulation_SSO-CHB, with json SSO_lengths-14.json

2021-04-06 08:53:49,938 - 

Running application application_simulation_SSO-CHB, with json SSO_lengths-15.json

2021-04-06 08:53:50,036 - 

Running application application_simulation_SSO-CHB, with json SSO_lengths-16.json

2021-04-06 08:53:50,133 - 

Running application application_simulation_SSO-CHB, with json SSO_lengths-17.json

2021-04-06 08:53:50,226 - 

Running application application_simulation_SSO-CHB, with json SSO_lengths-18.json

2021-04-06 08:53:50,329 - 

Running application application_simulation_SSO-CHB, with json SSO_lengths-19.json

2021-04-06 08:53:50,427 - 

Running application application_simulation_SSO-CHB, with json SSO_lengths-2.json

2021-04-06 08:53:50,522 - 

Running application application_simulation_SSO-CHB, with json SSO_lengths-20.json

2021-04-06 08:53:50,626 - 

Running application application_simulation_SSO-CHB, with json SSO_lengths-21.json

2021-04-06 08:53:50,723 - 

Running application application_simulation_SSO-CHB, with json SSO_lengths-22.json

2021-04-06 08:53:50,817 - 

Running application application_simulation_SSO-CHB, with json SSO_lengths-23.json

2021-04-06 08:53:50,918 - 

Running application application_simulation_SSO-CHB, with json SSO_lengths-24.json

2021-04-06 08:53:51,023 - 

Running application application_simulation_SSO-CHB, with json SSO_lengths-25.json

2021-04-06 08:53:51,119 - 

Running application application_simulation_SSO-CHB, with json SSO_lengths-26.json

2021-04-06 08:53:51,212 - 

Running application application_simulation_SSO-CHB, with json SSO_lengths-27.json

2021-04-06 08:53:51,311 - 

Running application application_simulation_SSO-CHB, with json SSO_lengths-28.json

2021-04-06 08:53:51,414 - 

Running application application_simulation_SSO-CHB, with json SSO_lengths-29.json

2021-04-06 08:53:51,506 - 

Running application application_simulation_SSO-CHB, with json SSO_lengths-3.json

2021-04-06 08:53:51,598 - 

Running application application_simulation_SSO-CHB, with json SSO_lengths-30.json

2021-04-06 08:53:51,693 - 

Running application application_simulation_SSO-CHB, with json SSO_lengths-31.json

2021-04-06 08:53:51,787 - 

Running application application_simulation_SSO-CHB, with json SSO_lengths-32.json

2021-04-06 08:53:51,886 - 

Running application application_simulation_SSO-CHB, with json SSO_lengths-33.json

2021-04-06 08:53:51,986 - 

Running application application_simulation_SSO-CHB, with json SSO_lengths-34.json

2021-04-06 08:53:52,085 - 

Running application application_simulation_SSO-CHB, with json SSO_lengths-35.json

2021-04-06 08:53:52,184 - 

Running application application_simulation_SSO-CHB, with json SSO_lengths-36.json

2021-04-06 08:53:52,289 - 

Running application application_simulation_SSO-CHB, with json SSO_lengths-37.json

2021-04-06 08:53:52,381 - 

Running application application_simulation_SSO-CHB, with json SSO_lengths-38.json

2021-04-06 08:53:52,477 - 

Running application application_simulation_SSO-CHB, with json SSO_lengths-39.json

2021-04-06 08:53:52,575 - 

Running application application_simulation_SSO-CHB, with json SSO_lengths-4.json

2021-04-06 08:53:52,673 - 

Running application application_simulation_SSO-CHB, with json SSO_lengths-40.json

2021-04-06 08:53:52,771 - 

Running application application_simulation_SSO-CHB, with json SSO_lengths-41.json

2021-04-06 08:53:52,867 - 

Running application application_simulation_SSO-CHB, with json SSO_lengths-42.json

2021-04-06 08:53:52,970 - 

Running application application_simulation_SSO-CHB, with json SSO_lengths-43.json

2021-04-06 08:53:53,071 - 

Running application application_simulation_SSO-CHB, with json SSO_lengths-44.json

2021-04-06 08:53:53,175 - 

Running application application_simulation_SSO-CHB, with json SSO_lengths-45.json

2021-04-06 08:53:53,267 - 

Running application application_simulation_SSO-CHB, with json SSO_lengths-46.json

2021-04-06 08:53:53,371 - 

Running application application_simulation_SSO-CHB, with json SSO_lengths-47.json

2021-04-06 08:53:53,467 - 

Running application application_simulation_SSO-CHB, with json SSO_lengths-48.json

2021-04-06 08:53:53,567 - 

Running application application_simulation_SSO-CHB, with json SSO_lengths-49.json

2021-04-06 08:53:53,665 - 

Running application application_simulation_SSO-CHB, with json SSO_lengths-5.json

2021-04-06 08:53:53,756 - 

Running application application_simulation_SSO-CHB, with json SSO_lengths-50.json

2021-04-06 08:53:53,848 - 

Running application application_simulation_SSO-CHB, with json SSO_lengths-51.json

2021-04-06 08:53:53,951 - 

Running application application_simulation_SSO-CHB, with json SSO_lengths-52.json

2021-04-06 08:53:54,042 - 

Running application application_simulation_SSO-CHB, with json SSO_lengths-53.json

2021-04-06 08:53:54,141 - 

Running application application_simulation_SSO-CHB, with json SSO_lengths-54.json

2021-04-06 08:53:54,233 - 

Running application application_simulation_SSO-CHB, with json SSO_lengths-55.json

2021-04-06 08:53:54,333 - 

Running application application_simulation_SSO-CHB, with json SSO_lengths-56.json

2021-04-06 08:53:54,428 - 

Running application application_simulation_SSO-CHB, with json SSO_lengths-57.json

2021-04-06 08:53:54,527 - 

Running application application_simulation_SSO-CHB, with json SSO_lengths-58.json

2021-04-06 08:53:54,625 - 

Running application application_simulation_SSO-CHB, with json SSO_lengths-59.json

2021-04-06 08:53:54,715 - 

Running application application_simulation_SSO-CHB, with json SSO_lengths-6.json

2021-04-06 08:53:54,806 - 

Running application application_simulation_SSO-CHB, with json SSO_lengths-60.json

2021-04-06 08:53:54,905 - 

Running application application_simulation_SSO-CHB, with json SSO_lengths-61.json

2021-04-06 08:53:55,001 - 

Running application application_simulation_SSO-CHB, with json SSO_lengths-62.json

2021-04-06 08:53:55,102 - 

Running application application_simulation_SSO-CHB, with json SSO_lengths-63.json

2021-04-06 08:53:55,192 - 

Running application application_simulation_SSO-CHB, with json SSO_lengths-64.json

2021-04-06 08:53:55,290 - 

Running application application_simulation_SSO-CHB, with json SSO_lengths-65.json

2021-04-06 08:53:55,389 - 

Running application application_simulation_SSO-CHB, with json SSO_lengths-66.json

2021-04-06 08:53:55,484 - 

Running application application_simulation_SSO-CHB, with json SSO_lengths-67.json

2021-04-06 08:53:55,577 - 

Running application application_simulation_SSO-CHB, with json SSO_lengths-68.json

2021-04-06 08:53:55,676 - 

Running application application_simulation_SSO-CHB, with json SSO_lengths-69.json

2021-04-06 08:53:55,780 - 

Running application application_simulation_SSO-CHB, with json SSO_lengths-7.json

2021-04-06 08:53:55,877 - 

Running application application_simulation_SSO-CHB, with json SSO_lengths-70.json

2021-04-06 08:53:55,983 - 

Running application application_simulation_SSO-CHB, with json SSO_lengths-71.json

2021-04-06 08:53:56,078 - 

Running application application_simulation_SSO-CHB, with json SSO_lengths-72.json

2021-04-06 08:53:56,176 - 

Running application application_simulation_SSO-CHB, with json SSO_lengths-73.json

2021-04-06 08:53:56,272 - 

Running application application_simulation_SSO-CHB, with json SSO_lengths-74.json

2021-04-06 08:53:56,371 - 

Running application application_simulation_SSO-CHB, with json SSO_lengths-75.json

2021-04-06 08:53:56,466 - 

Running application application_simulation_SSO-CHB, with json SSO_lengths-76.json

2021-04-06 08:53:56,563 - 

Running application application_simulation_SSO-CHB, with json SSO_lengths-77.json

2021-04-06 08:53:56,664 - 

Running application application_simulation_SSO-CHB, with json SSO_lengths-78.json

2021-04-06 08:53:56,758 - 

Running application application_simulation_SSO-CHB, with json SSO_lengths-79.json

2021-04-06 08:53:56,857 - 

Running application application_simulation_SSO-CHB, with json SSO_lengths-8.json

2021-04-06 08:53:56,963 - 

Running application application_simulation_SSO-CHB, with json SSO_lengths-80.json

2021-04-06 08:53:57,066 - 

Running application application_simulation_SSO-CHB, with json SSO_lengths-81.json

2021-04-06 08:53:57,168 - 

Running application application_simulation_SSO-CHB, with json SSO_lengths-82.json

2021-04-06 08:53:57,266 - 

Running application application_simulation_SSO-CHB, with json SSO_lengths-83.json

2021-04-06 08:53:57,366 - 

Running application application_simulation_SSO-CHB, with json SSO_lengths-84.json

2021-04-06 08:53:57,470 - 

Running application application_simulation_SSO-CHB, with json SSO_lengths-85.json

2021-04-06 08:53:57,567 - 

Running application application_simulation_SSO-CHB, with json SSO_lengths-86.json

2021-04-06 08:53:57,658 - 

Running application application_simulation_SSO-CHB, with json SSO_lengths-87.json

2021-04-06 08:53:57,762 - 

Running application application_simulation_SSO-CHB, with json SSO_lengths-88.json

2021-04-06 08:53:57,864 - 

Running application application_simulation_SSO-CHB, with json SSO_lengths-89.json

2021-04-06 08:53:57,960 - 

Running application application_simulation_SSO-CHB, with json SSO_lengths-9.json

2021-04-06 08:53:58,059 - 

Running application application_simulation_SSO-CHB, with json SSO_lengths-90.json

2021-04-06 08:53:58,155 - 

Running application application_simulation_SSO-CHB, with json SSO_lengths-91.json

2021-04-06 08:53:58,251 - 

Running application application_simulation_SSO-CHB, with json SSO_lengths-92.json

2021-04-06 08:53:58,348 - 

Running application application_simulation_SSO-CHB, with json SSO_lengths-93.json

2021-04-06 08:53:58,443 - 

Running application application_simulation_SSO-CHB, with json SSO_lengths-94.json

2021-04-06 08:53:58,540 - 

Running application application_simulation_SSO-CHB, with json SSO_lengths-95.json

2021-04-06 08:53:58,656 - 

Running application application_simulation_SSO-CHB, with json SSO_lengths-96.json

2021-04-06 08:53:58,753 - 

Running application application_simulation_SSO-CHB, with json SSO_lengths-97.json

2021-04-06 08:53:58,852 - 

Running application application_simulation_SSO-CHB, with json SSO_lengths-98.json

2021-04-06 08:53:58,950 - 

Running application application_simulation_SSO-CHB, with json SSO_lengths-99.json

2021-04-06 08:53:59,049 - 

Running application application_simulation_SSO-CHB, with json SSO_lineSeparationCoefficients-1.json

2021-04-06 08:54:01,123 - 

Running application application_simulation_SSO-CHB, with json SSO_lineSeparationCoefficients-10.json

2021-04-06 08:54:03,193 - 

Running application application_simulation_SSO-CHB, with json SSO_lineSeparationCoefficients-2.json

2021-04-06 08:54:05,287 - 

Running application application_simulation_SSO-CHB, with json SSO_lineSeparationCoefficients-3.json

2021-04-06 08:54:07,387 - 

Running application application_simulation_SSO-CHB, with json SSO_lineSeparationCoefficients-4.json

2021-04-06 08:54:09,411 - 

Running application application_simulation_SSO-CHB, with json SSO_lineSeparationCoefficients-5.json

2021-04-06 08:54:11,421 - 

Running application application_simulation_SSO-CHB, with json SSO_lineSeparationCoefficients-6.json

2021-04-06 08:54:13,360 - 

Running application application_simulation_SSO-CHB, with json SSO_lineSeparationCoefficients-7.json

2021-04-06 08:54:15,366 - 

Running application application_simulation_SSO-CHB, with json SSO_lineSeparationCoefficients-8.json

2021-04-06 08:54:17,307 - 

Running application application_simulation_SSO-CHB, with json SSO_lineSeparationCoefficients-9.json

2021-04-06 08:54:19,262 - 

Running application application_simulation_SSO-CHB, with json SSO_noLines-1.json

2021-04-06 08:54:21,355 - 

Running application application_simulation_SSO-CHB, with json SSO_noLines-10.json

2021-04-06 08:54:23,375 - 

Running application application_simulation_SSO-CHB, with json SSO_noLines-2.json

2021-04-06 08:54:25,399 - 

Running application application_simulation_SSO-CHB, with json SSO_noLines-3.json

2021-04-06 08:54:27,432 - 

Running application application_simulation_SSO-CHB, with json SSO_noLines-4.json

2021-04-06 08:54:29,429 - 

Running application application_simulation_SSO-CHB, with json SSO_noLines-5.json

2021-04-06 08:54:31,471 - 

Running application application_simulation_SSO-CHB, with json SSO_noLines-6.json

2021-04-06 08:54:33,566 - 

Running application application_simulation_SSO-CHB, with json SSO_noLines-7.json

2021-04-06 08:54:35,613 - 

Running application application_simulation_SSO-CHB, with json SSO_noLines-8.json

2021-04-06 08:54:37,646 - 

Running application application_simulation_SSO-CHB, with json SSO_noLines-9.json

2021-04-06 08:54:39,677 - 

Running application application_simulation_SSO-CHB, with json SSO_occultationCoefficients-1.json

2021-04-06 08:54:41,652 - 

Running application application_simulation_SSO-CHB, with json SSO_occultationCoefficients-10.json

2021-04-06 08:54:43,624 - 

Running application application_simulation_SSO-CHB, with json SSO_occultationCoefficients-2.json

2021-04-06 08:54:45,596 - 

Running application application_simulation_SSO-CHB, with json SSO_occultationCoefficients-3.json

2021-04-06 08:54:47,560 - 

Running application application_simulation_SSO-CHB, with json SSO_occultationCoefficients-4.json

2021-04-06 08:54:49,516 - 

Running application application_simulation_SSO-CHB, with json SSO_occultationCoefficients-5.json

2021-04-06 08:54:51,460 - 

Running application application_simulation_SSO-CHB, with json SSO_occultationCoefficients-6.json

2021-04-06 08:54:53,422 - 

Running application application_simulation_SSO-CHB, with json SSO_occultationCoefficients-7.json

2021-04-06 08:54:55,478 - 

Running application application_simulation_SSO-CHB, with json SSO_occultationCoefficients-8.json

2021-04-06 08:54:57,448 - 

Running application application_simulation_SSO-CHB, with json SSO_occultationCoefficients-9.json

2021-04-06 08:54:59,406 - 

Running application application_simulation_SSO-CHB, with json SSO_slackCoefficients-1.json

2021-04-06 08:55:01,488 - 

Running application application_simulation_SSO-CHB, with json SSO_slackCoefficients-10.json

2021-04-06 08:55:03,484 - 

Running application application_simulation_SSO-CHB, with json SSO_slackCoefficients-2.json

2021-04-06 08:55:05,423 - 

Running application application_simulation_SSO-CHB, with json SSO_slackCoefficients-3.json

2021-04-06 08:55:07,414 - 

Running application application_simulation_SSO-CHB, with json SSO_slackCoefficients-4.json

2021-04-06 08:55:09,446 - 

Running application application_simulation_SSO-CHB, with json SSO_slackCoefficients-5.json

2021-04-06 08:55:11,515 - 

Running application application_simulation_SSO-CHB, with json SSO_slackCoefficients-6.json

2021-04-06 08:55:13,455 - 

Running application application_simulation_SSO-CHB, with json SSO_slackCoefficients-7.json

2021-04-06 08:55:15,348 - 

Running application application_simulation_SSO-CHB, with json SSO_slackCoefficients-8.json

2021-04-06 08:55:17,324 - 

Running application application_simulation_SSO-CHB, with json SSO_slackCoefficients-9.json

