2021-05-11 10:57:23,064 - 

Running application application_simulation_SSO-CHB, with json SSO_Base.json

2021-05-11 10:57:25,062 - 

Running application application_simulation_SSO-CHB, with json SSO_areaRatios-1.json

2021-05-11 10:57:27,089 - 

Running application application_simulation_SSO-CHB, with json SSO_areaRatios-2.json

2021-05-11 10:57:29,009 - 

Running application application_simulation_SSO-CHB, with json SSO_areaRatios-3.json

2021-05-11 10:57:31,103 - 

Running application application_simulation_SSO-CHB, with json SSO_areaRatios-4.json

2021-05-11 10:57:33,129 - 

Running application application_simulation_SSO-CHB, with json SSO_areaRatios-5.json

2021-05-11 10:57:35,122 - 

Running application application_simulation_SSO-CHB, with json SSO_areaRatios-6.json

2021-05-11 10:57:37,152 - 

Running application application_simulation_SSO-CHB, with json SSO_areaRatios-7.json

2021-05-11 10:57:39,045 - 

Running application application_simulation_SSO-CHB, with json SSO_areaRatios-8.json

2021-05-11 10:57:40,957 - 

Running application application_simulation_SSO-CHB, with json SSO_areaRatios-9.json

2021-05-11 10:57:42,880 - 

Running application application_simulation_SSO-CHB, with json SSO_areaRatios-10.json

2021-05-11 10:57:44,901 - 

Running application application_simulation_SSO-CHB, with json SSO_areaRatios-11.json

2021-05-11 10:57:46,844 - 

Running application application_simulation_SSO-CHB, with json SSO_areaRatios-12.json

2021-05-11 10:57:48,807 - 

Running application application_simulation_SSO-CHB, with json SSO_areaRatios-13.json

2021-05-11 10:57:50,805 - 

Running application application_simulation_SSO-CHB, with json SSO_areaRatios-14.json

2021-05-11 10:57:52,747 - 

Running application application_simulation_SSO-CHB, with json SSO_areaRatios-15.json

2021-05-11 10:57:54,713 - 

Running application application_simulation_SSO-CHB, with json SSO_areaRatios-16.json

2021-05-11 10:57:56,755 - 

Running application application_simulation_SSO-CHB, with json SSO_areaRatios-17.json

2021-05-11 10:57:58,714 - 

Running application application_simulation_SSO-CHB, with json SSO_areaRatios-18.json

2021-05-11 10:58:00,654 - 

Running application application_simulation_SSO-CHB, with json SSO_areaRatios-19.json

2021-05-11 10:58:02,582 - 

Running application application_simulation_SSO-CHB, with json SSO_areaRatios-20.json

2021-05-11 10:58:04,497 - 

Running application application_simulation_SSO-CHB, with json SSO_currents-1.json

2021-05-11 10:58:06,462 - 

Running application application_simulation_SSO-CHB, with json SSO_currents-2.json

2021-05-11 10:58:08,455 - 

Running application application_simulation_SSO-CHB, with json SSO_currents-3.json

2021-05-11 10:58:10,831 - 

Running application application_simulation_SSO-CHB, with json SSO_currents-4.json

2021-05-11 10:58:12,943 - 

Running application application_simulation_SSO-CHB, with json SSO_currents-5.json

2021-05-11 10:58:14,915 - 

Running application application_simulation_SSO-CHB, with json SSO_currents-6.json

2021-05-11 10:58:16,825 - 

Running application application_simulation_SSO-CHB, with json SSO_currents-7.json

2021-05-11 10:58:18,788 - 

Running application application_simulation_SSO-CHB, with json SSO_currents-8.json

2021-05-11 10:58:20,741 - 

Running application application_simulation_SSO-CHB, with json SSO_currents-9.json

2021-05-11 10:58:22,798 - 

Running application application_simulation_SSO-CHB, with json SSO_currents-10.json

2021-05-11 10:58:24,862 - 

Running application application_simulation_SSO-CHB, with json SSO_currents-11.json

2021-05-11 10:58:26,954 - 

Running application application_simulation_SSO-CHB, with json SSO_currents-12.json

2021-05-11 10:58:28,937 - 

Running application application_simulation_SSO-CHB, with json SSO_currents-13.json

2021-05-11 10:58:30,842 - 

Running application application_simulation_SSO-CHB, with json SSO_currents-14.json

2021-05-11 10:58:32,784 - 

Running application application_simulation_SSO-CHB, with json SSO_currents-15.json

2021-05-11 10:58:34,724 - 

Running application application_simulation_SSO-CHB, with json SSO_currents-16.json

2021-05-11 10:58:36,662 - 

Running application application_simulation_SSO-CHB, with json SSO_currents-17.json

2021-05-11 10:58:38,638 - 

Running application application_simulation_SSO-CHB, with json SSO_currents-18.json

2021-05-11 10:58:40,740 - 

Running application application_simulation_SSO-CHB, with json SSO_currents-19.json

2021-05-11 10:58:42,886 - 

Running application application_simulation_SSO-CHB, with json SSO_currents-20.json

2021-05-11 10:58:44,819 - 

Running application application_simulation_SSO-CHB, with json SSO_diameters-1.json

2021-05-11 10:58:46,714 - 

Running application application_simulation_SSO-CHB, with json SSO_diameters-2.json

2021-05-11 10:58:48,637 - 

Running application application_simulation_SSO-CHB, with json SSO_diameters-3.json

2021-05-11 10:58:50,654 - 

Running application application_simulation_SSO-CHB, with json SSO_diameters-4.json

2021-05-11 10:58:52,600 - 

Running application application_simulation_SSO-CHB, with json SSO_diameters-5.json

2021-05-11 10:58:54,509 - 

Running application application_simulation_SSO-CHB, with json SSO_diameters-6.json

2021-05-11 10:58:56,493 - 

Running application application_simulation_SSO-CHB, with json SSO_diameters-7.json

2021-05-11 10:58:58,436 - 

Running application application_simulation_SSO-CHB, with json SSO_diameters-8.json

2021-05-11 10:59:00,319 - 

Running application application_simulation_SSO-CHB, with json SSO_diameters-9.json

2021-05-11 10:59:02,220 - 

Running application application_simulation_SSO-CHB, with json SSO_diameters-10.json

2021-05-11 10:59:04,391 - 

Running application application_simulation_SSO-CHB, with json SSO_diameters-11.json

2021-05-11 10:59:06,360 - 

Running application application_simulation_SSO-CHB, with json SSO_diameters-12.json

2021-05-11 10:59:08,377 - 

Running application application_simulation_SSO-CHB, with json SSO_diameters-13.json

2021-05-11 10:59:10,278 - 

Running application application_simulation_SSO-CHB, with json SSO_diameters-14.json

2021-05-11 10:59:12,252 - 

Running application application_simulation_SSO-CHB, with json SSO_diameters-15.json

2021-05-11 10:59:14,205 - 

Running application application_simulation_SSO-CHB, with json SSO_diameters-16.json

2021-05-11 10:59:16,183 - 

Running application application_simulation_SSO-CHB, with json SSO_diameters-17.json

2021-05-11 10:59:18,119 - 

Running application application_simulation_SSO-CHB, with json SSO_diameters-18.json

2021-05-11 10:59:20,045 - 

Running application application_simulation_SSO-CHB, with json SSO_diameters-19.json

2021-05-11 10:59:22,019 - 

Running application application_simulation_SSO-CHB, with json SSO_diameters-20.json

2021-05-11 10:59:23,939 - 

Running application application_simulation_SSO-CHB, with json SSO_endmassMasses-1.json

2021-05-11 10:59:25,888 - 

Running application application_simulation_SSO-CHB, with json SSO_endmassMasses-2.json

2021-05-11 10:59:27,798 - 

Running application application_simulation_SSO-CHB, with json SSO_endmassMasses-3.json

2021-05-11 10:59:29,707 - 

Running application application_simulation_SSO-CHB, with json SSO_endmassMasses-4.json

2021-05-11 10:59:31,609 - 

Running application application_simulation_SSO-CHB, with json SSO_endmassMasses-5.json

2021-05-11 10:59:33,635 - 

Running application application_simulation_SSO-CHB, with json SSO_endmassMasses-6.json

2021-05-11 10:59:35,559 - 

Running application application_simulation_SSO-CHB, with json SSO_endmassMasses-7.json

2021-05-11 10:59:37,512 - 

Running application application_simulation_SSO-CHB, with json SSO_endmassMasses-8.json

2021-05-11 10:59:39,460 - 

Running application application_simulation_SSO-CHB, with json SSO_endmassMasses-9.json

2021-05-11 10:59:41,427 - 

Running application application_simulation_SSO-CHB, with json SSO_endmassMasses-10.json

2021-05-11 10:59:43,326 - 

Running application application_simulation_SSO-CHB, with json SSO_lengthRatios-1.json

2021-05-11 10:59:43,353 - 

Running application application_simulation_SSO-CHB, with json SSO_lengthRatios-2.json

2021-05-11 10:59:45,316 - 

Running application application_simulation_SSO-CHB, with json SSO_lengthRatios-3.json

2021-05-11 10:59:47,430 - 

Running application application_simulation_SSO-CHB, with json SSO_lengthRatios-4.json

2021-05-11 10:59:49,451 - 

Running application application_simulation_SSO-CHB, with json SSO_lengthRatios-5.json

2021-05-11 10:59:51,534 - 

Running application application_simulation_SSO-CHB, with json SSO_lengthRatios-6.json

2021-05-11 10:59:53,501 - 

Running application application_simulation_SSO-CHB, with json SSO_lengthRatios-7.json

2021-05-11 10:59:55,430 - 

Running application application_simulation_SSO-CHB, with json SSO_lengthRatios-8.json

2021-05-11 10:59:57,537 - 

Running application application_simulation_SSO-CHB, with json SSO_lengthRatios-9.json

2021-05-11 10:59:59,813 - 

Running application application_simulation_SSO-CHB, with json SSO_lengthRatios-10.json

2021-05-11 11:00:01,740 - 

Running application application_simulation_SSO-CHB, with json SSO_lengths-1.json

2021-05-11 11:00:03,702 - 

Running application application_simulation_SSO-CHB, with json SSO_lengths-2.json

2021-05-11 11:00:05,633 - 

Running application application_simulation_SSO-CHB, with json SSO_lengths-3.json

2021-05-11 11:00:07,650 - 

Running application application_simulation_SSO-CHB, with json SSO_lengths-4.json

2021-05-11 11:00:09,603 - 

Running application application_simulation_SSO-CHB, with json SSO_lengths-5.json

2021-05-11 11:00:11,573 - 

Running application application_simulation_SSO-CHB, with json SSO_lengths-6.json

2021-05-11 11:00:13,488 - 

Running application application_simulation_SSO-CHB, with json SSO_lengths-7.json

2021-05-11 11:00:15,549 - 

Running application application_simulation_SSO-CHB, with json SSO_lengths-8.json

2021-05-11 11:00:17,482 - 

Running application application_simulation_SSO-CHB, with json SSO_lengths-9.json

2021-05-11 11:00:19,452 - 

Running application application_simulation_SSO-CHB, with json SSO_lengths-10.json

2021-05-11 11:00:21,400 - 

Running application application_simulation_SSO-CHB, with json SSO_lengths-11.json

2021-05-11 11:00:23,363 - 

Running application application_simulation_SSO-CHB, with json SSO_lengths-12.json

2021-05-11 11:00:25,404 - 

Running application application_simulation_SSO-CHB, with json SSO_lengths-13.json

2021-05-11 11:00:27,377 - 

Running application application_simulation_SSO-CHB, with json SSO_lengths-14.json

2021-05-11 11:00:29,323 - 

Running application application_simulation_SSO-CHB, with json SSO_lengths-15.json

2021-05-11 11:00:31,252 - 

Running application application_simulation_SSO-CHB, with json SSO_lengths-16.json

2021-05-11 11:00:33,215 - 

Running application application_simulation_SSO-CHB, with json SSO_lengths-17.json

2021-05-11 11:00:35,199 - 

Running application application_simulation_SSO-CHB, with json SSO_lengths-18.json

2021-05-11 11:00:37,152 - 

Running application application_simulation_SSO-CHB, with json SSO_lengths-19.json

2021-05-11 11:00:39,064 - 

Running application application_simulation_SSO-CHB, with json SSO_lengths-20.json

2021-05-11 11:00:40,993 - 

Running application application_simulation_SSO-CHB, with json SSO_lineSeparationCoefficients-1.json

2021-05-11 11:00:42,869 - 

Running application application_simulation_SSO-CHB, with json SSO_lineSeparationCoefficients-2.json

2021-05-11 11:00:44,799 - 

Running application application_simulation_SSO-CHB, with json SSO_lineSeparationCoefficients-3.json

2021-05-11 11:00:46,769 - 

Running application application_simulation_SSO-CHB, with json SSO_lineSeparationCoefficients-4.json

2021-05-11 11:00:48,728 - 

Running application application_simulation_SSO-CHB, with json SSO_lineSeparationCoefficients-5.json

2021-05-11 11:00:50,642 - 

Running application application_simulation_SSO-CHB, with json SSO_lineSeparationCoefficients-6.json

2021-05-11 11:00:52,637 - 

Running application application_simulation_SSO-CHB, with json SSO_lineSeparationCoefficients-7.json

2021-05-11 11:00:54,589 - 

Running application application_simulation_SSO-CHB, with json SSO_lineSeparationCoefficients-8.json

2021-05-11 11:00:56,601 - 

Running application application_simulation_SSO-CHB, with json SSO_lineSeparationCoefficients-9.json

2021-05-11 11:00:58,540 - 

Running application application_simulation_SSO-CHB, with json SSO_lineSeparationCoefficients-10.json

2021-05-11 11:01:00,486 - 

Running application application_simulation_SSO-CHB, with json SSO_noLines-1.json

2021-05-11 11:01:02,394 - 

Running application application_simulation_SSO-CHB, with json SSO_noLines-2.json

2021-05-11 11:01:04,301 - 

Running application application_simulation_SSO-CHB, with json SSO_noLines-3.json

2021-05-11 11:01:06,305 - 

Running application application_simulation_SSO-CHB, with json SSO_noLines-4.json

2021-05-11 11:01:08,214 - 

Running application application_simulation_SSO-CHB, with json SSO_noLines-5.json

2021-05-11 11:01:10,211 - 

Running application application_simulation_SSO-CHB, with json SSO_noLines-6.json

2021-05-11 11:01:12,161 - 

Running application application_simulation_SSO-CHB, with json SSO_noLines-7.json

2021-05-11 11:01:14,032 - 

Running application application_simulation_SSO-CHB, with json SSO_noLines-8.json

2021-05-11 11:01:15,966 - 

Running application application_simulation_SSO-CHB, with json SSO_noLines-9.json

2021-05-11 11:01:17,883 - 

Running application application_simulation_SSO-CHB, with json SSO_noLines-10.json

2021-05-11 11:01:19,852 - 

Running application application_simulation_SSO-CHB, with json SSO_occultationCoefficients-1.json

2021-05-11 11:01:21,829 - 

Running application application_simulation_SSO-CHB, with json SSO_occultationCoefficients-2.json

2021-05-11 11:01:23,792 - 

Running application application_simulation_SSO-CHB, with json SSO_occultationCoefficients-3.json

2021-05-11 11:01:25,735 - 

Running application application_simulation_SSO-CHB, with json SSO_occultationCoefficients-4.json

2021-05-11 11:01:27,649 - 

Running application application_simulation_SSO-CHB, with json SSO_occultationCoefficients-5.json

2021-05-11 11:01:29,605 - 

Running application application_simulation_SSO-CHB, with json SSO_occultationCoefficients-6.json

2021-05-11 11:01:31,549 - 

Running application application_simulation_SSO-CHB, with json SSO_occultationCoefficients-7.json

2021-05-11 11:01:33,536 - 

Running application application_simulation_SSO-CHB, with json SSO_occultationCoefficients-8.json

2021-05-11 11:01:35,505 - 

Running application application_simulation_SSO-CHB, with json SSO_occultationCoefficients-9.json

2021-05-11 11:01:37,419 - 

Running application application_simulation_SSO-CHB, with json SSO_occultationCoefficients-10.json

2021-05-11 11:01:39,399 - 

Running application application_simulation_SSO-CHB, with json SSO_slackCoefficients-1.json

2021-05-11 11:01:41,482 - 

Running application application_simulation_SSO-CHB, with json SSO_slackCoefficients-2.json

2021-05-11 11:01:43,446 - 

Running application application_simulation_SSO-CHB, with json SSO_slackCoefficients-3.json

2021-05-11 11:01:45,409 - 

Running application application_simulation_SSO-CHB, with json SSO_slackCoefficients-4.json

2021-05-11 11:01:47,346 - 

Running application application_simulation_SSO-CHB, with json SSO_slackCoefficients-5.json

2021-05-11 11:01:49,403 - 

Running application application_simulation_SSO-CHB, with json SSO_slackCoefficients-6.json

2021-05-11 11:01:51,381 - 

Running application application_simulation_SSO-CHB, with json SSO_slackCoefficients-7.json

2021-05-11 11:01:53,381 - 

Running application application_simulation_SSO-CHB, with json SSO_slackCoefficients-8.json

2021-05-11 11:01:55,297 - 

Running application application_simulation_SSO-CHB, with json SSO_slackCoefficients-9.json

2021-05-11 11:01:57,267 - 

Running application application_simulation_SSO-CHB, with json SSO_slackCoefficients-10.json

