2021-02-25 21:42:15,798 - 

Running application application_simulation_SSO-CHB, with json InO_init.json

2021-02-25 21:42:15,806 - ===============Loading Variables From File==================
2021-02-25 21:42:15,806 - ===============Prepping Sim==================
2021-02-25 21:42:15,807 -  -- Loading spice kernels -- 
2021-02-25 21:42:15,831 -  -- Creating environment class -- 
2021-02-25 21:42:15,831 - B0 for year 2001.3 : 7.26651
2021-02-25 21:42:15,831 -  -- Creating Config class -- 
2021-02-25 21:42:15,831 -  -- Creating Guidance class -- 
2021-02-25 21:42:15,831 - Updating guidance settings
2021-02-25 21:42:15,831 -  -- Creating Propbodies class -- 
2021-02-25 21:42:15,831 - Using bodies: 
2021-02-25 21:42:15,831 - Sun
2021-02-25 21:42:15,831 - Mercury
2021-02-25 21:42:15,831 - Venus
2021-02-25 21:42:15,831 - Earth
2021-02-25 21:42:15,831 - Mars
2021-02-25 21:42:15,831 - Jupiter
2021-02-25 21:42:15,831 - Saturn
2021-02-25 21:42:15,831 - Uranus
2021-02-25 21:42:15,832 - Neptune
2021-02-25 21:42:15,832 - Effective SRP radiation coefficient of vehicle: 0.5
2021-02-25 21:42:15,832 - Effective SRP reference area of vehicle       : 2.4
2021-02-25 21:42:15,832 - Spacecraft Mass                               : 100
2021-02-25 21:42:15,832 -  -- Creating Propsettings class -- 
2021-02-25 21:42:15,832 - INITIAL EPHEMERIS YEAR: 2000
2021-02-25 21:42:15,832 - INITIAL EPHEMERIS TIME: 0
2021-02-25 21:42:15,832 - ====================Propagating==========================
2021-02-25 21:42:15,832 - Dependent variables being saved, output vectors contain: 
2021-02-25 21:42:15,832 - Vector entry, Vector contents
2021-02-25 21:42:15,832 - 0, Kepler elements of Vehicle w.r.t. Sun
2021-02-25 21:42:15,832 - 6, Relative distance of Vehicle w.r.t. Sun
2021-02-25 21:42:15,832 - 7, Single acceleration in inertial frame of type cannonball radiation pressure , acting on Vehicle, exerted by Sun
2021-02-25 21:42:16,302 - ====================Saving Data==========================
2021-02-25 21:42:16,303 - Saving propData
2021-02-25 21:42:16,305 - Saving magneticFieldData
2021-02-25 21:42:16,335 - Saving ionosphericData
2021-02-25 21:42:16,348 - Saving thrustData
2021-02-25 21:42:16,376 - Saving currentData
2021-02-25 21:42:16,406 - Saving currentVNVData
2021-02-25 21:42:16,456 - Saving bodyData
2021-02-25 21:42:16,487 - Saving dependentVariableData
2021-02-25 21:42:16,489 - Program finished 
2021-02-25 21:42:16,676 - 

Running application application_simulation_SSO-CHB, with json InO_stage2.json

2021-02-25 21:42:16,682 - ===============Loading Variables From File==================
2021-02-25 21:42:16,682 - ===============Prepping Sim==================
2021-02-25 21:42:16,682 -  -- Loading spice kernels -- 
2021-02-25 21:42:16,703 -  -- Creating environment class -- 
2021-02-25 21:42:16,704 - B0 for year 2001.3 : 7.26651
2021-02-25 21:42:16,704 -  -- Creating Config class -- 
2021-02-25 21:42:16,704 -  -- Creating Guidance class -- 
2021-02-25 21:42:16,704 - Updating guidance settings
2021-02-25 21:42:16,704 -  -- Creating Propbodies class -- 
2021-02-25 21:42:16,704 - Using bodies: 
2021-02-25 21:42:16,704 - Sun
2021-02-25 21:42:16,704 - Mercury
2021-02-25 21:42:16,704 - Venus
2021-02-25 21:42:16,704 - Earth
2021-02-25 21:42:16,704 - Mars
2021-02-25 21:42:16,704 - Jupiter
2021-02-25 21:42:16,704 - Saturn
2021-02-25 21:42:16,704 - Uranus
2021-02-25 21:42:16,704 - Neptune
2021-02-25 21:42:16,704 - Effective SRP radiation coefficient of vehicle: 0.5
2021-02-25 21:42:16,704 - Effective SRP reference area of vehicle       : 2.4
2021-02-25 21:42:16,704 - Spacecraft Mass                               : 100
2021-02-25 21:42:16,704 -  -- Creating Propsettings class -- 
2021-02-25 21:42:16,704 - INITIAL EPHEMERIS YEAR: 2004.55
2021-02-25 21:42:16,705 - INITIAL EPHEMERIS TIME: 1.43513e+08
2021-02-25 21:42:16,705 - ====================Propagating==========================
2021-02-25 21:42:16,705 - Dependent variables being saved, output vectors contain: 
2021-02-25 21:42:16,705 - Vector entry, Vector contents
2021-02-25 21:42:16,705 - 0, Kepler elements of Vehicle w.r.t. Sun
2021-02-25 21:42:16,705 - 6, Relative distance of Vehicle w.r.t. Sun
2021-02-25 21:42:16,705 - 7, Single acceleration in inertial frame of type cannonball radiation pressure , acting on Vehicle, exerted by Sun
2021-02-25 21:43:16,807 - ====================Saving Data==========================
2021-02-25 21:43:16,807 - Saving propData
2021-02-25 21:43:17,021 - Saving magneticFieldData
2021-02-25 21:43:21,275 - Saving ionosphericData
2021-02-25 21:43:23,117 - Saving thrustData
2021-02-25 21:43:26,804 - Saving currentData
2021-02-25 21:43:30,800 - Saving currentVNVData
2021-02-25 21:43:37,322 - Saving bodyData
2021-02-25 21:43:41,647 - Saving dependentVariableData
2021-02-25 21:43:41,938 - Program finished 
