2021-04-27 12:25:23,019 - 

Running application application_simulation_SSO-CHB, with json SSO_Base.json

2021-04-27 12:25:25,202 - 

Running application application_simulation_SSO-CHB, with json SSO_areaRatios-1.json

2021-04-27 12:25:27,111 - 

Running application application_simulation_SSO-CHB, with json SSO_areaRatios-2.json

2021-04-27 12:25:29,083 - 

Running application application_simulation_SSO-CHB, with json SSO_areaRatios-3.json

2021-04-27 12:25:30,951 - 

Running application application_simulation_SSO-CHB, with json SSO_areaRatios-4.json

2021-04-27 12:25:32,832 - 

Running application application_simulation_SSO-CHB, with json SSO_areaRatios-5.json

2021-04-27 12:25:34,724 - 

Running application application_simulation_SSO-CHB, with json SSO_areaRatios-6.json

2021-04-27 12:25:36,752 - 

Running application application_simulation_SSO-CHB, with json SSO_areaRatios-7.json

2021-04-27 12:25:38,885 - 

Running application application_simulation_SSO-CHB, with json SSO_areaRatios-8.json

2021-04-27 12:25:40,841 - 

Running application application_simulation_SSO-CHB, with json SSO_areaRatios-9.json

2021-04-27 12:25:42,772 - 

Running application application_simulation_SSO-CHB, with json SSO_areaRatios-10.json

2021-04-27 12:25:44,742 - 

Running application application_simulation_SSO-CHB, with json SSO_currents-1.json

2021-04-27 12:25:47,071 - 

Running application application_simulation_SSO-CHB, with json SSO_currents-2.json

2021-04-27 12:25:49,043 - 

Running application application_simulation_SSO-CHB, with json SSO_currents-3.json

2021-04-27 12:25:51,134 - 

Running application application_simulation_SSO-CHB, with json SSO_currents-4.json

2021-04-27 12:25:53,107 - 

Running application application_simulation_SSO-CHB, with json SSO_currents-5.json

2021-04-27 12:25:55,045 - 

Running application application_simulation_SSO-CHB, with json SSO_currents-6.json

2021-04-27 12:25:56,947 - 

Running application application_simulation_SSO-CHB, with json SSO_currents-7.json

2021-04-27 12:25:58,901 - 

Running application application_simulation_SSO-CHB, with json SSO_currents-8.json

2021-04-27 12:26:00,868 - 

Running application application_simulation_SSO-CHB, with json SSO_currents-9.json

2021-04-27 12:26:02,817 - 

Running application application_simulation_SSO-CHB, with json SSO_currents-10.json

2021-04-27 12:26:04,913 - 

Running application application_simulation_SSO-CHB, with json SSO_diameters-1.json

2021-04-27 12:26:06,947 - 

Running application application_simulation_SSO-CHB, with json SSO_diameters-2.json

2021-04-27 12:26:08,844 - 

Running application application_simulation_SSO-CHB, with json SSO_diameters-3.json

2021-04-27 12:26:10,814 - 

Running application application_simulation_SSO-CHB, with json SSO_diameters-4.json

2021-04-27 12:26:12,706 - 

Running application application_simulation_SSO-CHB, with json SSO_diameters-5.json

2021-04-27 12:26:14,801 - 

Running application application_simulation_SSO-CHB, with json SSO_diameters-6.json

2021-04-27 12:26:16,853 - 

Running application application_simulation_SSO-CHB, with json SSO_diameters-7.json

2021-04-27 12:26:18,767 - 

Running application application_simulation_SSO-CHB, with json SSO_diameters-8.json

2021-04-27 12:26:20,755 - 

Running application application_simulation_SSO-CHB, with json SSO_diameters-9.json

2021-04-27 12:26:22,691 - 

Running application application_simulation_SSO-CHB, with json SSO_diameters-10.json

2021-04-27 12:26:24,639 - 

Running application application_simulation_SSO-CHB, with json SSO_endmassMasses-1.json

2021-04-27 12:26:26,753 - 

Running application application_simulation_SSO-CHB, with json SSO_endmassMasses-2.json

2021-04-27 12:26:28,823 - 

Running application application_simulation_SSO-CHB, with json SSO_endmassMasses-3.json

2021-04-27 12:26:30,860 - 

Running application application_simulation_SSO-CHB, with json SSO_lengthRatios-1.json

2021-04-27 12:26:30,889 - 

Running application application_simulation_SSO-CHB, with json SSO_lengthRatios-2.json

2021-04-27 12:26:32,854 - 

Running application application_simulation_SSO-CHB, with json SSO_lengthRatios-3.json

2021-04-27 12:26:34,795 - 

Running application application_simulation_SSO-CHB, with json SSO_lengths-1.json

2021-04-27 12:26:36,729 - 

Running application application_simulation_SSO-CHB, with json SSO_lengths-2.json

2021-04-27 12:26:38,695 - 

Running application application_simulation_SSO-CHB, with json SSO_lengths-3.json

2021-04-27 12:26:40,687 - 

Running application application_simulation_SSO-CHB, with json SSO_lengths-4.json

2021-04-27 12:26:42,639 - 

Running application application_simulation_SSO-CHB, with json SSO_lengths-5.json

2021-04-27 12:26:44,582 - 

Running application application_simulation_SSO-CHB, with json SSO_lengths-6.json

2021-04-27 12:26:46,602 - 

Running application application_simulation_SSO-CHB, with json SSO_lengths-7.json

2021-04-27 12:26:48,592 - 

Running application application_simulation_SSO-CHB, with json SSO_lengths-8.json

2021-04-27 12:26:50,528 - 

Running application application_simulation_SSO-CHB, with json SSO_lengths-9.json

2021-04-27 12:26:52,541 - 

Running application application_simulation_SSO-CHB, with json SSO_lengths-10.json

2021-04-27 12:26:54,623 - 

Running application application_simulation_SSO-CHB, with json SSO_lineSeparationCoefficients-1.json

2021-04-27 12:26:56,543 - 

Running application application_simulation_SSO-CHB, with json SSO_lineSeparationCoefficients-2.json

2021-04-27 12:26:58,508 - 

Running application application_simulation_SSO-CHB, with json SSO_lineSeparationCoefficients-3.json

2021-04-27 12:27:00,459 - 

Running application application_simulation_SSO-CHB, with json SSO_noLines-1.json

2021-04-27 12:27:02,388 - 

Running application application_simulation_SSO-CHB, with json SSO_noLines-2.json

2021-04-27 12:27:04,299 - 

Running application application_simulation_SSO-CHB, with json SSO_noLines-3.json

2021-04-27 12:27:06,210 - 

Running application application_simulation_SSO-CHB, with json SSO_occultationCoefficients-1.json

2021-04-27 12:27:08,263 - 

Running application application_simulation_SSO-CHB, with json SSO_occultationCoefficients-2.json

2021-04-27 12:27:10,259 - 

Running application application_simulation_SSO-CHB, with json SSO_occultationCoefficients-3.json

2021-04-27 12:27:12,213 - 

Running application application_simulation_SSO-CHB, with json SSO_slackCoefficients-1.json

2021-04-27 12:27:14,142 - 

Running application application_simulation_SSO-CHB, with json SSO_slackCoefficients-2.json

2021-04-27 12:27:16,121 - 

Running application application_simulation_SSO-CHB, with json SSO_slackCoefficients-3.json

