2021-04-05 21:57:48,146 - 

Running application application_simulation_SSO-CHB, with json SSO_Base.json

2021-04-05 21:57:50,245 - 

Running application application_simulation_SSO-CHB, with json SSO_areaRatios-1.json

2021-04-05 21:57:52,259 - 

Running application application_simulation_SSO-CHB, with json SSO_areaRatios-10.json

2021-04-05 21:57:54,318 - 

Running application application_simulation_SSO-CHB, with json SSO_areaRatios-100.json

2021-04-05 21:57:56,433 - 

Running application application_simulation_SSO-CHB, with json SSO_areaRatios-11.json

2021-04-05 21:57:58,458 - 

Running application application_simulation_SSO-CHB, with json SSO_areaRatios-12.json

2021-04-05 21:58:00,582 - 

Running application application_simulation_SSO-CHB, with json SSO_areaRatios-13.json

2021-04-05 21:58:02,594 - 

Running application application_simulation_SSO-CHB, with json SSO_areaRatios-14.json

2021-04-05 21:58:04,646 - 

Running application application_simulation_SSO-CHB, with json SSO_areaRatios-15.json

2021-04-05 21:58:06,653 - 

Running application application_simulation_SSO-CHB, with json SSO_areaRatios-16.json

2021-04-05 21:58:08,668 - 

Running application application_simulation_SSO-CHB, with json SSO_areaRatios-17.json

2021-04-05 21:58:10,562 - 

Running application application_simulation_SSO-CHB, with json SSO_areaRatios-18.json

2021-04-05 21:58:12,639 - 

Running application application_simulation_SSO-CHB, with json SSO_areaRatios-19.json

2021-04-05 21:58:14,740 - 

Running application application_simulation_SSO-CHB, with json SSO_areaRatios-2.json

2021-04-05 21:58:16,660 - 

Running application application_simulation_SSO-CHB, with json SSO_areaRatios-20.json

2021-04-05 21:58:18,599 - 

Running application application_simulation_SSO-CHB, with json SSO_areaRatios-21.json

2021-04-05 21:58:20,711 - 

Running application application_simulation_SSO-CHB, with json SSO_areaRatios-22.json

2021-04-05 21:58:22,712 - 

Running application application_simulation_SSO-CHB, with json SSO_areaRatios-23.json

2021-04-05 21:58:24,652 - 

Running application application_simulation_SSO-CHB, with json SSO_areaRatios-24.json

2021-04-05 21:58:26,546 - 

Running application application_simulation_SSO-CHB, with json SSO_areaRatios-25.json

2021-04-05 21:58:28,549 - 

Running application application_simulation_SSO-CHB, with json SSO_areaRatios-26.json

2021-04-05 21:58:30,591 - 

Running application application_simulation_SSO-CHB, with json SSO_areaRatios-27.json

2021-04-05 21:58:32,433 - 

Running application application_simulation_SSO-CHB, with json SSO_areaRatios-28.json

2021-04-05 21:58:34,263 - 

Running application application_simulation_SSO-CHB, with json SSO_areaRatios-29.json

2021-04-05 21:58:36,087 - 

Running application application_simulation_SSO-CHB, with json SSO_areaRatios-3.json

2021-04-05 21:58:37,973 - 

Running application application_simulation_SSO-CHB, with json SSO_areaRatios-30.json

2021-04-05 21:58:39,823 - 

Running application application_simulation_SSO-CHB, with json SSO_areaRatios-31.json

2021-04-05 21:58:41,654 - 

Running application application_simulation_SSO-CHB, with json SSO_areaRatios-32.json

2021-04-05 21:58:43,484 - 

Running application application_simulation_SSO-CHB, with json SSO_areaRatios-33.json

2021-04-05 21:58:45,353 - 

Running application application_simulation_SSO-CHB, with json SSO_areaRatios-34.json

2021-04-05 21:58:47,218 - 

Running application application_simulation_SSO-CHB, with json SSO_areaRatios-35.json

2021-04-05 21:58:49,029 - 

Running application application_simulation_SSO-CHB, with json SSO_areaRatios-36.json

2021-04-05 21:58:50,839 - 

Running application application_simulation_SSO-CHB, with json SSO_areaRatios-37.json

2021-04-05 21:58:52,691 - 

Running application application_simulation_SSO-CHB, with json SSO_areaRatios-38.json

2021-04-05 21:58:54,511 - 

Running application application_simulation_SSO-CHB, with json SSO_areaRatios-39.json

2021-04-05 21:58:56,372 - 

Running application application_simulation_SSO-CHB, with json SSO_areaRatios-4.json

2021-04-05 21:58:58,226 - 

Running application application_simulation_SSO-CHB, with json SSO_areaRatios-40.json

2021-04-05 21:59:00,166 - 

Running application application_simulation_SSO-CHB, with json SSO_areaRatios-41.json

2021-04-05 21:59:02,082 - 

Running application application_simulation_SSO-CHB, with json SSO_areaRatios-42.json

2021-04-05 21:59:04,072 - 

Running application application_simulation_SSO-CHB, with json SSO_areaRatios-43.json

2021-04-05 21:59:05,928 - 

Running application application_simulation_SSO-CHB, with json SSO_areaRatios-44.json

2021-04-05 21:59:07,807 - 

Running application application_simulation_SSO-CHB, with json SSO_areaRatios-45.json

2021-04-05 21:59:09,715 - 

Running application application_simulation_SSO-CHB, with json SSO_areaRatios-46.json

2021-04-05 21:59:11,613 - 

Running application application_simulation_SSO-CHB, with json SSO_areaRatios-47.json

2021-04-05 21:59:13,440 - 

Running application application_simulation_SSO-CHB, with json SSO_areaRatios-48.json

2021-04-05 21:59:15,278 - 

Running application application_simulation_SSO-CHB, with json SSO_areaRatios-49.json

2021-04-05 21:59:17,118 - 

Running application application_simulation_SSO-CHB, with json SSO_areaRatios-5.json

2021-04-05 21:59:18,996 - 

Running application application_simulation_SSO-CHB, with json SSO_areaRatios-50.json

2021-04-05 21:59:20,833 - 

Running application application_simulation_SSO-CHB, with json SSO_areaRatios-51.json

2021-04-05 21:59:22,674 - 

Running application application_simulation_SSO-CHB, with json SSO_areaRatios-52.json

2021-04-05 21:59:24,566 - 

Running application application_simulation_SSO-CHB, with json SSO_areaRatios-53.json

2021-04-05 21:59:26,405 - 

Running application application_simulation_SSO-CHB, with json SSO_areaRatios-54.json

2021-04-05 21:59:28,219 - 

Running application application_simulation_SSO-CHB, with json SSO_areaRatios-55.json

2021-04-05 21:59:30,056 - 

Running application application_simulation_SSO-CHB, with json SSO_areaRatios-56.json

2021-04-05 21:59:31,873 - 

Running application application_simulation_SSO-CHB, with json SSO_areaRatios-57.json

2021-04-05 21:59:33,757 - 

Running application application_simulation_SSO-CHB, with json SSO_areaRatios-58.json

2021-04-05 21:59:35,724 - 

Running application application_simulation_SSO-CHB, with json SSO_areaRatios-59.json

2021-04-05 21:59:37,746 - 

Running application application_simulation_SSO-CHB, with json SSO_areaRatios-6.json

2021-04-05 21:59:39,782 - 

Running application application_simulation_SSO-CHB, with json SSO_areaRatios-60.json

2021-04-05 21:59:41,745 - 

Running application application_simulation_SSO-CHB, with json SSO_areaRatios-61.json

2021-04-05 21:59:43,757 - 

Running application application_simulation_SSO-CHB, with json SSO_areaRatios-62.json

2021-04-05 21:59:45,650 - 

Running application application_simulation_SSO-CHB, with json SSO_areaRatios-63.json

2021-04-05 21:59:47,495 - 

Running application application_simulation_SSO-CHB, with json SSO_areaRatios-64.json

2021-04-05 21:59:49,499 - 

Running application application_simulation_SSO-CHB, with json SSO_areaRatios-65.json

2021-04-05 21:59:51,570 - 

Running application application_simulation_SSO-CHB, with json SSO_areaRatios-66.json

2021-04-05 21:59:53,514 - 

Running application application_simulation_SSO-CHB, with json SSO_areaRatios-67.json

2021-04-05 21:59:55,369 - 

Running application application_simulation_SSO-CHB, with json SSO_areaRatios-68.json

2021-04-05 21:59:57,356 - 

Running application application_simulation_SSO-CHB, with json SSO_areaRatios-69.json

2021-04-05 21:59:59,348 - 

Running application application_simulation_SSO-CHB, with json SSO_areaRatios-7.json

2021-04-05 22:00:01,361 - 

Running application application_simulation_SSO-CHB, with json SSO_areaRatios-70.json

2021-04-05 22:00:03,230 - 

Running application application_simulation_SSO-CHB, with json SSO_areaRatios-71.json

2021-04-05 22:00:05,134 - 

Running application application_simulation_SSO-CHB, with json SSO_areaRatios-72.json

2021-04-05 22:00:07,115 - 

Running application application_simulation_SSO-CHB, with json SSO_areaRatios-73.json

2021-04-05 22:00:09,193 - 

Running application application_simulation_SSO-CHB, with json SSO_areaRatios-74.json

2021-04-05 22:00:11,167 - 

Running application application_simulation_SSO-CHB, with json SSO_areaRatios-75.json

2021-04-05 22:00:13,065 - 

Running application application_simulation_SSO-CHB, with json SSO_areaRatios-76.json

2021-04-05 22:00:15,113 - 

Running application application_simulation_SSO-CHB, with json SSO_areaRatios-77.json

2021-04-05 22:00:17,049 - 

Running application application_simulation_SSO-CHB, with json SSO_areaRatios-78.json

2021-04-05 22:00:18,957 - 

Running application application_simulation_SSO-CHB, with json SSO_areaRatios-79.json

2021-04-05 22:00:21,019 - 

Running application application_simulation_SSO-CHB, with json SSO_areaRatios-8.json

2021-04-05 22:00:22,994 - 

Running application application_simulation_SSO-CHB, with json SSO_areaRatios-80.json

2021-04-05 22:00:24,877 - 

Running application application_simulation_SSO-CHB, with json SSO_areaRatios-81.json

2021-04-05 22:00:26,809 - 

Running application application_simulation_SSO-CHB, with json SSO_areaRatios-82.json

2021-04-05 22:00:28,635 - 

Running application application_simulation_SSO-CHB, with json SSO_areaRatios-83.json

2021-04-05 22:00:30,460 - 

Running application application_simulation_SSO-CHB, with json SSO_areaRatios-84.json

2021-04-05 22:00:32,305 - 

Running application application_simulation_SSO-CHB, with json SSO_areaRatios-85.json

2021-04-05 22:00:34,147 - 

Running application application_simulation_SSO-CHB, with json SSO_areaRatios-86.json

2021-04-05 22:00:36,131 - 

Running application application_simulation_SSO-CHB, with json SSO_areaRatios-87.json

2021-04-05 22:00:38,014 - 

Running application application_simulation_SSO-CHB, with json SSO_areaRatios-88.json

2021-04-05 22:00:39,931 - 

Running application application_simulation_SSO-CHB, with json SSO_areaRatios-89.json

2021-04-05 22:00:41,864 - 

Running application application_simulation_SSO-CHB, with json SSO_areaRatios-9.json

2021-04-05 22:00:43,872 - 

Running application application_simulation_SSO-CHB, with json SSO_areaRatios-90.json

2021-04-05 22:00:45,856 - 

Running application application_simulation_SSO-CHB, with json SSO_areaRatios-91.json

2021-04-05 22:00:47,858 - 

Running application application_simulation_SSO-CHB, with json SSO_areaRatios-92.json

2021-04-05 22:00:49,856 - 

Running application application_simulation_SSO-CHB, with json SSO_areaRatios-93.json

2021-04-05 22:00:51,932 - 

Running application application_simulation_SSO-CHB, with json SSO_areaRatios-94.json

2021-04-05 22:00:53,811 - 

Running application application_simulation_SSO-CHB, with json SSO_areaRatios-95.json

2021-04-05 22:00:55,692 - 

Running application application_simulation_SSO-CHB, with json SSO_areaRatios-96.json

2021-04-05 22:00:57,641 - 

Running application application_simulation_SSO-CHB, with json SSO_areaRatios-97.json

2021-04-05 22:00:59,556 - 

Running application application_simulation_SSO-CHB, with json SSO_areaRatios-98.json

2021-04-05 22:01:01,562 - 

Running application application_simulation_SSO-CHB, with json SSO_areaRatios-99.json

2021-04-05 22:01:03,456 - 

Running application application_simulation_SSO-CHB, with json SSO_currents-1.json

2021-04-05 22:01:05,336 - 

Running application application_simulation_SSO-CHB, with json SSO_currents-10.json

2021-04-05 22:01:07,366 - 

Running application application_simulation_SSO-CHB, with json SSO_currents-100.json

2021-04-05 22:01:09,484 - 

Running application application_simulation_SSO-CHB, with json SSO_currents-11.json

2021-04-05 22:01:11,462 - 

Running application application_simulation_SSO-CHB, with json SSO_currents-12.json

2021-04-05 22:01:13,559 - 

Running application application_simulation_SSO-CHB, with json SSO_currents-13.json

2021-04-05 22:01:15,548 - 

Running application application_simulation_SSO-CHB, with json SSO_currents-14.json

2021-04-05 22:01:17,787 - 

Running application application_simulation_SSO-CHB, with json SSO_currents-15.json

2021-04-05 22:01:19,981 - 

Running application application_simulation_SSO-CHB, with json SSO_currents-16.json

2021-04-05 22:01:22,149 - 

Running application application_simulation_SSO-CHB, with json SSO_currents-17.json

2021-04-05 22:01:25,281 - 

Running application application_simulation_SSO-CHB, with json SSO_currents-18.json

2021-04-05 22:02:17,677 - 

Running application application_simulation_SSO-CHB, with json SSO_currents-19.json

2021-04-05 22:02:37,319 - 

Running application application_simulation_SSO-CHB, with json SSO_currents-2.json

2021-04-05 22:02:39,231 - 

Running application application_simulation_SSO-CHB, with json SSO_currents-20.json

2021-04-05 22:03:23,442 - 

Running application application_simulation_SSO-CHB, with json SSO_currents-21.json

2021-04-05 22:03:26,663 - 

Running application application_simulation_SSO-CHB, with json SSO_currents-22.json

2021-04-05 22:03:30,994 - 

Running application application_simulation_SSO-CHB, with json SSO_currents-23.json

2021-04-05 22:03:33,929 - 

Running application application_simulation_SSO-CHB, with json SSO_currents-24.json

2021-04-05 22:03:36,556 - 

Running application application_simulation_SSO-CHB, with json SSO_currents-25.json

2021-04-05 22:03:38,403 - 

Running application application_simulation_SSO-CHB, with json SSO_currents-26.json

2021-04-05 22:03:41,066 - 

Running application application_simulation_SSO-CHB, with json SSO_currents-27.json

2021-04-05 22:03:43,565 - 

Running application application_simulation_SSO-CHB, with json SSO_currents-28.json

2021-04-05 22:03:46,433 - 

Running application application_simulation_SSO-CHB, with json SSO_currents-29.json

2021-04-05 22:03:48,867 - 

Running application application_simulation_SSO-CHB, with json SSO_currents-3.json

2021-04-05 22:03:50,669 - 

Running application application_simulation_SSO-CHB, with json SSO_currents-30.json

2021-04-05 22:03:53,572 - 

Running application application_simulation_SSO-CHB, with json SSO_currents-31.json

2021-04-05 22:03:57,018 - 

Running application application_simulation_SSO-CHB, with json SSO_currents-32.json

2021-04-05 22:03:59,594 - 

Running application application_simulation_SSO-CHB, with json SSO_currents-33.json

2021-04-05 22:04:02,299 - 

Running application application_simulation_SSO-CHB, with json SSO_currents-34.json

2021-04-05 22:04:04,679 - 

Running application application_simulation_SSO-CHB, with json SSO_currents-35.json

2021-04-05 22:04:07,547 - 

Running application application_simulation_SSO-CHB, with json SSO_currents-36.json

2021-04-05 22:04:10,095 - 

Running application application_simulation_SSO-CHB, with json SSO_currents-37.json

2021-04-05 22:04:12,361 - 

Running application application_simulation_SSO-CHB, with json SSO_currents-38.json

2021-04-05 22:04:14,558 - 

Running application application_simulation_SSO-CHB, with json SSO_currents-39.json

2021-04-05 22:04:16,814 - 

Running application application_simulation_SSO-CHB, with json SSO_currents-4.json

2021-04-05 22:04:18,624 - 

Running application application_simulation_SSO-CHB, with json SSO_currents-40.json

2021-04-05 22:04:21,327 - 

Running application application_simulation_SSO-CHB, with json SSO_currents-41.json

2021-04-05 22:04:23,886 - 

Running application application_simulation_SSO-CHB, with json SSO_currents-42.json

2021-04-05 22:04:26,265 - 

Running application application_simulation_SSO-CHB, with json SSO_currents-43.json

2021-04-05 22:04:28,645 - 

Running application application_simulation_SSO-CHB, with json SSO_currents-44.json

2021-04-05 22:04:31,018 - 

Running application application_simulation_SSO-CHB, with json SSO_currents-45.json

2021-04-05 22:04:33,615 - 

Running application application_simulation_SSO-CHB, with json SSO_currents-46.json

2021-04-05 22:04:35,248 - 

Running application application_simulation_SSO-CHB, with json SSO_currents-47.json

2021-04-05 22:04:37,941 - 

Running application application_simulation_SSO-CHB, with json SSO_currents-48.json

2021-04-05 22:04:40,066 - 

Running application application_simulation_SSO-CHB, with json SSO_currents-49.json

2021-04-05 22:04:42,412 - 

Running application application_simulation_SSO-CHB, with json SSO_currents-5.json

2021-04-05 22:04:44,449 - 

Running application application_simulation_SSO-CHB, with json SSO_currents-50.json

2021-04-05 22:04:47,192 - 

Running application application_simulation_SSO-CHB, with json SSO_currents-51.json

2021-04-05 22:04:49,606 - 

Running application application_simulation_SSO-CHB, with json SSO_currents-52.json

2021-04-05 22:04:52,071 - 

Running application application_simulation_SSO-CHB, with json SSO_currents-53.json

2021-04-05 22:04:54,775 - 

Running application application_simulation_SSO-CHB, with json SSO_currents-54.json

2021-04-05 22:04:57,215 - 

Running application application_simulation_SSO-CHB, with json SSO_currents-55.json

2021-04-05 22:04:59,578 - 

Running application application_simulation_SSO-CHB, with json SSO_currents-56.json

2021-04-05 22:05:02,285 - 

Running application application_simulation_SSO-CHB, with json SSO_currents-57.json

2021-04-05 22:05:04,830 - 

Running application application_simulation_SSO-CHB, with json SSO_currents-58.json

2021-04-05 22:05:07,345 - 

Running application application_simulation_SSO-CHB, with json SSO_currents-59.json

2021-04-05 22:05:09,901 - 

Running application application_simulation_SSO-CHB, with json SSO_currents-6.json

2021-04-05 22:05:11,750 - 

Running application application_simulation_SSO-CHB, with json SSO_currents-60.json

2021-04-05 22:05:14,107 - 

Running application application_simulation_SSO-CHB, with json SSO_currents-61.json

2021-04-05 22:05:16,351 - 

Running application application_simulation_SSO-CHB, with json SSO_currents-62.json

2021-04-05 22:05:18,598 - 

Running application application_simulation_SSO-CHB, with json SSO_currents-63.json

2021-04-05 22:05:20,938 - 

Running application application_simulation_SSO-CHB, with json SSO_currents-64.json

2021-04-05 22:05:23,473 - 

Running application application_simulation_SSO-CHB, with json SSO_currents-65.json

2021-04-05 22:05:25,892 - 

Running application application_simulation_SSO-CHB, with json SSO_currents-66.json

2021-04-05 22:05:28,639 - 

Running application application_simulation_SSO-CHB, with json SSO_currents-67.json

2021-04-05 22:05:31,292 - 

Running application application_simulation_SSO-CHB, with json SSO_currents-68.json

2021-04-05 22:05:33,800 - 

Running application application_simulation_SSO-CHB, with json SSO_currents-69.json

2021-04-05 22:05:36,535 - 

Running application application_simulation_SSO-CHB, with json SSO_currents-7.json

2021-04-05 22:05:38,439 - 

Running application application_simulation_SSO-CHB, with json SSO_currents-70.json

2021-04-05 22:05:41,245 - 

Running application application_simulation_SSO-CHB, with json SSO_currents-71.json

2021-04-05 22:05:44,144 - 

Running application application_simulation_SSO-CHB, with json SSO_currents-72.json

2021-04-05 22:05:46,937 - 

Running application application_simulation_SSO-CHB, with json SSO_currents-73.json

2021-04-05 22:05:49,729 - 

Running application application_simulation_SSO-CHB, with json SSO_currents-74.json

2021-04-05 22:05:51,265 - 

Running application application_simulation_SSO-CHB, with json SSO_currents-75.json

2021-04-05 22:05:53,916 - 

Running application application_simulation_SSO-CHB, with json SSO_currents-76.json

2021-04-05 22:05:56,817 - 

Running application application_simulation_SSO-CHB, with json SSO_currents-77.json

2021-04-05 22:05:59,565 - 

Running application application_simulation_SSO-CHB, with json SSO_currents-78.json

2021-04-05 22:06:02,461 - 

Running application application_simulation_SSO-CHB, with json SSO_currents-79.json

2021-04-05 22:06:04,080 - 

Running application application_simulation_SSO-CHB, with json SSO_currents-8.json

2021-04-05 22:06:06,209 - 

Running application application_simulation_SSO-CHB, with json SSO_currents-80.json

2021-04-05 22:06:08,871 - 

Running application application_simulation_SSO-CHB, with json SSO_currents-81.json

2021-04-05 22:06:11,327 - 

Running application application_simulation_SSO-CHB, with json SSO_currents-82.json

2021-04-05 22:06:13,733 - 

Running application application_simulation_SSO-CHB, with json SSO_currents-83.json

2021-04-05 22:06:15,922 - 

Running application application_simulation_SSO-CHB, with json SSO_currents-84.json

2021-04-05 22:06:18,075 - 

Running application application_simulation_SSO-CHB, with json SSO_currents-85.json

2021-04-05 22:06:20,444 - 

Running application application_simulation_SSO-CHB, with json SSO_currents-86.json

2021-04-05 22:06:22,831 - 

Running application application_simulation_SSO-CHB, with json SSO_currents-87.json

2021-04-05 22:06:25,134 - 

Running application application_simulation_SSO-CHB, with json SSO_currents-88.json

2021-04-05 22:06:27,379 - 

Running application application_simulation_SSO-CHB, with json SSO_currents-89.json

2021-04-05 22:06:29,700 - 

Running application application_simulation_SSO-CHB, with json SSO_currents-9.json

2021-04-05 22:06:31,735 - 

Running application application_simulation_SSO-CHB, with json SSO_currents-90.json

2021-04-05 22:06:34,043 - 

Running application application_simulation_SSO-CHB, with json SSO_currents-91.json

2021-04-05 22:06:36,486 - 

Running application application_simulation_SSO-CHB, with json SSO_currents-92.json

2021-04-05 22:06:39,424 - 

Running application application_simulation_SSO-CHB, with json SSO_currents-93.json

2021-04-05 22:06:41,614 - 

Running application application_simulation_SSO-CHB, with json SSO_currents-94.json

2021-04-05 22:06:43,787 - 

Running application application_simulation_SSO-CHB, with json SSO_currents-95.json

2021-04-05 22:06:45,803 - 

Running application application_simulation_SSO-CHB, with json SSO_currents-96.json

2021-04-05 22:06:48,078 - 

Running application application_simulation_SSO-CHB, with json SSO_currents-97.json

2021-04-05 22:06:50,228 - 

Running application application_simulation_SSO-CHB, with json SSO_currents-98.json

2021-04-05 22:06:52,510 - 

Running application application_simulation_SSO-CHB, with json SSO_currents-99.json

2021-04-05 22:06:54,629 - 

Running application application_simulation_SSO-CHB, with json SSO_diameters-1.json

2021-04-05 22:06:56,572 - 

Running application application_simulation_SSO-CHB, with json SSO_diameters-10.json

2021-04-05 22:06:58,648 - 

Running application application_simulation_SSO-CHB, with json SSO_diameters-100.json

2021-04-05 22:07:00,668 - 

Running application application_simulation_SSO-CHB, with json SSO_diameters-11.json

2021-04-05 22:07:02,661 - 

Running application application_simulation_SSO-CHB, with json SSO_diameters-12.json

2021-04-05 22:07:04,508 - 

Running application application_simulation_SSO-CHB, with json SSO_diameters-13.json

2021-04-05 22:07:06,614 - 

Running application application_simulation_SSO-CHB, with json SSO_diameters-14.json

2021-04-05 22:07:08,499 - 

Running application application_simulation_SSO-CHB, with json SSO_diameters-15.json

2021-04-05 22:07:10,427 - 

Running application application_simulation_SSO-CHB, with json SSO_diameters-16.json

2021-04-05 22:07:12,403 - 

Running application application_simulation_SSO-CHB, with json SSO_diameters-17.json

2021-04-05 22:07:14,273 - 

Running application application_simulation_SSO-CHB, with json SSO_diameters-18.json

2021-04-05 22:07:16,142 - 

Running application application_simulation_SSO-CHB, with json SSO_diameters-19.json

2021-04-05 22:07:18,126 - 

Running application application_simulation_SSO-CHB, with json SSO_diameters-2.json

2021-04-05 22:07:19,980 - 

Running application application_simulation_SSO-CHB, with json SSO_diameters-20.json

2021-04-05 22:07:21,980 - 

Running application application_simulation_SSO-CHB, with json SSO_diameters-21.json

2021-04-05 22:07:23,884 - 

Running application application_simulation_SSO-CHB, with json SSO_diameters-22.json

2021-04-05 22:07:25,916 - 

Running application application_simulation_SSO-CHB, with json SSO_diameters-23.json

2021-04-05 22:07:27,907 - 

Running application application_simulation_SSO-CHB, with json SSO_diameters-24.json

2021-04-05 22:07:29,955 - 

Running application application_simulation_SSO-CHB, with json SSO_diameters-25.json

2021-04-05 22:07:32,004 - 

Running application application_simulation_SSO-CHB, with json SSO_diameters-26.json

2021-04-05 22:07:33,977 - 

Running application application_simulation_SSO-CHB, with json SSO_diameters-27.json

2021-04-05 22:07:36,023 - 

Running application application_simulation_SSO-CHB, with json SSO_diameters-28.json

2021-04-05 22:07:38,073 - 

Running application application_simulation_SSO-CHB, with json SSO_diameters-29.json

2021-04-05 22:07:40,137 - 

Running application application_simulation_SSO-CHB, with json SSO_diameters-3.json

2021-04-05 22:07:42,013 - 

Running application application_simulation_SSO-CHB, with json SSO_diameters-30.json

2021-04-05 22:07:44,076 - 

Running application application_simulation_SSO-CHB, with json SSO_diameters-31.json

2021-04-05 22:07:46,014 - 

Running application application_simulation_SSO-CHB, with json SSO_diameters-32.json

2021-04-05 22:07:48,118 - 

Running application application_simulation_SSO-CHB, with json SSO_diameters-33.json

2021-04-05 22:07:50,081 - 

Running application application_simulation_SSO-CHB, with json SSO_diameters-34.json

2021-04-05 22:07:51,997 - 

Running application application_simulation_SSO-CHB, with json SSO_diameters-35.json

2021-04-05 22:07:54,012 - 

Running application application_simulation_SSO-CHB, with json SSO_diameters-36.json

2021-04-05 22:07:56,167 - 

Running application application_simulation_SSO-CHB, with json SSO_diameters-37.json

2021-04-05 22:07:58,159 - 

Running application application_simulation_SSO-CHB, with json SSO_diameters-38.json

2021-04-05 22:08:00,223 - 

Running application application_simulation_SSO-CHB, with json SSO_diameters-39.json

2021-04-05 22:08:02,246 - 

Running application application_simulation_SSO-CHB, with json SSO_diameters-4.json

2021-04-05 22:08:04,224 - 

Running application application_simulation_SSO-CHB, with json SSO_diameters-40.json

2021-04-05 22:08:06,112 - 

Running application application_simulation_SSO-CHB, with json SSO_diameters-41.json

2021-04-05 22:08:08,200 - 

Running application application_simulation_SSO-CHB, with json SSO_diameters-42.json

2021-04-05 22:08:10,216 - 

Running application application_simulation_SSO-CHB, with json SSO_diameters-43.json

2021-04-05 22:08:12,088 - 

Running application application_simulation_SSO-CHB, with json SSO_diameters-44.json

2021-04-05 22:08:14,023 - 

Running application application_simulation_SSO-CHB, with json SSO_diameters-45.json

2021-04-05 22:08:15,897 - 

Running application application_simulation_SSO-CHB, with json SSO_diameters-46.json

2021-04-05 22:08:17,897 - 

Running application application_simulation_SSO-CHB, with json SSO_diameters-47.json

2021-04-05 22:08:19,848 - 

Running application application_simulation_SSO-CHB, with json SSO_diameters-48.json

2021-04-05 22:08:21,721 - 

Running application application_simulation_SSO-CHB, with json SSO_diameters-49.json

2021-04-05 22:08:23,583 - 

Running application application_simulation_SSO-CHB, with json SSO_diameters-5.json

2021-04-05 22:08:25,519 - 

Running application application_simulation_SSO-CHB, with json SSO_diameters-50.json

2021-04-05 22:08:27,503 - 

Running application application_simulation_SSO-CHB, with json SSO_diameters-51.json

2021-04-05 22:08:29,583 - 

Running application application_simulation_SSO-CHB, with json SSO_diameters-52.json

2021-04-05 22:08:31,441 - 

Running application application_simulation_SSO-CHB, with json SSO_diameters-53.json

2021-04-05 22:08:33,345 - 

Running application application_simulation_SSO-CHB, with json SSO_diameters-54.json

2021-04-05 22:08:35,391 - 

Running application application_simulation_SSO-CHB, with json SSO_diameters-55.json

2021-04-05 22:08:37,233 - 

Running application application_simulation_SSO-CHB, with json SSO_diameters-56.json

2021-04-05 22:08:39,122 - 

Running application application_simulation_SSO-CHB, with json SSO_diameters-57.json

2021-04-05 22:08:40,968 - 

Running application application_simulation_SSO-CHB, with json SSO_diameters-58.json

2021-04-05 22:08:42,919 - 

Running application application_simulation_SSO-CHB, with json SSO_diameters-59.json

2021-04-05 22:08:44,783 - 

Running application application_simulation_SSO-CHB, with json SSO_diameters-6.json

2021-04-05 22:08:46,680 - 

Running application application_simulation_SSO-CHB, with json SSO_diameters-60.json

2021-04-05 22:08:48,554 - 

Running application application_simulation_SSO-CHB, with json SSO_diameters-61.json

2021-04-05 22:08:50,432 - 

Running application application_simulation_SSO-CHB, with json SSO_diameters-62.json

2021-04-05 22:08:52,545 - 

Running application application_simulation_SSO-CHB, with json SSO_diameters-63.json

2021-04-05 22:08:54,349 - 

Running application application_simulation_SSO-CHB, with json SSO_diameters-64.json

2021-04-05 22:08:56,221 - 

Running application application_simulation_SSO-CHB, with json SSO_diameters-65.json

2021-04-05 22:08:58,239 - 

Running application application_simulation_SSO-CHB, with json SSO_diameters-66.json

2021-04-05 22:09:00,091 - 

Running application application_simulation_SSO-CHB, with json SSO_diameters-67.json

2021-04-05 22:09:02,132 - 

Running application application_simulation_SSO-CHB, with json SSO_diameters-68.json

2021-04-05 22:09:04,121 - 

Running application application_simulation_SSO-CHB, with json SSO_diameters-69.json

2021-04-05 22:09:06,070 - 

Running application application_simulation_SSO-CHB, with json SSO_diameters-7.json

2021-04-05 22:09:07,991 - 

Running application application_simulation_SSO-CHB, with json SSO_diameters-70.json

2021-04-05 22:09:09,891 - 

Running application application_simulation_SSO-CHB, with json SSO_diameters-71.json

2021-04-05 22:09:11,754 - 

Running application application_simulation_SSO-CHB, with json SSO_diameters-72.json

2021-04-05 22:09:13,694 - 

Running application application_simulation_SSO-CHB, with json SSO_diameters-73.json

2021-04-05 22:09:15,717 - 

Running application application_simulation_SSO-CHB, with json SSO_diameters-74.json

2021-04-05 22:09:17,515 - 

Running application application_simulation_SSO-CHB, with json SSO_diameters-75.json

2021-04-05 22:09:19,458 - 

Running application application_simulation_SSO-CHB, with json SSO_diameters-76.json

2021-04-05 22:09:21,394 - 

Running application application_simulation_SSO-CHB, with json SSO_diameters-77.json

2021-04-05 22:09:23,258 - 

Running application application_simulation_SSO-CHB, with json SSO_diameters-78.json

2021-04-05 22:09:25,210 - 

Running application application_simulation_SSO-CHB, with json SSO_diameters-79.json

2021-04-05 22:09:27,036 - 

Running application application_simulation_SSO-CHB, with json SSO_diameters-8.json

2021-04-05 22:09:28,849 - 

Running application application_simulation_SSO-CHB, with json SSO_diameters-80.json

2021-04-05 22:09:30,683 - 

Running application application_simulation_SSO-CHB, with json SSO_diameters-81.json

2021-04-05 22:09:32,555 - 

Running application application_simulation_SSO-CHB, with json SSO_diameters-82.json

2021-04-05 22:09:34,480 - 

Running application application_simulation_SSO-CHB, with json SSO_diameters-83.json

2021-04-05 22:09:36,323 - 

Running application application_simulation_SSO-CHB, with json SSO_diameters-84.json

2021-04-05 22:09:38,386 - 

Running application application_simulation_SSO-CHB, with json SSO_diameters-85.json

2021-04-05 22:09:40,232 - 

Running application application_simulation_SSO-CHB, with json SSO_diameters-86.json

2021-04-05 22:09:42,331 - 

Running application application_simulation_SSO-CHB, with json SSO_diameters-87.json

2021-04-05 22:09:44,321 - 

Running application application_simulation_SSO-CHB, with json SSO_diameters-88.json

2021-04-05 22:09:46,346 - 

Running application application_simulation_SSO-CHB, with json SSO_diameters-89.json

2021-04-05 22:09:48,470 - 

Running application application_simulation_SSO-CHB, with json SSO_diameters-9.json

2021-04-05 22:09:50,578 - 

Running application application_simulation_SSO-CHB, with json SSO_diameters-90.json

2021-04-05 22:09:52,435 - 

Running application application_simulation_SSO-CHB, with json SSO_diameters-91.json

2021-04-05 22:09:54,291 - 

Running application application_simulation_SSO-CHB, with json SSO_diameters-92.json

2021-04-05 22:09:56,315 - 

Running application application_simulation_SSO-CHB, with json SSO_diameters-93.json

2021-04-05 22:09:58,223 - 

Running application application_simulation_SSO-CHB, with json SSO_diameters-94.json

2021-04-05 22:10:00,217 - 

Running application application_simulation_SSO-CHB, with json SSO_diameters-95.json

2021-04-05 22:10:02,284 - 

Running application application_simulation_SSO-CHB, with json SSO_diameters-96.json

2021-04-05 22:10:04,388 - 

Running application application_simulation_SSO-CHB, with json SSO_diameters-97.json

2021-04-05 22:10:06,279 - 

Running application application_simulation_SSO-CHB, with json SSO_diameters-98.json

2021-04-05 22:10:08,193 - 

Running application application_simulation_SSO-CHB, with json SSO_diameters-99.json

2021-04-05 22:10:10,036 - 

Running application application_simulation_SSO-CHB, with json SSO_endmassMasses-1.json

2021-04-05 22:10:12,076 - 

Running application application_simulation_SSO-CHB, with json SSO_endmassMasses-10.json

2021-04-05 22:10:14,048 - 

Running application application_simulation_SSO-CHB, with json SSO_endmassMasses-2.json

2021-04-05 22:10:15,902 - 

Running application application_simulation_SSO-CHB, with json SSO_endmassMasses-3.json

2021-04-05 22:10:17,984 - 

Running application application_simulation_SSO-CHB, with json SSO_endmassMasses-4.json

2021-04-05 22:10:19,937 - 

Running application application_simulation_SSO-CHB, with json SSO_endmassMasses-5.json

2021-04-05 22:10:22,065 - 

Running application application_simulation_SSO-CHB, with json SSO_endmassMasses-6.json

2021-04-05 22:10:24,061 - 

Running application application_simulation_SSO-CHB, with json SSO_endmassMasses-7.json

2021-04-05 22:10:26,064 - 

Running application application_simulation_SSO-CHB, with json SSO_endmassMasses-8.json

2021-04-05 22:10:28,101 - 

Running application application_simulation_SSO-CHB, with json SSO_endmassMasses-9.json

2021-04-05 22:10:29,959 - 

Running application application_simulation_SSO-CHB, with json SSO_lengthRatios-1.json

2021-04-05 22:10:29,989 - 

Running application application_simulation_SSO-CHB, with json SSO_lengthRatios-10.json

2021-04-05 22:10:31,812 - 

Running application application_simulation_SSO-CHB, with json SSO_lengthRatios-2.json

2021-04-05 22:10:33,660 - 

Running application application_simulation_SSO-CHB, with json SSO_lengthRatios-3.json

2021-04-05 22:10:35,583 - 

Running application application_simulation_SSO-CHB, with json SSO_lengthRatios-4.json

2021-04-05 22:10:37,627 - 

Running application application_simulation_SSO-CHB, with json SSO_lengthRatios-5.json

2021-04-05 22:10:39,727 - 

Running application application_simulation_SSO-CHB, with json SSO_lengthRatios-6.json

2021-04-05 22:10:41,888 - 

Running application application_simulation_SSO-CHB, with json SSO_lengthRatios-7.json

2021-04-05 22:10:43,902 - 

Running application application_simulation_SSO-CHB, with json SSO_lengthRatios-8.json

2021-04-05 22:10:45,908 - 

Running application application_simulation_SSO-CHB, with json SSO_lengthRatios-9.json

2021-04-05 22:10:47,766 - 

Running application application_simulation_SSO-CHB, with json SSO_lengths-1.json

2021-04-05 22:10:49,658 - 

Running application application_simulation_SSO-CHB, with json SSO_lengths-10.json

2021-04-05 22:10:51,782 - 

Running application application_simulation_SSO-CHB, with json SSO_lengths-100.json

2021-04-05 22:10:53,903 - 

Running application application_simulation_SSO-CHB, with json SSO_lengths-11.json

2021-04-05 22:10:55,848 - 

Running application application_simulation_SSO-CHB, with json SSO_lengths-12.json

2021-04-05 22:10:57,884 - 

Running application application_simulation_SSO-CHB, with json SSO_lengths-13.json

2021-04-05 22:10:59,867 - 

Running application application_simulation_SSO-CHB, with json SSO_lengths-14.json

2021-04-05 22:11:01,834 - 

Running application application_simulation_SSO-CHB, with json SSO_lengths-15.json

2021-04-05 22:11:03,901 - 

Running application application_simulation_SSO-CHB, with json SSO_lengths-16.json

2021-04-05 22:11:06,004 - 

Running application application_simulation_SSO-CHB, with json SSO_lengths-17.json

2021-04-05 22:11:08,079 - 

Running application application_simulation_SSO-CHB, with json SSO_lengths-18.json

2021-04-05 22:11:09,975 - 

Running application application_simulation_SSO-CHB, with json SSO_lengths-19.json

2021-04-05 22:11:12,093 - 

Running application application_simulation_SSO-CHB, with json SSO_lengths-2.json

2021-04-05 22:11:14,159 - 

Running application application_simulation_SSO-CHB, with json SSO_lengths-20.json

2021-04-05 22:11:16,019 - 

Running application application_simulation_SSO-CHB, with json SSO_lengths-21.json

2021-04-05 22:11:18,034 - 

Running application application_simulation_SSO-CHB, with json SSO_lengths-22.json

2021-04-05 22:11:20,177 - 

Running application application_simulation_SSO-CHB, with json SSO_lengths-23.json

2021-04-05 22:11:22,105 - 

Running application application_simulation_SSO-CHB, with json SSO_lengths-24.json

2021-04-05 22:11:24,153 - 

Running application application_simulation_SSO-CHB, with json SSO_lengths-25.json

2021-04-05 22:11:26,093 - 

Running application application_simulation_SSO-CHB, with json SSO_lengths-26.json

2021-04-05 22:11:28,168 - 

Running application application_simulation_SSO-CHB, with json SSO_lengths-27.json

2021-04-05 22:11:30,189 - 

Running application application_simulation_SSO-CHB, with json SSO_lengths-28.json

2021-04-05 22:11:32,118 - 

Running application application_simulation_SSO-CHB, with json SSO_lengths-29.json

2021-04-05 22:11:34,132 - 

Running application application_simulation_SSO-CHB, with json SSO_lengths-3.json

2021-04-05 22:11:36,186 - 

Running application application_simulation_SSO-CHB, with json SSO_lengths-30.json

2021-04-05 22:11:38,290 - 

Running application application_simulation_SSO-CHB, with json SSO_lengths-31.json

2021-04-05 22:11:40,186 - 

Running application application_simulation_SSO-CHB, with json SSO_lengths-32.json

2021-04-05 22:11:42,227 - 

Running application application_simulation_SSO-CHB, with json SSO_lengths-33.json

2021-04-05 22:11:44,126 - 

Running application application_simulation_SSO-CHB, with json SSO_lengths-34.json

2021-04-05 22:11:46,085 - 

Running application application_simulation_SSO-CHB, with json SSO_lengths-35.json

2021-04-05 22:11:48,162 - 

Running application application_simulation_SSO-CHB, with json SSO_lengths-36.json

2021-04-05 22:11:50,186 - 

Running application application_simulation_SSO-CHB, with json SSO_lengths-37.json

2021-04-05 22:11:52,209 - 

Running application application_simulation_SSO-CHB, with json SSO_lengths-38.json

2021-04-05 22:11:54,336 - 

Running application application_simulation_SSO-CHB, with json SSO_lengths-39.json

2021-04-05 22:11:56,435 - 

Running application application_simulation_SSO-CHB, with json SSO_lengths-4.json

2021-04-05 22:11:58,438 - 

Running application application_simulation_SSO-CHB, with json SSO_lengths-40.json

2021-04-05 22:12:00,496 - 

Running application application_simulation_SSO-CHB, with json SSO_lengths-41.json

2021-04-05 22:12:02,358 - 

Running application application_simulation_SSO-CHB, with json SSO_lengths-42.json

2021-04-05 22:12:04,430 - 

Running application application_simulation_SSO-CHB, with json SSO_lengths-43.json

2021-04-05 22:12:06,372 - 

Running application application_simulation_SSO-CHB, with json SSO_lengths-44.json

2021-04-05 22:12:08,486 - 

Running application application_simulation_SSO-CHB, with json SSO_lengths-45.json

2021-04-05 22:12:10,570 - 

Running application application_simulation_SSO-CHB, with json SSO_lengths-46.json

2021-04-05 22:12:12,702 - 

Running application application_simulation_SSO-CHB, with json SSO_lengths-47.json

2021-04-05 22:12:14,618 - 

Running application application_simulation_SSO-CHB, with json SSO_lengths-48.json

2021-04-05 22:12:16,567 - 

Running application application_simulation_SSO-CHB, with json SSO_lengths-49.json

2021-04-05 22:12:18,512 - 

Running application application_simulation_SSO-CHB, with json SSO_lengths-5.json

2021-04-05 22:12:20,402 - 

Running application application_simulation_SSO-CHB, with json SSO_lengths-50.json

2021-04-05 22:12:22,420 - 

Running application application_simulation_SSO-CHB, with json SSO_lengths-51.json

2021-04-05 22:12:24,332 - 

Running application application_simulation_SSO-CHB, with json SSO_lengths-52.json

2021-04-05 22:12:26,236 - 

Running application application_simulation_SSO-CHB, with json SSO_lengths-53.json

2021-04-05 22:12:28,287 - 

Running application application_simulation_SSO-CHB, with json SSO_lengths-54.json

2021-04-05 22:12:30,306 - 

Running application application_simulation_SSO-CHB, with json SSO_lengths-55.json

2021-04-05 22:12:32,338 - 

Running application application_simulation_SSO-CHB, with json SSO_lengths-56.json

2021-04-05 22:12:34,297 - 

Running application application_simulation_SSO-CHB, with json SSO_lengths-57.json

2021-04-05 22:12:36,226 - 

Running application application_simulation_SSO-CHB, with json SSO_lengths-58.json

2021-04-05 22:12:38,075 - 

Running application application_simulation_SSO-CHB, with json SSO_lengths-59.json

2021-04-05 22:12:40,200 - 

Running application application_simulation_SSO-CHB, with json SSO_lengths-6.json

2021-04-05 22:12:42,171 - 

Running application application_simulation_SSO-CHB, with json SSO_lengths-60.json

2021-04-05 22:12:44,134 - 

Running application application_simulation_SSO-CHB, with json SSO_lengths-61.json

2021-04-05 22:12:46,093 - 

Running application application_simulation_SSO-CHB, with json SSO_lengths-62.json

2021-04-05 22:12:48,217 - 

Running application application_simulation_SSO-CHB, with json SSO_lengths-63.json

2021-04-05 22:12:50,306 - 

Running application application_simulation_SSO-CHB, with json SSO_lengths-64.json

2021-04-05 22:12:52,311 - 

Running application application_simulation_SSO-CHB, with json SSO_lengths-65.json

2021-04-05 22:12:54,452 - 

Running application application_simulation_SSO-CHB, with json SSO_lengths-66.json

2021-04-05 22:12:56,580 - 

Running application application_simulation_SSO-CHB, with json SSO_lengths-67.json

2021-04-05 22:12:58,627 - 

Running application application_simulation_SSO-CHB, with json SSO_lengths-68.json

2021-04-05 22:13:00,695 - 

Running application application_simulation_SSO-CHB, with json SSO_lengths-69.json

2021-04-05 22:13:02,854 - 

Running application application_simulation_SSO-CHB, with json SSO_lengths-7.json

2021-04-05 22:13:04,942 - 

Running application application_simulation_SSO-CHB, with json SSO_lengths-70.json

2021-04-05 22:13:06,948 - 

Running application application_simulation_SSO-CHB, with json SSO_lengths-71.json

2021-04-05 22:13:08,925 - 

Running application application_simulation_SSO-CHB, with json SSO_lengths-72.json

2021-04-05 22:13:10,922 - 

Running application application_simulation_SSO-CHB, with json SSO_lengths-73.json

2021-04-05 22:13:12,945 - 

Running application application_simulation_SSO-CHB, with json SSO_lengths-74.json

2021-04-05 22:13:14,973 - 

Running application application_simulation_SSO-CHB, with json SSO_lengths-75.json

2021-04-05 22:13:16,975 - 

Running application application_simulation_SSO-CHB, with json SSO_lengths-76.json

2021-04-05 22:13:18,975 - 

Running application application_simulation_SSO-CHB, with json SSO_lengths-77.json

2021-04-05 22:13:20,831 - 

Running application application_simulation_SSO-CHB, with json SSO_lengths-78.json

2021-04-05 22:13:22,696 - 

Running application application_simulation_SSO-CHB, with json SSO_lengths-79.json

2021-04-05 22:13:24,574 - 

Running application application_simulation_SSO-CHB, with json SSO_lengths-8.json

2021-04-05 22:13:26,553 - 

Running application application_simulation_SSO-CHB, with json SSO_lengths-80.json

2021-04-05 22:13:28,529 - 

Running application application_simulation_SSO-CHB, with json SSO_lengths-81.json

2021-04-05 22:13:30,452 - 

Running application application_simulation_SSO-CHB, with json SSO_lengths-82.json

2021-04-05 22:13:32,480 - 

Running application application_simulation_SSO-CHB, with json SSO_lengths-83.json

2021-04-05 22:13:34,476 - 

Running application application_simulation_SSO-CHB, with json SSO_lengths-84.json

2021-04-05 22:13:36,387 - 

Running application application_simulation_SSO-CHB, with json SSO_lengths-85.json

2021-04-05 22:13:38,208 - 

Running application application_simulation_SSO-CHB, with json SSO_lengths-86.json

2021-04-05 22:13:40,130 - 

Running application application_simulation_SSO-CHB, with json SSO_lengths-87.json

2021-04-05 22:13:41,978 - 

Running application application_simulation_SSO-CHB, with json SSO_lengths-88.json

2021-04-05 22:13:43,885 - 

Running application application_simulation_SSO-CHB, with json SSO_lengths-89.json

2021-04-05 22:13:45,750 - 

Running application application_simulation_SSO-CHB, with json SSO_lengths-9.json

2021-04-05 22:13:47,662 - 

Running application application_simulation_SSO-CHB, with json SSO_lengths-90.json

2021-04-05 22:13:49,501 - 

Running application application_simulation_SSO-CHB, with json SSO_lengths-91.json

2021-04-05 22:13:51,451 - 

Running application application_simulation_SSO-CHB, with json SSO_lengths-92.json

2021-04-05 22:13:53,299 - 

Running application application_simulation_SSO-CHB, with json SSO_lengths-93.json

2021-04-05 22:13:55,163 - 

Running application application_simulation_SSO-CHB, with json SSO_lengths-94.json

2021-04-05 22:13:56,988 - 

Running application application_simulation_SSO-CHB, with json SSO_lengths-95.json

2021-04-05 22:13:58,824 - 

Running application application_simulation_SSO-CHB, with json SSO_lengths-96.json

2021-04-05 22:14:00,826 - 

Running application application_simulation_SSO-CHB, with json SSO_lengths-97.json

2021-04-05 22:14:02,675 - 

Running application application_simulation_SSO-CHB, with json SSO_lengths-98.json

2021-04-05 22:14:04,525 - 

Running application application_simulation_SSO-CHB, with json SSO_lengths-99.json

2021-04-05 22:14:06,389 - 

Running application application_simulation_SSO-CHB, with json SSO_lineSeparationCoefficients-1.json

2021-04-05 22:14:08,254 - 

Running application application_simulation_SSO-CHB, with json SSO_lineSeparationCoefficients-10.json

2021-04-05 22:14:10,116 - 

Running application application_simulation_SSO-CHB, with json SSO_lineSeparationCoefficients-2.json

2021-04-05 22:14:12,097 - 

Running application application_simulation_SSO-CHB, with json SSO_lineSeparationCoefficients-3.json

2021-04-05 22:14:13,947 - 

Running application application_simulation_SSO-CHB, with json SSO_lineSeparationCoefficients-4.json

2021-04-05 22:14:15,823 - 

Running application application_simulation_SSO-CHB, with json SSO_lineSeparationCoefficients-5.json

2021-04-05 22:14:17,653 - 

Running application application_simulation_SSO-CHB, with json SSO_lineSeparationCoefficients-6.json

2021-04-05 22:14:19,568 - 

Running application application_simulation_SSO-CHB, with json SSO_lineSeparationCoefficients-7.json

2021-04-05 22:14:21,422 - 

Running application application_simulation_SSO-CHB, with json SSO_lineSeparationCoefficients-8.json

2021-04-05 22:14:23,283 - 

Running application application_simulation_SSO-CHB, with json SSO_lineSeparationCoefficients-9.json

2021-04-05 22:14:25,175 - 

Running application application_simulation_SSO-CHB, with json SSO_noLines-1.json

2021-04-05 22:14:27,060 - 

Running application application_simulation_SSO-CHB, with json SSO_noLines-10.json

2021-04-05 22:14:28,901 - 

Running application application_simulation_SSO-CHB, with json SSO_noLines-2.json

2021-04-05 22:14:30,766 - 

Running application application_simulation_SSO-CHB, with json SSO_noLines-3.json

2021-04-05 22:14:32,670 - 

Running application application_simulation_SSO-CHB, with json SSO_noLines-4.json

2021-04-05 22:14:34,543 - 

Running application application_simulation_SSO-CHB, with json SSO_noLines-5.json

2021-04-05 22:14:36,439 - 

Running application application_simulation_SSO-CHB, with json SSO_noLines-6.json

2021-04-05 22:14:38,494 - 

Running application application_simulation_SSO-CHB, with json SSO_noLines-7.json

2021-04-05 22:14:40,321 - 

Running application application_simulation_SSO-CHB, with json SSO_noLines-8.json

2021-04-05 22:14:42,347 - 

Running application application_simulation_SSO-CHB, with json SSO_noLines-9.json

2021-04-05 22:14:44,324 - 

Running application application_simulation_SSO-CHB, with json SSO_occultationCoefficients-1.json

2021-04-05 22:14:46,323 - 

Running application application_simulation_SSO-CHB, with json SSO_occultationCoefficients-10.json

2021-04-05 22:14:48,386 - 

Running application application_simulation_SSO-CHB, with json SSO_occultationCoefficients-2.json

2021-04-05 22:14:50,472 - 

Running application application_simulation_SSO-CHB, with json SSO_occultationCoefficients-3.json

2021-04-05 22:14:52,367 - 

Running application application_simulation_SSO-CHB, with json SSO_occultationCoefficients-4.json

2021-04-05 22:14:54,383 - 

Running application application_simulation_SSO-CHB, with json SSO_occultationCoefficients-5.json

2021-04-05 22:14:56,303 - 

Running application application_simulation_SSO-CHB, with json SSO_occultationCoefficients-6.json

2021-04-05 22:14:58,133 - 

Running application application_simulation_SSO-CHB, with json SSO_occultationCoefficients-7.json

2021-04-05 22:15:00,143 - 

Running application application_simulation_SSO-CHB, with json SSO_occultationCoefficients-8.json

2021-04-05 22:15:02,180 - 

Running application application_simulation_SSO-CHB, with json SSO_occultationCoefficients-9.json

2021-04-05 22:15:04,218 - 

Running application application_simulation_SSO-CHB, with json SSO_slackCoefficients-1.json

2021-04-05 22:15:06,169 - 

Running application application_simulation_SSO-CHB, with json SSO_slackCoefficients-10.json

2021-04-05 22:15:08,103 - 

Running application application_simulation_SSO-CHB, with json SSO_slackCoefficients-2.json

2021-04-05 22:15:09,993 - 

Running application application_simulation_SSO-CHB, with json SSO_slackCoefficients-3.json

2021-04-05 22:15:11,960 - 

Running application application_simulation_SSO-CHB, with json SSO_slackCoefficients-4.json

2021-04-05 22:15:14,044 - 

Running application application_simulation_SSO-CHB, with json SSO_slackCoefficients-5.json

2021-04-05 22:15:16,130 - 

Running application application_simulation_SSO-CHB, with json SSO_slackCoefficients-6.json

2021-04-05 22:15:18,135 - 

Running application application_simulation_SSO-CHB, with json SSO_slackCoefficients-7.json

2021-04-05 22:15:20,055 - 

Running application application_simulation_SSO-CHB, with json SSO_slackCoefficients-8.json

2021-04-05 22:15:22,084 - 

Running application application_simulation_SSO-CHB, with json SSO_slackCoefficients-9.json

