2021-02-25 20:58:29,119 - 

Running application application_simulation_SSO-CHB, with json InO_init.json

2021-02-25 20:58:29,124 - ===============Loading Variables From File==================
2021-02-25 20:58:29,125 - ===============Prepping Sim==================
2021-02-25 20:58:29,125 -  -- Loading spice kernels -- 
2021-02-25 20:58:29,147 -  -- Creating environment class -- 
2021-02-25 20:58:29,147 - B0 for year 2001.3 : 7.26651
2021-02-25 20:58:29,147 -  -- Creating Config class -- 
2021-02-25 20:58:29,147 -  -- Creating Guidance class -- 
2021-02-25 20:58:29,147 - Updating guidance settings
2021-02-25 20:58:29,147 -  -- Creating Propbodies class -- 
2021-02-25 20:58:29,147 - Using bodies: 
2021-02-25 20:58:29,147 - Sun
2021-02-25 20:58:29,147 - Mercury
2021-02-25 20:58:29,147 - Venus
2021-02-25 20:58:29,147 - Earth
2021-02-25 20:58:29,148 - Mars
2021-02-25 20:58:29,148 - Jupiter
2021-02-25 20:58:29,148 - Saturn
2021-02-25 20:58:29,148 - Uranus
2021-02-25 20:58:29,148 - Neptune
2021-02-25 20:58:29,148 - Effective SRP radiation coefficient of vehicle: 0.5
2021-02-25 20:58:29,148 - Effective SRP reference area of vehicle       : 2.4
2021-02-25 20:58:29,148 - Spacecraft Mass                               : 100
2021-02-25 20:58:29,148 -  -- Creating Propsettings class -- 
2021-02-25 20:58:29,148 - INITIAL EPHEMERIS YEAR: 2000
2021-02-25 20:58:29,148 - INITIAL EPHEMERIS TIME: 0
2021-02-25 20:58:29,148 - ====================Propagating==========================
2021-02-25 20:58:29,148 - Dependent variables being saved, output vectors contain: 
2021-02-25 20:58:29,148 - Vector entry, Vector contents
2021-02-25 20:58:29,148 - 0, Kepler elements of Vehicle w.r.t. Sun
2021-02-25 20:58:29,148 - 6, Relative distance of Vehicle w.r.t. Sun
2021-02-25 20:58:29,148 - 7, Single acceleration in inertial frame of type cannonball radiation pressure , acting on Vehicle, exerted by Sun
2021-02-25 20:58:29,923 - ====================Saving Data==========================
2021-02-25 20:58:29,924 - Saving propData
2021-02-25 20:58:29,927 - Saving magneticFieldData
2021-02-25 20:58:29,979 - Saving ionosphericData
2021-02-25 20:58:30,001 - Saving thrustData
2021-02-25 20:58:30,047 - Saving currentData
2021-02-25 20:58:30,110 - Saving currentVNVData
2021-02-25 20:58:30,193 - Saving bodyData
2021-02-25 20:58:30,247 - Saving dependentVariableData
2021-02-25 20:58:30,251 - Program finished 
2021-02-25 20:58:30,538 - 

Running application application_simulation_SSO-CHB, with json InO_stage2.json

2021-02-25 20:58:30,544 - ===============Loading Variables From File==================
2021-02-25 20:58:30,544 - ===============Prepping Sim==================
2021-02-25 20:58:30,545 -  -- Loading spice kernels -- 
2021-02-25 20:58:30,567 -  -- Creating environment class -- 
2021-02-25 20:58:30,567 - B0 for year 2001.3 : 7.26651
2021-02-25 20:58:30,567 -  -- Creating Config class -- 
2021-02-25 20:58:30,567 -  -- Creating Guidance class -- 
2021-02-25 20:58:30,567 - Updating guidance settings
2021-02-25 20:58:30,567 -  -- Creating Propbodies class -- 
2021-02-25 20:58:30,567 - Using bodies: 
2021-02-25 20:58:30,567 - Sun
2021-02-25 20:58:30,567 - Mercury
2021-02-25 20:58:30,567 - Venus
2021-02-25 20:58:30,567 - Earth
2021-02-25 20:58:30,567 - Mars
2021-02-25 20:58:30,567 - Jupiter
2021-02-25 20:58:30,567 - Saturn
2021-02-25 20:58:30,567 - Uranus
2021-02-25 20:58:30,567 - Neptune
2021-02-25 20:58:30,568 - Effective SRP radiation coefficient of vehicle: 0.5
2021-02-25 20:58:30,568 - Effective SRP reference area of vehicle       : 2.4
2021-02-25 20:58:30,568 - Spacecraft Mass                               : 100
2021-02-25 20:58:30,568 -  -- Creating Propsettings class -- 
2021-02-25 20:58:30,568 - INITIAL EPHEMERIS YEAR: 2006.58
2021-02-25 20:58:30,568 - INITIAL EPHEMERIS TIME: 2.07789e+08
2021-02-25 20:58:30,568 - ====================Propagating==========================
2021-02-25 20:58:30,568 - Dependent variables being saved, output vectors contain: 
2021-02-25 20:58:30,568 - Vector entry, Vector contents
2021-02-25 20:58:30,568 - 0, Kepler elements of Vehicle w.r.t. Sun
2021-02-25 20:58:30,568 - 6, Relative distance of Vehicle w.r.t. Sun
2021-02-25 20:58:30,568 - 7, Single acceleration in inertial frame of type cannonball radiation pressure , acting on Vehicle, exerted by Sun
2021-02-25 20:58:59,391 - ====================Saving Data==========================
2021-02-25 20:58:59,392 - Saving propData
2021-02-25 20:58:59,519 - Saving magneticFieldData
2021-02-25 20:59:01,610 - Saving ionosphericData
2021-02-25 20:59:02,467 - Saving thrustData
2021-02-25 20:59:04,278 - Saving currentData
2021-02-25 20:59:06,124 - Saving currentVNVData
2021-02-25 20:59:09,335 - Saving bodyData
2021-02-25 20:59:11,306 - Saving dependentVariableData
2021-02-25 20:59:11,485 - Program finished 
