2021-05-11 10:38:55,717 - 

Running application application_simulation_SSO-CHB, with json SSO_Base.json

2021-05-11 10:38:57,651 - 

Running application application_simulation_SSO-CHB, with json SSO_areaRatios-1.json

2021-05-11 10:38:59,557 - 

Running application application_simulation_SSO-CHB, with json SSO_areaRatios-2.json

2021-05-11 10:39:01,445 - 

Running application application_simulation_SSO-CHB, with json SSO_areaRatios-3.json

2021-05-11 10:39:03,327 - 

Running application application_simulation_SSO-CHB, with json SSO_areaRatios-4.json

2021-05-11 10:39:05,284 - 

Running application application_simulation_SSO-CHB, with json SSO_areaRatios-5.json

2021-05-11 10:39:07,153 - 

Running application application_simulation_SSO-CHB, with json SSO_areaRatios-6.json

2021-05-11 10:39:09,054 - 

Running application application_simulation_SSO-CHB, with json SSO_areaRatios-7.json

2021-05-11 10:39:10,932 - 

Running application application_simulation_SSO-CHB, with json SSO_areaRatios-8.json

2021-05-11 10:39:12,799 - 

Running application application_simulation_SSO-CHB, with json SSO_areaRatios-9.json

2021-05-11 10:39:14,682 - 

Running application application_simulation_SSO-CHB, with json SSO_areaRatios-10.json

2021-05-11 10:39:16,552 - 

Running application application_simulation_SSO-CHB, with json SSO_areaRatios-11.json

2021-05-11 10:39:18,429 - 

Running application application_simulation_SSO-CHB, with json SSO_areaRatios-12.json

2021-05-11 10:39:20,402 - 

Running application application_simulation_SSO-CHB, with json SSO_areaRatios-13.json

2021-05-11 10:39:22,264 - 

Running application application_simulation_SSO-CHB, with json SSO_areaRatios-14.json

2021-05-11 10:39:24,184 - 

Running application application_simulation_SSO-CHB, with json SSO_areaRatios-15.json

2021-05-11 10:39:26,089 - 

Running application application_simulation_SSO-CHB, with json SSO_areaRatios-16.json

2021-05-11 10:39:27,978 - 

Running application application_simulation_SSO-CHB, with json SSO_areaRatios-17.json

2021-05-11 10:39:29,880 - 

Running application application_simulation_SSO-CHB, with json SSO_areaRatios-18.json

2021-05-11 10:39:31,802 - 

Running application application_simulation_SSO-CHB, with json SSO_areaRatios-19.json

2021-05-11 10:39:33,689 - 

Running application application_simulation_SSO-CHB, with json SSO_areaRatios-20.json

2021-05-11 10:39:35,584 - 

Running application application_simulation_SSO-CHB, with json SSO_currents-1.json

2021-05-11 10:39:37,597 - 

Running application application_simulation_SSO-CHB, with json SSO_currents-2.json

2021-05-11 10:39:39,481 - 

Running application application_simulation_SSO-CHB, with json SSO_currents-3.json

2021-05-11 10:39:41,466 - 

Running application application_simulation_SSO-CHB, with json SSO_currents-4.json

2021-05-11 10:39:43,354 - 

Running application application_simulation_SSO-CHB, with json SSO_currents-5.json

2021-05-11 10:39:45,403 - 

Running application application_simulation_SSO-CHB, with json SSO_currents-6.json

2021-05-11 10:39:47,323 - 

Running application application_simulation_SSO-CHB, with json SSO_currents-7.json

2021-05-11 10:39:49,209 - 

Running application application_simulation_SSO-CHB, with json SSO_currents-8.json

2021-05-11 10:39:51,099 - 

Running application application_simulation_SSO-CHB, with json SSO_currents-9.json

2021-05-11 10:39:52,959 - 

Running application application_simulation_SSO-CHB, with json SSO_currents-10.json

2021-05-11 10:39:54,883 - 

Running application application_simulation_SSO-CHB, with json SSO_currents-11.json

2021-05-11 10:39:56,806 - 

Running application application_simulation_SSO-CHB, with json SSO_currents-12.json

2021-05-11 10:39:58,713 - 

Running application application_simulation_SSO-CHB, with json SSO_currents-13.json

2021-05-11 10:40:00,635 - 

Running application application_simulation_SSO-CHB, with json SSO_currents-14.json

2021-05-11 10:40:02,549 - 

Running application application_simulation_SSO-CHB, with json SSO_currents-15.json

2021-05-11 10:40:04,426 - 

Running application application_simulation_SSO-CHB, with json SSO_currents-16.json

2021-05-11 10:40:06,309 - 

Running application application_simulation_SSO-CHB, with json SSO_currents-17.json

2021-05-11 10:40:08,218 - 

Running application application_simulation_SSO-CHB, with json SSO_currents-18.json

2021-05-11 10:40:10,126 - 

Running application application_simulation_SSO-CHB, with json SSO_currents-19.json

2021-05-11 10:40:12,005 - 

Running application application_simulation_SSO-CHB, with json SSO_currents-20.json

2021-05-11 10:40:13,877 - 

Running application application_simulation_SSO-CHB, with json SSO_diameters-1.json

2021-05-11 10:40:15,817 - 

Running application application_simulation_SSO-CHB, with json SSO_diameters-2.json

2021-05-11 10:40:17,722 - 

Running application application_simulation_SSO-CHB, with json SSO_diameters-3.json

2021-05-11 10:40:19,636 - 

Running application application_simulation_SSO-CHB, with json SSO_diameters-4.json

2021-05-11 10:40:21,529 - 

Running application application_simulation_SSO-CHB, with json SSO_diameters-5.json

2021-05-11 10:40:23,431 - 

Running application application_simulation_SSO-CHB, with json SSO_diameters-6.json

2021-05-11 10:40:25,341 - 

Running application application_simulation_SSO-CHB, with json SSO_diameters-7.json

2021-05-11 10:40:27,230 - 

Running application application_simulation_SSO-CHB, with json SSO_diameters-8.json

2021-05-11 10:40:29,173 - 

Running application application_simulation_SSO-CHB, with json SSO_diameters-9.json

2021-05-11 10:40:31,074 - 

Running application application_simulation_SSO-CHB, with json SSO_diameters-10.json

2021-05-11 10:40:33,050 - 

Running application application_simulation_SSO-CHB, with json SSO_diameters-11.json

2021-05-11 10:40:34,949 - 

Running application application_simulation_SSO-CHB, with json SSO_diameters-12.json

2021-05-11 10:40:36,868 - 

Running application application_simulation_SSO-CHB, with json SSO_diameters-13.json

2021-05-11 10:40:38,783 - 

Running application application_simulation_SSO-CHB, with json SSO_diameters-14.json

2021-05-11 10:40:40,706 - 

Running application application_simulation_SSO-CHB, with json SSO_diameters-15.json

2021-05-11 10:40:42,573 - 

Running application application_simulation_SSO-CHB, with json SSO_diameters-16.json

2021-05-11 10:40:44,557 - 

Running application application_simulation_SSO-CHB, with json SSO_diameters-17.json

2021-05-11 10:40:46,453 - 

Running application application_simulation_SSO-CHB, with json SSO_diameters-18.json

2021-05-11 10:40:48,358 - 

Running application application_simulation_SSO-CHB, with json SSO_diameters-19.json

2021-05-11 10:40:50,260 - 

Running application application_simulation_SSO-CHB, with json SSO_diameters-20.json

2021-05-11 10:40:52,178 - 

Running application application_simulation_SSO-CHB, with json SSO_endmassMasses-1.json

2021-05-11 10:40:54,114 - 

Running application application_simulation_SSO-CHB, with json SSO_endmassMasses-2.json

2021-05-11 10:40:56,001 - 

Running application application_simulation_SSO-CHB, with json SSO_endmassMasses-3.json

2021-05-11 10:40:57,907 - 

Running application application_simulation_SSO-CHB, with json SSO_endmassMasses-4.json

2021-05-11 10:40:59,835 - 

Running application application_simulation_SSO-CHB, with json SSO_endmassMasses-5.json

2021-05-11 10:41:01,729 - 

Running application application_simulation_SSO-CHB, with json SSO_endmassMasses-6.json

2021-05-11 10:41:03,644 - 

Running application application_simulation_SSO-CHB, with json SSO_endmassMasses-7.json

2021-05-11 10:41:05,630 - 

Running application application_simulation_SSO-CHB, with json SSO_endmassMasses-8.json

2021-05-11 10:41:07,515 - 

Running application application_simulation_SSO-CHB, with json SSO_endmassMasses-9.json

2021-05-11 10:41:09,397 - 

Running application application_simulation_SSO-CHB, with json SSO_endmassMasses-10.json

2021-05-11 10:41:11,316 - 

Running application application_simulation_SSO-CHB, with json SSO_lengthRatios-1.json

2021-05-11 10:41:11,343 - 

Running application application_simulation_SSO-CHB, with json SSO_lengthRatios-2.json

2021-05-11 10:41:13,239 - 

Running application application_simulation_SSO-CHB, with json SSO_lengthRatios-3.json

2021-05-11 10:41:15,166 - 

Running application application_simulation_SSO-CHB, with json SSO_lengthRatios-4.json

2021-05-11 10:41:17,040 - 

Running application application_simulation_SSO-CHB, with json SSO_lengthRatios-5.json

2021-05-11 10:41:18,934 - 

Running application application_simulation_SSO-CHB, with json SSO_lengthRatios-6.json

2021-05-11 10:41:20,833 - 

Running application application_simulation_SSO-CHB, with json SSO_lengthRatios-7.json

2021-05-11 10:41:22,795 - 

Running application application_simulation_SSO-CHB, with json SSO_lengthRatios-8.json

2021-05-11 10:41:24,699 - 

Running application application_simulation_SSO-CHB, with json SSO_lengthRatios-9.json

2021-05-11 10:41:26,594 - 

Running application application_simulation_SSO-CHB, with json SSO_lengthRatios-10.json

2021-05-11 10:41:28,531 - 

Running application application_simulation_SSO-CHB, with json SSO_lengths-1.json

2021-05-11 10:41:30,458 - 

Running application application_simulation_SSO-CHB, with json SSO_lengths-2.json

2021-05-11 10:41:32,325 - 

Running application application_simulation_SSO-CHB, with json SSO_lengths-3.json

2021-05-11 10:41:34,222 - 

Running application application_simulation_SSO-CHB, with json SSO_lengths-4.json

2021-05-11 10:41:36,168 - 

Running application application_simulation_SSO-CHB, with json SSO_lengths-5.json

2021-05-11 10:41:38,048 - 

Running application application_simulation_SSO-CHB, with json SSO_lengths-6.json

2021-05-11 10:41:39,914 - 

Running application application_simulation_SSO-CHB, with json SSO_lengths-7.json

2021-05-11 10:41:41,931 - 

Running application application_simulation_SSO-CHB, with json SSO_lengths-8.json

2021-05-11 10:41:43,805 - 

Running application application_simulation_SSO-CHB, with json SSO_lengths-9.json

2021-05-11 10:41:45,687 - 

Running application application_simulation_SSO-CHB, with json SSO_lengths-10.json

2021-05-11 10:41:47,545 - 

Running application application_simulation_SSO-CHB, with json SSO_lengths-11.json

2021-05-11 10:41:49,431 - 

Running application application_simulation_SSO-CHB, with json SSO_lengths-12.json

2021-05-11 10:41:51,325 - 

Running application application_simulation_SSO-CHB, with json SSO_lengths-13.json

2021-05-11 10:41:53,251 - 

Running application application_simulation_SSO-CHB, with json SSO_lengths-14.json

2021-05-11 10:41:55,160 - 

Running application application_simulation_SSO-CHB, with json SSO_lengths-15.json

2021-05-11 10:41:57,159 - 

Running application application_simulation_SSO-CHB, with json SSO_lengths-16.json

2021-05-11 10:41:59,055 - 

Running application application_simulation_SSO-CHB, with json SSO_lengths-17.json

2021-05-11 10:42:00,957 - 

Running application application_simulation_SSO-CHB, with json SSO_lengths-18.json

2021-05-11 10:42:02,843 - 

Running application application_simulation_SSO-CHB, with json SSO_lengths-19.json

2021-05-11 10:42:04,737 - 

Running application application_simulation_SSO-CHB, with json SSO_lengths-20.json

2021-05-11 10:42:06,680 - 

Running application application_simulation_SSO-CHB, with json SSO_lineSeparationCoefficients-1.json

2021-05-11 10:42:08,579 - 

Running application application_simulation_SSO-CHB, with json SSO_lineSeparationCoefficients-2.json

2021-05-11 10:42:10,499 - 

Running application application_simulation_SSO-CHB, with json SSO_lineSeparationCoefficients-3.json

2021-05-11 10:42:12,402 - 

Running application application_simulation_SSO-CHB, with json SSO_lineSeparationCoefficients-4.json

2021-05-11 10:42:14,302 - 

Running application application_simulation_SSO-CHB, with json SSO_lineSeparationCoefficients-5.json

2021-05-11 10:42:16,201 - 

Running application application_simulation_SSO-CHB, with json SSO_lineSeparationCoefficients-6.json

2021-05-11 10:42:18,104 - 

Running application application_simulation_SSO-CHB, with json SSO_lineSeparationCoefficients-7.json

2021-05-11 10:42:19,997 - 

Running application application_simulation_SSO-CHB, with json SSO_lineSeparationCoefficients-8.json

2021-05-11 10:42:21,941 - 

Running application application_simulation_SSO-CHB, with json SSO_lineSeparationCoefficients-9.json

2021-05-11 10:42:23,866 - 

Running application application_simulation_SSO-CHB, with json SSO_lineSeparationCoefficients-10.json

2021-05-11 10:42:25,773 - 

Running application application_simulation_SSO-CHB, with json SSO_noLines-1.json

2021-05-11 10:42:27,704 - 

Running application application_simulation_SSO-CHB, with json SSO_noLines-2.json

2021-05-11 10:42:29,616 - 

Running application application_simulation_SSO-CHB, with json SSO_noLines-3.json

2021-05-11 10:42:31,526 - 

Running application application_simulation_SSO-CHB, with json SSO_noLines-4.json

2021-05-11 10:42:33,469 - 

Running application application_simulation_SSO-CHB, with json SSO_noLines-5.json

2021-05-11 10:42:35,738 - 

Running application application_simulation_SSO-CHB, with json SSO_noLines-6.json

2021-05-11 10:42:38,061 - 

Running application application_simulation_SSO-CHB, with json SSO_noLines-7.json

2021-05-11 10:42:40,612 - 

Running application application_simulation_SSO-CHB, with json SSO_noLines-8.json

2021-05-11 10:42:42,978 - 

Running application application_simulation_SSO-CHB, with json SSO_noLines-9.json

2021-05-11 10:42:44,902 - 

Running application application_simulation_SSO-CHB, with json SSO_noLines-10.json

2021-05-11 10:42:46,850 - 

Running application application_simulation_SSO-CHB, with json SSO_occultationCoefficients-1.json

2021-05-11 10:42:48,766 - 

Running application application_simulation_SSO-CHB, with json SSO_occultationCoefficients-2.json

2021-05-11 10:42:50,689 - 

Running application application_simulation_SSO-CHB, with json SSO_occultationCoefficients-3.json

2021-05-11 10:42:52,685 - 

Running application application_simulation_SSO-CHB, with json SSO_occultationCoefficients-4.json

2021-05-11 10:42:54,579 - 

Running application application_simulation_SSO-CHB, with json SSO_occultationCoefficients-5.json

2021-05-11 10:42:56,533 - 

Running application application_simulation_SSO-CHB, with json SSO_occultationCoefficients-6.json

2021-05-11 10:42:58,455 - 

Running application application_simulation_SSO-CHB, with json SSO_occultationCoefficients-7.json

2021-05-11 10:43:00,377 - 

Running application application_simulation_SSO-CHB, with json SSO_occultationCoefficients-8.json

2021-05-11 10:43:02,281 - 

Running application application_simulation_SSO-CHB, with json SSO_occultationCoefficients-9.json

2021-05-11 10:43:04,209 - 

Running application application_simulation_SSO-CHB, with json SSO_occultationCoefficients-10.json

2021-05-11 10:43:06,172 - 

Running application application_simulation_SSO-CHB, with json SSO_slackCoefficients-1.json

2021-05-11 10:43:08,089 - 

Running application application_simulation_SSO-CHB, with json SSO_slackCoefficients-2.json

2021-05-11 10:43:10,003 - 

Running application application_simulation_SSO-CHB, with json SSO_slackCoefficients-3.json

2021-05-11 10:43:11,868 - 

Running application application_simulation_SSO-CHB, with json SSO_slackCoefficients-4.json

2021-05-11 10:43:13,768 - 

Running application application_simulation_SSO-CHB, with json SSO_slackCoefficients-5.json

2021-05-11 10:43:15,671 - 

Running application application_simulation_SSO-CHB, with json SSO_slackCoefficients-6.json

2021-05-11 10:43:17,546 - 

Running application application_simulation_SSO-CHB, with json SSO_slackCoefficients-7.json

2021-05-11 10:43:19,494 - 

Running application application_simulation_SSO-CHB, with json SSO_slackCoefficients-8.json

2021-05-11 10:43:21,459 - 

Running application application_simulation_SSO-CHB, with json SSO_slackCoefficients-9.json

2021-05-11 10:43:23,444 - 

Running application application_simulation_SSO-CHB, with json SSO_slackCoefficients-10.json

