2021-04-22 16:32:57,028 - 

Running application application_simulation_SSO-CHB, with json SSO_Base.json

2021-04-22 16:32:59,114 - 

Running application application_simulation_SSO-CHB, with json SSO_areaRatios-1.json

2021-04-22 16:33:01,026 - 

Running application application_simulation_SSO-CHB, with json SSO_areaRatios-2.json

2021-04-22 16:33:02,984 - 

Running application application_simulation_SSO-CHB, with json SSO_areaRatios-3.json

2021-04-22 16:33:04,934 - 

Running application application_simulation_SSO-CHB, with json SSO_areaRatios-4.json

2021-04-22 16:33:06,850 - 

Running application application_simulation_SSO-CHB, with json SSO_areaRatios-5.json

2021-04-22 16:33:08,798 - 

Running application application_simulation_SSO-CHB, with json SSO_areaRatios-6.json

2021-04-22 16:33:10,725 - 

Running application application_simulation_SSO-CHB, with json SSO_areaRatios-7.json

2021-04-22 16:33:12,714 - 

Running application application_simulation_SSO-CHB, with json SSO_areaRatios-8.json

2021-04-22 16:33:14,666 - 

Running application application_simulation_SSO-CHB, with json SSO_areaRatios-9.json

2021-04-22 16:33:16,609 - 

Running application application_simulation_SSO-CHB, with json SSO_areaRatios-10.json

2021-04-22 16:33:18,541 - 

Running application application_simulation_SSO-CHB, with json SSO_currents-1.json

2021-04-22 16:33:20,545 - 

Running application application_simulation_SSO-CHB, with json SSO_currents-2.json

2021-04-22 16:33:22,448 - 

Running application application_simulation_SSO-CHB, with json SSO_currents-3.json

2021-04-22 16:33:24,356 - 

Running application application_simulation_SSO-CHB, with json SSO_currents-4.json

2021-04-22 16:33:26,277 - 

Running application application_simulation_SSO-CHB, with json SSO_currents-5.json

2021-04-22 16:33:28,327 - 

Running application application_simulation_SSO-CHB, with json SSO_currents-6.json

2021-04-22 16:33:30,222 - 

Running application application_simulation_SSO-CHB, with json SSO_currents-7.json

2021-04-22 16:33:32,254 - 

Running application application_simulation_SSO-CHB, with json SSO_currents-8.json

2021-04-22 16:33:34,156 - 

Running application application_simulation_SSO-CHB, with json SSO_currents-9.json

2021-04-22 16:33:36,087 - 

Running application application_simulation_SSO-CHB, with json SSO_currents-10.json

2021-04-22 16:33:38,090 - 

Running application application_simulation_SSO-CHB, with json SSO_diameters-1.json

2021-04-22 16:33:40,032 - 

Running application application_simulation_SSO-CHB, with json SSO_diameters-2.json

2021-04-22 16:33:41,944 - 

Running application application_simulation_SSO-CHB, with json SSO_diameters-3.json

2021-04-22 16:33:43,859 - 

Running application application_simulation_SSO-CHB, with json SSO_diameters-4.json

2021-04-22 16:33:45,761 - 

Running application application_simulation_SSO-CHB, with json SSO_diameters-5.json

2021-04-22 16:33:47,687 - 

Running application application_simulation_SSO-CHB, with json SSO_diameters-6.json

2021-04-22 16:33:49,608 - 

Running application application_simulation_SSO-CHB, with json SSO_diameters-7.json

2021-04-22 16:33:51,529 - 

Running application application_simulation_SSO-CHB, with json SSO_diameters-8.json

2021-04-22 16:33:53,413 - 

Running application application_simulation_SSO-CHB, with json SSO_diameters-9.json

2021-04-22 16:33:55,332 - 

Running application application_simulation_SSO-CHB, with json SSO_diameters-10.json

2021-04-22 16:33:57,260 - 

Running application application_simulation_SSO-CHB, with json SSO_endmassMasses-1.json

2021-04-22 16:33:59,171 - 

Running application application_simulation_SSO-CHB, with json SSO_endmassMasses-2.json

2021-04-22 16:34:01,126 - 

Running application application_simulation_SSO-CHB, with json SSO_endmassMasses-3.json

2021-04-22 16:34:03,098 - 

Running application application_simulation_SSO-CHB, with json SSO_lengthRatios-1.json

2021-04-22 16:34:03,127 - 

Running application application_simulation_SSO-CHB, with json SSO_lengthRatios-2.json

2021-04-22 16:34:05,077 - 

Running application application_simulation_SSO-CHB, with json SSO_lengthRatios-3.json

2021-04-22 16:34:07,013 - 

Running application application_simulation_SSO-CHB, with json SSO_lengths-1.json

2021-04-22 16:34:08,910 - 

Running application application_simulation_SSO-CHB, with json SSO_lengths-2.json

2021-04-22 16:34:10,815 - 

Running application application_simulation_SSO-CHB, with json SSO_lengths-3.json

2021-04-22 16:34:12,729 - 

Running application application_simulation_SSO-CHB, with json SSO_lengths-4.json

2021-04-22 16:34:14,631 - 

Running application application_simulation_SSO-CHB, with json SSO_lengths-5.json

2021-04-22 16:34:16,587 - 

Running application application_simulation_SSO-CHB, with json SSO_lengths-6.json

2021-04-22 16:34:18,515 - 

Running application application_simulation_SSO-CHB, with json SSO_lengths-7.json

2021-04-22 16:34:20,487 - 

Running application application_simulation_SSO-CHB, with json SSO_lengths-8.json

2021-04-22 16:34:22,388 - 

Running application application_simulation_SSO-CHB, with json SSO_lengths-9.json

2021-04-22 16:34:24,299 - 

Running application application_simulation_SSO-CHB, with json SSO_lengths-10.json

2021-04-22 16:34:26,367 - 

Running application application_simulation_SSO-CHB, with json SSO_lineSeparationCoefficients-1.json

2021-04-22 16:34:28,455 - 

Running application application_simulation_SSO-CHB, with json SSO_lineSeparationCoefficients-2.json

2021-04-22 16:34:30,361 - 

Running application application_simulation_SSO-CHB, with json SSO_lineSeparationCoefficients-3.json

2021-04-22 16:34:32,341 - 

Running application application_simulation_SSO-CHB, with json SSO_noLines-1.json

2021-04-22 16:34:34,248 - 

Running application application_simulation_SSO-CHB, with json SSO_noLines-2.json

2021-04-22 16:34:36,127 - 

Running application application_simulation_SSO-CHB, with json SSO_noLines-3.json

2021-04-22 16:34:38,168 - 

Running application application_simulation_SSO-CHB, with json SSO_occultationCoefficients-1.json

2021-04-22 16:34:40,101 - 

Running application application_simulation_SSO-CHB, with json SSO_occultationCoefficients-2.json

2021-04-22 16:34:42,104 - 

Running application application_simulation_SSO-CHB, with json SSO_occultationCoefficients-3.json

2021-04-22 16:34:44,150 - 

Running application application_simulation_SSO-CHB, with json SSO_slackCoefficients-1.json

2021-04-22 16:34:46,071 - 

Running application application_simulation_SSO-CHB, with json SSO_slackCoefficients-2.json

2021-04-22 16:34:47,991 - 

Running application application_simulation_SSO-CHB, with json SSO_slackCoefficients-3.json

