2021-04-06 08:31:17,727 - 

Running application application_simulation_SSO-CHB, with json SSO_Base.json

2021-04-06 08:31:19,711 - 

Running application application_simulation_SSO-CHB, with json SSO_areaRatios-1.json

2021-04-06 08:31:21,667 - 

Running application application_simulation_SSO-CHB, with json SSO_areaRatios-10.json

2021-04-06 08:31:23,637 - 

Running application application_simulation_SSO-CHB, with json SSO_areaRatios-100.json

2021-04-06 08:31:25,590 - 

Running application application_simulation_SSO-CHB, with json SSO_areaRatios-11.json

2021-04-06 08:31:27,567 - 

Running application application_simulation_SSO-CHB, with json SSO_areaRatios-12.json

2021-04-06 08:31:29,684 - 

Running application application_simulation_SSO-CHB, with json SSO_areaRatios-13.json

2021-04-06 08:31:31,671 - 

Running application application_simulation_SSO-CHB, with json SSO_areaRatios-14.json

2021-04-06 08:31:33,718 - 

Running application application_simulation_SSO-CHB, with json SSO_areaRatios-15.json

2021-04-06 08:31:35,751 - 

Running application application_simulation_SSO-CHB, with json SSO_areaRatios-16.json

2021-04-06 08:31:38,160 - 

Running application application_simulation_SSO-CHB, with json SSO_areaRatios-17.json

2021-04-06 08:31:40,511 - 

Running application application_simulation_SSO-CHB, with json SSO_areaRatios-18.json

2021-04-06 08:31:42,574 - 

Running application application_simulation_SSO-CHB, with json SSO_areaRatios-19.json

2021-04-06 08:31:44,702 - 

Running application application_simulation_SSO-CHB, with json SSO_areaRatios-2.json

2021-04-06 08:31:46,676 - 

Running application application_simulation_SSO-CHB, with json SSO_areaRatios-20.json

2021-04-06 08:31:48,768 - 

Running application application_simulation_SSO-CHB, with json SSO_areaRatios-21.json

2021-04-06 08:31:50,833 - 

Running application application_simulation_SSO-CHB, with json SSO_areaRatios-22.json

2021-04-06 08:31:52,865 - 

Running application application_simulation_SSO-CHB, with json SSO_areaRatios-23.json

2021-04-06 08:31:54,812 - 

Running application application_simulation_SSO-CHB, with json SSO_areaRatios-24.json

2021-04-06 08:31:56,727 - 

Running application application_simulation_SSO-CHB, with json SSO_areaRatios-25.json

2021-04-06 08:31:58,791 - 

Running application application_simulation_SSO-CHB, with json SSO_areaRatios-26.json

2021-04-06 08:32:00,943 - 

Running application application_simulation_SSO-CHB, with json SSO_areaRatios-27.json

2021-04-06 08:32:03,069 - 

Running application application_simulation_SSO-CHB, with json SSO_areaRatios-28.json

2021-04-06 08:32:05,415 - 

Running application application_simulation_SSO-CHB, with json SSO_areaRatios-29.json

2021-04-06 08:32:07,839 - 

Running application application_simulation_SSO-CHB, with json SSO_areaRatios-3.json

2021-04-06 08:32:10,225 - 

Running application application_simulation_SSO-CHB, with json SSO_areaRatios-30.json

2021-04-06 08:32:12,401 - 

Running application application_simulation_SSO-CHB, with json SSO_areaRatios-31.json

2021-04-06 08:32:14,678 - 

Running application application_simulation_SSO-CHB, with json SSO_areaRatios-32.json

2021-04-06 08:32:16,580 - 

Running application application_simulation_SSO-CHB, with json SSO_areaRatios-33.json

2021-04-06 08:32:18,796 - 

Running application application_simulation_SSO-CHB, with json SSO_areaRatios-34.json

2021-04-06 08:32:20,806 - 

Running application application_simulation_SSO-CHB, with json SSO_areaRatios-35.json

2021-04-06 08:32:22,886 - 

Running application application_simulation_SSO-CHB, with json SSO_areaRatios-36.json

2021-04-06 08:32:25,298 - 

Running application application_simulation_SSO-CHB, with json SSO_areaRatios-37.json

2021-04-06 08:32:27,449 - 

Running application application_simulation_SSO-CHB, with json SSO_areaRatios-38.json

2021-04-06 08:32:30,037 - 

Running application application_simulation_SSO-CHB, with json SSO_areaRatios-39.json

2021-04-06 08:32:32,492 - 

Running application application_simulation_SSO-CHB, with json SSO_areaRatios-4.json

2021-04-06 08:32:34,800 - 

Running application application_simulation_SSO-CHB, with json SSO_areaRatios-40.json

2021-04-06 08:32:36,918 - 

Running application application_simulation_SSO-CHB, with json SSO_areaRatios-41.json

2021-04-06 08:32:39,065 - 

Running application application_simulation_SSO-CHB, with json SSO_areaRatios-42.json

2021-04-06 08:32:41,235 - 

Running application application_simulation_SSO-CHB, with json SSO_areaRatios-43.json

2021-04-06 08:32:43,383 - 

Running application application_simulation_SSO-CHB, with json SSO_areaRatios-44.json

2021-04-06 08:32:45,592 - 

Running application application_simulation_SSO-CHB, with json SSO_areaRatios-45.json

2021-04-06 08:32:47,794 - 

Running application application_simulation_SSO-CHB, with json SSO_areaRatios-46.json

2021-04-06 08:32:50,153 - 

Running application application_simulation_SSO-CHB, with json SSO_areaRatios-47.json

2021-04-06 08:32:52,329 - 

Running application application_simulation_SSO-CHB, with json SSO_areaRatios-48.json

2021-04-06 08:32:54,358 - 

Running application application_simulation_SSO-CHB, with json SSO_areaRatios-49.json

2021-04-06 08:32:56,388 - 

Running application application_simulation_SSO-CHB, with json SSO_areaRatios-5.json

2021-04-06 08:32:58,561 - 

Running application application_simulation_SSO-CHB, with json SSO_areaRatios-50.json

2021-04-06 08:33:00,583 - 

Running application application_simulation_SSO-CHB, with json SSO_areaRatios-51.json

2021-04-06 08:33:02,703 - 

Running application application_simulation_SSO-CHB, with json SSO_areaRatios-52.json

2021-04-06 08:33:04,809 - 

Running application application_simulation_SSO-CHB, with json SSO_areaRatios-53.json

2021-04-06 08:33:06,767 - 

Running application application_simulation_SSO-CHB, with json SSO_areaRatios-54.json

2021-04-06 08:33:08,806 - 

Running application application_simulation_SSO-CHB, with json SSO_areaRatios-55.json

2021-04-06 08:33:10,961 - 

Running application application_simulation_SSO-CHB, with json SSO_areaRatios-56.json

2021-04-06 08:33:13,013 - 

Running application application_simulation_SSO-CHB, with json SSO_areaRatios-57.json

2021-04-06 08:33:15,144 - 

Running application application_simulation_SSO-CHB, with json SSO_areaRatios-58.json

2021-04-06 08:33:17,247 - 

Running application application_simulation_SSO-CHB, with json SSO_areaRatios-59.json

2021-04-06 08:33:19,385 - 

Running application application_simulation_SSO-CHB, with json SSO_areaRatios-6.json

2021-04-06 08:33:21,440 - 

Running application application_simulation_SSO-CHB, with json SSO_areaRatios-60.json

2021-04-06 08:33:23,547 - 

Running application application_simulation_SSO-CHB, with json SSO_areaRatios-61.json

2021-04-06 08:33:25,532 - 

Running application application_simulation_SSO-CHB, with json SSO_areaRatios-62.json

2021-04-06 08:33:27,647 - 

Running application application_simulation_SSO-CHB, with json SSO_areaRatios-63.json

2021-04-06 08:33:29,770 - 

Running application application_simulation_SSO-CHB, with json SSO_areaRatios-64.json

2021-04-06 08:33:31,907 - 

Running application application_simulation_SSO-CHB, with json SSO_areaRatios-65.json

2021-04-06 08:33:33,926 - 

Running application application_simulation_SSO-CHB, with json SSO_areaRatios-66.json

2021-04-06 08:33:35,866 - 

Running application application_simulation_SSO-CHB, with json SSO_areaRatios-67.json

2021-04-06 08:33:37,914 - 

Running application application_simulation_SSO-CHB, with json SSO_areaRatios-68.json

2021-04-06 08:33:40,021 - 

Running application application_simulation_SSO-CHB, with json SSO_areaRatios-69.json

2021-04-06 08:33:41,990 - 

Running application application_simulation_SSO-CHB, with json SSO_areaRatios-7.json

2021-04-06 08:33:43,957 - 

Running application application_simulation_SSO-CHB, with json SSO_areaRatios-70.json

2021-04-06 08:33:45,930 - 

Running application application_simulation_SSO-CHB, with json SSO_areaRatios-71.json

2021-04-06 08:33:47,978 - 

Running application application_simulation_SSO-CHB, with json SSO_areaRatios-72.json

2021-04-06 08:33:49,924 - 

Running application application_simulation_SSO-CHB, with json SSO_areaRatios-73.json

2021-04-06 08:33:51,888 - 

Running application application_simulation_SSO-CHB, with json SSO_areaRatios-74.json

2021-04-06 08:33:53,830 - 

Running application application_simulation_SSO-CHB, with json SSO_areaRatios-75.json

2021-04-06 08:33:55,759 - 

Running application application_simulation_SSO-CHB, with json SSO_areaRatios-76.json

2021-04-06 08:33:57,703 - 

Running application application_simulation_SSO-CHB, with json SSO_areaRatios-77.json

2021-04-06 08:33:59,639 - 

Running application application_simulation_SSO-CHB, with json SSO_areaRatios-78.json

2021-04-06 08:34:01,580 - 

Running application application_simulation_SSO-CHB, with json SSO_areaRatios-79.json

2021-04-06 08:34:03,514 - 

Running application application_simulation_SSO-CHB, with json SSO_areaRatios-8.json

2021-04-06 08:34:05,435 - 

Running application application_simulation_SSO-CHB, with json SSO_areaRatios-80.json

2021-04-06 08:34:07,388 - 

Running application application_simulation_SSO-CHB, with json SSO_areaRatios-81.json

2021-04-06 08:34:09,300 - 

Running application application_simulation_SSO-CHB, with json SSO_areaRatios-82.json

2021-04-06 08:34:11,431 - 

Running application application_simulation_SSO-CHB, with json SSO_areaRatios-83.json

2021-04-06 08:34:13,485 - 

Running application application_simulation_SSO-CHB, with json SSO_areaRatios-84.json

2021-04-06 08:34:15,525 - 

Running application application_simulation_SSO-CHB, with json SSO_areaRatios-85.json

2021-04-06 08:34:17,503 - 

Running application application_simulation_SSO-CHB, with json SSO_areaRatios-86.json

2021-04-06 08:34:19,419 - 

Running application application_simulation_SSO-CHB, with json SSO_areaRatios-87.json

2021-04-06 08:34:21,376 - 

Running application application_simulation_SSO-CHB, with json SSO_areaRatios-88.json

2021-04-06 08:34:23,336 - 

Running application application_simulation_SSO-CHB, with json SSO_areaRatios-89.json

2021-04-06 08:34:25,311 - 

Running application application_simulation_SSO-CHB, with json SSO_areaRatios-9.json

2021-04-06 08:34:27,294 - 

Running application application_simulation_SSO-CHB, with json SSO_areaRatios-90.json

2021-04-06 08:34:29,226 - 

Running application application_simulation_SSO-CHB, with json SSO_areaRatios-91.json

2021-04-06 08:34:31,167 - 

Running application application_simulation_SSO-CHB, with json SSO_areaRatios-92.json

2021-04-06 08:34:33,217 - 

Running application application_simulation_SSO-CHB, with json SSO_areaRatios-93.json

2021-04-06 08:34:35,170 - 

Running application application_simulation_SSO-CHB, with json SSO_areaRatios-94.json

2021-04-06 08:34:37,199 - 

Running application application_simulation_SSO-CHB, with json SSO_areaRatios-95.json

2021-04-06 08:34:39,327 - 

Running application application_simulation_SSO-CHB, with json SSO_areaRatios-96.json

2021-04-06 08:34:41,384 - 

Running application application_simulation_SSO-CHB, with json SSO_areaRatios-97.json

2021-04-06 08:34:43,448 - 

Running application application_simulation_SSO-CHB, with json SSO_areaRatios-98.json

2021-04-06 08:34:45,505 - 

Running application application_simulation_SSO-CHB, with json SSO_areaRatios-99.json

2021-04-06 08:34:47,454 - 

Running application application_simulation_SSO-CHB, with json SSO_currents-1.json

2021-04-06 08:34:49,347 - 

Running application application_simulation_SSO-CHB, with json SSO_currents-10.json

2021-04-06 08:34:51,292 - 

Running application application_simulation_SSO-CHB, with json SSO_currents-100.json

2021-04-06 08:34:53,550 - 

Running application application_simulation_SSO-CHB, with json SSO_currents-11.json

2021-04-06 08:34:55,530 - 

Running application application_simulation_SSO-CHB, with json SSO_currents-12.json

2021-04-06 08:34:57,587 - 

Running application application_simulation_SSO-CHB, with json SSO_currents-13.json

2021-04-06 08:34:59,723 - 

Running application application_simulation_SSO-CHB, with json SSO_currents-14.json

2021-04-06 08:35:01,797 - 

Running application application_simulation_SSO-CHB, with json SSO_currents-15.json

2021-04-06 08:35:04,048 - 

Running application application_simulation_SSO-CHB, with json SSO_currents-16.json

2021-04-06 08:35:06,360 - 

Running application application_simulation_SSO-CHB, with json SSO_currents-17.json

2021-04-06 08:35:09,397 - 

Running application application_simulation_SSO-CHB, with json SSO_currents-18.json

2021-04-06 08:36:07,420 - 

Running application application_simulation_SSO-CHB, with json SSO_currents-19.json

2021-04-06 08:36:28,653 - 

Running application application_simulation_SSO-CHB, with json SSO_currents-2.json

2021-04-06 08:36:30,716 - 

Running application application_simulation_SSO-CHB, with json SSO_currents-20.json

2021-04-06 08:37:17,418 - 

Running application application_simulation_SSO-CHB, with json SSO_currents-21.json

2021-04-06 08:37:20,959 - 

Running application application_simulation_SSO-CHB, with json SSO_currents-22.json

2021-04-06 08:37:25,578 - 

Running application application_simulation_SSO-CHB, with json SSO_currents-23.json

2021-04-06 08:37:28,518 - 

Running application application_simulation_SSO-CHB, with json SSO_currents-24.json

2021-04-06 08:37:31,387 - 

Running application application_simulation_SSO-CHB, with json SSO_currents-25.json

2021-04-06 08:37:33,624 - 

Running application application_simulation_SSO-CHB, with json SSO_currents-26.json

2021-04-06 08:37:36,463 - 

Running application application_simulation_SSO-CHB, with json SSO_currents-27.json

2021-04-06 08:37:39,069 - 

Running application application_simulation_SSO-CHB, with json SSO_currents-28.json

2021-04-06 08:37:41,907 - 

Running application application_simulation_SSO-CHB, with json SSO_currents-29.json

2021-04-06 08:37:44,790 - 

Running application application_simulation_SSO-CHB, with json SSO_currents-3.json

2021-04-06 08:37:46,784 - 

Running application application_simulation_SSO-CHB, with json SSO_currents-30.json

2021-04-06 08:37:49,839 - 

Running application application_simulation_SSO-CHB, with json SSO_currents-31.json

2021-04-06 08:37:53,666 - 

Running application application_simulation_SSO-CHB, with json SSO_currents-32.json

2021-04-06 08:37:56,583 - 

Running application application_simulation_SSO-CHB, with json SSO_currents-33.json

2021-04-06 08:37:59,576 - 

Running application application_simulation_SSO-CHB, with json SSO_currents-34.json

2021-04-06 08:38:02,149 - 

Running application application_simulation_SSO-CHB, with json SSO_currents-35.json

2021-04-06 08:38:05,400 - 

Running application application_simulation_SSO-CHB, with json SSO_currents-36.json

2021-04-06 08:38:08,107 - 

Running application application_simulation_SSO-CHB, with json SSO_currents-37.json

2021-04-06 08:38:10,520 - 

Running application application_simulation_SSO-CHB, with json SSO_currents-38.json

2021-04-06 08:38:13,016 - 

Running application application_simulation_SSO-CHB, with json SSO_currents-39.json

2021-04-06 08:38:15,510 - 

Running application application_simulation_SSO-CHB, with json SSO_currents-4.json

2021-04-06 08:38:17,437 - 

Running application application_simulation_SSO-CHB, with json SSO_currents-40.json

2021-04-06 08:38:20,293 - 

Running application application_simulation_SSO-CHB, with json SSO_currents-41.json

2021-04-06 08:38:23,112 - 

Running application application_simulation_SSO-CHB, with json SSO_currents-42.json

2021-04-06 08:38:25,672 - 

Running application application_simulation_SSO-CHB, with json SSO_currents-43.json

2021-04-06 08:38:28,275 - 

Running application application_simulation_SSO-CHB, with json SSO_currents-44.json

2021-04-06 08:38:30,885 - 

Running application application_simulation_SSO-CHB, with json SSO_currents-45.json

2021-04-06 08:38:33,852 - 

Running application application_simulation_SSO-CHB, with json SSO_currents-46.json

2021-04-06 08:38:35,793 - 

Running application application_simulation_SSO-CHB, with json SSO_currents-47.json

2021-04-06 08:38:39,176 - 

Running application application_simulation_SSO-CHB, with json SSO_currents-48.json

2021-04-06 08:38:41,306 - 

Running application application_simulation_SSO-CHB, with json SSO_currents-49.json

2021-04-06 08:38:43,784 - 

Running application application_simulation_SSO-CHB, with json SSO_currents-5.json

2021-04-06 08:38:45,777 - 

Running application application_simulation_SSO-CHB, with json SSO_currents-50.json

2021-04-06 08:38:48,428 - 

Running application application_simulation_SSO-CHB, with json SSO_currents-51.json

2021-04-06 08:38:50,807 - 

Running application application_simulation_SSO-CHB, with json SSO_currents-52.json

2021-04-06 08:38:53,319 - 

Running application application_simulation_SSO-CHB, with json SSO_currents-53.json

2021-04-06 08:38:56,109 - 

Running application application_simulation_SSO-CHB, with json SSO_currents-54.json

2021-04-06 08:38:58,493 - 

Running application application_simulation_SSO-CHB, with json SSO_currents-55.json

2021-04-06 08:39:00,987 - 

Running application application_simulation_SSO-CHB, with json SSO_currents-56.json

2021-04-06 08:39:03,639 - 

Running application application_simulation_SSO-CHB, with json SSO_currents-57.json

2021-04-06 08:39:06,226 - 

Running application application_simulation_SSO-CHB, with json SSO_currents-58.json

2021-04-06 08:39:08,705 - 

Running application application_simulation_SSO-CHB, with json SSO_currents-59.json

2021-04-06 08:39:11,163 - 

Running application application_simulation_SSO-CHB, with json SSO_currents-6.json

2021-04-06 08:39:13,313 - 

Running application application_simulation_SSO-CHB, with json SSO_currents-60.json

2021-04-06 08:39:16,103 - 

Running application application_simulation_SSO-CHB, with json SSO_currents-61.json

2021-04-06 08:39:19,072 - 

Running application application_simulation_SSO-CHB, with json SSO_currents-62.json

2021-04-06 08:39:21,458 - 

Running application application_simulation_SSO-CHB, with json SSO_currents-63.json

2021-04-06 08:39:23,901 - 

Running application application_simulation_SSO-CHB, with json SSO_currents-64.json

2021-04-06 08:39:26,449 - 

Running application application_simulation_SSO-CHB, with json SSO_currents-65.json

2021-04-06 08:39:28,955 - 

Running application application_simulation_SSO-CHB, with json SSO_currents-66.json

2021-04-06 08:39:31,459 - 

Running application application_simulation_SSO-CHB, with json SSO_currents-67.json

2021-04-06 08:39:34,192 - 

Running application application_simulation_SSO-CHB, with json SSO_currents-68.json

2021-04-06 08:39:36,951 - 

Running application application_simulation_SSO-CHB, with json SSO_currents-69.json

2021-04-06 08:39:39,844 - 

Running application application_simulation_SSO-CHB, with json SSO_currents-7.json

2021-04-06 08:39:41,994 - 

Running application application_simulation_SSO-CHB, with json SSO_currents-70.json

2021-04-06 08:39:44,869 - 

Running application application_simulation_SSO-CHB, with json SSO_currents-71.json

2021-04-06 08:39:48,232 - 

Running application application_simulation_SSO-CHB, with json SSO_currents-72.json

2021-04-06 08:39:50,928 - 

Running application application_simulation_SSO-CHB, with json SSO_currents-73.json

2021-04-06 08:39:53,735 - 

Running application application_simulation_SSO-CHB, with json SSO_currents-74.json

2021-04-06 08:39:55,508 - 

Running application application_simulation_SSO-CHB, with json SSO_currents-75.json

2021-04-06 08:39:58,230 - 

Running application application_simulation_SSO-CHB, with json SSO_currents-76.json

2021-04-06 08:40:01,396 - 

Running application application_simulation_SSO-CHB, with json SSO_currents-77.json

2021-04-06 08:40:04,302 - 

Running application application_simulation_SSO-CHB, with json SSO_currents-78.json

2021-04-06 08:40:07,157 - 

Running application application_simulation_SSO-CHB, with json SSO_currents-79.json

2021-04-06 08:40:08,843 - 

Running application application_simulation_SSO-CHB, with json SSO_currents-8.json

2021-04-06 08:40:10,917 - 

Running application application_simulation_SSO-CHB, with json SSO_currents-80.json

2021-04-06 08:40:13,603 - 

Running application application_simulation_SSO-CHB, with json SSO_currents-81.json

2021-04-06 08:40:16,213 - 

Running application application_simulation_SSO-CHB, with json SSO_currents-82.json

2021-04-06 08:40:18,849 - 

Running application application_simulation_SSO-CHB, with json SSO_currents-83.json

2021-04-06 08:40:21,133 - 

Running application application_simulation_SSO-CHB, with json SSO_currents-84.json

2021-04-06 08:40:23,476 - 

Running application application_simulation_SSO-CHB, with json SSO_currents-85.json

2021-04-06 08:40:25,797 - 

Running application application_simulation_SSO-CHB, with json SSO_currents-86.json

2021-04-06 08:40:28,220 - 

Running application application_simulation_SSO-CHB, with json SSO_currents-87.json

2021-04-06 08:40:30,579 - 

Running application application_simulation_SSO-CHB, with json SSO_currents-88.json

2021-04-06 08:40:32,976 - 

Running application application_simulation_SSO-CHB, with json SSO_currents-89.json

2021-04-06 08:40:35,298 - 

Running application application_simulation_SSO-CHB, with json SSO_currents-9.json

2021-04-06 08:40:37,363 - 

Running application application_simulation_SSO-CHB, with json SSO_currents-90.json

2021-04-06 08:40:39,696 - 

Running application application_simulation_SSO-CHB, with json SSO_currents-91.json

2021-04-06 08:40:42,107 - 

Running application application_simulation_SSO-CHB, with json SSO_currents-92.json

2021-04-06 08:40:45,165 - 

Running application application_simulation_SSO-CHB, with json SSO_currents-93.json

2021-04-06 08:40:50,549 - 

Running application application_simulation_SSO-CHB, with json SSO_currents-94.json

2021-04-06 08:40:52,902 - 

Running application application_simulation_SSO-CHB, with json SSO_currents-95.json

2021-04-06 08:40:55,179 - 

Running application application_simulation_SSO-CHB, with json SSO_currents-96.json

2021-04-06 08:40:57,645 - 

Running application application_simulation_SSO-CHB, with json SSO_currents-97.json

2021-04-06 08:41:00,115 - 

Running application application_simulation_SSO-CHB, with json SSO_currents-98.json

2021-04-06 08:41:02,443 - 

Running application application_simulation_SSO-CHB, with json SSO_currents-99.json

2021-04-06 08:41:04,896 - 

Running application application_simulation_SSO-CHB, with json SSO_diameters-1.json

2021-04-06 08:41:07,132 - 

Running application application_simulation_SSO-CHB, with json SSO_diameters-10.json

2021-04-06 08:41:09,361 - 

Running application application_simulation_SSO-CHB, with json SSO_diameters-100.json

2021-04-06 08:41:11,590 - 

Running application application_simulation_SSO-CHB, with json SSO_diameters-11.json

2021-04-06 08:41:13,604 - 

Running application application_simulation_SSO-CHB, with json SSO_diameters-12.json

2021-04-06 08:41:15,710 - 

Running application application_simulation_SSO-CHB, with json SSO_diameters-13.json

2021-04-06 08:41:17,810 - 

Running application application_simulation_SSO-CHB, with json SSO_diameters-14.json

2021-04-06 08:41:19,973 - 

Running application application_simulation_SSO-CHB, with json SSO_diameters-15.json

2021-04-06 08:41:22,025 - 

Running application application_simulation_SSO-CHB, with json SSO_diameters-16.json

2021-04-06 08:41:24,172 - 

Running application application_simulation_SSO-CHB, with json SSO_diameters-17.json

2021-04-06 08:41:26,309 - 

Running application application_simulation_SSO-CHB, with json SSO_diameters-18.json

2021-04-06 08:41:28,492 - 

Running application application_simulation_SSO-CHB, with json SSO_diameters-19.json

2021-04-06 08:41:30,722 - 

Running application application_simulation_SSO-CHB, with json SSO_diameters-2.json

2021-04-06 08:41:32,927 - 

Running application application_simulation_SSO-CHB, with json SSO_diameters-20.json

2021-04-06 08:41:35,063 - 

Running application application_simulation_SSO-CHB, with json SSO_diameters-21.json

2021-04-06 08:41:37,163 - 

Running application application_simulation_SSO-CHB, with json SSO_diameters-22.json

2021-04-06 08:41:39,131 - 

Running application application_simulation_SSO-CHB, with json SSO_diameters-23.json

2021-04-06 08:41:41,192 - 

Running application application_simulation_SSO-CHB, with json SSO_diameters-24.json

2021-04-06 08:41:43,302 - 

Running application application_simulation_SSO-CHB, with json SSO_diameters-25.json

2021-04-06 08:41:45,368 - 

Running application application_simulation_SSO-CHB, with json SSO_diameters-26.json

2021-04-06 08:41:47,406 - 

Running application application_simulation_SSO-CHB, with json SSO_diameters-27.json

2021-04-06 08:41:49,424 - 

Running application application_simulation_SSO-CHB, with json SSO_diameters-28.json

2021-04-06 08:41:51,627 - 

Running application application_simulation_SSO-CHB, with json SSO_diameters-29.json

2021-04-06 08:41:53,668 - 

Running application application_simulation_SSO-CHB, with json SSO_diameters-3.json

2021-04-06 08:41:55,575 - 

Running application application_simulation_SSO-CHB, with json SSO_diameters-30.json

2021-04-06 08:41:57,509 - 

Running application application_simulation_SSO-CHB, with json SSO_diameters-31.json

2021-04-06 08:41:59,482 - 

Running application application_simulation_SSO-CHB, with json SSO_diameters-32.json

2021-04-06 08:42:01,467 - 

Running application application_simulation_SSO-CHB, with json SSO_diameters-33.json

2021-04-06 08:42:03,436 - 

Running application application_simulation_SSO-CHB, with json SSO_diameters-34.json

2021-04-06 08:42:05,505 - 

Running application application_simulation_SSO-CHB, with json SSO_diameters-35.json

2021-04-06 08:42:07,561 - 

Running application application_simulation_SSO-CHB, with json SSO_diameters-36.json

2021-04-06 08:42:09,574 - 

Running application application_simulation_SSO-CHB, with json SSO_diameters-37.json

2021-04-06 08:42:11,523 - 

Running application application_simulation_SSO-CHB, with json SSO_diameters-38.json

2021-04-06 08:42:13,413 - 

Running application application_simulation_SSO-CHB, with json SSO_diameters-39.json

2021-04-06 08:42:15,330 - 

Running application application_simulation_SSO-CHB, with json SSO_diameters-4.json

2021-04-06 08:42:17,313 - 

Running application application_simulation_SSO-CHB, with json SSO_diameters-40.json

2021-04-06 08:42:19,381 - 

Running application application_simulation_SSO-CHB, with json SSO_diameters-41.json

2021-04-06 08:42:21,387 - 

Running application application_simulation_SSO-CHB, with json SSO_diameters-42.json

2021-04-06 08:42:23,472 - 

Running application application_simulation_SSO-CHB, with json SSO_diameters-43.json

2021-04-06 08:42:25,450 - 

Running application application_simulation_SSO-CHB, with json SSO_diameters-44.json

2021-04-06 08:42:27,442 - 

Running application application_simulation_SSO-CHB, with json SSO_diameters-45.json

2021-04-06 08:42:29,455 - 

Running application application_simulation_SSO-CHB, with json SSO_diameters-46.json

2021-04-06 08:42:31,610 - 

Running application application_simulation_SSO-CHB, with json SSO_diameters-47.json

2021-04-06 08:42:33,708 - 

Running application application_simulation_SSO-CHB, with json SSO_diameters-48.json

2021-04-06 08:42:35,765 - 

Running application application_simulation_SSO-CHB, with json SSO_diameters-49.json

2021-04-06 08:42:37,769 - 

Running application application_simulation_SSO-CHB, with json SSO_diameters-5.json

2021-04-06 08:42:39,861 - 

Running application application_simulation_SSO-CHB, with json SSO_diameters-50.json

2021-04-06 08:42:42,155 - 

Running application application_simulation_SSO-CHB, with json SSO_diameters-51.json

2021-04-06 08:42:44,300 - 

Running application application_simulation_SSO-CHB, with json SSO_diameters-52.json

2021-04-06 08:42:46,716 - 

Running application application_simulation_SSO-CHB, with json SSO_diameters-53.json

2021-04-06 08:42:48,836 - 

Running application application_simulation_SSO-CHB, with json SSO_diameters-54.json

2021-04-06 08:42:50,873 - 

Running application application_simulation_SSO-CHB, with json SSO_diameters-55.json

2021-04-06 08:42:52,925 - 

Running application application_simulation_SSO-CHB, with json SSO_diameters-56.json

2021-04-06 08:42:54,930 - 

Running application application_simulation_SSO-CHB, with json SSO_diameters-57.json

2021-04-06 08:42:57,399 - 

Running application application_simulation_SSO-CHB, with json SSO_diameters-58.json

2021-04-06 08:42:59,689 - 

Running application application_simulation_SSO-CHB, with json SSO_diameters-59.json

2021-04-06 08:43:02,264 - 

Running application application_simulation_SSO-CHB, with json SSO_diameters-6.json

2021-04-06 08:43:04,418 - 

Running application application_simulation_SSO-CHB, with json SSO_diameters-60.json

2021-04-06 08:43:06,528 - 

Running application application_simulation_SSO-CHB, with json SSO_diameters-61.json

2021-04-06 08:43:08,494 - 

Running application application_simulation_SSO-CHB, with json SSO_diameters-62.json

2021-04-06 08:43:10,640 - 

Running application application_simulation_SSO-CHB, with json SSO_diameters-63.json

2021-04-06 08:43:12,658 - 

Running application application_simulation_SSO-CHB, with json SSO_diameters-64.json

2021-04-06 08:43:14,693 - 

Running application application_simulation_SSO-CHB, with json SSO_diameters-65.json

2021-04-06 08:43:16,664 - 

Running application application_simulation_SSO-CHB, with json SSO_diameters-66.json

2021-04-06 08:43:18,619 - 

Running application application_simulation_SSO-CHB, with json SSO_diameters-67.json

2021-04-06 08:43:20,664 - 

Running application application_simulation_SSO-CHB, with json SSO_diameters-68.json

2021-04-06 08:43:22,585 - 

Running application application_simulation_SSO-CHB, with json SSO_diameters-69.json

2021-04-06 08:43:24,597 - 

Running application application_simulation_SSO-CHB, with json SSO_diameters-7.json

2021-04-06 08:43:26,580 - 

Running application application_simulation_SSO-CHB, with json SSO_diameters-70.json

2021-04-06 08:43:28,704 - 

Running application application_simulation_SSO-CHB, with json SSO_diameters-71.json

2021-04-06 08:43:30,866 - 

Running application application_simulation_SSO-CHB, with json SSO_diameters-72.json

2021-04-06 08:43:32,917 - 

Running application application_simulation_SSO-CHB, with json SSO_diameters-73.json

2021-04-06 08:43:35,165 - 

Running application application_simulation_SSO-CHB, with json SSO_diameters-74.json

2021-04-06 08:43:37,308 - 

Running application application_simulation_SSO-CHB, with json SSO_diameters-75.json

2021-04-06 08:43:39,346 - 

Running application application_simulation_SSO-CHB, with json SSO_diameters-76.json

2021-04-06 08:43:41,395 - 

Running application application_simulation_SSO-CHB, with json SSO_diameters-77.json

2021-04-06 08:43:43,636 - 

Running application application_simulation_SSO-CHB, with json SSO_diameters-78.json

2021-04-06 08:43:45,797 - 

Running application application_simulation_SSO-CHB, with json SSO_diameters-79.json

2021-04-06 08:43:47,951 - 

Running application application_simulation_SSO-CHB, with json SSO_diameters-8.json

2021-04-06 08:43:50,126 - 

Running application application_simulation_SSO-CHB, with json SSO_diameters-80.json

2021-04-06 08:43:52,224 - 

Running application application_simulation_SSO-CHB, with json SSO_diameters-81.json

2021-04-06 08:43:54,361 - 

Running application application_simulation_SSO-CHB, with json SSO_diameters-82.json

2021-04-06 08:43:56,404 - 

Running application application_simulation_SSO-CHB, with json SSO_diameters-83.json

2021-04-06 08:43:58,669 - 

Running application application_simulation_SSO-CHB, with json SSO_diameters-84.json

2021-04-06 08:44:00,842 - 

Running application application_simulation_SSO-CHB, with json SSO_diameters-85.json

2021-04-06 08:44:02,799 - 

Running application application_simulation_SSO-CHB, with json SSO_diameters-86.json

2021-04-06 08:44:05,156 - 

Running application application_simulation_SSO-CHB, with json SSO_diameters-87.json

2021-04-06 08:44:07,434 - 

Running application application_simulation_SSO-CHB, with json SSO_diameters-88.json

2021-04-06 08:44:09,765 - 

Running application application_simulation_SSO-CHB, with json SSO_diameters-89.json

2021-04-06 08:44:12,016 - 

Running application application_simulation_SSO-CHB, with json SSO_diameters-9.json

2021-04-06 08:44:14,086 - 

Running application application_simulation_SSO-CHB, with json SSO_diameters-90.json

2021-04-06 08:44:16,261 - 

Running application application_simulation_SSO-CHB, with json SSO_diameters-91.json

2021-04-06 08:44:18,356 - 

Running application application_simulation_SSO-CHB, with json SSO_diameters-92.json

2021-04-06 08:44:20,532 - 

Running application application_simulation_SSO-CHB, with json SSO_diameters-93.json

2021-04-06 08:44:22,663 - 

Running application application_simulation_SSO-CHB, with json SSO_diameters-94.json

2021-04-06 08:44:24,818 - 

Running application application_simulation_SSO-CHB, with json SSO_diameters-95.json

2021-04-06 08:44:26,962 - 

Running application application_simulation_SSO-CHB, with json SSO_diameters-96.json

2021-04-06 08:44:29,162 - 

Running application application_simulation_SSO-CHB, with json SSO_diameters-97.json

2021-04-06 08:44:31,419 - 

Running application application_simulation_SSO-CHB, with json SSO_diameters-98.json

2021-04-06 08:44:33,492 - 

Running application application_simulation_SSO-CHB, with json SSO_diameters-99.json

2021-04-06 08:44:35,634 - 

Running application application_simulation_SSO-CHB, with json SSO_endmassMasses-1.json

2021-04-06 08:44:37,708 - 

Running application application_simulation_SSO-CHB, with json SSO_endmassMasses-10.json

2021-04-06 08:44:39,909 - 

Running application application_simulation_SSO-CHB, with json SSO_endmassMasses-2.json

2021-04-06 08:44:42,135 - 

Running application application_simulation_SSO-CHB, with json SSO_endmassMasses-3.json

2021-04-06 08:44:44,289 - 

Running application application_simulation_SSO-CHB, with json SSO_endmassMasses-4.json

2021-04-06 08:44:46,451 - 

Running application application_simulation_SSO-CHB, with json SSO_endmassMasses-5.json

2021-04-06 08:44:48,727 - 

Running application application_simulation_SSO-CHB, with json SSO_endmassMasses-6.json

2021-04-06 08:44:50,795 - 

Running application application_simulation_SSO-CHB, with json SSO_endmassMasses-7.json

2021-04-06 08:44:52,882 - 

Running application application_simulation_SSO-CHB, with json SSO_endmassMasses-8.json

2021-04-06 08:44:55,025 - 

Running application application_simulation_SSO-CHB, with json SSO_endmassMasses-9.json

2021-04-06 08:44:57,154 - 

Running application application_simulation_SSO-CHB, with json SSO_lengthRatios-1.json

2021-04-06 08:44:57,187 - 

Running application application_simulation_SSO-CHB, with json SSO_lengthRatios-10.json

2021-04-06 08:44:59,224 - 

Running application application_simulation_SSO-CHB, with json SSO_lengthRatios-2.json

2021-04-06 08:45:01,244 - 

Running application application_simulation_SSO-CHB, with json SSO_lengthRatios-3.json

2021-04-06 08:45:03,330 - 

Running application application_simulation_SSO-CHB, with json SSO_lengthRatios-4.json

2021-04-06 08:45:05,558 - 

Running application application_simulation_SSO-CHB, with json SSO_lengthRatios-5.json

2021-04-06 08:45:07,670 - 

Running application application_simulation_SSO-CHB, with json SSO_lengthRatios-6.json

2021-04-06 08:45:09,799 - 

Running application application_simulation_SSO-CHB, with json SSO_lengthRatios-7.json

2021-04-06 08:45:11,902 - 

Running application application_simulation_SSO-CHB, with json SSO_lengthRatios-8.json

2021-04-06 08:45:14,091 - 

Running application application_simulation_SSO-CHB, with json SSO_lengthRatios-9.json

2021-04-06 08:45:16,238 - 

Running application application_simulation_SSO-CHB, with json SSO_lengths-1.json

2021-04-06 08:45:18,189 - 

Running application application_simulation_SSO-CHB, with json SSO_lengths-10.json

2021-04-06 08:45:20,206 - 

Running application application_simulation_SSO-CHB, with json SSO_lengths-100.json

2021-04-06 08:45:22,212 - 

Running application application_simulation_SSO-CHB, with json SSO_lengths-11.json

2021-04-06 08:45:24,317 - 

Running application application_simulation_SSO-CHB, with json SSO_lengths-12.json

2021-04-06 08:45:26,819 - 

Running application application_simulation_SSO-CHB, with json SSO_lengths-13.json

2021-04-06 08:45:29,452 - 

Running application application_simulation_SSO-CHB, with json SSO_lengths-14.json

2021-04-06 08:45:31,711 - 

Running application application_simulation_SSO-CHB, with json SSO_lengths-15.json

2021-04-06 08:45:33,932 - 

Running application application_simulation_SSO-CHB, with json SSO_lengths-16.json

2021-04-06 08:45:36,126 - 

Running application application_simulation_SSO-CHB, with json SSO_lengths-17.json

2021-04-06 08:45:38,315 - 

Running application application_simulation_SSO-CHB, with json SSO_lengths-18.json

2021-04-06 08:45:40,509 - 

Running application application_simulation_SSO-CHB, with json SSO_lengths-19.json

2021-04-06 08:45:42,647 - 

Running application application_simulation_SSO-CHB, with json SSO_lengths-2.json

2021-04-06 08:45:44,721 - 

Running application application_simulation_SSO-CHB, with json SSO_lengths-20.json

2021-04-06 08:45:46,709 - 

Running application application_simulation_SSO-CHB, with json SSO_lengths-21.json

2021-04-06 08:45:48,831 - 

Running application application_simulation_SSO-CHB, with json SSO_lengths-22.json

2021-04-06 08:45:50,873 - 

Running application application_simulation_SSO-CHB, with json SSO_lengths-23.json

2021-04-06 08:45:52,815 - 

Running application application_simulation_SSO-CHB, with json SSO_lengths-24.json

2021-04-06 08:45:55,172 - 

Running application application_simulation_SSO-CHB, with json SSO_lengths-25.json

2021-04-06 08:45:57,612 - 

Running application application_simulation_SSO-CHB, with json SSO_lengths-26.json

2021-04-06 08:45:59,931 - 

Running application application_simulation_SSO-CHB, with json SSO_lengths-27.json

2021-04-06 08:46:02,052 - 

Running application application_simulation_SSO-CHB, with json SSO_lengths-28.json

2021-04-06 08:46:04,378 - 

Running application application_simulation_SSO-CHB, with json SSO_lengths-29.json

2021-04-06 08:46:06,526 - 

Running application application_simulation_SSO-CHB, with json SSO_lengths-3.json

