2021-03-05 09:24:39,438 - 

Running application application_simulation_SSO-CHB, with json InO_init.json

2021-03-05 09:24:39,444 - ===============Loading Variables From File==================
2021-03-05 09:24:39,444 - ===============Prepping Sim==================
2021-03-05 09:24:39,444 -  -- Loading spice kernels -- 
2021-03-05 09:24:39,467 -  -- Creating environment class -- 
2021-03-05 09:24:39,467 - B0 for year 2001.3 : 7.26651
2021-03-05 09:24:39,467 -  -- Creating Config class -- 
2021-03-05 09:24:39,467 -  -- Creating Guidance class -- 
2021-03-05 09:24:39,467 - Updating guidance settings
2021-03-05 09:24:39,467 -  -- Creating Propbodies class -- 
2021-03-05 09:24:39,467 - Using bodies: 
2021-03-05 09:24:39,468 - Sun
2021-03-05 09:24:39,468 - Mercury
2021-03-05 09:24:39,468 - Venus
2021-03-05 09:24:39,468 - Earth
2021-03-05 09:24:39,468 - Mars
2021-03-05 09:24:39,468 - Jupiter
2021-03-05 09:24:39,468 - Saturn
2021-03-05 09:24:39,468 - Uranus
2021-03-05 09:24:39,468 - Neptune
2021-03-05 09:24:39,468 - Effective SRP radiation coefficient of vehicle: 0.5
2021-03-05 09:24:39,468 - Effective SRP reference area of vehicle       : 2.4
2021-03-05 09:24:39,468 - Spacecraft Mass                               : 100
2021-03-05 09:24:39,468 -  -- Creating Propsettings class -- 
2021-03-05 09:24:39,468 - INITIAL EPHEMERIS YEAR: 2041.03
2021-03-05 09:24:39,468 - INITIAL EPHEMERIS TIME: 1.29489e+09
2021-03-05 09:24:39,468 - ====================Propagating==========================
2021-03-05 09:24:39,468 - Dependent variables being saved, output vectors contain: 
2021-03-05 09:24:39,468 - Vector entry, Vector contents
2021-03-05 09:24:39,468 - 0, Kepler elements of Vehicle w.r.t. Sun
2021-03-05 09:24:39,468 - 6, Relative distance of Vehicle w.r.t. Sun
2021-03-05 09:24:39,468 - 7, Single acceleration in inertial frame of type cannonball radiation pressure , acting on Vehicle, exerted by Sun
2021-03-05 09:24:42,044 - ====================Saving Data==========================
2021-03-05 09:24:42,044 - Saving propData
2021-03-05 09:24:42,055 - Saving magneticFieldData
2021-03-05 09:24:42,217 - Saving ionosphericData
2021-03-05 09:24:42,288 - Saving thrustData
2021-03-05 09:24:42,430 - Saving currentData
2021-03-05 09:24:42,582 - Saving currentVNVData
2021-03-05 09:24:42,850 - Saving bodyData
2021-03-05 09:24:43,013 - Saving dependentVariableData
2021-03-05 09:24:43,027 - Program finished 
2021-03-05 09:24:44,021 - 

Running application application_simulation_SSO-CHB, with json InO_stage2.json

2021-03-05 09:24:44,027 - ===============Loading Variables From File==================
2021-03-05 09:24:44,027 - ===============Prepping Sim==================
2021-03-05 09:24:44,027 -  -- Loading spice kernels -- 
2021-03-05 09:24:44,049 -  -- Creating environment class -- 
2021-03-05 09:24:44,049 - B0 for year 2001.3 : 7.26651
2021-03-05 09:24:44,049 -  -- Creating Config class -- 
2021-03-05 09:24:44,049 -  -- Creating Guidance class -- 
2021-03-05 09:24:44,049 - Updating guidance settings
2021-03-05 09:24:44,050 -  -- Creating Propbodies class -- 
2021-03-05 09:24:44,050 - Using bodies: 
2021-03-05 09:24:44,050 - Sun
2021-03-05 09:24:44,050 - Mercury
2021-03-05 09:24:44,050 - Venus
2021-03-05 09:24:44,050 - Earth
2021-03-05 09:24:44,050 - Mars
2021-03-05 09:24:44,050 - Jupiter
2021-03-05 09:24:44,050 - Saturn
2021-03-05 09:24:44,050 - Uranus
2021-03-05 09:24:44,050 - Neptune
2021-03-05 09:24:44,050 - Effective SRP radiation coefficient of vehicle: 0.5
2021-03-05 09:24:44,050 - Effective SRP reference area of vehicle       : 2.4
2021-03-05 09:24:44,050 - Spacecraft Mass                               : 100
2021-03-05 09:24:44,050 -  -- Creating Propsettings class -- 
2021-03-05 09:24:44,050 - INITIAL EPHEMERIS YEAR: 2045.73
2021-03-05 09:24:44,050 - INITIAL EPHEMERIS TIME: 1.44297e+09
2021-03-05 09:24:44,051 - ====================Propagating==========================
2021-03-05 09:24:44,051 - Dependent variables being saved, output vectors contain: 
2021-03-05 09:24:44,051 - Vector entry, Vector contents
2021-03-05 09:24:44,051 - 0, Kepler elements of Vehicle w.r.t. Sun
2021-03-05 09:24:44,051 - 6, Relative distance of Vehicle w.r.t. Sun
2021-03-05 09:24:44,051 - 7, Single acceleration in inertial frame of type cannonball radiation pressure , acting on Vehicle, exerted by Sun
2021-03-05 09:25:44,147 - ====================Saving Data==========================
2021-03-05 09:25:44,189 - Saving propData
2021-03-05 09:25:44,316 - Saving magneticFieldData
2021-03-05 09:25:48,282 - Saving ionosphericData
2021-03-05 09:25:50,021 - Saving thrustData
2021-03-05 09:25:53,383 - Saving currentData
2021-03-05 09:25:57,077 - Saving currentVNVData
2021-03-05 09:26:03,671 - Saving bodyData
2021-03-05 09:26:08,451 - Saving dependentVariableData
2021-03-05 09:26:08,662 - Program finished 
