2021-03-12 08:15:13,317 - 

Running application application_simulation_SSO-CHB, with json SOKGA_init.json

2021-03-12 08:15:13,322 - ===============Loading Variables From File==================
2021-03-12 08:15:13,322 - ===============Prepping Sim==================
2021-03-12 08:15:13,322 -  -- Loading spice kernels -- 
2021-03-12 08:15:13,345 -  -- Creating environment class -- 
2021-03-12 08:15:13,345 - B0 for year 2001.3 : 7.26651
2021-03-12 08:15:13,345 -  -- Creating Config class -- 
2021-03-12 08:15:13,345 - Vehicle masses (total, endmass1, endmass2, tether mass): 100.153, 50, 50, 0.152751
2021-03-12 08:15:13,345 -  -- Creating Guidance class -- 
2021-03-12 08:15:13,345 - Updating guidance settings
2021-03-12 08:15:13,345 -  -- Creating Propbodies class -- 
2021-03-12 08:15:13,345 - Using bodies: 
2021-03-12 08:15:13,345 - Sun
2021-03-12 08:15:13,345 - Mercury
2021-03-12 08:15:13,345 - Venus
2021-03-12 08:15:13,345 - Earth
2021-03-12 08:15:13,345 - Mars
2021-03-12 08:15:13,345 - Jupiter
2021-03-12 08:15:13,345 - Saturn
2021-03-12 08:15:13,345 - Uranus
2021-03-12 08:15:13,346 - Neptune
2021-03-12 08:15:13,346 - Effective SRP radiation coefficient of vehicle: 0.5
2021-03-12 08:15:13,346 - Effective SRP reference area of vehicle       : 956.241
2021-03-12 08:15:13,346 - Spacecraft Mass                               : 100.153
2021-03-12 08:15:13,346 -  -- Creating Propsettings class -- 
2021-03-12 08:15:13,346 - INITIAL EPHEMERIS YEAR: 2041.03
2021-03-12 08:15:13,346 - INITIAL EPHEMERIS TIME: 1.29489e+09
2021-03-12 08:15:13,346 - ====================Propagating==========================
2021-03-12 08:15:13,346 - Dependent variables being saved, output vectors contain: 
2021-03-12 08:15:13,346 - Vector entry, Vector contents
2021-03-12 08:15:13,346 - 0, Kepler elements of Vehicle w.r.t. Sun
2021-03-12 08:15:13,346 - 6, Relative distance of Vehicle w.r.t. Sun
2021-03-12 08:15:13,346 - 7, Single acceleration in inertial frame of type cannonball radiation pressure , acting on Vehicle, exerted by Sun
2021-03-12 08:15:13,384 - ====================Saving Data==========================
2021-03-12 08:15:13,384 - Saving propData
2021-03-12 08:15:13,385 - Saving magneticFieldData
2021-03-12 08:15:13,387 - Saving ionosphericData
2021-03-12 08:15:13,388 - Saving thrustData
2021-03-12 08:15:13,390 - Saving currentData
2021-03-12 08:15:13,392 - Saving currentVNVData
2021-03-12 08:15:13,396 - Saving bodyData
2021-03-12 08:15:13,398 - Saving dependentVariableData
2021-03-12 08:15:13,399 - Program finished 
2021-03-12 08:15:13,417 - 

Running application application_simulation_SSO-CHB, with json SOKGA_stage2.json

2021-03-12 08:15:13,422 - ===============Loading Variables From File==================
2021-03-12 08:15:13,422 - ===============Prepping Sim==================
2021-03-12 08:15:13,422 -  -- Loading spice kernels -- 
2021-03-12 08:15:13,445 -  -- Creating environment class -- 
2021-03-12 08:15:13,445 - B0 for year 2001.3 : 7.26651
2021-03-12 08:15:13,445 -  -- Creating Config class -- 
2021-03-12 08:15:13,446 - Vehicle masses (total, endmass1, endmass2, tether mass): 100.153, 50, 50, 0.152751
2021-03-12 08:15:13,446 -  -- Creating Guidance class -- 
2021-03-12 08:15:13,446 - Updating guidance settings
2021-03-12 08:15:13,446 -  -- Creating Propbodies class -- 
2021-03-12 08:15:13,446 - Using bodies: 
2021-03-12 08:15:13,446 - Sun
2021-03-12 08:15:13,446 - Mercury
2021-03-12 08:15:13,446 - Venus
2021-03-12 08:15:13,446 - Earth
2021-03-12 08:15:13,446 - Mars
2021-03-12 08:15:13,446 - Jupiter
2021-03-12 08:15:13,446 - Saturn
2021-03-12 08:15:13,446 - Uranus
2021-03-12 08:15:13,446 - Neptune
2021-03-12 08:15:13,446 - Effective SRP radiation coefficient of vehicle: 0.5
2021-03-12 08:15:13,446 - Effective SRP reference area of vehicle       : 956.241
2021-03-12 08:15:13,446 - Spacecraft Mass                               : 100.153
2021-03-12 08:15:13,446 -  -- Creating Propsettings class -- 
2021-03-12 08:15:13,446 - INITIAL EPHEMERIS YEAR: 2043.71
2021-03-12 08:15:13,446 - INITIAL EPHEMERIS TIME: 1.37943e+09
2021-03-12 08:15:13,446 - ====================Propagating==========================
2021-03-12 08:15:13,447 - Dependent variables being saved, output vectors contain: 
2021-03-12 08:15:13,447 - Vector entry, Vector contents
2021-03-12 08:15:13,447 - 0, Kepler elements of Vehicle w.r.t. Sun
2021-03-12 08:15:13,447 - 6, Relative distance of Vehicle w.r.t. Sun
2021-03-12 08:15:13,447 - 7, Single acceleration in inertial frame of type cannonball radiation pressure , acting on Vehicle, exerted by Sun
2021-03-12 08:16:13,546 - ====================Saving Data==========================
2021-03-12 08:16:13,598 - Saving propData
2021-03-12 08:16:13,723 - Saving magneticFieldData
2021-03-12 08:16:18,194 - Saving ionosphericData
2021-03-12 08:16:20,062 - Saving thrustData
2021-03-12 08:16:23,987 - Saving currentData
2021-03-12 08:16:28,282 - Saving currentVNVData
2021-03-12 08:16:35,058 - Saving bodyData
2021-03-12 08:16:39,564 - Saving dependentVariableData
2021-03-12 08:16:39,765 - Program finished 
2021-03-12 08:16:40,445 - 

Running application application_simulation_SSO-CHB, with json SOKGA_reference.json

2021-03-12 08:16:40,450 - ===============Loading Variables From File==================
2021-03-12 08:16:40,450 - ===============Prepping Sim==================
2021-03-12 08:16:40,450 -  -- Loading spice kernels -- 
2021-03-12 08:16:40,472 -  -- Creating environment class -- 
2021-03-12 08:16:40,472 - B0 for year 2001.3 : 7.26651
2021-03-12 08:16:40,472 -  -- Creating Config class -- 
2021-03-12 08:16:40,472 - Vehicle masses (total, endmass1, endmass2, tether mass): 100.153, 50, 50, 0.152751
2021-03-12 08:16:40,473 -  -- Creating Guidance class -- 
2021-03-12 08:16:40,473 - Updating guidance settings
2021-03-12 08:16:40,473 -  -- Creating Propbodies class -- 
2021-03-12 08:16:40,473 - Using bodies: 
2021-03-12 08:16:40,473 - Sun
2021-03-12 08:16:40,473 - Mercury
2021-03-12 08:16:40,473 - Venus
2021-03-12 08:16:40,473 - Earth
2021-03-12 08:16:40,473 - Mars
2021-03-12 08:16:40,473 - Jupiter
2021-03-12 08:16:40,473 - Saturn
2021-03-12 08:16:40,473 - Uranus
2021-03-12 08:16:40,473 - Neptune
2021-03-12 08:16:40,473 - Effective SRP radiation coefficient of vehicle: 0.5
2021-03-12 08:16:40,473 - Effective SRP reference area of vehicle       : 956.241
2021-03-12 08:16:40,473 - Spacecraft Mass                               : 100.153
2021-03-12 08:16:40,473 -  -- Creating Propsettings class -- 
2021-03-12 08:16:40,473 - INITIAL EPHEMERIS YEAR: 2041.03
2021-03-12 08:16:40,473 - INITIAL EPHEMERIS TIME: 1.29489e+09
2021-03-12 08:16:40,473 - ====================Propagating==========================
2021-03-12 08:16:40,473 - Dependent variables being saved, output vectors contain: 
2021-03-12 08:16:40,474 - Vector entry, Vector contents
2021-03-12 08:16:40,474 - 0, Kepler elements of Vehicle w.r.t. Sun
2021-03-12 08:16:40,474 - 6, Relative distance of Vehicle w.r.t. Sun
2021-03-12 08:16:40,474 - 7, Single acceleration in inertial frame of type cannonball radiation pressure , acting on Vehicle, exerted by Sun
2021-03-12 08:16:40,901 - ====================Saving Data==========================
2021-03-12 08:16:40,901 - Saving propData
2021-03-12 08:16:40,903 - Saving magneticFieldData
2021-03-12 08:16:40,931 - Saving ionosphericData
2021-03-12 08:16:40,943 - Saving thrustData
2021-03-12 08:16:40,966 - Saving currentData
2021-03-12 08:16:40,992 - Saving currentVNVData
2021-03-12 08:16:41,035 - Saving bodyData
2021-03-12 08:16:41,065 - Saving dependentVariableData
2021-03-12 08:16:41,068 - Program finished 
