2021-03-19 08:50:55,564 - 

Running application application_simulation_SSO-CHB, with json SOKGA_init.json

2021-03-19 08:50:55,656 - ===============Loading Variables From File==================
2021-03-19 08:50:55,656 - ===============Prepping Sim==================
2021-03-19 08:50:55,656 -  -- Loading spice kernels -- 
2021-03-19 08:50:55,702 -  -- Creating environment class -- 
2021-03-19 08:50:55,702 - B0 for year 2001.3 : 7.26651
2021-03-19 08:50:55,702 -  -- Creating Config class -- 
2021-03-19 08:50:55,702 -  -- Creating Guidance class -- 
2021-03-19 08:50:55,702 - Updating guidance settings
2021-03-19 08:50:55,702 -  -- Creating Propbodies class -- 
2021-03-19 08:50:55,702 - Using bodies: 
2021-03-19 08:50:55,702 - Sun
2021-03-19 08:50:55,702 - Mercury
2021-03-19 08:50:55,702 - Venus
2021-03-19 08:50:55,702 - Earth
2021-03-19 08:50:55,702 - Mars
2021-03-19 08:50:55,702 - Jupiter
2021-03-19 08:50:55,702 - Saturn
2021-03-19 08:50:55,702 - Uranus
2021-03-19 08:50:55,702 - Neptune
2021-03-19 08:50:55,704 - Effective SRP radiation coefficient of vehicle: 0.5
2021-03-19 08:50:55,704 - Effective SRP reference area of vehicle       : 2.4
2021-03-19 08:50:55,705 - Spacecraft Mass                               : 100
2021-03-19 08:50:55,707 -  -- Creating Propsettings class -- 
2021-03-19 08:50:55,707 - INITIAL EPHEMERIS YEAR: 2041.03
2021-03-19 08:50:55,707 - INITIAL EPHEMERIS TIME: 1.29489e+09
2021-03-19 08:50:55,707 - ====================Propagating==========================
2021-03-19 08:50:55,710 - Dependent variables being saved, output vectors contain: 
2021-03-19 08:50:55,710 - Vector entry, Vector contents
2021-03-19 08:50:55,710 - 0, Kepler elements of Vehicle w.r.t. Sun
2021-03-19 08:50:55,710 - 6, Relative distance of Vehicle w.r.t. Sun
2021-03-19 08:50:55,710 - 7, Single acceleration in inertial frame of type cannonball radiation pressure , acting on Vehicle, exerted by Sun
2021-03-19 08:50:55,756 - ====================Saving Data==========================
2021-03-19 08:50:55,757 - Saving propData
2021-03-19 08:50:55,757 - Saving magneticFieldData
2021-03-19 08:50:55,759 - Saving ionosphericData
2021-03-19 08:50:55,760 - Saving thrustData
2021-03-19 08:50:55,763 - Saving currentData
2021-03-19 08:50:55,765 - Saving currentVNVData
2021-03-19 08:50:55,769 - Saving bodyData
2021-03-19 08:50:55,773 - Saving dependentVariableData
2021-03-19 08:50:55,773 - Program finished 
2021-03-19 08:50:55,794 - 

Running application application_simulation_SSO-CHB, with json SOKGA_stage2.json

2021-03-19 08:50:55,798 - ===============Loading Variables From File==================
2021-03-19 08:50:55,798 - ===============Prepping Sim==================
2021-03-19 08:50:55,798 -  -- Loading spice kernels -- 
2021-03-19 08:50:55,821 -  -- Creating environment class -- 
2021-03-19 08:50:55,821 - B0 for year 2001.3 : 7.26651
2021-03-19 08:50:55,821 -  -- Creating Config class -- 
2021-03-19 08:50:55,821 -  -- Creating Guidance class -- 
2021-03-19 08:50:55,821 - Updating guidance settings
2021-03-19 08:50:55,821 -  -- Creating Propbodies class -- 
2021-03-19 08:50:55,821 - Using bodies: 
2021-03-19 08:50:55,821 - Sun
2021-03-19 08:50:55,821 - Mercury
2021-03-19 08:50:55,821 - Venus
2021-03-19 08:50:55,821 - Earth
2021-03-19 08:50:55,821 - Mars
2021-03-19 08:50:55,821 - Jupiter
2021-03-19 08:50:55,821 - Saturn
2021-03-19 08:50:55,821 - Uranus
2021-03-19 08:50:55,821 - Neptune
2021-03-19 08:50:55,821 - Effective SRP radiation coefficient of vehicle: 0.5
2021-03-19 08:50:55,821 - Effective SRP reference area of vehicle       : 2.4
2021-03-19 08:50:55,821 - Spacecraft Mass                               : 100
2021-03-19 08:50:55,821 -  -- Creating Propsettings class -- 
2021-03-19 08:50:55,822 - INITIAL EPHEMERIS YEAR: 2043.74
2021-03-19 08:50:55,822 - INITIAL EPHEMERIS TIME: 1.3802e+09
2021-03-19 08:50:55,822 - ====================Propagating==========================
2021-03-19 08:50:55,822 - Dependent variables being saved, output vectors contain: 
2021-03-19 08:50:55,822 - Vector entry, Vector contents
2021-03-19 08:50:55,822 - 0, Kepler elements of Vehicle w.r.t. Sun
2021-03-19 08:50:55,822 - 6, Relative distance of Vehicle w.r.t. Sun
2021-03-19 08:50:55,822 - 7, Single acceleration in inertial frame of type cannonball radiation pressure , acting on Vehicle, exerted by Sun
2021-03-19 08:51:05,230 - ====================Saving Data==========================
2021-03-19 08:51:05,234 - Saving propData
2021-03-19 08:51:05,257 - Saving magneticFieldData
2021-03-19 08:51:06,009 - Saving ionosphericData
2021-03-19 08:51:06,330 - Saving thrustData
2021-03-19 08:51:06,876 - Saving currentData
2021-03-19 08:51:07,552 - Saving currentVNVData
2021-03-19 08:51:08,626 - Saving bodyData
2021-03-19 08:51:09,315 - Saving dependentVariableData
2021-03-19 08:51:09,347 - Program finished 
2021-03-19 08:51:09,464 - 

Running application application_simulation_SSO-CHB, with json SOKGA_reference.json

2021-03-19 08:51:09,467 - ===============Loading Variables From File==================
2021-03-19 08:51:09,467 - ===============Prepping Sim==================
2021-03-19 08:51:09,468 -  -- Loading spice kernels -- 
2021-03-19 08:51:09,490 -  -- Creating environment class -- 
2021-03-19 08:51:09,490 - B0 for year 2001.3 : 7.26651
2021-03-19 08:51:09,490 -  -- Creating Config class -- 
2021-03-19 08:51:09,490 -  -- Creating Guidance class -- 
2021-03-19 08:51:09,490 - Updating guidance settings
2021-03-19 08:51:09,490 -  -- Creating Propbodies class -- 
2021-03-19 08:51:09,490 - Using bodies: 
2021-03-19 08:51:09,490 - Sun
2021-03-19 08:51:09,490 - Mercury
2021-03-19 08:51:09,490 - Venus
2021-03-19 08:51:09,490 - Earth
2021-03-19 08:51:09,490 - Mars
2021-03-19 08:51:09,490 - Jupiter
2021-03-19 08:51:09,490 - Saturn
2021-03-19 08:51:09,490 - Uranus
2021-03-19 08:51:09,490 - Neptune
2021-03-19 08:51:09,490 - Effective SRP radiation coefficient of vehicle: 0.5
2021-03-19 08:51:09,490 - Effective SRP reference area of vehicle       : 2.4
2021-03-19 08:51:09,490 - Spacecraft Mass                               : 100
2021-03-19 08:51:09,490 -  -- Creating Propsettings class -- 
2021-03-19 08:51:09,490 - INITIAL EPHEMERIS YEAR: 2041.03
2021-03-19 08:51:09,490 - INITIAL EPHEMERIS TIME: 1.29489e+09
2021-03-19 08:51:09,491 - ====================Propagating==========================
2021-03-19 08:51:09,491 - Dependent variables being saved, output vectors contain: 
2021-03-19 08:51:09,491 - Vector entry, Vector contents
2021-03-19 08:51:09,491 - 0, Kepler elements of Vehicle w.r.t. Sun
2021-03-19 08:51:09,491 - 6, Relative distance of Vehicle w.r.t. Sun
2021-03-19 08:51:09,491 - 7, Single acceleration in inertial frame of type cannonball radiation pressure , acting on Vehicle, exerted by Sun
2021-03-19 08:51:10,362 - ====================Saving Data==========================
2021-03-19 08:51:10,362 - Saving propData
2021-03-19 08:51:10,366 - Saving magneticFieldData
2021-03-19 08:51:10,424 - Saving ionosphericData
2021-03-19 08:51:10,449 - Saving thrustData
2021-03-19 08:51:10,494 - Saving currentData
2021-03-19 08:51:10,543 - Saving currentVNVData
2021-03-19 08:51:10,627 - Saving bodyData
2021-03-19 08:51:10,685 - Saving dependentVariableData
2021-03-19 08:51:10,690 - Program finished 
