2021-02-19 07:59:24,712 - 

Running application application_simulation_SSO-CHB, with json SOKGA_init.json

2021-02-19 07:59:24,717 - ===============Loading Variables From File==================
2021-02-19 07:59:24,718 - ===============Prepping Sim==================
2021-02-19 07:59:24,718 -  -- Loading spice kernels -- 
2021-02-19 07:59:24,746 -  -- Creating environment class -- 
2021-02-19 07:59:24,746 - B0 for year 2001.3 : 7.26651
2021-02-19 07:59:24,746 -  -- Creating Config class -- 
2021-02-19 07:59:24,747 -  -- Creating Guidance class -- 
2021-02-19 07:59:24,747 - Updating guidance settings
2021-02-19 07:59:24,747 -  -- Creating Propbodies class -- 
2021-02-19 07:59:24,747 - Using bodies: 
2021-02-19 07:59:24,747 - Sun
2021-02-19 07:59:24,747 - Mercury
2021-02-19 07:59:24,747 - Venus
2021-02-19 07:59:24,747 - Earth
2021-02-19 07:59:24,747 - Mars
2021-02-19 07:59:24,747 - Jupiter
2021-02-19 07:59:24,747 - Saturn
2021-02-19 07:59:24,747 - Uranus
2021-02-19 07:59:24,747 - Neptune
2021-02-19 07:59:24,747 - Effective SRP radiation coefficient of vehicle: 0.5
2021-02-19 07:59:24,747 - Effective SRP reference area of vehicle       : 2.4
2021-02-19 07:59:24,747 - Spacecraft Mass                               : 100
2021-02-19 07:59:24,747 -  -- Creating Propsettings class -- 
2021-02-19 07:59:24,747 - INITIAL EPHEMERIS YEAR: 2041.03
2021-02-19 07:59:24,747 - INITIAL EPHEMERIS TIME: 1.29489e+09
2021-02-19 07:59:24,748 - ====================Propagating==========================
2021-02-19 07:59:24,748 - Dependent variables being saved, output vectors contain: 
2021-02-19 07:59:24,748 - Vector entry, Vector contents
2021-02-19 07:59:24,748 - 0, Kepler elements of Vehicle w.r.t. Sun
2021-02-19 07:59:24,748 - 6, Relative distance of Vehicle w.r.t. Sun
2021-02-19 07:59:24,748 - 7, Single acceleration in inertial frame of type cannonball radiation pressure , acting on Vehicle, exerted by Sun
2021-02-19 07:59:24,797 - ====================Saving Data==========================
2021-02-19 07:59:24,797 - Saving propData
2021-02-19 07:59:24,798 - Saving magneticFieldData
2021-02-19 07:59:24,800 - Saving ionosphericData
2021-02-19 07:59:24,801 - Saving thrustData
2021-02-19 07:59:24,804 - Saving currentData
2021-02-19 07:59:24,806 - Saving currentVNVData
2021-02-19 07:59:24,810 - Saving bodyData
2021-02-19 07:59:24,812 - Saving dependentVariableData
2021-02-19 07:59:24,813 - Program finished 
2021-02-19 07:59:24,835 - 

Running application application_simulation_SSO-CHB, with json SOKGA_stage2.json.json

2021-02-19 07:59:24,840 - ===============Loading Variables From File==================
