2021-03-12 08:09:55,909 - 

Running application application_simulation_SSO-CHB, with json SOKGA_init.json

2021-03-12 08:09:55,914 - ===============Loading Variables From File==================
2021-03-12 08:09:55,918 - ===============Prepping Sim==================
2021-03-12 08:09:55,918 -  -- Loading spice kernels -- 
2021-03-12 08:09:55,942 -  -- Creating environment class -- 
2021-03-12 08:09:55,942 - B0 for year 2001.3 : 7.26651
2021-03-12 08:09:55,942 -  -- Creating Config class -- 
2021-03-12 08:09:56,074 - 

Running application application_simulation_SSO-CHB, with json SOKGA_stage2.json

2021-03-12 08:09:56,079 - ===============Loading Variables From File==================
2021-03-12 08:09:56,079 - ===============Prepping Sim==================
2021-03-12 08:09:56,079 -  -- Loading spice kernels -- 
2021-03-12 08:09:56,103 -  -- Creating environment class -- 
2021-03-12 08:09:56,103 - B0 for year 2001.3 : 7.26651
2021-03-12 08:09:56,103 -  -- Creating Config class -- 
2021-03-12 08:09:56,204 - 

Running application application_simulation_SSO-CHB, with json SOKGA_reference.json

2021-03-12 08:09:56,209 - ===============Loading Variables From File==================
2021-03-12 08:09:56,210 - ===============Prepping Sim==================
2021-03-12 08:09:56,210 -  -- Loading spice kernels -- 
2021-03-12 08:09:56,236 -  -- Creating environment class -- 
2021-03-12 08:09:56,236 - B0 for year 2001.3 : 7.26651
2021-03-12 08:09:56,236 -  -- Creating Config class -- 
