2021-03-19 09:22:31,870 - 

Running application application_simulation_SSO-CHB, with json SOKGA_init.json

2021-03-19 09:22:31,876 - ===============Loading Variables From File==================
2021-03-19 09:22:31,876 - ===============Prepping Sim==================
2021-03-19 09:22:31,876 -  -- Loading spice kernels -- 
2021-03-19 09:22:31,898 -  -- Creating environment class -- 
2021-03-19 09:22:31,898 - B0 for year 2001.3 : 7.26651
2021-03-19 09:22:31,898 -  -- Creating Config class -- 
2021-03-19 09:22:31,898 - Vehicle conducting area: 5e+08
2021-03-19 09:22:31,898 - Vehicle masses (total, endmass1, endmass2, tether mass): 101.528, 50, 50, 1.52751
2021-03-19 09:22:31,898 -  -- Creating Guidance class -- 
2021-03-19 09:22:31,899 - Updating guidance settings
2021-03-19 09:22:31,899 -  -- Creating Propbodies class -- 
2021-03-19 09:22:31,899 - Using bodies: 
2021-03-19 09:22:31,899 - Sun
2021-03-19 09:22:31,899 - Mercury
2021-03-19 09:22:31,899 - Venus
2021-03-19 09:22:31,899 - Earth
2021-03-19 09:22:31,899 - Mars
2021-03-19 09:22:31,899 - Jupiter
2021-03-19 09:22:31,899 - Saturn
2021-03-19 09:22:31,899 - Uranus
2021-03-19 09:22:31,899 - Neptune
2021-03-19 09:22:31,899 - Effective SRP radiation coefficient of vehicle: 0
2021-03-19 09:22:31,899 - Effective SRP reference area of vehicle       : 9540.81
2021-03-19 09:22:31,899 - Spacecraft Mass                               : 101.528
2021-03-19 09:22:31,899 -  -- Creating Propsettings class -- 
2021-03-19 09:22:31,899 - INITIAL EPHEMERIS YEAR: 2041.03
2021-03-19 09:22:31,899 - INITIAL EPHEMERIS TIME: 1.29489e+09
2021-03-19 09:22:31,899 - ====================Propagating==========================
2021-03-19 09:22:31,899 - Dependent variables being saved, output vectors contain: 
2021-03-19 09:22:31,899 - Vector entry, Vector contents
2021-03-19 09:22:31,899 - 0, Kepler elements of Vehicle w.r.t. Sun
2021-03-19 09:22:31,899 - 6, Relative distance of Vehicle w.r.t. Sun
2021-03-19 09:22:31,899 - 7, Single acceleration in inertial frame of type cannonball radiation pressure , acting on Vehicle, exerted by Sun
2021-03-19 09:22:31,940 - ====================Saving Data==========================
2021-03-19 09:22:31,940 - Saving propData
2021-03-19 09:22:31,941 - Saving magneticFieldData
2021-03-19 09:22:31,943 - Saving ionosphericData
2021-03-19 09:22:31,944 - Saving thrustData
2021-03-19 09:22:31,946 - Saving currentData
2021-03-19 09:22:31,948 - Saving currentVNVData
2021-03-19 09:22:31,952 - Saving bodyData
2021-03-19 09:22:31,955 - Saving dependentVariableData
2021-03-19 09:22:31,955 - Program finished 
2021-03-19 09:22:31,972 - 

Running application application_simulation_SSO-CHB, with json SOKGA_stage2.json

2021-03-19 09:22:31,978 - ===============Loading Variables From File==================
2021-03-19 09:22:31,978 - ===============Prepping Sim==================
2021-03-19 09:22:31,978 -  -- Loading spice kernels -- 
2021-03-19 09:22:32,004 -  -- Creating environment class -- 
2021-03-19 09:22:32,005 - B0 for year 2001.3 : 7.26651
2021-03-19 09:22:32,005 -  -- Creating Config class -- 
2021-03-19 09:22:32,005 - Vehicle conducting area: 5e+08
2021-03-19 09:22:32,005 - Vehicle masses (total, endmass1, endmass2, tether mass): 101.528, 50, 50, 1.52751
2021-03-19 09:22:32,005 -  -- Creating Guidance class -- 
2021-03-19 09:22:32,005 - Updating guidance settings
2021-03-19 09:22:32,005 -  -- Creating Propbodies class -- 
2021-03-19 09:22:32,005 - Using bodies: 
2021-03-19 09:22:32,005 - Sun
2021-03-19 09:22:32,005 - Mercury
2021-03-19 09:22:32,005 - Venus
2021-03-19 09:22:32,005 - Earth
2021-03-19 09:22:32,005 - Mars
2021-03-19 09:22:32,005 - Jupiter
2021-03-19 09:22:32,005 - Saturn
2021-03-19 09:22:32,005 - Uranus
2021-03-19 09:22:32,005 - Neptune
2021-03-19 09:22:32,005 - Effective SRP radiation coefficient of vehicle: 0
2021-03-19 09:22:32,005 - Effective SRP reference area of vehicle       : 9540.81
2021-03-19 09:22:32,005 - Spacecraft Mass                               : 101.528
2021-03-19 09:22:32,005 -  -- Creating Propsettings class -- 
2021-03-19 09:22:32,005 - INITIAL EPHEMERIS YEAR: 2043.74
2021-03-19 09:22:32,005 - INITIAL EPHEMERIS TIME: 1.38018e+09
2021-03-19 09:22:32,005 - ====================Propagating==========================
2021-03-19 09:22:32,005 - Dependent variables being saved, output vectors contain: 
2021-03-19 09:22:32,006 - Vector entry, Vector contents
2021-03-19 09:22:32,006 - 0, Kepler elements of Vehicle w.r.t. Sun
2021-03-19 09:22:32,006 - 6, Relative distance of Vehicle w.r.t. Sun
2021-03-19 09:22:32,006 - 7, Single acceleration in inertial frame of type cannonball radiation pressure , acting on Vehicle, exerted by Sun
2021-03-19 09:22:40,841 - ====================Saving Data==========================
2021-03-19 09:22:40,874 - Saving propData
2021-03-19 09:22:40,895 - Saving magneticFieldData
2021-03-19 09:22:41,509 - Saving ionosphericData
2021-03-19 09:22:41,786 - Saving thrustData
2021-03-19 09:22:42,324 - Saving currentData
2021-03-19 09:22:42,947 - Saving currentVNVData
2021-03-19 09:22:43,925 - Saving bodyData
2021-03-19 09:22:44,561 - Saving dependentVariableData
2021-03-19 09:22:44,591 - Program finished 
2021-03-19 09:22:44,798 - 

Running application application_simulation_SSO-CHB, with json SOKGA_reference.json

2021-03-19 09:22:44,802 - ===============Loading Variables From File==================
2021-03-19 09:22:44,802 - ===============Prepping Sim==================
2021-03-19 09:22:44,802 -  -- Loading spice kernels -- 
2021-03-19 09:22:44,823 -  -- Creating environment class -- 
2021-03-19 09:22:44,823 - B0 for year 2001.3 : 7.26651
2021-03-19 09:22:44,823 -  -- Creating Config class -- 
2021-03-19 09:22:44,823 - Vehicle conducting area: 5e+08
2021-03-19 09:22:44,823 - Vehicle masses (total, endmass1, endmass2, tether mass): 101.528, 50, 50, 1.52751
2021-03-19 09:22:44,824 -  -- Creating Guidance class -- 
2021-03-19 09:22:44,824 - Updating guidance settings
2021-03-19 09:22:44,824 -  -- Creating Propbodies class -- 
2021-03-19 09:22:44,824 - Using bodies: 
2021-03-19 09:22:44,824 - Sun
2021-03-19 09:22:44,824 - Mercury
2021-03-19 09:22:44,824 - Venus
2021-03-19 09:22:44,824 - Earth
2021-03-19 09:22:44,824 - Mars
2021-03-19 09:22:44,824 - Jupiter
2021-03-19 09:22:44,824 - Saturn
2021-03-19 09:22:44,824 - Uranus
2021-03-19 09:22:44,824 - Neptune
2021-03-19 09:22:44,824 - Effective SRP radiation coefficient of vehicle: 0
2021-03-19 09:22:44,824 - Effective SRP reference area of vehicle       : 9540.81
2021-03-19 09:22:44,824 - Spacecraft Mass                               : 101.528
2021-03-19 09:22:44,824 -  -- Creating Propsettings class -- 
2021-03-19 09:22:44,824 - INITIAL EPHEMERIS YEAR: 2041.03
2021-03-19 09:22:44,824 - INITIAL EPHEMERIS TIME: 1.29489e+09
2021-03-19 09:22:44,824 - ====================Propagating==========================
2021-03-19 09:22:44,825 - Dependent variables being saved, output vectors contain: 
2021-03-19 09:22:44,825 - Vector entry, Vector contents
2021-03-19 09:22:44,825 - 0, Kepler elements of Vehicle w.r.t. Sun
2021-03-19 09:22:44,825 - 6, Relative distance of Vehicle w.r.t. Sun
2021-03-19 09:22:44,825 - 7, Single acceleration in inertial frame of type cannonball radiation pressure , acting on Vehicle, exerted by Sun
2021-03-19 09:22:45,725 - ====================Saving Data==========================
2021-03-19 09:22:45,726 - Saving propData
2021-03-19 09:22:45,730 - Saving magneticFieldData
2021-03-19 09:22:45,792 - Saving ionosphericData
2021-03-19 09:22:45,818 - Saving thrustData
2021-03-19 09:22:45,988 - Saving currentData
2021-03-19 09:22:46,033 - Saving currentVNVData
2021-03-19 09:22:46,114 - Saving bodyData
2021-03-19 09:22:46,174 - Saving dependentVariableData
2021-03-19 09:22:46,179 - Program finished 
