2021-03-19 09:29:49,127 - 

Running application application_simulation_SSO-CHB, with json SOKGA_init.json

2021-03-19 09:29:49,131 - ===============Loading Variables From File==================
2021-03-19 09:29:49,132 - ===============Prepping Sim==================
2021-03-19 09:29:49,132 -  -- Loading spice kernels -- 
2021-03-19 09:29:49,157 -  -- Creating environment class -- 
2021-03-19 09:29:49,158 - B0 for year 2001.3 : 7.26651
2021-03-19 09:29:49,158 -  -- Creating Config class -- 
2021-03-19 09:29:49,158 - Vehicle conducting area: 1
2021-03-19 09:29:49,158 - Vehicle masses (total, endmass1, endmass2, tether mass): 101.528, 50, 50, 1.52751
2021-03-19 09:29:49,158 -  -- Creating Guidance class -- 
2021-03-19 09:29:49,158 - Updating guidance settings
2021-03-19 09:29:49,158 -  -- Creating Propbodies class -- 
2021-03-19 09:29:49,158 - Using bodies: 
2021-03-19 09:29:49,158 - Sun
2021-03-19 09:29:49,158 - Mercury
2021-03-19 09:29:49,158 - Venus
2021-03-19 09:29:49,158 - Earth
2021-03-19 09:29:49,158 - Mars
2021-03-19 09:29:49,159 - Jupiter
2021-03-19 09:29:49,159 - Saturn
2021-03-19 09:29:49,159 - Uranus
2021-03-19 09:29:49,159 - Neptune
2021-03-19 09:29:49,159 - Effective SRP radiation coefficient of vehicle: 0
2021-03-19 09:29:49,159 - Effective SRP reference area of vehicle       : 9540.81
2021-03-19 09:29:49,159 - Spacecraft Mass                               : 101.528
2021-03-19 09:29:49,159 -  -- Creating Propsettings class -- 
2021-03-19 09:29:49,159 - INITIAL EPHEMERIS YEAR: 2041.03
2021-03-19 09:29:49,159 - INITIAL EPHEMERIS TIME: 1.29489e+09
2021-03-19 09:29:49,159 - ====================Propagating==========================
2021-03-19 09:29:49,159 - Dependent variables being saved, output vectors contain: 
2021-03-19 09:29:49,159 - Vector entry, Vector contents
2021-03-19 09:29:49,159 - 0, Kepler elements of Vehicle w.r.t. Sun
2021-03-19 09:29:49,160 - 6, Relative distance of Vehicle w.r.t. Sun
2021-03-19 09:29:49,160 - 7, Single acceleration in inertial frame of type cannonball radiation pressure , acting on Vehicle, exerted by Sun
2021-03-19 09:29:49,204 - ====================Saving Data==========================
2021-03-19 09:29:49,204 - Saving propData
2021-03-19 09:29:49,205 - Saving magneticFieldData
2021-03-19 09:29:49,209 - Saving ionosphericData
2021-03-19 09:29:49,210 - Saving thrustData
2021-03-19 09:29:49,213 - Saving currentData
2021-03-19 09:29:49,215 - Saving currentVNVData
2021-03-19 09:29:49,218 - Saving bodyData
2021-03-19 09:29:49,221 - Saving dependentVariableData
2021-03-19 09:29:49,221 - Program finished 
2021-03-19 09:29:49,238 - 

Running application application_simulation_SSO-CHB, with json SOKGA_stage2.json

2021-03-19 09:29:49,244 - ===============Loading Variables From File==================
2021-03-19 09:29:49,244 - ===============Prepping Sim==================
2021-03-19 09:29:49,244 -  -- Loading spice kernels -- 
2021-03-19 09:29:49,266 -  -- Creating environment class -- 
2021-03-19 09:29:49,266 - B0 for year 2001.3 : 7.26651
2021-03-19 09:29:49,266 -  -- Creating Config class -- 
2021-03-19 09:29:49,266 - Vehicle conducting area: 1
2021-03-19 09:29:49,266 - Vehicle masses (total, endmass1, endmass2, tether mass): 101.528, 50, 50, 1.52751
2021-03-19 09:29:49,266 -  -- Creating Guidance class -- 
2021-03-19 09:29:49,266 - Updating guidance settings
2021-03-19 09:29:49,266 -  -- Creating Propbodies class -- 
2021-03-19 09:29:49,266 - Using bodies: 
2021-03-19 09:29:49,266 - Sun
2021-03-19 09:29:49,266 - Mercury
2021-03-19 09:29:49,266 - Venus
2021-03-19 09:29:49,266 - Earth
2021-03-19 09:29:49,266 - Mars
2021-03-19 09:29:49,266 - Jupiter
2021-03-19 09:29:49,267 - Saturn
2021-03-19 09:29:49,267 - Uranus
2021-03-19 09:29:49,267 - Neptune
2021-03-19 09:29:49,267 - Effective SRP radiation coefficient of vehicle: 0
2021-03-19 09:29:49,267 - Effective SRP reference area of vehicle       : 9540.81
2021-03-19 09:29:49,267 - Spacecraft Mass                               : 101.528
2021-03-19 09:29:49,267 -  -- Creating Propsettings class -- 
2021-03-19 09:29:49,267 - INITIAL EPHEMERIS YEAR: 2043.74
2021-03-19 09:29:49,267 - INITIAL EPHEMERIS TIME: 1.38018e+09
2021-03-19 09:29:49,267 - ====================Propagating==========================
2021-03-19 09:29:49,267 - Dependent variables being saved, output vectors contain: 
2021-03-19 09:29:49,267 - Vector entry, Vector contents
2021-03-19 09:29:49,267 - 0, Kepler elements of Vehicle w.r.t. Sun
2021-03-19 09:29:49,267 - 6, Relative distance of Vehicle w.r.t. Sun
2021-03-19 09:29:49,267 - 7, Single acceleration in inertial frame of type cannonball radiation pressure , acting on Vehicle, exerted by Sun
2021-03-19 09:29:50,150 - ====================Saving Data==========================
2021-03-19 09:29:50,151 - Saving propData
2021-03-19 09:29:50,155 - Saving magneticFieldData
2021-03-19 09:29:50,212 - Saving ionosphericData
2021-03-19 09:29:50,237 - Saving thrustData
2021-03-19 09:29:50,290 - Saving currentData
2021-03-19 09:29:50,342 - Saving currentVNVData
2021-03-19 09:29:50,424 - Saving bodyData
2021-03-19 09:29:50,481 - Saving dependentVariableData
2021-03-19 09:29:50,486 - Program finished 
2021-03-19 09:29:50,494 - 

Running application application_simulation_SSO-CHB, with json SOKGA_reference.json

2021-03-19 09:29:50,498 - ===============Loading Variables From File==================
2021-03-19 09:29:50,498 - ===============Prepping Sim==================
2021-03-19 09:29:50,498 -  -- Loading spice kernels -- 
2021-03-19 09:29:50,519 -  -- Creating environment class -- 
2021-03-19 09:29:50,519 - B0 for year 2001.3 : 7.26651
2021-03-19 09:29:50,519 -  -- Creating Config class -- 
2021-03-19 09:29:50,519 - Vehicle conducting area: 1
2021-03-19 09:29:50,519 - Vehicle masses (total, endmass1, endmass2, tether mass): 101.528, 50, 50, 1.52751
2021-03-19 09:29:50,519 -  -- Creating Guidance class -- 
2021-03-19 09:29:50,519 - Updating guidance settings
2021-03-19 09:29:50,519 -  -- Creating Propbodies class -- 
2021-03-19 09:29:50,519 - Using bodies: 
2021-03-19 09:29:50,519 - Sun
2021-03-19 09:29:50,520 - Mercury
2021-03-19 09:29:50,520 - Venus
2021-03-19 09:29:50,520 - Earth
2021-03-19 09:29:50,520 - Mars
2021-03-19 09:29:50,520 - Jupiter
2021-03-19 09:29:50,520 - Saturn
2021-03-19 09:29:50,520 - Uranus
2021-03-19 09:29:50,520 - Neptune
2021-03-19 09:29:50,520 - Effective SRP radiation coefficient of vehicle: 0
2021-03-19 09:29:50,520 - Effective SRP reference area of vehicle       : 9540.81
2021-03-19 09:29:50,520 - Spacecraft Mass                               : 101.528
2021-03-19 09:29:50,520 -  -- Creating Propsettings class -- 
2021-03-19 09:29:50,520 - INITIAL EPHEMERIS YEAR: 2041.03
2021-03-19 09:29:50,520 - INITIAL EPHEMERIS TIME: 1.29489e+09
2021-03-19 09:29:50,520 - ====================Propagating==========================
2021-03-19 09:29:50,520 - Dependent variables being saved, output vectors contain: 
2021-03-19 09:29:50,520 - Vector entry, Vector contents
2021-03-19 09:29:50,520 - 0, Kepler elements of Vehicle w.r.t. Sun
2021-03-19 09:29:50,520 - 6, Relative distance of Vehicle w.r.t. Sun
2021-03-19 09:29:50,520 - 7, Single acceleration in inertial frame of type cannonball radiation pressure , acting on Vehicle, exerted by Sun
2021-03-19 09:29:51,395 - ====================Saving Data==========================
2021-03-19 09:29:51,396 - Saving propData
2021-03-19 09:29:51,400 - Saving magneticFieldData
2021-03-19 09:29:51,456 - Saving ionosphericData
2021-03-19 09:29:51,481 - Saving thrustData
2021-03-19 09:29:51,524 - Saving currentData
2021-03-19 09:29:51,574 - Saving currentVNVData
2021-03-19 09:29:51,655 - Saving bodyData
2021-03-19 09:29:51,713 - Saving dependentVariableData
2021-03-19 09:29:51,718 - Program finished 
