2021-03-19 09:28:18,517 - 

Running application application_simulation_SSO-CHB, with json SOKGA_init.json

2021-03-19 09:28:18,523 - ===============Loading Variables From File==================
2021-03-19 09:28:18,523 - ===============Prepping Sim==================
2021-03-19 09:28:18,523 -  -- Loading spice kernels -- 
2021-03-19 09:28:18,547 -  -- Creating environment class -- 
2021-03-19 09:28:18,547 - B0 for year 2001.3 : 7.26651
2021-03-19 09:28:18,547 -  -- Creating Config class -- 
2021-03-19 09:28:18,547 - Vehicle conducting area: 0.0004704
2021-03-19 09:28:18,548 - Vehicle masses (total, endmass1, endmass2, tether mass): 101.528, 50, 50, 1.52751
2021-03-19 09:28:18,548 -  -- Creating Guidance class -- 
2021-03-19 09:28:18,548 - Updating guidance settings
2021-03-19 09:28:18,548 -  -- Creating Propbodies class -- 
2021-03-19 09:28:18,548 - Using bodies: 
2021-03-19 09:28:18,548 - Sun
2021-03-19 09:28:18,548 - Mercury
2021-03-19 09:28:18,548 - Venus
2021-03-19 09:28:18,548 - Earth
2021-03-19 09:28:18,548 - Mars
2021-03-19 09:28:18,548 - Jupiter
2021-03-19 09:28:18,548 - Saturn
2021-03-19 09:28:18,548 - Uranus
2021-03-19 09:28:18,548 - Neptune
2021-03-19 09:28:18,548 - Effective SRP radiation coefficient of vehicle: 0
2021-03-19 09:28:18,548 - Effective SRP reference area of vehicle       : 9540.81
2021-03-19 09:28:18,548 - Spacecraft Mass                               : 101.528
2021-03-19 09:28:18,548 -  -- Creating Propsettings class -- 
2021-03-19 09:28:18,549 - INITIAL EPHEMERIS YEAR: 2041.03
2021-03-19 09:28:18,549 - INITIAL EPHEMERIS TIME: 1.29489e+09
2021-03-19 09:28:18,549 - ====================Propagating==========================
2021-03-19 09:28:18,549 - Dependent variables being saved, output vectors contain: 
2021-03-19 09:28:18,549 - Vector entry, Vector contents
2021-03-19 09:28:18,549 - 0, Kepler elements of Vehicle w.r.t. Sun
2021-03-19 09:28:18,549 - 6, Relative distance of Vehicle w.r.t. Sun
2021-03-19 09:28:18,549 - 7, Single acceleration in inertial frame of type cannonball radiation pressure , acting on Vehicle, exerted by Sun
2021-03-19 09:28:18,585 - ====================Saving Data==========================
2021-03-19 09:28:18,586 - Saving propData
2021-03-19 09:28:18,586 - Saving magneticFieldData
2021-03-19 09:28:18,588 - Saving ionosphericData
2021-03-19 09:28:18,589 - Saving thrustData
2021-03-19 09:28:18,591 - Saving currentData
2021-03-19 09:28:18,593 - Saving currentVNVData
2021-03-19 09:28:18,597 - Saving bodyData
2021-03-19 09:28:18,599 - Saving dependentVariableData
2021-03-19 09:28:18,600 - Program finished 
2021-03-19 09:28:18,617 - 

Running application application_simulation_SSO-CHB, with json SOKGA_stage2.json

2021-03-19 09:28:18,623 - ===============Loading Variables From File==================
2021-03-19 09:28:18,623 - ===============Prepping Sim==================
2021-03-19 09:28:18,623 -  -- Loading spice kernels -- 
2021-03-19 09:28:18,646 -  -- Creating environment class -- 
2021-03-19 09:28:18,646 - B0 for year 2001.3 : 7.26651
2021-03-19 09:28:18,646 -  -- Creating Config class -- 
2021-03-19 09:28:18,646 - Vehicle conducting area: 0.0004704
2021-03-19 09:28:18,646 - Vehicle masses (total, endmass1, endmass2, tether mass): 101.528, 50, 50, 1.52751
2021-03-19 09:28:18,646 -  -- Creating Guidance class -- 
2021-03-19 09:28:18,646 - Updating guidance settings
2021-03-19 09:28:18,646 -  -- Creating Propbodies class -- 
2021-03-19 09:28:18,646 - Using bodies: 
2021-03-19 09:28:18,646 - Sun
2021-03-19 09:28:18,646 - Mercury
2021-03-19 09:28:18,646 - Venus
2021-03-19 09:28:18,646 - Earth
2021-03-19 09:28:18,646 - Mars
2021-03-19 09:28:18,646 - Jupiter
2021-03-19 09:28:18,646 - Saturn
2021-03-19 09:28:18,646 - Uranus
2021-03-19 09:28:18,646 - Neptune
2021-03-19 09:28:18,646 - Effective SRP radiation coefficient of vehicle: 0
2021-03-19 09:28:18,646 - Effective SRP reference area of vehicle       : 9540.81
2021-03-19 09:28:18,646 - Spacecraft Mass                               : 101.528
2021-03-19 09:28:18,646 -  -- Creating Propsettings class -- 
2021-03-19 09:28:18,646 - INITIAL EPHEMERIS YEAR: 2043.74
2021-03-19 09:28:18,646 - INITIAL EPHEMERIS TIME: 1.38018e+09
2021-03-19 09:28:18,646 - ====================Propagating==========================
2021-03-19 09:28:18,647 - Dependent variables being saved, output vectors contain: 
2021-03-19 09:28:18,647 - Vector entry, Vector contents
2021-03-19 09:28:18,647 - 0, Kepler elements of Vehicle w.r.t. Sun
2021-03-19 09:28:18,647 - 6, Relative distance of Vehicle w.r.t. Sun
2021-03-19 09:28:18,647 - 7, Single acceleration in inertial frame of type cannonball radiation pressure , acting on Vehicle, exerted by Sun
2021-03-19 09:28:19,496 - ====================Saving Data==========================
2021-03-19 09:28:19,540 - Saving propData
2021-03-19 09:28:19,543 - Saving magneticFieldData
2021-03-19 09:28:19,593 - Saving ionosphericData
2021-03-19 09:28:19,612 - Saving thrustData
2021-03-19 09:28:19,653 - Saving currentData
2021-03-19 09:28:19,697 - Saving currentVNVData
2021-03-19 09:28:19,776 - Saving bodyData
2021-03-19 09:28:19,824 - Saving dependentVariableData
2021-03-19 09:28:19,828 - Program finished 
2021-03-19 09:28:19,861 - 

Running application application_simulation_SSO-CHB, with json SOKGA_reference.json

2021-03-19 09:28:19,865 - ===============Loading Variables From File==================
2021-03-19 09:28:19,865 - ===============Prepping Sim==================
2021-03-19 09:28:19,865 -  -- Loading spice kernels -- 
2021-03-19 09:28:19,885 -  -- Creating environment class -- 
2021-03-19 09:28:19,886 - B0 for year 2001.3 : 7.26651
2021-03-19 09:28:19,886 -  -- Creating Config class -- 
2021-03-19 09:28:19,886 - Vehicle conducting area: 0.0004704
2021-03-19 09:28:19,886 - Vehicle masses (total, endmass1, endmass2, tether mass): 101.528, 50, 50, 1.52751
2021-03-19 09:28:19,886 -  -- Creating Guidance class -- 
2021-03-19 09:28:19,886 - Updating guidance settings
2021-03-19 09:28:19,886 -  -- Creating Propbodies class -- 
2021-03-19 09:28:19,886 - Using bodies: 
2021-03-19 09:28:19,886 - Sun
2021-03-19 09:28:19,886 - Mercury
2021-03-19 09:28:19,886 - Venus
2021-03-19 09:28:19,886 - Earth
2021-03-19 09:28:19,886 - Mars
2021-03-19 09:28:19,886 - Jupiter
2021-03-19 09:28:19,886 - Saturn
2021-03-19 09:28:19,886 - Uranus
2021-03-19 09:28:19,886 - Neptune
2021-03-19 09:28:19,886 - Effective SRP radiation coefficient of vehicle: 0
2021-03-19 09:28:19,886 - Effective SRP reference area of vehicle       : 9540.81
2021-03-19 09:28:19,886 - Spacecraft Mass                               : 101.528
2021-03-19 09:28:19,886 -  -- Creating Propsettings class -- 
2021-03-19 09:28:19,887 - INITIAL EPHEMERIS YEAR: 2041.03
2021-03-19 09:28:19,887 - INITIAL EPHEMERIS TIME: 1.29489e+09
2021-03-19 09:28:19,887 - ====================Propagating==========================
2021-03-19 09:28:19,887 - Dependent variables being saved, output vectors contain: 
2021-03-19 09:28:19,887 - Vector entry, Vector contents
2021-03-19 09:28:19,887 - 0, Kepler elements of Vehicle w.r.t. Sun
2021-03-19 09:28:19,887 - 6, Relative distance of Vehicle w.r.t. Sun
2021-03-19 09:28:19,887 - 7, Single acceleration in inertial frame of type cannonball radiation pressure , acting on Vehicle, exerted by Sun
2021-03-19 09:28:20,770 - ====================Saving Data==========================
2021-03-19 09:28:20,770 - Saving propData
2021-03-19 09:28:20,775 - Saving magneticFieldData
2021-03-19 09:28:20,831 - Saving ionosphericData
2021-03-19 09:28:20,855 - Saving thrustData
2021-03-19 09:28:20,898 - Saving currentData
2021-03-19 09:28:20,952 - Saving currentVNVData
2021-03-19 09:28:21,034 - Saving bodyData
2021-03-19 09:28:21,092 - Saving dependentVariableData
2021-03-19 09:28:21,097 - Program finished 
