2021-02-19 08:16:55,376 - 

Running application application_simulation_SSO-CHB, with json SOKGA_init.json

2021-02-19 08:16:55,382 - ===============Loading Variables From File==================
2021-02-19 08:16:55,382 - ===============Prepping Sim==================
2021-02-19 08:16:55,382 -  -- Loading spice kernels -- 
2021-02-19 08:16:55,412 -  -- Creating environment class -- 
2021-02-19 08:16:55,412 - B0 for year 2001.3 : 7.26651
2021-02-19 08:16:55,412 -  -- Creating Config class -- 
2021-02-19 08:16:55,412 -  -- Creating Guidance class -- 
2021-02-19 08:16:55,412 - Updating guidance settings
2021-02-19 08:16:55,412 -  -- Creating Propbodies class -- 
2021-02-19 08:16:55,412 - Using bodies: 
2021-02-19 08:16:55,412 - Sun
2021-02-19 08:16:55,412 - Mercury
2021-02-19 08:16:55,412 - Venus
2021-02-19 08:16:55,412 - Earth
2021-02-19 08:16:55,413 - Mars
2021-02-19 08:16:55,413 - Jupiter
2021-02-19 08:16:55,413 - Saturn
2021-02-19 08:16:55,413 - Uranus
2021-02-19 08:16:55,413 - Neptune
2021-02-19 08:16:55,413 - Effective SRP radiation coefficient of vehicle: 0.5
2021-02-19 08:16:55,413 - Effective SRP reference area of vehicle       : 2.4
2021-02-19 08:16:55,413 - Spacecraft Mass                               : 100
2021-02-19 08:16:55,413 -  -- Creating Propsettings class -- 
2021-02-19 08:16:55,413 - INITIAL EPHEMERIS YEAR: 2041.03
2021-02-19 08:16:55,413 - INITIAL EPHEMERIS TIME: 1.29489e+09
2021-02-19 08:16:55,413 - ====================Propagating==========================
2021-02-19 08:16:55,413 - Dependent variables being saved, output vectors contain: 
2021-02-19 08:16:55,413 - Vector entry, Vector contents
2021-02-19 08:16:55,413 - 0, Kepler elements of Vehicle w.r.t. Sun
2021-02-19 08:16:55,413 - 6, Relative distance of Vehicle w.r.t. Sun
2021-02-19 08:16:55,413 - 7, Single acceleration in inertial frame of type cannonball radiation pressure , acting on Vehicle, exerted by Sun
2021-02-19 08:16:55,453 - ====================Saving Data==========================
2021-02-19 08:16:55,453 - Saving propData
2021-02-19 08:16:55,453 - Saving magneticFieldData
2021-02-19 08:16:55,456 - Saving ionosphericData
2021-02-19 08:16:55,457 - Saving thrustData
2021-02-19 08:16:55,459 - Saving currentData
2021-02-19 08:16:55,462 - Saving currentVNVData
2021-02-19 08:16:55,465 - Saving bodyData
2021-02-19 08:16:55,468 - Saving dependentVariableData
2021-02-19 08:16:55,468 - Program finished 
2021-02-19 08:16:55,485 - 

Running application application_simulation_SSO-CHB, with json SOKGA_stage2.json

2021-02-19 08:16:55,490 - ===============Loading Variables From File==================
2021-02-19 08:16:55,490 - ===============Prepping Sim==================
2021-02-19 08:16:55,490 -  -- Loading spice kernels -- 
2021-02-19 08:16:55,519 -  -- Creating environment class -- 
2021-02-19 08:16:55,519 - B0 for year 2001.3 : 7.26651
2021-02-19 08:16:55,519 -  -- Creating Config class -- 
2021-02-19 08:16:55,519 -  -- Creating Guidance class -- 
2021-02-19 08:16:55,519 - Updating guidance settings
2021-02-19 08:16:55,519 -  -- Creating Propbodies class -- 
2021-02-19 08:16:55,519 - Using bodies: 
2021-02-19 08:16:55,519 - Sun
2021-02-19 08:16:55,519 - Mercury
2021-02-19 08:16:55,519 - Venus
2021-02-19 08:16:55,519 - Earth
2021-02-19 08:16:55,519 - Mars
2021-02-19 08:16:55,519 - Jupiter
2021-02-19 08:16:55,520 - Saturn
2021-02-19 08:16:55,520 - Uranus
2021-02-19 08:16:55,520 - Neptune
2021-02-19 08:16:55,520 - Effective SRP radiation coefficient of vehicle: 0.5
2021-02-19 08:16:55,520 - Effective SRP reference area of vehicle       : 2.4
2021-02-19 08:16:55,520 - Spacecraft Mass                               : 100
2021-02-19 08:16:55,520 -  -- Creating Propsettings class -- 
2021-02-19 08:16:55,520 - INITIAL EPHEMERIS YEAR: 2043.74
2021-02-19 08:16:55,520 - INITIAL EPHEMERIS TIME: 1.3802e+09
2021-02-19 08:16:55,520 - ====================Propagating==========================
2021-02-19 08:16:55,520 - Dependent variables being saved, output vectors contain: 
2021-02-19 08:16:55,520 - Vector entry, Vector contents
2021-02-19 08:16:55,520 - 0, Kepler elements of Vehicle w.r.t. Sun
2021-02-19 08:16:55,520 - 6, Relative distance of Vehicle w.r.t. Sun
2021-02-19 08:16:55,520 - 7, Single acceleration in inertial frame of type cannonball radiation pressure , acting on Vehicle, exerted by Sun
2021-02-19 08:16:55,886 - ====================Saving Data==========================
2021-02-19 08:16:55,887 - Saving propData
2021-02-19 08:16:55,889 - Saving magneticFieldData
2021-02-19 08:16:55,919 - Saving ionosphericData
2021-02-19 08:16:55,932 - Saving thrustData
2021-02-19 08:16:55,960 - Saving currentData
2021-02-19 08:16:55,992 - Saving currentVNVData
2021-02-19 08:16:56,033 - Saving bodyData
2021-02-19 08:16:56,057 - Saving dependentVariableData
2021-02-19 08:16:56,060 - Program finished 
2021-02-19 08:16:56,063 - 

Running application application_simulation_SSO-CHB, with json SOKGA_reference.json

2021-02-19 08:16:56,068 - ===============Loading Variables From File==================
2021-02-19 08:16:56,068 - ===============Prepping Sim==================
2021-02-19 08:16:56,068 -  -- Loading spice kernels -- 
2021-02-19 08:16:56,092 -  -- Creating environment class -- 
2021-02-19 08:16:56,092 - B0 for year 2001.3 : 7.26651
2021-02-19 08:16:56,092 -  -- Creating Config class -- 
2021-02-19 08:16:56,092 -  -- Creating Guidance class -- 
2021-02-19 08:16:56,093 - Updating guidance settings
2021-02-19 08:16:56,093 -  -- Creating Propbodies class -- 
2021-02-19 08:16:56,093 - Using bodies: 
2021-02-19 08:16:56,093 - Sun
2021-02-19 08:16:56,093 - Mercury
2021-02-19 08:16:56,093 - Venus
2021-02-19 08:16:56,093 - Earth
2021-02-19 08:16:56,093 - Mars
2021-02-19 08:16:56,093 - Jupiter
2021-02-19 08:16:56,093 - Saturn
2021-02-19 08:16:56,093 - Uranus
2021-02-19 08:16:56,093 - Neptune
2021-02-19 08:16:56,093 - Effective SRP radiation coefficient of vehicle: 0.5
2021-02-19 08:16:56,093 - Effective SRP reference area of vehicle       : 2.4
2021-02-19 08:16:56,093 - Spacecraft Mass                               : 100
2021-02-19 08:16:56,093 -  -- Creating Propsettings class -- 
2021-02-19 08:16:56,093 - INITIAL EPHEMERIS YEAR: 2041.03
2021-02-19 08:16:56,093 - INITIAL EPHEMERIS TIME: 1.29489e+09
2021-02-19 08:16:56,093 - ====================Propagating==========================
2021-02-19 08:16:56,094 - Dependent variables being saved, output vectors contain: 
2021-02-19 08:16:56,094 - Vector entry, Vector contents
2021-02-19 08:16:56,094 - 0, Kepler elements of Vehicle w.r.t. Sun
2021-02-19 08:16:56,094 - 6, Relative distance of Vehicle w.r.t. Sun
2021-02-19 08:16:56,094 - 7, Single acceleration in inertial frame of type cannonball radiation pressure , acting on Vehicle, exerted by Sun
2021-02-19 08:16:56,543 - ====================Saving Data==========================
2021-02-19 08:16:56,543 - Saving propData
2021-02-19 08:16:56,545 - Saving magneticFieldData
2021-02-19 08:16:56,572 - Saving ionosphericData
2021-02-19 08:16:56,583 - Saving thrustData
2021-02-19 08:16:56,606 - Saving currentData
2021-02-19 08:16:56,631 - Saving currentVNVData
2021-02-19 08:16:56,672 - Saving bodyData
2021-02-19 08:16:56,699 - Saving dependentVariableData
2021-02-19 08:16:56,702 - Program finished 
