2021-03-19 09:32:27,004 - 

Running application application_simulation_SSO-CHB, with json SOKGA_init.json

2021-03-19 09:32:27,010 - ===============Loading Variables From File==================
2021-03-19 09:32:27,010 - ===============Prepping Sim==================
2021-03-19 09:32:27,010 -  -- Loading spice kernels -- 
2021-03-19 09:32:27,032 -  -- Creating environment class -- 
2021-03-19 09:32:27,032 - B0 for year 2001.3 : 7.26651
2021-03-19 09:32:27,032 -  -- Creating Config class -- 
2021-03-19 09:32:27,032 - Vehicle conducting area: 1
2021-03-19 09:32:27,032 - Vehicle masses (total, endmass1, endmass2, tether mass): 101.528, 50, 50, 1.52751
2021-03-19 09:32:27,032 -  -- Creating Guidance class -- 
2021-03-19 09:32:27,032 - Updating guidance settings
2021-03-19 09:32:27,032 -  -- Creating Propbodies class -- 
2021-03-19 09:32:27,032 - Using bodies: 
2021-03-19 09:32:27,032 - Sun
2021-03-19 09:32:27,032 - Mercury
2021-03-19 09:32:27,032 - Venus
2021-03-19 09:32:27,032 - Earth
2021-03-19 09:32:27,032 - Mars
2021-03-19 09:32:27,032 - Jupiter
2021-03-19 09:32:27,033 - Saturn
2021-03-19 09:32:27,033 - Uranus
2021-03-19 09:32:27,033 - Neptune
2021-03-19 09:32:27,033 - Effective SRP radiation coefficient of vehicle: 0
2021-03-19 09:32:27,033 - Effective SRP reference area of vehicle       : 9540.81
2021-03-19 09:32:27,033 - Spacecraft Mass                               : 101.528
2021-03-19 09:32:27,033 -  -- Creating Propsettings class -- 
2021-03-19 09:32:27,033 - INITIAL EPHEMERIS YEAR: 2041.03
2021-03-19 09:32:27,033 - INITIAL EPHEMERIS TIME: 1.29489e+09
2021-03-19 09:32:27,033 - ====================Propagating==========================
2021-03-19 09:32:27,033 - Dependent variables being saved, output vectors contain: 
2021-03-19 09:32:27,033 - Vector entry, Vector contents
2021-03-19 09:32:27,033 - 0, Kepler elements of Vehicle w.r.t. Sun
2021-03-19 09:32:27,033 - 6, Relative distance of Vehicle w.r.t. Sun
2021-03-19 09:32:27,033 - 7, Single acceleration in inertial frame of type cannonball radiation pressure , acting on Vehicle, exerted by Sun
2021-03-19 09:32:27,073 - ====================Saving Data==========================
2021-03-19 09:32:27,073 - Saving propData
2021-03-19 09:32:27,074 - Saving magneticFieldData
2021-03-19 09:32:27,077 - Saving ionosphericData
2021-03-19 09:32:27,079 - Saving thrustData
2021-03-19 09:32:27,082 - Saving currentData
2021-03-19 09:32:27,085 - Saving currentVNVData
2021-03-19 09:32:27,090 - Saving bodyData
2021-03-19 09:32:27,094 - Saving dependentVariableData
2021-03-19 09:32:27,094 - Program finished 
2021-03-19 09:32:27,112 - 

Running application application_simulation_SSO-CHB, with json SOKGA_stage2.json

2021-03-19 09:32:27,117 - ===============Loading Variables From File==================
2021-03-19 09:32:27,117 - ===============Prepping Sim==================
2021-03-19 09:32:27,117 -  -- Loading spice kernels -- 
2021-03-19 09:32:27,138 -  -- Creating environment class -- 
2021-03-19 09:32:27,139 - B0 for year 2001.3 : 7.26651
2021-03-19 09:32:27,139 -  -- Creating Config class -- 
2021-03-19 09:32:27,139 - Vehicle conducting area: 1
2021-03-19 09:32:27,139 - Vehicle masses (total, endmass1, endmass2, tether mass): 101.528, 50, 50, 1.52751
2021-03-19 09:32:27,139 -  -- Creating Guidance class -- 
2021-03-19 09:32:27,139 - Updating guidance settings
2021-03-19 09:32:27,139 -  -- Creating Propbodies class -- 
2021-03-19 09:32:27,139 - Using bodies: 
2021-03-19 09:32:27,139 - Sun
2021-03-19 09:32:27,139 - Mercury
2021-03-19 09:32:27,139 - Venus
2021-03-19 09:32:27,139 - Earth
2021-03-19 09:32:27,139 - Mars
2021-03-19 09:32:27,139 - Jupiter
2021-03-19 09:32:27,139 - Saturn
2021-03-19 09:32:27,139 - Uranus
2021-03-19 09:32:27,139 - Neptune
2021-03-19 09:32:27,139 - Effective SRP radiation coefficient of vehicle: 0
2021-03-19 09:32:27,139 - Effective SRP reference area of vehicle       : 9540.81
2021-03-19 09:32:27,139 - Spacecraft Mass                               : 101.528
2021-03-19 09:32:27,139 -  -- Creating Propsettings class -- 
2021-03-19 09:32:27,139 - INITIAL EPHEMERIS YEAR: 2043.74
2021-03-19 09:32:27,139 - INITIAL EPHEMERIS TIME: 1.38018e+09
2021-03-19 09:32:27,140 - ====================Propagating==========================
2021-03-19 09:32:27,140 - Dependent variables being saved, output vectors contain: 
2021-03-19 09:32:27,140 - Vector entry, Vector contents
2021-03-19 09:32:27,140 - 0, Kepler elements of Vehicle w.r.t. Sun
2021-03-19 09:32:27,140 - 6, Relative distance of Vehicle w.r.t. Sun
2021-03-19 09:32:27,140 - 7, Single acceleration in inertial frame of type cannonball radiation pressure , acting on Vehicle, exerted by Sun
2021-03-19 09:32:29,468 - ====================Saving Data==========================
2021-03-19 09:32:29,469 - Saving propData
2021-03-19 09:32:29,482 - Saving magneticFieldData
2021-03-19 09:32:29,636 - Saving ionosphericData
2021-03-19 09:32:29,706 - Saving thrustData
2021-03-19 09:32:29,844 - Saving currentData
2021-03-19 09:32:29,983 - Saving currentVNVData
2021-03-19 09:32:30,207 - Saving bodyData
2021-03-19 09:32:30,361 - Saving dependentVariableData
2021-03-19 09:32:30,375 - Program finished 
2021-03-19 09:32:30,398 - 

Running application application_simulation_SSO-CHB, with json SOKGA_reference.json

2021-03-19 09:32:30,401 - ===============Loading Variables From File==================
2021-03-19 09:32:30,402 - ===============Prepping Sim==================
2021-03-19 09:32:30,402 -  -- Loading spice kernels -- 
2021-03-19 09:32:30,423 -  -- Creating environment class -- 
2021-03-19 09:32:30,423 - B0 for year 2001.3 : 7.26651
2021-03-19 09:32:30,423 -  -- Creating Config class -- 
2021-03-19 09:32:30,423 - Vehicle conducting area: 1
2021-03-19 09:32:30,423 - Vehicle masses (total, endmass1, endmass2, tether mass): 101.528, 50, 50, 1.52751
2021-03-19 09:32:30,423 -  -- Creating Guidance class -- 
2021-03-19 09:32:30,423 - Updating guidance settings
2021-03-19 09:32:30,423 -  -- Creating Propbodies class -- 
2021-03-19 09:32:30,423 - Using bodies: 
2021-03-19 09:32:30,423 - Sun
2021-03-19 09:32:30,423 - Mercury
2021-03-19 09:32:30,423 - Venus
2021-03-19 09:32:30,423 - Earth
2021-03-19 09:32:30,423 - Mars
2021-03-19 09:32:30,423 - Jupiter
2021-03-19 09:32:30,424 - Saturn
2021-03-19 09:32:30,424 - Uranus
2021-03-19 09:32:30,424 - Neptune
2021-03-19 09:32:30,424 - Effective SRP radiation coefficient of vehicle: 0
2021-03-19 09:32:30,424 - Effective SRP reference area of vehicle       : 9540.81
2021-03-19 09:32:30,424 - Spacecraft Mass                               : 101.528
2021-03-19 09:32:30,424 -  -- Creating Propsettings class -- 
2021-03-19 09:32:30,424 - INITIAL EPHEMERIS YEAR: 2041.03
2021-03-19 09:32:30,424 - INITIAL EPHEMERIS TIME: 1.29489e+09
2021-03-19 09:32:30,424 - ====================Propagating==========================
2021-03-19 09:32:30,424 - Dependent variables being saved, output vectors contain: 
2021-03-19 09:32:30,424 - Vector entry, Vector contents
2021-03-19 09:32:30,424 - 0, Kepler elements of Vehicle w.r.t. Sun
2021-03-19 09:32:30,424 - 6, Relative distance of Vehicle w.r.t. Sun
2021-03-19 09:32:30,424 - 7, Single acceleration in inertial frame of type cannonball radiation pressure , acting on Vehicle, exerted by Sun
2021-03-19 09:32:32,794 - ====================Saving Data==========================
2021-03-19 09:32:32,795 - Saving propData
2021-03-19 09:32:32,808 - Saving magneticFieldData
2021-03-19 09:32:32,963 - Saving ionosphericData
2021-03-19 09:32:33,032 - Saving thrustData
2021-03-19 09:32:33,147 - Saving currentData
2021-03-19 09:32:33,287 - Saving currentVNVData
2021-03-19 09:32:33,496 - Saving bodyData
2021-03-19 09:32:33,649 - Saving dependentVariableData
2021-03-19 09:32:33,663 - Program finished 
