2021-03-19 09:04:36,829 - 

Running application application_simulation_SSO-CHB, with json SOKGA_init.json

2021-03-19 09:04:36,833 - ===============Loading Variables From File==================
2021-03-19 09:04:36,833 - ===============Prepping Sim==================
2021-03-19 09:04:36,834 -  -- Loading spice kernels -- 
2021-03-19 09:04:36,857 -  -- Creating environment class -- 
2021-03-19 09:04:36,857 - B0 for year 2001.3 : 7.26651
2021-03-19 09:04:36,857 -  -- Creating Config class -- 
2021-03-19 09:04:36,857 -  -- Creating Guidance class -- 
2021-03-19 09:04:36,857 - Updating guidance settings
2021-03-19 09:04:36,857 -  -- Creating Propbodies class -- 
2021-03-19 09:04:36,857 - Using bodies: 
2021-03-19 09:04:36,857 - Sun
2021-03-19 09:04:36,857 - Mercury
2021-03-19 09:04:36,857 - Venus
2021-03-19 09:04:36,857 - Earth
2021-03-19 09:04:36,857 - Mars
2021-03-19 09:04:36,857 - Jupiter
2021-03-19 09:04:36,857 - Saturn
2021-03-19 09:04:36,857 - Uranus
2021-03-19 09:04:36,857 - Neptune
2021-03-19 09:04:36,858 - Effective SRP radiation coefficient of vehicle: 0.5
2021-03-19 09:04:36,858 - Effective SRP reference area of vehicle       : 956.241
2021-03-19 09:04:36,858 - Spacecraft Mass                               : 100
2021-03-19 09:04:36,858 -  -- Creating Propsettings class -- 
2021-03-19 09:04:36,858 - INITIAL EPHEMERIS YEAR: 2041.03
2021-03-19 09:04:36,858 - INITIAL EPHEMERIS TIME: 1.29489e+09
2021-03-19 09:04:36,858 - ====================Propagating==========================
2021-03-19 09:04:36,858 - Dependent variables being saved, output vectors contain: 
2021-03-19 09:04:36,858 - Vector entry, Vector contents
2021-03-19 09:04:36,858 - 0, Kepler elements of Vehicle w.r.t. Sun
2021-03-19 09:04:36,858 - 6, Relative distance of Vehicle w.r.t. Sun
2021-03-19 09:04:36,858 - 7, Single acceleration in inertial frame of type cannonball radiation pressure , acting on Vehicle, exerted by Sun
2021-03-19 09:04:36,897 - ====================Saving Data==========================
2021-03-19 09:04:36,897 - Saving propData
2021-03-19 09:04:36,897 - Saving magneticFieldData
2021-03-19 09:04:36,900 - Saving ionosphericData
2021-03-19 09:04:36,901 - Saving thrustData
2021-03-19 09:04:36,903 - Saving currentData
2021-03-19 09:04:36,905 - Saving currentVNVData
2021-03-19 09:04:36,909 - Saving bodyData
2021-03-19 09:04:36,912 - Saving dependentVariableData
2021-03-19 09:04:36,913 - Program finished 
2021-03-19 09:04:36,934 - 

Running application application_simulation_SSO-CHB, with json SOKGA_stage2.json

2021-03-19 09:04:36,939 - ===============Loading Variables From File==================
2021-03-19 09:04:36,939 - ===============Prepping Sim==================
2021-03-19 09:04:36,939 -  -- Loading spice kernels -- 
2021-03-19 09:04:36,960 -  -- Creating environment class -- 
2021-03-19 09:04:36,960 - B0 for year 2001.3 : 7.26651
2021-03-19 09:04:36,960 -  -- Creating Config class -- 
2021-03-19 09:04:36,960 -  -- Creating Guidance class -- 
2021-03-19 09:04:36,960 - Updating guidance settings
2021-03-19 09:04:36,960 -  -- Creating Propbodies class -- 
2021-03-19 09:04:36,960 - Using bodies: 
2021-03-19 09:04:36,960 - Sun
2021-03-19 09:04:36,960 - Mercury
2021-03-19 09:04:36,960 - Venus
2021-03-19 09:04:36,960 - Earth
2021-03-19 09:04:36,960 - Mars
2021-03-19 09:04:36,960 - Jupiter
2021-03-19 09:04:36,961 - Saturn
2021-03-19 09:04:36,961 - Uranus
2021-03-19 09:04:36,961 - Neptune
2021-03-19 09:04:36,961 - Effective SRP radiation coefficient of vehicle: 0.5
2021-03-19 09:04:36,961 - Effective SRP reference area of vehicle       : 956.241
2021-03-19 09:04:36,961 - Spacecraft Mass                               : 100
2021-03-19 09:04:36,961 -  -- Creating Propsettings class -- 
2021-03-19 09:04:36,961 - INITIAL EPHEMERIS YEAR: 2043.71
2021-03-19 09:04:36,961 - INITIAL EPHEMERIS TIME: 1.37943e+09
2021-03-19 09:04:36,961 - ====================Propagating==========================
2021-03-19 09:04:36,961 - Dependent variables being saved, output vectors contain: 
2021-03-19 09:04:36,961 - Vector entry, Vector contents
2021-03-19 09:04:36,961 - 0, Kepler elements of Vehicle w.r.t. Sun
2021-03-19 09:04:36,961 - 6, Relative distance of Vehicle w.r.t. Sun
2021-03-19 09:04:36,961 - 7, Single acceleration in inertial frame of type cannonball radiation pressure , acting on Vehicle, exerted by Sun
2021-03-19 09:04:38,451 - ====================Saving Data==========================
2021-03-19 09:04:38,453 - Saving propData
2021-03-19 09:04:38,460 - Saving magneticFieldData
2021-03-19 09:04:38,559 - Saving ionosphericData
2021-03-19 09:04:38,602 - Saving thrustData
2021-03-19 09:04:38,693 - Saving currentData
2021-03-19 09:04:38,795 - Saving currentVNVData
2021-03-19 09:04:39,083 - Saving bodyData
2021-03-19 09:04:39,189 - Saving dependentVariableData
2021-03-19 09:04:39,199 - Program finished 
2021-03-19 09:04:39,213 - 

Running application application_simulation_SSO-CHB, with json SOKGA_reference.json

2021-03-19 09:04:39,217 - ===============Loading Variables From File==================
2021-03-19 09:04:39,217 - ===============Prepping Sim==================
2021-03-19 09:04:39,217 -  -- Loading spice kernels -- 
2021-03-19 09:04:39,238 -  -- Creating environment class -- 
2021-03-19 09:04:39,238 - B0 for year 2001.3 : 7.26651
2021-03-19 09:04:39,238 -  -- Creating Config class -- 
2021-03-19 09:04:39,238 -  -- Creating Guidance class -- 
2021-03-19 09:04:39,238 - Updating guidance settings
2021-03-19 09:04:39,238 -  -- Creating Propbodies class -- 
2021-03-19 09:04:39,238 - Using bodies: 
2021-03-19 09:04:39,238 - Sun
2021-03-19 09:04:39,238 - Mercury
2021-03-19 09:04:39,238 - Venus
2021-03-19 09:04:39,238 - Earth
2021-03-19 09:04:39,238 - Mars
2021-03-19 09:04:39,238 - Jupiter
2021-03-19 09:04:39,238 - Saturn
2021-03-19 09:04:39,238 - Uranus
2021-03-19 09:04:39,238 - Neptune
2021-03-19 09:04:39,238 - Effective SRP radiation coefficient of vehicle: 0.5
2021-03-19 09:04:39,238 - Effective SRP reference area of vehicle       : 956.241
2021-03-19 09:04:39,238 - Spacecraft Mass                               : 100
2021-03-19 09:04:39,238 -  -- Creating Propsettings class -- 
2021-03-19 09:04:39,239 - INITIAL EPHEMERIS YEAR: 2041.03
2021-03-19 09:04:39,239 - INITIAL EPHEMERIS TIME: 1.29489e+09
2021-03-19 09:04:39,239 - ====================Propagating==========================
2021-03-19 09:04:39,239 - Dependent variables being saved, output vectors contain: 
2021-03-19 09:04:39,239 - Vector entry, Vector contents
2021-03-19 09:04:39,239 - 0, Kepler elements of Vehicle w.r.t. Sun
2021-03-19 09:04:39,239 - 6, Relative distance of Vehicle w.r.t. Sun
2021-03-19 09:04:39,239 - 7, Single acceleration in inertial frame of type cannonball radiation pressure , acting on Vehicle, exerted by Sun
2021-03-19 09:04:40,246 - ====================Saving Data==========================
2021-03-19 09:04:40,247 - Saving propData
2021-03-19 09:04:40,252 - Saving magneticFieldData
2021-03-19 09:04:40,319 - Saving ionosphericData
2021-03-19 09:04:40,350 - Saving thrustData
2021-03-19 09:04:40,403 - Saving currentData
2021-03-19 09:04:40,466 - Saving currentVNVData
2021-03-19 09:04:40,563 - Saving bodyData
2021-03-19 09:04:40,633 - Saving dependentVariableData
2021-03-19 09:04:40,639 - Program finished 
