2021-03-19 09:02:49,535 - 

Running application application_simulation_SSO-CHB, with json SOKGA_init.json

2021-03-19 09:02:49,541 - ===============Loading Variables From File==================
2021-03-19 09:02:49,541 - ===============Prepping Sim==================
2021-03-19 09:02:49,541 -  -- Loading spice kernels -- 
2021-03-19 09:02:49,566 -  -- Creating environment class -- 
2021-03-19 09:02:49,566 - B0 for year 2001.3 : 7.26651
2021-03-19 09:02:49,566 -  -- Creating Config class -- 
2021-03-19 09:02:49,566 - Vehicle masses (total, endmass1, endmass2, tether mass): 100.153, 50, 50, 0.152751
2021-03-19 09:02:49,566 -  -- Creating Guidance class -- 
2021-03-19 09:02:49,566 - Updating guidance settings
2021-03-19 09:02:49,566 -  -- Creating Propbodies class -- 
2021-03-19 09:02:49,566 - Using bodies: 
2021-03-19 09:02:49,566 - Sun
2021-03-19 09:02:49,566 - Mercury
2021-03-19 09:02:49,566 - Venus
2021-03-19 09:02:49,566 - Earth
2021-03-19 09:02:49,566 - Mars
2021-03-19 09:02:49,566 - Jupiter
2021-03-19 09:02:49,566 - Saturn
2021-03-19 09:02:49,566 - Uranus
2021-03-19 09:02:49,566 - Neptune
2021-03-19 09:02:49,566 - Effective SRP radiation coefficient of vehicle: 0.5
2021-03-19 09:02:49,566 - Effective SRP reference area of vehicle       : 956.241
2021-03-19 09:02:49,566 - Spacecraft Mass                               : 100.153
2021-03-19 09:02:49,566 -  -- Creating Propsettings class -- 
2021-03-19 09:02:49,566 - INITIAL EPHEMERIS YEAR: 2041.03
2021-03-19 09:02:49,567 - INITIAL EPHEMERIS TIME: 1.29489e+09
2021-03-19 09:02:49,567 - ====================Propagating==========================
2021-03-19 09:02:49,567 - Dependent variables being saved, output vectors contain: 
2021-03-19 09:02:49,567 - Vector entry, Vector contents
2021-03-19 09:02:49,567 - 0, Kepler elements of Vehicle w.r.t. Sun
2021-03-19 09:02:49,567 - 6, Relative distance of Vehicle w.r.t. Sun
2021-03-19 09:02:49,567 - 7, Single acceleration in inertial frame of type cannonball radiation pressure , acting on Vehicle, exerted by Sun
2021-03-19 09:02:49,607 - ====================Saving Data==========================
2021-03-19 09:02:49,607 - Saving propData
2021-03-19 09:02:49,607 - Saving magneticFieldData
2021-03-19 09:02:49,611 - Saving ionosphericData
2021-03-19 09:02:49,613 - Saving thrustData
2021-03-19 09:02:49,616 - Saving currentData
2021-03-19 09:02:49,619 - Saving currentVNVData
2021-03-19 09:02:49,624 - Saving bodyData
2021-03-19 09:02:49,628 - Saving dependentVariableData
2021-03-19 09:02:49,628 - Program finished 
2021-03-19 09:02:49,644 - 

Running application application_simulation_SSO-CHB, with json SOKGA_stage2.json

2021-03-19 09:02:49,649 - ===============Loading Variables From File==================
2021-03-19 09:02:49,649 - ===============Prepping Sim==================
2021-03-19 09:02:49,649 -  -- Loading spice kernels -- 
2021-03-19 09:02:49,673 -  -- Creating environment class -- 
2021-03-19 09:02:49,673 - B0 for year 2001.3 : 7.26651
2021-03-19 09:02:49,673 -  -- Creating Config class -- 
2021-03-19 09:02:49,673 - Vehicle masses (total, endmass1, endmass2, tether mass): 100.153, 50, 50, 0.152751
2021-03-19 09:02:49,673 -  -- Creating Guidance class -- 
2021-03-19 09:02:49,673 - Updating guidance settings
2021-03-19 09:02:49,673 -  -- Creating Propbodies class -- 
2021-03-19 09:02:49,673 - Using bodies: 
2021-03-19 09:02:49,673 - Sun
2021-03-19 09:02:49,673 - Mercury
2021-03-19 09:02:49,673 - Venus
2021-03-19 09:02:49,673 - Earth
2021-03-19 09:02:49,673 - Mars
2021-03-19 09:02:49,673 - Jupiter
2021-03-19 09:02:49,673 - Saturn
2021-03-19 09:02:49,673 - Uranus
2021-03-19 09:02:49,673 - Neptune
2021-03-19 09:02:49,673 - Effective SRP radiation coefficient of vehicle: 0.5
2021-03-19 09:02:49,673 - Effective SRP reference area of vehicle       : 956.241
2021-03-19 09:02:49,673 - Spacecraft Mass                               : 100.153
2021-03-19 09:02:49,674 -  -- Creating Propsettings class -- 
2021-03-19 09:02:49,674 - INITIAL EPHEMERIS YEAR: 2043.71
2021-03-19 09:02:49,674 - INITIAL EPHEMERIS TIME: 1.37943e+09
2021-03-19 09:02:49,674 - ====================Propagating==========================
2021-03-19 09:02:49,674 - Dependent variables being saved, output vectors contain: 
2021-03-19 09:02:49,674 - Vector entry, Vector contents
2021-03-19 09:02:49,674 - 0, Kepler elements of Vehicle w.r.t. Sun
2021-03-19 09:02:49,674 - 6, Relative distance of Vehicle w.r.t. Sun
2021-03-19 09:02:49,674 - 7, Single acceleration in inertial frame of type cannonball radiation pressure , acting on Vehicle, exerted by Sun
2021-03-19 09:02:51,227 - ====================Saving Data==========================
2021-03-19 09:02:51,235 - Saving propData
2021-03-19 09:02:51,243 - Saving magneticFieldData
2021-03-19 09:02:51,351 - Saving ionosphericData
2021-03-19 09:02:51,397 - Saving thrustData
2021-03-19 09:02:51,485 - Saving currentData
2021-03-19 09:02:51,580 - Saving currentVNVData
2021-03-19 09:02:51,741 - Saving bodyData
2021-03-19 09:02:51,845 - Saving dependentVariableData
2021-03-19 09:02:51,855 - Program finished 
2021-03-19 09:02:51,869 - 

Running application application_simulation_SSO-CHB, with json SOKGA_reference.json

2021-03-19 09:02:51,872 - ===============Loading Variables From File==================
2021-03-19 09:02:51,872 - ===============Prepping Sim==================
2021-03-19 09:02:51,872 -  -- Loading spice kernels -- 
2021-03-19 09:02:51,896 -  -- Creating environment class -- 
2021-03-19 09:02:51,896 - B0 for year 2001.3 : 7.26651
2021-03-19 09:02:51,896 -  -- Creating Config class -- 
2021-03-19 09:02:51,896 - Vehicle masses (total, endmass1, endmass2, tether mass): 100.153, 50, 50, 0.152751
2021-03-19 09:02:51,896 -  -- Creating Guidance class -- 
2021-03-19 09:02:51,896 - Updating guidance settings
2021-03-19 09:02:51,896 -  -- Creating Propbodies class -- 
2021-03-19 09:02:51,896 - Using bodies: 
2021-03-19 09:02:51,896 - Sun
2021-03-19 09:02:51,896 - Mercury
2021-03-19 09:02:51,896 - Venus
2021-03-19 09:02:51,896 - Earth
2021-03-19 09:02:51,896 - Mars
2021-03-19 09:02:51,896 - Jupiter
2021-03-19 09:02:51,896 - Saturn
2021-03-19 09:02:51,896 - Uranus
2021-03-19 09:02:51,896 - Neptune
2021-03-19 09:02:51,896 - Effective SRP radiation coefficient of vehicle: 0.5
2021-03-19 09:02:51,896 - Effective SRP reference area of vehicle       : 956.241
2021-03-19 09:02:51,896 - Spacecraft Mass                               : 100.153
2021-03-19 09:02:51,896 -  -- Creating Propsettings class -- 
2021-03-19 09:02:51,896 - INITIAL EPHEMERIS YEAR: 2041.03
2021-03-19 09:02:51,896 - INITIAL EPHEMERIS TIME: 1.29489e+09
2021-03-19 09:02:51,897 - ====================Propagating==========================
2021-03-19 09:02:51,897 - Dependent variables being saved, output vectors contain: 
2021-03-19 09:02:51,897 - Vector entry, Vector contents
2021-03-19 09:02:51,897 - 0, Kepler elements of Vehicle w.r.t. Sun
2021-03-19 09:02:51,897 - 6, Relative distance of Vehicle w.r.t. Sun
2021-03-19 09:02:51,897 - 7, Single acceleration in inertial frame of type cannonball radiation pressure , acting on Vehicle, exerted by Sun
2021-03-19 09:02:52,940 - ====================Saving Data==========================
2021-03-19 09:02:52,940 - Saving propData
2021-03-19 09:02:52,945 - Saving magneticFieldData
2021-03-19 09:02:53,015 - Saving ionosphericData
2021-03-19 09:02:53,044 - Saving thrustData
2021-03-19 09:02:53,097 - Saving currentData
2021-03-19 09:02:53,160 - Saving currentVNVData
2021-03-19 09:02:53,258 - Saving bodyData
2021-03-19 09:02:53,328 - Saving dependentVariableData
2021-03-19 09:02:53,334 - Program finished 
