2021-03-12 09:40:48,802 - 

Running application application_simulation_SSO-CHB, with json SOKGA_init.json

2021-03-12 09:40:48,808 - ===============Loading Variables From File==================
2021-03-12 09:40:48,808 - ===============Prepping Sim==================
2021-03-12 09:40:48,808 -  -- Loading spice kernels -- 
2021-03-12 09:40:48,830 -  -- Creating environment class -- 
2021-03-12 09:40:48,830 - B0 for year 2001.3 : 7.26651
2021-03-12 09:40:48,830 -  -- Creating Config class -- 
2021-03-12 09:40:48,830 -  -- Creating Guidance class -- 
2021-03-12 09:40:48,830 - Updating guidance settings
2021-03-12 09:40:48,830 -  -- Creating Propbodies class -- 
2021-03-12 09:40:48,830 - Using bodies: 
2021-03-12 09:40:48,830 - Sun
2021-03-12 09:40:48,830 - Mercury
2021-03-12 09:40:48,830 - Venus
2021-03-12 09:40:48,830 - Earth
2021-03-12 09:40:48,830 - Mars
2021-03-12 09:40:48,830 - Jupiter
2021-03-12 09:40:48,830 - Saturn
2021-03-12 09:40:48,830 - Uranus
2021-03-12 09:40:48,831 - Neptune
2021-03-12 09:40:48,831 - Effective SRP radiation coefficient of vehicle: 0.5
2021-03-12 09:40:48,831 - Effective SRP reference area of vehicle       : 2.4
2021-03-12 09:40:48,831 - Spacecraft Mass                               : 100
2021-03-12 09:40:48,831 -  -- Creating Propsettings class -- 
2021-03-12 09:40:48,831 - INITIAL EPHEMERIS YEAR: 2041.03
2021-03-12 09:40:48,831 - INITIAL EPHEMERIS TIME: 1.29489e+09
2021-03-12 09:40:48,831 - ====================Propagating==========================
2021-03-12 09:40:48,831 - Dependent variables being saved, output vectors contain: 
2021-03-12 09:40:48,831 - Vector entry, Vector contents
2021-03-12 09:40:48,831 - 0, Kepler elements of Vehicle w.r.t. Sun
2021-03-12 09:40:48,831 - 6, Relative distance of Vehicle w.r.t. Sun
2021-03-12 09:40:48,831 - 7, Single acceleration in inertial frame of type cannonball radiation pressure , acting on Vehicle, exerted by Sun
2021-03-12 09:40:48,872 - ====================Saving Data==========================
2021-03-12 09:40:48,873 - Saving propData
2021-03-12 09:40:48,873 - Saving magneticFieldData
2021-03-12 09:40:48,877 - Saving ionosphericData
2021-03-12 09:40:48,878 - Saving thrustData
2021-03-12 09:40:48,882 - Saving currentData
2021-03-12 09:40:48,885 - Saving currentVNVData
2021-03-12 09:40:48,890 - Saving bodyData
2021-03-12 09:40:48,894 - Saving dependentVariableData
2021-03-12 09:40:48,894 - Program finished 
2021-03-12 09:40:48,913 - 

Running application application_simulation_SSO-CHB, with json SOKGA_stage2.json

2021-03-12 09:40:48,920 - ===============Loading Variables From File==================
2021-03-12 09:40:48,921 - ===============Prepping Sim==================
2021-03-12 09:40:48,921 -  -- Loading spice kernels -- 
2021-03-12 09:40:48,943 -  -- Creating environment class -- 
2021-03-12 09:40:48,943 - B0 for year 2001.3 : 7.26651
2021-03-12 09:40:48,943 -  -- Creating Config class -- 
2021-03-12 09:40:48,943 -  -- Creating Guidance class -- 
2021-03-12 09:40:48,943 - Updating guidance settings
2021-03-12 09:40:48,943 -  -- Creating Propbodies class -- 
2021-03-12 09:40:48,943 - Using bodies: 
2021-03-12 09:40:48,943 - Sun
2021-03-12 09:40:48,943 - Mercury
2021-03-12 09:40:48,943 - Venus
2021-03-12 09:40:48,943 - Earth
2021-03-12 09:40:48,943 - Mars
2021-03-12 09:40:48,943 - Jupiter
2021-03-12 09:40:48,943 - Saturn
2021-03-12 09:40:48,943 - Uranus
2021-03-12 09:40:48,943 - Neptune
2021-03-12 09:40:48,943 - Effective SRP radiation coefficient of vehicle: 0.5
2021-03-12 09:40:48,943 - Effective SRP reference area of vehicle       : 2.4
2021-03-12 09:40:48,943 - Spacecraft Mass                               : 100
2021-03-12 09:40:48,943 -  -- Creating Propsettings class -- 
2021-03-12 09:40:48,943 - INITIAL EPHEMERIS YEAR: 2043.74
2021-03-12 09:40:48,943 - INITIAL EPHEMERIS TIME: 1.3802e+09
2021-03-12 09:40:48,944 - ====================Propagating==========================
2021-03-12 09:40:48,944 - Dependent variables being saved, output vectors contain: 
2021-03-12 09:40:48,944 - Vector entry, Vector contents
2021-03-12 09:40:48,944 - 0, Kepler elements of Vehicle w.r.t. Sun
2021-03-12 09:40:48,944 - 6, Relative distance of Vehicle w.r.t. Sun
2021-03-12 09:40:48,944 - 7, Single acceleration in inertial frame of type cannonball radiation pressure , acting on Vehicle, exerted by Sun
2021-03-12 09:40:50,323 - ====================Saving Data==========================
2021-03-12 09:40:50,325 - Saving propData
2021-03-12 09:40:50,330 - Saving magneticFieldData
2021-03-12 09:40:50,431 - Saving ionosphericData
2021-03-12 09:40:50,477 - Saving thrustData
2021-03-12 09:40:50,561 - Saving currentData
2021-03-12 09:40:50,658 - Saving currentVNVData
2021-03-12 09:40:50,810 - Saving bodyData
2021-03-12 09:40:50,914 - Saving dependentVariableData
2021-03-12 09:40:50,920 - Program finished 
2021-03-12 09:40:50,934 - 

Running application application_simulation_SSO-CHB, with json SOKGA_reference.json

2021-03-12 09:40:50,939 - ===============Loading Variables From File==================
2021-03-12 09:40:50,939 - ===============Prepping Sim==================
2021-03-12 09:40:50,939 -  -- Loading spice kernels -- 
2021-03-12 09:40:50,961 -  -- Creating environment class -- 
2021-03-12 09:40:50,961 - B0 for year 2001.3 : 7.26651
2021-03-12 09:40:50,961 -  -- Creating Config class -- 
2021-03-12 09:40:50,961 -  -- Creating Guidance class -- 
2021-03-12 09:40:50,961 - Updating guidance settings
2021-03-12 09:40:50,961 -  -- Creating Propbodies class -- 
2021-03-12 09:40:50,961 - Using bodies: 
2021-03-12 09:40:50,961 - Sun
2021-03-12 09:40:50,961 - Mercury
2021-03-12 09:40:50,961 - Venus
2021-03-12 09:40:50,961 - Earth
2021-03-12 09:40:50,961 - Mars
2021-03-12 09:40:50,961 - Jupiter
2021-03-12 09:40:50,961 - Saturn
2021-03-12 09:40:50,961 - Uranus
2021-03-12 09:40:50,961 - Neptune
2021-03-12 09:40:50,961 - Effective SRP radiation coefficient of vehicle: 0.5
2021-03-12 09:40:50,962 - Effective SRP reference area of vehicle       : 2.4
2021-03-12 09:40:50,962 - Spacecraft Mass                               : 100
2021-03-12 09:40:50,962 -  -- Creating Propsettings class -- 
2021-03-12 09:40:50,962 - INITIAL EPHEMERIS YEAR: 2041.03
2021-03-12 09:40:50,962 - INITIAL EPHEMERIS TIME: 1.29489e+09
2021-03-12 09:40:50,962 - ====================Propagating==========================
2021-03-12 09:40:50,962 - Dependent variables being saved, output vectors contain: 
2021-03-12 09:40:50,962 - Vector entry, Vector contents
2021-03-12 09:40:50,962 - 0, Kepler elements of Vehicle w.r.t. Sun
2021-03-12 09:40:50,962 - 6, Relative distance of Vehicle w.r.t. Sun
2021-03-12 09:40:50,962 - 7, Single acceleration in inertial frame of type cannonball radiation pressure , acting on Vehicle, exerted by Sun
2021-03-12 09:40:51,324 - ====================Saving Data==========================
2021-03-12 09:40:51,325 - Saving propData
2021-03-12 09:40:51,327 - Saving magneticFieldData
2021-03-12 09:40:51,351 - Saving ionosphericData
2021-03-12 09:40:51,361 - Saving thrustData
2021-03-12 09:40:51,379 - Saving currentData
2021-03-12 09:40:51,402 - Saving currentVNVData
2021-03-12 09:40:51,437 - Saving bodyData
2021-03-12 09:40:51,463 - Saving dependentVariableData
2021-03-12 09:40:51,465 - Program finished 
