2021-02-19 08:13:12,982 - 

Running application application_simulation_SSO-CHB, with json SOKGA_init.json

2021-02-19 08:13:12,988 - ===============Loading Variables From File==================
2021-02-19 08:13:12,989 - ===============Prepping Sim==================
2021-02-19 08:13:12,989 -  -- Loading spice kernels -- 
2021-02-19 08:13:13,016 -  -- Creating environment class -- 
2021-02-19 08:13:13,017 - B0 for year 2001.3 : 7.26651
2021-02-19 08:13:13,017 -  -- Creating Config class -- 
2021-02-19 08:13:13,017 -  -- Creating Guidance class -- 
2021-02-19 08:13:13,017 - Updating guidance settings
2021-02-19 08:13:13,017 -  -- Creating Propbodies class -- 
2021-02-19 08:13:13,017 - Using bodies: 
2021-02-19 08:13:13,017 - Sun
2021-02-19 08:13:13,017 - Mercury
2021-02-19 08:13:13,017 - Venus
2021-02-19 08:13:13,017 - Earth
2021-02-19 08:13:13,017 - Mars
2021-02-19 08:13:13,017 - Jupiter
2021-02-19 08:13:13,017 - Saturn
2021-02-19 08:13:13,017 - Uranus
2021-02-19 08:13:13,017 - Neptune
2021-02-19 08:13:13,017 - Effective SRP radiation coefficient of vehicle: 0.5
2021-02-19 08:13:13,017 - Effective SRP reference area of vehicle       : 2.4
2021-02-19 08:13:13,017 - Spacecraft Mass                               : 100
2021-02-19 08:13:13,017 -  -- Creating Propsettings class -- 
2021-02-19 08:13:13,017 - INITIAL EPHEMERIS YEAR: 2041.03
2021-02-19 08:13:13,017 - INITIAL EPHEMERIS TIME: 1.29489e+09
2021-02-19 08:13:13,017 - ====================Propagating==========================
2021-02-19 08:13:13,017 - Dependent variables being saved, output vectors contain: 
2021-02-19 08:13:13,018 - Vector entry, Vector contents
2021-02-19 08:13:13,018 - 0, Kepler elements of Vehicle w.r.t. Sun
2021-02-19 08:13:13,018 - 6, Relative distance of Vehicle w.r.t. Sun
2021-02-19 08:13:13,018 - 7, Single acceleration in inertial frame of type cannonball radiation pressure , acting on Vehicle, exerted by Sun
2021-02-19 08:13:13,063 - ====================Saving Data==========================
2021-02-19 08:13:13,063 - Saving propData
2021-02-19 08:13:13,063 - Saving magneticFieldData
2021-02-19 08:13:13,067 - Saving ionosphericData
2021-02-19 08:13:13,068 - Saving thrustData
2021-02-19 08:13:13,070 - Saving currentData
2021-02-19 08:13:13,072 - Saving currentVNVData
2021-02-19 08:13:13,077 - Saving bodyData
2021-02-19 08:13:13,079 - Saving dependentVariableData
2021-02-19 08:13:13,080 - Program finished 
2021-02-19 08:13:13,097 - 

Running application application_simulation_SSO-CHB, with json SOKGA_stage2.json

2021-02-19 08:13:13,102 - ===============Loading Variables From File==================
2021-02-19 08:13:13,102 - ===============Prepping Sim==================
2021-02-19 08:13:13,102 -  -- Loading spice kernels -- 
2021-02-19 08:13:13,126 -  -- Creating environment class -- 
2021-02-19 08:13:13,126 - B0 for year 2001.3 : 7.26651
2021-02-19 08:13:13,126 -  -- Creating Config class -- 
2021-02-19 08:13:13,126 -  -- Creating Guidance class -- 
2021-02-19 08:13:13,126 - Updating guidance settings
2021-02-19 08:13:13,126 -  -- Creating Propbodies class -- 
2021-02-19 08:13:13,126 - Using bodies: 
2021-02-19 08:13:13,126 - Sun
2021-02-19 08:13:13,126 - Mercury
2021-02-19 08:13:13,126 - Venus
2021-02-19 08:13:13,126 - Earth
2021-02-19 08:13:13,126 - Mars
2021-02-19 08:13:13,126 - Jupiter
2021-02-19 08:13:13,126 - Saturn
2021-02-19 08:13:13,126 - Uranus
2021-02-19 08:13:13,126 - Neptune
2021-02-19 08:13:13,126 - Effective SRP radiation coefficient of vehicle: 0.5
2021-02-19 08:13:13,126 - Effective SRP reference area of vehicle       : 2.4
2021-02-19 08:13:13,126 - Spacecraft Mass                               : 100
2021-02-19 08:13:13,126 -  -- Creating Propsettings class -- 
2021-02-19 08:13:13,126 - INITIAL EPHEMERIS YEAR: 2043.74
2021-02-19 08:13:13,127 - INITIAL EPHEMERIS TIME: 1.3802e+09
2021-02-19 08:13:13,127 - ====================Propagating==========================
2021-02-19 08:13:13,127 - Dependent variables being saved, output vectors contain: 
2021-02-19 08:13:13,127 - Vector entry, Vector contents
2021-02-19 08:13:13,127 - 0, Kepler elements of Vehicle w.r.t. Sun
2021-02-19 08:13:13,127 - 6, Relative distance of Vehicle w.r.t. Sun
2021-02-19 08:13:13,127 - 7, Single acceleration in inertial frame of type cannonball radiation pressure , acting on Vehicle, exerted by Sun
2021-02-19 08:13:13,499 - ====================Saving Data==========================
2021-02-19 08:13:13,500 - Saving propData
2021-02-19 08:13:13,502 - Saving magneticFieldData
2021-02-19 08:13:13,530 - Saving ionosphericData
2021-02-19 08:13:13,542 - Saving thrustData
2021-02-19 08:13:13,565 - Saving currentData
2021-02-19 08:13:13,590 - Saving currentVNVData
2021-02-19 08:13:13,632 - Saving bodyData
2021-02-19 08:13:13,656 - Saving dependentVariableData
2021-02-19 08:13:13,658 - Program finished 
