2021-03-19 08:59:08,770 - 

Running application application_simulation_SSO-CHB, with json SOKGA_init.json

2021-03-19 08:59:08,777 - ===============Loading Variables From File==================
2021-03-19 08:59:08,777 - ===============Prepping Sim==================
2021-03-19 08:59:08,777 -  -- Loading spice kernels -- 
2021-03-19 08:59:08,798 -  -- Creating environment class -- 
2021-03-19 08:59:08,798 - B0 for year 2001.3 : 7.26651
2021-03-19 08:59:08,798 -  -- Creating Config class -- 
2021-03-19 08:59:08,798 -  -- Creating Guidance class -- 
2021-03-19 08:59:08,798 - Updating guidance settings
2021-03-19 08:59:08,799 -  -- Creating Propbodies class -- 
2021-03-19 08:59:08,799 - Using bodies: 
2021-03-19 08:59:08,799 - Sun
2021-03-19 08:59:08,799 - Mercury
2021-03-19 08:59:08,799 - Venus
2021-03-19 08:59:08,799 - Earth
2021-03-19 08:59:08,799 - Mars
2021-03-19 08:59:08,799 - Jupiter
2021-03-19 08:59:08,799 - Saturn
2021-03-19 08:59:08,799 - Uranus
2021-03-19 08:59:08,799 - Neptune
2021-03-19 08:59:08,799 - Effective SRP radiation coefficient of vehicle: 0.5
2021-03-19 08:59:08,799 - Effective SRP reference area of vehicle       : 2.4
2021-03-19 08:59:08,799 - Spacecraft Mass                               : 100
2021-03-19 08:59:08,799 -  -- Creating Propsettings class -- 
2021-03-19 08:59:08,799 - INITIAL EPHEMERIS YEAR: 2041.03
2021-03-19 08:59:08,799 - INITIAL EPHEMERIS TIME: 1.29489e+09
2021-03-19 08:59:08,799 - ====================Propagating==========================
2021-03-19 08:59:08,799 - Dependent variables being saved, output vectors contain: 
2021-03-19 08:59:08,799 - Vector entry, Vector contents
2021-03-19 08:59:08,799 - 0, Kepler elements of Vehicle w.r.t. Sun
2021-03-19 08:59:08,799 - 6, Relative distance of Vehicle w.r.t. Sun
2021-03-19 08:59:08,799 - 7, Single acceleration in inertial frame of type cannonball radiation pressure , acting on Vehicle, exerted by Sun
2021-03-19 08:59:08,838 - ====================Saving Data==========================
2021-03-19 08:59:08,839 - Saving propData
2021-03-19 08:59:08,839 - Saving magneticFieldData
2021-03-19 08:59:08,843 - Saving ionosphericData
2021-03-19 08:59:08,844 - Saving thrustData
2021-03-19 08:59:08,848 - Saving currentData
2021-03-19 08:59:08,851 - Saving currentVNVData
2021-03-19 08:59:08,855 - Saving bodyData
2021-03-19 08:59:08,858 - Saving dependentVariableData
2021-03-19 08:59:08,858 - Program finished 
2021-03-19 08:59:08,876 - 

Running application application_simulation_SSO-CHB, with json SOKGA_stage2.json

2021-03-19 08:59:08,881 - ===============Loading Variables From File==================
2021-03-19 08:59:08,881 - ===============Prepping Sim==================
2021-03-19 08:59:08,881 -  -- Loading spice kernels -- 
2021-03-19 08:59:08,902 -  -- Creating environment class -- 
2021-03-19 08:59:08,902 - B0 for year 2001.3 : 7.26651
2021-03-19 08:59:08,902 -  -- Creating Config class -- 
2021-03-19 08:59:08,902 -  -- Creating Guidance class -- 
2021-03-19 08:59:08,902 - Updating guidance settings
2021-03-19 08:59:08,902 -  -- Creating Propbodies class -- 
2021-03-19 08:59:08,902 - Using bodies: 
2021-03-19 08:59:08,902 - Sun
2021-03-19 08:59:08,902 - Mercury
2021-03-19 08:59:08,902 - Venus
2021-03-19 08:59:08,902 - Earth
2021-03-19 08:59:08,902 - Mars
2021-03-19 08:59:08,903 - Jupiter
2021-03-19 08:59:08,903 - Saturn
2021-03-19 08:59:08,903 - Uranus
2021-03-19 08:59:08,903 - Neptune
2021-03-19 08:59:08,903 - Effective SRP radiation coefficient of vehicle: 0.5
2021-03-19 08:59:08,903 - Effective SRP reference area of vehicle       : 2.4
2021-03-19 08:59:08,903 - Spacecraft Mass                               : 100
2021-03-19 08:59:08,903 -  -- Creating Propsettings class -- 
2021-03-19 08:59:08,903 - INITIAL EPHEMERIS YEAR: 2043.74
2021-03-19 08:59:08,903 - INITIAL EPHEMERIS TIME: 1.3802e+09
2021-03-19 08:59:08,903 - ====================Propagating==========================
2021-03-19 08:59:08,903 - Dependent variables being saved, output vectors contain: 
2021-03-19 08:59:08,903 - Vector entry, Vector contents
2021-03-19 08:59:08,903 - 0, Kepler elements of Vehicle w.r.t. Sun
2021-03-19 08:59:08,903 - 6, Relative distance of Vehicle w.r.t. Sun
2021-03-19 08:59:08,903 - 7, Single acceleration in inertial frame of type cannonball radiation pressure , acting on Vehicle, exerted by Sun
2021-03-19 08:59:17,789 - ====================Saving Data==========================
2021-03-19 08:59:17,796 - Saving propData
2021-03-19 08:59:17,818 - Saving magneticFieldData
2021-03-19 08:59:18,478 - Saving ionosphericData
2021-03-19 08:59:18,763 - Saving thrustData
2021-03-19 08:59:19,327 - Saving currentData
2021-03-19 08:59:19,978 - Saving currentVNVData
2021-03-19 08:59:21,015 - Saving bodyData
2021-03-19 08:59:21,702 - Saving dependentVariableData
2021-03-19 08:59:21,735 - Program finished 
2021-03-19 08:59:21,842 - 

Running application application_simulation_SSO-CHB, with json SOKGA_reference.json

2021-03-19 08:59:21,846 - ===============Loading Variables From File==================
2021-03-19 08:59:21,846 - ===============Prepping Sim==================
2021-03-19 08:59:21,847 -  -- Loading spice kernels -- 
2021-03-19 08:59:21,869 -  -- Creating environment class -- 
2021-03-19 08:59:21,869 - B0 for year 2001.3 : 7.26651
2021-03-19 08:59:21,869 -  -- Creating Config class -- 
2021-03-19 08:59:21,869 -  -- Creating Guidance class -- 
2021-03-19 08:59:21,869 - Updating guidance settings
2021-03-19 08:59:21,869 -  -- Creating Propbodies class -- 
2021-03-19 08:59:21,869 - Using bodies: 
2021-03-19 08:59:21,869 - Sun
2021-03-19 08:59:21,869 - Mercury
2021-03-19 08:59:21,869 - Venus
2021-03-19 08:59:21,869 - Earth
2021-03-19 08:59:21,869 - Mars
2021-03-19 08:59:21,869 - Jupiter
2021-03-19 08:59:21,869 - Saturn
2021-03-19 08:59:21,869 - Uranus
2021-03-19 08:59:21,869 - Neptune
2021-03-19 08:59:21,869 - Effective SRP radiation coefficient of vehicle: 0.5
2021-03-19 08:59:21,869 - Effective SRP reference area of vehicle       : 2.4
2021-03-19 08:59:21,870 - Spacecraft Mass                               : 100
2021-03-19 08:59:21,870 -  -- Creating Propsettings class -- 
2021-03-19 08:59:21,870 - INITIAL EPHEMERIS YEAR: 2041.03
2021-03-19 08:59:21,870 - INITIAL EPHEMERIS TIME: 1.29489e+09
2021-03-19 08:59:21,870 - ====================Propagating==========================
2021-03-19 08:59:21,870 - Dependent variables being saved, output vectors contain: 
2021-03-19 08:59:21,870 - Vector entry, Vector contents
2021-03-19 08:59:21,870 - 0, Kepler elements of Vehicle w.r.t. Sun
2021-03-19 08:59:21,870 - 6, Relative distance of Vehicle w.r.t. Sun
2021-03-19 08:59:21,870 - 7, Single acceleration in inertial frame of type cannonball radiation pressure , acting on Vehicle, exerted by Sun
2021-03-19 08:59:22,780 - ====================Saving Data==========================
2021-03-19 08:59:22,781 - Saving propData
2021-03-19 08:59:22,786 - Saving magneticFieldData
2021-03-19 08:59:22,843 - Saving ionosphericData
2021-03-19 08:59:22,868 - Saving thrustData
2021-03-19 08:59:22,911 - Saving currentData
2021-03-19 08:59:22,964 - Saving currentVNVData
2021-03-19 08:59:23,047 - Saving bodyData
2021-03-19 08:59:23,106 - Saving dependentVariableData
2021-03-19 08:59:23,111 - Program finished 
