2021-03-12 09:42:21,960 - 

Running application application_simulation_SSO-CHB, with json SOKGA_init.json

2021-03-12 09:42:21,965 - ===============Loading Variables From File==================
2021-03-12 09:42:21,965 - ===============Prepping Sim==================
2021-03-12 09:42:21,965 -  -- Loading spice kernels -- 
2021-03-12 09:42:21,990 -  -- Creating environment class -- 
2021-03-12 09:42:21,990 - B0 for year 2001.3 : 7.26651
2021-03-12 09:42:21,990 -  -- Creating Config class -- 
2021-03-12 09:42:21,990 -  -- Creating Guidance class -- 
2021-03-12 09:42:21,990 - Updating guidance settings
2021-03-12 09:42:21,990 -  -- Creating Propbodies class -- 
2021-03-12 09:42:21,990 - Using bodies: 
2021-03-12 09:42:21,990 - Sun
2021-03-12 09:42:21,990 - Mercury
2021-03-12 09:42:21,990 - Venus
2021-03-12 09:42:21,990 - Earth
2021-03-12 09:42:21,990 - Mars
2021-03-12 09:42:21,990 - Jupiter
2021-03-12 09:42:21,990 - Saturn
2021-03-12 09:42:21,990 - Uranus
2021-03-12 09:42:21,990 - Neptune
2021-03-12 09:42:21,990 - Effective SRP radiation coefficient of vehicle: 0.5
2021-03-12 09:42:21,991 - Effective SRP reference area of vehicle       : 2.4
2021-03-12 09:42:21,991 - Spacecraft Mass                               : 100
2021-03-12 09:42:21,991 -  -- Creating Propsettings class -- 
2021-03-12 09:42:21,991 - INITIAL EPHEMERIS YEAR: 2041.03
2021-03-12 09:42:21,991 - INITIAL EPHEMERIS TIME: 1.29489e+09
2021-03-12 09:42:21,991 - ====================Propagating==========================
2021-03-12 09:42:21,991 - Dependent variables being saved, output vectors contain: 
2021-03-12 09:42:21,991 - Vector entry, Vector contents
2021-03-12 09:42:21,991 - 0, Kepler elements of Vehicle w.r.t. Sun
2021-03-12 09:42:21,991 - 6, Relative distance of Vehicle w.r.t. Sun
2021-03-12 09:42:21,991 - 7, Single acceleration in inertial frame of type cannonball radiation pressure , acting on Vehicle, exerted by Sun
2021-03-12 09:42:22,029 - ====================Saving Data==========================
2021-03-12 09:42:22,029 - Saving propData
2021-03-12 09:42:22,030 - Saving magneticFieldData
2021-03-12 09:42:22,032 - Saving ionosphericData
2021-03-12 09:42:22,033 - Saving thrustData
2021-03-12 09:42:22,035 - Saving currentData
2021-03-12 09:42:22,038 - Saving currentVNVData
2021-03-12 09:42:22,041 - Saving bodyData
2021-03-12 09:42:22,044 - Saving dependentVariableData
2021-03-12 09:42:22,044 - Program finished 
2021-03-12 09:42:22,062 - 

Running application application_simulation_SSO-CHB, with json SOKGA_stage2.json

2021-03-12 09:42:22,067 - ===============Loading Variables From File==================
2021-03-12 09:42:22,068 - ===============Prepping Sim==================
2021-03-12 09:42:22,068 -  -- Loading spice kernels -- 
2021-03-12 09:42:22,092 -  -- Creating environment class -- 
2021-03-12 09:42:22,092 - B0 for year 2001.3 : 7.26651
2021-03-12 09:42:22,092 -  -- Creating Config class -- 
2021-03-12 09:42:22,092 -  -- Creating Guidance class -- 
2021-03-12 09:42:22,092 - Updating guidance settings
2021-03-12 09:42:22,092 -  -- Creating Propbodies class -- 
2021-03-12 09:42:22,092 - Using bodies: 
2021-03-12 09:42:22,092 - Sun
2021-03-12 09:42:22,092 - Mercury
2021-03-12 09:42:22,092 - Venus
2021-03-12 09:42:22,092 - Earth
2021-03-12 09:42:22,092 - Mars
2021-03-12 09:42:22,092 - Jupiter
2021-03-12 09:42:22,092 - Saturn
2021-03-12 09:42:22,093 - Uranus
2021-03-12 09:42:22,093 - Neptune
2021-03-12 09:42:22,093 - Effective SRP radiation coefficient of vehicle: 0.5
2021-03-12 09:42:22,093 - Effective SRP reference area of vehicle       : 2.4
2021-03-12 09:42:22,093 - Spacecraft Mass                               : 100
2021-03-12 09:42:22,093 -  -- Creating Propsettings class -- 
2021-03-12 09:42:22,093 - INITIAL EPHEMERIS YEAR: 2043.74
2021-03-12 09:42:22,093 - INITIAL EPHEMERIS TIME: 1.3802e+09
2021-03-12 09:42:22,093 - ====================Propagating==========================
2021-03-12 09:42:22,093 - Dependent variables being saved, output vectors contain: 
2021-03-12 09:42:22,093 - Vector entry, Vector contents
2021-03-12 09:42:22,093 - 0, Kepler elements of Vehicle w.r.t. Sun
2021-03-12 09:42:22,093 - 6, Relative distance of Vehicle w.r.t. Sun
2021-03-12 09:42:22,093 - 7, Single acceleration in inertial frame of type cannonball radiation pressure , acting on Vehicle, exerted by Sun
2021-03-12 09:42:38,157 - ====================Saving Data==========================
2021-03-12 09:42:38,158 - Saving propData
2021-03-12 09:42:38,201 - Saving magneticFieldData
2021-03-12 09:42:39,442 - Saving ionosphericData
2021-03-12 09:42:39,963 - Saving thrustData
2021-03-12 09:42:40,962 - Saving currentData
2021-03-12 09:42:42,099 - Saving currentVNVData
2021-03-12 09:42:43,943 - Saving bodyData
2021-03-12 09:42:45,193 - Saving dependentVariableData
2021-03-12 09:42:45,261 - Program finished 
2021-03-12 09:42:45,448 - 

Running application application_simulation_SSO-CHB, with json SOKGA_reference.json

2021-03-12 09:42:45,452 - ===============Loading Variables From File==================
2021-03-12 09:42:45,453 - ===============Prepping Sim==================
2021-03-12 09:42:45,453 -  -- Loading spice kernels -- 
2021-03-12 09:42:45,475 -  -- Creating environment class -- 
2021-03-12 09:42:45,475 - B0 for year 2001.3 : 7.26651
2021-03-12 09:42:45,476 -  -- Creating Config class -- 
2021-03-12 09:42:45,476 -  -- Creating Guidance class -- 
2021-03-12 09:42:45,476 - Updating guidance settings
2021-03-12 09:42:45,476 -  -- Creating Propbodies class -- 
2021-03-12 09:42:45,476 - Using bodies: 
2021-03-12 09:42:45,476 - Sun
2021-03-12 09:42:45,476 - Mercury
2021-03-12 09:42:45,476 - Venus
2021-03-12 09:42:45,476 - Earth
2021-03-12 09:42:45,476 - Mars
2021-03-12 09:42:45,476 - Jupiter
2021-03-12 09:42:45,476 - Saturn
2021-03-12 09:42:45,476 - Uranus
2021-03-12 09:42:45,476 - Neptune
2021-03-12 09:42:45,476 - Effective SRP radiation coefficient of vehicle: 0.5
2021-03-12 09:42:45,476 - Effective SRP reference area of vehicle       : 2.4
2021-03-12 09:42:45,476 - Spacecraft Mass                               : 100
2021-03-12 09:42:45,476 -  -- Creating Propsettings class -- 
2021-03-12 09:42:45,476 - INITIAL EPHEMERIS YEAR: 2041.03
2021-03-12 09:42:45,476 - INITIAL EPHEMERIS TIME: 1.29489e+09
2021-03-12 09:42:45,476 - ====================Propagating==========================
2021-03-12 09:42:45,476 - Dependent variables being saved, output vectors contain: 
2021-03-12 09:42:45,476 - Vector entry, Vector contents
2021-03-12 09:42:45,476 - 0, Kepler elements of Vehicle w.r.t. Sun
2021-03-12 09:42:45,476 - 6, Relative distance of Vehicle w.r.t. Sun
2021-03-12 09:42:45,476 - 7, Single acceleration in inertial frame of type cannonball radiation pressure , acting on Vehicle, exerted by Sun
2021-03-12 09:42:46,338 - ====================Saving Data==========================
2021-03-12 09:42:46,367 - Saving propData
2021-03-12 09:42:46,371 - Saving magneticFieldData
2021-03-12 09:42:46,421 - Saving ionosphericData
2021-03-12 09:42:46,445 - Saving thrustData
2021-03-12 09:42:46,488 - Saving currentData
2021-03-12 09:42:46,541 - Saving currentVNVData
2021-03-12 09:42:46,622 - Saving bodyData
2021-03-12 09:42:46,683 - Saving dependentVariableData
2021-03-12 09:42:46,688 - Program finished 
