2021-03-12 09:27:59,845 - 

Running application application_simulation_SSO-CHB, with json SOKGA_init.json

2021-03-12 09:27:59,851 - ===============Loading Variables From File==================
2021-03-12 09:27:59,851 - ===============Prepping Sim==================
2021-03-12 09:27:59,851 -  -- Loading spice kernels -- 
2021-03-12 09:27:59,874 -  -- Creating environment class -- 
2021-03-12 09:27:59,874 - B0 for year 2001.3 : 7.26651
2021-03-12 09:27:59,874 -  -- Creating Config class -- 
2021-03-12 09:27:59,874 - Vehicle masses (total, endmass1, endmass2, tether mass): 100.153, 50, 50, 0.152751
2021-03-12 09:27:59,874 -  -- Creating Guidance class -- 
2021-03-12 09:27:59,874 - Updating guidance settings
2021-03-12 09:27:59,874 -  -- Creating Propbodies class -- 
2021-03-12 09:27:59,874 - Using bodies: 
2021-03-12 09:27:59,874 - Sun
2021-03-12 09:27:59,874 - Mercury
2021-03-12 09:27:59,874 - Venus
2021-03-12 09:27:59,874 - Earth
2021-03-12 09:27:59,874 - Mars
2021-03-12 09:27:59,874 - Jupiter
2021-03-12 09:27:59,874 - Saturn
2021-03-12 09:27:59,874 - Uranus
2021-03-12 09:27:59,874 - Neptune
2021-03-12 09:27:59,874 - Effective SRP radiation coefficient of vehicle: 0.5
2021-03-12 09:27:59,874 - Effective SRP reference area of vehicle       : 956.241
2021-03-12 09:27:59,875 - Spacecraft Mass                               : 100.153
2021-03-12 09:27:59,875 -  -- Creating Propsettings class -- 
2021-03-12 09:27:59,875 - INITIAL EPHEMERIS YEAR: 2041.03
2021-03-12 09:27:59,875 - INITIAL EPHEMERIS TIME: 1.29489e+09
2021-03-12 09:27:59,875 - ====================Propagating==========================
2021-03-12 09:27:59,875 - Dependent variables being saved, output vectors contain: 
2021-03-12 09:27:59,875 - Vector entry, Vector contents
2021-03-12 09:27:59,875 - 0, Kepler elements of Vehicle w.r.t. Sun
2021-03-12 09:27:59,875 - 6, Relative distance of Vehicle w.r.t. Sun
2021-03-12 09:27:59,875 - 7, Single acceleration in inertial frame of type cannonball radiation pressure , acting on Vehicle, exerted by Sun
2021-03-12 09:27:59,948 - ====================Saving Data==========================
2021-03-12 09:27:59,949 - Saving propData
2021-03-12 09:27:59,949 - Saving magneticFieldData
2021-03-12 09:27:59,954 - Saving ionosphericData
2021-03-12 09:27:59,956 - Saving thrustData
2021-03-12 09:27:59,959 - Saving currentData
2021-03-12 09:27:59,963 - Saving currentVNVData
2021-03-12 09:27:59,970 - Saving bodyData
2021-03-12 09:27:59,975 - Saving dependentVariableData
2021-03-12 09:27:59,976 - Program finished 
2021-03-12 09:28:00,002 - 

Running application application_simulation_SSO-CHB, with json SOKGA_stage2.json

2021-03-12 09:28:00,008 - ===============Loading Variables From File==================
2021-03-12 09:28:00,008 - ===============Prepping Sim==================
2021-03-12 09:28:00,008 -  -- Loading spice kernels -- 
2021-03-12 09:28:00,030 -  -- Creating environment class -- 
2021-03-12 09:28:00,031 - B0 for year 2001.3 : 7.26651
2021-03-12 09:28:00,031 -  -- Creating Config class -- 
2021-03-12 09:28:00,031 - Vehicle masses (total, endmass1, endmass2, tether mass): 100.153, 50, 50, 0.152751
2021-03-12 09:28:00,031 -  -- Creating Guidance class -- 
2021-03-12 09:28:00,031 - Updating guidance settings
2021-03-12 09:28:00,031 -  -- Creating Propbodies class -- 
2021-03-12 09:28:00,031 - Using bodies: 
2021-03-12 09:28:00,031 - Sun
2021-03-12 09:28:00,031 - Mercury
2021-03-12 09:28:00,031 - Venus
2021-03-12 09:28:00,031 - Earth
2021-03-12 09:28:00,031 - Mars
2021-03-12 09:28:00,031 - Jupiter
2021-03-12 09:28:00,031 - Saturn
2021-03-12 09:28:00,031 - Uranus
2021-03-12 09:28:00,031 - Neptune
2021-03-12 09:28:00,031 - Effective SRP radiation coefficient of vehicle: 0.5
2021-03-12 09:28:00,031 - Effective SRP reference area of vehicle       : 956.241
2021-03-12 09:28:00,031 - Spacecraft Mass                               : 100.153
2021-03-12 09:28:00,031 -  -- Creating Propsettings class -- 
2021-03-12 09:28:00,031 - INITIAL EPHEMERIS YEAR: 2043.68
2021-03-12 09:28:00,031 - INITIAL EPHEMERIS TIME: 1.37832e+09
2021-03-12 09:28:00,031 - ====================Propagating==========================
2021-03-12 09:28:00,031 - Dependent variables being saved, output vectors contain: 
2021-03-12 09:28:00,032 - Vector entry, Vector contents
2021-03-12 09:28:00,032 - 0, Kepler elements of Vehicle w.r.t. Sun
2021-03-12 09:28:00,032 - 6, Relative distance of Vehicle w.r.t. Sun
2021-03-12 09:28:00,032 - 7, Single acceleration in inertial frame of type cannonball radiation pressure , acting on Vehicle, exerted by Sun
2021-03-12 09:29:00,159 - ====================Saving Data==========================
2021-03-12 09:29:00,167 - Saving propData
2021-03-12 09:29:00,493 - Saving magneticFieldData
2021-03-12 09:29:04,722 - Saving ionosphericData
2021-03-12 09:29:06,543 - Saving thrustData
2021-03-12 09:29:10,153 - Saving currentData
2021-03-12 09:29:14,862 - Saving currentVNVData
2021-03-12 09:29:21,417 - Saving bodyData
2021-03-12 09:29:25,623 - Saving dependentVariableData
2021-03-12 09:29:26,036 - Program finished 
2021-03-12 09:29:26,699 - 

Running application application_simulation_SSO-CHB, with json SOKGA_reference.json

2021-03-12 09:29:26,706 - ===============Loading Variables From File==================
2021-03-12 09:29:26,706 - ===============Prepping Sim==================
2021-03-12 09:29:26,706 -  -- Loading spice kernels -- 
2021-03-12 09:29:26,728 -  -- Creating environment class -- 
2021-03-12 09:29:26,728 - B0 for year 2001.3 : 7.26651
2021-03-12 09:29:26,728 -  -- Creating Config class -- 
2021-03-12 09:29:26,728 - Vehicle masses (total, endmass1, endmass2, tether mass): 100.153, 50, 50, 0.152751
2021-03-12 09:29:26,728 -  -- Creating Guidance class -- 
2021-03-12 09:29:26,728 - Updating guidance settings
2021-03-12 09:29:26,728 -  -- Creating Propbodies class -- 
2021-03-12 09:29:26,729 - Using bodies: 
2021-03-12 09:29:26,729 - Sun
2021-03-12 09:29:26,729 - Mercury
2021-03-12 09:29:26,729 - Venus
2021-03-12 09:29:26,729 - Earth
2021-03-12 09:29:26,729 - Mars
2021-03-12 09:29:26,729 - Jupiter
2021-03-12 09:29:26,729 - Saturn
2021-03-12 09:29:26,729 - Uranus
2021-03-12 09:29:26,729 - Neptune
2021-03-12 09:29:26,729 - Effective SRP radiation coefficient of vehicle: 0.5
2021-03-12 09:29:26,729 - Effective SRP reference area of vehicle       : 956.241
2021-03-12 09:29:26,729 - Spacecraft Mass                               : 100.153
2021-03-12 09:29:26,729 -  -- Creating Propsettings class -- 
2021-03-12 09:29:26,729 - INITIAL EPHEMERIS YEAR: 2041.03
2021-03-12 09:29:26,729 - INITIAL EPHEMERIS TIME: 1.29489e+09
2021-03-12 09:29:26,729 - ====================Propagating==========================
2021-03-12 09:29:26,729 - Dependent variables being saved, output vectors contain: 
2021-03-12 09:29:26,729 - Vector entry, Vector contents
2021-03-12 09:29:26,729 - 0, Kepler elements of Vehicle w.r.t. Sun
2021-03-12 09:29:26,729 - 6, Relative distance of Vehicle w.r.t. Sun
2021-03-12 09:29:26,729 - 7, Single acceleration in inertial frame of type cannonball radiation pressure , acting on Vehicle, exerted by Sun
2021-03-12 09:29:27,688 - ====================Saving Data==========================
2021-03-12 09:29:27,689 - Saving propData
2021-03-12 09:29:27,693 - Saving magneticFieldData
2021-03-12 09:29:27,759 - Saving ionosphericData
2021-03-12 09:29:27,787 - Saving thrustData
2021-03-12 09:29:27,839 - Saving currentData
2021-03-12 09:29:27,896 - Saving currentVNVData
2021-03-12 09:29:28,001 - Saving bodyData
2021-03-12 09:29:28,068 - Saving dependentVariableData
2021-03-12 09:29:28,074 - Program finished 
