2021-02-11 16:28:50,516 - ========================================
2021-02-11 16:28:50,516 - ===== Simulation data output for VNV Type 1a =====
2021-02-11 16:28:50,516 - ========================================
2021-02-11 16:28:50,516 - Em: -0.00014346
2021-02-11 16:28:50,516 - I0: -3.2797021824
2021-02-11 16:28:50,516 - ic: -0.000609811467252326
2021-02-11 16:28:50,516 - lambdaA: 0.0114175254270282
2021-02-11 16:28:50,516 - iavg: 0.000609718815831091
2021-02-11 16:28:50,516 - Iavg: -0.00199969613093157
2021-02-11 16:28:50,517 - IavgVector: [-0.        -0.        -0.0019997]
2021-02-11 16:28:50,517 - F: [ 8.8386569e-12 -9.5625469e-12  0.0000000e+00]
2021-02-11 16:28:50,517 - F magnitude: 1.30216803428702e-11
2021-02-11 16:28:50,517 - ========================================
2021-02-11 16:28:50,517 - ===== Reference data output for VNV Type 1a =====
2021-02-11 16:28:50,517 - ========================================
2021-02-11 16:28:50,517 - ---- Input values ----
2021-02-11 16:28:50,517 - V: [    0 30000     0]
2021-02-11 16:28:50,517 - B: [4.782e-09 4.420e-09 0.000e+00]
2021-02-11 16:28:50,517 - l: [0 0 1]
2021-02-11 16:28:50,517 - sigma: 48600000.0
2021-02-11 16:28:50,517 - A: 0.0004704
2021-02-11 16:28:50,518 - Ic: 0.002
2021-02-11 16:28:50,518 - L: 10

2021-02-11 16:28:50,518 - ---- Output values ----
2021-02-11 16:28:50,518 - Em: -0.00014346
2021-02-11 16:28:50,518 - I0: -3.2797021824000003
2021-02-11 16:28:50,518 - ic: -0.0006098114672523261
2021-02-11 16:28:50,518 - lambdaA: 0.011417525427028206
2021-02-11 16:28:50,518 - iavg: 0.0006097188158310912
2021-02-11 16:28:50,518 - Iavg: -0.0019996961309315738
2021-02-11 16:28:50,518 - IavgVector: [-0.        -0.        -0.0019997]
2021-02-11 16:28:50,518 - F: [ 8.8386569e-12 -9.5625469e-12  0.0000000e+00]
2021-02-11 16:28:50,518 - F magnitude: 1.3021680342870199e-11
2021-02-11 16:28:50,541 - ========================================
2021-02-11 16:28:50,541 - ===== Simulation data output for VNV Type 1b =====
2021-02-11 16:28:50,541 - ========================================
2021-02-11 16:28:50,542 - Em: -0.00014346
2021-02-11 16:28:50,542 - I0: -3.2797021824
2021-02-11 16:28:50,542 - ic: -0.000609811467252326
2021-02-11 16:28:50,542 - lambdaA: 0.0114175254270282
2021-02-11 16:28:50,542 - iavg: 0.000609718815831091
2021-02-11 16:28:50,542 - Iavg: -0.00199969613093157
2021-02-11 16:28:50,542 - IavgVector: [-0.        -0.        -0.0019997]
2021-02-11 16:28:50,542 - F: [ 8.8386569e-12 -9.5625469e-12  0.0000000e+00]
2021-02-11 16:28:50,542 - F magnitude: 1.30216803428702e-11
2021-02-11 16:28:50,542 - ========================================
2021-02-11 16:28:50,542 - ===== Reference data output for VNV Type 1b =====
2021-02-11 16:28:50,542 - ========================================
2021-02-11 16:28:50,542 - ---- Input values ----
2021-02-11 16:28:50,542 - V: [    0 30000     0]
2021-02-11 16:28:50,543 - B: [4.782e-09 4.420e-09 0.000e+00]
2021-02-11 16:28:50,543 - l: [ 0  0 -1]
2021-02-11 16:28:50,543 - sigma: 48600000.0
2021-02-11 16:28:50,543 - A: 0.0004704
2021-02-11 16:28:50,543 - Ic: 0.002
2021-02-11 16:28:50,543 - L: 10

2021-02-11 16:28:50,543 - ---- Output values ----
2021-02-11 16:28:50,543 - Em: 0.00014346
2021-02-11 16:28:50,543 - I0: 3.2797021824000003
2021-02-11 16:28:50,543 - ic: 0.0006098114672523261
2021-02-11 16:28:50,543 - lambdaA: 0.011412884678320204
2021-02-11 16:28:50,543 - iavg: 0.0006093472288036737
2021-02-11 16:28:50,543 - Iavg: 0.0019984774361468008
2021-02-11 16:28:50,543 - IavgVector: [ 0.          0.         -0.00199848]
2021-02-11 16:28:50,543 - F: [ 8.83327027e-12 -9.55671910e-12  0.00000000e+00]
2021-02-11 16:28:50,544 - F magnitude: 1.3013744410166543e-11
2021-02-11 16:28:50,561 - ========================================
2021-02-11 16:28:50,561 - ===== Simulation data output for VNV Type 2a =====
2021-02-11 16:28:50,561 - ========================================
2021-02-11 16:28:50,561 - Em: -1.9049562e-05
2021-02-11 16:28:50,561 - I0: -5.6691496512
2021-02-11 16:28:50,561 - ic: -0.00656183066046348
2021-02-11 16:28:50,561 - lambdaA: 0.0557594365801462
2021-02-11 16:28:50,561 - iavg: 0.00658308294817202
2021-02-11 16:28:50,561 - Iavg: -0.0373204823994501
2021-02-11 16:28:50,561 - IavgVector: [-0.         -0.         -0.03732048]
2021-02-11 16:28:50,562 - F: [-4.20314469e-11 -5.27215259e-11  0.00000000e+00]
2021-02-11 16:28:50,562 - F magnitude: 6.742552794074e-11
2021-02-11 16:28:50,562 - ========================================
2021-02-11 16:28:50,562 - ===== Reference data output for VNV Type 2a =====
2021-02-11 16:28:50,562 - ========================================
2021-02-11 16:28:50,562 - ---- Input values ----
2021-02-11 16:28:50,562 - V: [-3180. 16020. 18690.]
2021-02-11 16:28:50,562 - B: [ 1.41267e-09 -1.12623e-09 -5.21451e-09]
2021-02-11 16:28:50,562 - l: [ 0.17583754  0.87544648 -0.45019399]
2021-02-11 16:28:50,562 - sigma: 59520000.0
2021-02-11 16:28:50,562 - A: 0.005
2021-02-11 16:28:50,562 - Ic: 0.0372
2021-02-11 16:28:50,563 - L: 531

2021-02-11 16:28:50,563 - ---- Output values ----
2021-02-11 16:28:50,563 - Em: 6.18586331905313e-06
2021-02-11 16:28:50,563 - I0: 1.8409129237502115
2021-02-11 16:28:50,563 - ic: 0.020207365334922036
2021-02-11 16:28:50,563 - lambdaA: 0.11697317146946196
2021-02-11 16:28:50,563 - iavg: 0.02000143393870115
2021-02-11 16:28:50,563 - Iavg: 0.03682089823129105
2021-02-11 16:28:50,563 - IavgVector: [ 0.0064745   0.03223473 -0.01657655]
2021-02-11 16:28:50,563 - F: [-1.86757304e-10  1.03441345e-11 -5.28288017e-11]
2021-02-11 16:28:50,564 - F magnitude: 1.943609371283146e-10
2021-02-11 16:28:50,564 - ========================================
2021-02-11 16:28:50,564 - ===== Reference data output for VNV Type  =====
2021-02-11 16:28:50,564 - ========================================
2021-02-11 16:28:50,564 - ---- Input values ----
2021-02-11 16:28:50,564 - V: [   0 7350    0]
2021-02-11 16:28:50,564 - B: [ 0.00e+00  0.00e+00 -1.75e-05]
2021-02-11 16:28:50,564 - l: [-1  0  0]
2021-02-11 16:28:50,564 - sigma: 34014000.0
2021-02-11 16:28:50,564 - A: 1.9635e-07
2021-02-11 16:28:50,564 - Ic: 1
2021-02-11 16:28:50,564 - L: 500

2021-02-11 16:28:50,565 - ---- Output values ----
2021-02-11 16:28:50,565 - Em: 0.128625
2021-02-11 16:28:50,565 - I0: 0.8590412147625001
2021-02-11 16:28:50,565 - ic: 1.1640885010115272
2021-02-11 16:28:50,565 - lambdaA: 0.9819684457059389
2021-02-11 16:28:50,565 - iavg: 0.48615527035397776
2021-02-11 16:28:50,565 - Iavg: 0.4176274140080727
2021-02-11 16:28:50,565 - IavgVector: [-0.41762741  0.          0.        ]
2021-02-11 16:28:50,565 - F: [-0.00000000e+00 -7.30847975e-06 -0.00000000e+00]
2021-02-11 16:28:50,565 - F magnitude: 7.308479745141272e-06
