2021-02-02 12:55:45,644 - Ignoring file: testVariablesCurrentVnV_1a.json
2021-02-02 12:55:45,644 - Ignoring file: testVariablesCurrentVnV_1b.json
2021-02-02 12:55:45,644 - Ignoring file: testVariablesCurrentVnV_2a.json
2021-02-02 12:55:45,644 - Ignoring file: testVariablesIntegratorGA.json
2021-02-02 12:55:45,644 - Ignoring file: testVariablesIntegratorGA_Reference.json
2021-02-02 12:55:45,644 - Ignoring file: testVariablesIntegratorInner.json
2021-02-02 12:55:45,644 - Ignoring file: testVariablesIntegratorInner_Reference.json
2021-02-02 12:55:45,644 - Ignoring file: testVariablesParkerReferenceVnV_BACKUP.json
2021-02-02 12:55:45,644 - Ignoring file: testVariablesParkerVnV_BACKUP.json
2021-02-02 12:55:45,644 - Ignoring file: testVariablesSRPNominalVnV.json
2021-02-02 12:55:45,644 - Ignoring file: testVariablesSRPZeroAreaVnV.json
2021-02-02 12:55:45,644 - 

Running application application_simulation_SSO-CHB, with json testVariablesParkerReferenceVnV.json

2021-02-02 12:55:45,649 - ===============Loading Variables From File==================
2021-02-02 12:55:45,649 - ===============Prepping Sim==================
2021-02-02 12:55:45,649 -  -- Loading spice kernels -- 
2021-02-02 12:55:45,670 -  -- Creating environment class -- 
2021-02-02 12:55:45,671 - B0 for year 2001.3 : 5.83456
2021-02-02 12:55:45,671 -  -- Creating Config class -- 
2021-02-02 12:55:45,671 -  -- Creating Guidance class -- 
2021-02-02 12:55:45,671 - Updating guidance settings
2021-02-02 12:55:45,671 -  -- Creating Propbodies class -- 
2021-02-02 12:55:45,671 - Using bodies: 
2021-02-02 12:55:45,671 - Sun
2021-02-02 12:55:45,671 - Effective SRP radiation coefficient of vehicle: 1e-20
2021-02-02 12:55:45,671 - Effective SRP reference area of vehicle       : 2e-20
2021-02-02 12:55:45,671 - Spacecraft Mass                               : 100
2021-02-02 12:55:45,671 -  -- Creating Propsettings class -- 
2021-02-02 12:55:45,671 - INITIAL EPHEMERIS YEAR: 1977
2021-02-02 12:55:45,671 - INITIAL EPHEMERIS TIME: -7.25825e+08
2021-02-02 12:55:45,671 - ====================Propagating==========================
2021-02-02 12:55:45,671 - Dependent variables being saved, output vectors contain: 
2021-02-02 12:55:45,671 - Vector entry, Vector contents
2021-02-02 12:55:45,671 - 0, Kepler elements of Vehicle w.r.t. Sun
2021-02-02 12:55:45,671 - 6, Relative distance of Vehicle w.r.t. Sun
2021-02-02 12:55:45,671 - 7, Single acceleration in inertial frame of type cannonball radiation pressure , acting on Vehicle, exerted by Sun
2021-02-02 12:55:45,693 - ====================Saving Data==========================
2021-02-02 12:55:45,693 - Saving propData
2021-02-02 12:55:45,694 - Saving magneticFieldData
2021-02-02 12:55:45,704 - Ignoring ionosphericData
2021-02-02 12:55:45,704 - Ignoring thrustData
2021-02-02 12:55:45,704 - Ignoring currentData
2021-02-02 12:55:45,704 - Ignoring currentVNVData
2021-02-02 12:55:45,704 - Saving bodyData
2021-02-02 12:55:45,714 - Ignoring dependentVariableData
2021-02-02 12:55:45,714 - Program finished 
2021-02-02 12:55:45,715 - 

Running application application_simulation_SSO-CHB, with json testVariablesParkerVnV.json

2021-02-02 12:55:45,719 - ===============Loading Variables From File==================
2021-02-02 12:55:45,719 - ===============Prepping Sim==================
2021-02-02 12:55:45,719 -  -- Loading spice kernels -- 
2021-02-02 12:55:45,740 -  -- Creating environment class -- 
2021-02-02 12:55:45,740 - B0 for year 2001.3 : 6.97219
2021-02-02 12:55:45,740 -  -- Creating Config class -- 
2021-02-02 12:55:45,740 -  -- Creating Guidance class -- 
2021-02-02 12:55:45,740 - Updating guidance settings
2021-02-02 12:55:45,740 -  -- Creating Propbodies class -- 
2021-02-02 12:55:45,740 - Using bodies: 
2021-02-02 12:55:45,740 - Sun
2021-02-02 12:55:45,740 - Effective SRP radiation coefficient of vehicle: 1e-20
2021-02-02 12:55:45,741 - Effective SRP reference area of vehicle       : 2e-20
2021-02-02 12:55:45,741 - Spacecraft Mass                               : 100
2021-02-02 12:55:45,741 -  -- Creating Propsettings class -- 
2021-02-02 12:55:45,741 - INITIAL EPHEMERIS YEAR: 1977
2021-02-02 12:55:45,741 - INITIAL EPHEMERIS TIME: -7.25825e+08
2021-02-02 12:55:45,741 - ====================Propagating==========================
2021-02-02 12:55:45,741 - Dependent variables being saved, output vectors contain: 
2021-02-02 12:55:45,741 - Vector entry, Vector contents
2021-02-02 12:55:45,741 - 0, Kepler elements of Vehicle w.r.t. Sun
2021-02-02 12:55:45,741 - 6, Relative distance of Vehicle w.r.t. Sun
2021-02-02 12:55:45,741 - 7, Single acceleration in inertial frame of type cannonball radiation pressure , acting on Vehicle, exerted by Sun
2021-02-02 12:55:45,755 - ====================Saving Data==========================
2021-02-02 12:55:45,755 - Saving propData
2021-02-02 12:55:45,755 - Saving magneticFieldData
2021-02-02 12:55:45,761 - Ignoring ionosphericData
2021-02-02 12:55:45,761 - Ignoring thrustData
2021-02-02 12:55:45,761 - Ignoring currentData
2021-02-02 12:55:45,761 - Ignoring currentVNVData
2021-02-02 12:55:45,761 - Saving bodyData
2021-02-02 12:55:45,766 - Ignoring dependentVariableData
2021-02-02 12:55:45,766 - Program finished 
