2021-02-02 16:14:58,312 - Ignoring file: testVariablesCurrentVnV_1a.json
2021-02-02 16:14:58,312 - Ignoring file: testVariablesCurrentVnV_1b.json
2021-02-02 16:14:58,312 - Ignoring file: testVariablesCurrentVnV_2a.json
2021-02-02 16:14:58,312 - Ignoring file: testVariablesIntegratorGA.json
2021-02-02 16:14:58,312 - Ignoring file: testVariablesIntegratorGA_Reference.json
2021-02-02 16:14:58,312 - Ignoring file: testVariablesIntegratorInner.json
2021-02-02 16:14:58,312 - Ignoring file: testVariablesIntegratorInner_Reference.json
2021-02-02 16:14:58,312 - Ignoring file: testVariablesParkerReferenceVnV_BACKUP.json
2021-02-02 16:14:58,312 - Ignoring file: testVariablesParkerVnV_BACKUP.json
2021-02-02 16:14:58,312 - Ignoring file: testVariablesSRPNominalVnV.json
2021-02-02 16:14:58,312 - Ignoring file: testVariablesSRPZeroAreaVnV.json
2021-02-02 16:14:58,312 - 

Running application application_simulation_SSO-CHB, with json testVariablesParkerReferenceVnV.json

2021-02-02 16:14:58,317 - ===============Loading Variables From File==================
2021-02-02 16:14:58,318 - ===============Prepping Sim==================
2021-02-02 16:14:58,318 -  -- Loading spice kernels -- 
2021-02-02 16:14:58,339 -  -- Creating environment class -- 
2021-02-02 16:14:58,339 - B0 for year 2001.3 : 5.83456
2021-02-02 16:14:58,339 -  -- Creating Config class -- 
2021-02-02 16:14:58,339 -  -- Creating Guidance class -- 
2021-02-02 16:14:58,339 - Updating guidance settings
2021-02-02 16:14:58,339 -  -- Creating Propbodies class -- 
2021-02-02 16:14:58,339 - Using bodies: 
2021-02-02 16:14:58,339 - Sun
2021-02-02 16:14:58,339 - Effective SRP radiation coefficient of vehicle: 1e-20
2021-02-02 16:14:58,339 - Effective SRP reference area of vehicle       : 2e-20
2021-02-02 16:14:58,339 - Spacecraft Mass                               : 100
2021-02-02 16:14:58,339 -  -- Creating Propsettings class -- 
2021-02-02 16:14:58,339 - INITIAL EPHEMERIS YEAR: 1977
2021-02-02 16:14:58,340 - INITIAL EPHEMERIS TIME: -7.25825e+08
2021-02-02 16:14:58,340 - ====================Propagating==========================
2021-02-02 16:14:58,340 - Dependent variables being saved, output vectors contain: 
2021-02-02 16:14:58,340 - Vector entry, Vector contents
2021-02-02 16:14:58,340 - 0, Kepler elements of Vehicle w.r.t. Sun
2021-02-02 16:14:58,340 - 6, Relative distance of Vehicle w.r.t. Sun
2021-02-02 16:14:58,340 - 7, Single acceleration in inertial frame of type cannonball radiation pressure , acting on Vehicle, exerted by Sun
2021-02-02 16:14:58,376 - ====================Saving Data==========================
2021-02-02 16:14:58,376 - Saving propData
2021-02-02 16:14:58,377 - Saving magneticFieldData
2021-02-02 16:14:58,394 - Ignoring ionosphericData
2021-02-02 16:14:58,394 - Ignoring thrustData
2021-02-02 16:14:58,394 - Ignoring currentData
2021-02-02 16:14:58,394 - Ignoring currentVNVData
2021-02-02 16:14:58,394 - Saving bodyData
2021-02-02 16:14:58,410 - Ignoring dependentVariableData
2021-02-02 16:14:58,410 - Program finished 
2021-02-02 16:14:58,412 - 

Running application application_simulation_SSO-CHB, with json testVariablesParkerVnV.json

2021-02-02 16:14:58,416 - ===============Loading Variables From File==================
2021-02-02 16:14:58,416 - ===============Prepping Sim==================
2021-02-02 16:14:58,416 -  -- Loading spice kernels -- 
2021-02-02 16:14:58,437 -  -- Creating environment class -- 
2021-02-02 16:14:58,437 - B0 for year 2001.3 : 6.97219
2021-02-02 16:14:58,437 -  -- Creating Config class -- 
2021-02-02 16:14:58,437 -  -- Creating Guidance class -- 
2021-02-02 16:14:58,437 - Updating guidance settings
2021-02-02 16:14:58,437 -  -- Creating Propbodies class -- 
2021-02-02 16:14:58,437 - Using bodies: 
2021-02-02 16:14:58,437 - Sun
2021-02-02 16:14:58,437 - Mercury
2021-02-02 16:14:58,437 - Venus
2021-02-02 16:14:58,438 - Earth
2021-02-02 16:14:58,438 - Mars
2021-02-02 16:14:58,438 - Jupiter
2021-02-02 16:14:58,438 - Saturn
2021-02-02 16:14:58,438 - Uranus
2021-02-02 16:14:58,438 - Neptune
2021-02-02 16:14:58,438 - Effective SRP radiation coefficient of vehicle: 1e-20
2021-02-02 16:14:58,438 - Effective SRP reference area of vehicle       : 2e-20
2021-02-02 16:14:58,438 - Spacecraft Mass                               : 100
2021-02-02 16:14:58,438 -  -- Creating Propsettings class -- 
2021-02-02 16:14:58,438 - INITIAL EPHEMERIS YEAR: 1977
2021-02-02 16:14:58,438 - INITIAL EPHEMERIS TIME: -7.25825e+08
2021-02-02 16:14:58,438 - ====================Propagating==========================
2021-02-02 16:14:58,438 - Dependent variables being saved, output vectors contain: 
2021-02-02 16:14:58,438 - Vector entry, Vector contents
2021-02-02 16:14:58,438 - 0, Kepler elements of Vehicle w.r.t. Sun
2021-02-02 16:14:58,438 - 6, Relative distance of Vehicle w.r.t. Sun
2021-02-02 16:14:58,438 - 7, Single acceleration in inertial frame of type cannonball radiation pressure , acting on Vehicle, exerted by Sun
2021-02-02 16:15:29,610 - ====================Saving Data==========================
2021-02-02 16:15:29,611 - Saving propData
2021-02-02 16:15:29,762 - Saving magneticFieldData
2021-02-02 16:15:31,933 - Ignoring ionosphericData
2021-02-02 16:15:31,933 - Ignoring thrustData
2021-02-02 16:15:31,933 - Ignoring currentData
2021-02-02 16:15:31,933 - Ignoring currentVNVData
2021-02-02 16:15:31,933 - Saving bodyData
2021-02-02 16:15:34,166 - Ignoring dependentVariableData
2021-02-02 16:15:34,166 - Program finished 
