2021-02-02 16:08:06,399 - Ignoring file: testVariablesCurrentVnV_1a.json
2021-02-02 16:08:06,399 - Ignoring file: testVariablesCurrentVnV_1b.json
2021-02-02 16:08:06,399 - Ignoring file: testVariablesCurrentVnV_2a.json
2021-02-02 16:08:06,399 - Ignoring file: testVariablesIntegratorGA.json
2021-02-02 16:08:06,399 - Ignoring file: testVariablesIntegratorGA_Reference.json
2021-02-02 16:08:06,399 - Ignoring file: testVariablesIntegratorInner.json
2021-02-02 16:08:06,399 - Ignoring file: testVariablesIntegratorInner_Reference.json
2021-02-02 16:08:06,399 - Ignoring file: testVariablesParkerReferenceVnV_BACKUP.json
2021-02-02 16:08:06,399 - Ignoring file: testVariablesParkerVnV_BACKUP.json
2021-02-02 16:08:06,399 - Ignoring file: testVariablesSRPNominalVnV.json
2021-02-02 16:08:06,400 - Ignoring file: testVariablesSRPZeroAreaVnV.json
2021-02-02 16:08:06,400 - 

Running application application_simulation_SSO-CHB, with json testVariablesParkerReferenceVnV.json

2021-02-02 16:08:06,453 - ===============Loading Variables From File==================
2021-02-02 16:08:06,454 - ===============Prepping Sim==================
2021-02-02 16:08:06,454 -  -- Loading spice kernels -- 
2021-02-02 16:08:06,481 -  -- Creating environment class -- 
2021-02-02 16:08:06,481 - B0 for year 2001.3 : 5.83456
2021-02-02 16:08:06,481 -  -- Creating Config class -- 
2021-02-02 16:08:06,481 -  -- Creating Guidance class -- 
2021-02-02 16:08:06,481 - Updating guidance settings
2021-02-02 16:08:06,481 -  -- Creating Propbodies class -- 
2021-02-02 16:08:06,481 - Using bodies: 
2021-02-02 16:08:06,481 - Sun
2021-02-02 16:08:06,484 - Effective SRP radiation coefficient of vehicle: 1e-20
2021-02-02 16:08:06,484 - Effective SRP reference area of vehicle       : 2e-20
2021-02-02 16:08:06,484 - Spacecraft Mass                               : 100
2021-02-02 16:08:06,485 -  -- Creating Propsettings class -- 
2021-02-02 16:08:06,486 - INITIAL EPHEMERIS YEAR: 1977
2021-02-02 16:08:06,486 - INITIAL EPHEMERIS TIME: -7.25825e+08
2021-02-02 16:08:06,486 - ====================Propagating==========================
2021-02-02 16:08:06,488 - Dependent variables being saved, output vectors contain: 
2021-02-02 16:08:06,488 - Vector entry, Vector contents
2021-02-02 16:08:06,488 - 0, Kepler elements of Vehicle w.r.t. Sun
2021-02-02 16:08:06,488 - 6, Relative distance of Vehicle w.r.t. Sun
2021-02-02 16:08:06,488 - 7, Single acceleration in inertial frame of type cannonball radiation pressure , acting on Vehicle, exerted by Sun
2021-02-02 16:08:06,532 - ====================Saving Data==========================
2021-02-02 16:08:06,533 - Saving propData
2021-02-02 16:08:06,534 - Saving magneticFieldData
2021-02-02 16:08:06,543 - Ignoring ionosphericData
2021-02-02 16:08:06,543 - Ignoring thrustData
2021-02-02 16:08:06,543 - Ignoring currentData
2021-02-02 16:08:06,543 - Ignoring currentVNVData
2021-02-02 16:08:06,543 - Saving bodyData
2021-02-02 16:08:06,552 - Ignoring dependentVariableData
2021-02-02 16:08:06,552 - Program finished 
2021-02-02 16:08:06,553 - 

Running application application_simulation_SSO-CHB, with json testVariablesParkerVnV.json

2021-02-02 16:08:06,559 - ===============Loading Variables From File==================
2021-02-02 16:08:06,559 - ===============Prepping Sim==================
2021-02-02 16:08:06,559 -  -- Loading spice kernels -- 
2021-02-02 16:08:06,585 -  -- Creating environment class -- 
2021-02-02 16:08:06,585 - B0 for year 2001.3 : 6.97219
2021-02-02 16:08:06,585 -  -- Creating Config class -- 
2021-02-02 16:08:06,585 -  -- Creating Guidance class -- 
2021-02-02 16:08:06,585 - Updating guidance settings
2021-02-02 16:08:06,586 -  -- Creating Propbodies class -- 
2021-02-02 16:08:06,586 - Using bodies: 
2021-02-02 16:08:06,586 - Sun
2021-02-02 16:08:06,586 - Effective SRP radiation coefficient of vehicle: 1e-20
2021-02-02 16:08:06,586 - Effective SRP reference area of vehicle       : 2e-20
2021-02-02 16:08:06,586 - Spacecraft Mass                               : 100
2021-02-02 16:08:06,586 -  -- Creating Propsettings class -- 
2021-02-02 16:08:06,586 - INITIAL EPHEMERIS YEAR: 1977
2021-02-02 16:08:06,586 - INITIAL EPHEMERIS TIME: -7.25825e+08
2021-02-02 16:08:06,586 - ====================Propagating==========================
2021-02-02 16:08:06,586 - Dependent variables being saved, output vectors contain: 
2021-02-02 16:08:06,586 - Vector entry, Vector contents
2021-02-02 16:08:06,586 - 0, Kepler elements of Vehicle w.r.t. Sun
2021-02-02 16:08:06,586 - 6, Relative distance of Vehicle w.r.t. Sun
2021-02-02 16:08:06,586 - 7, Single acceleration in inertial frame of type cannonball radiation pressure , acting on Vehicle, exerted by Sun
2021-02-02 16:08:06,618 - ====================Saving Data==========================
2021-02-02 16:08:06,618 - Saving propData
2021-02-02 16:08:06,618 - Saving magneticFieldData
2021-02-02 16:08:06,626 - Ignoring ionosphericData
2021-02-02 16:08:06,626 - Ignoring thrustData
2021-02-02 16:08:06,626 - Ignoring currentData
2021-02-02 16:08:06,627 - Ignoring currentVNVData
2021-02-02 16:08:06,627 - Saving bodyData
2021-02-02 16:08:06,634 - Ignoring dependentVariableData
2021-02-02 16:08:06,634 - Program finished 
