2021-02-02 12:33:58,138 - Ignoring file: testVariablesCurrentVnV_1a.json
2021-02-02 12:33:58,138 - Ignoring file: testVariablesCurrentVnV_1b.json
2021-02-02 12:33:58,138 - Ignoring file: testVariablesCurrentVnV_2a.json
2021-02-02 12:33:58,138 - Ignoring file: testVariablesIntegratorGA.json
2021-02-02 12:33:58,138 - Ignoring file: testVariablesIntegratorGA_Reference.json
2021-02-02 12:33:58,138 - Ignoring file: testVariablesIntegratorInner.json
2021-02-02 12:33:58,138 - Ignoring file: testVariablesIntegratorInner_Reference.json
2021-02-02 12:33:58,138 - Ignoring file: testVariablesParkerReferenceVnV_BACKUP.json
2021-02-02 12:33:58,138 - Ignoring file: testVariablesParkerVnV_BACKUP.json
2021-02-02 12:33:58,138 - Ignoring file: testVariablesSRPNominalVnV.json
2021-02-02 12:33:58,139 - Ignoring file: testVariablesSRPZeroAreaVnV.json
2021-02-02 12:33:58,139 - 

Running application application_simulation_SSO-CHB, with json testVariablesParkerReferenceVnV.json

2021-02-02 12:33:58,144 - ===============Loading Variables From File==================
2021-02-02 12:33:58,144 - ===============Prepping Sim==================
2021-02-02 12:33:58,144 -  -- Loading spice kernels -- 
2021-02-02 12:33:58,167 -  -- Creating environment class -- 
2021-02-02 12:33:58,167 - B0 for year 2001.3 : 5.83456
2021-02-02 12:33:58,167 -  -- Creating Config class -- 
2021-02-02 12:33:58,167 -  -- Creating Guidance class -- 
2021-02-02 12:33:58,167 - Updating guidance settings
2021-02-02 12:33:58,167 -  -- Creating Propbodies class -- 
2021-02-02 12:33:58,167 - Using bodies: 
2021-02-02 12:33:58,167 - Sun
2021-02-02 12:33:58,167 - Effective SRP radiation coefficient of vehicle: -nan
2021-02-02 12:33:58,168 - Effective SRP reference area of vehicle       : 0
2021-02-02 12:33:58,168 - Spacecraft Mass                               : 100
2021-02-02 12:33:58,168 -  -- Creating Propsettings class -- 
2021-02-02 12:33:58,168 - INITIAL EPHEMERIS YEAR: 1977
2021-02-02 12:33:58,168 - INITIAL EPHEMERIS TIME: -7.25825e+08
2021-02-02 12:33:58,168 - ====================Propagating==========================
2021-02-02 12:33:58,168 - Dependent variables being saved, output vectors contain: 
2021-02-02 12:33:58,168 - Vector entry, Vector contents
2021-02-02 12:33:58,168 - 0, Kepler elements of Vehicle w.r.t. Sun
2021-02-02 12:33:58,168 - 6, Relative distance of Vehicle w.r.t. Sun
2021-02-02 12:33:58,168 - 7, Single acceleration in inertial frame of type cannonball radiation pressure , acting on Vehicle, exerted by Sun
2021-02-02 12:33:58,168 -  
2021-02-02 12:33:58,168 - ================================================================================
2021-02-02 12:33:58,168 -  
2021-02-02 12:33:58,168 - Toolkit version: N0066
2021-02-02 12:33:58,169 -  
2021-02-02 12:33:58,169 - SPICE(DAFNEGADDR) --
2021-02-02 12:33:58,169 -  
2021-02-02 12:33:58,169 - Negative value for BEGIN address: -2141631875
2021-02-02 12:33:58,169 -  
2021-02-02 12:33:58,169 - A traceback follows.  The name of the highest level module is first.
2021-02-02 12:33:58,169 - spkezr_c --> SPKEZR --> SPKEZ --> SPKACS --> SPKAPS --> SPKLTC --> SPKGEO -->
2021-02-02 12:33:58,169 - SPKPVN --> SPKR02 --> DAFGDA
2021-02-02 12:33:58,169 -  
2021-02-02 12:33:58,169 - Oh, by the way:  The SPICELIB error handling actions are USER-TAILORABLE.  You
2021-02-02 12:33:58,169 - can choose whether the Toolkit aborts or continues when errors occur, which
2021-02-02 12:33:58,169 - error messages to output, and where to send the output.  Please read the ERROR
2021-02-02 12:33:58,169 - "Required Reading" file, or see the routines ERRACT, ERRDEV, and ERRPRT.
2021-02-02 12:33:58,169 -  
2021-02-02 12:33:58,169 - ================================================================================
2021-02-02 12:33:58,170 - 

Running application application_simulation_SSO-CHB, with json testVariablesParkerVnV.json

2021-02-02 12:33:58,175 - ===============Loading Variables From File==================
2021-02-02 12:33:58,176 - ===============Prepping Sim==================
2021-02-02 12:33:58,176 -  -- Loading spice kernels -- 
2021-02-02 12:33:58,198 -  -- Creating environment class -- 
2021-02-02 12:33:58,198 - B0 for year 2001.3 : 6.97219
2021-02-02 12:33:58,198 -  -- Creating Config class -- 
2021-02-02 12:33:58,198 -  -- Creating Guidance class -- 
2021-02-02 12:33:58,198 - Updating guidance settings
2021-02-02 12:33:58,198 -  -- Creating Propbodies class -- 
2021-02-02 12:33:58,199 - Using bodies: 
2021-02-02 12:33:58,199 - Sun
2021-02-02 12:33:58,199 - Effective SRP radiation coefficient of vehicle: -nan
2021-02-02 12:33:58,199 - Effective SRP reference area of vehicle       : 0
2021-02-02 12:33:58,199 - Spacecraft Mass                               : 100
2021-02-02 12:33:58,199 -  -- Creating Propsettings class -- 
2021-02-02 12:33:58,199 - INITIAL EPHEMERIS YEAR: 1977
2021-02-02 12:33:58,199 - INITIAL EPHEMERIS TIME: -7.25825e+08
2021-02-02 12:33:58,199 - ====================Propagating==========================
2021-02-02 12:33:58,199 - Dependent variables being saved, output vectors contain: 
2021-02-02 12:33:58,199 - Vector entry, Vector contents
2021-02-02 12:33:58,199 - 0, Kepler elements of Vehicle w.r.t. Sun
2021-02-02 12:33:58,199 - 6, Relative distance of Vehicle w.r.t. Sun
2021-02-02 12:33:58,199 - 7, Single acceleration in inertial frame of type cannonball radiation pressure , acting on Vehicle, exerted by Sun
2021-02-02 12:33:58,199 -  
2021-02-02 12:33:58,199 - ================================================================================
2021-02-02 12:33:58,199 -  
2021-02-02 12:33:58,200 - Toolkit version: N0066
2021-02-02 12:33:58,200 -  
2021-02-02 12:33:58,200 - SPICE(DAFNEGADDR) --
2021-02-02 12:33:58,200 -  
2021-02-02 12:33:58,200 - Negative value for BEGIN address: -2141631875
2021-02-02 12:33:58,200 -  
2021-02-02 12:33:58,200 - A traceback follows.  The name of the highest level module is first.
2021-02-02 12:33:58,200 - spkezr_c --> SPKEZR --> SPKEZ --> SPKACS --> SPKAPS --> SPKLTC --> SPKGEO -->
2021-02-02 12:33:58,200 - SPKPVN --> SPKR02 --> DAFGDA
2021-02-02 12:33:58,200 -  
2021-02-02 12:33:58,200 - Oh, by the way:  The SPICELIB error handling actions are USER-TAILORABLE.  You
2021-02-02 12:33:58,200 - can choose whether the Toolkit aborts or continues when errors occur, which
2021-02-02 12:33:58,200 - error messages to output, and where to send the output.  Please read the ERROR
2021-02-02 12:33:58,200 - "Required Reading" file, or see the routines ERRACT, ERRDEV, and ERRPRT.
2021-02-02 12:33:58,200 -  
2021-02-02 12:33:58,200 - ================================================================================
