2021-02-02 15:47:04,235 - Ignoring file: testVariablesCurrentVnV_1a.json
2021-02-02 15:47:04,236 - Ignoring file: testVariablesCurrentVnV_1b.json
2021-02-02 15:47:04,236 - Ignoring file: testVariablesCurrentVnV_2a.json
2021-02-02 15:47:04,236 - Ignoring file: testVariablesIntegratorGA.json
2021-02-02 15:47:04,236 - Ignoring file: testVariablesIntegratorGA_Reference.json
2021-02-02 15:47:04,236 - Ignoring file: testVariablesIntegratorInner.json
2021-02-02 15:47:04,236 - Ignoring file: testVariablesIntegratorInner_Reference.json
2021-02-02 15:47:04,236 - Ignoring file: testVariablesParkerReferenceVnV.json
2021-02-02 15:47:04,236 - Ignoring file: testVariablesParkerReferenceVnV_BACKUP.json
2021-02-02 15:47:04,236 - Ignoring file: testVariablesParkerVnV_BACKUP.json
2021-02-02 15:47:04,236 - Ignoring file: testVariablesSRPNominalVnV.json
2021-02-02 15:47:04,236 - Ignoring file: testVariablesSRPZeroAreaVnV.json
2021-02-02 15:47:04,236 - 

Running application application_simulation_SSO-CHB, with json testVariablesParkerVnV.json

2021-02-02 15:47:04,242 - ===============Loading Variables From File==================
2021-02-02 15:47:04,242 - ===============Prepping Sim==================
2021-02-02 15:47:04,242 -  -- Loading spice kernels -- 
2021-02-02 15:47:04,265 -  -- Creating environment class -- 
2021-02-02 15:47:04,266 - B0 for year 2001.3 : 6.97219
2021-02-02 15:47:04,266 -  -- Creating Config class -- 
2021-02-02 15:47:04,266 -  -- Creating Guidance class -- 
2021-02-02 15:47:04,266 - Updating guidance settings
2021-02-02 15:47:04,266 -  -- Creating Propbodies class -- 
2021-02-02 15:47:04,266 - Using bodies: 
2021-02-02 15:47:04,266 - Sun
2021-02-02 15:47:04,266 - Effective SRP radiation coefficient of vehicle: 1e-20
2021-02-02 15:47:04,266 - Effective SRP reference area of vehicle       : 2e-20
2021-02-02 15:47:04,266 - Spacecraft Mass                               : 100
2021-02-02 15:47:04,266 -  -- Creating Propsettings class -- 
2021-02-02 15:47:04,266 - INITIAL EPHEMERIS YEAR: 1977
2021-02-02 15:47:04,266 - INITIAL EPHEMERIS TIME: -7.25825e+08
2021-02-02 15:47:04,266 - ====================Propagating==========================
2021-02-02 15:47:04,266 - Dependent variables being saved, output vectors contain: 
2021-02-02 15:47:04,266 - Vector entry, Vector contents
2021-02-02 15:47:04,266 - 0, Kepler elements of Vehicle w.r.t. Sun
2021-02-02 15:47:04,266 - 6, Relative distance of Vehicle w.r.t. Sun
2021-02-02 15:47:04,267 - 7, Single acceleration in inertial frame of type cannonball radiation pressure , acting on Vehicle, exerted by Sun
2021-02-02 15:47:04,279 - ====================Saving Data==========================
2021-02-02 15:47:04,280 - Saving propData
2021-02-02 15:47:04,280 - Saving magneticFieldData
2021-02-02 15:47:04,286 - Ignoring ionosphericData
2021-02-02 15:47:04,286 - Ignoring thrustData
2021-02-02 15:47:04,286 - Ignoring currentData
2021-02-02 15:47:04,286 - Ignoring currentVNVData
2021-02-02 15:47:04,286 - Saving bodyData
2021-02-02 15:47:04,291 - Ignoring dependentVariableData
2021-02-02 15:47:04,292 - Program finished 
