2021-02-12 05:42:33,163 - Ignoring file: testVariablesIntegratorGA.json
2021-02-12 05:42:33,163 - Ignoring file: testVariablesIntegratorGA_Reference.json
2021-02-12 05:42:33,163 - Ignoring file: testVariablesIntegratorInner.json
2021-02-12 05:42:33,163 - Ignoring file: testVariablesIntegratorInner_Reference.json
2021-02-12 05:42:33,163 - Ignoring file: testVariablesParkerReferenceVnV.json
2021-02-12 05:42:33,163 - Ignoring file: testVariablesParkerReferenceVnV_BACKUP.json
2021-02-12 05:42:33,163 - Ignoring file: testVariablesParkerVnV.json
2021-02-12 05:42:33,163 - Ignoring file: testVariablesParkerVnV_BACKUP.json
2021-02-12 05:42:33,163 - Ignoring file: testVariablesSRPNominalVnV.json
2021-02-12 05:42:33,163 - Ignoring file: testVariablesSRPZeroAreaVnV.json
2021-02-12 05:42:33,164 - 

Running application application_simulation_SSO-CHB, with json testVariablesCurrentVnV_1a.json

2021-02-12 05:42:33,169 - ===============Loading Variables From File==================
2021-02-12 05:42:33,169 - ===============Prepping Sim==================
2021-02-12 05:42:33,169 -  -- Loading spice kernels -- 
2021-02-12 05:42:33,198 -  -- Creating environment class -- 
2021-02-12 05:42:33,198 - B0 for year 2001.3 : 7.26651
2021-02-12 05:42:33,198 -  -- Creating Config class -- 
2021-02-12 05:42:33,198 -  -- Creating Guidance class -- 
2021-02-12 05:42:33,198 - Updating guidance settings
2021-02-12 05:42:33,198 -  -- Creating Propbodies class -- 
2021-02-12 05:42:33,198 - Using bodies: 
2021-02-12 05:42:33,198 - Sun
2021-02-12 05:42:33,198 - Mercury
2021-02-12 05:42:33,198 - Venus
2021-02-12 05:42:33,198 - Earth
2021-02-12 05:42:33,198 - Mars
2021-02-12 05:42:33,198 - Jupiter
2021-02-12 05:42:33,199 - Saturn
2021-02-12 05:42:33,199 - Uranus
2021-02-12 05:42:33,199 - Neptune
2021-02-12 05:42:33,199 - Effective SRP radiation coefficient of vehicle: 0.5
2021-02-12 05:42:33,199 - Effective SRP reference area of vehicle       : 2.4
2021-02-12 05:42:33,199 - Spacecraft Mass                               : 100
2021-02-12 05:42:33,199 -  -- Creating Propsettings class -- 
2021-02-12 05:42:33,199 - INITIAL EPHEMERIS YEAR: 2000
2021-02-12 05:42:33,199 - INITIAL EPHEMERIS TIME: 0
2021-02-12 05:42:33,199 - ====================Propagating==========================
2021-02-12 05:42:33,199 - Dependent variables being saved, output vectors contain: 
2021-02-12 05:42:33,199 - Vector entry, Vector contents
2021-02-12 05:42:33,199 - 0, Kepler elements of Vehicle w.r.t. Sun
2021-02-12 05:42:33,199 - 6, Relative distance of Vehicle w.r.t. Sun
2021-02-12 05:42:33,199 - 7, Single acceleration in inertial frame of type cannonball radiation pressure , acting on Vehicle, exerted by Sun
2021-02-12 05:42:33,242 - ====================Saving Data==========================
2021-02-12 05:42:33,243 - Saving propData
2021-02-12 05:42:33,244 - Saving magneticFieldData
2021-02-12 05:42:33,247 - Saving ionosphericData
2021-02-12 05:42:33,248 - Saving thrustData
2021-02-12 05:42:33,250 - Saving currentData
2021-02-12 05:42:33,252 - Saving currentVNVData
2021-02-12 05:42:33,254 - Saving bodyData
2021-02-12 05:42:33,257 - Saving dependentVariableData
2021-02-12 05:42:33,257 - Program finished 
2021-02-12 05:42:33,258 - 

Running application application_simulation_SSO-CHB, with json testVariablesCurrentVnV_1b.json

2021-02-12 05:42:33,262 - ===============Loading Variables From File==================
2021-02-12 05:42:33,265 - ===============Prepping Sim==================
2021-02-12 05:42:33,265 -  -- Loading spice kernels -- 
2021-02-12 05:42:33,287 -  -- Creating environment class -- 
2021-02-12 05:42:33,288 - B0 for year 2001.3 : 7.26651
2021-02-12 05:42:33,288 -  -- Creating Config class -- 
2021-02-12 05:42:33,288 -  -- Creating Guidance class -- 
2021-02-12 05:42:33,288 - Updating guidance settings
2021-02-12 05:42:33,288 -  -- Creating Propbodies class -- 
2021-02-12 05:42:33,288 - Using bodies: 
2021-02-12 05:42:33,288 - Sun
2021-02-12 05:42:33,288 - Mercury
2021-02-12 05:42:33,288 - Venus
2021-02-12 05:42:33,288 - Earth
2021-02-12 05:42:33,288 - Mars
2021-02-12 05:42:33,288 - Jupiter
2021-02-12 05:42:33,288 - Saturn
2021-02-12 05:42:33,288 - Uranus
2021-02-12 05:42:33,288 - Neptune
2021-02-12 05:42:33,289 - Effective SRP radiation coefficient of vehicle: 0.5
2021-02-12 05:42:33,289 - Effective SRP reference area of vehicle       : 2.4
2021-02-12 05:42:33,289 - Spacecraft Mass                               : 100
2021-02-12 05:42:33,289 -  -- Creating Propsettings class -- 
2021-02-12 05:42:33,289 - INITIAL EPHEMERIS YEAR: 2000
2021-02-12 05:42:33,289 - INITIAL EPHEMERIS TIME: 0
2021-02-12 05:42:33,289 - ====================Propagating==========================
2021-02-12 05:42:33,289 - Dependent variables being saved, output vectors contain: 
2021-02-12 05:42:33,289 - Vector entry, Vector contents
2021-02-12 05:42:33,289 - 0, Kepler elements of Vehicle w.r.t. Sun
2021-02-12 05:42:33,289 - 6, Relative distance of Vehicle w.r.t. Sun
2021-02-12 05:42:33,289 - 7, Single acceleration in inertial frame of type cannonball radiation pressure , acting on Vehicle, exerted by Sun
2021-02-12 05:42:33,329 - ====================Saving Data==========================
2021-02-12 05:42:33,329 - Saving propData
2021-02-12 05:42:33,329 - Saving magneticFieldData
2021-02-12 05:42:33,332 - Saving ionosphericData
2021-02-12 05:42:33,333 - Saving thrustData
2021-02-12 05:42:33,335 - Saving currentData
2021-02-12 05:42:33,337 - Saving currentVNVData
2021-02-12 05:42:33,340 - Saving bodyData
2021-02-12 05:42:33,342 - Saving dependentVariableData
2021-02-12 05:42:33,342 - Program finished 
2021-02-12 05:42:33,343 - 

Running application application_simulation_SSO-CHB, with json testVariablesCurrentVnV_2a.json

2021-02-12 05:42:33,347 - ===============Loading Variables From File==================
2021-02-12 05:42:33,348 - ===============Prepping Sim==================
2021-02-12 05:42:33,348 -  -- Loading spice kernels -- 
2021-02-12 05:42:33,372 -  -- Creating environment class -- 
2021-02-12 05:42:33,372 - B0 for year 2001.3 : 7.26651
2021-02-12 05:42:33,372 -  -- Creating Config class -- 
2021-02-12 05:42:33,372 -  -- Creating Guidance class -- 
2021-02-12 05:42:33,373 - Updating guidance settings
2021-02-12 05:42:33,373 -  -- Creating Propbodies class -- 
2021-02-12 05:42:33,373 - Using bodies: 
2021-02-12 05:42:33,373 - Sun
2021-02-12 05:42:33,373 - Mercury
2021-02-12 05:42:33,373 - Venus
2021-02-12 05:42:33,373 - Earth
2021-02-12 05:42:33,373 - Mars
2021-02-12 05:42:33,373 - Jupiter
2021-02-12 05:42:33,373 - Saturn
2021-02-12 05:42:33,373 - Uranus
2021-02-12 05:42:33,373 - Neptune
2021-02-12 05:42:33,373 - Effective SRP radiation coefficient of vehicle: 0.5
2021-02-12 05:42:33,373 - Effective SRP reference area of vehicle       : 2.4
2021-02-12 05:42:33,373 - Spacecraft Mass                               : 100
2021-02-12 05:42:33,373 -  -- Creating Propsettings class -- 
2021-02-12 05:42:33,373 - INITIAL EPHEMERIS YEAR: 2000
2021-02-12 05:42:33,373 - INITIAL EPHEMERIS TIME: 0
2021-02-12 05:42:33,373 - ====================Propagating==========================
2021-02-12 05:42:33,373 - Dependent variables being saved, output vectors contain: 
2021-02-12 05:42:33,374 - Vector entry, Vector contents
2021-02-12 05:42:33,374 - 0, Kepler elements of Vehicle w.r.t. Sun
2021-02-12 05:42:33,374 - 6, Relative distance of Vehicle w.r.t. Sun
2021-02-12 05:42:33,374 - 7, Single acceleration in inertial frame of type cannonball radiation pressure , acting on Vehicle, exerted by Sun
2021-02-12 05:42:33,417 - ====================Saving Data==========================
2021-02-12 05:42:33,417 - Saving propData
2021-02-12 05:42:33,418 - Saving magneticFieldData
2021-02-12 05:42:33,421 - Saving ionosphericData
2021-02-12 05:42:33,422 - Saving thrustData
2021-02-12 05:42:33,424 - Saving currentData
2021-02-12 05:42:33,426 - Saving currentVNVData
2021-02-12 05:42:33,429 - Saving bodyData
2021-02-12 05:42:33,432 - Saving dependentVariableData
2021-02-12 05:42:33,433 - Program finished 
