2021-02-02 16:09:12,767 - Ignoring file: testVariablesCurrentVnV_1a.json
2021-02-02 16:09:12,767 - Ignoring file: testVariablesCurrentVnV_1b.json
2021-02-02 16:09:12,767 - Ignoring file: testVariablesCurrentVnV_2a.json
2021-02-02 16:09:12,767 - Ignoring file: testVariablesIntegratorGA.json
2021-02-02 16:09:12,767 - Ignoring file: testVariablesIntegratorGA_Reference.json
2021-02-02 16:09:12,768 - Ignoring file: testVariablesIntegratorInner.json
2021-02-02 16:09:12,768 - Ignoring file: testVariablesIntegratorInner_Reference.json
2021-02-02 16:09:12,768 - Ignoring file: testVariablesParkerReferenceVnV_BACKUP.json
2021-02-02 16:09:12,768 - Ignoring file: testVariablesParkerVnV_BACKUP.json
2021-02-02 16:09:12,768 - Ignoring file: testVariablesSRPNominalVnV.json
2021-02-02 16:09:12,768 - Ignoring file: testVariablesSRPZeroAreaVnV.json
2021-02-02 16:09:12,768 - 

Running application application_simulation_SSO-CHB, with json testVariablesParkerReferenceVnV.json

2021-02-02 16:09:12,772 - ===============Loading Variables From File==================
2021-02-02 16:09:12,773 - ===============Prepping Sim==================
2021-02-02 16:09:12,773 -  -- Loading spice kernels -- 
2021-02-02 16:09:12,797 -  -- Creating environment class -- 
2021-02-02 16:09:12,797 - B0 for year 2001.3 : 5.83456
2021-02-02 16:09:12,797 -  -- Creating Config class -- 
2021-02-02 16:09:12,797 -  -- Creating Guidance class -- 
2021-02-02 16:09:12,798 - Updating guidance settings
2021-02-02 16:09:12,798 -  -- Creating Propbodies class -- 
2021-02-02 16:09:12,798 - Using bodies: 
2021-02-02 16:09:12,798 - Sun
2021-02-02 16:09:12,798 - Effective SRP radiation coefficient of vehicle: 1e-20
2021-02-02 16:09:12,798 - Effective SRP reference area of vehicle       : 2e-20
2021-02-02 16:09:12,798 - Spacecraft Mass                               : 100
2021-02-02 16:09:12,798 -  -- Creating Propsettings class -- 
2021-02-02 16:09:12,798 - INITIAL EPHEMERIS YEAR: 1977
2021-02-02 16:09:12,798 - INITIAL EPHEMERIS TIME: -7.25825e+08
2021-02-02 16:09:12,798 - ====================Propagating==========================
2021-02-02 16:09:12,798 - Dependent variables being saved, output vectors contain: 
2021-02-02 16:09:12,798 - Vector entry, Vector contents
2021-02-02 16:09:12,798 - 0, Kepler elements of Vehicle w.r.t. Sun
2021-02-02 16:09:12,798 - 6, Relative distance of Vehicle w.r.t. Sun
2021-02-02 16:09:12,798 - 7, Single acceleration in inertial frame of type cannonball radiation pressure , acting on Vehicle, exerted by Sun
2021-02-02 16:09:12,821 - ====================Saving Data==========================
2021-02-02 16:09:12,821 - Saving propData
2021-02-02 16:09:12,823 - Saving magneticFieldData
2021-02-02 16:09:12,837 - Ignoring ionosphericData
2021-02-02 16:09:12,837 - Ignoring thrustData
2021-02-02 16:09:12,837 - Ignoring currentData
2021-02-02 16:09:12,837 - Ignoring currentVNVData
2021-02-02 16:09:12,837 - Saving bodyData
2021-02-02 16:09:12,851 - Ignoring dependentVariableData
2021-02-02 16:09:12,851 - Program finished 
2021-02-02 16:09:12,855 - 

Running application application_simulation_SSO-CHB, with json testVariablesParkerVnV.json

2021-02-02 16:09:12,859 - ===============Loading Variables From File==================
2021-02-02 16:09:12,859 - ===============Prepping Sim==================
2021-02-02 16:09:12,859 -  -- Loading spice kernels -- 
2021-02-02 16:09:12,881 -  -- Creating environment class -- 
2021-02-02 16:09:12,881 - B0 for year 2001.3 : 6.97219
2021-02-02 16:09:12,881 -  -- Creating Config class -- 
2021-02-02 16:09:12,881 -  -- Creating Guidance class -- 
2021-02-02 16:09:12,881 - Updating guidance settings
2021-02-02 16:09:12,881 -  -- Creating Propbodies class -- 
2021-02-02 16:09:12,881 - Using bodies: 
2021-02-02 16:09:12,881 - Sun
2021-02-02 16:09:12,881 - Effective SRP radiation coefficient of vehicle: 1e-20
2021-02-02 16:09:12,881 - Effective SRP reference area of vehicle       : 2e-20
2021-02-02 16:09:12,881 - Spacecraft Mass                               : 100
2021-02-02 16:09:12,881 -  -- Creating Propsettings class -- 
2021-02-02 16:09:12,881 - INITIAL EPHEMERIS YEAR: 1977
2021-02-02 16:09:12,881 - INITIAL EPHEMERIS TIME: -7.25825e+08
2021-02-02 16:09:12,881 - ====================Propagating==========================
2021-02-02 16:09:12,881 - Dependent variables being saved, output vectors contain: 
2021-02-02 16:09:12,881 - Vector entry, Vector contents
2021-02-02 16:09:12,882 - 0, Kepler elements of Vehicle w.r.t. Sun
2021-02-02 16:09:12,882 - 6, Relative distance of Vehicle w.r.t. Sun
2021-02-02 16:09:12,882 - 7, Single acceleration in inertial frame of type cannonball radiation pressure , acting on Vehicle, exerted by Sun
2021-02-02 16:09:31,398 - ====================Saving Data==========================
2021-02-02 16:09:31,398 - Saving propData
2021-02-02 16:09:31,978 - Saving magneticFieldData
2021-02-02 16:09:40,105 - Ignoring ionosphericData
2021-02-02 16:09:40,105 - Ignoring thrustData
2021-02-02 16:09:40,105 - Ignoring currentData
2021-02-02 16:09:40,105 - Ignoring currentVNVData
2021-02-02 16:09:40,105 - Saving bodyData
2021-02-02 16:09:48,555 - Ignoring dependentVariableData
2021-02-02 16:09:48,556 - Program finished 
