2021-06-19 14:39:06,661 - 

Running application application_simulation_SSO-CHB, with json testVariablesCurrentVnV_1a.json

2021-06-19 14:39:06,665 - ===============Loaded Variables From File==================
2021-06-19 14:39:06,665 - ===============Prepping Sim==================
2021-06-19 14:39:06,666 -  -- Loading spice kernels -- 
2021-06-19 14:39:06,687 -  -- Creating environment class -- 
2021-06-19 14:39:06,687 -  -- Creating Config class -- 
2021-06-19 14:39:06,687 -  -- Creating Guidance class -- 
2021-06-19 14:39:06,687 -  -- Creating Propbodies class -- 
2021-06-19 14:39:06,688 - Using bodies: 
2021-06-19 14:39:06,688 - Sun, Jupiter, 
2021-06-19 14:39:06,688 -  -- Creating Propsettings class -- 
2021-06-19 14:39:06,688 - ====================Propagating==========================
2021-06-19 14:39:06,702 - ====================Saving Data==========================
2021-06-19 14:39:06,703 - Saving propData
2021-06-19 14:39:06,703 - Saving magneticFieldData
2021-06-19 14:39:06,703 - Saving ionosphericData
2021-06-19 14:39:06,703 - Saving thrustData
2021-06-19 14:39:06,704 - Saving currentData
2021-06-19 14:39:06,704 - Saving currentVNVData
2021-06-19 14:39:06,704 - Saving bodyData
2021-06-19 14:39:06,705 - Saving dependentVariableData
2021-06-19 14:39:06,705 - Saving configInfo
2021-06-19 14:39:06,705 - Task failed successfully
2021-06-19 14:39:06,706 - 

Running application application_simulation_SSO-CHB, with json testVariablesCurrentVnV_1b.json

2021-06-19 14:39:06,711 - ===============Loaded Variables From File==================
2021-06-19 14:39:06,711 - ===============Prepping Sim==================
2021-06-19 14:39:06,711 -  -- Loading spice kernels -- 
2021-06-19 14:39:06,731 -  -- Creating environment class -- 
2021-06-19 14:39:06,732 -  -- Creating Config class -- 
2021-06-19 14:39:06,732 -  -- Creating Guidance class -- 
2021-06-19 14:39:06,732 -  -- Creating Propbodies class -- 
2021-06-19 14:39:06,732 - Using bodies: 
2021-06-19 14:39:06,732 - Sun, Jupiter, 
2021-06-19 14:39:06,732 -  -- Creating Propsettings class -- 
2021-06-19 14:39:06,732 - ====================Propagating==========================
2021-06-19 14:39:06,747 - ====================Saving Data==========================
2021-06-19 14:39:06,747 - Saving propData
2021-06-19 14:39:06,748 - Saving magneticFieldData
2021-06-19 14:39:06,748 - Saving ionosphericData
2021-06-19 14:39:06,748 - Saving thrustData
2021-06-19 14:39:06,748 - Saving currentData
2021-06-19 14:39:06,748 - Saving currentVNVData
2021-06-19 14:39:06,749 - Saving bodyData
2021-06-19 14:39:06,749 - Saving dependentVariableData
2021-06-19 14:39:06,749 - Saving configInfo
2021-06-19 14:39:06,749 - Task failed successfully
2021-06-19 14:39:06,750 - 

Running application application_simulation_SSO-CHB, with json testVariablesCurrentVnV_2a.json

2021-06-19 14:39:06,754 - ===============Loaded Variables From File==================
2021-06-19 14:39:06,754 - ===============Prepping Sim==================
2021-06-19 14:39:06,754 -  -- Loading spice kernels -- 
2021-06-19 14:39:06,776 -  -- Creating environment class -- 
2021-06-19 14:39:06,776 -  -- Creating Config class -- 
2021-06-19 14:39:06,776 -  -- Creating Guidance class -- 
2021-06-19 14:39:06,776 -  -- Creating Propbodies class -- 
2021-06-19 14:39:06,776 - Using bodies: 
2021-06-19 14:39:06,776 - Sun, Jupiter, 
2021-06-19 14:39:06,776 -  -- Creating Propsettings class -- 
2021-06-19 14:39:06,776 - ====================Propagating==========================
2021-06-19 14:39:06,790 - ====================Saving Data==========================
2021-06-19 14:39:06,791 - Saving propData
2021-06-19 14:39:06,791 - Saving magneticFieldData
2021-06-19 14:39:06,791 - Saving ionosphericData
2021-06-19 14:39:06,791 - Saving thrustData
2021-06-19 14:39:06,792 - Saving currentData
2021-06-19 14:39:06,792 - Saving currentVNVData
2021-06-19 14:39:06,792 - Saving bodyData
2021-06-19 14:39:06,792 - Saving dependentVariableData
2021-06-19 14:39:06,793 - Saving configInfo
2021-06-19 14:39:06,793 - Task failed successfully
2021-06-19 14:39:06,794 - 

Running application application_simulation_SSO-CHB, with json testVariablesIntegratorGA.json

2021-06-19 14:39:06,890 - 

Running application application_simulation_SSO-CHB, with json testVariablesIntegratorGA_Reference.json

2021-06-19 14:39:06,994 - 

Running application application_simulation_SSO-CHB, with json testVariablesIntegratorInner.json

2021-06-19 14:39:07,091 - 

Running application application_simulation_SSO-CHB, with json testVariablesIntegratorInner_Reference.json

2021-06-19 14:39:07,192 - 

Running application application_simulation_SSO-CHB, with json testVariablesParkerReferenceVnV.json

2021-06-19 14:39:07,286 - 

Running application application_simulation_SSO-CHB, with json testVariablesParkerVnV.json

2021-06-19 14:39:07,381 - 

Running application application_simulation_SSO-CHB, with json testVariablesSRPNominalVnV.json

2021-06-19 14:39:07,477 - 

Running application application_simulation_SSO-CHB, with json testVariablesSRPZeroAreaVnV.json

