2021-06-19 15:19:15,737 - 

Running application application_simulation_SSO-CHB, with json testVariablesCurrentVnV_1a.json

2021-06-19 15:19:15,781 - Task failed successfully
2021-06-19 15:19:15,782 - 

Running application application_simulation_SSO-CHB, with json testVariablesCurrentVnV_1b.json

2021-06-19 15:19:15,816 - Task failed successfully
2021-06-19 15:19:15,817 - 

Running application application_simulation_SSO-CHB, with json testVariablesCurrentVnV_2a.json

2021-06-19 15:19:15,854 - Task failed successfully
2021-06-19 15:19:15,855 - 

Running application application_simulation_SSO-CHB, with json testVariablesIntegratorGA.json

2021-06-19 15:19:16,043 - 

Running application application_simulation_SSO-CHB, with json testVariablesIntegratorGA_Reference.json

2021-06-19 15:19:16,141 - 

Running application application_simulation_SSO-CHB, with json testVariablesIntegratorInner.json

2021-06-19 15:19:16,281 - 

Running application application_simulation_SSO-CHB, with json testVariablesIntegratorInner_Reference.json

2021-06-19 15:19:16,391 - 

Running application application_simulation_SSO-CHB, with json testVariablesParkerReferenceVnV.json

2021-06-19 15:19:16,491 - 

Running application application_simulation_SSO-CHB, with json testVariablesParkerVnV.json

2021-06-19 15:19:16,591 - 

Running application application_simulation_SSO-CHB, with json testVariablesSRPNominalVnV.json

2021-06-19 15:19:16,694 - 

Running application application_simulation_SSO-CHB, with json testVariablesSRPZeroAreaVnV.json

