2020-12-18 11:44:56,395 - Ignoring file: testVariablesParkerReferenceVnV.json
2020-12-18 11:44:56,395 - Ignoring file: testVariablesParkerVnV.json
2020-12-18 11:44:56,395 - Ignoring file: testVariablesSRPNominalVnV.json
2020-12-18 11:44:56,395 - Ignoring file: testVariablesSRPZeroAreaVnV.json
2020-12-18 11:44:56,395 - 

Running application application_simulation_SSO-CHB, with json testVariablesCurrentVnV_1a.json

2020-12-18 11:44:56,401 - ===============Loading Variables From File==================
2020-12-18 11:44:56,402 - ===============Prepping Sim==================
2020-12-18 11:44:56,402 -  -- Loading spice kernels -- 
2020-12-18 11:44:56,424 -  -- Creating environment class -- 
2020-12-18 11:44:56,424 - B0 for year 2001.3 : 7.26651
2020-12-18 11:44:56,424 -  -- Creating Config class -- 
2020-12-18 11:44:56,424 -  -- Creating Guidance class -- 
2020-12-18 11:44:56,424 - Updating guidance settings
2020-12-18 11:44:56,424 -  -- Creating Propbodies class -- 
2020-12-18 11:44:56,424 - Using bodies: 
2020-12-18 11:44:56,424 - Sun
2020-12-18 11:44:56,424 - Mercury
2020-12-18 11:44:56,424 - Venus
2020-12-18 11:44:56,424 - Earth
2020-12-18 11:44:56,424 - Mars
2020-12-18 11:44:56,424 - Jupiter
2020-12-18 11:44:56,424 - Saturn
2020-12-18 11:44:56,424 - Uranus
2020-12-18 11:44:56,424 - Neptune
2020-12-18 11:44:56,424 - thrust acceleration added to vehicle
2020-12-18 11:44:56,424 - Effective SRP radiation coefficient of vehicle: 0.5
2020-12-18 11:44:56,424 - Effective SRP reference area of vehicle       : 2.4
2020-12-18 11:44:56,424 - Spacecraft Mass                               : 100
2020-12-18 11:44:56,425 -  -- Creating Propsettings class -- 
2020-12-18 11:44:56,539 - 

Running application application_simulation_SSO-CHB, with json testVariablesCurrentVnV_1b.json

2020-12-18 11:44:56,544 - ===============Loading Variables From File==================
2020-12-18 11:44:56,544 - ===============Prepping Sim==================
2020-12-18 11:44:56,544 -  -- Loading spice kernels -- 
2020-12-18 11:44:56,566 -  -- Creating environment class -- 
2020-12-18 11:44:56,566 - B0 for year 2001.3 : 7.26651
2020-12-18 11:44:56,566 -  -- Creating Config class -- 
2020-12-18 11:44:56,566 -  -- Creating Guidance class -- 
2020-12-18 11:44:56,566 - Updating guidance settings
2020-12-18 11:44:56,566 -  -- Creating Propbodies class -- 
2020-12-18 11:44:56,566 - Using bodies: 
2020-12-18 11:44:56,566 - Sun
2020-12-18 11:44:56,566 - Mercury
2020-12-18 11:44:56,566 - Venus
2020-12-18 11:44:56,567 - Earth
2020-12-18 11:44:56,567 - Mars
2020-12-18 11:44:56,567 - Jupiter
2020-12-18 11:44:56,567 - Saturn
2020-12-18 11:44:56,567 - Uranus
2020-12-18 11:44:56,567 - Neptune
2020-12-18 11:44:56,567 - thrust acceleration added to vehicle
2020-12-18 11:44:56,567 - Effective SRP radiation coefficient of vehicle: 0.5
2020-12-18 11:44:56,567 - Effective SRP reference area of vehicle       : 2.4
2020-12-18 11:44:56,567 - Spacecraft Mass                               : 100
2020-12-18 11:44:56,567 -  -- Creating Propsettings class -- 
2020-12-18 11:44:56,662 - 

Running application application_simulation_SSO-CHB, with json testVariablesCurrentVnV_2a.json

2020-12-18 11:44:56,666 - ===============Loading Variables From File==================
2020-12-18 11:44:56,666 - ===============Prepping Sim==================
2020-12-18 11:44:56,666 -  -- Loading spice kernels -- 
2020-12-18 11:44:56,687 -  -- Creating environment class -- 
2020-12-18 11:44:56,687 - B0 for year 2001.3 : 7.26651
2020-12-18 11:44:56,687 -  -- Creating Config class -- 
2020-12-18 11:44:56,687 -  -- Creating Guidance class -- 
2020-12-18 11:44:56,687 - Updating guidance settings
2020-12-18 11:44:56,687 -  -- Creating Propbodies class -- 
2020-12-18 11:44:56,687 - Using bodies: 
2020-12-18 11:44:56,687 - Sun
2020-12-18 11:44:56,687 - Mercury
2020-12-18 11:44:56,687 - Venus
2020-12-18 11:44:56,688 - Earth
2020-12-18 11:44:56,688 - Mars
2020-12-18 11:44:56,688 - Jupiter
2020-12-18 11:44:56,688 - Saturn
2020-12-18 11:44:56,688 - Uranus
2020-12-18 11:44:56,688 - Neptune
2020-12-18 11:44:56,688 - thrust acceleration added to vehicle
2020-12-18 11:44:56,688 - Effective SRP radiation coefficient of vehicle: 0.5
2020-12-18 11:44:56,688 - Effective SRP reference area of vehicle       : 2.4
2020-12-18 11:44:56,688 - Spacecraft Mass                               : 100
2020-12-18 11:44:56,688 -  -- Creating Propsettings class -- 
