2020-11-24 14:56:44,432 - Ignoring file: testVariablesParkerReferenceVnV.json
2020-11-24 14:56:44,436 - Ignoring file: testVariablesParkerVnV.json
2020-11-24 14:56:44,436 - 

Running application application_simulation_SSO-CHB, with json testVariablesSRPNominalVnV.json

2020-11-24 14:56:44,442 - ===============Loading Variables From File==================
2020-11-24 14:56:44,442 - ===============Prepping Sim==================
2020-11-24 14:56:44,442 -  -- Loading spice kernels -- 
2020-11-24 14:56:44,466 -  -- Creating environment class -- 
2020-11-24 14:56:44,467 - B0 for year 2001.3 : 6.97219
2020-11-24 14:56:44,467 -  -- Creating Config class -- 
2020-11-24 14:56:44,467 -  -- Creating Guidance class -- 
2020-11-24 14:56:44,467 -  -- Creating Propbodies class -- 
2020-11-24 14:56:44,467 - Using bodies: 
2020-11-24 14:56:44,467 - Sun
2020-11-24 14:56:44,467 - Effective SRP radiation coefficient of vehicle: 0.5
2020-11-24 14:56:44,467 - Effective SRP reference area of vehicle       : 2.4
2020-11-24 14:56:44,467 - Spacecraft Mass                               : 100
2020-11-24 14:56:44,467 -  -- Creating Propsettings class -- 
2020-11-24 14:56:44,467 - INITIAL EPHEMERIS YEAR: 1977
2020-11-24 14:56:44,467 - INITIAL EPHEMERIS TIME: -7.25825e+08
2020-11-24 14:56:44,467 - ====================Propagating==========================
2020-11-24 14:56:44,467 - Dependent variables being saved, output vectors contain: 
2020-11-24 14:56:44,467 - Vector entry, Vector contents
2020-11-24 14:56:44,467 - 0, Kepler elements of Vehicle w.r.t. Sun
2020-11-24 14:56:44,467 - 6, Relative distance of Vehicle w.r.t. Sun
2020-11-24 14:56:44,467 - 7, Single acceleration in inertial frame of type cannonball radiation pressure , acting on Vehicle, exerted by Sun
2020-11-24 14:56:52,949 - ====================Saving Data==========================
2020-11-24 14:56:52,957 - Saving propData
2020-11-24 14:56:53,247 - Ignoring magneticFieldData
2020-11-24 14:56:53,247 - Ignoring ionosphericData
2020-11-24 14:56:53,247 - Ignoring thrustData
2020-11-24 14:56:53,247 - Ignoring currentData
2020-11-24 14:56:53,247 - Saving bodyData
2020-11-24 14:56:57,247 - Saving dependentVariableData
2020-11-24 14:56:58,213 - 

Running application application_simulation_SSO-CHB, with json testVariablesSRPZeroAreaVnV.json

2020-11-24 14:56:58,220 - ===============Loading Variables From File==================
2020-11-24 14:56:58,220 - ===============Prepping Sim==================
2020-11-24 14:56:58,220 -  -- Loading spice kernels -- 
2020-11-24 14:56:58,247 -  -- Creating environment class -- 
2020-11-24 14:56:58,248 - B0 for year 2001.3 : 6.97219
2020-11-24 14:56:58,248 -  -- Creating Config class -- 
2020-11-24 14:56:58,248 -  -- Creating Guidance class -- 
2020-11-24 14:56:58,248 -  -- Creating Propbodies class -- 
2020-11-24 14:56:58,248 - Using bodies: 
2020-11-24 14:56:58,248 - Sun
2020-11-24 14:56:58,248 - Effective SRP radiation coefficient of vehicle: 0
2020-11-24 14:56:58,248 - Effective SRP reference area of vehicle       : 5.68175e-322
2020-11-24 14:56:58,248 - Spacecraft Mass                               : 100
2020-11-24 14:56:58,248 -  -- Creating Propsettings class -- 
2020-11-24 14:56:58,248 - INITIAL EPHEMERIS YEAR: 1977
2020-11-24 14:56:58,248 - INITIAL EPHEMERIS TIME: -7.25825e+08
2020-11-24 14:56:58,248 - ====================Propagating==========================
2020-11-24 14:56:58,248 - Dependent variables being saved, output vectors contain: 
2020-11-24 14:56:58,248 - Vector entry, Vector contents
2020-11-24 14:56:58,248 - 0, Kepler elements of Vehicle w.r.t. Sun
2020-11-24 14:56:58,248 - 6, Relative distance of Vehicle w.r.t. Sun
2020-11-24 14:56:58,248 - 7, Single acceleration in inertial frame of type cannonball radiation pressure , acting on Vehicle, exerted by Sun
2020-11-24 14:57:07,705 - ====================Saving Data==========================
2020-11-24 14:57:07,712 - Saving propData
2020-11-24 14:57:08,024 - Ignoring magneticFieldData
2020-11-24 14:57:08,024 - Ignoring ionosphericData
2020-11-24 14:57:08,025 - Ignoring thrustData
2020-11-24 14:57:08,025 - Ignoring currentData
2020-11-24 14:57:08,025 - Saving bodyData
2020-11-24 14:57:11,911 - Saving dependentVariableData
