2021-06-20 17:22:00,075 - Ignoring file: testVariablesCurrentVnV_1a.json
2021-06-20 17:22:00,075 - Ignoring file: testVariablesCurrentVnV_1b.json
2021-06-20 17:22:00,075 - Ignoring file: testVariablesCurrentVnV_2a.json
2021-06-20 17:22:00,076 - Ignoring file: testVariablesParkerReferenceVnV.json
2021-06-20 17:22:00,076 - Ignoring file: testVariablesParkerVnV.json
2021-06-20 17:22:00,076 - Ignoring file: testVariablesSRPNominalVnV.json
2021-06-20 17:22:00,076 - Ignoring file: testVariablesSRPZeroAreaVnV.json
2021-06-20 17:22:00,076 - 

Running application application_simulation_SSO-CHB, with json testVariablesIntegratorGA.json

2021-06-20 17:22:00,082 - ===============Loaded Variables From File==================
2021-06-20 17:22:00,082 - ===============Prepping Sim==================
2021-06-20 17:22:00,082 -  -- Loading spice kernels -- 
2021-06-20 17:22:02,247 -  -- Creating environment class -- 
2021-06-20 17:22:02,247 -  -- Creating Config class -- 
2021-06-20 17:22:02,401 - 

Running application application_simulation_SSO-CHB, with json testVariablesIntegratorGA_Reference.json

2021-06-20 17:22:02,598 - 

Running application application_simulation_SSO-CHB, with json testVariablesIntegratorInner.json

2021-06-20 17:22:02,756 - 

Running application application_simulation_SSO-CHB, with json testVariablesIntegratorInner_Reference.json

