2021-02-02 12:37:09,546 - Ignoring file: testVariablesCurrentVnV_1a.json
2021-02-02 12:37:09,546 - Ignoring file: testVariablesCurrentVnV_1b.json
2021-02-02 12:37:09,546 - Ignoring file: testVariablesCurrentVnV_2a.json
2021-02-02 12:37:09,546 - Ignoring file: testVariablesIntegratorGA.json
2021-02-02 12:37:09,546 - Ignoring file: testVariablesIntegratorGA_Reference.json
2021-02-02 12:37:09,546 - Ignoring file: testVariablesIntegratorInner.json
2021-02-02 12:37:09,546 - Ignoring file: testVariablesIntegratorInner_Reference.json
2021-02-02 12:37:09,546 - Ignoring file: testVariablesParkerReferenceVnV_BACKUP.json
2021-02-02 12:37:09,546 - Ignoring file: testVariablesParkerVnV_BACKUP.json
2021-02-02 12:37:09,546 - Ignoring file: testVariablesSRPNominalVnV.json
2021-02-02 12:37:09,546 - Ignoring file: testVariablesSRPZeroAreaVnV.json
2021-02-02 12:37:09,546 - 

Running application application_simulation_SSO-CHB, with json testVariablesParkerReferenceVnV.json

2021-02-02 12:37:09,552 - ===============Loading Variables From File==================
2021-02-02 12:37:09,552 - ===============Prepping Sim==================
2021-02-02 12:37:09,553 -  -- Loading spice kernels -- 
2021-02-02 12:37:09,575 -  -- Creating environment class -- 
2021-02-02 12:37:09,575 - B0 for year 2001.3 : 5.83456
2021-02-02 12:37:09,575 -  -- Creating Config class -- 
2021-02-02 12:37:09,575 -  -- Creating Guidance class -- 
2021-02-02 12:37:09,575 - Updating guidance settings
2021-02-02 12:37:09,575 -  -- Creating Propbodies class -- 
2021-02-02 12:37:09,575 - Using bodies: 
2021-02-02 12:37:09,575 - Sun
2021-02-02 12:37:09,576 - Effective SRP radiation coefficient of vehicle: 1e-20
2021-02-02 12:37:09,576 - Effective SRP reference area of vehicle       : 2e-20
2021-02-02 12:37:09,576 - Spacecraft Mass                               : 100
2021-02-02 12:37:09,576 -  -- Creating Propsettings class -- 
2021-02-02 12:37:09,576 - INITIAL EPHEMERIS YEAR: 1977
2021-02-02 12:37:09,576 - INITIAL EPHEMERIS TIME: -7.25825e+08
2021-02-02 12:37:09,576 - ====================Propagating==========================
2021-02-02 12:37:09,576 - Dependent variables being saved, output vectors contain: 
2021-02-02 12:37:09,576 - Vector entry, Vector contents
2021-02-02 12:37:09,576 - 0, Kepler elements of Vehicle w.r.t. Sun
2021-02-02 12:37:09,576 - 6, Relative distance of Vehicle w.r.t. Sun
2021-02-02 12:37:09,576 - 7, Single acceleration in inertial frame of type cannonball radiation pressure , acting on Vehicle, exerted by Sun
2021-02-02 12:37:09,603 - ====================Saving Data==========================
2021-02-02 12:37:09,603 - Saving propData
2021-02-02 12:37:09,604 - Saving magneticFieldData
2021-02-02 12:37:09,615 - Ignoring ionosphericData
2021-02-02 12:37:09,615 - Ignoring thrustData
2021-02-02 12:37:09,615 - Ignoring currentData
2021-02-02 12:37:09,615 - Ignoring currentVNVData
2021-02-02 12:37:09,615 - Saving bodyData
2021-02-02 12:37:09,627 - Ignoring dependentVariableData
2021-02-02 12:37:09,627 - Program finished 
2021-02-02 12:37:09,629 - 

Running application application_simulation_SSO-CHB, with json testVariablesParkerVnV.json

2021-02-02 12:37:09,635 - ===============Loading Variables From File==================
2021-02-02 12:37:09,635 - ===============Prepping Sim==================
2021-02-02 12:37:09,635 -  -- Loading spice kernels -- 
2021-02-02 12:37:09,663 -  -- Creating environment class -- 
2021-02-02 12:37:09,663 - B0 for year 2001.3 : 6.97219
2021-02-02 12:37:09,663 -  -- Creating Config class -- 
2021-02-02 12:37:09,663 -  -- Creating Guidance class -- 
2021-02-02 12:37:09,663 - Updating guidance settings
2021-02-02 12:37:09,663 -  -- Creating Propbodies class -- 
2021-02-02 12:37:09,663 - Using bodies: 
2021-02-02 12:37:09,663 - Sun
2021-02-02 12:37:09,663 - Effective SRP radiation coefficient of vehicle: 1e-20
2021-02-02 12:37:09,664 - Effective SRP reference area of vehicle       : 2e-20
2021-02-02 12:37:09,664 - Spacecraft Mass                               : 100
2021-02-02 12:37:09,664 -  -- Creating Propsettings class -- 
2021-02-02 12:37:09,664 - INITIAL EPHEMERIS YEAR: 1977
2021-02-02 12:37:09,664 - INITIAL EPHEMERIS TIME: -7.25825e+08
2021-02-02 12:37:09,664 - ====================Propagating==========================
2021-02-02 12:37:09,664 - Dependent variables being saved, output vectors contain: 
2021-02-02 12:37:09,664 - Vector entry, Vector contents
2021-02-02 12:37:09,664 - 0, Kepler elements of Vehicle w.r.t. Sun
2021-02-02 12:37:09,664 - 6, Relative distance of Vehicle w.r.t. Sun
2021-02-02 12:37:09,664 - 7, Single acceleration in inertial frame of type cannonball radiation pressure , acting on Vehicle, exerted by Sun
2021-02-02 12:37:09,684 - ====================Saving Data==========================
2021-02-02 12:37:09,685 - Saving propData
2021-02-02 12:37:09,686 - Saving magneticFieldData
2021-02-02 12:37:09,691 - Ignoring ionosphericData
2021-02-02 12:37:09,691 - Ignoring thrustData
2021-02-02 12:37:09,691 - Ignoring currentData
2021-02-02 12:37:09,691 - Ignoring currentVNVData
2021-02-02 12:37:09,691 - Saving bodyData
2021-02-02 12:37:09,695 - Ignoring dependentVariableData
2021-02-02 12:37:09,695 - Program finished 
