2020-11-24 14:21:45,173 - Ignoring file: testVariablesParkerReferenceVnV.json
2020-11-24 14:21:45,173 - Ignoring file: testVariablesParkerVnV.json
2020-11-24 14:21:45,173 - Running application application_simulation_SSO-CHB, with json testVariablesParkerReferenceVnV.json
2020-11-24 14:21:45,178 - ===============Loading Variables From File==================
2020-11-24 14:21:45,178 - ===============Prepping Sim==================
2020-11-24 14:21:45,178 -  -- Loading spice kernels -- 
2020-11-24 14:21:45,205 -  -- Creating environment class -- 
2020-11-24 14:21:45,205 - B0 for year 2001.3 : 6.97219
2020-11-24 14:21:45,205 -  -- Creating Config class -- 
2020-11-24 14:21:45,205 -  -- Creating Guidance class -- 
2020-11-24 14:21:45,205 -  -- Creating Propbodies class -- 
2020-11-24 14:21:45,205 - Using bodies: 
2020-11-24 14:21:45,205 - Sun
2020-11-24 14:21:45,205 - MEMEMEM: -1
2020-11-24 14:21:45,205 -  -- Creating Propsettings class -- 
2020-11-24 14:21:45,205 - INITIAL EPHEMERIS YEAR: 1977
2020-11-24 14:21:45,205 - INITIAL EPHEMERIS TIME: -7.25825e+08
2020-11-24 14:21:45,205 - ====================Propagating==========================
2020-11-24 14:21:45,205 - Dependent variables being saved, output vectors contain: 
2020-11-24 14:21:45,205 - Vector entry, Vector contents
2020-11-24 14:21:45,205 - 0, Kepler elements of Vehicle w.r.t. Sun
2020-11-24 14:21:45,206 - 6, Relative distance of Vehicle w.r.t. Sun
2020-11-24 14:21:45,206 - 7, Single acceleration in inertial frame of type cannonball radiation pressure , acting on Vehicle, exerted by Sun
2020-11-24 14:22:02,035 - ====================Saving Data==========================
2020-11-24 14:22:02,087 - Saving propData
2020-11-24 14:22:02,685 - Saving magneticFieldData
2020-11-24 14:22:10,654 - Saving ionosphericData
2020-11-24 14:22:14,124 - Saving thrustData
2020-11-24 14:22:22,234 - Saving currentData
2020-11-24 14:22:27,542 - Saving bodyData
2020-11-24 14:22:35,660 - Saving dependentVariableData
2020-11-24 14:22:37,582 - Running application application_simulation_SSO-CHB, with json testVariablesParkerVnV.json
2020-11-24 14:22:37,586 - ===============Loading Variables From File==================
2020-11-24 14:22:37,586 - ===============Prepping Sim==================
2020-11-24 14:22:37,586 -  -- Loading spice kernels -- 
2020-11-24 14:22:37,608 -  -- Creating environment class -- 
2020-11-24 14:22:37,608 - B0 for year 2001.3 : 6.97219
2020-11-24 14:22:37,608 -  -- Creating Config class -- 
2020-11-24 14:22:37,608 -  -- Creating Guidance class -- 
2020-11-24 14:22:37,608 -  -- Creating Propbodies class -- 
2020-11-24 14:22:37,608 - Using bodies: 
2020-11-24 14:22:37,608 - Sun
2020-11-24 14:22:37,608 - MEMEMEM: -1
2020-11-24 14:22:37,609 -  -- Creating Propsettings class -- 
2020-11-24 14:22:37,609 - INITIAL EPHEMERIS YEAR: 1977
2020-11-24 14:22:37,609 - INITIAL EPHEMERIS TIME: -7.25825e+08
2020-11-24 14:22:37,609 - ====================Propagating==========================
2020-11-24 14:22:37,609 - Dependent variables being saved, output vectors contain: 
2020-11-24 14:22:37,609 - Vector entry, Vector contents
2020-11-24 14:22:37,609 - 0, Kepler elements of Vehicle w.r.t. Sun
2020-11-24 14:22:37,609 - 6, Relative distance of Vehicle w.r.t. Sun
2020-11-24 14:22:37,609 - 7, Single acceleration in inertial frame of type cannonball radiation pressure , acting on Vehicle, exerted by Sun
2020-11-24 14:22:55,105 - ====================Saving Data==========================
2020-11-24 14:22:55,162 - Saving propData
2020-11-24 14:22:55,786 - Saving magneticFieldData
2020-11-24 14:23:04,202 - Saving ionosphericData
2020-11-24 14:23:08,014 - Saving thrustData
2020-11-24 14:23:16,508 - Saving currentData
2020-11-24 14:23:22,467 - Saving bodyData
2020-11-24 14:23:30,659 - Saving dependentVariableData
