2021-02-02 16:09:01,577 - Ignoring file: testVariablesCurrentVnV_1a.json
2021-02-02 16:09:01,577 - Ignoring file: testVariablesCurrentVnV_1b.json
2021-02-02 16:09:01,577 - Ignoring file: testVariablesCurrentVnV_2a.json
2021-02-02 16:09:01,577 - Ignoring file: testVariablesIntegratorGA.json
2021-02-02 16:09:01,577 - Ignoring file: testVariablesIntegratorGA_Reference.json
2021-02-02 16:09:01,577 - Ignoring file: testVariablesIntegratorInner.json
2021-02-02 16:09:01,577 - Ignoring file: testVariablesIntegratorInner_Reference.json
2021-02-02 16:09:01,577 - Ignoring file: testVariablesParkerReferenceVnV_BACKUP.json
2021-02-02 16:09:01,577 - Ignoring file: testVariablesParkerVnV_BACKUP.json
2021-02-02 16:09:01,578 - Ignoring file: testVariablesSRPNominalVnV.json
2021-02-02 16:09:01,578 - Ignoring file: testVariablesSRPZeroAreaVnV.json
2021-02-02 16:09:01,578 - 

Running application application_simulation_SSO-CHB, with json testVariablesParkerReferenceVnV.json

2021-02-02 16:09:01,582 - ===============Loading Variables From File==================
2021-02-02 16:09:01,583 - ===============Prepping Sim==================
2021-02-02 16:09:01,583 -  -- Loading spice kernels -- 
2021-02-02 16:09:01,605 -  -- Creating environment class -- 
2021-02-02 16:09:01,605 - B0 for year 2001.3 : 5.83456
2021-02-02 16:09:01,605 -  -- Creating Config class -- 
2021-02-02 16:09:01,605 -  -- Creating Guidance class -- 
2021-02-02 16:09:01,606 - Updating guidance settings
2021-02-02 16:09:01,606 -  -- Creating Propbodies class -- 
2021-02-02 16:09:01,606 - Using bodies: 
2021-02-02 16:09:01,606 - Sun
2021-02-02 16:09:01,606 - Effective SRP radiation coefficient of vehicle: 1e-20
2021-02-02 16:09:01,606 - Effective SRP reference area of vehicle       : 2e-20
2021-02-02 16:09:01,606 - Spacecraft Mass                               : 100
2021-02-02 16:09:01,606 -  -- Creating Propsettings class -- 
2021-02-02 16:09:01,606 - INITIAL EPHEMERIS YEAR: 1977
2021-02-02 16:09:01,606 - INITIAL EPHEMERIS TIME: -7.25825e+08
2021-02-02 16:09:01,606 - ====================Propagating==========================
2021-02-02 16:09:01,606 - Dependent variables being saved, output vectors contain: 
2021-02-02 16:09:01,606 - Vector entry, Vector contents
2021-02-02 16:09:01,606 - 0, Kepler elements of Vehicle w.r.t. Sun
2021-02-02 16:09:01,606 - 6, Relative distance of Vehicle w.r.t. Sun
2021-02-02 16:09:01,606 - 7, Single acceleration in inertial frame of type cannonball radiation pressure , acting on Vehicle, exerted by Sun
2021-02-02 16:09:01,628 - ====================Saving Data==========================
2021-02-02 16:09:01,628 - Saving propData
2021-02-02 16:09:01,629 - Saving magneticFieldData
2021-02-02 16:09:01,641 - Ignoring ionosphericData
2021-02-02 16:09:01,641 - Ignoring thrustData
2021-02-02 16:09:01,641 - Ignoring currentData
2021-02-02 16:09:01,641 - Ignoring currentVNVData
2021-02-02 16:09:01,641 - Saving bodyData
2021-02-02 16:09:01,651 - Ignoring dependentVariableData
2021-02-02 16:09:01,651 - Program finished 
2021-02-02 16:09:01,654 - 

Running application application_simulation_SSO-CHB, with json testVariablesParkerVnV.json

2021-02-02 16:09:01,660 - ===============Loading Variables From File==================
