2021-02-02 12:35:04,315 - Ignoring file: testVariablesCurrentVnV_1a.json
2021-02-02 12:35:04,315 - Ignoring file: testVariablesCurrentVnV_1b.json
2021-02-02 12:35:04,315 - Ignoring file: testVariablesCurrentVnV_2a.json
2021-02-02 12:35:04,315 - Ignoring file: testVariablesIntegratorGA.json
2021-02-02 12:35:04,315 - Ignoring file: testVariablesIntegratorGA_Reference.json
2021-02-02 12:35:04,315 - Ignoring file: testVariablesIntegratorInner.json
2021-02-02 12:35:04,315 - Ignoring file: testVariablesIntegratorInner_Reference.json
2021-02-02 12:35:04,315 - Ignoring file: testVariablesParkerReferenceVnV_BACKUP.json
2021-02-02 12:35:04,315 - Ignoring file: testVariablesParkerVnV_BACKUP.json
2021-02-02 12:35:04,315 - Ignoring file: testVariablesSRPNominalVnV.json
2021-02-02 12:35:04,315 - Ignoring file: testVariablesSRPZeroAreaVnV.json
2021-02-02 12:35:04,315 - 

Running application application_simulation_SSO-CHB, with json testVariablesParkerReferenceVnV.json

2021-02-02 12:35:04,320 - ===============Loading Variables From File==================
2021-02-02 12:35:04,320 - ===============Prepping Sim==================
2021-02-02 12:35:04,320 -  -- Loading spice kernels -- 
2021-02-02 12:35:04,341 -  -- Creating environment class -- 
2021-02-02 12:35:04,342 - B0 for year 2001.3 : 5.83456
2021-02-02 12:35:04,342 -  -- Creating Config class -- 
2021-02-02 12:35:04,342 -  -- Creating Guidance class -- 
2021-02-02 12:35:04,342 - Updating guidance settings
2021-02-02 12:35:04,342 -  -- Creating Propbodies class -- 
2021-02-02 12:35:04,342 - Using bodies: 
2021-02-02 12:35:04,342 - Sun
2021-02-02 12:35:04,342 - Effective SRP radiation coefficient of vehicle: -nan
2021-02-02 12:35:04,342 - Effective SRP reference area of vehicle       : 0
2021-02-02 12:35:04,342 - Spacecraft Mass                               : 100
2021-02-02 12:35:04,342 -  -- Creating Propsettings class -- 
2021-02-02 12:35:04,342 - INITIAL EPHEMERIS YEAR: 1977
2021-02-02 12:35:04,342 - INITIAL EPHEMERIS TIME: -7.25825e+08
2021-02-02 12:35:04,342 - ====================Propagating==========================
2021-02-02 12:35:04,342 - Dependent variables being saved, output vectors contain: 
2021-02-02 12:35:04,342 - Vector entry, Vector contents
2021-02-02 12:35:04,343 - 0, Kepler elements of Vehicle w.r.t. Sun
2021-02-02 12:35:04,343 - 6, Relative distance of Vehicle w.r.t. Sun
2021-02-02 12:35:04,343 - 7, Single acceleration in inertial frame of type cannonball radiation pressure , acting on Vehicle, exerted by Sun
2021-02-02 12:35:04,343 -  
2021-02-02 12:35:04,343 - ================================================================================
2021-02-02 12:35:04,343 -  
2021-02-02 12:35:04,343 - Toolkit version: N0066
2021-02-02 12:35:04,343 -  
2021-02-02 12:35:04,343 - SPICE(DAFNEGADDR) --
2021-02-02 12:35:04,343 -  
2021-02-02 12:35:04,343 - Negative value for BEGIN address: -2141631875
2021-02-02 12:35:04,343 -  
2021-02-02 12:35:04,343 - A traceback follows.  The name of the highest level module is first.
2021-02-02 12:35:04,343 - spkezr_c --> SPKEZR --> SPKEZ --> SPKACS --> SPKAPS --> SPKLTC --> SPKGEO -->
2021-02-02 12:35:04,343 - SPKPVN --> SPKR02 --> DAFGDA
2021-02-02 12:35:04,343 -  
2021-02-02 12:35:04,344 - Oh, by the way:  The SPICELIB error handling actions are USER-TAILORABLE.  You
2021-02-02 12:35:04,344 - can choose whether the Toolkit aborts or continues when errors occur, which
2021-02-02 12:35:04,344 - error messages to output, and where to send the output.  Please read the ERROR
2021-02-02 12:35:04,344 - "Required Reading" file, or see the routines ERRACT, ERRDEV, and ERRPRT.
2021-02-02 12:35:04,344 -  
2021-02-02 12:35:04,344 - ================================================================================
2021-02-02 12:35:04,344 - 

Running application application_simulation_SSO-CHB, with json testVariablesParkerVnV.json

2021-02-02 12:35:04,349 - ===============Loading Variables From File==================
2021-02-02 12:35:04,349 - ===============Prepping Sim==================
2021-02-02 12:35:04,349 -  -- Loading spice kernels -- 
2021-02-02 12:35:04,371 -  -- Creating environment class -- 
2021-02-02 12:35:04,371 - B0 for year 2001.3 : 6.97219
2021-02-02 12:35:04,371 -  -- Creating Config class -- 
2021-02-02 12:35:04,371 -  -- Creating Guidance class -- 
2021-02-02 12:35:04,372 - Updating guidance settings
2021-02-02 12:35:04,372 -  -- Creating Propbodies class -- 
2021-02-02 12:35:04,372 - Using bodies: 
2021-02-02 12:35:04,372 - Sun
2021-02-02 12:35:04,372 - Effective SRP radiation coefficient of vehicle: -nan
2021-02-02 12:35:04,372 - Effective SRP reference area of vehicle       : 0
2021-02-02 12:35:04,372 - Spacecraft Mass                               : 100
2021-02-02 12:35:04,372 -  -- Creating Propsettings class -- 
2021-02-02 12:35:04,372 - INITIAL EPHEMERIS YEAR: 1977
2021-02-02 12:35:04,372 - INITIAL EPHEMERIS TIME: -7.25825e+08
2021-02-02 12:35:04,372 - ====================Propagating==========================
2021-02-02 12:35:04,372 - Dependent variables being saved, output vectors contain: 
2021-02-02 12:35:04,372 - Vector entry, Vector contents
2021-02-02 12:35:04,372 - 0, Kepler elements of Vehicle w.r.t. Sun
2021-02-02 12:35:04,372 - 6, Relative distance of Vehicle w.r.t. Sun
2021-02-02 12:35:04,373 - 7, Single acceleration in inertial frame of type cannonball radiation pressure , acting on Vehicle, exerted by Sun
2021-02-02 12:35:04,373 -  
2021-02-02 12:35:04,373 - ================================================================================
2021-02-02 12:35:04,373 -  
2021-02-02 12:35:04,373 - Toolkit version: N0066
2021-02-02 12:35:04,373 -  
2021-02-02 12:35:04,373 - SPICE(DAFNEGADDR) --
2021-02-02 12:35:04,373 -  
2021-02-02 12:35:04,373 - Negative value for BEGIN address: -2141631875
2021-02-02 12:35:04,373 -  
2021-02-02 12:35:04,373 - A traceback follows.  The name of the highest level module is first.
2021-02-02 12:35:04,373 - spkezr_c --> SPKEZR --> SPKEZ --> SPKACS --> SPKAPS --> SPKLTC --> SPKGEO -->
2021-02-02 12:35:04,373 - SPKPVN --> SPKR02 --> DAFGDA
2021-02-02 12:35:04,373 -  
2021-02-02 12:35:04,373 - Oh, by the way:  The SPICELIB error handling actions are USER-TAILORABLE.  You
2021-02-02 12:35:04,373 - can choose whether the Toolkit aborts or continues when errors occur, which
2021-02-02 12:35:04,373 - error messages to output, and where to send the output.  Please read the ERROR
2021-02-02 12:35:04,373 - "Required Reading" file, or see the routines ERRACT, ERRDEV, and ERRPRT.
2021-02-02 12:35:04,373 -  
2021-02-02 12:35:04,373 - ================================================================================
