2021-02-02 12:33:09,878 - Ignoring file: testVariablesCurrentVnV_1a.json
2021-02-02 12:33:09,878 - Ignoring file: testVariablesCurrentVnV_1b.json
2021-02-02 12:33:09,879 - Ignoring file: testVariablesCurrentVnV_2a.json
2021-02-02 12:33:09,879 - Ignoring file: testVariablesIntegratorGA.json
2021-02-02 12:33:09,879 - Ignoring file: testVariablesIntegratorGA_Reference.json
2021-02-02 12:33:09,879 - Ignoring file: testVariablesIntegratorInner.json
2021-02-02 12:33:09,879 - Ignoring file: testVariablesIntegratorInner_Reference.json
2021-02-02 12:33:09,879 - Ignoring file: testVariablesSRPNominalVnV.json
2021-02-02 12:33:09,879 - Ignoring file: testVariablesSRPZeroAreaVnV.json
2021-02-02 12:33:09,879 - 

Running application application_simulation_SSO-CHB, with json testVariablesParkerReferenceVnV.json

2021-02-02 12:33:09,883 - ===============Loading Variables From File==================
2021-02-02 12:33:09,884 - ===============Prepping Sim==================
2021-02-02 12:33:09,884 -  -- Loading spice kernels -- 
2021-02-02 12:33:09,905 -  -- Creating environment class -- 
2021-02-02 12:33:09,905 - B0 for year 2001.3 : 5.83456
2021-02-02 12:33:09,905 -  -- Creating Config class -- 
2021-02-02 12:33:09,905 -  -- Creating Guidance class -- 
2021-02-02 12:33:09,905 - Updating guidance settings
2021-02-02 12:33:09,905 -  -- Creating Propbodies class -- 
2021-02-02 12:33:09,905 - Using bodies: 
2021-02-02 12:33:09,905 - Sun
2021-02-02 12:33:09,917 - Effective SRP radiation coefficient of vehicle: -nan
2021-02-02 12:33:09,917 - Effective SRP reference area of vehicle       : 0
2021-02-02 12:33:09,917 - Spacecraft Mass                               : 100
2021-02-02 12:33:09,918 -  -- Creating Propsettings class -- 
2021-02-02 12:33:09,921 - INITIAL EPHEMERIS YEAR: 1977
2021-02-02 12:33:09,921 - INITIAL EPHEMERIS TIME: -7.25825e+08
2021-02-02 12:33:09,921 - ====================Propagating==========================
2021-02-02 12:33:09,938 - Dependent variables being saved, output vectors contain: 
2021-02-02 12:33:09,938 - Vector entry, Vector contents
2021-02-02 12:33:09,938 - 0, Kepler elements of Vehicle w.r.t. Sun
2021-02-02 12:33:09,938 - 6, Relative distance of Vehicle w.r.t. Sun
2021-02-02 12:33:09,938 - 7, Single acceleration in inertial frame of type cannonball radiation pressure , acting on Vehicle, exerted by Sun
2021-02-02 12:33:09,941 -  
2021-02-02 12:33:09,942 - ================================================================================
2021-02-02 12:33:09,942 -  
2021-02-02 12:33:09,942 - Toolkit version: N0066
2021-02-02 12:33:09,942 -  
2021-02-02 12:33:09,942 - SPICE(DAFNEGADDR) --
2021-02-02 12:33:09,942 -  
2021-02-02 12:33:09,942 - Negative value for BEGIN address: -2141631875
2021-02-02 12:33:09,942 -  
2021-02-02 12:33:09,942 - A traceback follows.  The name of the highest level module is first.
2021-02-02 12:33:09,942 - spkezr_c --> SPKEZR --> SPKEZ --> SPKACS --> SPKAPS --> SPKLTC --> SPKGEO -->
2021-02-02 12:33:09,942 - SPKPVN --> SPKR02 --> DAFGDA
2021-02-02 12:33:09,942 -  
2021-02-02 12:33:09,942 - Oh, by the way:  The SPICELIB error handling actions are USER-TAILORABLE.  You
2021-02-02 12:33:09,942 - can choose whether the Toolkit aborts or continues when errors occur, which
2021-02-02 12:33:09,942 - error messages to output, and where to send the output.  Please read the ERROR
2021-02-02 12:33:09,942 - "Required Reading" file, or see the routines ERRACT, ERRDEV, and ERRPRT.
2021-02-02 12:33:09,942 -  
2021-02-02 12:33:09,942 - ================================================================================
2021-02-02 12:33:09,942 - 

Running application application_simulation_SSO-CHB, with json testVariablesParkerReferenceVnV_BACKUP.json

2021-02-02 12:33:09,947 - ===============Loading Variables From File==================
2021-02-02 12:33:09,947 - ===============Prepping Sim==================
2021-02-02 12:33:09,947 -  -- Loading spice kernels -- 
2021-02-02 12:33:09,968 -  -- Creating environment class -- 
2021-02-02 12:33:09,968 - B0 for year 2001.3 : 5.83456
2021-02-02 12:33:10,053 - 

Running application application_simulation_SSO-CHB, with json testVariablesParkerVnV.json

2021-02-02 12:33:10,057 - ===============Loading Variables From File==================
2021-02-02 12:33:10,057 - ===============Prepping Sim==================
2021-02-02 12:33:10,057 -  -- Loading spice kernels -- 
2021-02-02 12:33:10,080 -  -- Creating environment class -- 
2021-02-02 12:33:10,080 - B0 for year 2001.3 : 6.97219
2021-02-02 12:33:10,080 -  -- Creating Config class -- 
2021-02-02 12:33:10,080 -  -- Creating Guidance class -- 
2021-02-02 12:33:10,080 - Updating guidance settings
2021-02-02 12:33:10,080 -  -- Creating Propbodies class -- 
2021-02-02 12:33:10,080 - Using bodies: 
2021-02-02 12:33:10,080 - Sun
2021-02-02 12:33:10,080 - Effective SRP radiation coefficient of vehicle: -nan
2021-02-02 12:33:10,080 - Effective SRP reference area of vehicle       : 0
2021-02-02 12:33:10,080 - Spacecraft Mass                               : 100
2021-02-02 12:33:10,080 -  -- Creating Propsettings class -- 
2021-02-02 12:33:10,080 - INITIAL EPHEMERIS YEAR: 1977
2021-02-02 12:33:10,080 - INITIAL EPHEMERIS TIME: -7.25825e+08
2021-02-02 12:33:10,081 - ====================Propagating==========================
2021-02-02 12:33:10,081 - Dependent variables being saved, output vectors contain: 
2021-02-02 12:33:10,081 - Vector entry, Vector contents
2021-02-02 12:33:10,081 - 0, Kepler elements of Vehicle w.r.t. Sun
2021-02-02 12:33:10,081 - 6, Relative distance of Vehicle w.r.t. Sun
2021-02-02 12:33:10,081 - 7, Single acceleration in inertial frame of type cannonball radiation pressure , acting on Vehicle, exerted by Sun
2021-02-02 12:33:10,081 -  
2021-02-02 12:33:10,081 - ================================================================================
2021-02-02 12:33:10,081 -  
2021-02-02 12:33:10,081 - Toolkit version: N0066
2021-02-02 12:33:10,081 -  
2021-02-02 12:33:10,081 - SPICE(DAFNEGADDR) --
2021-02-02 12:33:10,081 -  
2021-02-02 12:33:10,081 - Negative value for BEGIN address: -2141631875
2021-02-02 12:33:10,081 -  
2021-02-02 12:33:10,082 - A traceback follows.  The name of the highest level module is first.
2021-02-02 12:33:10,082 - spkezr_c --> SPKEZR --> SPKEZ --> SPKACS --> SPKAPS --> SPKLTC --> SPKGEO -->
2021-02-02 12:33:10,082 - SPKPVN --> SPKR02 --> DAFGDA
2021-02-02 12:33:10,082 -  
2021-02-02 12:33:10,082 - Oh, by the way:  The SPICELIB error handling actions are USER-TAILORABLE.  You
2021-02-02 12:33:10,082 - can choose whether the Toolkit aborts or continues when errors occur, which
2021-02-02 12:33:10,082 - error messages to output, and where to send the output.  Please read the ERROR
2021-02-02 12:33:10,082 - "Required Reading" file, or see the routines ERRACT, ERRDEV, and ERRPRT.
2021-02-02 12:33:10,082 -  
2021-02-02 12:33:10,082 - ================================================================================
2021-02-02 12:33:10,082 - 

Running application application_simulation_SSO-CHB, with json testVariablesParkerVnV_BACKUP.json

2021-02-02 12:33:10,087 - ===============Loading Variables From File==================
2021-02-02 12:33:10,087 - ===============Prepping Sim==================
2021-02-02 12:33:10,088 -  -- Loading spice kernels -- 
2021-02-02 12:33:10,110 -  -- Creating environment class -- 
2021-02-02 12:33:10,110 - B0 for year 2001.3 : 6.97219
