2021-06-18 21:02:58,840 - 

Running application application_simulation_SSO-CHB, with json testVariablesCurrentVnV_1a.json

2021-06-18 21:02:58,941 - 

Running application application_simulation_SSO-CHB, with json testVariablesCurrentVnV_1b.json

2021-06-18 21:02:59,036 - 

Running application application_simulation_SSO-CHB, with json testVariablesCurrentVnV_2a.json

2021-06-18 21:02:59,136 - 

Running application application_simulation_SSO-CHB, with json testVariablesIntegratorGA.json

2021-06-18 21:02:59,246 - 

Running application application_simulation_SSO-CHB, with json testVariablesIntegratorGA_Reference.json

2021-06-18 21:02:59,355 - 

Running application application_simulation_SSO-CHB, with json testVariablesIntegratorInner.json

2021-06-18 21:02:59,457 - 

Running application application_simulation_SSO-CHB, with json testVariablesIntegratorInner_Reference.json

2021-06-18 21:02:59,560 - 

Running application application_simulation_SSO-CHB, with json testVariablesParkerReferenceVnV.json

2021-06-18 21:02:59,675 - 

Running application application_simulation_SSO-CHB, with json testVariablesParkerVnV.json

2021-06-18 21:02:59,800 - 

Running application application_simulation_SSO-CHB, with json testVariablesSRPNominalVnV.json

2021-06-18 21:02:59,898 - 

Running application application_simulation_SSO-CHB, with json testVariablesSRPZeroAreaVnV.json

