2021-02-02 12:50:18,933 - Ignoring file: testVariablesCurrentVnV_1a.json
2021-02-02 12:50:18,933 - Ignoring file: testVariablesCurrentVnV_1b.json
2021-02-02 12:50:18,933 - Ignoring file: testVariablesCurrentVnV_2a.json
2021-02-02 12:50:18,933 - Ignoring file: testVariablesIntegratorGA.json
2021-02-02 12:50:18,933 - Ignoring file: testVariablesIntegratorGA_Reference.json
2021-02-02 12:50:18,933 - Ignoring file: testVariablesIntegratorInner.json
2021-02-02 12:50:18,933 - Ignoring file: testVariablesIntegratorInner_Reference.json
2021-02-02 12:50:18,933 - Ignoring file: testVariablesParkerReferenceVnV_BACKUP.json
2021-02-02 12:50:18,933 - Ignoring file: testVariablesParkerVnV_BACKUP.json
2021-02-02 12:50:18,933 - Ignoring file: testVariablesSRPNominalVnV.json
2021-02-02 12:50:18,933 - Ignoring file: testVariablesSRPZeroAreaVnV.json
2021-02-02 12:50:18,934 - 

Running application application_simulation_SSO-CHB, with json testVariablesParkerReferenceVnV.json

2021-02-02 12:50:18,942 - ===============Loading Variables From File==================
2021-02-02 12:50:18,942 - ===============Prepping Sim==================
2021-02-02 12:50:18,942 -  -- Loading spice kernels -- 
2021-02-02 12:50:18,975 -  -- Creating environment class -- 
2021-02-02 12:50:18,975 - B0 for year 2001.3 : 5.83456
2021-02-02 12:50:18,975 -  -- Creating Config class -- 
2021-02-02 12:50:18,976 -  -- Creating Guidance class -- 
2021-02-02 12:50:18,976 - Updating guidance settings
2021-02-02 12:50:18,976 -  -- Creating Propbodies class -- 
2021-02-02 12:50:18,976 - Using bodies: 
2021-02-02 12:50:18,976 - Sun
2021-02-02 12:50:18,976 - Effective SRP radiation coefficient of vehicle: 1e-20
2021-02-02 12:50:18,976 - Effective SRP reference area of vehicle       : 2e-20
2021-02-02 12:50:18,976 - Spacecraft Mass                               : 100
2021-02-02 12:50:18,976 -  -- Creating Propsettings class -- 
2021-02-02 12:50:18,976 - INITIAL EPHEMERIS YEAR: 1977
2021-02-02 12:50:18,976 - INITIAL EPHEMERIS TIME: -7.25825e+08
2021-02-02 12:50:18,976 - ====================Propagating==========================
2021-02-02 12:50:18,976 - Dependent variables being saved, output vectors contain: 
2021-02-02 12:50:18,976 - Vector entry, Vector contents
2021-02-02 12:50:18,977 - 0, Kepler elements of Vehicle w.r.t. Sun
2021-02-02 12:50:18,977 - 6, Relative distance of Vehicle w.r.t. Sun
2021-02-02 12:50:18,977 - 7, Single acceleration in inertial frame of type cannonball radiation pressure , acting on Vehicle, exerted by Sun
2021-02-02 12:50:19,015 - ====================Saving Data==========================
2021-02-02 12:50:19,015 - Saving propData
2021-02-02 12:50:19,015 - Saving magneticFieldData
2021-02-02 12:50:19,031 - Ignoring ionosphericData
2021-02-02 12:50:19,031 - Ignoring thrustData
2021-02-02 12:50:19,031 - Ignoring currentData
2021-02-02 12:50:19,032 - Ignoring currentVNVData
2021-02-02 12:50:19,032 - Saving bodyData
2021-02-02 12:50:19,040 - Ignoring dependentVariableData
2021-02-02 12:50:19,040 - Program finished 
2021-02-02 12:50:19,042 - 

Running application application_simulation_SSO-CHB, with json testVariablesParkerVnV.json

2021-02-02 12:50:19,050 - ===============Loading Variables From File==================
2021-02-02 12:50:19,050 - ===============Prepping Sim==================
2021-02-02 12:50:19,050 -  -- Loading spice kernels -- 
2021-02-02 12:50:19,079 -  -- Creating environment class -- 
2021-02-02 12:50:19,080 - B0 for year 2001.3 : 6.97219
2021-02-02 12:50:19,080 -  -- Creating Config class -- 
2021-02-02 12:50:19,080 -  -- Creating Guidance class -- 
2021-02-02 12:50:19,080 - Updating guidance settings
2021-02-02 12:50:19,080 -  -- Creating Propbodies class -- 
2021-02-02 12:50:19,080 - Using bodies: 
2021-02-02 12:50:19,080 - Sun
2021-02-02 12:50:19,080 - Effective SRP radiation coefficient of vehicle: 1e-20
2021-02-02 12:50:19,080 - Effective SRP reference area of vehicle       : 2e-20
2021-02-02 12:50:19,080 - Spacecraft Mass                               : 100
2021-02-02 12:50:19,080 -  -- Creating Propsettings class -- 
2021-02-02 12:50:19,080 - INITIAL EPHEMERIS YEAR: 1977
2021-02-02 12:50:19,080 - INITIAL EPHEMERIS TIME: -7.25825e+08
2021-02-02 12:50:19,081 - ====================Propagating==========================
2021-02-02 12:50:19,081 - Dependent variables being saved, output vectors contain: 
2021-02-02 12:50:19,081 - Vector entry, Vector contents
2021-02-02 12:50:19,081 - 0, Kepler elements of Vehicle w.r.t. Sun
2021-02-02 12:50:19,081 - 6, Relative distance of Vehicle w.r.t. Sun
2021-02-02 12:50:19,081 - 7, Single acceleration in inertial frame of type cannonball radiation pressure , acting on Vehicle, exerted by Sun
2021-02-02 12:50:19,103 - ====================Saving Data==========================
2021-02-02 12:50:19,103 - Saving propData
2021-02-02 12:50:19,104 - Saving magneticFieldData
2021-02-02 12:50:19,112 - Ignoring ionosphericData
2021-02-02 12:50:19,113 - Ignoring thrustData
2021-02-02 12:50:19,113 - Ignoring currentData
2021-02-02 12:50:19,113 - Ignoring currentVNVData
2021-02-02 12:50:19,113 - Saving bodyData
2021-02-02 12:50:19,119 - Ignoring dependentVariableData
2021-02-02 12:50:19,119 - Program finished 
