2021-02-02 16:10:50,193 - Ignoring file: testVariablesCurrentVnV_1a.json
2021-02-02 16:10:50,193 - Ignoring file: testVariablesCurrentVnV_1b.json
2021-02-02 16:10:50,193 - Ignoring file: testVariablesCurrentVnV_2a.json
2021-02-02 16:10:50,193 - Ignoring file: testVariablesIntegratorGA.json
2021-02-02 16:10:50,193 - Ignoring file: testVariablesIntegratorGA_Reference.json
2021-02-02 16:10:50,193 - Ignoring file: testVariablesIntegratorInner.json
2021-02-02 16:10:50,193 - Ignoring file: testVariablesIntegratorInner_Reference.json
2021-02-02 16:10:50,193 - Ignoring file: testVariablesParkerReferenceVnV_BACKUP.json
2021-02-02 16:10:50,193 - Ignoring file: testVariablesParkerVnV_BACKUP.json
2021-02-02 16:10:50,193 - Ignoring file: testVariablesSRPNominalVnV.json
2021-02-02 16:10:50,193 - Ignoring file: testVariablesSRPZeroAreaVnV.json
2021-02-02 16:10:50,193 - 

Running application application_simulation_SSO-CHB, with json testVariablesParkerReferenceVnV.json

2021-02-02 16:10:50,201 - ===============Loading Variables From File==================
2021-02-02 16:10:50,201 - ===============Prepping Sim==================
2021-02-02 16:10:50,201 -  -- Loading spice kernels -- 
2021-02-02 16:10:50,223 -  -- Creating environment class -- 
2021-02-02 16:10:50,224 - B0 for year 2001.3 : 5.83456
2021-02-02 16:10:50,224 -  -- Creating Config class -- 
2021-02-02 16:10:50,224 -  -- Creating Guidance class -- 
2021-02-02 16:10:50,224 - Updating guidance settings
2021-02-02 16:10:50,224 -  -- Creating Propbodies class -- 
2021-02-02 16:10:50,224 - Using bodies: 
2021-02-02 16:10:50,224 - Sun
2021-02-02 16:10:50,224 - Effective SRP radiation coefficient of vehicle: 1e-20
2021-02-02 16:10:50,224 - Effective SRP reference area of vehicle       : 2e-20
2021-02-02 16:10:50,224 - Spacecraft Mass                               : 100
2021-02-02 16:10:50,224 -  -- Creating Propsettings class -- 
2021-02-02 16:10:50,224 - INITIAL EPHEMERIS YEAR: 1977
2021-02-02 16:10:50,224 - INITIAL EPHEMERIS TIME: -7.25825e+08
2021-02-02 16:10:50,224 - ====================Propagating==========================
2021-02-02 16:10:50,224 - Dependent variables being saved, output vectors contain: 
2021-02-02 16:10:50,224 - Vector entry, Vector contents
2021-02-02 16:10:50,224 - 0, Kepler elements of Vehicle w.r.t. Sun
2021-02-02 16:10:50,224 - 6, Relative distance of Vehicle w.r.t. Sun
2021-02-02 16:10:50,224 - 7, Single acceleration in inertial frame of type cannonball radiation pressure , acting on Vehicle, exerted by Sun
2021-02-02 16:10:50,248 - ====================Saving Data==========================
2021-02-02 16:10:50,248 - Saving propData
2021-02-02 16:10:50,249 - Saving magneticFieldData
2021-02-02 16:10:50,259 - Ignoring ionosphericData
2021-02-02 16:10:50,259 - Ignoring thrustData
2021-02-02 16:10:50,260 - Ignoring currentData
2021-02-02 16:10:50,260 - Ignoring currentVNVData
2021-02-02 16:10:50,260 - Saving bodyData
2021-02-02 16:10:50,269 - Ignoring dependentVariableData
2021-02-02 16:10:50,269 - Program finished 
2021-02-02 16:10:50,271 - 

Running application application_simulation_SSO-CHB, with json testVariablesParkerVnV.json

2021-02-02 16:10:50,275 - ===============Loading Variables From File==================
2021-02-02 16:10:50,275 - ===============Prepping Sim==================
2021-02-02 16:10:50,275 -  -- Loading spice kernels -- 
2021-02-02 16:10:50,297 -  -- Creating environment class -- 
2021-02-02 16:10:50,297 - B0 for year 2001.3 : 6.97219
2021-02-02 16:10:50,297 -  -- Creating Config class -- 
2021-02-02 16:10:50,297 -  -- Creating Guidance class -- 
2021-02-02 16:10:50,297 - Updating guidance settings
2021-02-02 16:10:50,298 -  -- Creating Propbodies class -- 
2021-02-02 16:10:50,298 - Using bodies: 
2021-02-02 16:10:50,298 - Sun
2021-02-02 16:10:50,298 - Effective SRP radiation coefficient of vehicle: 1e-20
2021-02-02 16:10:50,298 - Effective SRP reference area of vehicle       : 2e-20
2021-02-02 16:10:50,298 - Spacecraft Mass                               : 100
2021-02-02 16:10:50,298 -  -- Creating Propsettings class -- 
2021-02-02 16:10:50,298 - INITIAL EPHEMERIS YEAR: 1977
2021-02-02 16:10:50,298 - INITIAL EPHEMERIS TIME: -7.25825e+08
2021-02-02 16:10:50,298 - ====================Propagating==========================
2021-02-02 16:10:50,298 - Dependent variables being saved, output vectors contain: 
2021-02-02 16:10:50,298 - Vector entry, Vector contents
2021-02-02 16:10:50,298 - 0, Kepler elements of Vehicle w.r.t. Sun
2021-02-02 16:10:50,298 - 6, Relative distance of Vehicle w.r.t. Sun
2021-02-02 16:10:50,298 - 7, Single acceleration in inertial frame of type cannonball radiation pressure , acting on Vehicle, exerted by Sun
2021-02-02 16:10:50,322 - ====================Saving Data==========================
2021-02-02 16:10:50,337 - Saving propData
2021-02-02 16:10:50,337 - Saving magneticFieldData
2021-02-02 16:10:50,346 - Ignoring ionosphericData
2021-02-02 16:10:50,346 - Ignoring thrustData
2021-02-02 16:10:50,347 - Ignoring currentData
2021-02-02 16:10:50,347 - Ignoring currentVNVData
2021-02-02 16:10:50,347 - Saving bodyData
2021-02-02 16:10:50,355 - Ignoring dependentVariableData
2021-02-02 16:10:50,355 - Program finished 
