2021-06-21 11:36:47,078 - Ignoring file: testVariablesCurrentVnV_1a.json
2021-06-21 11:36:47,078 - Ignoring file: testVariablesCurrentVnV_1b.json
2021-06-21 11:36:47,078 - Ignoring file: testVariablesCurrentVnV_2a.json
2021-06-21 11:36:47,078 - Ignoring file: testVariablesParkerReferenceVnV.json
2021-06-21 11:36:47,078 - Ignoring file: testVariablesParkerVnV.json
2021-06-21 11:36:47,079 - Ignoring file: testVariablesSRPNominalVnV.json
2021-06-21 11:36:47,079 - Ignoring file: testVariablesSRPZeroAreaVnV.json
2021-06-21 11:36:47,079 - 

Running application application_simulation_SSO-CHB, with json testVariablesIntegratorGA.json

2021-06-21 11:36:47,086 - ===============Loaded Variables From File==================
2021-06-21 11:36:47,086 - ===============Prepping Sim==================
2021-06-21 11:36:47,087 -  -- Loading spice kernels -- 
2021-06-21 11:36:50,059 -  -- Creating environment class -- 
2021-06-21 11:36:50,059 -  -- Creating Config class -- 
2021-06-21 11:36:50,059 - Problems in Config class itself
2021-06-21 11:36:50,060 -  -- Creating Guidance class -- 
2021-06-21 11:36:50,060 -  -- Creating Propbodies class -- 
2021-06-21 11:36:50,060 - Using bodies: 
2021-06-21 11:36:50,060 - Sun, Mercury, Venus, Earth, Mars, Jupiter, Saturn, Uranus, Neptune, 
2021-06-21 11:36:50,060 -  -- Creating Propsettings class -- 
2021-06-21 11:36:50,060 - ====================Propagating==========================
2021-06-21 11:36:50,061 -  
2021-06-21 11:36:50,061 - ================================================================================
2021-06-21 11:36:50,061 -  
2021-06-21 11:36:50,061 - Toolkit version: N0066
2021-06-21 11:36:50,061 -  
2021-06-21 11:36:50,061 - SPICE(NOLOADEDFILES) --
2021-06-21 11:36:50,061 -  
2021-06-21 11:36:50,061 - At least one SPK file needs to be loaded by SPKLEF before beginning a search.
2021-06-21 11:36:50,061 -  
2021-06-21 11:36:50,061 - A traceback follows.  The name of the highest level module is first.
2021-06-21 11:36:50,062 - spkezr_c --> SPKEZR --> SPKEZ --> SPKACS --> SPKAPS --> SPKLTC --> SPKGEO -->
2021-06-21 11:36:50,062 - SPKSFS
2021-06-21 11:36:50,062 -  
2021-06-21 11:36:50,062 - Oh, by the way:  The SPICELIB error handling actions are USER-TAILORABLE.  You
2021-06-21 11:36:50,062 - can choose whether the Toolkit aborts or continues when errors occur, which
2021-06-21 11:36:50,062 - error messages to output, and where to send the output.  Please read the ERROR
2021-06-21 11:36:50,062 - "Required Reading" file, or see the routines ERRACT, ERRDEV, and ERRPRT.
2021-06-21 11:36:50,062 -  
2021-06-21 11:36:50,062 - ================================================================================
2021-06-21 11:36:50,063 - 

Running application application_simulation_SSO-CHB, with json testVariablesIntegratorGA_Reference.json

2021-06-21 11:36:50,383 - 

Running application application_simulation_SSO-CHB, with json testVariablesIntegratorInner.json

2021-06-21 11:36:50,722 - 

Running application application_simulation_SSO-CHB, with json testVariablesIntegratorInner_Reference.json

