2021-06-20 17:28:40,871 - Ignoring file: testVariablesCurrentVnV_1a.json
2021-06-20 17:28:40,872 - Ignoring file: testVariablesCurrentVnV_1b.json
2021-06-20 17:28:40,872 - Ignoring file: testVariablesCurrentVnV_2a.json
2021-06-20 17:28:40,872 - Ignoring file: testVariablesParkerReferenceVnV.json
2021-06-20 17:28:40,872 - Ignoring file: testVariablesParkerVnV.json
2021-06-20 17:28:40,872 - Ignoring file: testVariablesSRPNominalVnV.json
2021-06-20 17:28:40,872 - Ignoring file: testVariablesSRPZeroAreaVnV.json
2021-06-20 17:28:40,872 - 

Running application application_simulation_SSO-CHB, with json testVariablesIntegratorGA.json

2021-06-20 17:28:40,877 - ===============Loaded Variables From File==================
2021-06-20 17:28:40,878 - ===============Prepping Sim==================
2021-06-20 17:28:40,878 -  -- Loading spice kernels -- 
2021-06-20 17:28:42,705 -  -- Creating environment class -- 
2021-06-20 17:28:42,705 -  -- Creating Config class -- 
2021-06-20 17:28:42,854 - 

Running application application_simulation_SSO-CHB, with json testVariablesIntegratorGA_Reference.json

2021-06-20 17:28:43,044 - 

Running application application_simulation_SSO-CHB, with json testVariablesIntegratorInner.json

2021-06-20 17:28:43,202 - 

Running application application_simulation_SSO-CHB, with json testVariablesIntegratorInner_Reference.json

