2020-11-24 14:24:58,898 - Ignoring file: testVariablesParkerReferenceVnV.json
2020-11-24 14:24:58,898 - Ignoring file: testVariablesParkerVnV.json
2020-11-24 14:24:58,898 - 
Running application application_simulation_SSO-CHB, with json testVariablesParkerReferenceVnV.json

2020-11-24 14:24:58,905 - ===============Loading Variables From File==================
2020-11-24 14:24:58,906 - ===============Prepping Sim==================
2020-11-24 14:24:58,906 -  -- Loading spice kernels -- 
2020-11-24 14:24:58,941 -  -- Creating environment class -- 
2020-11-24 14:24:58,941 - B0 for year 2001.3 : 6.97219
2020-11-24 14:24:58,941 -  -- Creating Config class -- 
2020-11-24 14:24:58,941 -  -- Creating Guidance class -- 
2020-11-24 14:24:58,941 -  -- Creating Propbodies class -- 
2020-11-24 14:24:58,941 - Using bodies: 
2020-11-24 14:24:58,941 - Sun
2020-11-24 14:24:58,941 - MEMEMEM: -1
2020-11-24 14:24:58,941 - Effective SRP radiation coefficient of vehicle: 0.5
2020-11-24 14:24:58,941 - Effective SRP reference area of vehicle       : 2.4
2020-11-24 14:24:58,941 -  -- Creating Propsettings class -- 
2020-11-24 14:24:58,941 - INITIAL EPHEMERIS YEAR: 1977
2020-11-24 14:24:58,941 - INITIAL EPHEMERIS TIME: -7.25825e+08
2020-11-24 14:24:58,942 - ====================Propagating==========================
2020-11-24 14:24:58,942 - Dependent variables being saved, output vectors contain: 
2020-11-24 14:24:58,942 - Vector entry, Vector contents
2020-11-24 14:24:58,942 - 0, Kepler elements of Vehicle w.r.t. Sun
2020-11-24 14:24:58,942 - 6, Relative distance of Vehicle w.r.t. Sun
2020-11-24 14:24:58,942 - 7, Single acceleration in inertial frame of type cannonball radiation pressure , acting on Vehicle, exerted by Sun
2020-11-24 14:25:16,068 - ====================Saving Data==========================
2020-11-24 14:25:16,093 - Saving propData
2020-11-24 14:25:16,608 - Saving magneticFieldData
2020-11-24 14:25:24,519 - Ignoring ionosphericData
2020-11-24 14:25:24,519 - Ignoring thrustData
2020-11-24 14:25:24,519 - Ignoring currentData
2020-11-24 14:25:24,519 - Saving bodyData
2020-11-24 14:25:32,560 - Ignoring dependentVariableData
2020-11-24 14:25:33,516 - 
Running application application_simulation_SSO-CHB, with json testVariablesParkerVnV.json

2020-11-24 14:25:33,520 - ===============Loading Variables From File==================
2020-11-24 14:25:33,520 - ===============Prepping Sim==================
2020-11-24 14:25:33,520 -  -- Loading spice kernels -- 
2020-11-24 14:25:33,542 -  -- Creating environment class -- 
2020-11-24 14:25:33,542 - B0 for year 2001.3 : 6.97219
2020-11-24 14:25:33,542 -  -- Creating Config class -- 
2020-11-24 14:25:33,542 -  -- Creating Guidance class -- 
2020-11-24 14:25:33,542 -  -- Creating Propbodies class -- 
2020-11-24 14:25:33,542 - Using bodies: 
2020-11-24 14:25:33,542 - Sun
2020-11-24 14:25:33,542 - MEMEMEM: -1
2020-11-24 14:25:33,542 - Effective SRP radiation coefficient of vehicle: 0
2020-11-24 14:25:33,542 - Effective SRP reference area of vehicle       : 1.87247e-308
2020-11-24 14:25:33,542 -  -- Creating Propsettings class -- 
2020-11-24 14:25:33,542 - INITIAL EPHEMERIS YEAR: 1977
2020-11-24 14:25:33,542 - INITIAL EPHEMERIS TIME: -7.25825e+08
2020-11-24 14:25:33,542 - ====================Propagating==========================
2020-11-24 14:25:33,542 - Dependent variables being saved, output vectors contain: 
2020-11-24 14:25:33,542 - Vector entry, Vector contents
2020-11-24 14:25:33,542 - 0, Kepler elements of Vehicle w.r.t. Sun
2020-11-24 14:25:33,542 - 6, Relative distance of Vehicle w.r.t. Sun
2020-11-24 14:25:33,543 - 7, Single acceleration in inertial frame of type cannonball radiation pressure , acting on Vehicle, exerted by Sun
2020-11-24 14:25:50,798 - ====================Saving Data==========================
2020-11-24 14:25:50,828 - Saving propData
2020-11-24 14:25:51,347 - Saving magneticFieldData
2020-11-24 14:25:59,791 - Ignoring ionosphericData
2020-11-24 14:25:59,791 - Ignoring thrustData
2020-11-24 14:25:59,791 - Ignoring currentData
2020-11-24 14:25:59,791 - Saving bodyData
2020-11-24 14:26:07,973 - Ignoring dependentVariableData
