2021-06-19 15:25:37,409 - 

Running application application_simulation_SSO-CHB, with json testVariablesCurrentVnV_1a.json

2021-06-19 15:25:37,446 - Task failed successfully
2021-06-19 15:25:37,447 - 

Running application application_simulation_SSO-CHB, with json testVariablesCurrentVnV_1b.json

2021-06-19 15:25:37,482 - Task failed successfully
2021-06-19 15:25:37,482 - 

Running application application_simulation_SSO-CHB, with json testVariablesCurrentVnV_2a.json

2021-06-19 15:25:37,516 - Task failed successfully
2021-06-19 15:25:37,517 - 

Running application application_simulation_SSO-CHB, with json testVariablesIntegratorGA.json

2021-06-19 15:25:37,639 - 

Running application application_simulation_SSO-CHB, with json testVariablesIntegratorGA_Reference.json

2021-06-19 15:25:37,764 - 

Running application application_simulation_SSO-CHB, with json testVariablesIntegratorInner.json

2021-06-19 15:25:37,868 - 

Running application application_simulation_SSO-CHB, with json testVariablesIntegratorInner_Reference.json

2021-06-19 15:25:37,974 - 

Running application application_simulation_SSO-CHB, with json testVariablesParkerReferenceVnV.json

2021-06-19 15:25:38,071 - 

Running application application_simulation_SSO-CHB, with json testVariablesParkerVnV.json

2021-06-19 15:25:38,171 - 

Running application application_simulation_SSO-CHB, with json testVariablesSRPNominalVnV.json

2021-06-19 15:25:38,272 - 

Running application application_simulation_SSO-CHB, with json testVariablesSRPZeroAreaVnV.json

