2021-02-02 16:19:21,705 - Ignoring file: testVariablesCurrentVnV_1a.json
2021-02-02 16:19:21,706 - Ignoring file: testVariablesCurrentVnV_1b.json
2021-02-02 16:19:21,706 - Ignoring file: testVariablesCurrentVnV_2a.json
2021-02-02 16:19:21,706 - Ignoring file: testVariablesIntegratorGA.json
2021-02-02 16:19:21,706 - Ignoring file: testVariablesIntegratorGA_Reference.json
2021-02-02 16:19:21,706 - Ignoring file: testVariablesIntegratorInner.json
2021-02-02 16:19:21,706 - Ignoring file: testVariablesIntegratorInner_Reference.json
2021-02-02 16:19:21,706 - Ignoring file: testVariablesParkerReferenceVnV_BACKUP.json
2021-02-02 16:19:21,706 - Ignoring file: testVariablesParkerVnV_BACKUP.json
2021-02-02 16:19:21,706 - Ignoring file: testVariablesSRPNominalVnV.json
2021-02-02 16:19:21,706 - Ignoring file: testVariablesSRPZeroAreaVnV.json
2021-02-02 16:19:21,706 - 

Running application application_simulation_SSO-CHB, with json testVariablesParkerReferenceVnV.json

2021-02-02 16:19:21,711 - ===============Loading Variables From File==================
2021-02-02 16:19:21,711 - ===============Prepping Sim==================
2021-02-02 16:19:21,711 -  -- Loading spice kernels -- 
2021-02-02 16:19:21,733 -  -- Creating environment class -- 
2021-02-02 16:19:21,733 - B0 for year 2001.3 : 5.83456
2021-02-02 16:19:21,733 -  -- Creating Config class -- 
2021-02-02 16:19:21,734 -  -- Creating Guidance class -- 
2021-02-02 16:19:21,734 - Updating guidance settings
2021-02-02 16:19:21,734 -  -- Creating Propbodies class -- 
2021-02-02 16:19:21,734 - Using bodies: 
2021-02-02 16:19:21,734 - Sun
2021-02-02 16:19:21,734 - Effective SRP radiation coefficient of vehicle: 1e-20
2021-02-02 16:19:21,734 - Effective SRP reference area of vehicle       : 2e-20
2021-02-02 16:19:21,734 - Spacecraft Mass                               : 100
2021-02-02 16:19:21,734 -  -- Creating Propsettings class -- 
2021-02-02 16:19:21,734 - INITIAL EPHEMERIS YEAR: 1977
2021-02-02 16:19:21,734 - INITIAL EPHEMERIS TIME: -7.25825e+08
2021-02-02 16:19:21,734 - ====================Propagating==========================
2021-02-02 16:19:21,734 - Dependent variables being saved, output vectors contain: 
2021-02-02 16:19:21,734 - Vector entry, Vector contents
2021-02-02 16:19:21,734 - 0, Kepler elements of Vehicle w.r.t. Sun
2021-02-02 16:19:21,734 - 6, Relative distance of Vehicle w.r.t. Sun
2021-02-02 16:19:21,735 - 7, Single acceleration in inertial frame of type cannonball radiation pressure , acting on Vehicle, exerted by Sun
2021-02-02 16:19:21,777 - ====================Saving Data==========================
2021-02-02 16:19:21,777 - Saving propData
2021-02-02 16:19:21,779 - Saving magneticFieldData
2021-02-02 16:19:21,797 - Ignoring ionosphericData
2021-02-02 16:19:21,797 - Ignoring thrustData
2021-02-02 16:19:21,797 - Ignoring currentData
2021-02-02 16:19:21,797 - Ignoring currentVNVData
2021-02-02 16:19:21,797 - Saving bodyData
2021-02-02 16:19:21,814 - Ignoring dependentVariableData
2021-02-02 16:19:21,814 - Program finished 
2021-02-02 16:19:21,816 - 

Running application application_simulation_SSO-CHB, with json testVariablesParkerVnV.json

2021-02-02 16:19:21,819 - ===============Loading Variables From File==================
2021-02-02 16:19:21,819 - ===============Prepping Sim==================
2021-02-02 16:19:21,820 -  -- Loading spice kernels -- 
2021-02-02 16:19:21,840 -  -- Creating environment class -- 
2021-02-02 16:19:21,840 - B0 for year 2001.3 : 6.97219
2021-02-02 16:19:21,840 -  -- Creating Config class -- 
2021-02-02 16:19:21,840 -  -- Creating Guidance class -- 
2021-02-02 16:19:21,840 - Updating guidance settings
2021-02-02 16:19:21,840 -  -- Creating Propbodies class -- 
2021-02-02 16:19:21,840 - Using bodies: 
2021-02-02 16:19:21,840 - Sun
2021-02-02 16:19:21,841 - Mercury
2021-02-02 16:19:21,841 - Venus
2021-02-02 16:19:21,841 - Earth
2021-02-02 16:19:21,841 - Mars
2021-02-02 16:19:21,841 - Jupiter
2021-02-02 16:19:21,841 - Saturn
2021-02-02 16:19:21,841 - Uranus
2021-02-02 16:19:21,841 - Neptune
2021-02-02 16:19:21,841 - Effective SRP radiation coefficient of vehicle: 1e-20
2021-02-02 16:19:21,841 - Effective SRP reference area of vehicle       : 2e-20
2021-02-02 16:19:21,841 - Spacecraft Mass                               : 100
2021-02-02 16:19:21,841 -  -- Creating Propsettings class -- 
2021-02-02 16:19:21,841 - INITIAL EPHEMERIS YEAR: 1977.69
2021-02-02 16:19:21,841 - INITIAL EPHEMERIS TIME: -7.04052e+08
2021-02-02 16:19:21,841 - ====================Propagating==========================
2021-02-02 16:19:21,841 - Dependent variables being saved, output vectors contain: 
2021-02-02 16:19:21,841 - Vector entry, Vector contents
2021-02-02 16:19:21,841 - 0, Kepler elements of Vehicle w.r.t. Sun
2021-02-02 16:19:21,841 - 6, Relative distance of Vehicle w.r.t. Sun
2021-02-02 16:19:21,841 - 7, Single acceleration in inertial frame of type cannonball radiation pressure , acting on Vehicle, exerted by Sun
2021-02-02 16:20:09,972 - ====================Saving Data==========================
2021-02-02 16:20:09,980 - Saving propData
2021-02-02 16:20:10,217 - Saving magneticFieldData
2021-02-02 16:20:13,590 - Ignoring ionosphericData
2021-02-02 16:20:13,591 - Ignoring thrustData
2021-02-02 16:20:13,591 - Ignoring currentData
2021-02-02 16:20:13,591 - Ignoring currentVNVData
2021-02-02 16:20:13,591 - Saving bodyData
2021-02-02 16:20:17,224 - Ignoring dependentVariableData
2021-02-02 16:20:17,225 - Program finished 
