2021-02-02 16:05:24,444 - Ignoring file: testVariablesCurrentVnV_1a.json
2021-02-02 16:05:24,444 - Ignoring file: testVariablesCurrentVnV_1b.json
2021-02-02 16:05:24,444 - Ignoring file: testVariablesCurrentVnV_2a.json
2021-02-02 16:05:24,444 - Ignoring file: testVariablesIntegratorGA.json
2021-02-02 16:05:24,444 - Ignoring file: testVariablesIntegratorGA_Reference.json
2021-02-02 16:05:24,444 - Ignoring file: testVariablesIntegratorInner.json
2021-02-02 16:05:24,444 - Ignoring file: testVariablesIntegratorInner_Reference.json
2021-02-02 16:05:24,444 - Ignoring file: testVariablesParkerReferenceVnV_BACKUP.json
2021-02-02 16:05:24,444 - Ignoring file: testVariablesParkerVnV_BACKUP.json
2021-02-02 16:05:24,444 - Ignoring file: testVariablesSRPNominalVnV.json
2021-02-02 16:05:24,444 - Ignoring file: testVariablesSRPZeroAreaVnV.json
2021-02-02 16:05:24,444 - 

Running application application_simulation_SSO-CHB, with json testVariablesParkerReferenceVnV.json

2021-02-02 16:05:24,458 - ===============Loading Variables From File==================
2021-02-02 16:05:24,458 - ===============Prepping Sim==================
2021-02-02 16:05:24,458 -  -- Loading spice kernels -- 
2021-02-02 16:05:24,488 -  -- Creating environment class -- 
2021-02-02 16:05:24,489 - B0 for year 2001.3 : 5.83456
2021-02-02 16:05:24,489 -  -- Creating Config class -- 
2021-02-02 16:05:24,489 -  -- Creating Guidance class -- 
2021-02-02 16:05:24,489 - Updating guidance settings
2021-02-02 16:05:24,489 -  -- Creating Propbodies class -- 
2021-02-02 16:05:24,489 - Using bodies: 
2021-02-02 16:05:24,489 - Sun
2021-02-02 16:05:24,490 - Effective SRP radiation coefficient of vehicle: 1e-20
2021-02-02 16:05:24,490 - Effective SRP reference area of vehicle       : 2e-20
2021-02-02 16:05:24,490 - Spacecraft Mass                               : 100
2021-02-02 16:05:24,490 -  -- Creating Propsettings class -- 
2021-02-02 16:05:24,490 - INITIAL EPHEMERIS YEAR: 1977
2021-02-02 16:05:24,490 - INITIAL EPHEMERIS TIME: -7.25825e+08
2021-02-02 16:05:24,490 - ====================Propagating==========================
2021-02-02 16:05:24,490 - Dependent variables being saved, output vectors contain: 
2021-02-02 16:05:24,491 - Vector entry, Vector contents
2021-02-02 16:05:24,491 - 0, Kepler elements of Vehicle w.r.t. Sun
2021-02-02 16:05:24,491 - 6, Relative distance of Vehicle w.r.t. Sun
2021-02-02 16:05:24,491 - 7, Single acceleration in inertial frame of type cannonball radiation pressure , acting on Vehicle, exerted by Sun
2021-02-02 16:05:24,529 - ====================Saving Data==========================
2021-02-02 16:05:24,529 - Saving propData
2021-02-02 16:05:24,530 - Saving magneticFieldData
2021-02-02 16:05:24,545 - Ignoring ionosphericData
2021-02-02 16:05:24,546 - Ignoring thrustData
2021-02-02 16:05:24,546 - Ignoring currentData
2021-02-02 16:05:24,546 - Ignoring currentVNVData
2021-02-02 16:05:24,546 - Saving bodyData
2021-02-02 16:05:24,561 - Ignoring dependentVariableData
2021-02-02 16:05:24,561 - Program finished 
2021-02-02 16:05:24,564 - 

Running application application_simulation_SSO-CHB, with json testVariablesParkerVnV.json

2021-02-02 16:05:24,572 - ===============Loading Variables From File==================
2021-02-02 16:05:24,573 - ===============Prepping Sim==================
2021-02-02 16:05:24,573 -  -- Loading spice kernels -- 
2021-02-02 16:05:24,605 -  -- Creating environment class -- 
2021-02-02 16:05:24,605 - B0 for year 2001.3 : 6.97219
2021-02-02 16:05:24,605 -  -- Creating Config class -- 
2021-02-02 16:05:24,605 -  -- Creating Guidance class -- 
2021-02-02 16:05:24,605 - Updating guidance settings
2021-02-02 16:05:24,605 -  -- Creating Propbodies class -- 
2021-02-02 16:05:24,605 - Using bodies: 
2021-02-02 16:05:24,605 - Sun
2021-02-02 16:05:24,605 - Effective SRP radiation coefficient of vehicle: 1e-20
2021-02-02 16:05:24,605 - Effective SRP reference area of vehicle       : 2e-20
2021-02-02 16:05:24,605 - Spacecraft Mass                               : 100
2021-02-02 16:05:24,605 -  -- Creating Propsettings class -- 
2021-02-02 16:05:24,606 - INITIAL EPHEMERIS YEAR: 1977
2021-02-02 16:05:24,606 - INITIAL EPHEMERIS TIME: -7.25825e+08
2021-02-02 16:05:24,606 - ====================Propagating==========================
2021-02-02 16:05:24,606 - Dependent variables being saved, output vectors contain: 
2021-02-02 16:05:24,606 - Vector entry, Vector contents
2021-02-02 16:05:24,606 - 0, Kepler elements of Vehicle w.r.t. Sun
2021-02-02 16:05:24,606 - 6, Relative distance of Vehicle w.r.t. Sun
2021-02-02 16:05:24,606 - 7, Single acceleration in inertial frame of type cannonball radiation pressure , acting on Vehicle, exerted by Sun
