2021-06-21 15:29:50,376 - Ignoring file: testVariablesCurrentVnV_1a.json
2021-06-21 15:29:50,376 - Ignoring file: testVariablesCurrentVnV_1b.json
2021-06-21 15:29:50,376 - Ignoring file: testVariablesCurrentVnV_2a.json
2021-06-21 15:29:50,377 - Ignoring file: testVariablesParkerReferenceVnV.json
2021-06-21 15:29:50,377 - Ignoring file: testVariablesParkerVnV.json
2021-06-21 15:29:50,377 - Ignoring file: testVariablesSRPNominalVnV.json
2021-06-21 15:29:50,377 - Ignoring file: testVariablesSRPZeroAreaVnV.json
2021-06-21 15:29:50,377 - 

Running application application_simulation_SSO-CHB, with json testVariablesIntegratorGA.json

2021-06-21 15:29:50,399 - ===============Loaded Variables From File==================
2021-06-21 15:29:50,400 - ===============Prepping Sim==================
2021-06-21 15:29:50,400 -  -- Loading spice kernels -- 
2021-06-21 15:29:50,400 - /home/matt/Documents/Tudat_bundle/tudatBundle/tudat/Tudat/External/SpiceInterface/Kernels/de430.bsp
2021-06-21 15:29:50,431 -  -- Creating environment class -- 
2021-06-21 15:29:50,431 -  -- Creating Config class -- 
2021-06-21 15:29:50,432 - Problems in Config class itself
2021-06-21 15:29:50,432 -  -- Creating Guidance class -- 
2021-06-21 15:29:50,432 -  -- Creating Propbodies class -- 
2021-06-21 15:29:50,432 - Using bodies: 
2021-06-21 15:29:50,432 - Sun, Mercury, Venus, Earth, Mars, Jupiter, Saturn, Uranus, Neptune, 
2021-06-21 15:29:50,432 -  -- Creating Propsettings class -- 
2021-06-21 15:29:50,433 - ====================Propagating==========================
2021-06-21 15:29:50,434 -  
2021-06-21 15:29:50,434 - ================================================================================
2021-06-21 15:29:50,434 -  
2021-06-21 15:29:50,435 - Toolkit version: N0066
2021-06-21 15:29:50,435 -  
2021-06-21 15:29:50,435 - SPICE(SPKINSUFFDATA) --
2021-06-21 15:29:50,435 -  
2021-06-21 15:29:50,435 - Insufficient ephemeris data has been loaded to compute the state of 10 (SUN)
2021-06-21 15:29:50,435 - relative to 0 (SOLAR SYSTEM BARYCENTER) at the ephemeris epoch 2041 JAN 12
2021-06-21 15:29:50,435 - 15:58:13.793.
2021-06-21 15:29:50,435 -  
2021-06-21 15:29:50,436 - A traceback follows.  The name of the highest level module is first.
2021-06-21 15:29:50,436 - spkezr_c --> SPKEZR --> SPKEZ --> SPKACS --> SPKAPS --> SPKLTC --> SPKGEO
2021-06-21 15:29:50,436 -  
2021-06-21 15:29:50,436 - Oh, by the way:  The SPICELIB error handling actions are USER-TAILORABLE.  You
2021-06-21 15:29:50,436 - can choose whether the Toolkit aborts or continues when errors occur, which
2021-06-21 15:29:50,436 - error messages to output, and where to send the output.  Please read the ERROR
2021-06-21 15:29:50,436 - "Required Reading" file, or see the routines ERRACT, ERRDEV, and ERRPRT.
2021-06-21 15:29:50,436 -  
2021-06-21 15:29:50,437 - ================================================================================
2021-06-21 15:29:50,437 - 

Running application application_simulation_SSO-CHB, with json testVariablesIntegratorGA_Reference.json

2021-06-21 15:29:51,118 - 

Running application application_simulation_SSO-CHB, with json testVariablesIntegratorInner.json

2021-06-21 15:29:51,360 - 

Running application application_simulation_SSO-CHB, with json testVariablesIntegratorInner_Reference.json

