2021-02-02 12:36:49,240 - Ignoring file: testVariablesCurrentVnV_1a.json
2021-02-02 12:36:49,240 - Ignoring file: testVariablesCurrentVnV_1b.json
2021-02-02 12:36:49,240 - Ignoring file: testVariablesCurrentVnV_2a.json
2021-02-02 12:36:49,240 - Ignoring file: testVariablesIntegratorGA.json
2021-02-02 12:36:49,241 - Ignoring file: testVariablesIntegratorGA_Reference.json
2021-02-02 12:36:49,241 - Ignoring file: testVariablesIntegratorInner.json
2021-02-02 12:36:49,241 - Ignoring file: testVariablesIntegratorInner_Reference.json
2021-02-02 12:36:49,241 - Ignoring file: testVariablesParkerReferenceVnV_BACKUP.json
2021-02-02 12:36:49,241 - Ignoring file: testVariablesParkerVnV_BACKUP.json
2021-02-02 12:36:49,241 - Ignoring file: testVariablesSRPNominalVnV.json
2021-02-02 12:36:49,241 - Ignoring file: testVariablesSRPZeroAreaVnV.json
2021-02-02 12:36:49,241 - 

Running application application_simulation_SSO-CHB, with json testVariablesParkerReferenceVnV.json

2021-02-02 12:36:49,246 - ===============Loading Variables From File==================
2021-02-02 12:36:49,247 - ===============Prepping Sim==================
2021-02-02 12:36:49,247 -  -- Loading spice kernels -- 
2021-02-02 12:36:49,270 -  -- Creating environment class -- 
2021-02-02 12:36:49,271 - B0 for year 2001.3 : 5.83456
2021-02-02 12:36:49,271 -  -- Creating Config class -- 
2021-02-02 12:36:49,271 -  -- Creating Guidance class -- 
2021-02-02 12:36:49,271 - Updating guidance settings
2021-02-02 12:36:49,271 -  -- Creating Propbodies class -- 
2021-02-02 12:36:49,271 - Using bodies: 
2021-02-02 12:36:49,271 - Sun
2021-02-02 12:36:49,271 - Effective SRP radiation coefficient of vehicle: 1e-20
2021-02-02 12:36:49,271 - Effective SRP reference area of vehicle       : 2e-20
2021-02-02 12:36:49,271 - Spacecraft Mass                               : 100
2021-02-02 12:36:49,271 -  -- Creating Propsettings class -- 
2021-02-02 12:36:49,271 - INITIAL EPHEMERIS YEAR: 1977
2021-02-02 12:36:49,271 - INITIAL EPHEMERIS TIME: -7.25825e+08
2021-02-02 12:36:49,271 - ====================Propagating==========================
2021-02-02 12:36:49,271 - Dependent variables being saved, output vectors contain: 
2021-02-02 12:36:49,271 - Vector entry, Vector contents
2021-02-02 12:36:49,271 - 0, Kepler elements of Vehicle w.r.t. Sun
2021-02-02 12:36:49,271 - 6, Relative distance of Vehicle w.r.t. Sun
2021-02-02 12:36:49,272 - 7, Single acceleration in inertial frame of type cannonball radiation pressure , acting on Vehicle, exerted by Sun
2021-02-02 12:36:49,296 - ====================Saving Data==========================
2021-02-02 12:36:49,297 - Saving propData
2021-02-02 12:36:49,298 - Saving magneticFieldData
2021-02-02 12:36:49,309 - Ignoring ionosphericData
2021-02-02 12:36:49,309 - Ignoring thrustData
2021-02-02 12:36:49,309 - Ignoring currentData
2021-02-02 12:36:49,309 - Ignoring currentVNVData
2021-02-02 12:36:49,309 - Saving bodyData
2021-02-02 12:36:49,320 - Ignoring dependentVariableData
2021-02-02 12:36:49,320 - Program finished 
2021-02-02 12:36:49,321 - 

Running application application_simulation_SSO-CHB, with json testVariablesParkerVnV.json

2021-02-02 12:36:49,327 - ===============Loading Variables From File==================
2021-02-02 12:36:49,327 - ===============Prepping Sim==================
2021-02-02 12:36:49,327 -  -- Loading spice kernels -- 
2021-02-02 12:36:49,349 -  -- Creating environment class -- 
2021-02-02 12:36:49,350 - B0 for year 2001.3 : 6.97219
2021-02-02 12:36:49,350 -  -- Creating Config class -- 
2021-02-02 12:36:49,350 -  -- Creating Guidance class -- 
2021-02-02 12:36:49,350 - Updating guidance settings
2021-02-02 12:36:49,350 -  -- Creating Propbodies class -- 
2021-02-02 12:36:49,350 - Using bodies: 
2021-02-02 12:36:49,350 - Sun
2021-02-02 12:36:49,350 - Effective SRP radiation coefficient of vehicle: -nan
2021-02-02 12:36:49,350 - Effective SRP reference area of vehicle       : 0
2021-02-02 12:36:49,350 - Spacecraft Mass                               : 100
2021-02-02 12:36:49,350 -  -- Creating Propsettings class -- 
2021-02-02 12:36:49,350 - INITIAL EPHEMERIS YEAR: 1977
2021-02-02 12:36:49,350 - INITIAL EPHEMERIS TIME: -7.25825e+08
2021-02-02 12:36:49,350 - ====================Propagating==========================
2021-02-02 12:36:49,350 - Dependent variables being saved, output vectors contain: 
2021-02-02 12:36:49,350 - Vector entry, Vector contents
2021-02-02 12:36:49,350 - 0, Kepler elements of Vehicle w.r.t. Sun
2021-02-02 12:36:49,350 - 6, Relative distance of Vehicle w.r.t. Sun
2021-02-02 12:36:49,350 - 7, Single acceleration in inertial frame of type cannonball radiation pressure , acting on Vehicle, exerted by Sun
2021-02-02 12:36:49,350 -  
2021-02-02 12:36:49,351 - ================================================================================
2021-02-02 12:36:49,351 -  
2021-02-02 12:36:49,351 - Toolkit version: N0066
2021-02-02 12:36:49,351 -  
2021-02-02 12:36:49,351 - SPICE(DAFNEGADDR) --
2021-02-02 12:36:49,351 -  
2021-02-02 12:36:49,351 - Negative value for BEGIN address: -2141631875
2021-02-02 12:36:49,351 -  
2021-02-02 12:36:49,351 - A traceback follows.  The name of the highest level module is first.
2021-02-02 12:36:49,351 - spkezr_c --> SPKEZR --> SPKEZ --> SPKACS --> SPKAPS --> SPKLTC --> SPKGEO -->
2021-02-02 12:36:49,351 - SPKPVN --> SPKR02 --> DAFGDA
2021-02-02 12:36:49,351 -  
2021-02-02 12:36:49,351 - Oh, by the way:  The SPICELIB error handling actions are USER-TAILORABLE.  You
2021-02-02 12:36:49,351 - can choose whether the Toolkit aborts or continues when errors occur, which
2021-02-02 12:36:49,351 - error messages to output, and where to send the output.  Please read the ERROR
2021-02-02 12:36:49,351 - "Required Reading" file, or see the routines ERRACT, ERRDEV, and ERRPRT.
2021-02-02 12:36:49,351 -  
2021-02-02 12:36:49,351 - ================================================================================
