2020-11-24 14:29:32,993 - Ignoring file: testVariablesParkerReferenceVnV.json
2020-11-24 14:29:32,994 - Ignoring file: testVariablesParkerVnV.json
2020-11-24 14:29:32,994 - 

Running application application_simulation_SSO-CHB, with json testVariablesSRPNominalVnV.json

2020-11-24 14:29:32,998 - ===============Loading Variables From File==================
2020-11-24 14:29:32,998 - ===============Prepping Sim==================
2020-11-24 14:29:32,998 -  -- Loading spice kernels -- 
2020-11-24 14:29:33,020 -  -- Creating environment class -- 
2020-11-24 14:29:33,020 - B0 for year 2001.3 : 6.97219
2020-11-24 14:29:33,020 -  -- Creating Config class -- 
2020-11-24 14:29:33,020 -  -- Creating Guidance class -- 
2020-11-24 14:29:33,020 -  -- Creating Propbodies class -- 
2020-11-24 14:29:33,020 - Using bodies: 
2020-11-24 14:29:33,020 - Sun
2020-11-24 14:29:33,020 - MEMEMEM: -1
2020-11-24 14:29:33,020 - Effective SRP radiation coefficient of vehicle: 0.5
2020-11-24 14:29:33,020 - Effective SRP reference area of vehicle       : 2.4
2020-11-24 14:29:33,020 -  -- Creating Propsettings class -- 
2020-11-24 14:29:33,020 - INITIAL EPHEMERIS YEAR: 1977
2020-11-24 14:29:33,020 - INITIAL EPHEMERIS TIME: -7.25825e+08
2020-11-24 14:29:33,021 - ====================Propagating==========================
2020-11-24 14:29:33,021 - Dependent variables being saved, output vectors contain: 
2020-11-24 14:29:33,021 - Vector entry, Vector contents
2020-11-24 14:29:33,021 - 0, Kepler elements of Vehicle w.r.t. Sun
2020-11-24 14:29:33,021 - 6, Relative distance of Vehicle w.r.t. Sun
2020-11-24 14:29:33,021 - 7, Single acceleration in inertial frame of type cannonball radiation pressure , acting on Vehicle, exerted by Sun
2020-11-24 14:29:50,269 - ====================Saving Data==========================
2020-11-24 14:29:50,300 - Saving propData
2020-11-24 14:29:50,869 - Saving magneticFieldData
2020-11-24 14:29:58,847 - Ignoring ionosphericData
2020-11-24 14:29:58,847 - Ignoring thrustData
2020-11-24 14:29:58,847 - Ignoring currentData
2020-11-24 14:29:58,847 - Saving bodyData
2020-11-24 14:30:06,977 - Ignoring dependentVariableData
2020-11-24 14:30:07,962 - 

Running application application_simulation_SSO-CHB, with json testVariablesSRPZeroAreaVnV.json

2020-11-24 14:30:07,967 - ===============Loading Variables From File==================
2020-11-24 14:30:07,967 - ===============Prepping Sim==================
2020-11-24 14:30:07,967 -  -- Loading spice kernels -- 
2020-11-24 14:30:07,987 -  -- Creating environment class -- 
2020-11-24 14:30:07,988 - B0 for year 2001.3 : 6.97219
2020-11-24 14:30:07,988 -  -- Creating Config class -- 
2020-11-24 14:30:07,988 -  -- Creating Guidance class -- 
2020-11-24 14:30:07,988 -  -- Creating Propbodies class -- 
2020-11-24 14:30:07,988 - Using bodies: 
2020-11-24 14:30:07,988 - Sun
2020-11-24 14:30:07,988 - MEMEMEM: -1
2020-11-24 14:30:07,988 - Effective SRP radiation coefficient of vehicle: 0
2020-11-24 14:30:07,988 - Effective SRP reference area of vehicle       : 5.68175e-322
2020-11-24 14:30:07,988 -  -- Creating Propsettings class -- 
2020-11-24 14:30:07,988 - INITIAL EPHEMERIS YEAR: 1977
2020-11-24 14:30:07,988 - INITIAL EPHEMERIS TIME: -7.25825e+08
2020-11-24 14:30:07,988 - ====================Propagating==========================
2020-11-24 14:30:07,988 - Dependent variables being saved, output vectors contain: 
2020-11-24 14:30:07,988 - Vector entry, Vector contents
2020-11-24 14:30:07,988 - 0, Kepler elements of Vehicle w.r.t. Sun
2020-11-24 14:30:07,989 - 6, Relative distance of Vehicle w.r.t. Sun
2020-11-24 14:30:07,989 - 7, Single acceleration in inertial frame of type cannonball radiation pressure , acting on Vehicle, exerted by Sun
2020-11-24 14:30:25,437 - ====================Saving Data==========================
2020-11-24 14:30:25,469 - Saving propData
2020-11-24 14:30:26,102 - Saving magneticFieldData
