2021-06-21 11:32:18,209 - Ignoring file: testVariablesCurrentVnV_1a.json
2021-06-21 11:32:18,210 - Ignoring file: testVariablesCurrentVnV_1b.json
2021-06-21 11:32:18,210 - Ignoring file: testVariablesCurrentVnV_2a.json
2021-06-21 11:32:18,210 - Ignoring file: testVariablesParkerReferenceVnV.json
2021-06-21 11:32:18,210 - Ignoring file: testVariablesParkerVnV.json
2021-06-21 11:32:18,210 - Ignoring file: testVariablesSRPNominalVnV.json
2021-06-21 11:32:18,210 - Ignoring file: testVariablesSRPZeroAreaVnV.json
2021-06-21 11:32:18,210 - 

Running application application_simulation_SSO-CHB, with json testVariablesIntegratorGA.json

2021-06-21 11:32:18,220 - ===============Loaded Variables From File==================
2021-06-21 11:32:18,222 - ===============Prepping Sim==================
2021-06-21 11:32:18,223 -  -- Loading spice kernels -- 
2021-06-21 11:32:23,126 -  -- Creating environment class -- 
2021-06-21 11:32:23,127 -  -- Creating Config class -- 
2021-06-21 11:32:23,127 - Problems in Config class itself
2021-06-21 11:32:23,497 - 

Running application application_simulation_SSO-CHB, with json testVariablesIntegratorGA_Reference.json

2021-06-21 11:32:23,879 - 

Running application application_simulation_SSO-CHB, with json testVariablesIntegratorInner.json

2021-06-21 11:32:24,274 - 

Running application application_simulation_SSO-CHB, with json testVariablesIntegratorInner_Reference.json

