2021-06-19 16:13:37,871 - 

Running application application_simulation_SSO-CHB, with json testVariablesCurrentVnV_1a.json

2021-06-19 16:13:37,915 - Task failed successfully
2021-06-19 16:13:37,916 - 

Running application application_simulation_SSO-CHB, with json testVariablesCurrentVnV_1b.json

2021-06-19 16:13:37,950 - Task failed successfully
2021-06-19 16:13:37,951 - 

Running application application_simulation_SSO-CHB, with json testVariablesCurrentVnV_2a.json

2021-06-19 16:13:37,986 - Task failed successfully
2021-06-19 16:13:37,986 - 

Running application application_simulation_SSO-CHB, with json testVariablesIntegratorGA.json

2021-06-19 16:13:38,194 - 

Running application application_simulation_SSO-CHB, with json testVariablesIntegratorGA_Reference.json

2021-06-19 16:13:38,288 - 

Running application application_simulation_SSO-CHB, with json testVariablesIntegratorInner.json

2021-06-19 16:13:38,415 - 

Running application application_simulation_SSO-CHB, with json testVariablesIntegratorInner_Reference.json

2021-06-19 16:13:38,524 - 

Running application application_simulation_SSO-CHB, with json testVariablesParkerReferenceVnV.json

2021-06-19 16:13:38,619 - 

Running application application_simulation_SSO-CHB, with json testVariablesParkerVnV.json

2021-06-19 16:13:38,726 - 

Running application application_simulation_SSO-CHB, with json testVariablesSRPNominalVnV.json

2021-06-19 16:13:38,819 - 

Running application application_simulation_SSO-CHB, with json testVariablesSRPZeroAreaVnV.json

