2021-06-20 17:25:12,011 - Ignoring file: testVariablesCurrentVnV_1a.json
2021-06-20 17:25:12,012 - Ignoring file: testVariablesCurrentVnV_1b.json
2021-06-20 17:25:12,012 - Ignoring file: testVariablesCurrentVnV_2a.json
2021-06-20 17:25:12,012 - Ignoring file: testVariablesParkerReferenceVnV.json
2021-06-20 17:25:12,012 - Ignoring file: testVariablesParkerVnV.json
2021-06-20 17:25:12,012 - Ignoring file: testVariablesSRPNominalVnV.json
2021-06-20 17:25:12,012 - Ignoring file: testVariablesSRPZeroAreaVnV.json
2021-06-20 17:25:12,012 - 

Running application application_simulation_SSO-CHB, with json testVariablesIntegratorGA.json

2021-06-20 17:25:12,018 - ===============Loaded Variables From File==================
2021-06-20 17:25:12,018 - ===============Prepping Sim==================
2021-06-20 17:25:12,018 -  -- Loading spice kernels -- 
2021-06-20 17:25:13,805 -  -- Creating environment class -- 
2021-06-20 17:25:13,805 -  -- Creating Config class -- 
2021-06-20 17:25:13,979 - 

Running application application_simulation_SSO-CHB, with json testVariablesIntegratorGA_Reference.json

2021-06-20 17:25:14,196 - 

Running application application_simulation_SSO-CHB, with json testVariablesIntegratorInner.json

2021-06-20 17:25:14,345 - 

Running application application_simulation_SSO-CHB, with json testVariablesIntegratorInner_Reference.json

